ERROR - 2018-07-31 11:33:58 --> Query error: ERRO:  função fc_web_produtos_permitidos_ghe(unknown, unknown) não existe
LINE 2: FROM fc_web_produtos_permitidos_ghe('01.449.930/0001-90', 'H...
             ^
HINT:  Nenhuma função corresponde com o nome e os tipos de argumentos informados. Você precisa adicionar conversões de tipo explícitas. - Invalid query: SELECT "key_produtos" AS "codigo", "key_partnumber" AS "partnumber", "unidade", "descricao", "op_ca" AS "ca", "preco"
FROM fc_web_produtos_permitidos_ghe('01.449.930/0001-90', 'HEA00004')
WHERE "descricao" LIKE  '%'
 LIMIT 10
ERROR - 2018-07-31 11:34:06 --> Query error: ERRO:  função fc_web_produtos_permitidos_ghe(unknown, unknown) não existe
LINE 2: FROM fc_web_produtos_permitidos_ghe('01.449.930/0001-90', 'H...
             ^
HINT:  Nenhuma função corresponde com o nome e os tipos de argumentos informados. Você precisa adicionar conversões de tipo explícitas. - Invalid query: SELECT "key_produtos" AS "codigo", "key_partnumber" AS "partnumber", "unidade", "descricao", "op_ca" AS "ca", "preco"
FROM fc_web_produtos_permitidos_ghe('01.449.930/0001-90', 'HEA00004')
WHERE "descricao" LIKE  '%'
 LIMIT 10
ERROR - 2018-07-31 11:34:50 --> Severity: error --> Exception: syntax error, unexpected '*', expecting end of file C:\laragon\www\webpedidos\application\config\database.php 161
ERROR - 2018-07-31 11:34:51 --> Severity: error --> Exception: syntax error, unexpected '*', expecting end of file C:\laragon\www\webpedidos\application\config\database.php 161
ERROR - 2018-07-31 11:34:51 --> Severity: error --> Exception: syntax error, unexpected '*', expecting end of file C:\laragon\www\webpedidos\application\config\database.php 161
ERROR - 2018-07-31 11:34:51 --> Severity: error --> Exception: syntax error, unexpected '*', expecting end of file C:\laragon\www\webpedidos\application\config\database.php 161
ERROR - 2018-07-31 11:34:51 --> Severity: error --> Exception: syntax error, unexpected '*', expecting end of file C:\laragon\www\webpedidos\application\config\database.php 161
ERROR - 2018-07-31 11:34:56 --> Severity: error --> Exception: syntax error, unexpected '*', expecting end of file C:\laragon\www\webpedidos\application\config\database.php 161
ERROR - 2018-07-31 11:34:56 --> Severity: error --> Exception: syntax error, unexpected '*', expecting end of file C:\laragon\www\webpedidos\application\config\database.php 161
ERROR - 2018-07-31 11:34:56 --> Severity: error --> Exception: syntax error, unexpected '*', expecting end of file C:\laragon\www\webpedidos\application\config\database.php 161
ERROR - 2018-07-31 11:34:58 --> Severity: error --> Exception: syntax error, unexpected '*', expecting end of file C:\laragon\www\webpedidos\application\config\database.php 161
ERROR - 2018-07-31 11:34:58 --> Severity: error --> Exception: syntax error, unexpected '*', expecting end of file C:\laragon\www\webpedidos\application\config\database.php 161
ERROR - 2018-07-31 11:34:58 --> Severity: error --> Exception: syntax error, unexpected '*', expecting end of file C:\laragon\www\webpedidos\application\config\database.php 161
ERROR - 2018-07-31 11:34:58 --> Severity: error --> Exception: syntax error, unexpected '*', expecting end of file C:\laragon\www\webpedidos\application\config\database.php 161
ERROR - 2018-07-31 11:34:58 --> Severity: error --> Exception: syntax error, unexpected '*', expecting end of file C:\laragon\www\webpedidos\application\config\database.php 161
ERROR - 2018-07-31 11:34:59 --> Severity: error --> Exception: syntax error, unexpected '*', expecting end of file C:\laragon\www\webpedidos\application\config\database.php 161
ERROR - 2018-07-31 11:35:36 --> Severity: error --> Exception: syntax error, unexpected '*', expecting end of file C:\laragon\www\webpedidos\application\config\database.php 161
ERROR - 2018-07-31 11:35:37 --> Severity: error --> Exception: syntax error, unexpected '*', expecting end of file C:\laragon\www\webpedidos\application\config\database.php 161
ERROR - 2018-07-31 11:35:37 --> Severity: error --> Exception: syntax error, unexpected '*', expecting end of file C:\laragon\www\webpedidos\application\config\database.php 161
ERROR - 2018-07-31 11:35:37 --> Severity: error --> Exception: syntax error, unexpected '*', expecting end of file C:\laragon\www\webpedidos\application\config\database.php 161
ERROR - 2018-07-31 11:35:37 --> Severity: error --> Exception: syntax error, unexpected '*', expecting end of file C:\laragon\www\webpedidos\application\config\database.php 161
ERROR - 2018-07-31 11:35:38 --> Severity: error --> Exception: syntax error, unexpected '*', expecting end of file C:\laragon\www\webpedidos\application\config\database.php 161
ERROR - 2018-07-31 11:35:38 --> Severity: error --> Exception: syntax error, unexpected '*', expecting end of file C:\laragon\www\webpedidos\application\config\database.php 161
ERROR - 2018-07-31 11:35:38 --> Severity: error --> Exception: syntax error, unexpected '*', expecting end of file C:\laragon\www\webpedidos\application\config\database.php 161
ERROR - 2018-07-31 11:35:38 --> Severity: error --> Exception: syntax error, unexpected '*', expecting end of file C:\laragon\www\webpedidos\application\config\database.php 161
ERROR - 2018-07-31 11:35:39 --> Severity: error --> Exception: syntax error, unexpected '*', expecting end of file C:\laragon\www\webpedidos\application\config\database.php 161
ERROR - 2018-07-31 11:35:39 --> Severity: error --> Exception: syntax error, unexpected '*', expecting end of file C:\laragon\www\webpedidos\application\config\database.php 161
ERROR - 2018-07-31 11:35:39 --> Severity: error --> Exception: syntax error, unexpected '*', expecting end of file C:\laragon\www\webpedidos\application\config\database.php 161
ERROR - 2018-07-31 11:35:39 --> Severity: error --> Exception: syntax error, unexpected '*', expecting end of file C:\laragon\www\webpedidos\application\config\database.php 161
ERROR - 2018-07-31 11:35:39 --> Severity: error --> Exception: syntax error, unexpected '*', expecting end of file C:\laragon\www\webpedidos\application\config\database.php 161
ERROR - 2018-07-31 11:35:39 --> Severity: error --> Exception: syntax error, unexpected '*', expecting end of file C:\laragon\www\webpedidos\application\config\database.php 161
ERROR - 2018-07-31 11:35:40 --> Severity: error --> Exception: syntax error, unexpected '*', expecting end of file C:\laragon\www\webpedidos\application\config\database.php 161
ERROR - 2018-07-31 11:35:41 --> Severity: error --> Exception: syntax error, unexpected '*', expecting end of file C:\laragon\www\webpedidos\application\config\database.php 161
ERROR - 2018-07-31 11:46:10 --> Query error: ERRO:  função fc_web_produtos_permitidos_ghe(unknown, unknown) não existe
LINE 2: FROM fc_web_produtos_permitidos_ghe('26.200.242/0002-01', 'W...
             ^
HINT:  Nenhuma função corresponde com o nome e os tipos de argumentos informados. Você precisa adicionar conversões de tipo explícitas. - Invalid query: SELECT "key_produtos" AS "codigo", "key_partnumber" AS "partnumber", "unidade", "descricao", "op_ca" AS "ca", "preco"
FROM fc_web_produtos_permitidos_ghe('26.200.242/0002-01', 'WP0004')
WHERE "descricao" LIKE  '%'
 LIMIT 10
ERROR - 2018-07-31 12:00:20 --> Query error: ERRO:  função fc_web_produtos_permitidos_ghe(unknown, unknown) não existe
LINE 2: FROM fc_web_produtos_permitidos_ghe('26.200.242/0002-01', 'W...
             ^
HINT:  Nenhuma função corresponde com o nome e os tipos de argumentos informados. Você precisa adicionar conversões de tipo explícitas. - Invalid query: SELECT "key_produtos" AS "codigo", "key_partnumber" AS "partnumber", "unidade", "descricao", "op_ca" AS "ca", "preco"
FROM fc_web_produtos_permitidos_ghe('26.200.242/0002-01', 'WP0004')
WHERE "descricao" LIKE  '%'
 LIMIT 10
ERROR - 2018-07-31 12:01:06 --> Query error: ERRO:  função fc_web_produtos_permitidos_ghe(unknown, unknown) não existe
LINE 2: FROM fc_web_produtos_permitidos_ghe('26.200.242/0002-01', 'W...
             ^
HINT:  Nenhuma função corresponde com o nome e os tipos de argumentos informados. Você precisa adicionar conversões de tipo explícitas. - Invalid query: SELECT "key_produtos" AS "codigo", "key_partnumber" AS "partnumber", "unidade", "descricao", "op_ca" AS "ca", "preco"
FROM fc_web_produtos_permitidos_ghe('26.200.242/0002-01', 'WP0004')
WHERE "descricao" LIKE  'BOTI%'
 LIMIT 10
ERROR - 2018-07-31 12:01:06 --> Query error: ERRO:  função fc_web_produtos_permitidos_ghe(unknown, unknown) não existe
LINE 2: FROM fc_web_produtos_permitidos_ghe('26.200.242/0002-01', 'W...
             ^
HINT:  Nenhuma função corresponde com o nome e os tipos de argumentos informados. Você precisa adicionar conversões de tipo explícitas. - Invalid query: SELECT "key_produtos" AS "codigo", "key_partnumber" AS "partnumber", "unidade", "descricao", "op_ca" AS "ca", "preco"
FROM fc_web_produtos_permitidos_ghe('26.200.242/0002-01', 'WP0004')
WHERE "descricao" LIKE  'BOTIN%'
 LIMIT 10
ERROR - 2018-07-31 12:01:06 --> Query error: ERRO:  função fc_web_produtos_permitidos_ghe(unknown, unknown) não existe
LINE 2: FROM fc_web_produtos_permitidos_ghe('26.200.242/0002-01', 'W...
             ^
HINT:  Nenhuma função corresponde com o nome e os tipos de argumentos informados. Você precisa adicionar conversões de tipo explícitas. - Invalid query: SELECT "key_produtos" AS "codigo", "key_partnumber" AS "partnumber", "unidade", "descricao", "op_ca" AS "ca", "preco"
FROM fc_web_produtos_permitidos_ghe('26.200.242/0002-01', 'WP0004')
WHERE "descricao" LIKE  'BOTIN%'
 LIMIT 10
ERROR - 2018-07-31 12:01:06 --> Query error: ERRO:  função fc_web_produtos_permitidos_ghe(unknown, unknown) não existe
LINE 2: FROM fc_web_produtos_permitidos_ghe('26.200.242/0002-01', 'W...
             ^
HINT:  Nenhuma função corresponde com o nome e os tipos de argumentos informados. Você precisa adicionar conversões de tipo explícitas. - Invalid query: SELECT "key_produtos" AS "codigo", "key_partnumber" AS "partnumber", "unidade", "descricao", "op_ca" AS "ca", "preco"
FROM fc_web_produtos_permitidos_ghe('26.200.242/0002-01', 'WP0004')
WHERE "descricao" LIKE  'BOTINA%'
 LIMIT 10
ERROR - 2018-07-31 12:01:06 --> Query error: ERRO:  função fc_web_produtos_permitidos_ghe(unknown, unknown) não existe
LINE 2: FROM fc_web_produtos_permitidos_ghe('26.200.242/0002-01', 'W...
             ^
HINT:  Nenhuma função corresponde com o nome e os tipos de argumentos informados. Você precisa adicionar conversões de tipo explícitas. - Invalid query: SELECT "key_produtos" AS "codigo", "key_partnumber" AS "partnumber", "unidade", "descricao", "op_ca" AS "ca", "preco"
FROM fc_web_produtos_permitidos_ghe('26.200.242/0002-01', 'WP0004')
WHERE "descricao" LIKE  'BOTINA%'
 LIMIT 10
ERROR - 2018-07-31 12:01:31 --> Query error: ERRO:  função fc_web_produtos_permitidos_ghe(unknown, unknown) não existe
LINE 2: FROM fc_web_produtos_permitidos_ghe('26.200.242/0002-01', 'W...
             ^
HINT:  Nenhuma função corresponde com o nome e os tipos de argumentos informados. Você precisa adicionar conversões de tipo explícitas. - Invalid query: SELECT "key_produtos" AS "codigo", "key_partnumber" AS "partnumber", "unidade", "descricao", "op_ca" AS "ca", "preco"
FROM fc_web_produtos_permitidos_ghe('26.200.242/0002-01', 'WP0004')
WHERE "descricao" LIKE  '%'
 LIMIT 10
ERROR - 2018-07-31 12:01:34 --> Query error: ERRO:  função fc_web_produtos_permitidos_ghe(unknown, unknown) não existe
LINE 2: FROM fc_web_produtos_permitidos_ghe('26.200.242/0002-01', 'W...
             ^
HINT:  Nenhuma função corresponde com o nome e os tipos de argumentos informados. Você precisa adicionar conversões de tipo explícitas. - Invalid query: SELECT "key_produtos" AS "codigo", "key_partnumber" AS "partnumber", "unidade", "descricao", "op_ca" AS "ca", "preco"
FROM fc_web_produtos_permitidos_ghe('26.200.242/0002-01', 'WP0004')
WHERE "descricao" LIKE  '107%'
 LIMIT 10
ERROR - 2018-07-31 12:01:38 --> Query error: ERRO:  função fc_web_produtos_permitidos_ghe(unknown, unknown) não existe
LINE 2: FROM fc_web_produtos_permitidos_ghe('26.200.242/0002-01', 'W...
             ^
HINT:  Nenhuma função corresponde com o nome e os tipos de argumentos informados. Você precisa adicionar conversões de tipo explícitas. - Invalid query: SELECT "key_produtos" AS "codigo", "key_partnumber" AS "partnumber", "unidade", "descricao", "op_ca" AS "ca", "preco"
FROM fc_web_produtos_permitidos_ghe('26.200.242/0002-01', 'WP0004')
WHERE "descricao" LIKE  '%'
 LIMIT 10
ERROR - 2018-07-31 12:02:07 --> Query error: ERRO:  função fc_web_produtos_permitidos_ghe(unknown, unknown) não existe
LINE 2: FROM fc_web_produtos_permitidos_ghe('26.200.242/0002-01', 'W...
             ^
HINT:  Nenhuma função corresponde com o nome e os tipos de argumentos informados. Você precisa adicionar conversões de tipo explícitas. - Invalid query: SELECT "key_produtos" AS "codigo", "key_partnumber" AS "partnumber", "unidade", "descricao", "op_ca" AS "ca", "preco"
FROM fc_web_produtos_permitidos_ghe('26.200.242/0002-01', 'WP0004')
WHERE "descricao" LIKE  '107453998%'
 LIMIT 10
ERROR - 2018-07-31 12:02:07 --> Query error: ERRO:  função fc_web_produtos_permitidos_ghe(unknown, unknown) não existe
LINE 2: FROM fc_web_produtos_permitidos_ghe('26.200.242/0002-01', 'W...
             ^
HINT:  Nenhuma função corresponde com o nome e os tipos de argumentos informados. Você precisa adicionar conversões de tipo explícitas. - Invalid query: SELECT "key_produtos" AS "codigo", "key_partnumber" AS "partnumber", "unidade", "descricao", "op_ca" AS "ca", "preco"
FROM fc_web_produtos_permitidos_ghe('26.200.242/0002-01', 'WP0004')
WHERE "descricao" LIKE  '107453998%'
 LIMIT 10
ERROR - 2018-07-31 12:02:09 --> Query error: ERRO:  função fc_web_produtos_permitidos_ghe(unknown, unknown) não existe
LINE 2: FROM fc_web_produtos_permitidos_ghe('26.200.242/0002-01', 'W...
             ^
HINT:  Nenhuma função corresponde com o nome e os tipos de argumentos informados. Você precisa adicionar conversões de tipo explícitas. - Invalid query: SELECT "key_produtos" AS "codigo", "key_partnumber" AS "partnumber", "unidade", "descricao", "op_ca" AS "ca", "preco"
FROM fc_web_produtos_permitidos_ghe('26.200.242/0002-01', 'WP0004')
WHERE "descricao" LIKE  '107453998%'
 LIMIT 10
ERROR - 2018-07-31 12:02:34 --> Query error: ERRO:  função fc_web_produtos_permitidos_ghe(unknown, unknown) não existe
LINE 2: FROM fc_web_produtos_permitidos_ghe('26.200.242/0002-01', 'W...
             ^
HINT:  Nenhuma função corresponde com o nome e os tipos de argumentos informados. Você precisa adicionar conversões de tipo explícitas. - Invalid query: SELECT "key_produtos" AS "codigo", "key_partnumber" AS "partnumber", "unidade", "descricao", "op_ca" AS "ca", "preco"
FROM fc_web_produtos_permitidos_ghe('26.200.242/0002-01', 'WP0004')
WHERE "descricao" LIKE  '000019%'
 LIMIT 10
ERROR - 2018-07-31 12:02:34 --> Query error: ERRO:  função fc_web_produtos_permitidos_ghe(unknown, unknown) não existe
LINE 2: FROM fc_web_produtos_permitidos_ghe('26.200.242/0002-01', 'W...
             ^
HINT:  Nenhuma função corresponde com o nome e os tipos de argumentos informados. Você precisa adicionar conversões de tipo explícitas. - Invalid query: SELECT "key_produtos" AS "codigo", "key_partnumber" AS "partnumber", "unidade", "descricao", "op_ca" AS "ca", "preco"
FROM fc_web_produtos_permitidos_ghe('26.200.242/0002-01', 'WP0004')
WHERE "descricao" LIKE  '000019%'
 LIMIT 10
ERROR - 2018-07-31 12:02:34 --> Query error: ERRO:  função fc_web_produtos_permitidos_ghe(unknown, unknown) não existe
LINE 2: FROM fc_web_produtos_permitidos_ghe('26.200.242/0002-01', 'W...
             ^
HINT:  Nenhuma função corresponde com o nome e os tipos de argumentos informados. Você precisa adicionar conversões de tipo explícitas. - Invalid query: SELECT "key_produtos" AS "codigo", "key_partnumber" AS "partnumber", "unidade", "descricao", "op_ca" AS "ca", "preco"
FROM fc_web_produtos_permitidos_ghe('26.200.242/0002-01', 'WP0004')
WHERE "descricao" LIKE  '000019%'
 LIMIT 10
ERROR - 2018-07-31 12:03:49 --> Query error: ERRO:  função fc_web_produtos_permitidos_ghe(unknown, unknown) não existe
LINE 2: FROM fc_web_produtos_permitidos_ghe('26.200.242/0002-01', 'W...
             ^
HINT:  Nenhuma função corresponde com o nome e os tipos de argumentos informados. Você precisa adicionar conversões de tipo explícitas. - Invalid query: SELECT "key_produtos" AS "codigo", "key_partnumber" AS "partnumber", "unidade", "descricao", "op_ca" AS "ca", "preco"
FROM fc_web_produtos_permitidos_ghe('26.200.242/0002-01', 'WP0004')
WHERE "descricao" LIKE  'BOTINA B.ACO SOL.PU BI ELASTICO N38%'
 LIMIT 10
ERROR - 2018-07-31 12:03:50 --> Query error: ERRO:  função fc_web_produtos_permitidos_ghe(unknown, unknown) não existe
LINE 2: FROM fc_web_produtos_permitidos_ghe('26.200.242/0002-01', 'W...
             ^
HINT:  Nenhuma função corresponde com o nome e os tipos de argumentos informados. Você precisa adicionar conversões de tipo explícitas. - Invalid query: SELECT "key_produtos" AS "codigo", "key_partnumber" AS "partnumber", "unidade", "descricao", "op_ca" AS "ca", "preco"
FROM fc_web_produtos_permitidos_ghe('26.200.242/0002-01', 'WP0004')
WHERE "descricao" LIKE  'BOTINA B.ACO SOL.PU BI ELASTICO N38%'
 LIMIT 10
ERROR - 2018-07-31 12:03:50 --> Query error: ERRO:  função fc_web_produtos_permitidos_ghe(unknown, unknown) não existe
LINE 2: FROM fc_web_produtos_permitidos_ghe('26.200.242/0002-01', 'W...
             ^
HINT:  Nenhuma função corresponde com o nome e os tipos de argumentos informados. Você precisa adicionar conversões de tipo explícitas. - Invalid query: SELECT "key_produtos" AS "codigo", "key_partnumber" AS "partnumber", "unidade", "descricao", "op_ca" AS "ca", "preco"
FROM fc_web_produtos_permitidos_ghe('26.200.242/0002-01', 'WP0004')
WHERE "descricao" LIKE  'BOTINA B.ACO SOL.PU BI ELASTICO N38%'
 LIMIT 10
ERROR - 2018-07-31 12:04:16 --> Query error: ERRO:  função fc_web_produtos_permitidos_ghe(unknown, unknown) não existe
LINE 2: FROM fc_web_produtos_permitidos_ghe('26.200.242/0002-01', 'W...
             ^
HINT:  Nenhuma função corresponde com o nome e os tipos de argumentos informados. Você precisa adicionar conversões de tipo explícitas. - Invalid query: SELECT "key_produtos" AS "codigo", "key_partnumber" AS "partnumber", "unidade", "descricao", "op_ca" AS "ca", "preco"
FROM fc_web_produtos_permitidos_ghe('26.200.242/0002-01', 'WP0004')
WHERE "descricao" LIKE  'BOTINA B.ACO SOL.PU BI ELASTICO N38%'
 LIMIT 10
ERROR - 2018-07-31 12:05:19 --> Query error: ERRO:  função fc_web_produtos_permitidos_ghe(unknown, unknown) não existe
LINE 2: FROM fc_web_produtos_permitidos_ghe('26.200.242/0002-01', 'W...
             ^
HINT:  Nenhuma função corresponde com o nome e os tipos de argumentos informados. Você precisa adicionar conversões de tipo explícitas. - Invalid query: SELECT "key_produtos" AS "codigo", "key_partnumber" AS "partnumber", "unidade", "descricao", "op_ca" AS "ca", "preco"
FROM fc_web_produtos_permitidos_ghe('26.200.242/0002-01', 'WP0004')
WHERE "descricao" LIKE  'BOTINA B.ACO SOL.PU BI ELASTICO N38%'
 LIMIT 10
ERROR - 2018-07-31 12:18:10 --> Query error: ERRO:  função fc_web_produtos_permitidos_ghe(unknown, unknown) não existe
LINE 2: FROM fc_web_produtos_permitidos_ghe('26.200.242/0002-01', 'W...
             ^
HINT:  Nenhuma função corresponde com o nome e os tipos de argumentos informados. Você precisa adicionar conversões de tipo explícitas. - Invalid query: SELECT "key_produtos" AS "codigo", "key_partnumber" AS "partnumber", "unidade", "descricao", "op_ca" AS "ca", "preco"
FROM fc_web_produtos_permitidos_ghe('26.200.242/0002-01', 'WP0004')
WHERE "descricao" LIKE  'BOTINA B.ACO SOL.PU BI ELASTICO N38%'
 LIMIT 10
ERROR - 2018-07-31 12:18:10 --> Query error: ERRO:  função fc_web_produtos_permitidos_ghe(unknown, unknown) não existe
LINE 2: FROM fc_web_produtos_permitidos_ghe('26.200.242/0002-01', 'W...
             ^
HINT:  Nenhuma função corresponde com o nome e os tipos de argumentos informados. Você precisa adicionar conversões de tipo explícitas. - Invalid query: SELECT "key_produtos" AS "codigo", "key_partnumber" AS "partnumber", "unidade", "descricao", "op_ca" AS "ca", "preco"
FROM fc_web_produtos_permitidos_ghe('26.200.242/0002-01', 'WP0004')
WHERE "descricao" LIKE  '471C FITA RL BRANCA 100MMX30M%'
 LIMIT 10
ERROR - 2018-07-31 12:18:10 --> Query error: ERRO:  função fc_web_produtos_permitidos_ghe(unknown, unknown) não existe
LINE 2: FROM fc_web_produtos_permitidos_ghe('26.200.242/0002-01', 'W...
             ^
HINT:  Nenhuma função corresponde com o nome e os tipos de argumentos informados. Você precisa adicionar conversões de tipo explícitas. - Invalid query: SELECT "key_produtos" AS "codigo", "key_partnumber" AS "partnumber", "unidade", "descricao", "op_ca" AS "ca", "preco"
FROM fc_web_produtos_permitidos_ghe('26.200.242/0002-01', 'WP0004')
WHERE "descricao" LIKE  '471C FITA RL BRANCA 100MMX30M%'
 LIMIT 10
ERROR - 2018-07-31 12:18:11 --> Query error: ERRO:  função fc_web_produtos_permitidos_ghe(unknown, unknown) não existe
LINE 2: FROM fc_web_produtos_permitidos_ghe('26.200.242/0002-01', 'W...
             ^
HINT:  Nenhuma função corresponde com o nome e os tipos de argumentos informados. Você precisa adicionar conversões de tipo explícitas. - Invalid query: SELECT "key_produtos" AS "codigo", "key_partnumber" AS "partnumber", "unidade", "descricao", "op_ca" AS "ca", "preco"
FROM fc_web_produtos_permitidos_ghe('26.200.242/0002-01', 'WP0004')
WHERE "descricao" LIKE  '471C FITA RL BRANCA 100MMX30M%'
 LIMIT 10
ERROR - 2018-07-31 12:18:14 --> Query error: ERRO:  função fc_web_produtos_permitidos_ghe(unknown, unknown) não existe
LINE 2: FROM fc_web_produtos_permitidos_ghe('26.200.242/0002-01', 'W...
             ^
HINT:  Nenhuma função corresponde com o nome e os tipos de argumentos informados. Você precisa adicionar conversões de tipo explícitas. - Invalid query: SELECT "key_produtos" AS "codigo", "key_partnumber" AS "partnumber", "unidade", "descricao", "op_ca" AS "ca", "preco"
FROM fc_web_produtos_permitidos_ghe('26.200.242/0002-01', 'WP0004')
WHERE "descricao" LIKE  '471C FITA RL BRANCA 100MMX30M%'
 LIMIT 10
ERROR - 2018-07-31 12:18:14 --> Query error: ERRO:  função fc_web_produtos_permitidos_ghe(unknown, unknown) não existe
LINE 2: FROM fc_web_produtos_permitidos_ghe('26.200.242/0002-01', 'W...
             ^
HINT:  Nenhuma função corresponde com o nome e os tipos de argumentos informados. Você precisa adicionar conversões de tipo explícitas. - Invalid query: SELECT "key_produtos" AS "codigo", "key_partnumber" AS "partnumber", "unidade", "descricao", "op_ca" AS "ca", "preco"
FROM fc_web_produtos_permitidos_ghe('26.200.242/0002-01', 'WP0004')
WHERE "descricao" LIKE  '471C FITA RL BRANCA 100MMX30M%'
 LIMIT 10
ERROR - 2018-07-31 12:18:15 --> Query error: ERRO:  função fc_web_produtos_permitidos_ghe(unknown, unknown) não existe
LINE 2: FROM fc_web_produtos_permitidos_ghe('26.200.242/0002-01', 'W...
             ^
HINT:  Nenhuma função corresponde com o nome e os tipos de argumentos informados. Você precisa adicionar conversões de tipo explícitas. - Invalid query: SELECT "key_produtos" AS "codigo", "key_partnumber" AS "partnumber", "unidade", "descricao", "op_ca" AS "ca", "preco"
FROM fc_web_produtos_permitidos_ghe('26.200.242/0002-01', 'WP0004')
WHERE "descricao" LIKE  '471C FITA RL BRANCA 100MMX30M%'
 LIMIT 10
ERROR - 2018-07-31 12:18:26 --> Query error: ERRO:  função fc_web_produtos_permitidos_ghe(unknown, unknown) não existe
LINE 2: FROM fc_web_produtos_permitidos_ghe('26.200.242/0002-01', 'W...
             ^
HINT:  Nenhuma função corresponde com o nome e os tipos de argumentos informados. Você precisa adicionar conversões de tipo explícitas. - Invalid query: SELECT "key_produtos" AS "codigo", "key_partnumber" AS "partnumber", "unidade", "descricao", "op_ca" AS "ca", "preco"
FROM fc_web_produtos_permitidos_ghe('26.200.242/0002-01', 'WP0004')
WHERE "descricao" LIKE  '471C FITA RL BRANCA 100MMX30M%'
 LIMIT 10
ERROR - 2018-07-31 12:18:26 --> Query error: ERRO:  função fc_web_produtos_permitidos_ghe(unknown, unknown) não existe
LINE 2: FROM fc_web_produtos_permitidos_ghe('26.200.242/0002-01', 'W...
             ^
HINT:  Nenhuma função corresponde com o nome e os tipos de argumentos informados. Você precisa adicionar conversões de tipo explícitas. - Invalid query: SELECT "key_produtos" AS "codigo", "key_partnumber" AS "partnumber", "unidade", "descricao", "op_ca" AS "ca", "preco"
FROM fc_web_produtos_permitidos_ghe('26.200.242/0002-01', 'WP0004')
WHERE "descricao" LIKE  '471C FITA RL BRANCA 100MMX30M%'
 LIMIT 10
ERROR - 2018-07-31 12:18:26 --> Query error: ERRO:  função fc_web_produtos_permitidos_ghe(unknown, unknown) não existe
LINE 2: FROM fc_web_produtos_permitidos_ghe('26.200.242/0002-01', 'W...
             ^
HINT:  Nenhuma função corresponde com o nome e os tipos de argumentos informados. Você precisa adicionar conversões de tipo explícitas. - Invalid query: SELECT "key_produtos" AS "codigo", "key_partnumber" AS "partnumber", "unidade", "descricao", "op_ca" AS "ca", "preco"
FROM fc_web_produtos_permitidos_ghe('26.200.242/0002-01', 'WP0004')
WHERE "descricao" LIKE  '471C FITA RL BRANCA 100MMX30M%'
 LIMIT 10
ERROR - 2018-07-31 12:18:27 --> Query error: ERRO:  função fc_web_produtos_permitidos_ghe(unknown, unknown) não existe
LINE 2: FROM fc_web_produtos_permitidos_ghe('26.200.242/0002-01', 'W...
             ^
HINT:  Nenhuma função corresponde com o nome e os tipos de argumentos informados. Você precisa adicionar conversões de tipo explícitas. - Invalid query: SELECT "key_produtos" AS "codigo", "key_partnumber" AS "partnumber", "unidade", "descricao", "op_ca" AS "ca", "preco"
FROM fc_web_produtos_permitidos_ghe('26.200.242/0002-01', 'WP0004')
WHERE "descricao" LIKE  '471C FITA RL BRANCA 100MMX30M%'
 LIMIT 10
