ERROR - 2019-11-08 12:21:03 --> 404 Page Not Found: Assets/js
ERROR - 2019-11-08 12:21:03 --> 404 Page Not Found: Assets/js
ERROR - 2019-11-08 12:21:10 --> Query error: ERRO:  tipo de retorno não corresponde com o que foi declarado record na função
DETAIL:  Último comando retornou integer ao invés de text na coluna 6.
CONTEXT:  função SQL "fc_web_produtos_permitidos_ghe" durante inicialização - Invalid query: SELECT *
FROM fc_web_produtos_permitidos_ghe('44.013.159/0031-31', '75000318')
WHERE "descricao" LIKE  '%'
ERROR - 2019-11-08 12:23:55 --> 404 Page Not Found: Assets/js
ERROR - 2019-11-08 12:23:55 --> 404 Page Not Found: Assets/js
ERROR - 2019-11-08 12:23:57 --> 404 Page Not Found: Assets/js
ERROR - 2019-11-08 12:23:57 --> 404 Page Not Found: Assets/js
ERROR - 2019-11-08 12:24:13 --> 404 Page Not Found: Assets/images
ERROR - 2019-11-08 12:24:13 --> 404 Page Not Found: Assets/images
ERROR - 2019-11-08 12:24:13 --> 404 Page Not Found: Assets/images
ERROR - 2019-11-08 12:24:13 --> 404 Page Not Found: Assets/images
ERROR - 2019-11-08 12:24:16 --> 404 Page Not Found: Assets/images
ERROR - 2019-11-08 12:24:16 --> 404 Page Not Found: Assets/images
ERROR - 2019-11-08 12:24:20 --> 404 Page Not Found: Assets/images
ERROR - 2019-11-08 12:24:20 --> 404 Page Not Found: Assets/images
ERROR - 2019-11-08 12:24:25 --> 404 Page Not Found: Assets/js
ERROR - 2019-11-08 12:24:25 --> 404 Page Not Found: Assets/js
ERROR - 2019-11-08 12:28:35 --> 404 Page Not Found: Assets/js
ERROR - 2019-11-08 12:28:35 --> 404 Page Not Found: Assets/js
ERROR - 2019-11-08 12:28:56 --> 404 Page Not Found: Assets/images
ERROR - 2019-11-08 12:28:57 --> 404 Page Not Found: Assets/images
ERROR - 2019-11-08 12:28:57 --> 404 Page Not Found: Assets/images
ERROR - 2019-11-08 12:28:57 --> 404 Page Not Found: Assets/images
ERROR - 2019-11-08 12:28:59 --> 404 Page Not Found: Assets/images
ERROR - 2019-11-08 12:28:59 --> 404 Page Not Found: Assets/images
ERROR - 2019-11-08 12:28:59 --> 404 Page Not Found: Assets/images
ERROR - 2019-11-08 12:29:00 --> 404 Page Not Found: Assets/images
ERROR - 2019-11-08 12:29:00 --> 404 Page Not Found: Assets/images
ERROR - 2019-11-08 12:29:01 --> 404 Page Not Found: Assets/images
ERROR - 2019-11-08 12:29:02 --> 404 Page Not Found: Assets/images
ERROR - 2019-11-08 12:29:02 --> 404 Page Not Found: Assets/images
ERROR - 2019-11-08 12:29:02 --> 404 Page Not Found: Assets/images
ERROR - 2019-11-08 12:29:02 --> 404 Page Not Found: Assets/images
ERROR - 2019-11-08 12:29:04 --> 404 Page Not Found: Assets/images
ERROR - 2019-11-08 14:29:56 --> 404 Page Not Found: Assets/js
ERROR - 2019-11-08 14:29:56 --> 404 Page Not Found: Assets/js
ERROR - 2019-11-08 14:30:12 --> 404 Page Not Found: Assets/js
ERROR - 2019-11-08 14:30:12 --> 404 Page Not Found: Assets/js
ERROR - 2019-11-08 14:30:17 --> 404 Page Not Found: Assets/js
ERROR - 2019-11-08 14:30:17 --> 404 Page Not Found: Assets/js
ERROR - 2019-11-08 14:30:31 --> 404 Page Not Found: Assets/js
ERROR - 2019-11-08 14:30:31 --> 404 Page Not Found: Assets/js
ERROR - 2019-11-08 14:30:43 --> 404 Page Not Found: Assets/images
ERROR - 2019-11-08 14:30:43 --> 404 Page Not Found: Assets/images
ERROR - 2019-11-08 14:30:43 --> 404 Page Not Found: Assets/images
ERROR - 2019-11-08 14:30:43 --> 404 Page Not Found: Assets/images
ERROR - 2019-11-08 14:30:43 --> 404 Page Not Found: Assets/images
ERROR - 2019-11-08 14:30:43 --> 404 Page Not Found: Assets/images
ERROR - 2019-11-08 14:30:43 --> 404 Page Not Found: Assets/images
ERROR - 2019-11-08 14:30:43 --> 404 Page Not Found: Assets/images
ERROR - 2019-11-08 14:30:43 --> 404 Page Not Found: Assets/images
ERROR - 2019-11-08 14:30:43 --> 404 Page Not Found: Assets/images
ERROR - 2019-11-08 14:30:43 --> 404 Page Not Found: Assets/images
ERROR - 2019-11-08 14:30:44 --> 404 Page Not Found: Assets/images
ERROR - 2019-11-08 14:30:44 --> 404 Page Not Found: Assets/images
ERROR - 2019-11-08 14:30:44 --> 404 Page Not Found: Assets/images
ERROR - 2019-11-08 14:30:57 --> 404 Page Not Found: Assets/js
ERROR - 2019-11-08 14:30:57 --> 404 Page Not Found: Assets/js
ERROR - 2019-11-08 14:31:30 --> 404 Page Not Found: Assets/js
ERROR - 2019-11-08 14:31:30 --> 404 Page Not Found: Assets/js
ERROR - 2019-11-08 14:31:56 --> 404 Page Not Found: Assets/images
ERROR - 2019-11-08 14:31:56 --> 404 Page Not Found: Assets/images
ERROR - 2019-11-08 14:31:56 --> 404 Page Not Found: Assets/images
ERROR - 2019-11-08 14:32:00 --> 404 Page Not Found: Assets/images
ERROR - 2019-11-08 14:32:00 --> 404 Page Not Found: Assets/images
ERROR - 2019-11-08 14:32:00 --> 404 Page Not Found: Assets/images
ERROR - 2019-11-08 14:32:01 --> 404 Page Not Found: Assets/images
ERROR - 2019-11-08 14:32:01 --> 404 Page Not Found: Assets/images
ERROR - 2019-11-08 14:32:10 --> Query error: ERRO:  sintaxe de entrada é inválida para integer: "1a3afe35-63f0-4076-adfa-49c9d36bf52d"
LINE 1: ..."obs", "id_centro_custo", "id_depto") VALUES (16, '1a3afe35-...
                                                             ^ - Invalid query: INSERT INTO "templates" ("numero", "key_usuario", "key_clientes", "descricao", "obs", "id_centro_custo", "id_depto") VALUES (16, '1a3afe35-63f0-4076-adfa-49c9d36bf52d', '44.013.159/0001-16', 'TEMP_ NAT', '', '75000091', '44.013.159/0001-16')
ERROR - 2019-11-08 14:42:50 --> Query error: ERRO:  sintaxe de entrada é inválida para integer: "1a3afe35-63f0-4076-adfa-49c9d36bf52d"
LINE 1: ..."obs", "id_centro_custo", "id_depto") VALUES (17, '1a3afe35-...
                                                             ^ - Invalid query: INSERT INTO "templates" ("numero", "key_usuario", "key_clientes", "descricao", "obs", "id_centro_custo", "id_depto") VALUES (17, '1a3afe35-63f0-4076-adfa-49c9d36bf52d', '44.013.159/0001-16', 'TEMP_ NAT', '', '75000091', '44.013.159/0001-16')
ERROR - 2019-11-08 15:16:15 --> Severity: Warning --> Creating default object from empty value C:\wamp64\www\webpedidos\application\controllers\notificacao\Notificacao.php 77
ERROR - 2019-11-08 15:16:15 --> Severity: Warning --> Creating default object from empty value C:\wamp64\www\webpedidos\application\controllers\notificacao\Notificacao.php 78
ERROR - 2019-11-08 15:16:32 --> Query error: ERRO:  duplicar valor da chave viola a restrição de unicidade "web_mensagens_unique"
DETAIL:  Chave (empresasiteid, dtpublicacao)=(2, 2019-11-08) já existe. - Invalid query: INSERT INTO "web_mensagens" ("empresasiteid", "dtpublicacao", "dtexpiracao", "mensagem") VALUES (2, '08/11/19', '08/12/2019', 'FSDFSDF')
ERROR - 2019-11-08 15:28:54 --> Query error: ERRO:  duplicar valor da chave viola a restrição de unicidade "web_mensagens_unique"
DETAIL:  Chave (empresasiteid, dtpublicacao)=(2, 2019-11-08) já existe. - Invalid query: INSERT INTO "web_mensagens" ("empresasiteid", "dtpublicacao", "dtexpiracao", "mensagem") VALUES (2, '08/11/19', '08/12/2019', 'FSDFSDF')
ERROR - 2019-11-08 15:30:38 --> Query error: ERRO:  duplicar valor da chave viola a restrição de unicidade "web_mensagens_unique"
DETAIL:  Chave (empresasiteid, dtpublicacao)=(2, 2019-11-08) já existe. - Invalid query: INSERT INTO "web_mensagens" ("empresasiteid", "dtpublicacao", "dtexpiracao", "mensagem") VALUES (2, '08/11/19', '08/12/2019', 'FSDFSDF')
ERROR - 2019-11-08 15:31:35 --> Query error: ERRO:  duplicar valor da chave viola a restrição de unicidade "web_mensagens_unique"
DETAIL:  Chave (empresasiteid, dtpublicacao)=(2, 2019-11-08) já existe. - Invalid query: INSERT INTO "web_mensagens" ("empresasiteid", "dtpublicacao", "dtexpiracao", "mensagem") VALUES (2, '08/11/19', '08/12/2019', 'DDDDDDD')
ERROR - 2019-11-08 15:53:26 --> 404 Page Not Found: Assets/images
ERROR - 2019-11-08 15:53:26 --> 404 Page Not Found: Assets/images
ERROR - 2019-11-08 15:53:26 --> 404 Page Not Found: Assets/images
ERROR - 2019-11-08 15:53:26 --> 404 Page Not Found: Assets/images
ERROR - 2019-11-08 15:53:26 --> 404 Page Not Found: Assets/images
ERROR - 2019-11-08 15:53:26 --> 404 Page Not Found: Assets/images
ERROR - 2019-11-08 15:53:27 --> 404 Page Not Found: Assets/images
ERROR - 2019-11-08 15:53:27 --> 404 Page Not Found: Assets/images
ERROR - 2019-11-08 15:55:16 --> 404 Page Not Found: Assets/js
ERROR - 2019-11-08 15:55:16 --> 404 Page Not Found: Assets/js
ERROR - 2019-11-08 15:55:34 --> 404 Page Not Found: Assets/js
ERROR - 2019-11-08 15:55:34 --> 404 Page Not Found: Assets/js
ERROR - 2019-11-08 15:55:47 --> 404 Page Not Found: Assets/js
ERROR - 2019-11-08 15:55:47 --> 404 Page Not Found: Assets/js
ERROR - 2019-11-08 15:56:12 --> 404 Page Not Found: Assets/js
ERROR - 2019-11-08 15:56:12 --> 404 Page Not Found: Assets/js
ERROR - 2019-11-08 15:56:24 --> 404 Page Not Found: Assets/images
ERROR - 2019-11-08 15:56:24 --> 404 Page Not Found: Assets/images
ERROR - 2019-11-08 15:56:24 --> 404 Page Not Found: Assets/images
ERROR - 2019-11-08 15:56:40 --> 404 Page Not Found: Assets/images
ERROR - 2019-11-08 15:56:40 --> 404 Page Not Found: Assets/images
ERROR - 2019-11-08 15:56:40 --> 404 Page Not Found: Assets/images
ERROR - 2019-11-08 15:56:40 --> 404 Page Not Found: Assets/images
ERROR - 2019-11-08 15:56:40 --> 404 Page Not Found: Assets/images
ERROR - 2019-11-08 16:21:05 --> 404 Page Not Found: Assets/js
ERROR - 2019-11-08 16:21:05 --> 404 Page Not Found: Assets/js
ERROR - 2019-11-08 16:21:26 --> 404 Page Not Found: Assets/js
ERROR - 2019-11-08 16:21:26 --> 404 Page Not Found: Assets/js
ERROR - 2019-11-08 16:21:42 --> 404 Page Not Found: Assets/images
ERROR - 2019-11-08 16:21:42 --> 404 Page Not Found: Assets/images
ERROR - 2019-11-08 16:21:42 --> 404 Page Not Found: Assets/images
ERROR - 2019-11-08 16:21:42 --> 404 Page Not Found: Assets/images
ERROR - 2019-11-08 16:21:58 --> 404 Page Not Found: Assets/js
ERROR - 2019-11-08 16:21:58 --> 404 Page Not Found: Assets/js
ERROR - 2019-11-08 16:25:41 --> 404 Page Not Found: Assets/js
ERROR - 2019-11-08 16:25:41 --> 404 Page Not Found: Assets/js
ERROR - 2019-11-08 16:26:01 --> 404 Page Not Found: Assets/images
ERROR - 2019-11-08 16:26:01 --> 404 Page Not Found: Assets/images
ERROR - 2019-11-08 16:26:01 --> 404 Page Not Found: Assets/images
ERROR - 2019-11-08 16:26:01 --> 404 Page Not Found: Assets/images
ERROR - 2019-11-08 16:26:01 --> 404 Page Not Found: Assets/images
ERROR - 2019-11-08 16:26:01 --> 404 Page Not Found: Assets/images
ERROR - 2019-11-08 16:26:01 --> 404 Page Not Found: Assets/images
ERROR - 2019-11-08 16:26:43 --> 404 Page Not Found: Assets/js
ERROR - 2019-11-08 16:26:43 --> 404 Page Not Found: Assets/js
ERROR - 2019-11-08 16:27:13 --> 404 Page Not Found: Assets/js
ERROR - 2019-11-08 16:27:13 --> 404 Page Not Found: Assets/js
ERROR - 2019-11-08 16:27:44 --> 404 Page Not Found: Assets/images
ERROR - 2019-11-08 16:27:44 --> 404 Page Not Found: Assets/images
ERROR - 2019-11-08 16:27:44 --> 404 Page Not Found: Assets/images
ERROR - 2019-11-08 16:29:43 --> 404 Page Not Found: Assets/js
ERROR - 2019-11-08 16:29:43 --> 404 Page Not Found: Assets/js
ERROR - 2019-11-08 16:29:50 --> 404 Page Not Found: Assets/images
ERROR - 2019-11-08 16:29:50 --> 404 Page Not Found: Assets/images
ERROR - 2019-11-08 16:29:50 --> 404 Page Not Found: Assets/images
ERROR - 2019-11-08 16:30:01 --> 404 Page Not Found: Assets/js
ERROR - 2019-11-08 16:30:01 --> 404 Page Not Found: Assets/js
ERROR - 2019-11-08 20:17:03 --> 404 Page Not Found: Assets/js
ERROR - 2019-11-08 20:17:03 --> 404 Page Not Found: Assets/js
ERROR - 2019-11-08 20:17:11 --> 404 Page Not Found: Assets/js
ERROR - 2019-11-08 20:17:11 --> 404 Page Not Found: Assets/js
ERROR - 2019-11-08 20:19:17 --> 404 Page Not Found: Assets/js
ERROR - 2019-11-08 20:19:17 --> 404 Page Not Found: Assets/js
ERROR - 2019-11-08 20:19:48 --> 404 Page Not Found: Assets/images
ERROR - 2019-11-08 20:19:48 --> 404 Page Not Found: Assets/images
ERROR - 2019-11-08 20:19:48 --> 404 Page Not Found: Assets/images
ERROR - 2019-11-08 20:24:36 --> 404 Page Not Found: Assets/js
ERROR - 2019-11-08 20:24:36 --> 404 Page Not Found: Assets/js
ERROR - 2019-11-08 20:25:28 --> 404 Page Not Found: Assets/js
ERROR - 2019-11-08 20:25:28 --> 404 Page Not Found: Assets/js
ERROR - 2019-11-08 20:25:59 --> 404 Page Not Found: Assets/images
ERROR - 2019-11-08 20:25:59 --> 404 Page Not Found: Assets/images
ERROR - 2019-11-08 20:26:00 --> 404 Page Not Found: Assets/images
ERROR - 2019-11-08 20:26:00 --> 404 Page Not Found: Assets/images
ERROR - 2019-11-08 20:26:00 --> 404 Page Not Found: Assets/images
ERROR - 2019-11-08 20:26:00 --> 404 Page Not Found: Assets/images
ERROR - 2019-11-08 20:26:00 --> 404 Page Not Found: Assets/images
ERROR - 2019-11-08 20:26:00 --> 404 Page Not Found: Assets/images
ERROR - 2019-11-08 20:26:00 --> 404 Page Not Found: Assets/images
ERROR - 2019-11-08 20:26:11 --> 404 Page Not Found: Assets/images
ERROR - 2019-11-08 20:26:11 --> 404 Page Not Found: Assets/images
ERROR - 2019-11-08 20:26:11 --> 404 Page Not Found: Assets/images
ERROR - 2019-11-08 20:26:11 --> 404 Page Not Found: Assets/images
ERROR - 2019-11-08 20:26:11 --> 404 Page Not Found: Assets/images
ERROR - 2019-11-08 20:26:11 --> 404 Page Not Found: Assets/images
ERROR - 2019-11-08 20:26:11 --> 404 Page Not Found: Assets/images
ERROR - 2019-11-08 20:26:11 --> 404 Page Not Found: Assets/images
ERROR - 2019-11-08 20:26:11 --> 404 Page Not Found: Assets/images
ERROR - 2019-11-08 20:26:50 --> 404 Page Not Found: Assets/js
ERROR - 2019-11-08 20:26:50 --> 404 Page Not Found: Assets/js
ERROR - 2019-11-08 20:27:39 --> 404 Page Not Found: Assets/js
ERROR - 2019-11-08 20:27:39 --> 404 Page Not Found: Assets/js
ERROR - 2019-11-08 20:28:28 --> 404 Page Not Found: Assets/js
ERROR - 2019-11-08 20:28:28 --> 404 Page Not Found: Assets/js
ERROR - 2019-11-08 20:28:44 --> 404 Page Not Found: Assets/js
ERROR - 2019-11-08 20:28:44 --> 404 Page Not Found: Assets/js
ERROR - 2019-11-08 20:29:15 --> 404 Page Not Found: Assets/js
ERROR - 2019-11-08 20:29:15 --> 404 Page Not Found: Assets/js
ERROR - 2019-11-08 20:29:46 --> 404 Page Not Found: Assets/js
ERROR - 2019-11-08 20:29:46 --> 404 Page Not Found: Assets/js
ERROR - 2019-11-08 20:30:27 --> 404 Page Not Found: Assets/images
ERROR - 2019-11-08 20:30:27 --> 404 Page Not Found: Assets/images
ERROR - 2019-11-08 20:30:27 --> 404 Page Not Found: Assets/images
ERROR - 2019-11-08 20:30:27 --> 404 Page Not Found: Assets/images
ERROR - 2019-11-08 20:30:27 --> 404 Page Not Found: Assets/images
ERROR - 2019-11-08 20:30:27 --> 404 Page Not Found: Assets/images
ERROR - 2019-11-08 20:30:27 --> 404 Page Not Found: Assets/images
ERROR - 2019-11-08 20:30:27 --> 404 Page Not Found: Assets/images
ERROR - 2019-11-08 20:30:27 --> 404 Page Not Found: Assets/images
ERROR - 2019-11-08 20:30:41 --> 404 Page Not Found: Assets/js
ERROR - 2019-11-08 20:30:41 --> 404 Page Not Found: Assets/js
ERROR - 2019-11-08 20:30:56 --> 404 Page Not Found: Assets/images
ERROR - 2019-11-08 20:30:56 --> 404 Page Not Found: Assets/images
ERROR - 2019-11-08 20:30:56 --> 404 Page Not Found: Assets/images
ERROR - 2019-11-08 20:30:56 --> 404 Page Not Found: Assets/images
ERROR - 2019-11-08 20:30:56 --> 404 Page Not Found: Assets/images
ERROR - 2019-11-08 20:30:56 --> 404 Page Not Found: Assets/images
ERROR - 2019-11-08 20:30:57 --> 404 Page Not Found: Assets/images
ERROR - 2019-11-08 20:30:57 --> 404 Page Not Found: Assets/images
ERROR - 2019-11-08 20:30:57 --> 404 Page Not Found: Assets/images
ERROR - 2019-11-08 20:30:58 --> 404 Page Not Found: Assets/images
ERROR - 2019-11-08 20:31:43 --> 404 Page Not Found: Assets/js
ERROR - 2019-11-08 20:31:43 --> 404 Page Not Found: Assets/js
ERROR - 2019-11-08 20:32:15 --> 404 Page Not Found: Assets/images
ERROR - 2019-11-08 20:32:15 --> 404 Page Not Found: Assets/images
ERROR - 2019-11-08 20:32:16 --> 404 Page Not Found: Assets/images
ERROR - 2019-11-08 20:32:16 --> 404 Page Not Found: Assets/images
ERROR - 2019-11-08 20:32:16 --> 404 Page Not Found: Assets/images
ERROR - 2019-11-08 20:32:16 --> 404 Page Not Found: Assets/images
ERROR - 2019-11-08 20:32:16 --> 404 Page Not Found: Assets/images
ERROR - 2019-11-08 20:32:16 --> 404 Page Not Found: Assets/images
ERROR - 2019-11-08 20:32:16 --> 404 Page Not Found: Assets/images
ERROR - 2019-11-08 20:32:16 --> 404 Page Not Found: Assets/images
ERROR - 2019-11-08 20:32:16 --> 404 Page Not Found: Assets/images
ERROR - 2019-11-08 20:32:16 --> 404 Page Not Found: Assets/images
ERROR - 2019-11-08 20:32:16 --> 404 Page Not Found: Assets/images
ERROR - 2019-11-08 20:32:16 --> 404 Page Not Found: Assets/images
ERROR - 2019-11-08 20:32:16 --> 404 Page Not Found: Assets/images
ERROR - 2019-11-08 20:32:16 --> 404 Page Not Found: Assets/images
ERROR - 2019-11-08 20:32:19 --> 404 Page Not Found: Assets/images
ERROR - 2019-11-08 20:32:19 --> 404 Page Not Found: Assets/images
ERROR - 2019-11-08 20:32:19 --> 404 Page Not Found: Assets/images
ERROR - 2019-11-08 20:32:19 --> 404 Page Not Found: Assets/images
ERROR - 2019-11-08 20:32:19 --> 404 Page Not Found: Assets/images
ERROR - 2019-11-08 20:32:19 --> 404 Page Not Found: Assets/images
ERROR - 2019-11-08 20:32:19 --> 404 Page Not Found: Assets/images
ERROR - 2019-11-08 20:32:19 --> 404 Page Not Found: Assets/images
ERROR - 2019-11-08 20:32:19 --> 404 Page Not Found: Assets/images
ERROR - 2019-11-08 20:32:57 --> 404 Page Not Found: Assets/js
ERROR - 2019-11-08 20:32:57 --> 404 Page Not Found: Assets/js
ERROR - 2019-11-08 20:33:20 --> 404 Page Not Found: Assets/js
ERROR - 2019-11-08 20:33:20 --> 404 Page Not Found: Assets/js
ERROR - 2019-11-08 20:33:37 --> 404 Page Not Found: Assets/images
ERROR - 2019-11-08 20:33:37 --> 404 Page Not Found: Assets/images
ERROR - 2019-11-08 20:33:37 --> 404 Page Not Found: Assets/images
ERROR - 2019-11-08 20:33:37 --> 404 Page Not Found: Assets/images
ERROR - 2019-11-08 20:33:37 --> 404 Page Not Found: Assets/images
ERROR - 2019-11-08 20:33:37 --> 404 Page Not Found: Assets/images
ERROR - 2019-11-08 20:33:37 --> 404 Page Not Found: Assets/images
ERROR - 2019-11-08 20:33:37 --> 404 Page Not Found: Assets/images
ERROR - 2019-11-08 20:33:37 --> 404 Page Not Found: Assets/images
ERROR - 2019-11-08 20:33:41 --> 404 Page Not Found: Assets/images
ERROR - 2019-11-08 20:33:41 --> 404 Page Not Found: Assets/images
ERROR - 2019-11-08 20:33:41 --> 404 Page Not Found: Assets/images
ERROR - 2019-11-08 20:33:41 --> 404 Page Not Found: Assets/images
ERROR - 2019-11-08 20:33:41 --> 404 Page Not Found: Assets/images
ERROR - 2019-11-08 20:33:41 --> 404 Page Not Found: Assets/images
ERROR - 2019-11-08 20:33:41 --> 404 Page Not Found: Assets/images
ERROR - 2019-11-08 20:33:41 --> 404 Page Not Found: Assets/images
ERROR - 2019-11-08 20:33:41 --> 404 Page Not Found: Assets/images
ERROR - 2019-11-08 20:33:41 --> 404 Page Not Found: Assets/images
ERROR - 2019-11-08 20:33:41 --> 404 Page Not Found: Assets/images
ERROR - 2019-11-08 20:33:41 --> 404 Page Not Found: Assets/images
ERROR - 2019-11-08 20:34:05 --> 404 Page Not Found: Assets/images
ERROR - 2019-11-08 20:34:05 --> 404 Page Not Found: Assets/images
ERROR - 2019-11-08 20:34:05 --> 404 Page Not Found: Assets/images
ERROR - 2019-11-08 20:34:05 --> 404 Page Not Found: Assets/images
ERROR - 2019-11-08 20:34:05 --> 404 Page Not Found: Assets/images
ERROR - 2019-11-08 20:34:05 --> 404 Page Not Found: Assets/images
ERROR - 2019-11-08 20:34:05 --> 404 Page Not Found: Assets/images
ERROR - 2019-11-08 20:34:05 --> 404 Page Not Found: Assets/images
ERROR - 2019-11-08 20:34:05 --> 404 Page Not Found: Assets/images
ERROR - 2019-11-08 20:34:05 --> 404 Page Not Found: Assets/js
ERROR - 2019-11-08 20:34:05 --> 404 Page Not Found: Assets/js
ERROR - 2019-11-08 20:34:24 --> 404 Page Not Found: Assets/js
ERROR - 2019-11-08 20:34:24 --> 404 Page Not Found: Assets/js
ERROR - 2019-11-08 20:34:37 --> 404 Page Not Found: Assets/images
ERROR - 2019-11-08 20:34:37 --> 404 Page Not Found: Assets/images
ERROR - 2019-11-08 20:34:37 --> 404 Page Not Found: Assets/images
ERROR - 2019-11-08 20:34:41 --> 404 Page Not Found: Assets/images
ERROR - 2019-11-08 20:34:41 --> 404 Page Not Found: Assets/images
ERROR - 2019-11-08 20:34:41 --> 404 Page Not Found: Assets/images
ERROR - 2019-11-08 20:34:52 --> 404 Page Not Found: Assets/js
ERROR - 2019-11-08 20:34:52 --> 404 Page Not Found: Assets/js
ERROR - 2019-11-08 20:36:03 --> 404 Page Not Found: Assets/js
ERROR - 2019-11-08 20:36:03 --> 404 Page Not Found: Assets/js
ERROR - 2019-11-08 20:36:13 --> 404 Page Not Found: Assets/js
ERROR - 2019-11-08 20:36:13 --> 404 Page Not Found: Assets/js
ERROR - 2019-11-08 20:36:52 --> 404 Page Not Found: Assets/images
ERROR - 2019-11-08 20:36:52 --> 404 Page Not Found: Assets/images
ERROR - 2019-11-08 20:36:52 --> 404 Page Not Found: Assets/images
ERROR - 2019-11-08 20:36:52 --> 404 Page Not Found: Assets/images
ERROR - 2019-11-08 20:36:52 --> 404 Page Not Found: Assets/images
ERROR - 2019-11-08 20:36:52 --> 404 Page Not Found: Assets/images
ERROR - 2019-11-08 20:36:52 --> 404 Page Not Found: Assets/images
ERROR - 2019-11-08 20:36:58 --> 404 Page Not Found: Assets/js
ERROR - 2019-11-08 20:36:58 --> 404 Page Not Found: Assets/js
ERROR - 2019-11-08 20:37:27 --> 404 Page Not Found: Assets/images
ERROR - 2019-11-08 20:37:27 --> 404 Page Not Found: Assets/images
ERROR - 2019-11-08 20:37:27 --> 404 Page Not Found: Assets/images
ERROR - 2019-11-08 20:37:27 --> 404 Page Not Found: Assets/images
ERROR - 2019-11-08 20:37:31 --> 404 Page Not Found: Assets/images
ERROR - 2019-11-08 20:37:31 --> 404 Page Not Found: Assets/images
ERROR - 2019-11-08 20:37:31 --> 404 Page Not Found: Assets/images
ERROR - 2019-11-08 20:37:31 --> 404 Page Not Found: Assets/images
ERROR - 2019-11-08 20:37:35 --> 404 Page Not Found: Assets/images
ERROR - 2019-11-08 20:37:35 --> 404 Page Not Found: Assets/images
ERROR - 2019-11-08 20:37:35 --> 404 Page Not Found: Assets/images
ERROR - 2019-11-08 20:37:35 --> 404 Page Not Found: Assets/images
ERROR - 2019-11-08 20:37:40 --> 404 Page Not Found: Assets/images
ERROR - 2019-11-08 20:37:40 --> 404 Page Not Found: Assets/images
ERROR - 2019-11-08 20:37:40 --> 404 Page Not Found: Assets/images
ERROR - 2019-11-08 20:37:40 --> 404 Page Not Found: Assets/images
ERROR - 2019-11-08 20:37:42 --> 404 Page Not Found: Assets/js
ERROR - 2019-11-08 20:37:42 --> 404 Page Not Found: Assets/js
ERROR - 2019-11-08 20:38:01 --> 404 Page Not Found: Assets/js
ERROR - 2019-11-08 20:38:01 --> 404 Page Not Found: Assets/js
ERROR - 2019-11-08 20:38:56 --> 404 Page Not Found: Assets/images
ERROR - 2019-11-08 20:38:56 --> 404 Page Not Found: Assets/images
ERROR - 2019-11-08 20:38:56 --> 404 Page Not Found: Assets/images
ERROR - 2019-11-08 20:38:56 --> 404 Page Not Found: Assets/images
ERROR - 2019-11-08 20:38:56 --> 404 Page Not Found: Assets/images
ERROR - 2019-11-08 20:38:56 --> 404 Page Not Found: Assets/images
ERROR - 2019-11-08 20:38:56 --> 404 Page Not Found: Assets/images
ERROR - 2019-11-08 20:39:29 --> 404 Page Not Found: Assets/js
ERROR - 2019-11-08 20:39:29 --> 404 Page Not Found: Assets/js
ERROR - 2019-11-08 20:39:47 --> 404 Page Not Found: Assets/js
ERROR - 2019-11-08 20:39:47 --> 404 Page Not Found: Assets/js
ERROR - 2019-11-08 20:40:28 --> 404 Page Not Found: Assets/js
ERROR - 2019-11-08 20:40:28 --> 404 Page Not Found: Assets/js
ERROR - 2019-11-08 20:41:43 --> 404 Page Not Found: Assets/js
ERROR - 2019-11-08 20:41:43 --> 404 Page Not Found: Assets/js
ERROR - 2019-11-08 19:42:38 --> 404 Page Not Found: Assets/js
ERROR - 2019-11-08 19:42:38 --> 404 Page Not Found: Assets/js
ERROR - 2019-11-08 19:43:01 --> 404 Page Not Found: Assets/js
ERROR - 2019-11-08 19:43:01 --> 404 Page Not Found: Assets/js
ERROR - 2019-11-08 19:43:04 --> 404 Page Not Found: Assets/js
ERROR - 2019-11-08 19:43:04 --> 404 Page Not Found: Assets/js
ERROR - 2019-11-08 19:43:20 --> 404 Page Not Found: Assets/js
ERROR - 2019-11-08 19:43:20 --> 404 Page Not Found: Assets/js
ERROR - 2019-11-08 19:46:29 --> 404 Page Not Found: Assets/js
ERROR - 2019-11-08 19:46:29 --> 404 Page Not Found: Assets/js
ERROR - 2019-11-08 19:49:56 --> 404 Page Not Found: Assets/js
ERROR - 2019-11-08 19:49:56 --> 404 Page Not Found: Assets/js
ERROR - 2019-11-08 19:50:16 --> 404 Page Not Found: Assets/js
ERROR - 2019-11-08 19:50:16 --> 404 Page Not Found: Assets/js
ERROR - 2019-11-08 19:51:15 --> 404 Page Not Found: Assets/images
ERROR - 2019-11-08 19:51:15 --> 404 Page Not Found: Assets/images
ERROR - 2019-11-08 19:51:15 --> 404 Page Not Found: Assets/images
ERROR - 2019-11-08 19:51:15 --> 404 Page Not Found: Assets/images
ERROR - 2019-11-08 19:54:01 --> 404 Page Not Found: Assets/images
ERROR - 2019-11-08 19:54:01 --> 404 Page Not Found: Assets/images
ERROR - 2019-11-08 19:54:01 --> 404 Page Not Found: Assets/images
ERROR - 2019-11-08 19:54:01 --> 404 Page Not Found: Assets/images
ERROR - 2019-11-08 19:54:02 --> 404 Page Not Found: Assets/images
ERROR - 2019-11-08 19:54:14 --> 404 Page Not Found: Assets/js
ERROR - 2019-11-08 19:54:14 --> 404 Page Not Found: Assets/js
ERROR - 2019-11-08 19:56:05 --> 404 Page Not Found: Assets/js
ERROR - 2019-11-08 19:56:05 --> 404 Page Not Found: Assets/js
ERROR - 2019-11-08 19:56:17 --> 404 Page Not Found: Assets/images
ERROR - 2019-11-08 19:56:17 --> 404 Page Not Found: Assets/images
ERROR - 2019-11-08 19:56:17 --> 404 Page Not Found: Assets/images
ERROR - 2019-11-08 19:56:17 --> 404 Page Not Found: Assets/images
ERROR - 2019-11-08 19:56:17 --> 404 Page Not Found: Assets/images
ERROR - 2019-11-08 19:56:33 --> 404 Page Not Found: Assets/js
ERROR - 2019-11-08 19:56:33 --> 404 Page Not Found: Assets/js
ERROR - 2019-11-08 19:58:06 --> 404 Page Not Found: Assets/images
ERROR - 2019-11-08 19:58:06 --> 404 Page Not Found: Assets/images
ERROR - 2019-11-08 19:58:06 --> 404 Page Not Found: Assets/images
ERROR - 2019-11-08 19:58:06 --> 404 Page Not Found: Assets/images
ERROR - 2019-11-08 19:58:06 --> 404 Page Not Found: Assets/images
ERROR - 2019-11-08 19:58:06 --> 404 Page Not Found: Assets/images
ERROR - 2019-11-08 19:58:06 --> 404 Page Not Found: Assets/images
ERROR - 2019-11-08 19:58:15 --> 404 Page Not Found: Assets/images
ERROR - 2019-11-08 19:58:15 --> 404 Page Not Found: Assets/images
ERROR - 2019-11-08 19:58:19 --> 404 Page Not Found: Assets/images
ERROR - 2019-11-08 19:58:19 --> 404 Page Not Found: Assets/images
ERROR - 2019-11-08 19:58:20 --> 404 Page Not Found: Assets/images
ERROR - 2019-11-08 19:58:20 --> 404 Page Not Found: Assets/images
ERROR - 2019-11-08 19:58:26 --> 404 Page Not Found: Assets/images
ERROR - 2019-11-08 19:58:35 --> 404 Page Not Found: Assets/js
ERROR - 2019-11-08 19:58:35 --> 404 Page Not Found: Assets/js
ERROR - 2019-11-08 19:59:04 --> 404 Page Not Found: Assets/images
ERROR - 2019-11-08 19:59:04 --> 404 Page Not Found: Assets/images
ERROR - 2019-11-08 19:59:04 --> 404 Page Not Found: Assets/images
ERROR - 2019-11-08 19:59:05 --> 404 Page Not Found: Assets/images
ERROR - 2019-11-08 19:59:05 --> 404 Page Not Found: Assets/images
ERROR - 2019-11-08 19:59:29 --> 404 Page Not Found: Assets/js
ERROR - 2019-11-08 19:59:29 --> 404 Page Not Found: Assets/js
ERROR - 2019-11-08 19:59:31 --> 404 Page Not Found: Assets/js
ERROR - 2019-11-08 19:59:31 --> 404 Page Not Found: Assets/js
ERROR - 2019-11-08 19:59:34 --> 404 Page Not Found: Assets/js
ERROR - 2019-11-08 19:59:34 --> 404 Page Not Found: Assets/js
ERROR - 2019-11-08 20:01:02 --> 404 Page Not Found: Assets/js
ERROR - 2019-11-08 20:01:02 --> 404 Page Not Found: Assets/js
ERROR - 2019-11-08 20:01:39 --> 404 Page Not Found: Assets/images
ERROR - 2019-11-08 20:01:39 --> 404 Page Not Found: Assets/images
ERROR - 2019-11-08 20:01:39 --> 404 Page Not Found: Assets/images
ERROR - 2019-11-08 20:01:39 --> 404 Page Not Found: Assets/images
ERROR - 2019-11-08 20:01:39 --> 404 Page Not Found: Assets/images
ERROR - 2019-11-08 20:01:39 --> 404 Page Not Found: Assets/images
ERROR - 2019-11-08 20:01:39 --> 404 Page Not Found: Assets/images
ERROR - 2019-11-08 20:01:39 --> 404 Page Not Found: Assets/images
ERROR - 2019-11-08 20:01:39 --> 404 Page Not Found: Assets/images
ERROR - 2019-11-08 20:01:40 --> 404 Page Not Found: Assets/images
ERROR - 2019-11-08 20:01:40 --> 404 Page Not Found: Assets/images
ERROR - 2019-11-08 20:01:40 --> 404 Page Not Found: Assets/images
ERROR - 2019-11-08 20:01:45 --> 404 Page Not Found: Assets/js
ERROR - 2019-11-08 20:01:45 --> 404 Page Not Found: Assets/js
ERROR - 2019-11-08 20:04:38 --> 404 Page Not Found: Assets/js
ERROR - 2019-11-08 20:04:38 --> 404 Page Not Found: Assets/js
ERROR - 2019-11-08 20:06:45 --> 404 Page Not Found: Assets/js
ERROR - 2019-11-08 20:06:45 --> 404 Page Not Found: Assets/js
ERROR - 2019-11-08 20:07:07 --> 404 Page Not Found: Assets/images
ERROR - 2019-11-08 20:07:07 --> 404 Page Not Found: Assets/images
ERROR - 2019-11-08 20:07:07 --> 404 Page Not Found: Assets/images
ERROR - 2019-11-08 20:07:07 --> 404 Page Not Found: Assets/images
ERROR - 2019-11-08 20:09:08 --> 404 Page Not Found: Assets/js
ERROR - 2019-11-08 20:09:08 --> 404 Page Not Found: Assets/js
ERROR - 2019-11-08 20:09:57 --> 404 Page Not Found: Assets/js
ERROR - 2019-11-08 20:09:57 --> 404 Page Not Found: Assets/js
ERROR - 2019-11-08 20:10:25 --> 404 Page Not Found: Assets/js
ERROR - 2019-11-08 20:10:25 --> 404 Page Not Found: Assets/js
ERROR - 2019-11-08 20:10:41 --> 404 Page Not Found: Assets/js
ERROR - 2019-11-08 20:10:41 --> 404 Page Not Found: Assets/js
ERROR - 2019-11-08 20:10:59 --> 404 Page Not Found: Assets/js
ERROR - 2019-11-08 20:10:59 --> 404 Page Not Found: Assets/js
ERROR - 2019-11-08 20:12:15 --> 404 Page Not Found: Assets/js
ERROR - 2019-11-08 20:12:15 --> 404 Page Not Found: Assets/js
ERROR - 2019-11-08 20:12:20 --> 404 Page Not Found: Assets/js
ERROR - 2019-11-08 20:12:20 --> 404 Page Not Found: Assets/js
ERROR - 2019-11-08 20:12:35 --> 404 Page Not Found: Assets/js
ERROR - 2019-11-08 20:12:35 --> 404 Page Not Found: Assets/js
ERROR - 2019-11-08 20:12:38 --> 404 Page Not Found: Assets/js
ERROR - 2019-11-08 20:12:38 --> 404 Page Not Found: Assets/js
ERROR - 2019-11-08 20:12:44 --> 404 Page Not Found: Assets/js
ERROR - 2019-11-08 20:12:44 --> 404 Page Not Found: Assets/js
ERROR - 2019-11-08 20:13:23 --> 404 Page Not Found: Assets/js
ERROR - 2019-11-08 20:13:23 --> 404 Page Not Found: Assets/js
ERROR - 2019-11-08 20:13:34 --> 404 Page Not Found: Assets/js
ERROR - 2019-11-08 20:13:34 --> 404 Page Not Found: Assets/js
ERROR - 2019-11-08 20:13:42 --> 404 Page Not Found: Assets/js
ERROR - 2019-11-08 20:13:42 --> 404 Page Not Found: Assets/js
ERROR - 2019-11-08 20:14:04 --> 404 Page Not Found: Assets/js
ERROR - 2019-11-08 20:14:04 --> 404 Page Not Found: Assets/js
ERROR - 2019-11-08 20:14:35 --> 404 Page Not Found: Assets/js
ERROR - 2019-11-08 20:14:35 --> 404 Page Not Found: Assets/js
ERROR - 2019-11-08 20:14:43 --> 404 Page Not Found: Assets/js
ERROR - 2019-11-08 20:14:43 --> 404 Page Not Found: Assets/js
ERROR - 2019-11-08 20:15:01 --> 404 Page Not Found: Assets/js
ERROR - 2019-11-08 20:15:01 --> 404 Page Not Found: Assets/js
ERROR - 2019-11-08 20:15:13 --> 404 Page Not Found: Assets/js
ERROR - 2019-11-08 20:15:13 --> 404 Page Not Found: Assets/js
ERROR - 2019-11-08 20:15:45 --> 404 Page Not Found: Assets/js
ERROR - 2019-11-08 20:15:45 --> 404 Page Not Found: Assets/js
ERROR - 2019-11-08 20:15:56 --> 404 Page Not Found: Assets/images
ERROR - 2019-11-08 20:15:58 --> 404 Page Not Found: Assets/images
ERROR - 2019-11-08 20:16:01 --> 404 Page Not Found: Assets/images
ERROR - 2019-11-08 20:16:04 --> 404 Page Not Found: Assets/images
ERROR - 2019-11-08 20:16:21 --> 404 Page Not Found: Assets/js
ERROR - 2019-11-08 20:16:21 --> 404 Page Not Found: Assets/js
ERROR - 2019-11-08 20:16:24 --> 404 Page Not Found: Assets/js
ERROR - 2019-11-08 20:16:24 --> 404 Page Not Found: Assets/js
ERROR - 2019-11-08 20:16:42 --> 404 Page Not Found: Assets/js
ERROR - 2019-11-08 20:16:42 --> 404 Page Not Found: Assets/js
ERROR - 2019-11-08 20:17:22 --> 404 Page Not Found: Assets/js
ERROR - 2019-11-08 20:17:22 --> 404 Page Not Found: Assets/js
ERROR - 2019-11-08 20:18:09 --> 404 Page Not Found: Assets/js
ERROR - 2019-11-08 20:18:09 --> 404 Page Not Found: Assets/js
ERROR - 2019-11-08 20:18:30 --> 404 Page Not Found: Assets/images
ERROR - 2019-11-08 20:18:30 --> 404 Page Not Found: Assets/images
ERROR - 2019-11-08 20:18:30 --> 404 Page Not Found: Assets/images
ERROR - 2019-11-08 20:18:31 --> 404 Page Not Found: Assets/images
ERROR - 2019-11-08 20:18:31 --> 404 Page Not Found: Assets/images
ERROR - 2019-11-08 20:18:31 --> 404 Page Not Found: Assets/images
ERROR - 2019-11-08 20:18:49 --> 404 Page Not Found: Assets/js
ERROR - 2019-11-08 20:18:49 --> 404 Page Not Found: Assets/js
ERROR - 2019-11-08 20:19:11 --> 404 Page Not Found: Assets/images
ERROR - 2019-11-08 20:19:11 --> 404 Page Not Found: Assets/images
ERROR - 2019-11-08 20:19:11 --> 404 Page Not Found: Assets/images
ERROR - 2019-11-08 20:19:11 --> 404 Page Not Found: Assets/images
ERROR - 2019-11-08 20:19:11 --> 404 Page Not Found: Assets/images
ERROR - 2019-11-08 20:19:11 --> 404 Page Not Found: Assets/images
ERROR - 2019-11-08 20:19:22 --> 404 Page Not Found: Assets/images
ERROR - 2019-11-08 20:19:22 --> 404 Page Not Found: Assets/images
ERROR - 2019-11-08 20:19:22 --> 404 Page Not Found: Assets/images
ERROR - 2019-11-08 20:19:23 --> 404 Page Not Found: Assets/images
ERROR - 2019-11-08 20:19:23 --> 404 Page Not Found: Assets/images
ERROR - 2019-11-08 20:19:26 --> 404 Page Not Found: Assets/images
ERROR - 2019-11-08 20:19:26 --> 404 Page Not Found: Assets/images
ERROR - 2019-11-08 20:19:26 --> 404 Page Not Found: Assets/images
ERROR - 2019-11-08 20:19:35 --> 404 Page Not Found: Assets/images
ERROR - 2019-11-08 20:19:35 --> 404 Page Not Found: Assets/images
ERROR - 2019-11-08 20:19:35 --> 404 Page Not Found: Assets/images
ERROR - 2019-11-08 20:19:50 --> 404 Page Not Found: Assets/js
ERROR - 2019-11-08 20:19:50 --> 404 Page Not Found: Assets/js
ERROR - 2019-11-08 20:22:20 --> 404 Page Not Found: Assets/js
ERROR - 2019-11-08 20:22:20 --> 404 Page Not Found: Assets/js
ERROR - 2019-11-08 20:22:36 --> 404 Page Not Found: Assets/js
ERROR - 2019-11-08 20:22:36 --> 404 Page Not Found: Assets/js
ERROR - 2019-11-08 20:22:58 --> 404 Page Not Found: Assets/js
ERROR - 2019-11-08 20:22:58 --> 404 Page Not Found: Assets/js
ERROR - 2019-11-08 20:23:20 --> 404 Page Not Found: Assets/js
ERROR - 2019-11-08 20:23:20 --> 404 Page Not Found: Assets/js
ERROR - 2019-11-08 20:23:26 --> 404 Page Not Found: Assets/js
ERROR - 2019-11-08 20:23:26 --> 404 Page Not Found: Assets/js
ERROR - 2019-11-08 20:24:09 --> 404 Page Not Found: Assets/js
ERROR - 2019-11-08 20:24:09 --> 404 Page Not Found: Assets/js
ERROR - 2019-11-08 20:24:10 --> 404 Page Not Found: Assets/js
ERROR - 2019-11-08 20:24:10 --> 404 Page Not Found: Assets/js
ERROR - 2019-11-08 20:24:12 --> 404 Page Not Found: Assets/js
ERROR - 2019-11-08 20:24:12 --> 404 Page Not Found: Assets/js
ERROR - 2019-11-08 20:24:14 --> 404 Page Not Found: Assets/js
ERROR - 2019-11-08 20:24:14 --> 404 Page Not Found: Assets/js
ERROR - 2019-11-08 20:24:59 --> 404 Page Not Found: Assets/images
ERROR - 2019-11-08 20:24:59 --> 404 Page Not Found: Assets/images
ERROR - 2019-11-08 20:24:59 --> 404 Page Not Found: Assets/images
ERROR - 2019-11-08 20:25:01 --> 404 Page Not Found: Assets/images
ERROR - 2019-11-08 20:25:13 --> 404 Page Not Found: Assets/images
ERROR - 2019-11-08 20:25:13 --> 404 Page Not Found: Assets/images
ERROR - 2019-11-08 20:25:13 --> 404 Page Not Found: Assets/images
ERROR - 2019-11-08 20:25:16 --> 404 Page Not Found: Assets/images
ERROR - 2019-11-08 20:25:16 --> 404 Page Not Found: Assets/images
ERROR - 2019-11-08 20:25:16 --> 404 Page Not Found: Assets/images
ERROR - 2019-11-08 20:25:26 --> 404 Page Not Found: Assets/js
ERROR - 2019-11-08 20:25:26 --> 404 Page Not Found: Assets/js
ERROR - 2019-11-08 20:25:39 --> 404 Page Not Found: Assets/images
ERROR - 2019-11-08 20:25:39 --> 404 Page Not Found: Assets/images
ERROR - 2019-11-08 20:25:39 --> 404 Page Not Found: Assets/images
ERROR - 2019-11-08 20:25:39 --> 404 Page Not Found: Assets/images
ERROR - 2019-11-08 20:25:39 --> 404 Page Not Found: Assets/images
ERROR - 2019-11-08 20:25:39 --> 404 Page Not Found: Assets/images
ERROR - 2019-11-08 20:25:39 --> 404 Page Not Found: Assets/images
ERROR - 2019-11-08 20:25:39 --> 404 Page Not Found: Assets/images
ERROR - 2019-11-08 20:25:39 --> 404 Page Not Found: Assets/images
ERROR - 2019-11-08 20:25:42 --> 404 Page Not Found: Assets/images
ERROR - 2019-11-08 20:25:42 --> 404 Page Not Found: Assets/images
ERROR - 2019-11-08 20:25:42 --> 404 Page Not Found: Assets/images
ERROR - 2019-11-08 20:25:43 --> 404 Page Not Found: Assets/images
ERROR - 2019-11-08 20:25:43 --> 404 Page Not Found: Assets/images
ERROR - 2019-11-08 20:25:43 --> 404 Page Not Found: Assets/images
ERROR - 2019-11-08 20:25:43 --> 404 Page Not Found: Assets/images
ERROR - 2019-11-08 20:25:43 --> 404 Page Not Found: Assets/images
ERROR - 2019-11-08 20:25:43 --> 404 Page Not Found: Assets/images
ERROR - 2019-11-08 20:26:17 --> 404 Page Not Found: Assets/js
ERROR - 2019-11-08 20:26:17 --> 404 Page Not Found: Assets/js
ERROR - 2019-11-08 20:26:32 --> 404 Page Not Found: Assets/images
ERROR - 2019-11-08 20:26:32 --> 404 Page Not Found: Assets/images
ERROR - 2019-11-08 20:26:32 --> 404 Page Not Found: Assets/images
ERROR - 2019-11-08 20:26:32 --> 404 Page Not Found: Assets/images
ERROR - 2019-11-08 20:26:38 --> 404 Page Not Found: Assets/images
ERROR - 2019-11-08 20:26:38 --> 404 Page Not Found: Assets/images
ERROR - 2019-11-08 20:26:38 --> 404 Page Not Found: Assets/images
ERROR - 2019-11-08 20:26:38 --> 404 Page Not Found: Assets/images
ERROR - 2019-11-08 20:26:42 --> 404 Page Not Found: Assets/images
ERROR - 2019-11-08 20:26:42 --> 404 Page Not Found: Assets/images
ERROR - 2019-11-08 20:26:42 --> 404 Page Not Found: Assets/images
ERROR - 2019-11-08 20:26:42 --> 404 Page Not Found: Assets/images
ERROR - 2019-11-08 20:26:47 --> 404 Page Not Found: Assets/images
ERROR - 2019-11-08 20:26:47 --> 404 Page Not Found: Assets/images
ERROR - 2019-11-08 20:26:47 --> 404 Page Not Found: Assets/images
ERROR - 2019-11-08 20:26:47 --> 404 Page Not Found: Assets/images
ERROR - 2019-11-08 20:27:02 --> 404 Page Not Found: Assets/js
ERROR - 2019-11-08 20:27:02 --> 404 Page Not Found: Assets/js
ERROR - 2019-11-08 20:27:26 --> 404 Page Not Found: Assets/js
ERROR - 2019-11-08 20:27:26 --> 404 Page Not Found: Assets/js
ERROR - 2019-11-08 20:27:34 --> 404 Page Not Found: Assets/js
ERROR - 2019-11-08 20:27:34 --> 404 Page Not Found: Assets/js
ERROR - 2019-11-08 20:27:38 --> 404 Page Not Found: Assets/js
ERROR - 2019-11-08 20:27:38 --> 404 Page Not Found: Assets/js
ERROR - 2019-11-08 20:27:50 --> 404 Page Not Found: Assets/images
ERROR - 2019-11-08 20:27:51 --> 404 Page Not Found: Assets/images
ERROR - 2019-11-08 20:27:51 --> 404 Page Not Found: Assets/images
ERROR - 2019-11-08 20:27:51 --> 404 Page Not Found: Assets/images
ERROR - 2019-11-08 20:28:04 --> 404 Page Not Found: Assets/images
ERROR - 2019-11-08 20:28:04 --> 404 Page Not Found: Assets/images
ERROR - 2019-11-08 20:28:04 --> 404 Page Not Found: Assets/images
ERROR - 2019-11-08 20:28:04 --> 404 Page Not Found: Assets/images
ERROR - 2019-11-08 20:28:04 --> 404 Page Not Found: Assets/images
ERROR - 2019-11-08 20:28:05 --> 404 Page Not Found: Assets/images
ERROR - 2019-11-08 20:28:16 --> 404 Page Not Found: Assets/js
ERROR - 2019-11-08 20:28:16 --> 404 Page Not Found: Assets/js
ERROR - 2019-11-08 20:28:41 --> 404 Page Not Found: Assets/js
ERROR - 2019-11-08 20:28:41 --> 404 Page Not Found: Assets/js
ERROR - 2019-11-08 20:29:00 --> 404 Page Not Found: Assets/js
ERROR - 2019-11-08 20:29:00 --> 404 Page Not Found: Assets/js
ERROR - 2019-11-08 20:29:57 --> 404 Page Not Found: Assets/images
ERROR - 2019-11-08 20:29:57 --> 404 Page Not Found: Assets/images
ERROR - 2019-11-08 20:29:57 --> 404 Page Not Found: Assets/images
ERROR - 2019-11-08 20:29:57 --> 404 Page Not Found: Assets/images
ERROR - 2019-11-08 20:30:01 --> 404 Page Not Found: Assets/images
ERROR - 2019-11-08 20:30:01 --> 404 Page Not Found: Assets/images
ERROR - 2019-11-08 20:30:01 --> 404 Page Not Found: Assets/images
ERROR - 2019-11-08 20:30:01 --> 404 Page Not Found: Assets/images
ERROR - 2019-11-08 20:30:18 --> 404 Page Not Found: Assets/js
ERROR - 2019-11-08 20:30:18 --> 404 Page Not Found: Assets/js
ERROR - 2019-11-08 20:30:31 --> 404 Page Not Found: Assets/js
ERROR - 2019-11-08 20:30:31 --> 404 Page Not Found: Assets/js
ERROR - 2019-11-08 20:37:56 --> 404 Page Not Found: Assets/js
ERROR - 2019-11-08 20:37:56 --> 404 Page Not Found: Assets/js
ERROR - 2019-11-08 20:38:04 --> 404 Page Not Found: Assets/js
ERROR - 2019-11-08 20:38:04 --> 404 Page Not Found: Assets/js
ERROR - 2019-11-08 20:38:09 --> 404 Page Not Found: Assets/js
ERROR - 2019-11-08 20:38:09 --> 404 Page Not Found: Assets/js
ERROR - 2019-11-08 20:39:20 --> 404 Page Not Found: Assets/js
ERROR - 2019-11-08 20:39:20 --> 404 Page Not Found: Assets/js
ERROR - 2019-11-08 22:18:12 --> 404 Page Not Found: Assets/js
ERROR - 2019-11-08 22:18:12 --> 404 Page Not Found: Assets/js
ERROR - 2019-11-08 22:18:20 --> 404 Page Not Found: Assets/js
ERROR - 2019-11-08 22:18:20 --> 404 Page Not Found: Assets/js
ERROR - 2019-11-08 22:18:43 --> 404 Page Not Found: Assets/js
ERROR - 2019-11-08 22:18:43 --> 404 Page Not Found: Assets/js
ERROR - 2019-11-08 22:19:30 --> 404 Page Not Found: Assets/js
ERROR - 2019-11-08 22:19:30 --> 404 Page Not Found: Assets/js
ERROR - 2019-11-08 22:19:39 --> 404 Page Not Found: Assets/js
ERROR - 2019-11-08 22:19:39 --> 404 Page Not Found: Assets/js
ERROR - 2019-11-08 22:20:01 --> 404 Page Not Found: Assets/js
ERROR - 2019-11-08 22:20:01 --> 404 Page Not Found: Assets/js
ERROR - 2019-11-08 22:20:14 --> 404 Page Not Found: Assets/js
ERROR - 2019-11-08 22:20:14 --> 404 Page Not Found: Assets/js
ERROR - 2019-11-08 22:20:18 --> 404 Page Not Found: Assets/js
ERROR - 2019-11-08 22:20:18 --> 404 Page Not Found: Assets/js
ERROR - 2019-11-08 22:20:36 --> 404 Page Not Found: Assets/js
ERROR - 2019-11-08 22:20:36 --> 404 Page Not Found: Assets/js
