ERROR - 2019-07-31 13:30:02 --> 404 Page Not Found: Assets/js
ERROR - 2019-07-31 13:30:02 --> 404 Page Not Found: Assets/js
ERROR - 2019-07-31 14:20:59 --> 404 Page Not Found: Assets/js
ERROR - 2019-07-31 14:20:59 --> 404 Page Not Found: Assets/js
ERROR - 2019-07-31 14:32:10 --> 404 Page Not Found: Assets/js
ERROR - 2019-07-31 14:32:10 --> 404 Page Not Found: Assets/js
ERROR - 2019-07-31 14:32:11 --> 404 Page Not Found: Assets/js
ERROR - 2019-07-31 14:32:11 --> 404 Page Not Found: Assets/js
ERROR - 2019-07-31 14:32:32 --> 404 Page Not Found: Assets/js
ERROR - 2019-07-31 14:32:32 --> 404 Page Not Found: Assets/js
ERROR - 2019-07-31 14:32:52 --> 404 Page Not Found: Assets/js
ERROR - 2019-07-31 14:32:52 --> 404 Page Not Found: Assets/js
ERROR - 2019-07-31 14:33:17 --> 404 Page Not Found: Assets/js
ERROR - 2019-07-31 14:33:17 --> 404 Page Not Found: Assets/js
ERROR - 2019-07-31 14:33:19 --> 404 Page Not Found: Assets/js
ERROR - 2019-07-31 14:33:19 --> 404 Page Not Found: Assets/js
ERROR - 2019-07-31 14:37:21 --> 404 Page Not Found: Assets/js
ERROR - 2019-07-31 14:37:21 --> 404 Page Not Found: Assets/js
ERROR - 2019-07-31 14:37:33 --> 404 Page Not Found: Assets/images
ERROR - 2019-07-31 14:37:33 --> 404 Page Not Found: Assets/images
ERROR - 2019-07-31 14:37:34 --> 404 Page Not Found: Assets/images
ERROR - 2019-07-31 14:45:20 --> 404 Page Not Found: Assets/js
ERROR - 2019-07-31 14:45:20 --> 404 Page Not Found: Assets/js
ERROR - 2019-07-31 14:45:22 --> 404 Page Not Found: Assets/js
ERROR - 2019-07-31 14:45:22 --> 404 Page Not Found: Assets/js
ERROR - 2019-07-31 14:45:44 --> 404 Page Not Found: Assets/js
ERROR - 2019-07-31 14:45:44 --> 404 Page Not Found: Assets/js
ERROR - 2019-07-31 14:45:45 --> 404 Page Not Found: Assets/js
ERROR - 2019-07-31 14:45:45 --> 404 Page Not Found: Assets/js
ERROR - 2019-07-31 14:45:55 --> 404 Page Not Found: Assets/js
ERROR - 2019-07-31 14:45:55 --> 404 Page Not Found: Assets/js
ERROR - 2019-07-31 14:46:13 --> 404 Page Not Found: Assets/js
ERROR - 2019-07-31 14:46:13 --> 404 Page Not Found: Assets/js
ERROR - 2019-07-31 14:47:58 --> 404 Page Not Found: Assets/js
ERROR - 2019-07-31 14:47:58 --> 404 Page Not Found: Assets/js
ERROR - 2019-07-31 14:48:09 --> 404 Page Not Found: Assets/js
ERROR - 2019-07-31 14:48:09 --> 404 Page Not Found: Assets/js
ERROR - 2019-07-31 14:48:17 --> 404 Page Not Found: Assets/js
ERROR - 2019-07-31 14:48:17 --> 404 Page Not Found: Assets/js
ERROR - 2019-07-31 14:55:02 --> 404 Page Not Found: Assets/js
ERROR - 2019-07-31 14:55:02 --> 404 Page Not Found: Assets/js
ERROR - 2019-07-31 14:57:37 --> 404 Page Not Found: Assets/js
ERROR - 2019-07-31 14:57:37 --> 404 Page Not Found: Assets/js
ERROR - 2019-07-31 14:58:10 --> 404 Page Not Found: Assets/images
ERROR - 2019-07-31 14:58:10 --> 404 Page Not Found: Assets/images
ERROR - 2019-07-31 15:02:36 --> 404 Page Not Found: Assets/js
ERROR - 2019-07-31 15:02:36 --> 404 Page Not Found: Assets/js
ERROR - 2019-07-31 15:02:36 --> 404 Page Not Found: Assets/js
ERROR - 2019-07-31 15:02:36 --> 404 Page Not Found: Assets/js
ERROR - 2019-07-31 15:02:37 --> 404 Page Not Found: Assets/js
ERROR - 2019-07-31 15:02:37 --> 404 Page Not Found: Assets/js
ERROR - 2019-07-31 15:02:38 --> 404 Page Not Found: Assets/js
ERROR - 2019-07-31 15:02:38 --> 404 Page Not Found: Assets/js
ERROR - 2019-07-31 15:03:21 --> 404 Page Not Found: Assets/js
ERROR - 2019-07-31 15:03:21 --> 404 Page Not Found: Assets/js
ERROR - 2019-07-31 15:03:24 --> 404 Page Not Found: Assets/js
ERROR - 2019-07-31 15:03:24 --> 404 Page Not Found: Assets/js
ERROR - 2019-07-31 15:03:36 --> 404 Page Not Found: Assets/images
ERROR - 2019-07-31 15:03:36 --> 404 Page Not Found: Assets/images
ERROR - 2019-07-31 15:03:41 --> Could not find the language line "insert_batch() called with no data"
ERROR - 2019-07-31 15:05:48 --> 404 Page Not Found: Assets/js
ERROR - 2019-07-31 15:05:48 --> 404 Page Not Found: Assets/js
ERROR - 2019-07-31 15:05:59 --> 404 Page Not Found: Assets/images
ERROR - 2019-07-31 15:05:59 --> 404 Page Not Found: Assets/images
ERROR - 2019-07-31 15:09:52 --> 404 Page Not Found: Assets/js
ERROR - 2019-07-31 15:09:52 --> 404 Page Not Found: Assets/js
ERROR - 2019-07-31 15:09:53 --> 404 Page Not Found: Assets/js
ERROR - 2019-07-31 15:09:53 --> 404 Page Not Found: Assets/js
ERROR - 2019-07-31 15:10:05 --> 404 Page Not Found: Assets/js
ERROR - 2019-07-31 15:10:05 --> 404 Page Not Found: Assets/js
ERROR - 2019-07-31 15:10:12 --> 404 Page Not Found: Assets/js
ERROR - 2019-07-31 15:10:12 --> 404 Page Not Found: Assets/js
ERROR - 2019-07-31 15:10:21 --> 404 Page Not Found: Assets/js
ERROR - 2019-07-31 15:10:21 --> 404 Page Not Found: Assets/js
ERROR - 2019-07-31 15:10:22 --> 404 Page Not Found: Assets/js
ERROR - 2019-07-31 15:10:22 --> 404 Page Not Found: Assets/js
ERROR - 2019-07-31 15:10:23 --> 404 Page Not Found: Assets/js
ERROR - 2019-07-31 15:10:23 --> 404 Page Not Found: Assets/js
ERROR - 2019-07-31 15:10:37 --> 404 Page Not Found: Assets/js
ERROR - 2019-07-31 15:10:37 --> 404 Page Not Found: Assets/js
ERROR - 2019-07-31 15:11:15 --> 404 Page Not Found: Assets/js
ERROR - 2019-07-31 15:11:15 --> 404 Page Not Found: Assets/js
ERROR - 2019-07-31 15:11:17 --> 404 Page Not Found: Assets/js
ERROR - 2019-07-31 15:11:17 --> 404 Page Not Found: Assets/js
ERROR - 2019-07-31 15:11:30 --> 404 Page Not Found: Assets/images
ERROR - 2019-07-31 15:11:30 --> 404 Page Not Found: Assets/images
ERROR - 2019-07-31 15:11:30 --> 404 Page Not Found: Assets/images
ERROR - 2019-07-31 15:11:34 --> 404 Page Not Found: Assets/images
ERROR - 2019-07-31 15:11:34 --> 404 Page Not Found: Assets/images
ERROR - 2019-07-31 15:11:48 --> 404 Page Not Found: Assets/js
ERROR - 2019-07-31 15:11:48 --> 404 Page Not Found: Assets/js
ERROR - 2019-07-31 15:12:44 --> 404 Page Not Found: Assets/js
ERROR - 2019-07-31 15:12:44 --> 404 Page Not Found: Assets/js
ERROR - 2019-07-31 15:12:45 --> 404 Page Not Found: Assets/js
ERROR - 2019-07-31 15:12:45 --> 404 Page Not Found: Assets/js
ERROR - 2019-07-31 15:12:56 --> 404 Page Not Found: Assets/js
ERROR - 2019-07-31 15:12:56 --> 404 Page Not Found: Assets/js
ERROR - 2019-07-31 15:13:09 --> 404 Page Not Found: Assets/images
ERROR - 2019-07-31 15:13:09 --> 404 Page Not Found: Assets/images
ERROR - 2019-07-31 15:13:18 --> 404 Page Not Found: Assets/js
ERROR - 2019-07-31 15:13:18 --> 404 Page Not Found: Assets/js
ERROR - 2019-07-31 15:14:43 --> 404 Page Not Found: Assets/js
ERROR - 2019-07-31 15:14:43 --> 404 Page Not Found: Assets/js
ERROR - 2019-07-31 15:15:40 --> 404 Page Not Found: Assets/js
ERROR - 2019-07-31 15:15:41 --> 404 Page Not Found: Assets/js
ERROR - 2019-07-31 15:15:42 --> 404 Page Not Found: Assets/js
ERROR - 2019-07-31 15:15:42 --> 404 Page Not Found: Assets/js
ERROR - 2019-07-31 15:15:51 --> 404 Page Not Found: Assets/js
ERROR - 2019-07-31 15:15:51 --> 404 Page Not Found: Assets/js
ERROR - 2019-07-31 15:16:09 --> 404 Page Not Found: Assets/js
ERROR - 2019-07-31 15:16:09 --> 404 Page Not Found: Assets/js
ERROR - 2019-07-31 15:16:32 --> 404 Page Not Found: Assets/js
ERROR - 2019-07-31 15:16:32 --> 404 Page Not Found: Assets/js
ERROR - 2019-07-31 15:16:37 --> 404 Page Not Found: Assets/js
ERROR - 2019-07-31 15:16:37 --> 404 Page Not Found: Assets/js
ERROR - 2019-07-31 15:16:39 --> 404 Page Not Found: Assets/js
ERROR - 2019-07-31 15:16:39 --> 404 Page Not Found: Assets/js
ERROR - 2019-07-31 15:16:50 --> 404 Page Not Found: Assets/images
ERROR - 2019-07-31 15:16:50 --> 404 Page Not Found: Assets/images
ERROR - 2019-07-31 15:16:57 --> 404 Page Not Found: Assets/js
ERROR - 2019-07-31 15:16:57 --> 404 Page Not Found: Assets/js
ERROR - 2019-07-31 15:19:34 --> 404 Page Not Found: Assets/js
ERROR - 2019-07-31 15:19:34 --> 404 Page Not Found: Assets/js
ERROR - 2019-07-31 15:19:38 --> 404 Page Not Found: Assets/js
ERROR - 2019-07-31 15:19:38 --> 404 Page Not Found: Assets/js
ERROR - 2019-07-31 15:20:01 --> 404 Page Not Found: Assets/images
ERROR - 2019-07-31 15:20:01 --> 404 Page Not Found: Assets/images
ERROR - 2019-07-31 15:20:15 --> 404 Page Not Found: Assets/js
ERROR - 2019-07-31 15:20:15 --> 404 Page Not Found: Assets/js
ERROR - 2019-07-31 15:20:30 --> 404 Page Not Found: Assets/js
ERROR - 2019-07-31 15:20:30 --> 404 Page Not Found: Assets/js
ERROR - 2019-07-31 15:21:03 --> 404 Page Not Found: Assets/images
ERROR - 2019-07-31 15:21:03 --> 404 Page Not Found: Assets/images
ERROR - 2019-07-31 15:21:03 --> 404 Page Not Found: Assets/images
ERROR - 2019-07-31 15:21:11 --> 404 Page Not Found: Assets/js
ERROR - 2019-07-31 15:21:12 --> 404 Page Not Found: Assets/js
ERROR - 2019-07-31 15:21:17 --> 404 Page Not Found: Assets/js
ERROR - 2019-07-31 15:21:17 --> 404 Page Not Found: Assets/js
ERROR - 2019-07-31 15:21:28 --> Query error: ERRO:  inserção ou atualização em tabela "pedidos" viola restrição de chave estrangeira "pedidos_id_cc_pkey"
DETAIL:  Chave (id_depto, id_centro_custo)=(01.449.930/0001-90, RC-BR BT OP PM) não está presente na tabela "setor". - Invalid query: INSERT INTO "pedidos" ("aprovar", "data_emissao", "data_fechado", "dh_aprovacao", "entrega_local", "entrega_turno", "id_centro_custo", "id_depto", "key_clientes", "key_clientes_aprovador", "key_clientes_solicitante", "key_funcionarios", "key_funcionarios_aprovador", "key_funcionarios_solicitante", "numero", "obs") VALUES ('1','2019-07-31',NULL,'2019-07-31 15:21:28','LOJA',1,'RC-BR BT OP PM','01.449.930/0001-90','01.449.930/0001-90','44.013.159/0080-10','44.013.159/0080-10','33090562','33017702','33017702',66191,'FELICIDADE')
ERROR - 2019-07-31 15:21:53 --> 404 Page Not Found: Assets/js
ERROR - 2019-07-31 15:21:53 --> 404 Page Not Found: Assets/js
ERROR - 2019-07-31 15:22:05 --> 404 Page Not Found: Assets/js
ERROR - 2019-07-31 15:22:05 --> 404 Page Not Found: Assets/js
ERROR - 2019-07-31 15:22:08 --> 404 Page Not Found: Assets/js
ERROR - 2019-07-31 15:22:08 --> 404 Page Not Found: Assets/js
ERROR - 2019-07-31 15:22:20 --> 404 Page Not Found: Assets/js
ERROR - 2019-07-31 15:22:20 --> 404 Page Not Found: Assets/js
ERROR - 2019-07-31 15:40:15 --> 404 Page Not Found: Assets/js
ERROR - 2019-07-31 15:40:15 --> 404 Page Not Found: Assets/js
ERROR - 2019-07-31 15:40:59 --> Query error: ERRO:  inserção ou atualização em tabela "pedidos" viola restrição de chave estrangeira "pedidos_id_cc_pkey"
DETAIL:  Chave (id_depto, id_centro_custo)=(01.449.930/0001-90, RC-BR BT OP PM) não está presente na tabela "setor". - Invalid query: INSERT INTO "pedidos" ("aprovar", "data_emissao", "data_fechado", "dh_aprovacao", "entrega_local", "entrega_turno", "id_centro_custo", "id_depto", "key_clientes", "key_clientes_aprovador", "key_clientes_solicitante", "key_funcionarios", "key_funcionarios_aprovador", "key_funcionarios_solicitante", "numero", "obs") VALUES ('1','2019-07-31',NULL,'2019-07-31 15:40:59','LOJA',1,'RC-BR BT OP PM','01.449.930/0001-90','01.449.930/0001-90','44.013.159/0080-10','44.013.159/0080-10','33090562','33017702','33017702',66192,'FELICIDADE')
ERROR - 2019-07-31 15:45:34 --> 404 Page Not Found: Assets/js
ERROR - 2019-07-31 15:45:35 --> 404 Page Not Found: Assets/js
ERROR - 2019-07-31 15:45:37 --> 404 Page Not Found: Assets/js
ERROR - 2019-07-31 15:45:37 --> 404 Page Not Found: Assets/js
ERROR - 2019-07-31 15:45:51 --> 404 Page Not Found: Assets/js
ERROR - 2019-07-31 15:45:51 --> 404 Page Not Found: Assets/js
ERROR - 2019-07-31 15:46:02 --> Query error: ERRO:  inserção ou atualização em tabela "pedidos" viola restrição de chave estrangeira "pedidos_id_cc_pkey"
DETAIL:  Chave (id_depto, id_centro_custo)=(01.449.930/0001-90, RC-BR BT OP PM) não está presente na tabela "setor". - Invalid query: INSERT INTO "pedidos" ("aprovar", "data_emissao", "data_fechado", "dh_aprovacao", "entrega_local", "entrega_turno", "id_centro_custo", "id_depto", "key_clientes", "key_clientes_aprovador", "key_clientes_solicitante", "key_funcionarios", "key_funcionarios_aprovador", "key_funcionarios_solicitante", "numero", "obs") VALUES ('1','2019-07-31',NULL,'2019-07-31 15:46:02','LOJA',1,'RC-BR BT OP PM','01.449.930/0001-90','01.449.930/0001-90','44.013.159/0080-10','44.013.159/0080-10','33090562','33017702','33017702',66193,'FELICIDADE')
ERROR - 2019-07-31 15:49:15 --> 404 Page Not Found: Assets/js
ERROR - 2019-07-31 15:49:16 --> 404 Page Not Found: Assets/js
ERROR - 2019-07-31 15:49:17 --> 404 Page Not Found: Assets/js
ERROR - 2019-07-31 15:49:17 --> 404 Page Not Found: Assets/js
ERROR - 2019-07-31 15:49:29 --> 404 Page Not Found: Assets/js
ERROR - 2019-07-31 15:49:29 --> 404 Page Not Found: Assets/js
ERROR - 2019-07-31 15:49:33 --> 404 Page Not Found: Assets/js
ERROR - 2019-07-31 15:49:33 --> 404 Page Not Found: Assets/js
ERROR - 2019-07-31 15:49:42 --> Query error: ERRO:  inserção ou atualização em tabela "pedidos" viola restrição de chave estrangeira "pedidos_id_cc_pkey"
DETAIL:  Chave (id_depto, id_centro_custo)=(01.449.930/0001-90, 75250016) não está presente na tabela "setor". - Invalid query: INSERT INTO "pedidos" ("aprovar", "data_emissao", "data_fechado", "dh_aprovacao", "entrega_local", "entrega_turno", "id_centro_custo", "id_depto", "key_clientes", "key_clientes_aprovador", "key_clientes_solicitante", "key_funcionarios", "key_funcionarios_aprovador", "key_funcionarios_solicitante", "numero", "obs") VALUES ('1','2019-07-31',NULL,'2019-07-31 15:49:42','LOJA',1,'75250016','01.449.930/0001-90','01.449.930/0001-90','44.013.159/0080-10','44.013.159/0080-10','33090562','33017702','33017702',66194,'FELICIDADE')
ERROR - 2019-07-31 15:55:12 --> 404 Page Not Found: Assets/js
ERROR - 2019-07-31 15:55:12 --> 404 Page Not Found: Assets/js
ERROR - 2019-07-31 15:55:13 --> 404 Page Not Found: Assets/js
ERROR - 2019-07-31 15:55:13 --> 404 Page Not Found: Assets/js
ERROR - 2019-07-31 15:55:15 --> 404 Page Not Found: Assets/js
ERROR - 2019-07-31 15:55:15 --> 404 Page Not Found: Assets/js
ERROR - 2019-07-31 15:55:26 --> 404 Page Not Found: Assets/js
ERROR - 2019-07-31 15:55:26 --> 404 Page Not Found: Assets/js
ERROR - 2019-07-31 15:55:27 --> 404 Page Not Found: Assets/js
ERROR - 2019-07-31 15:55:27 --> 404 Page Not Found: Assets/js
ERROR - 2019-07-31 15:55:32 --> 404 Page Not Found: Assets/js
ERROR - 2019-07-31 15:55:32 --> 404 Page Not Found: Assets/js
ERROR - 2019-07-31 15:55:42 --> 404 Page Not Found: Assets/images
ERROR - 2019-07-31 15:55:42 --> 404 Page Not Found: Assets/images
ERROR - 2019-07-31 15:55:55 --> 404 Page Not Found: Assets/js
ERROR - 2019-07-31 15:55:55 --> 404 Page Not Found: Assets/js
ERROR - 2019-07-31 15:56:00 --> 404 Page Not Found: Assets/js
ERROR - 2019-07-31 15:56:00 --> 404 Page Not Found: Assets/js
ERROR - 2019-07-31 15:56:07 --> Query error: ERRO:  inserção ou atualização em tabela "pedidos" viola restrição de chave estrangeira "pedidos_id_cc_pkey"
DETAIL:  Chave (id_depto, id_centro_custo)=(01.449.930/0001-90, 75250016) não está presente na tabela "setor". - Invalid query: INSERT INTO "pedidos" ("aprovar", "data_emissao", "data_fechado", "dh_aprovacao", "entrega_local", "entrega_turno", "id_centro_custo", "id_depto", "key_clientes", "key_clientes_aprovador", "key_clientes_solicitante", "key_funcionarios", "key_funcionarios_aprovador", "key_funcionarios_solicitante", "numero", "obs") VALUES ('1','2019-07-31',NULL,'2019-07-31 15:56:07','LOJA',1,'75250016','01.449.930/0001-90','01.449.930/0001-90','44.013.159/0080-10','44.013.159/0080-10','33090635','33017702','33017702',66195,'ASD')
ERROR - 2019-07-31 16:03:13 --> 404 Page Not Found: Assets/js
ERROR - 2019-07-31 16:03:14 --> 404 Page Not Found: Assets/js
ERROR - 2019-07-31 16:05:16 --> 404 Page Not Found: Assets/js
ERROR - 2019-07-31 16:05:16 --> 404 Page Not Found: Assets/js
ERROR - 2019-07-31 16:05:45 --> 404 Page Not Found: Assets/js
ERROR - 2019-07-31 16:05:45 --> 404 Page Not Found: Assets/js
ERROR - 2019-07-31 16:06:11 --> Query error: ERRO:  inserção ou atualização em tabela "pedidos" viola restrição de chave estrangeira "pedidos_id_cc_pkey"
DETAIL:  Chave (id_depto, id_centro_custo)=(01.449.930/0001-90, RC-BR BT OP PM) não está presente na tabela "setor". - Invalid query: INSERT INTO "pedidos" ("aprovar", "data_emissao", "data_fechado", "dh_aprovacao", "entrega_local", "entrega_turno", "id_centro_custo", "id_depto", "key_clientes", "key_clientes_aprovador", "key_clientes_solicitante", "key_funcionarios", "key_funcionarios_aprovador", "key_funcionarios_solicitante", "numero", "obs") VALUES ('1','2019-07-31',NULL,'2019-07-31 16:06:11','LOJA',1,'RC-BR BT OP PM','01.449.930/0001-90','01.449.930/0001-90','44.013.159/0080-10','44.013.159/0080-10','33090635','33017702','33017702',66196,'ASD')
ERROR - 2019-07-31 16:25:44 --> 404 Page Not Found: Assets/js
ERROR - 2019-07-31 16:25:44 --> 404 Page Not Found: Assets/js
ERROR - 2019-07-31 16:26:20 --> 404 Page Not Found: Assets/js
ERROR - 2019-07-31 16:26:20 --> 404 Page Not Found: Assets/js
ERROR - 2019-07-31 16:26:21 --> 404 Page Not Found: Assets/js
ERROR - 2019-07-31 16:26:21 --> 404 Page Not Found: Assets/js
ERROR - 2019-07-31 16:27:06 --> 404 Page Not Found: Assets/images
ERROR - 2019-07-31 16:27:06 --> 404 Page Not Found: Assets/images
ERROR - 2019-07-31 16:28:02 --> 404 Page Not Found: Assets/images
ERROR - 2019-07-31 16:28:02 --> 404 Page Not Found: Assets/images
ERROR - 2019-07-31 16:35:44 --> 404 Page Not Found: Assets/js
ERROR - 2019-07-31 16:35:44 --> 404 Page Not Found: Assets/js
ERROR - 2019-07-31 16:35:47 --> 404 Page Not Found: Assets/js
ERROR - 2019-07-31 16:35:47 --> 404 Page Not Found: Assets/js
ERROR - 2019-07-31 16:36:10 --> 404 Page Not Found: Assets/images
ERROR - 2019-07-31 16:36:10 --> 404 Page Not Found: Assets/images
ERROR - 2019-07-31 16:36:16 --> 404 Page Not Found: Assets/images
ERROR - 2019-07-31 16:53:42 --> 404 Page Not Found: Assets/js
ERROR - 2019-07-31 16:53:42 --> 404 Page Not Found: Assets/js
ERROR - 2019-07-31 16:54:08 --> 404 Page Not Found: Assets/js
ERROR - 2019-07-31 16:54:08 --> 404 Page Not Found: Assets/js
ERROR - 2019-07-31 16:54:29 --> 404 Page Not Found: Assets/images
ERROR - 2019-07-31 16:54:29 --> 404 Page Not Found: Assets/images
ERROR - 2019-07-31 16:54:35 --> Severity: Warning --> utf8_decode() expects parameter 1 to be string, array given C:\wamp64\www\webpedidos\application\controllers\pedido\Template.php 106
ERROR - 2019-07-31 16:59:57 --> 404 Page Not Found: Assets/js
ERROR - 2019-07-31 16:59:57 --> 404 Page Not Found: Assets/js
ERROR - 2019-07-31 16:59:58 --> 404 Page Not Found: Assets/js
ERROR - 2019-07-31 16:59:58 --> 404 Page Not Found: Assets/js
ERROR - 2019-07-31 17:06:07 --> 404 Page Not Found: Assets/js
ERROR - 2019-07-31 17:06:07 --> 404 Page Not Found: Assets/js
ERROR - 2019-07-31 17:06:15 --> 404 Page Not Found: Assets/images
ERROR - 2019-07-31 17:06:15 --> 404 Page Not Found: Assets/images
ERROR - 2019-07-31 17:12:03 --> 404 Page Not Found: Assets/js
ERROR - 2019-07-31 17:12:03 --> 404 Page Not Found: Assets/js
ERROR - 2019-07-31 17:12:04 --> 404 Page Not Found: Assets/js
ERROR - 2019-07-31 17:12:04 --> 404 Page Not Found: Assets/js
ERROR - 2019-07-31 17:12:14 --> 404 Page Not Found: Assets/images
ERROR - 2019-07-31 17:12:14 --> 404 Page Not Found: Assets/images
ERROR - 2019-07-31 17:12:57 --> 404 Page Not Found: Assets/js
ERROR - 2019-07-31 17:12:57 --> 404 Page Not Found: Assets/js
ERROR - 2019-07-31 17:13:12 --> Query error: ERRO:  inserção ou atualização em tabela "pedidos" viola restrição de chave estrangeira "pedidos_id_cc_pkey"
DETAIL:  Chave (id_depto, id_centro_custo)=(01.449.930/0001-90, RC-BR BT OP PM) não está presente na tabela "setor". - Invalid query: INSERT INTO "pedidos" ("aprovar", "data_emissao", "data_fechado", "dh_aprovacao", "entrega_local", "entrega_turno", "id_centro_custo", "id_depto", "key_clientes", "key_clientes_aprovador", "key_clientes_solicitante", "key_funcionarios", "key_funcionarios_aprovador", "key_funcionarios_solicitante", "numero", "obs") VALUES ('1','2019-07-31',NULL,'2019-07-31 17:13:12','LOJA',1,'RC-BR BT OP PM','01.449.930/0001-90','01.449.930/0001-90','44.013.159/0080-10','44.013.159/0080-10','33090562','33017702','33017702',66197,'ASDASD')
ERROR - 2019-07-31 17:14:52 --> 404 Page Not Found: Assets/js
ERROR - 2019-07-31 17:14:52 --> 404 Page Not Found: Assets/js
ERROR - 2019-07-31 17:15:44 --> 404 Page Not Found: Assets/js
ERROR - 2019-07-31 17:15:44 --> 404 Page Not Found: Assets/js
ERROR - 2019-07-31 17:15:46 --> 404 Page Not Found: Assets/js
ERROR - 2019-07-31 17:15:46 --> 404 Page Not Found: Assets/js
ERROR - 2019-07-31 17:16:16 --> 404 Page Not Found: Assets/images
ERROR - 2019-07-31 17:16:16 --> 404 Page Not Found: Assets/images
ERROR - 2019-07-31 17:23:38 --> 404 Page Not Found: Assets/js
ERROR - 2019-07-31 17:23:38 --> 404 Page Not Found: Assets/js
ERROR - 2019-07-31 17:23:39 --> 404 Page Not Found: Assets/js
ERROR - 2019-07-31 17:23:39 --> 404 Page Not Found: Assets/js
ERROR - 2019-07-31 17:23:41 --> 404 Page Not Found: Assets/js
ERROR - 2019-07-31 17:23:41 --> 404 Page Not Found: Assets/js
ERROR - 2019-07-31 17:23:41 --> 404 Page Not Found: Assets/js
ERROR - 2019-07-31 17:23:41 --> 404 Page Not Found: Assets/js
ERROR - 2019-07-31 17:23:45 --> 404 Page Not Found: Assets/js
ERROR - 2019-07-31 17:23:45 --> 404 Page Not Found: Assets/js
ERROR - 2019-07-31 17:23:57 --> Query error: ERRO:  inserção ou atualização em tabela "pedidos" viola restrição de chave estrangeira "pedidos_id_cc_pkey"
DETAIL:  Chave (id_depto, id_centro_custo)=(01.449.930/0001-90, RC-BR BT OP PM) não está presente na tabela "setor". - Invalid query: INSERT INTO "pedidos" ("aprovar", "data_emissao", "data_fechado", "dh_aprovacao", "entrega_local", "entrega_turno", "id_centro_custo", "id_depto", "key_clientes", "key_clientes_aprovador", "key_clientes_solicitante", "key_funcionarios", "key_funcionarios_aprovador", "key_funcionarios_solicitante", "numero", "obs") VALUES ('1','2019-07-31',NULL,'2019-07-31 17:23:57','LOJA',1,'RC-BR BT OP PM','01.449.930/0001-90','01.449.930/0001-90','44.013.159/0080-10','44.013.159/0080-10','33090635','33017702','33017702',66198,'ASDASD')
ERROR - 2019-07-31 21:15:56 --> Unable to connect to the database
ERROR - 2019-07-31 21:18:55 --> Severity: Error --> Maximum execution time of 120 seconds exceeded C:\wamp64\www\system\database\drivers\pdo\subdrivers\pdo_pgsql_driver.php 121
ERROR - 2019-07-31 21:19:53 --> Unable to connect to the database
ERROR - 2019-07-31 21:20:49 --> Unable to connect to the database
ERROR - 2019-07-31 21:24:14 --> 404 Page Not Found: Assets/js
ERROR - 2019-07-31 21:24:14 --> 404 Page Not Found: Assets/js
ERROR - 2019-07-31 21:24:21 --> 404 Page Not Found: Assets/js
ERROR - 2019-07-31 21:24:21 --> 404 Page Not Found: Assets/js
ERROR - 2019-07-31 21:24:22 --> 404 Page Not Found: Assets/js
ERROR - 2019-07-31 21:24:22 --> 404 Page Not Found: Assets/js
ERROR - 2019-07-31 21:24:49 --> 404 Page Not Found: Assets/images
ERROR - 2019-07-31 21:24:49 --> 404 Page Not Found: Assets/images
ERROR - 2019-07-31 21:25:07 --> 404 Page Not Found: Assets/js
ERROR - 2019-07-31 21:25:07 --> 404 Page Not Found: Assets/js
ERROR - 2019-07-31 21:25:19 --> Query error: ERRO:  inserção ou atualização em tabela "pedidos" viola restrição de chave estrangeira "pedidos_id_cc_pkey"
DETAIL:  Chave (id_depto, id_centro_custo)=(01.449.930/0001-90, RC-BR BT OP PM) não está presente na tabela "setor". - Invalid query: INSERT INTO "pedidos" ("aprovar", "data_emissao", "data_fechado", "dh_aprovacao", "entrega_local", "entrega_turno", "id_centro_custo", "id_depto", "key_clientes", "key_clientes_aprovador", "key_clientes_solicitante", "key_funcionarios", "key_funcionarios_aprovador", "key_funcionarios_solicitante", "numero", "obs") VALUES ('1','2019-07-31',NULL,'2019-07-31 21:25:19','LOJA',1,'RC-BR BT OP PM','01.449.930/0001-90','01.449.930/0001-90','44.013.159/0080-10','44.013.159/0080-10','33090562','33017702','33017702',66199,'COM M TÁ')
ERROR - 2019-07-31 21:28:48 --> 404 Page Not Found: Assets/js
ERROR - 2019-07-31 21:28:48 --> 404 Page Not Found: Assets/js
ERROR - 2019-07-31 21:28:58 --> Query error: ERRO:  inserção ou atualização em tabela "pedidos" viola restrição de chave estrangeira "pedidos_id_cc_pkey"
DETAIL:  Chave (id_depto, id_centro_custo)=(01.449.930/0001-90, RC-BR BT OP PM) não está presente na tabela "setor". - Invalid query: INSERT INTO "pedidos" ("aprovar", "data_emissao", "data_fechado", "dh_aprovacao", "entrega_local", "entrega_turno", "id_centro_custo", "id_depto", "key_clientes", "key_clientes_aprovador", "key_clientes_solicitante", "key_funcionarios", "key_funcionarios_aprovador", "key_funcionarios_solicitante", "numero", "obs") VALUES ('1','2019-07-31',NULL,'2019-07-31 21:28:58','LOJA',1,'RC-BR BT OP PM','01.449.930/0001-90','01.449.930/0001-90','44.013.159/0080-10','44.013.159/0080-10','33090562','33017702','33017702',66200,'COM M TÁ')
ERROR - 2019-07-31 21:45:10 --> 404 Page Not Found: Assets/js
ERROR - 2019-07-31 21:45:10 --> 404 Page Not Found: Assets/js
ERROR - 2019-07-31 21:45:11 --> 404 Page Not Found: Assets/js
ERROR - 2019-07-31 21:45:11 --> 404 Page Not Found: Assets/js
ERROR - 2019-07-31 21:46:25 --> 404 Page Not Found: Assets/js
ERROR - 2019-07-31 21:46:25 --> 404 Page Not Found: Assets/js
ERROR - 2019-07-31 21:46:27 --> 404 Page Not Found: Assets/js
ERROR - 2019-07-31 21:46:27 --> 404 Page Not Found: Assets/js
ERROR - 2019-07-31 21:46:29 --> 404 Page Not Found: Assets/js
ERROR - 2019-07-31 21:46:29 --> 404 Page Not Found: Assets/js
ERROR - 2019-07-31 21:46:31 --> 404 Page Not Found: Assets/js
ERROR - 2019-07-31 21:46:31 --> 404 Page Not Found: Assets/js
ERROR - 2019-07-31 21:48:48 --> 404 Page Not Found: Assets/images
ERROR - 2019-07-31 21:48:49 --> 404 Page Not Found: Assets/images
ERROR - 2019-07-31 21:49:23 --> 404 Page Not Found: Assets/js
ERROR - 2019-07-31 21:49:23 --> 404 Page Not Found: Assets/js
ERROR - 2019-07-31 21:52:43 --> 404 Page Not Found: Assets/js
ERROR - 2019-07-31 21:52:43 --> 404 Page Not Found: Assets/js
ERROR - 2019-07-31 21:52:44 --> 404 Page Not Found: Assets/js
ERROR - 2019-07-31 21:52:45 --> 404 Page Not Found: Assets/js
ERROR - 2019-07-31 21:52:50 --> 404 Page Not Found: Assets/js
ERROR - 2019-07-31 21:52:50 --> 404 Page Not Found: Assets/js
ERROR - 2019-07-31 21:53:09 --> 404 Page Not Found: Assets/images
ERROR - 2019-07-31 21:53:09 --> 404 Page Not Found: Assets/images
ERROR - 2019-07-31 22:01:21 --> 404 Page Not Found: Assets/js
ERROR - 2019-07-31 22:01:21 --> 404 Page Not Found: Assets/js
ERROR - 2019-07-31 22:01:22 --> 404 Page Not Found: Assets/js
ERROR - 2019-07-31 22:01:22 --> 404 Page Not Found: Assets/js
ERROR - 2019-07-31 22:01:29 --> 404 Page Not Found: Assets/js
ERROR - 2019-07-31 22:01:29 --> 404 Page Not Found: Assets/js
ERROR - 2019-07-31 22:01:50 --> 404 Page Not Found: Assets/images
ERROR - 2019-07-31 22:01:50 --> 404 Page Not Found: Assets/images
ERROR - 2019-07-31 22:02:33 --> 404 Page Not Found: Assets/js
ERROR - 2019-07-31 22:02:33 --> 404 Page Not Found: Assets/js
ERROR - 2019-07-31 22:02:46 --> 404 Page Not Found: Assets/js
ERROR - 2019-07-31 22:02:46 --> 404 Page Not Found: Assets/js
ERROR - 2019-07-31 22:16:20 --> 404 Page Not Found: Assets/js
ERROR - 2019-07-31 22:16:20 --> 404 Page Not Found: Assets/js
ERROR - 2019-07-31 22:16:26 --> Severity: error --> Exception: syntax error, unexpected ''id_centro_custo'' (T_CONSTANT_ENCAPSED_STRING), expecting ')' C:\wamp64\www\webpedidos\application\controllers\pedido\Template.php 96
ERROR - 2019-07-31 22:16:49 --> 404 Page Not Found: Assets/js
ERROR - 2019-07-31 22:16:49 --> 404 Page Not Found: Assets/js
ERROR - 2019-07-31 22:17:25 --> 404 Page Not Found: Assets/images
ERROR - 2019-07-31 22:17:25 --> 404 Page Not Found: Assets/images
ERROR - 2019-07-31 22:19:56 --> 404 Page Not Found: Assets/js
ERROR - 2019-07-31 22:19:56 --> 404 Page Not Found: Assets/js
ERROR - 2019-07-31 22:20:40 --> 404 Page Not Found: Assets/js
ERROR - 2019-07-31 22:20:40 --> 404 Page Not Found: Assets/js
ERROR - 2019-07-31 22:23:28 --> 404 Page Not Found: Assets/js
ERROR - 2019-07-31 22:23:28 --> 404 Page Not Found: Assets/js
ERROR - 2019-07-31 22:23:29 --> 404 Page Not Found: Assets/js
ERROR - 2019-07-31 22:23:29 --> 404 Page Not Found: Assets/js
ERROR - 2019-07-31 22:23:34 --> 404 Page Not Found: Assets/js
ERROR - 2019-07-31 22:23:34 --> 404 Page Not Found: Assets/js
ERROR - 2019-07-31 22:28:56 --> 404 Page Not Found: Assets/js
ERROR - 2019-07-31 22:28:56 --> 404 Page Not Found: Assets/js
ERROR - 2019-07-31 22:28:57 --> Query error: ERRO:  SELECT * sem tabelas especificadas não é válido
LINE 1: SELECT *
               ^ - Invalid query: SELECT *
ERROR - 2019-07-31 22:28:57 --> Severity: Warning --> Cannot modify header information - headers already sent by (output started at C:\wamp64\www\webpedidos\application\models\pedido\Template_model.php:34) C:\wamp64\www\system\core\Common.php 570
ERROR - 2019-07-31 22:28:57 --> 404 Page Not Found: Assets/js
ERROR - 2019-07-31 22:28:57 --> 404 Page Not Found: Assets/js
ERROR - 2019-07-31 22:28:58 --> Query error: ERRO:  SELECT * sem tabelas especificadas não é válido
LINE 1: SELECT *
               ^ - Invalid query: SELECT *
ERROR - 2019-07-31 22:28:58 --> Severity: Warning --> Cannot modify header information - headers already sent by (output started at C:\wamp64\www\webpedidos\application\models\pedido\Template_model.php:34) C:\wamp64\www\system\core\Common.php 570
ERROR - 2019-07-31 22:29:00 --> 404 Page Not Found: Assets/js
ERROR - 2019-07-31 22:29:00 --> 404 Page Not Found: Assets/js
ERROR - 2019-07-31 22:29:01 --> Query error: ERRO:  SELECT * sem tabelas especificadas não é válido
LINE 1: SELECT *
               ^ - Invalid query: SELECT *
ERROR - 2019-07-31 22:29:01 --> Severity: Warning --> Cannot modify header information - headers already sent by (output started at C:\wamp64\www\webpedidos\application\models\pedido\Template_model.php:34) C:\wamp64\www\system\core\Common.php 570
ERROR - 2019-07-31 22:29:24 --> 404 Page Not Found: Assets/js
ERROR - 2019-07-31 22:29:24 --> 404 Page Not Found: Assets/js
ERROR - 2019-07-31 22:29:25 --> Query error: ERRO:  SELECT * sem tabelas especificadas não é válido
LINE 1: SELECT *
               ^ - Invalid query: SELECT *
ERROR - 2019-07-31 22:29:25 --> Severity: Warning --> Cannot modify header information - headers already sent by (output started at C:\wamp64\www\webpedidos\application\models\pedido\Template_model.php:34) C:\wamp64\www\system\core\Common.php 570
ERROR - 2019-07-31 22:35:08 --> 404 Page Not Found: Assets/js
ERROR - 2019-07-31 22:35:08 --> 404 Page Not Found: Assets/js
ERROR - 2019-07-31 22:35:09 --> 404 Page Not Found: Assets/js
ERROR - 2019-07-31 22:35:09 --> 404 Page Not Found: Assets/js
ERROR - 2019-07-31 22:35:10 --> 404 Page Not Found: Assets/js
ERROR - 2019-07-31 22:35:10 --> 404 Page Not Found: Assets/js
ERROR - 2019-07-31 22:35:15 --> 404 Page Not Found: Assets/js
ERROR - 2019-07-31 22:35:15 --> 404 Page Not Found: Assets/js
ERROR - 2019-07-31 22:35:17 --> Query error: ERRO:  SELECT * sem tabelas especificadas não é válido
LINE 1: SELECT *
               ^ - Invalid query: SELECT *
ERROR - 2019-07-31 22:35:17 --> Severity: Warning --> Cannot modify header information - headers already sent by (output started at C:\wamp64\www\webpedidos\application\models\pedido\Template_model.php:34) C:\wamp64\www\system\core\Common.php 570
ERROR - 2019-07-31 22:46:54 --> Query error: ERRO:  SELECT * sem tabelas especificadas não é válido
LINE 1: SELECT *
               ^ - Invalid query: SELECT *
ERROR - 2019-07-31 22:46:54 --> Severity: Warning --> Cannot modify header information - headers already sent by (output started at C:\wamp64\www\webpedidos\application\models\pedido\Template_model.php:34) C:\wamp64\www\system\core\Common.php 570
ERROR - 2019-07-31 22:49:00 --> 404 Page Not Found: Assets/js
ERROR - 2019-07-31 22:49:00 --> 404 Page Not Found: Assets/js
ERROR - 2019-07-31 22:49:01 --> 404 Page Not Found: Assets/js
ERROR - 2019-07-31 22:49:01 --> 404 Page Not Found: Assets/js
ERROR - 2019-07-31 22:49:03 --> Query error: ERRO:  SELECT * sem tabelas especificadas não é válido
LINE 1: SELECT *
               ^ - Invalid query: SELECT *
ERROR - 2019-07-31 22:49:03 --> Severity: Warning --> Cannot modify header information - headers already sent by (output started at C:\wamp64\www\webpedidos\application\models\pedido\Template_model.php:34) C:\wamp64\www\system\core\Common.php 570
ERROR - 2019-07-31 22:51:09 --> 404 Page Not Found: Assets/js
ERROR - 2019-07-31 22:51:09 --> 404 Page Not Found: Assets/js
ERROR - 2019-07-31 22:51:10 --> 404 Page Not Found: Assets/js
ERROR - 2019-07-31 22:51:10 --> 404 Page Not Found: Assets/js
ERROR - 2019-07-31 22:52:49 --> 404 Page Not Found: Assets/js
ERROR - 2019-07-31 22:52:49 --> 404 Page Not Found: Assets/js
ERROR - 2019-07-31 22:52:50 --> 404 Page Not Found: Assets/js
ERROR - 2019-07-31 22:52:50 --> 404 Page Not Found: Assets/js
ERROR - 2019-07-31 22:55:43 --> 404 Page Not Found: Assets/js
ERROR - 2019-07-31 22:55:43 --> 404 Page Not Found: Assets/js
ERROR - 2019-07-31 22:55:44 --> 404 Page Not Found: Assets/js
ERROR - 2019-07-31 22:55:44 --> 404 Page Not Found: Assets/js
ERROR - 2019-07-31 22:56:23 --> 404 Page Not Found: Assets/js
ERROR - 2019-07-31 22:56:23 --> 404 Page Not Found: Assets/js
ERROR - 2019-07-31 22:56:43 --> 404 Page Not Found: Assets/js
ERROR - 2019-07-31 22:56:43 --> 404 Page Not Found: Assets/js
ERROR - 2019-07-31 22:56:50 --> 404 Page Not Found: Assets/js
ERROR - 2019-07-31 22:56:50 --> 404 Page Not Found: Assets/js
ERROR - 2019-07-31 22:57:00 --> 404 Page Not Found: Assets/js
ERROR - 2019-07-31 22:57:00 --> 404 Page Not Found: Assets/js
ERROR - 2019-07-31 22:57:14 --> 404 Page Not Found: Assets/js
ERROR - 2019-07-31 22:57:14 --> 404 Page Not Found: Assets/js
ERROR - 2019-07-31 22:57:36 --> 404 Page Not Found: Assets/js
ERROR - 2019-07-31 22:57:36 --> 404 Page Not Found: Assets/js
ERROR - 2019-07-31 22:58:10 --> 404 Page Not Found: Assets/js
ERROR - 2019-07-31 22:58:10 --> 404 Page Not Found: Assets/js
ERROR - 2019-07-31 22:58:43 --> 404 Page Not Found: Assets/images
ERROR - 2019-07-31 22:58:43 --> 404 Page Not Found: Assets/images
ERROR - 2019-07-31 22:58:44 --> 404 Page Not Found: Assets/images
ERROR - 2019-07-31 22:58:52 --> 404 Page Not Found: Assets/images
ERROR - 2019-07-31 22:58:52 --> 404 Page Not Found: Assets/images
ERROR - 2019-07-31 22:59:30 --> 404 Page Not Found: Assets/js
ERROR - 2019-07-31 22:59:30 --> 404 Page Not Found: Assets/js
ERROR - 2019-07-31 23:01:06 --> 404 Page Not Found: Assets/images
ERROR - 2019-07-31 23:01:06 --> 404 Page Not Found: Assets/images
ERROR - 2019-07-31 23:01:19 --> 404 Page Not Found: Assets/js
ERROR - 2019-07-31 23:01:19 --> 404 Page Not Found: Assets/js
ERROR - 2019-07-31 23:01:53 --> 404 Page Not Found: Assets/images
ERROR - 2019-07-31 23:01:53 --> 404 Page Not Found: Assets/images
ERROR - 2019-07-31 23:01:53 --> 404 Page Not Found: Assets/images
ERROR - 2019-07-31 23:01:53 --> 404 Page Not Found: Assets/images
ERROR - 2019-07-31 23:02:36 --> 404 Page Not Found: Assets/js
ERROR - 2019-07-31 23:02:36 --> 404 Page Not Found: Assets/js
ERROR - 2019-07-31 23:02:46 --> 404 Page Not Found: Assets/js
ERROR - 2019-07-31 23:02:46 --> 404 Page Not Found: Assets/js
ERROR - 2019-07-31 23:03:04 --> 404 Page Not Found: Assets/images
ERROR - 2019-07-31 23:03:04 --> 404 Page Not Found: Assets/images
ERROR - 2019-07-31 23:03:21 --> 404 Page Not Found: Assets/js
ERROR - 2019-07-31 23:03:21 --> 404 Page Not Found: Assets/js
ERROR - 2019-07-31 23:03:28 --> 404 Page Not Found: Assets/js
ERROR - 2019-07-31 23:03:28 --> 404 Page Not Found: Assets/js
ERROR - 2019-07-31 23:03:42 --> 404 Page Not Found: Assets/js
ERROR - 2019-07-31 23:03:42 --> 404 Page Not Found: Assets/js
ERROR - 2019-07-31 23:03:52 --> 404 Page Not Found: Assets/js
ERROR - 2019-07-31 23:03:52 --> 404 Page Not Found: Assets/js
