ERROR - 2019-09-29 19:35:36 --> 404 Page Not Found: Assets/js
ERROR - 2019-09-29 19:35:36 --> 404 Page Not Found: Assets/js
ERROR - 2019-09-29 19:35:37 --> 404 Page Not Found: Assets/js
ERROR - 2019-09-29 19:35:37 --> 404 Page Not Found: Assets/js
ERROR - 2019-09-29 19:36:06 --> 404 Page Not Found: grupoacesso/Grupoacesso/index
ERROR - 2019-09-29 19:36:07 --> 404 Page Not Found: grupoacesso/Grupoacesso/index
ERROR - 2019-09-29 19:48:42 --> 404 Page Not Found: grupoacesso/Grupoacesso/index
ERROR - 2019-09-29 19:48:55 --> 404 Page Not Found: Assets/js
ERROR - 2019-09-29 19:48:55 --> 404 Page Not Found: Assets/js
ERROR - 2019-09-29 19:49:44 --> 404 Page Not Found: Assets/js
ERROR - 2019-09-29 19:49:45 --> 404 Page Not Found: Assets/js
ERROR - 2019-09-29 19:49:56 --> 404 Page Not Found: Assets/js
ERROR - 2019-09-29 19:49:56 --> 404 Page Not Found: Assets/js
ERROR - 2019-09-29 20:17:15 --> SMTP connect() failed. https://github.com/PHPMailer/PHPMailer/wiki/Troubleshooting
ERROR - 2019-09-29 20:17:35 --> Query error: ERRO:  coluna "webSenhasAnterioresID" não existe
LINE 1: SELECT MIN("webSenhasAnterioresID") AS "webSenhasAnterioresI...
                   ^ - Invalid query: SELECT MIN("webSenhasAnterioresID") AS "webSenhasAnterioresID"
FROM "web_login_senhas_anteriores"
WHERE "webloginid" = 'FITASSUL2'
ERROR - 2019-09-29 20:21:26 --> Query error: ERRO:  coluna "webSenhasAnterioresID" não existe
LINE 1: SELECT MIN("webSenhasAnterioresID") AS "webSenhasAnterioresI...
                   ^ - Invalid query: SELECT MIN("webSenhasAnterioresID") AS "webSenhasAnterioresID"
FROM "web_login_senhas_anteriores"
WHERE "webloginid" = 'FITASSUL2'
ERROR - 2019-09-29 20:23:12 --> Query error: ERRO:  coluna "webSenhasAnterioresID" não existe
LINE 1: SELECT MIN("webSenhasAnterioresID") AS "webSenhasAnterioresI...
                   ^ - Invalid query: SELECT MIN("webSenhasAnterioresID") AS "webSenhasAnterioresID"
FROM "web_login_senhas_anteriores"
WHERE "webloginid" = 'FITASSUL2'
ERROR - 2019-09-29 20:23:15 --> Query error: ERRO:  coluna "webSenhasAnterioresID" não existe
LINE 1: SELECT MIN("webSenhasAnterioresID") AS "webSenhasAnterioresI...
                   ^ - Invalid query: SELECT MIN("webSenhasAnterioresID") AS "webSenhasAnterioresID"
FROM "web_login_senhas_anteriores"
WHERE "webloginid" = 'FITASSUL2'
ERROR - 2019-09-29 20:23:33 --> Query error: ERRO:  coluna "webSenhasAnterioresID" não existe
LINE 1: SELECT MIN("webSenhasAnterioresID") AS "webSenhasAnterioresI...
                   ^ - Invalid query: SELECT MIN("webSenhasAnterioresID") AS "webSenhasAnterioresID"
FROM "web_login_senhas_anteriores"
WHERE "webloginid" = 'FITASSUL2'
ERROR - 2019-09-29 20:51:23 --> Query error: ERRO:  coluna "webSenhasAnterioresID" não existe
LINE 1: SELECT MIN("webSenhasAnterioresID") AS "webSenhasAnterioresI...
                   ^ - Invalid query: SELECT MIN("webSenhasAnterioresID") AS "webSenhasAnterioresID"
FROM "web_login_senhas_anteriores"
WHERE "webloginid" = 'FITASSUL2'
ERROR - 2019-09-29 20:52:39 --> Query error: ERRO:  coluna "webSenhasAnterioresID" não existe
LINE 1: SELECT MIN("webSenhasAnterioresID") AS "webSenhasAnterioresI...
                   ^ - Invalid query: SELECT MIN("webSenhasAnterioresID") AS "webSenhasAnterioresID"
FROM "web_login_senhas_anteriores"
WHERE "webloginid" = 'FITASSUL2'
ERROR - 2019-09-29 20:52:42 --> Query error: ERRO:  coluna "webSenhasAnterioresID" não existe
LINE 1: SELECT MIN("webSenhasAnterioresID") AS "webSenhasAnterioresI...
                   ^ - Invalid query: SELECT MIN("webSenhasAnterioresID") AS "webSenhasAnterioresID"
FROM "web_login_senhas_anteriores"
WHERE "webloginid" = 'FITASSUL2'
ERROR - 2019-09-29 21:04:38 --> Query error: ERRO:  sintaxe de entrada é inválida para integer: "FITASSUL2"
LINE 3: WHERE "webloginid" = 'FITASSUL2'
                             ^ - Invalid query: SELECT MIN("websenhasanterioresid") AS "websenhasanterioresid"
FROM "web_login_senhas_anteriores"
WHERE "webloginid" = 'FITASSUL2'
ERROR - 2019-09-29 21:25:11 --> Query error: ERRO:  sintaxe de entrada é inválida para integer: "FITASSUL2"
LINE 3: WHERE "webloginid" = 'FITASSUL2'
                             ^ - Invalid query: SELECT MIN("websenhasanterioresid") AS "websenhasanterioresid"
FROM "web_login_senhas_anteriores"
WHERE "webloginid" = 'FITASSUL2'
ERROR - 2019-09-29 21:40:08 --> Query error: ERRO:  sintaxe de entrada é inválida para integer: "FITASSUL2"
LINE 3: WHERE "webloginid" = 'FITASSUL2'
                             ^ - Invalid query: SELECT MIN("websenhasanterioresid") AS "websenhasanterioresid"
FROM "web_login_senhas_anteriores"
WHERE "webloginid" = 'FITASSUL2'
ERROR - 2019-09-29 21:49:52 --> Query error: ERRO:  sintaxe de entrada é inválida para integer: "FITASSUL2"
LINE 3: WHERE "webloginid" = 'FITASSUL2'
                             ^ - Invalid query: SELECT MIN("websenhasanterioresid") AS "websenhasanterioresid"
FROM "web_login_senhas_anteriores"
WHERE "webloginid" = 'FITASSUL2'
ERROR - 2019-09-29 21:51:14 --> Query error: ERRO:  sintaxe de entrada é inválida para integer: "FITASSUL2"
LINE 3: WHERE "webloginid" = 'FITASSUL2'
                             ^ - Invalid query: SELECT MIN("websenhasanterioresid") AS "websenhasanterioresid"
FROM "web_login_senhas_anteriores"
WHERE "webloginid" = 'FITASSUL2'
ERROR - 2019-09-29 21:59:02 --> Query error: ERRO:  sintaxe de entrada é inválida para integer: "FITASSUL2"
LINE 3: WHERE "webloginid" = 'FITASSUL2'
                             ^ - Invalid query: SELECT MIN("websenhasanterioresid") AS "websenhasanterioresid"
FROM "web_login_senhas_anteriores"
WHERE "webloginid" = 'FITASSUL2'
ERROR - 2019-09-29 22:13:51 --> Query error: ERRO:  sintaxe de entrada é inválida para integer: "FITASSUL2"
LINE 3: WHERE "webloginid" = 'FITASSUL2'
                             ^ - Invalid query: SELECT MIN("websenhasanterioresid") AS "websenhasanterioresid"
FROM "web_login_senhas_anteriores"
WHERE "webloginid" = 'FITASSUL2'
ERROR - 2019-09-29 22:15:58 --> Query error: ERRO:  sintaxe de entrada é inválida para integer: "FITASSUL2"
LINE 3: WHERE "webloginid" = 'FITASSUL2'
                             ^ - Invalid query: SELECT MIN("websenhasanterioresid") AS "websenhasanterioresid"
FROM "web_login_senhas_anteriores"
WHERE "webloginid" = 'FITASSUL2'
ERROR - 2019-09-29 22:16:51 --> Query error: ERRO:  sintaxe de entrada é inválida para integer: "FITASSUL2"
LINE 3: WHERE "webloginid" = 'FITASSUL2'
                             ^ - Invalid query: SELECT MIN("websenhasanterioresid") AS "websenhasanterioresid"
FROM "web_login_senhas_anteriores"
WHERE "webloginid" = 'FITASSUL2'
ERROR - 2019-09-29 22:23:10 --> Query error: ERRO:  coluna "usuario" não existe
LINE 3: WHERE "usuario" = 'FITASSUL2'
              ^ - Invalid query: SELECT MIN("websenhasanterioresid") AS "websenhasanterioresid"
FROM "web_login_senhas_anteriores"
WHERE "usuario" = 'FITASSUL2'
ERROR - 2019-09-29 22:29:06 --> Severity: Notice --> Undefined property: stdClass::$webSenhasAnterioresID C:\wamp64\www\webpedidos\application\models\usuario\Usuario_model.php 144
ERROR - 2019-09-29 22:29:06 --> Query error: ERRO:  coluna "webSenhasAnterioresID" não existe
LINE 2: WHERE "webSenhasAnterioresID" IS NULL
              ^ - Invalid query: DELETE FROM "web_login_senhas_anteriores"
WHERE "webSenhasAnterioresID" IS NULL
ERROR - 2019-09-29 22:31:34 --> Severity: Notice --> Undefined property: stdClass::$webSenhasAnterioresID C:\wamp64\www\webpedidos\application\models\usuario\Usuario_model.php 144
ERROR - 2019-09-29 22:31:34 --> SMTP connect() failed. https://github.com/PHPMailer/PHPMailer/wiki/Troubleshooting
ERROR - 2019-09-29 22:32:25 --> SMTP connect() failed. https://github.com/PHPMailer/PHPMailer/wiki/Troubleshooting
ERROR - 2019-09-29 22:32:51 --> SMTP connect() failed. https://github.com/PHPMailer/PHPMailer/wiki/Troubleshooting
ERROR - 2019-09-29 22:33:08 --> SMTP connect() failed. https://github.com/PHPMailer/PHPMailer/wiki/Troubleshooting
ERROR - 2019-09-29 23:59:35 --> 404 Page Not Found: Assets/js
ERROR - 2019-09-29 23:59:35 --> 404 Page Not Found: Assets/js
ERROR - 2019-09-29 23:59:36 --> 404 Page Not Found: Assets/js
ERROR - 2019-09-29 23:59:36 --> 404 Page Not Found: Assets/js
