ERROR - 2019-10-30 10:50:37 --> Query error: ERRO:  relação "funcion2arios" não existe
LINE 3: JOIN "funcion2arios" "f" ON "f"."matricula" = "pe"."key_func...
             ^ - Invalid query: SELECT CAST(pe.numero AS INTEGER) as numero, "f"."nome", "pe"."data_emissao", "pe"."status", "pe"."obs", "pe"."aprovar", "pe"."entrega_turno" AS "turno", "pe"."entrega_local" AS "entrega", "fs"."nome" AS "solicitante", "fa"."nome" AS "aprovador", "pe"."id_centro_custo" AS "cc", "s"."nome" AS "setor"
FROM "pedidos" "pe"
JOIN "funcion2arios" "f" ON "f"."matricula" = "pe"."key_funcionarios"
JOIN "funcionarios" "fa" ON "fa"."matricula" = "pe"."key_funcionarios_aprovador"
JOIN "funcionarios" "fs" ON "fs"."matricula" = "pe"."key_funcionarios_solicitante"
JOIN "setor" "s" ON "s"."id_centro_custo" = "pe"."id_centro_custo" AND "s"."id_depto" = "pe"."id_depto"
WHERE "pe"."key_funcionarios_solicitante" = '33017702'
ORDER BY "numero" DESC
 LIMIT 10
ERROR - 2019-10-30 10:50:45 --> 404 Page Not Found: Assets/js
ERROR - 2019-10-30 10:50:46 --> 404 Page Not Found: Assets/js
ERROR - 2019-10-30 10:50:53 --> 404 Page Not Found: Assets/js
ERROR - 2019-10-30 10:50:53 --> 404 Page Not Found: Assets/js
ERROR - 2019-10-30 10:50:53 --> Query error: ERRO:  relação "funcion2arios" não existe
LINE 3: JOIN "funcion2arios" "f" ON "f"."matricula" = "pe"."key_func...
             ^ - Invalid query: SELECT CAST(pe.numero AS INTEGER) as numero, "f"."nome", "pe"."data_emissao", "pe"."status", "pe"."obs", "pe"."aprovar", "pe"."entrega_turno" AS "turno", "pe"."entrega_local" AS "entrega", "fs"."nome" AS "solicitante", "fa"."nome" AS "aprovador", "pe"."id_centro_custo" AS "cc", "s"."nome" AS "setor"
FROM "pedidos" "pe"
JOIN "funcion2arios" "f" ON "f"."matricula" = "pe"."key_funcionarios"
JOIN "funcionarios" "fa" ON "fa"."matricula" = "pe"."key_funcionarios_aprovador"
JOIN "funcionarios" "fs" ON "fs"."matricula" = "pe"."key_funcionarios_solicitante"
JOIN "setor" "s" ON "s"."id_centro_custo" = "pe"."id_centro_custo" AND "s"."id_depto" = "pe"."id_depto"
WHERE "pe"."key_funcionarios_solicitante" = '33017702'
ORDER BY "numero" DESC
 LIMIT 10
ERROR - 2019-10-30 10:52:50 --> 404 Page Not Found: Assets/js
ERROR - 2019-10-30 10:52:50 --> 404 Page Not Found: Assets/js
ERROR - 2019-10-30 10:53:05 --> 404 Page Not Found: Assets/js
ERROR - 2019-10-30 10:53:05 --> 404 Page Not Found: Assets/js
ERROR - 2019-10-30 10:53:09 --> 404 Page Not Found: Assets/js
ERROR - 2019-10-30 10:53:09 --> 404 Page Not Found: Assets/js
ERROR - 2019-10-30 10:58:29 --> 404 Page Not Found: Assets/js
ERROR - 2019-10-30 10:58:29 --> 404 Page Not Found: Assets/js
ERROR - 2019-10-30 10:58:32 --> 404 Page Not Found: Assets/js
ERROR - 2019-10-30 10:58:32 --> 404 Page Not Found: Assets/js
ERROR - 2019-10-30 10:58:34 --> 404 Page Not Found: Assets/js
ERROR - 2019-10-30 10:58:34 --> 404 Page Not Found: Assets/js
ERROR - 2019-10-30 10:59:08 --> 404 Page Not Found: Assets/js
ERROR - 2019-10-30 10:59:08 --> 404 Page Not Found: Assets/js
ERROR - 2019-10-30 11:04:59 --> 404 Page Not Found: Assets/js
ERROR - 2019-10-30 11:04:59 --> 404 Page Not Found: Assets/js
ERROR - 2019-10-30 11:05:04 --> 404 Page Not Found: Assets/js
ERROR - 2019-10-30 11:05:04 --> 404 Page Not Found: Assets/js
ERROR - 2019-10-30 11:05:44 --> 404 Page Not Found: Assets/js
ERROR - 2019-10-30 11:05:44 --> 404 Page Not Found: Assets/js
ERROR - 2019-10-30 11:05:45 --> 404 Page Not Found: Assets/js
ERROR - 2019-10-30 11:05:45 --> 404 Page Not Found: Assets/js
ERROR - 2019-10-30 11:05:47 --> 404 Page Not Found: Assets/js
ERROR - 2019-10-30 11:05:47 --> 404 Page Not Found: Assets/js
ERROR - 2019-10-30 11:06:30 --> 404 Page Not Found: Assets/js
ERROR - 2019-10-30 11:06:30 --> 404 Page Not Found: Assets/js
ERROR - 2019-10-30 11:06:31 --> 404 Page Not Found: Assets/js
ERROR - 2019-10-30 11:06:31 --> 404 Page Not Found: Assets/js
ERROR - 2019-10-30 11:06:38 --> 404 Page Not Found: Assets/js
ERROR - 2019-10-30 11:06:38 --> 404 Page Not Found: Assets/js
ERROR - 2019-10-30 11:41:14 --> 404 Page Not Found: Assets/js
ERROR - 2019-10-30 11:41:14 --> 404 Page Not Found: Assets/js
ERROR - 2019-10-30 12:05:16 --> 404 Page Not Found: Assets/js
ERROR - 2019-10-30 12:05:16 --> 404 Page Not Found: Assets/js
ERROR - 2019-10-30 12:05:18 --> 404 Page Not Found: Assets/js
ERROR - 2019-10-30 12:05:18 --> 404 Page Not Found: Assets/js
ERROR - 2019-10-30 12:05:20 --> 404 Page Not Found: Assets/js
ERROR - 2019-10-30 12:05:20 --> 404 Page Not Found: Assets/js
ERROR - 2019-10-30 12:05:22 --> 404 Page Not Found: Assets/js
ERROR - 2019-10-30 12:05:22 --> 404 Page Not Found: Assets/js
ERROR - 2019-10-30 12:05:29 --> 404 Page Not Found: Assets/js
ERROR - 2019-10-30 12:05:29 --> 404 Page Not Found: Assets/js
ERROR - 2019-10-30 14:27:59 --> 404 Page Not Found: Assets/js
ERROR - 2019-10-30 14:27:59 --> 404 Page Not Found: Assets/js
