ERROR - 2018-08-24 10:33:01 --> 404 Page Not Found: Assets/js
ERROR - 2018-08-24 10:33:03 --> 404 Page Not Found: Assets/js
ERROR - 2018-08-24 10:33:35 --> 404 Page Not Found: Assets/images
ERROR - 2018-08-24 10:33:35 --> 404 Page Not Found: Assets/images
ERROR - 2018-08-24 10:33:35 --> 404 Page Not Found: Assets/images
ERROR - 2018-08-24 10:33:35 --> 404 Page Not Found: Assets/images
ERROR - 2018-08-24 10:33:46 --> Severity: Notice --> Undefined offset: 0 C:\laragon\www\webpedidos\application\controllers\pedido\Requisicao.php 77
ERROR - 2018-08-24 10:33:46 --> Severity: Notice --> Trying to get property of non-object C:\laragon\www\webpedidos\application\controllers\pedido\Requisicao.php 77
ERROR - 2018-08-24 10:33:46 --> Severity: Notice --> Undefined offset: 0 C:\laragon\www\webpedidos\application\controllers\pedido\Requisicao.php 113
ERROR - 2018-08-24 10:33:46 --> Severity: Notice --> Trying to get property of non-object C:\laragon\www\webpedidos\application\controllers\pedido\Requisicao.php 113
ERROR - 2018-08-24 10:33:47 --> Query error: ERRO:  inserção ou atualização em tabela "pedidos" viola restrição de chave estrangeira "aprovador_fk"
DETAIL:  Chave (key_clientes_aprovador, key_funcionarios_aprovador)=(, 0) não está presente na tabela "funcionarios". - Invalid query: INSERT INTO "pedidos" ("aprovar", "data_emissao", "data_fechado", "dh_aprovacao", "entrega_local", "entrega_turno", "id_centro_custo", "id_depto", "key_clientes", "key_clientes_aprovador", "key_clientes_solicitante", "key_funcionarios", "key_funcionarios_aprovador", "key_funcionarios_solicitante", "numero", "obs") VALUES ('1','2018-08-24',NULL,'2018-08-24 10:33:46','',1,'75008280','44.013.159/0031-31','44.013.159/0031-31','','','33021887','0','0',47344,'')
ERROR - 2018-08-24 14:01:55 --> 404 Page Not Found: Assets/js
ERROR - 2018-08-24 14:01:55 --> 404 Page Not Found: Assets/js
ERROR - 2018-08-24 14:04:28 --> 404 Page Not Found: Assets/js
ERROR - 2018-08-24 14:04:28 --> 404 Page Not Found: Assets/js
ERROR - 2018-08-24 14:07:46 --> 404 Page Not Found: Assets/images
ERROR - 2018-08-24 14:07:46 --> 404 Page Not Found: Assets/images
ERROR - 2018-08-24 14:07:46 --> 404 Page Not Found: Assets/images
ERROR - 2018-08-24 14:08:34 --> Severity: Notice --> Undefined offset: 0 C:\laragon\www\webpedidos\application\controllers\pedido\Requisicao.php 77
ERROR - 2018-08-24 14:08:34 --> Severity: Notice --> Trying to get property of non-object C:\laragon\www\webpedidos\application\controllers\pedido\Requisicao.php 77
ERROR - 2018-08-24 14:08:34 --> Severity: Notice --> Undefined offset: 0 C:\laragon\www\webpedidos\application\controllers\pedido\Requisicao.php 113
ERROR - 2018-08-24 14:08:34 --> Severity: Notice --> Trying to get property of non-object C:\laragon\www\webpedidos\application\controllers\pedido\Requisicao.php 113
ERROR - 2018-08-24 14:08:34 --> Query error: ERRO:  inserção ou atualização em tabela "pedidos" viola restrição de chave estrangeira "aprovador_fk"
DETAIL:  Chave (key_clientes_aprovador, key_funcionarios_aprovador)=(, 0) não está presente na tabela "funcionarios". - Invalid query: INSERT INTO "pedidos" ("aprovar", "data_emissao", "data_fechado", "dh_aprovacao", "entrega_local", "entrega_turno", "id_centro_custo", "id_depto", "key_clientes", "key_clientes_aprovador", "key_clientes_solicitante", "key_funcionarios", "key_funcionarios_aprovador", "key_funcionarios_solicitante", "numero", "obs") VALUES ('1','2018-08-24',NULL,'2018-08-24 14:08:34','LOJA',1,'80920205','01.449.930/0012-42','01.449.930/0012-42','','','33090324','0','0',47345,'')
ERROR - 2018-08-24 15:10:00 --> Severity: Notice --> Undefined offset: 0 C:\laragon\www\webpedidos\application\controllers\pedido\Requisicao.php 77
ERROR - 2018-08-24 15:10:01 --> Severity: Notice --> Trying to get property of non-object C:\laragon\www\webpedidos\application\controllers\pedido\Requisicao.php 77
ERROR - 2018-08-24 15:10:01 --> Severity: Notice --> Undefined offset: 0 C:\laragon\www\webpedidos\application\controllers\pedido\Requisicao.php 113
ERROR - 2018-08-24 15:10:01 --> Severity: Notice --> Trying to get property of non-object C:\laragon\www\webpedidos\application\controllers\pedido\Requisicao.php 113
ERROR - 2018-08-24 15:10:01 --> Query error: ERRO:  inserção ou atualização em tabela "pedidos" viola restrição de chave estrangeira "aprovador_fk"
DETAIL:  Chave (key_clientes_aprovador, key_funcionarios_aprovador)=(, 0) não está presente na tabela "funcionarios". - Invalid query: INSERT INTO "pedidos" ("aprovar", "data_emissao", "data_fechado", "dh_aprovacao", "entrega_local", "entrega_turno", "id_centro_custo", "id_depto", "key_clientes", "key_clientes_aprovador", "key_clientes_solicitante", "key_funcionarios", "key_funcionarios_aprovador", "key_funcionarios_solicitante", "numero", "obs") VALUES ('1','2018-08-24',NULL,'2018-08-24 15:10:00','LOJA',1,'80920205','01.449.930/0012-42','01.449.930/0012-42','','','33090324','0','0',47346,'')
ERROR - 2018-08-24 15:10:43 --> 404 Page Not Found: Assets/js
ERROR - 2018-08-24 15:10:43 --> 404 Page Not Found: Assets/js
ERROR - 2018-08-24 15:13:08 --> 404 Page Not Found: Assets/images
ERROR - 2018-08-24 15:13:08 --> 404 Page Not Found: Assets/images
ERROR - 2018-08-24 15:13:08 --> 404 Page Not Found: Assets/images
ERROR - 2018-08-24 15:13:18 --> Severity: Notice --> Undefined offset: 0 C:\laragon\www\webpedidos\application\controllers\pedido\Requisicao.php 77
ERROR - 2018-08-24 15:13:18 --> Severity: Notice --> Trying to get property of non-object C:\laragon\www\webpedidos\application\controllers\pedido\Requisicao.php 77
ERROR - 2018-08-24 15:13:18 --> Severity: Notice --> Undefined offset: 0 C:\laragon\www\webpedidos\application\controllers\pedido\Requisicao.php 113
ERROR - 2018-08-24 15:13:18 --> Severity: Notice --> Trying to get property of non-object C:\laragon\www\webpedidos\application\controllers\pedido\Requisicao.php 113
ERROR - 2018-08-24 15:13:18 --> Query error: ERRO:  inserção ou atualização em tabela "pedidos" viola restrição de chave estrangeira "aprovador_fk"
DETAIL:  Chave (key_clientes_aprovador, key_funcionarios_aprovador)=(, 0) não está presente na tabela "funcionarios". - Invalid query: INSERT INTO "pedidos" ("aprovar", "data_emissao", "data_fechado", "dh_aprovacao", "entrega_local", "entrega_turno", "id_centro_custo", "id_depto", "key_clientes", "key_clientes_aprovador", "key_clientes_solicitante", "key_funcionarios", "key_funcionarios_aprovador", "key_funcionarios_solicitante", "numero", "obs") VALUES ('1','2018-08-24',NULL,'2018-08-24 15:13:18','',1,'75900130','44.013.159/0001-16','44.013.159/0001-16','','','33054190','0','0',47347,'')
ERROR - 2018-08-24 15:59:31 --> 404 Page Not Found: Assets/js
ERROR - 2018-08-24 15:59:32 --> 404 Page Not Found: Assets/js
ERROR - 2018-08-24 16:00:08 --> 404 Page Not Found: Assets/images
ERROR - 2018-08-24 16:00:08 --> 404 Page Not Found: Assets/images
ERROR - 2018-08-24 16:00:08 --> 404 Page Not Found: Assets/images
ERROR - 2018-08-24 16:00:09 --> 404 Page Not Found: Assets/images
ERROR - 2018-08-24 16:00:19 --> Severity: Notice --> Undefined offset: 0 C:\laragon\www\webpedidos\application\controllers\pedido\Requisicao.php 77
ERROR - 2018-08-24 16:00:19 --> Severity: Notice --> Trying to get property of non-object C:\laragon\www\webpedidos\application\controllers\pedido\Requisicao.php 77
ERROR - 2018-08-24 16:00:19 --> Severity: Notice --> Undefined offset: 0 C:\laragon\www\webpedidos\application\controllers\pedido\Requisicao.php 113
ERROR - 2018-08-24 16:00:19 --> Severity: Notice --> Trying to get property of non-object C:\laragon\www\webpedidos\application\controllers\pedido\Requisicao.php 113
ERROR - 2018-08-24 16:00:19 --> Query error: ERRO:  inserção ou atualização em tabela "pedidos" viola restrição de chave estrangeira "aprovador_fk"
DETAIL:  Chave (key_clientes_aprovador, key_funcionarios_aprovador)=(, 0) não está presente na tabela "funcionarios". - Invalid query: INSERT INTO "pedidos" ("aprovar", "data_emissao", "data_fechado", "dh_aprovacao", "entrega_local", "entrega_turno", "id_centro_custo", "id_depto", "key_clientes", "key_clientes_aprovador", "key_clientes_solicitante", "key_funcionarios", "key_funcionarios_aprovador", "key_funcionarios_solicitante", "numero", "obs") VALUES ('1','2018-08-24',NULL,'2018-08-24 16:00:19','',1,'75008280','44.013.159/0031-31','44.013.159/0031-31','','','33021887','0','0',47348,'')
ERROR - 2018-08-24 16:04:01 --> 404 Page Not Found: Assets/images
ERROR - 2018-08-24 16:04:01 --> 404 Page Not Found: Assets/images
ERROR - 2018-08-24 16:04:01 --> 404 Page Not Found: Assets/images
ERROR - 2018-08-24 16:04:01 --> 404 Page Not Found: Assets/images
ERROR - 2018-08-24 16:04:08 --> Severity: Notice --> Undefined offset: 0 C:\laragon\www\webpedidos\application\controllers\pedido\Requisicao.php 77
ERROR - 2018-08-24 16:04:08 --> Severity: Notice --> Trying to get property of non-object C:\laragon\www\webpedidos\application\controllers\pedido\Requisicao.php 77
ERROR - 2018-08-24 16:04:08 --> Severity: Notice --> Undefined offset: 0 C:\laragon\www\webpedidos\application\controllers\pedido\Requisicao.php 113
ERROR - 2018-08-24 16:04:08 --> Severity: Notice --> Trying to get property of non-object C:\laragon\www\webpedidos\application\controllers\pedido\Requisicao.php 113
ERROR - 2018-08-24 16:04:08 --> Query error: ERRO:  inserção ou atualização em tabela "pedidos" viola restrição de chave estrangeira "aprovador_fk"
DETAIL:  Chave (key_clientes_aprovador, key_funcionarios_aprovador)=(, 0) não está presente na tabela "funcionarios". - Invalid query: INSERT INTO "pedidos" ("aprovar", "data_emissao", "data_fechado", "dh_aprovacao", "entrega_local", "entrega_turno", "id_centro_custo", "id_depto", "key_clientes", "key_clientes_aprovador", "key_clientes_solicitante", "key_funcionarios", "key_funcionarios_aprovador", "key_funcionarios_solicitante", "numero", "obs") VALUES ('1','2018-08-24',NULL,'2018-08-24 16:04:08','LOJA',3,'75008280','44.013.159/0031-31','44.013.159/0031-31','','','33021887','0','0',47349,'')
