ERROR - 2020-02-07 16:44:11 --> 404 Page Not Found: Assets/js
ERROR - 2020-02-07 16:44:11 --> 404 Page Not Found: Assets/js
ERROR - 2020-02-07 16:44:15 --> 404 Page Not Found: Assets/js
ERROR - 2020-02-07 16:44:15 --> 404 Page Not Found: Assets/js
ERROR - 2020-02-07 16:44:39 --> 404 Page Not Found: Assets/js
ERROR - 2020-02-07 16:44:39 --> 404 Page Not Found: Assets/js
ERROR - 2020-02-07 17:21:41 --> 404 Page Not Found: Assets/js
ERROR - 2020-02-07 17:21:41 --> 404 Page Not Found: Assets/js
ERROR - 2020-02-07 17:21:46 --> Query error: ERRO:  coluna "key_func3ionarios_solicitante" não existe
LINE 3: WHERE "key_func3ionarios_solicitante" = '33100093'
              ^
HINT:  Perhaps you meant to reference the column "pedidos.key_funcionarios_solicitante". - Invalid query: SELECT "numero", "data_emissao"
FROM "pedidos"
WHERE "key_func3ionarios_solicitante" = '33100093'
AND "key_funcionarios" = '33100093'
AND extract (month from data_emissao) = '2'
AND extract (year from data_emissao) = '2020'
ERROR - 2020-02-07 17:21:46 --> Query error: ERRO:  coluna "key_func3ionarios_solicitante" não existe
LINE 3: WHERE "key_func3ionarios_solicitante" = '33100093'
              ^
HINT:  Perhaps you meant to reference the column "pedidos.key_funcionarios_solicitante". - Invalid query: SELECT "numero", "data_emissao"
FROM "pedidos"
WHERE "key_func3ionarios_solicitante" = '33100093'
AND "key_funcionarios" = '33100093'
AND extract (month from data_emissao) = '1'
AND extract (year from data_emissao) = '2020'
ERROR - 2020-02-07 17:21:46 --> Query error: ERRO:  coluna "key_func3ionarios_solicitante" não existe
LINE 3: WHERE "key_func3ionarios_solicitante" = '33100093'
              ^
HINT:  Perhaps you meant to reference the column "pedidos.key_funcionarios_solicitante". - Invalid query: SELECT "numero", "data_emissao"
FROM "pedidos"
WHERE "key_func3ionarios_solicitante" = '33100093'
AND "key_funcionarios" = '33100093'
AND extract (month from data_emissao) = '12'
AND extract (year from data_emissao) = '2019'
ERROR - 2020-02-07 17:21:46 --> Query error: ERRO:  coluna "key_func3ionarios_solicitante" não existe
LINE 3: WHERE "key_func3ionarios_solicitante" = '33100093'
              ^
HINT:  Perhaps you meant to reference the column "pedidos.key_funcionarios_solicitante". - Invalid query: SELECT "numero", "data_emissao"
FROM "pedidos"
WHERE "key_func3ionarios_solicitante" = '33100093'
AND "key_funcionarios" = '33100093'
AND extract (month from data_emissao) = '11'
AND extract (year from data_emissao) = '2019'
ERROR - 2020-02-07 17:21:46 --> Query error: ERRO:  coluna "key_func3ionarios_solicitante" não existe
LINE 3: WHERE "key_func3ionarios_solicitante" = '33100093'
              ^
HINT:  Perhaps you meant to reference the column "pedidos.key_funcionarios_solicitante". - Invalid query: SELECT "numero", "data_emissao"
FROM "pedidos"
WHERE "key_func3ionarios_solicitante" = '33100093'
AND "key_funcionarios" = '33100093'
AND extract (month from data_emissao) = '10'
AND extract (year from data_emissao) = '2019'
ERROR - 2020-02-07 17:21:46 --> Query error: ERRO:  coluna "key_func3ionarios_solicitante" não existe
LINE 3: WHERE "key_func3ionarios_solicitante" = '33100093'
              ^
HINT:  Perhaps you meant to reference the column "pedidos.key_funcionarios_solicitante". - Invalid query: SELECT "numero", "data_emissao"
FROM "pedidos"
WHERE "key_func3ionarios_solicitante" = '33100093'
AND "key_funcionarios" = '33100093'
AND extract (month from data_emissao) = '9'
AND extract (year from data_emissao) = '2019'
