ERROR - 2018-08-08 14:42:15 --> 404 Page Not Found: Assets/js
ERROR - 2018-08-08 14:42:15 --> 404 Page Not Found: Assets/js
ERROR - 2018-08-08 14:42:39 --> Query error: ERRO:  função fc_web_produtos_permitidos_ghe(unknown, unknown) não existe
LINE 2: FROM fc_web_produtos_permitidos_ghe('44.013.159/0031-31', 'J...
             ^
HINT:  Nenhuma função corresponde com o nome e os tipos de argumentos informados. Você precisa adicionar conversões de tipo explícitas. - Invalid query: SELECT "key_produtos" AS "codigo", "key_partnumber" AS "partnumber", "unidade", "descricao", "op_ca" AS "ca", "preco"
FROM fc_web_produtos_permitidos_ghe('44.013.159/0031-31', 'JUN100038')
WHERE "descricao" LIKE  '%'
 LIMIT 10
ERROR - 2018-08-08 14:43:17 --> Query error: ERRO:  função fc_web_produtos_permitidos_ghe(unknown, unknown) não existe
LINE 2: FROM fc_web_produtos_permitidos_ghe('44.013.159/0031-31', 'J...
             ^
HINT:  Nenhuma função corresponde com o nome e os tipos de argumentos informados. Você precisa adicionar conversões de tipo explícitas. - Invalid query: SELECT "key_produtos" AS "codigo", "key_partnumber" AS "partnumber", "unidade", "descricao", "op_ca" AS "ca", "preco"
FROM fc_web_produtos_permitidos_ghe('44.013.159/0031-31', 'JUN100038')
WHERE "descricao" LIKE  'ANM%'
 LIMIT 10
ERROR - 2018-08-08 14:44:04 --> Query error: ERRO:  função fc_web_produtos_permitidos_ghe(unknown, unknown) não existe
LINE 2: FROM fc_web_produtos_permitidos_ghe('44.013.159/0031-31', 'J...
             ^
HINT:  Nenhuma função corresponde com o nome e os tipos de argumentos informados. Você precisa adicionar conversões de tipo explícitas. - Invalid query: SELECT "key_produtos" AS "codigo", "key_partnumber" AS "partnumber", "unidade", "descricao", "op_ca" AS "ca", "preco"
FROM fc_web_produtos_permitidos_ghe('44.013.159/0031-31', 'JUN100038')
WHERE "descricao" LIKE  'ANMJ%'
 LIMIT 10
