ERROR - 2018-08-28 11:26:34 --> 404 Page Not Found: Assets/js
ERROR - 2018-08-28 11:26:34 --> 404 Page Not Found: Assets/js
ERROR - 2018-08-28 11:29:17 --> 404 Page Not Found: Assets/js
ERROR - 2018-08-28 11:29:17 --> 404 Page Not Found: Assets/js
ERROR - 2018-08-28 11:34:46 --> 404 Page Not Found: Assets/js
ERROR - 2018-08-28 11:34:46 --> 404 Page Not Found: Assets/js
ERROR - 2018-08-28 11:38:31 --> 404 Page Not Found: Assets/js
ERROR - 2018-08-28 11:38:31 --> 404 Page Not Found: Assets/js
ERROR - 2018-08-28 11:39:44 --> 404 Page Not Found: Assets/js
ERROR - 2018-08-28 11:39:44 --> 404 Page Not Found: Assets/js
ERROR - 2018-08-28 11:41:00 --> 404 Page Not Found: Assets/js
ERROR - 2018-08-28 11:41:00 --> 404 Page Not Found: Assets/js
ERROR - 2018-08-28 14:07:03 --> 404 Page Not Found: Assets/js
ERROR - 2018-08-28 14:07:06 --> 404 Page Not Found: Assets/js
ERROR - 2018-08-28 14:42:36 --> Severity: error --> Exception: syntax error, unexpected 'tooth' (T_STRING) C:\laragon\www\webpedidos\application\config\database.php 161
ERROR - 2018-08-28 14:42:40 --> Severity: error --> Exception: syntax error, unexpected 'tooth' (T_STRING) C:\laragon\www\webpedidos\application\config\database.php 161
ERROR - 2018-08-28 14:42:43 --> Severity: error --> Exception: syntax error, unexpected 'tooth' (T_STRING) C:\laragon\www\webpedidos\application\config\database.php 161
ERROR - 2018-08-28 14:51:25 --> 404 Page Not Found: Assets/js
ERROR - 2018-08-28 14:51:25 --> 404 Page Not Found: Assets/js
ERROR - 2018-08-28 15:06:23 --> Query error: ERRO:  função fc_web_produtos_permitidos_ghe(unknown, unknown) não existe
LINE 2: FROM fc_web_produtos_permitidos_ghe('44.013.159/0080-10', ''...
             ^
HINT:  Nenhuma função corresponde com o nome e os tipos de argumentos informados. Você precisa adicionar conversões de tipo explícitas. - Invalid query: SELECT "key_produtos" AS "codigo", "key_partnumber" AS "partnumber", "unidade", "descricao", "op_ca" AS "ca", "preco"
FROM fc_web_produtos_permitidos_ghe('44.013.159/0080-10', '')
WHERE "descricao" LIKE  '%'
 LIMIT 10
ERROR - 2018-08-28 15:17:59 --> 404 Page Not Found: Assets/js
ERROR - 2018-08-28 15:17:59 --> 404 Page Not Found: Assets/js
ERROR - 2018-08-28 15:18:21 --> 404 Page Not Found: Assets/images
ERROR - 2018-08-28 15:18:21 --> 404 Page Not Found: Assets/images
ERROR - 2018-08-28 15:18:22 --> 404 Page Not Found: Assets/images
ERROR - 2018-08-28 15:18:22 --> 404 Page Not Found: Assets/images
ERROR - 2018-08-28 15:18:38 --> Severity: Notice --> Undefined offset: 0 C:\laragon\www\webpedidos\application\controllers\pedido\Requisicao.php 77
ERROR - 2018-08-28 15:18:38 --> Severity: Notice --> Trying to get property of non-object C:\laragon\www\webpedidos\application\controllers\pedido\Requisicao.php 77
ERROR - 2018-08-28 15:18:39 --> Severity: Notice --> Undefined offset: 0 C:\laragon\www\webpedidos\application\controllers\pedido\Requisicao.php 113
ERROR - 2018-08-28 15:18:39 --> Severity: Notice --> Trying to get property of non-object C:\laragon\www\webpedidos\application\controllers\pedido\Requisicao.php 113
ERROR - 2018-08-28 15:18:40 --> Query error: ERRO:  inserção ou atualização em tabela "pedidos" viola restrição de chave estrangeira "aprovador_fk"
DETAIL:  Chave (key_clientes_aprovador, key_funcionarios_aprovador)=(, 0) não está presente na tabela "funcionarios". - Invalid query: INSERT INTO "pedidos" ("aprovar", "data_emissao", "data_fechado", "dh_aprovacao", "entrega_local", "entrega_turno", "id_centro_custo", "id_depto", "key_clientes", "key_clientes_aprovador", "key_clientes_solicitante", "key_funcionarios", "key_funcionarios_aprovador", "key_funcionarios_solicitante", "numero", "obs") VALUES ('1','2018-08-28',NULL,'2018-08-28 15:18:38','',1,'75008280','44.013.159/0031-31','44.013.159/0031-31','','','33021887','0','0',49467,'')
ERROR - 2018-08-28 15:18:53 --> Severity: Notice --> Undefined offset: 0 C:\laragon\www\webpedidos\application\controllers\pedido\Requisicao.php 77
ERROR - 2018-08-28 15:18:53 --> Severity: Notice --> Trying to get property of non-object C:\laragon\www\webpedidos\application\controllers\pedido\Requisicao.php 77
ERROR - 2018-08-28 15:18:53 --> Severity: Notice --> Undefined offset: 0 C:\laragon\www\webpedidos\application\controllers\pedido\Requisicao.php 113
ERROR - 2018-08-28 15:18:53 --> Severity: Notice --> Trying to get property of non-object C:\laragon\www\webpedidos\application\controllers\pedido\Requisicao.php 113
ERROR - 2018-08-28 15:18:54 --> Query error: ERRO:  inserção ou atualização em tabela "pedidos" viola restrição de chave estrangeira "aprovador_fk"
DETAIL:  Chave (key_clientes_aprovador, key_funcionarios_aprovador)=(, 0) não está presente na tabela "funcionarios". - Invalid query: INSERT INTO "pedidos" ("aprovar", "data_emissao", "data_fechado", "dh_aprovacao", "entrega_local", "entrega_turno", "id_centro_custo", "id_depto", "key_clientes", "key_clientes_aprovador", "key_clientes_solicitante", "key_funcionarios", "key_funcionarios_aprovador", "key_funcionarios_solicitante", "numero", "obs") VALUES ('1','2018-08-28',NULL,'2018-08-28 15:18:53','',1,'75008280','44.013.159/0031-31','44.013.159/0031-31','','','33021887','0','0',49468,'')
ERROR - 2018-08-28 16:07:52 --> 404 Page Not Found: Assets/js
ERROR - 2018-08-28 16:07:53 --> 404 Page Not Found: Assets/js
ERROR - 2018-08-28 16:10:07 --> 404 Page Not Found: Assets/js
ERROR - 2018-08-28 16:10:07 --> 404 Page Not Found: Assets/js
ERROR - 2018-08-28 16:10:43 --> 404 Page Not Found: Assets/images
ERROR - 2018-08-28 16:10:44 --> 404 Page Not Found: Assets/images
ERROR - 2018-08-28 16:10:44 --> 404 Page Not Found: Assets/images
ERROR - 2018-08-28 16:10:47 --> 404 Page Not Found: Assets/images
ERROR - 2018-08-28 16:10:54 --> Severity: Notice --> Undefined offset: 0 C:\laragon\www\webpedidos\application\controllers\pedido\Requisicao.php 77
ERROR - 2018-08-28 16:10:54 --> Severity: Notice --> Trying to get property of non-object C:\laragon\www\webpedidos\application\controllers\pedido\Requisicao.php 77
ERROR - 2018-08-28 16:10:54 --> Severity: Notice --> Undefined offset: 0 C:\laragon\www\webpedidos\application\controllers\pedido\Requisicao.php 113
ERROR - 2018-08-28 16:10:54 --> Severity: Notice --> Trying to get property of non-object C:\laragon\www\webpedidos\application\controllers\pedido\Requisicao.php 113
ERROR - 2018-08-28 16:10:54 --> Query error: ERRO:  inserção ou atualização em tabela "pedidos" viola restrição de chave estrangeira "aprovador_fk"
DETAIL:  Chave (key_clientes_aprovador, key_funcionarios_aprovador)=(, 0) não está presente na tabela "funcionarios". - Invalid query: INSERT INTO "pedidos" ("aprovar", "data_emissao", "data_fechado", "dh_aprovacao", "entrega_local", "entrega_turno", "id_centro_custo", "id_depto", "key_clientes", "key_clientes_aprovador", "key_clientes_solicitante", "key_funcionarios", "key_funcionarios_aprovador", "key_funcionarios_solicitante", "numero", "obs") VALUES ('1','2018-08-28',NULL,'2018-08-28 16:10:54','',1,'75008280','44.013.159/0031-31','44.013.159/0031-31','','','33021887','0','0',49469,'')
ERROR - 2018-08-28 16:15:04 --> 404 Page Not Found: Assets/js
ERROR - 2018-08-28 16:15:06 --> 404 Page Not Found: Assets/js
ERROR - 2018-08-28 16:20:53 --> 404 Page Not Found: Assets/images
ERROR - 2018-08-28 16:20:53 --> 404 Page Not Found: Assets/images
ERROR - 2018-08-28 16:20:53 --> 404 Page Not Found: Assets/images
ERROR - 2018-08-28 16:20:53 --> 404 Page Not Found: Assets/images
ERROR - 2018-08-28 16:21:23 --> Severity: Notice --> Undefined offset: 0 C:\laragon\www\webpedidos\application\controllers\pedido\Requisicao.php 77
ERROR - 2018-08-28 16:21:23 --> Severity: Notice --> Trying to get property of non-object C:\laragon\www\webpedidos\application\controllers\pedido\Requisicao.php 77
ERROR - 2018-08-28 16:21:23 --> Severity: Notice --> Undefined offset: 0 C:\laragon\www\webpedidos\application\controllers\pedido\Requisicao.php 113
ERROR - 2018-08-28 16:21:23 --> Severity: Notice --> Trying to get property of non-object C:\laragon\www\webpedidos\application\controllers\pedido\Requisicao.php 113
ERROR - 2018-08-28 16:21:24 --> Query error: ERRO:  inserção ou atualização em tabela "pedidos" viola restrição de chave estrangeira "aprovador_fk"
DETAIL:  Chave (key_clientes_aprovador, key_funcionarios_aprovador)=(, 0) não está presente na tabela "funcionarios". - Invalid query: INSERT INTO "pedidos" ("aprovar", "data_emissao", "data_fechado", "dh_aprovacao", "entrega_local", "entrega_turno", "id_centro_custo", "id_depto", "key_clientes", "key_clientes_aprovador", "key_clientes_solicitante", "key_funcionarios", "key_funcionarios_aprovador", "key_funcionarios_solicitante", "numero", "obs") VALUES ('1','2018-08-28',NULL,'2018-08-28 16:21:23','',1,'75008280','44.013.159/0031-31','44.013.159/0031-31','','','33021887','0','0',49470,'')
