ERROR - 2018-10-10 10:41:11 --> 404 Page Not Found: Assets/js
ERROR - 2018-10-10 10:41:11 --> 404 Page Not Found: Assets/js
ERROR - 2018-10-10 10:41:15 --> Severity: Notice --> Undefined property: stdClass::$matricula C:\laragon\www\webpedidos\application\controllers\pedido\Template.php 512
ERROR - 2018-10-10 10:41:15 --> Severity: Notice --> Undefined property: stdClass::$nome C:\laragon\www\webpedidos\application\controllers\pedido\Template.php 513
ERROR - 2018-10-10 10:41:15 --> Severity: Notice --> Undefined property: stdClass::$setor C:\laragon\www\webpedidos\application\controllers\pedido\Template.php 514
ERROR - 2018-10-10 10:41:15 --> Severity: Notice --> Undefined property: stdClass::$cliente C:\laragon\www\webpedidos\application\controllers\pedido\Template.php 515
ERROR - 2018-10-10 10:41:15 --> Severity: Notice --> Undefined property: stdClass::$matricula C:\laragon\www\webpedidos\application\controllers\pedido\Template.php 512
ERROR - 2018-10-10 10:41:15 --> Severity: Notice --> Undefined property: stdClass::$nome C:\laragon\www\webpedidos\application\controllers\pedido\Template.php 513
ERROR - 2018-10-10 10:41:15 --> Severity: Notice --> Undefined property: stdClass::$setor C:\laragon\www\webpedidos\application\controllers\pedido\Template.php 514
ERROR - 2018-10-10 10:41:15 --> Severity: Notice --> Undefined property: stdClass::$cliente C:\laragon\www\webpedidos\application\controllers\pedido\Template.php 515
ERROR - 2018-10-10 10:41:15 --> Severity: Notice --> Undefined property: stdClass::$matricula C:\laragon\www\webpedidos\application\controllers\pedido\Template.php 512
ERROR - 2018-10-10 10:41:15 --> Severity: Notice --> Undefined property: stdClass::$nome C:\laragon\www\webpedidos\application\controllers\pedido\Template.php 513
ERROR - 2018-10-10 10:41:15 --> Severity: Notice --> Undefined property: stdClass::$setor C:\laragon\www\webpedidos\application\controllers\pedido\Template.php 514
ERROR - 2018-10-10 10:41:15 --> Severity: Notice --> Undefined property: stdClass::$cliente C:\laragon\www\webpedidos\application\controllers\pedido\Template.php 515
ERROR - 2018-10-10 10:42:29 --> 404 Page Not Found: Assets/js
ERROR - 2018-10-10 10:42:29 --> 404 Page Not Found: Assets/js
ERROR - 2018-10-10 10:42:31 --> Severity: Notice --> Undefined property: stdClass::$matricula C:\laragon\www\webpedidos\application\controllers\pedido\Template.php 512
ERROR - 2018-10-10 10:42:31 --> Severity: Notice --> Undefined property: stdClass::$nome C:\laragon\www\webpedidos\application\controllers\pedido\Template.php 513
ERROR - 2018-10-10 10:42:31 --> Severity: Notice --> Undefined property: stdClass::$setor C:\laragon\www\webpedidos\application\controllers\pedido\Template.php 514
ERROR - 2018-10-10 10:42:31 --> Severity: Notice --> Undefined property: stdClass::$cliente C:\laragon\www\webpedidos\application\controllers\pedido\Template.php 515
ERROR - 2018-10-10 10:42:31 --> Severity: Notice --> Undefined property: stdClass::$matricula C:\laragon\www\webpedidos\application\controllers\pedido\Template.php 512
ERROR - 2018-10-10 10:42:31 --> Severity: Notice --> Undefined property: stdClass::$nome C:\laragon\www\webpedidos\application\controllers\pedido\Template.php 513
ERROR - 2018-10-10 10:42:31 --> Severity: Notice --> Undefined property: stdClass::$setor C:\laragon\www\webpedidos\application\controllers\pedido\Template.php 514
ERROR - 2018-10-10 10:42:31 --> Severity: Notice --> Undefined property: stdClass::$cliente C:\laragon\www\webpedidos\application\controllers\pedido\Template.php 515
ERROR - 2018-10-10 10:42:31 --> Severity: Notice --> Undefined property: stdClass::$matricula C:\laragon\www\webpedidos\application\controllers\pedido\Template.php 512
ERROR - 2018-10-10 10:42:31 --> Severity: Notice --> Undefined property: stdClass::$nome C:\laragon\www\webpedidos\application\controllers\pedido\Template.php 513
ERROR - 2018-10-10 10:42:31 --> Severity: Notice --> Undefined property: stdClass::$setor C:\laragon\www\webpedidos\application\controllers\pedido\Template.php 514
ERROR - 2018-10-10 10:42:31 --> Severity: Notice --> Undefined property: stdClass::$cliente C:\laragon\www\webpedidos\application\controllers\pedido\Template.php 515
ERROR - 2018-10-10 10:43:08 --> Severity: Notice --> Undefined property: stdClass::$matricula C:\laragon\www\webpedidos\application\controllers\pedido\Template.php 512
ERROR - 2018-10-10 10:43:08 --> Severity: Notice --> Undefined property: stdClass::$nome C:\laragon\www\webpedidos\application\controllers\pedido\Template.php 513
ERROR - 2018-10-10 10:43:08 --> Severity: Notice --> Undefined property: stdClass::$setor C:\laragon\www\webpedidos\application\controllers\pedido\Template.php 514
ERROR - 2018-10-10 10:43:08 --> Severity: Notice --> Undefined property: stdClass::$cliente C:\laragon\www\webpedidos\application\controllers\pedido\Template.php 515
ERROR - 2018-10-10 10:43:08 --> Severity: Notice --> Undefined property: stdClass::$matricula C:\laragon\www\webpedidos\application\controllers\pedido\Template.php 512
ERROR - 2018-10-10 10:43:08 --> Severity: Notice --> Undefined property: stdClass::$nome C:\laragon\www\webpedidos\application\controllers\pedido\Template.php 513
ERROR - 2018-10-10 10:43:08 --> Severity: Notice --> Undefined property: stdClass::$setor C:\laragon\www\webpedidos\application\controllers\pedido\Template.php 514
ERROR - 2018-10-10 10:43:08 --> Severity: Notice --> Undefined property: stdClass::$cliente C:\laragon\www\webpedidos\application\controllers\pedido\Template.php 515
ERROR - 2018-10-10 10:43:08 --> Severity: Notice --> Undefined property: stdClass::$matricula C:\laragon\www\webpedidos\application\controllers\pedido\Template.php 512
ERROR - 2018-10-10 10:43:08 --> Severity: Notice --> Undefined property: stdClass::$nome C:\laragon\www\webpedidos\application\controllers\pedido\Template.php 513
ERROR - 2018-10-10 10:43:08 --> Severity: Notice --> Undefined property: stdClass::$setor C:\laragon\www\webpedidos\application\controllers\pedido\Template.php 514
ERROR - 2018-10-10 10:43:08 --> Severity: Notice --> Undefined property: stdClass::$cliente C:\laragon\www\webpedidos\application\controllers\pedido\Template.php 515
ERROR - 2018-10-10 10:44:31 --> 404 Page Not Found: Assets/js
ERROR - 2018-10-10 10:44:32 --> 404 Page Not Found: Assets/js
ERROR - 2018-10-10 10:44:34 --> Severity: Notice --> Undefined property: stdClass::$matricula C:\laragon\www\webpedidos\application\controllers\pedido\Template.php 512
ERROR - 2018-10-10 10:44:34 --> Severity: Notice --> Undefined property: stdClass::$nome C:\laragon\www\webpedidos\application\controllers\pedido\Template.php 513
ERROR - 2018-10-10 10:44:34 --> Severity: Notice --> Undefined property: stdClass::$setor C:\laragon\www\webpedidos\application\controllers\pedido\Template.php 514
ERROR - 2018-10-10 10:44:34 --> Severity: Notice --> Undefined property: stdClass::$cliente C:\laragon\www\webpedidos\application\controllers\pedido\Template.php 515
ERROR - 2018-10-10 10:44:34 --> Severity: Notice --> Undefined property: stdClass::$matricula C:\laragon\www\webpedidos\application\controllers\pedido\Template.php 512
ERROR - 2018-10-10 10:44:34 --> Severity: Notice --> Undefined property: stdClass::$nome C:\laragon\www\webpedidos\application\controllers\pedido\Template.php 513
ERROR - 2018-10-10 10:44:34 --> Severity: Notice --> Undefined property: stdClass::$setor C:\laragon\www\webpedidos\application\controllers\pedido\Template.php 514
ERROR - 2018-10-10 10:44:34 --> Severity: Notice --> Undefined property: stdClass::$cliente C:\laragon\www\webpedidos\application\controllers\pedido\Template.php 515
ERROR - 2018-10-10 10:44:34 --> Severity: Notice --> Undefined property: stdClass::$matricula C:\laragon\www\webpedidos\application\controllers\pedido\Template.php 512
ERROR - 2018-10-10 10:44:34 --> Severity: Notice --> Undefined property: stdClass::$nome C:\laragon\www\webpedidos\application\controllers\pedido\Template.php 513
ERROR - 2018-10-10 10:44:34 --> Severity: Notice --> Undefined property: stdClass::$setor C:\laragon\www\webpedidos\application\controllers\pedido\Template.php 514
ERROR - 2018-10-10 10:44:34 --> Severity: Notice --> Undefined property: stdClass::$cliente C:\laragon\www\webpedidos\application\controllers\pedido\Template.php 515
ERROR - 2018-10-10 10:50:49 --> 404 Page Not Found: Assets/js
ERROR - 2018-10-10 10:50:50 --> 404 Page Not Found: Assets/js
ERROR - 2018-10-10 10:50:52 --> Severity: Notice --> Undefined property: stdClass::$matricula C:\laragon\www\webpedidos\application\controllers\pedido\Template.php 512
ERROR - 2018-10-10 10:50:52 --> Severity: Notice --> Undefined property: stdClass::$nome C:\laragon\www\webpedidos\application\controllers\pedido\Template.php 513
ERROR - 2018-10-10 10:50:52 --> Severity: Notice --> Undefined property: stdClass::$setor C:\laragon\www\webpedidos\application\controllers\pedido\Template.php 514
ERROR - 2018-10-10 10:50:52 --> Severity: Notice --> Undefined property: stdClass::$cliente C:\laragon\www\webpedidos\application\controllers\pedido\Template.php 515
ERROR - 2018-10-10 10:50:52 --> Severity: Notice --> Undefined property: stdClass::$matricula C:\laragon\www\webpedidos\application\controllers\pedido\Template.php 512
ERROR - 2018-10-10 10:50:52 --> Severity: Notice --> Undefined property: stdClass::$nome C:\laragon\www\webpedidos\application\controllers\pedido\Template.php 513
ERROR - 2018-10-10 10:50:52 --> Severity: Notice --> Undefined property: stdClass::$setor C:\laragon\www\webpedidos\application\controllers\pedido\Template.php 514
ERROR - 2018-10-10 10:50:52 --> Severity: Notice --> Undefined property: stdClass::$cliente C:\laragon\www\webpedidos\application\controllers\pedido\Template.php 515
ERROR - 2018-10-10 10:50:52 --> Severity: Notice --> Undefined property: stdClass::$matricula C:\laragon\www\webpedidos\application\controllers\pedido\Template.php 512
ERROR - 2018-10-10 10:50:52 --> Severity: Notice --> Undefined property: stdClass::$nome C:\laragon\www\webpedidos\application\controllers\pedido\Template.php 513
ERROR - 2018-10-10 10:50:52 --> Severity: Notice --> Undefined property: stdClass::$setor C:\laragon\www\webpedidos\application\controllers\pedido\Template.php 514
ERROR - 2018-10-10 10:50:52 --> Severity: Notice --> Undefined property: stdClass::$cliente C:\laragon\www\webpedidos\application\controllers\pedido\Template.php 515
ERROR - 2018-10-10 10:52:55 --> 404 Page Not Found: Assets/js
ERROR - 2018-10-10 10:52:55 --> 404 Page Not Found: Assets/js
ERROR - 2018-10-10 10:53:13 --> Severity: Notice --> Undefined property: stdClass::$matricula C:\laragon\www\webpedidos\application\controllers\pedido\Template.php 512
ERROR - 2018-10-10 10:53:13 --> Severity: Notice --> Undefined property: stdClass::$nome C:\laragon\www\webpedidos\application\controllers\pedido\Template.php 513
ERROR - 2018-10-10 10:53:13 --> Severity: Notice --> Undefined property: stdClass::$setor C:\laragon\www\webpedidos\application\controllers\pedido\Template.php 514
ERROR - 2018-10-10 10:53:13 --> Severity: Notice --> Undefined property: stdClass::$cliente C:\laragon\www\webpedidos\application\controllers\pedido\Template.php 515
ERROR - 2018-10-10 10:53:13 --> Severity: Notice --> Undefined property: stdClass::$matricula C:\laragon\www\webpedidos\application\controllers\pedido\Template.php 512
ERROR - 2018-10-10 10:53:13 --> Severity: Notice --> Undefined property: stdClass::$nome C:\laragon\www\webpedidos\application\controllers\pedido\Template.php 513
ERROR - 2018-10-10 10:53:13 --> Severity: Notice --> Undefined property: stdClass::$setor C:\laragon\www\webpedidos\application\controllers\pedido\Template.php 514
ERROR - 2018-10-10 10:53:13 --> Severity: Notice --> Undefined property: stdClass::$cliente C:\laragon\www\webpedidos\application\controllers\pedido\Template.php 515
ERROR - 2018-10-10 10:53:13 --> Severity: Notice --> Undefined property: stdClass::$matricula C:\laragon\www\webpedidos\application\controllers\pedido\Template.php 512
ERROR - 2018-10-10 10:53:13 --> Severity: Notice --> Undefined property: stdClass::$nome C:\laragon\www\webpedidos\application\controllers\pedido\Template.php 513
ERROR - 2018-10-10 10:53:13 --> Severity: Notice --> Undefined property: stdClass::$setor C:\laragon\www\webpedidos\application\controllers\pedido\Template.php 514
ERROR - 2018-10-10 10:53:13 --> Severity: Notice --> Undefined property: stdClass::$cliente C:\laragon\www\webpedidos\application\controllers\pedido\Template.php 515
ERROR - 2018-10-10 10:53:34 --> Severity: Notice --> Undefined property: stdClass::$matricula C:\laragon\www\webpedidos\application\controllers\pedido\Template.php 512
ERROR - 2018-10-10 10:53:34 --> Severity: Notice --> Undefined property: stdClass::$nome C:\laragon\www\webpedidos\application\controllers\pedido\Template.php 513
ERROR - 2018-10-10 10:53:34 --> Severity: Notice --> Undefined property: stdClass::$setor C:\laragon\www\webpedidos\application\controllers\pedido\Template.php 514
ERROR - 2018-10-10 10:53:34 --> Severity: Notice --> Undefined property: stdClass::$cliente C:\laragon\www\webpedidos\application\controllers\pedido\Template.php 515
ERROR - 2018-10-10 10:53:34 --> Severity: Notice --> Undefined property: stdClass::$matricula C:\laragon\www\webpedidos\application\controllers\pedido\Template.php 512
ERROR - 2018-10-10 10:53:34 --> Severity: Notice --> Undefined property: stdClass::$nome C:\laragon\www\webpedidos\application\controllers\pedido\Template.php 513
ERROR - 2018-10-10 10:53:34 --> Severity: Notice --> Undefined property: stdClass::$setor C:\laragon\www\webpedidos\application\controllers\pedido\Template.php 514
ERROR - 2018-10-10 10:53:34 --> Severity: Notice --> Undefined property: stdClass::$cliente C:\laragon\www\webpedidos\application\controllers\pedido\Template.php 515
ERROR - 2018-10-10 10:53:34 --> Severity: Notice --> Undefined property: stdClass::$matricula C:\laragon\www\webpedidos\application\controllers\pedido\Template.php 512
ERROR - 2018-10-10 10:53:34 --> Severity: Notice --> Undefined property: stdClass::$nome C:\laragon\www\webpedidos\application\controllers\pedido\Template.php 513
ERROR - 2018-10-10 10:53:34 --> Severity: Notice --> Undefined property: stdClass::$setor C:\laragon\www\webpedidos\application\controllers\pedido\Template.php 514
ERROR - 2018-10-10 10:53:34 --> Severity: Notice --> Undefined property: stdClass::$cliente C:\laragon\www\webpedidos\application\controllers\pedido\Template.php 515
ERROR - 2018-10-10 10:54:23 --> 404 Page Not Found: Assets/js
ERROR - 2018-10-10 10:54:23 --> 404 Page Not Found: Assets/js
ERROR - 2018-10-10 10:54:25 --> Severity: Notice --> Array to string conversion C:\laragon\www\webpedidos\application\models\pedido\Template_model.php 209
ERROR - 2018-10-10 10:54:25 --> Severity: Notice --> Undefined property: stdClass::$matricula C:\laragon\www\webpedidos\application\controllers\pedido\Template.php 512
ERROR - 2018-10-10 10:54:25 --> Severity: Notice --> Undefined property: stdClass::$nome C:\laragon\www\webpedidos\application\controllers\pedido\Template.php 513
ERROR - 2018-10-10 10:54:25 --> Severity: Notice --> Undefined property: stdClass::$setor C:\laragon\www\webpedidos\application\controllers\pedido\Template.php 514
ERROR - 2018-10-10 10:54:25 --> Severity: Notice --> Undefined property: stdClass::$cliente C:\laragon\www\webpedidos\application\controllers\pedido\Template.php 515
ERROR - 2018-10-10 10:54:25 --> Severity: Notice --> Undefined property: stdClass::$matricula C:\laragon\www\webpedidos\application\controllers\pedido\Template.php 512
ERROR - 2018-10-10 10:54:25 --> Severity: Notice --> Undefined property: stdClass::$nome C:\laragon\www\webpedidos\application\controllers\pedido\Template.php 513
ERROR - 2018-10-10 10:54:25 --> Severity: Notice --> Undefined property: stdClass::$setor C:\laragon\www\webpedidos\application\controllers\pedido\Template.php 514
ERROR - 2018-10-10 10:54:25 --> Severity: Notice --> Undefined property: stdClass::$cliente C:\laragon\www\webpedidos\application\controllers\pedido\Template.php 515
ERROR - 2018-10-10 10:54:25 --> Severity: Notice --> Undefined property: stdClass::$matricula C:\laragon\www\webpedidos\application\controllers\pedido\Template.php 512
ERROR - 2018-10-10 10:54:25 --> Severity: Notice --> Undefined property: stdClass::$nome C:\laragon\www\webpedidos\application\controllers\pedido\Template.php 513
ERROR - 2018-10-10 10:54:25 --> Severity: Notice --> Undefined property: stdClass::$setor C:\laragon\www\webpedidos\application\controllers\pedido\Template.php 514
ERROR - 2018-10-10 10:54:25 --> Severity: Notice --> Undefined property: stdClass::$cliente C:\laragon\www\webpedidos\application\controllers\pedido\Template.php 515
ERROR - 2018-10-10 10:54:38 --> Severity: Notice --> Undefined property: stdClass::$matricula C:\laragon\www\webpedidos\application\controllers\pedido\Template.php 512
ERROR - 2018-10-10 10:54:38 --> Severity: Notice --> Undefined property: stdClass::$nome C:\laragon\www\webpedidos\application\controllers\pedido\Template.php 513
ERROR - 2018-10-10 10:54:38 --> Severity: Notice --> Undefined property: stdClass::$setor C:\laragon\www\webpedidos\application\controllers\pedido\Template.php 514
ERROR - 2018-10-10 10:54:38 --> Severity: Notice --> Undefined property: stdClass::$cliente C:\laragon\www\webpedidos\application\controllers\pedido\Template.php 515
ERROR - 2018-10-10 10:54:38 --> Severity: Notice --> Undefined property: stdClass::$matricula C:\laragon\www\webpedidos\application\controllers\pedido\Template.php 512
ERROR - 2018-10-10 10:54:38 --> Severity: Notice --> Undefined property: stdClass::$nome C:\laragon\www\webpedidos\application\controllers\pedido\Template.php 513
ERROR - 2018-10-10 10:54:38 --> Severity: Notice --> Undefined property: stdClass::$setor C:\laragon\www\webpedidos\application\controllers\pedido\Template.php 514
ERROR - 2018-10-10 10:54:38 --> Severity: Notice --> Undefined property: stdClass::$cliente C:\laragon\www\webpedidos\application\controllers\pedido\Template.php 515
ERROR - 2018-10-10 10:54:38 --> Severity: Notice --> Undefined property: stdClass::$matricula C:\laragon\www\webpedidos\application\controllers\pedido\Template.php 512
ERROR - 2018-10-10 10:54:38 --> Severity: Notice --> Undefined property: stdClass::$nome C:\laragon\www\webpedidos\application\controllers\pedido\Template.php 513
ERROR - 2018-10-10 10:54:38 --> Severity: Notice --> Undefined property: stdClass::$setor C:\laragon\www\webpedidos\application\controllers\pedido\Template.php 514
ERROR - 2018-10-10 10:54:38 --> Severity: Notice --> Undefined property: stdClass::$cliente C:\laragon\www\webpedidos\application\controllers\pedido\Template.php 515
ERROR - 2018-10-10 10:55:59 --> 404 Page Not Found: Assets/js
ERROR - 2018-10-10 10:55:59 --> 404 Page Not Found: Assets/js
ERROR - 2018-10-10 10:56:02 --> Severity: Notice --> Undefined property: stdClass::$matricula C:\laragon\www\webpedidos\application\controllers\pedido\Template.php 512
ERROR - 2018-10-10 10:56:02 --> Severity: Notice --> Undefined property: stdClass::$nome C:\laragon\www\webpedidos\application\controllers\pedido\Template.php 513
ERROR - 2018-10-10 10:56:02 --> Severity: Notice --> Undefined property: stdClass::$setor C:\laragon\www\webpedidos\application\controllers\pedido\Template.php 514
ERROR - 2018-10-10 10:56:02 --> Severity: Notice --> Undefined property: stdClass::$cliente C:\laragon\www\webpedidos\application\controllers\pedido\Template.php 515
ERROR - 2018-10-10 10:56:02 --> Severity: Notice --> Undefined property: stdClass::$matricula C:\laragon\www\webpedidos\application\controllers\pedido\Template.php 512
ERROR - 2018-10-10 10:56:02 --> Severity: Notice --> Undefined property: stdClass::$nome C:\laragon\www\webpedidos\application\controllers\pedido\Template.php 513
ERROR - 2018-10-10 10:56:02 --> Severity: Notice --> Undefined property: stdClass::$setor C:\laragon\www\webpedidos\application\controllers\pedido\Template.php 514
ERROR - 2018-10-10 10:56:02 --> Severity: Notice --> Undefined property: stdClass::$cliente C:\laragon\www\webpedidos\application\controllers\pedido\Template.php 515
ERROR - 2018-10-10 10:56:02 --> Severity: Notice --> Undefined property: stdClass::$matricula C:\laragon\www\webpedidos\application\controllers\pedido\Template.php 512
ERROR - 2018-10-10 10:56:02 --> Severity: Notice --> Undefined property: stdClass::$nome C:\laragon\www\webpedidos\application\controllers\pedido\Template.php 513
ERROR - 2018-10-10 10:56:02 --> Severity: Notice --> Undefined property: stdClass::$setor C:\laragon\www\webpedidos\application\controllers\pedido\Template.php 514
ERROR - 2018-10-10 10:56:02 --> Severity: Notice --> Undefined property: stdClass::$cliente C:\laragon\www\webpedidos\application\controllers\pedido\Template.php 515
ERROR - 2018-10-10 10:59:42 --> 404 Page Not Found: Assets/js
ERROR - 2018-10-10 10:59:42 --> 404 Page Not Found: Assets/js
ERROR - 2018-10-10 10:59:44 --> Severity: Notice --> Undefined property: stdClass::$matricula C:\laragon\www\webpedidos\application\controllers\pedido\Template.php 512
ERROR - 2018-10-10 10:59:44 --> Severity: Notice --> Undefined property: stdClass::$nome C:\laragon\www\webpedidos\application\controllers\pedido\Template.php 513
ERROR - 2018-10-10 10:59:44 --> Severity: Notice --> Undefined property: stdClass::$setor C:\laragon\www\webpedidos\application\controllers\pedido\Template.php 514
ERROR - 2018-10-10 10:59:44 --> Severity: Notice --> Undefined property: stdClass::$cliente C:\laragon\www\webpedidos\application\controllers\pedido\Template.php 515
ERROR - 2018-10-10 10:59:44 --> Severity: Notice --> Undefined property: stdClass::$matricula C:\laragon\www\webpedidos\application\controllers\pedido\Template.php 512
ERROR - 2018-10-10 10:59:44 --> Severity: Notice --> Undefined property: stdClass::$nome C:\laragon\www\webpedidos\application\controllers\pedido\Template.php 513
ERROR - 2018-10-10 10:59:44 --> Severity: Notice --> Undefined property: stdClass::$setor C:\laragon\www\webpedidos\application\controllers\pedido\Template.php 514
ERROR - 2018-10-10 10:59:44 --> Severity: Notice --> Undefined property: stdClass::$cliente C:\laragon\www\webpedidos\application\controllers\pedido\Template.php 515
ERROR - 2018-10-10 10:59:44 --> Severity: Notice --> Undefined property: stdClass::$matricula C:\laragon\www\webpedidos\application\controllers\pedido\Template.php 512
ERROR - 2018-10-10 10:59:44 --> Severity: Notice --> Undefined property: stdClass::$nome C:\laragon\www\webpedidos\application\controllers\pedido\Template.php 513
ERROR - 2018-10-10 10:59:44 --> Severity: Notice --> Undefined property: stdClass::$setor C:\laragon\www\webpedidos\application\controllers\pedido\Template.php 514
ERROR - 2018-10-10 10:59:44 --> Severity: Notice --> Undefined property: stdClass::$cliente C:\laragon\www\webpedidos\application\controllers\pedido\Template.php 515
ERROR - 2018-10-10 11:04:06 --> 404 Page Not Found: Assets/js
ERROR - 2018-10-10 11:04:06 --> 404 Page Not Found: Assets/js
ERROR - 2018-10-10 11:04:08 --> Severity: Notice --> Undefined index: funcionarios C:\laragon\www\webpedidos\application\controllers\pedido\Template.php 486
ERROR - 2018-10-10 11:04:08 --> Severity: Warning --> Invalid argument supplied for foreach() C:\laragon\www\webpedidos\application\controllers\pedido\Template.php 486
ERROR - 2018-10-10 11:05:16 --> Severity: Compile Error --> Cannot use [] for reading C:\laragon\www\webpedidos\application\controllers\pedido\Template.php 522
ERROR - 2018-10-10 11:16:44 --> Severity: error --> Exception: syntax error, unexpected 'print_r' (T_STRING), expecting ',' or ';' C:\laragon\www\webpedidos\application\controllers\pedido\Template.php 489
ERROR - 2018-10-10 11:17:20 --> Severity: error --> Exception: syntax error, unexpected 'echo' (T_ECHO), expecting ',' or ';' C:\laragon\www\webpedidos\application\controllers\pedido\Template.php 489
ERROR - 2018-10-10 11:17:27 --> 404 Page Not Found: Assets/js
ERROR - 2018-10-10 11:17:27 --> 404 Page Not Found: Assets/js
ERROR - 2018-10-10 11:17:30 --> Severity: Notice --> Undefined property: stdClass::$matricula C:\laragon\www\webpedidos\application\controllers\pedido\Template.php 512
ERROR - 2018-10-10 11:17:30 --> Severity: Notice --> Undefined property: stdClass::$nome C:\laragon\www\webpedidos\application\controllers\pedido\Template.php 513
ERROR - 2018-10-10 11:17:30 --> Severity: Notice --> Undefined property: stdClass::$setor C:\laragon\www\webpedidos\application\controllers\pedido\Template.php 514
ERROR - 2018-10-10 11:17:30 --> Severity: Notice --> Undefined property: stdClass::$cliente C:\laragon\www\webpedidos\application\controllers\pedido\Template.php 515
ERROR - 2018-10-10 11:17:30 --> Severity: Notice --> Undefined property: stdClass::$matricula C:\laragon\www\webpedidos\application\controllers\pedido\Template.php 512
ERROR - 2018-10-10 11:17:30 --> Severity: Notice --> Undefined property: stdClass::$nome C:\laragon\www\webpedidos\application\controllers\pedido\Template.php 513
ERROR - 2018-10-10 11:17:30 --> Severity: Notice --> Undefined property: stdClass::$setor C:\laragon\www\webpedidos\application\controllers\pedido\Template.php 514
ERROR - 2018-10-10 11:17:30 --> Severity: Notice --> Undefined property: stdClass::$cliente C:\laragon\www\webpedidos\application\controllers\pedido\Template.php 515
ERROR - 2018-10-10 11:17:30 --> Severity: Notice --> Undefined property: stdClass::$matricula C:\laragon\www\webpedidos\application\controllers\pedido\Template.php 512
ERROR - 2018-10-10 11:17:30 --> Severity: Notice --> Undefined property: stdClass::$nome C:\laragon\www\webpedidos\application\controllers\pedido\Template.php 513
ERROR - 2018-10-10 11:17:30 --> Severity: Notice --> Undefined property: stdClass::$setor C:\laragon\www\webpedidos\application\controllers\pedido\Template.php 514
ERROR - 2018-10-10 11:17:30 --> Severity: Notice --> Undefined property: stdClass::$cliente C:\laragon\www\webpedidos\application\controllers\pedido\Template.php 515
ERROR - 2018-10-10 11:18:58 --> 404 Page Not Found: Assets/js
ERROR - 2018-10-10 11:18:58 --> 404 Page Not Found: Assets/js
ERROR - 2018-10-10 11:19:04 --> Severity: Notice --> Undefined index: funcionarios C:\laragon\www\webpedidos\application\controllers\pedido\Template.php 486
ERROR - 2018-10-10 11:19:04 --> Severity: Warning --> Invalid argument supplied for foreach() C:\laragon\www\webpedidos\application\controllers\pedido\Template.php 486
ERROR - 2018-10-10 11:19:31 --> Severity: Notice --> Undefined property: stdClass::$matricula C:\laragon\www\webpedidos\application\controllers\pedido\Template.php 512
ERROR - 2018-10-10 11:19:31 --> Severity: Notice --> Undefined property: stdClass::$nome C:\laragon\www\webpedidos\application\controllers\pedido\Template.php 513
ERROR - 2018-10-10 11:19:31 --> Severity: Notice --> Undefined property: stdClass::$setor C:\laragon\www\webpedidos\application\controllers\pedido\Template.php 514
ERROR - 2018-10-10 11:19:31 --> Severity: Notice --> Undefined property: stdClass::$cliente C:\laragon\www\webpedidos\application\controllers\pedido\Template.php 515
ERROR - 2018-10-10 11:19:31 --> Severity: Notice --> Undefined property: stdClass::$matricula C:\laragon\www\webpedidos\application\controllers\pedido\Template.php 512
ERROR - 2018-10-10 11:19:31 --> Severity: Notice --> Undefined property: stdClass::$nome C:\laragon\www\webpedidos\application\controllers\pedido\Template.php 513
ERROR - 2018-10-10 11:19:31 --> Severity: Notice --> Undefined property: stdClass::$setor C:\laragon\www\webpedidos\application\controllers\pedido\Template.php 514
ERROR - 2018-10-10 11:19:31 --> Severity: Notice --> Undefined property: stdClass::$cliente C:\laragon\www\webpedidos\application\controllers\pedido\Template.php 515
ERROR - 2018-10-10 11:19:31 --> Severity: Notice --> Undefined property: stdClass::$matricula C:\laragon\www\webpedidos\application\controllers\pedido\Template.php 512
ERROR - 2018-10-10 11:19:31 --> Severity: Notice --> Undefined property: stdClass::$nome C:\laragon\www\webpedidos\application\controllers\pedido\Template.php 513
ERROR - 2018-10-10 11:19:31 --> Severity: Notice --> Undefined property: stdClass::$setor C:\laragon\www\webpedidos\application\controllers\pedido\Template.php 514
ERROR - 2018-10-10 11:19:31 --> Severity: Notice --> Undefined property: stdClass::$cliente C:\laragon\www\webpedidos\application\controllers\pedido\Template.php 515
ERROR - 2018-10-10 11:20:03 --> 404 Page Not Found: Assets/js
ERROR - 2018-10-10 11:20:03 --> 404 Page Not Found: Assets/js
ERROR - 2018-10-10 11:20:05 --> Severity: Notice --> Undefined property: stdClass::$matricula C:\laragon\www\webpedidos\application\controllers\pedido\Template.php 512
ERROR - 2018-10-10 11:20:05 --> Severity: Notice --> Undefined property: stdClass::$cliente C:\laragon\www\webpedidos\application\controllers\pedido\Template.php 515
ERROR - 2018-10-10 11:20:05 --> Severity: Notice --> Undefined property: stdClass::$matricula C:\laragon\www\webpedidos\application\controllers\pedido\Template.php 512
ERROR - 2018-10-10 11:20:05 --> Severity: Notice --> Undefined property: stdClass::$cliente C:\laragon\www\webpedidos\application\controllers\pedido\Template.php 515
ERROR - 2018-10-10 11:20:05 --> Severity: Notice --> Undefined property: stdClass::$matricula C:\laragon\www\webpedidos\application\controllers\pedido\Template.php 512
ERROR - 2018-10-10 11:20:05 --> Severity: Notice --> Undefined property: stdClass::$cliente C:\laragon\www\webpedidos\application\controllers\pedido\Template.php 515
ERROR - 2018-10-10 11:31:04 --> 404 Page Not Found: Assets/js
ERROR - 2018-10-10 11:31:04 --> 404 Page Not Found: Assets/js
ERROR - 2018-10-10 11:31:06 --> Severity: Notice --> Undefined property: stdClass::$matricula C:\laragon\www\webpedidos\application\controllers\pedido\Template.php 512
ERROR - 2018-10-10 11:31:06 --> Severity: Notice --> Undefined property: stdClass::$cliente C:\laragon\www\webpedidos\application\controllers\pedido\Template.php 515
ERROR - 2018-10-10 11:31:06 --> Severity: Notice --> Undefined property: stdClass::$matricula C:\laragon\www\webpedidos\application\controllers\pedido\Template.php 512
ERROR - 2018-10-10 11:31:06 --> Severity: Notice --> Undefined property: stdClass::$cliente C:\laragon\www\webpedidos\application\controllers\pedido\Template.php 515
ERROR - 2018-10-10 11:31:06 --> Severity: Notice --> Undefined property: stdClass::$matricula C:\laragon\www\webpedidos\application\controllers\pedido\Template.php 512
ERROR - 2018-10-10 11:31:06 --> Severity: Notice --> Undefined property: stdClass::$cliente C:\laragon\www\webpedidos\application\controllers\pedido\Template.php 515
ERROR - 2018-10-10 11:32:21 --> 404 Page Not Found: Assets/js
ERROR - 2018-10-10 11:32:21 --> 404 Page Not Found: Assets/js
ERROR - 2018-10-10 11:32:24 --> Severity: Notice --> Undefined property: stdClass::$matricula C:\laragon\www\webpedidos\application\controllers\pedido\Template.php 512
ERROR - 2018-10-10 11:32:24 --> Severity: Notice --> Undefined property: stdClass::$cliente C:\laragon\www\webpedidos\application\controllers\pedido\Template.php 515
ERROR - 2018-10-10 11:32:24 --> Severity: Notice --> Undefined property: stdClass::$matricula C:\laragon\www\webpedidos\application\controllers\pedido\Template.php 512
ERROR - 2018-10-10 11:32:24 --> Severity: Notice --> Undefined property: stdClass::$cliente C:\laragon\www\webpedidos\application\controllers\pedido\Template.php 515
ERROR - 2018-10-10 11:32:24 --> Severity: Notice --> Undefined property: stdClass::$matricula C:\laragon\www\webpedidos\application\controllers\pedido\Template.php 512
ERROR - 2018-10-10 11:32:24 --> Severity: Notice --> Undefined property: stdClass::$cliente C:\laragon\www\webpedidos\application\controllers\pedido\Template.php 515
ERROR - 2018-10-10 11:32:46 --> Severity: Notice --> Undefined property: stdClass::$matricula C:\laragon\www\webpedidos\application\controllers\pedido\Template.php 512
ERROR - 2018-10-10 11:32:46 --> Severity: Notice --> Undefined property: stdClass::$cliente C:\laragon\www\webpedidos\application\controllers\pedido\Template.php 515
ERROR - 2018-10-10 11:32:46 --> Severity: Notice --> Undefined property: stdClass::$matricula C:\laragon\www\webpedidos\application\controllers\pedido\Template.php 512
ERROR - 2018-10-10 11:32:46 --> Severity: Notice --> Undefined property: stdClass::$cliente C:\laragon\www\webpedidos\application\controllers\pedido\Template.php 515
ERROR - 2018-10-10 11:32:46 --> Severity: Notice --> Undefined property: stdClass::$matricula C:\laragon\www\webpedidos\application\controllers\pedido\Template.php 512
ERROR - 2018-10-10 11:32:46 --> Severity: Notice --> Undefined property: stdClass::$cliente C:\laragon\www\webpedidos\application\controllers\pedido\Template.php 515
ERROR - 2018-10-10 11:35:42 --> 404 Page Not Found: Assets/js
ERROR - 2018-10-10 11:35:42 --> 404 Page Not Found: Assets/js
ERROR - 2018-10-10 11:35:44 --> Severity: Notice --> Undefined property: stdClass::$matricula C:\laragon\www\webpedidos\application\controllers\pedido\Template.php 512
ERROR - 2018-10-10 11:35:44 --> Severity: Notice --> Undefined property: stdClass::$cliente C:\laragon\www\webpedidos\application\controllers\pedido\Template.php 515
ERROR - 2018-10-10 11:35:44 --> Severity: Notice --> Undefined property: stdClass::$matricula C:\laragon\www\webpedidos\application\controllers\pedido\Template.php 512
ERROR - 2018-10-10 11:35:44 --> Severity: Notice --> Undefined property: stdClass::$cliente C:\laragon\www\webpedidos\application\controllers\pedido\Template.php 515
ERROR - 2018-10-10 11:35:44 --> Severity: Notice --> Undefined property: stdClass::$matricula C:\laragon\www\webpedidos\application\controllers\pedido\Template.php 512
ERROR - 2018-10-10 11:35:44 --> Severity: Notice --> Undefined property: stdClass::$cliente C:\laragon\www\webpedidos\application\controllers\pedido\Template.php 515
ERROR - 2018-10-10 11:36:51 --> 404 Page Not Found: Assets/js
ERROR - 2018-10-10 11:36:51 --> 404 Page Not Found: Assets/js
ERROR - 2018-10-10 11:36:54 --> Severity: Notice --> Undefined property: stdClass::$matricula C:\laragon\www\webpedidos\application\controllers\pedido\Template.php 512
ERROR - 2018-10-10 11:36:54 --> Severity: Notice --> Undefined property: stdClass::$cliente C:\laragon\www\webpedidos\application\controllers\pedido\Template.php 515
ERROR - 2018-10-10 11:36:54 --> Severity: Notice --> Undefined property: stdClass::$matricula C:\laragon\www\webpedidos\application\controllers\pedido\Template.php 512
ERROR - 2018-10-10 11:36:54 --> Severity: Notice --> Undefined property: stdClass::$cliente C:\laragon\www\webpedidos\application\controllers\pedido\Template.php 515
ERROR - 2018-10-10 11:36:54 --> Severity: Notice --> Undefined property: stdClass::$matricula C:\laragon\www\webpedidos\application\controllers\pedido\Template.php 512
ERROR - 2018-10-10 11:36:54 --> Severity: Notice --> Undefined property: stdClass::$cliente C:\laragon\www\webpedidos\application\controllers\pedido\Template.php 515
ERROR - 2018-10-10 11:37:56 --> 404 Page Not Found: Assets/js
ERROR - 2018-10-10 11:37:56 --> 404 Page Not Found: Assets/js
ERROR - 2018-10-10 11:38:00 --> Severity: Notice --> Undefined property: stdClass::$matricula C:\laragon\www\webpedidos\application\controllers\pedido\Template.php 513
ERROR - 2018-10-10 11:38:00 --> Severity: Notice --> Undefined property: stdClass::$cliente C:\laragon\www\webpedidos\application\controllers\pedido\Template.php 516
ERROR - 2018-10-10 11:38:00 --> Severity: Notice --> Undefined property: stdClass::$matricula C:\laragon\www\webpedidos\application\controllers\pedido\Template.php 513
ERROR - 2018-10-10 11:38:00 --> Severity: Notice --> Undefined property: stdClass::$cliente C:\laragon\www\webpedidos\application\controllers\pedido\Template.php 516
ERROR - 2018-10-10 11:38:00 --> Severity: Notice --> Undefined property: stdClass::$matricula C:\laragon\www\webpedidos\application\controllers\pedido\Template.php 513
ERROR - 2018-10-10 11:38:00 --> Severity: Notice --> Undefined property: stdClass::$cliente C:\laragon\www\webpedidos\application\controllers\pedido\Template.php 516
ERROR - 2018-10-10 11:38:59 --> 404 Page Not Found: Assets/js
ERROR - 2018-10-10 11:38:59 --> 404 Page Not Found: Assets/js
ERROR - 2018-10-10 11:39:04 --> Severity: Notice --> Undefined property: stdClass::$cliente C:\laragon\www\webpedidos\application\controllers\pedido\Template.php 516
ERROR - 2018-10-10 11:39:04 --> Severity: Notice --> Undefined property: stdClass::$cliente C:\laragon\www\webpedidos\application\controllers\pedido\Template.php 516
ERROR - 2018-10-10 11:39:04 --> Severity: Notice --> Undefined property: stdClass::$cliente C:\laragon\www\webpedidos\application\controllers\pedido\Template.php 516
ERROR - 2018-10-10 11:39:40 --> Severity: Notice --> Undefined property: stdClass::$cliente C:\laragon\www\webpedidos\application\controllers\pedido\Template.php 516
ERROR - 2018-10-10 11:39:40 --> Severity: Notice --> Undefined property: stdClass::$cliente C:\laragon\www\webpedidos\application\controllers\pedido\Template.php 516
ERROR - 2018-10-10 11:39:40 --> Severity: Notice --> Undefined property: stdClass::$cliente C:\laragon\www\webpedidos\application\controllers\pedido\Template.php 516
ERROR - 2018-10-10 11:40:24 --> 404 Page Not Found: Assets/js
ERROR - 2018-10-10 11:40:24 --> 404 Page Not Found: Assets/js
ERROR - 2018-10-10 11:40:26 --> Severity: Notice --> Undefined property: stdClass::$matricula C:\laragon\www\webpedidos\application\controllers\pedido\Template.php 513
ERROR - 2018-10-10 11:40:26 --> Severity: Notice --> Undefined property: stdClass::$cliente C:\laragon\www\webpedidos\application\controllers\pedido\Template.php 516
ERROR - 2018-10-10 11:40:26 --> Severity: Notice --> Undefined property: stdClass::$matricula C:\laragon\www\webpedidos\application\controllers\pedido\Template.php 513
ERROR - 2018-10-10 11:40:26 --> Severity: Notice --> Undefined property: stdClass::$cliente C:\laragon\www\webpedidos\application\controllers\pedido\Template.php 516
ERROR - 2018-10-10 11:40:26 --> Severity: Notice --> Undefined property: stdClass::$matricula C:\laragon\www\webpedidos\application\controllers\pedido\Template.php 513
ERROR - 2018-10-10 11:40:26 --> Severity: Notice --> Undefined property: stdClass::$cliente C:\laragon\www\webpedidos\application\controllers\pedido\Template.php 516
ERROR - 2018-10-10 11:40:55 --> Severity: Notice --> Undefined property: stdClass::$cliente C:\laragon\www\webpedidos\application\controllers\pedido\Template.php 516
ERROR - 2018-10-10 11:40:55 --> Severity: Notice --> Undefined property: stdClass::$cliente C:\laragon\www\webpedidos\application\controllers\pedido\Template.php 516
ERROR - 2018-10-10 11:40:55 --> Severity: Notice --> Undefined property: stdClass::$cliente C:\laragon\www\webpedidos\application\controllers\pedido\Template.php 516
ERROR - 2018-10-10 11:43:15 --> 404 Page Not Found: Assets/js
ERROR - 2018-10-10 11:43:15 --> 404 Page Not Found: Assets/js
ERROR - 2018-10-10 11:45:05 --> 404 Page Not Found: Assets/js
ERROR - 2018-10-10 11:45:05 --> 404 Page Not Found: Assets/js
ERROR - 2018-10-10 14:17:45 --> 404 Page Not Found: Assets/js
ERROR - 2018-10-10 14:17:45 --> 404 Page Not Found: Assets/js
ERROR - 2018-10-10 14:18:46 --> 404 Page Not Found: Assets/js
ERROR - 2018-10-10 14:18:46 --> 404 Page Not Found: Assets/js
ERROR - 2018-10-10 14:19:46 --> 404 Page Not Found: Assets/js
ERROR - 2018-10-10 14:19:46 --> 404 Page Not Found: Assets/js
ERROR - 2018-10-10 14:35:37 --> 404 Page Not Found: Assets/js
ERROR - 2018-10-10 14:35:37 --> 404 Page Not Found: Assets/js
ERROR - 2018-10-10 14:36:44 --> 404 Page Not Found: Assets/js
ERROR - 2018-10-10 14:36:45 --> 404 Page Not Found: Assets/js
ERROR - 2018-10-10 14:40:48 --> 404 Page Not Found: Assets/js
ERROR - 2018-10-10 14:40:48 --> 404 Page Not Found: Assets/js
ERROR - 2018-10-10 14:42:21 --> 404 Page Not Found: Assets/js
ERROR - 2018-10-10 14:42:21 --> 404 Page Not Found: Assets/js
ERROR - 2018-10-10 14:47:06 --> 404 Page Not Found: Assets/js
ERROR - 2018-10-10 14:47:06 --> 404 Page Not Found: Assets/js
ERROR - 2018-10-10 14:50:46 --> 404 Page Not Found: Assets/js
ERROR - 2018-10-10 14:50:46 --> 404 Page Not Found: Assets/js
ERROR - 2018-10-10 14:53:18 --> 404 Page Not Found: Assets/js
ERROR - 2018-10-10 14:53:18 --> 404 Page Not Found: Assets/js
ERROR - 2018-10-10 15:02:17 --> 404 Page Not Found: Assets/js
ERROR - 2018-10-10 15:02:17 --> 404 Page Not Found: Assets/js
ERROR - 2018-10-10 15:05:16 --> 404 Page Not Found: Assets/js
ERROR - 2018-10-10 15:05:16 --> 404 Page Not Found: Assets/js
ERROR - 2018-10-10 15:06:32 --> 404 Page Not Found: Assets/js
ERROR - 2018-10-10 15:06:32 --> 404 Page Not Found: Assets/js
ERROR - 2018-10-10 15:08:37 --> 404 Page Not Found: Assets/js
ERROR - 2018-10-10 15:08:37 --> 404 Page Not Found: Assets/js
ERROR - 2018-10-10 15:10:29 --> 404 Page Not Found: Assets/js
ERROR - 2018-10-10 15:10:29 --> 404 Page Not Found: Assets/js
ERROR - 2018-10-10 15:17:03 --> 404 Page Not Found: Assets/js
ERROR - 2018-10-10 15:17:03 --> 404 Page Not Found: Assets/js
ERROR - 2018-10-10 15:20:04 --> 404 Page Not Found: Assets/js
ERROR - 2018-10-10 15:20:04 --> 404 Page Not Found: Assets/js
ERROR - 2018-10-10 15:20:48 --> Severity: Notice --> Undefined index: cliente C:\laragon\www\webpedidos\application\controllers\pedido\Template.php 360
ERROR - 2018-10-10 15:20:48 --> Severity: Notice --> Undefined index: cliente C:\laragon\www\webpedidos\application\controllers\pedido\Template.php 362
ERROR - 2018-10-10 15:20:48 --> Severity: Notice --> Undefined index: id C:\laragon\www\webpedidos\application\models\produto\Produto_model.php 130
ERROR - 2018-10-10 15:20:48 --> Severity: Notice --> Undefined index: cliente C:\laragon\www\webpedidos\application\controllers\pedido\Template.php 360
ERROR - 2018-10-10 15:20:48 --> Severity: Notice --> Undefined index: cliente C:\laragon\www\webpedidos\application\controllers\pedido\Template.php 362
ERROR - 2018-10-10 15:20:48 --> Severity: Notice --> Undefined index: id C:\laragon\www\webpedidos\application\models\produto\Produto_model.php 130
ERROR - 2018-10-10 15:20:48 --> Severity: Notice --> Undefined index: cliente C:\laragon\www\webpedidos\application\controllers\pedido\Template.php 360
ERROR - 2018-10-10 15:20:48 --> Severity: Notice --> Undefined index: cliente C:\laragon\www\webpedidos\application\controllers\pedido\Template.php 362
ERROR - 2018-10-10 15:20:48 --> Severity: Notice --> Undefined index: id C:\laragon\www\webpedidos\application\models\produto\Produto_model.php 130
ERROR - 2018-10-10 15:20:48 --> Severity: Notice --> Undefined variable: produto C:\laragon\www\webpedidos\application\controllers\pedido\Template.php 436
ERROR - 2018-10-10 15:20:48 --> Query error: ERRO:  valor nulo na coluna "key_clientes" viola a restrição não-nula
DETAIL:  Registro que falhou contém (50285, null, 2018-10-10, 2018-10-10, null, 33021887, 100, null, Aberto, OBSERVACAO DA FELICIDADE, null, t, f, null, 2018-10-10 15:20:48, null, null, null, 1, LOJA, 71.340.830/0001-06, 0, 71.340.830/0001-06, 0). - Invalid query: INSERT INTO "pedidos" ("aprovar", "data_emissao", "data_fechado", "dh_aprovacao", "entrega_local", "entrega_turno", "id_centro_custo", "id_depto", "key_clientes", "key_clientes_aprovador", "key_clientes_solicitante", "key_funcionarios", "key_funcionarios_aprovador", "key_funcionarios_solicitante", "numero", "obs") VALUES ('1','2018-10-10',NULL,'2018-10-10 15:20:48','LOJA',1,'100',NULL,NULL,'71.340.830/0001-06','71.340.830/0001-06','33021887','0','0',50285,'OBSERVACAO DA FELICIDADE'), ('1','2018-10-10',NULL,'2018-10-10 15:20:48','LOJA',3,'100',NULL,NULL,'71.340.830/0001-06','71.340.830/0001-06','33053863','0','0',50286,'OBSERVACAO DA FELICIDADE'), ('1','2018-10-10',NULL,'2018-10-10 15:20:48','LOJA',2,'100',NULL,NULL,'71.340.830/0001-06','71.340.830/0001-06','33044107','0','0',50287,'OBSERVACAO DA FELICIDADE')
ERROR - 2018-10-10 15:20:48 --> Severity: Warning --> Cannot modify header information - headers already sent by (output started at C:\laragon\www\system\core\Exceptions.php:271) C:\laragon\www\system\core\Common.php 570
ERROR - 2018-10-10 15:29:28 --> 404 Page Not Found: Assets/js
ERROR - 2018-10-10 15:29:28 --> 404 Page Not Found: Assets/js
ERROR - 2018-10-10 15:34:47 --> 404 Page Not Found: Assets/js
ERROR - 2018-10-10 15:34:47 --> 404 Page Not Found: Assets/js
ERROR - 2018-10-10 15:36:44 --> 404 Page Not Found: Assets/images
ERROR - 2018-10-10 15:36:45 --> 404 Page Not Found: Assets/images
ERROR - 2018-10-10 15:36:45 --> 404 Page Not Found: Assets/images
ERROR - 2018-10-10 15:36:45 --> 404 Page Not Found: Assets/images
ERROR - 2018-10-10 15:37:10 --> 404 Page Not Found: Assets/js
ERROR - 2018-10-10 15:37:10 --> 404 Page Not Found: Assets/js
ERROR - 2018-10-10 15:41:25 --> 404 Page Not Found: Assets/js
ERROR - 2018-10-10 15:41:25 --> 404 Page Not Found: Assets/js
ERROR - 2018-10-10 15:43:37 --> 404 Page Not Found: Assets/js
ERROR - 2018-10-10 15:43:37 --> 404 Page Not Found: Assets/js
ERROR - 2018-10-10 15:43:54 --> Severity: Notice --> Undefined index: cliente C:\laragon\www\webpedidos\application\controllers\pedido\Template.php 360
ERROR - 2018-10-10 15:43:54 --> Severity: Notice --> Undefined index: cliente C:\laragon\www\webpedidos\application\controllers\pedido\Template.php 362
ERROR - 2018-10-10 15:43:54 --> Severity: Notice --> Undefined index: id C:\laragon\www\webpedidos\application\models\produto\Produto_model.php 130
ERROR - 2018-10-10 15:43:54 --> Severity: Notice --> Undefined index: cliente C:\laragon\www\webpedidos\application\controllers\pedido\Template.php 360
ERROR - 2018-10-10 15:43:54 --> Severity: Notice --> Undefined index: cliente C:\laragon\www\webpedidos\application\controllers\pedido\Template.php 362
ERROR - 2018-10-10 15:43:54 --> Severity: Notice --> Undefined index: id C:\laragon\www\webpedidos\application\models\produto\Produto_model.php 130
ERROR - 2018-10-10 15:43:54 --> Severity: Notice --> Undefined index: cliente C:\laragon\www\webpedidos\application\controllers\pedido\Template.php 360
ERROR - 2018-10-10 15:43:54 --> Severity: Notice --> Undefined index: cliente C:\laragon\www\webpedidos\application\controllers\pedido\Template.php 362
ERROR - 2018-10-10 15:43:54 --> Severity: Notice --> Undefined index: id C:\laragon\www\webpedidos\application\models\produto\Produto_model.php 130
ERROR - 2018-10-10 15:43:54 --> Severity: Notice --> Undefined variable: produto C:\laragon\www\webpedidos\application\controllers\pedido\Template.php 436
ERROR - 2018-10-10 15:43:54 --> Query error: ERRO:  valor nulo na coluna "key_clientes" viola a restrição não-nula
DETAIL:  Registro que falhou contém (50290, null, 2018-10-10, 2018-10-10, null, 33021908, 100, null, Aberto, OBS FELIZ 2, null, t, f, null, 2018-10-10 15:43:54, null, null, null, 1, LOJA, 71.340.830/0001-06, 0, 71.340.830/0001-06, 0). - Invalid query: INSERT INTO "pedidos" ("aprovar", "data_emissao", "data_fechado", "dh_aprovacao", "entrega_local", "entrega_turno", "id_centro_custo", "id_depto", "key_clientes", "key_clientes_aprovador", "key_clientes_solicitante", "key_funcionarios", "key_funcionarios_aprovador", "key_funcionarios_solicitante", "numero", "obs") VALUES ('1','2018-10-10',NULL,'2018-10-10 15:43:54','LOJA',1,'100',NULL,NULL,'71.340.830/0001-06','71.340.830/0001-06','33021908','0','0',50290,'OBS FELIZ 2'), ('1','2018-10-10',NULL,'2018-10-10 15:43:54','LOJA',3,'100',NULL,NULL,'71.340.830/0001-06','71.340.830/0001-06','33028762','0','0',50291,'OBS FELIZ 2'), ('1','2018-10-10',NULL,'2018-10-10 15:43:54','LOJA',2,'100',NULL,NULL,'71.340.830/0001-06','71.340.830/0001-06','33007408','0','0',50292,'OBS FELIZ 2')
ERROR - 2018-10-10 15:43:54 --> Severity: Warning --> Cannot modify header information - headers already sent by (output started at C:\laragon\www\system\core\Exceptions.php:271) C:\laragon\www\system\core\Common.php 570
ERROR - 2018-10-10 16:14:49 --> 404 Page Not Found: Assets/js
ERROR - 2018-10-10 16:14:49 --> 404 Page Not Found: Assets/js
