ERROR - 2019-08-01 14:13:41 --> 404 Page Not Found: Assets/js
ERROR - 2019-08-01 14:13:41 --> 404 Page Not Found: Assets/js
ERROR - 2019-08-01 14:15:23 --> 404 Page Not Found: Assets/images
ERROR - 2019-08-01 14:15:23 --> 404 Page Not Found: Assets/images
ERROR - 2019-08-01 14:15:23 --> 404 Page Not Found: Assets/images
ERROR - 2019-08-01 14:15:23 --> 404 Page Not Found: Assets/images
ERROR - 2019-08-01 14:15:23 --> 404 Page Not Found: Assets/images
ERROR - 2019-08-01 14:15:23 --> 404 Page Not Found: Assets/images
ERROR - 2019-08-01 14:16:38 --> 404 Page Not Found: Assets/images
ERROR - 2019-08-01 14:16:38 --> 404 Page Not Found: Assets/images
ERROR - 2019-08-01 14:16:38 --> 404 Page Not Found: Assets/images
ERROR - 2019-08-01 14:17:16 --> 404 Page Not Found: Assets/js
ERROR - 2019-08-01 14:17:16 --> 404 Page Not Found: Assets/js
ERROR - 2019-08-01 14:17:40 --> 404 Page Not Found: Assets/js
ERROR - 2019-08-01 14:17:40 --> 404 Page Not Found: Assets/js
ERROR - 2019-08-01 14:18:02 --> 404 Page Not Found: Assets/images
ERROR - 2019-08-01 14:18:02 --> 404 Page Not Found: Assets/images
ERROR - 2019-08-01 14:18:18 --> 404 Page Not Found: Assets/images
ERROR - 2019-08-01 14:18:18 --> 404 Page Not Found: Assets/images
ERROR - 2019-08-01 14:19:10 --> 404 Page Not Found: Assets/js
ERROR - 2019-08-01 14:19:10 --> 404 Page Not Found: Assets/js
ERROR - 2019-08-01 14:19:34 --> 404 Page Not Found: Assets/js
ERROR - 2019-08-01 14:19:34 --> 404 Page Not Found: Assets/js
ERROR - 2019-08-01 14:19:49 --> 404 Page Not Found: Assets/js
ERROR - 2019-08-01 14:19:49 --> 404 Page Not Found: Assets/js
ERROR - 2019-08-01 14:19:52 --> 404 Page Not Found: Assets/js
ERROR - 2019-08-01 14:19:52 --> 404 Page Not Found: Assets/js
ERROR - 2019-08-01 14:20:06 --> 404 Page Not Found: Assets/js
ERROR - 2019-08-01 14:20:06 --> 404 Page Not Found: Assets/js
ERROR - 2019-08-01 14:20:11 --> Query error: ERRO:  coluna "codigo" não existe
LINE 2: WHERE "codigo" = '74'
              ^ - Invalid query: DELETE FROM "templates"
WHERE "codigo" = '74'
ERROR - 2019-08-01 14:20:14 --> 404 Page Not Found: Assets/js
ERROR - 2019-08-01 14:20:14 --> 404 Page Not Found: Assets/js
ERROR - 2019-08-01 14:20:22 --> Query error: ERRO:  coluna "codigo" não existe
LINE 2: WHERE "codigo" = '74'
              ^ - Invalid query: DELETE FROM "templates"
WHERE "codigo" = '74'
ERROR - 2019-08-01 14:26:07 --> 404 Page Not Found: Assets/js
ERROR - 2019-08-01 14:26:07 --> 404 Page Not Found: Assets/js
ERROR - 2019-08-01 14:26:08 --> 404 Page Not Found: Assets/js
ERROR - 2019-08-01 14:26:08 --> 404 Page Not Found: Assets/js
ERROR - 2019-08-01 14:26:14 --> 404 Page Not Found: Assets/js
ERROR - 2019-08-01 14:26:14 --> 404 Page Not Found: Assets/js
ERROR - 2019-08-01 14:26:21 --> Query error: ERRO:  coluna "numero" não existe
LINE 1: SELECT "numero"
               ^ - Invalid query: SELECT "numero"
FROM "templates_funcionarios"
WHERE "key_templates" = '74'
ERROR - 2019-08-01 14:30:44 --> 404 Page Not Found: Assets/js
ERROR - 2019-08-01 14:30:44 --> 404 Page Not Found: Assets/js
ERROR - 2019-08-01 14:31:35 --> 404 Page Not Found: Assets/js
ERROR - 2019-08-01 14:31:35 --> 404 Page Not Found: Assets/js
ERROR - 2019-08-01 14:31:37 --> 404 Page Not Found: Assets/js
ERROR - 2019-08-01 14:31:37 --> 404 Page Not Found: Assets/js
ERROR - 2019-08-01 14:31:49 --> 404 Page Not Found: Assets/js
ERROR - 2019-08-01 14:31:49 --> 404 Page Not Found: Assets/js
ERROR - 2019-08-01 14:50:31 --> 404 Page Not Found: Assets/js
ERROR - 2019-08-01 14:50:31 --> 404 Page Not Found: Assets/js
ERROR - 2019-08-01 14:50:44 --> 404 Page Not Found: Assets/js
ERROR - 2019-08-01 14:50:44 --> 404 Page Not Found: Assets/js
ERROR - 2019-08-01 14:50:56 --> 404 Page Not Found: Assets/js
ERROR - 2019-08-01 14:50:56 --> 404 Page Not Found: Assets/js
ERROR - 2019-08-01 15:01:38 --> 404 Page Not Found: Assets/js
ERROR - 2019-08-01 15:01:38 --> 404 Page Not Found: Assets/js
ERROR - 2019-08-01 15:04:31 --> 404 Page Not Found: Assets/js
ERROR - 2019-08-01 15:04:31 --> 404 Page Not Found: Assets/js
ERROR - 2019-08-01 15:04:45 --> 404 Page Not Found: Assets/js
ERROR - 2019-08-01 15:04:45 --> 404 Page Not Found: Assets/js
ERROR - 2019-08-01 15:05:25 --> 404 Page Not Found: Assets/js
ERROR - 2019-08-01 15:05:25 --> 404 Page Not Found: Assets/js
ERROR - 2019-08-01 15:05:28 --> 404 Page Not Found: Assets/js
ERROR - 2019-08-01 15:05:28 --> 404 Page Not Found: Assets/js
ERROR - 2019-08-01 15:05:38 --> 404 Page Not Found: Assets/js
ERROR - 2019-08-01 15:05:38 --> 404 Page Not Found: Assets/js
ERROR - 2019-08-01 15:06:53 --> 404 Page Not Found: Assets/js
ERROR - 2019-08-01 15:06:53 --> 404 Page Not Found: Assets/js
ERROR - 2019-08-01 15:07:01 --> 404 Page Not Found: Assets/js
ERROR - 2019-08-01 15:07:01 --> 404 Page Not Found: Assets/js
ERROR - 2019-08-01 15:07:03 --> 404 Page Not Found: Assets/js
ERROR - 2019-08-01 15:07:03 --> 404 Page Not Found: Assets/js
ERROR - 2019-08-01 15:07:20 --> 404 Page Not Found: Assets/js
ERROR - 2019-08-01 15:07:20 --> 404 Page Not Found: Assets/js
ERROR - 2019-08-01 15:12:46 --> Query error: ERRO:  duplicar valor da chave viola a restrição de unicidade "sugestoes_pkey"
DETAIL:  Chave (codigo)=(7) já existe. - Invalid query: INSERT INTO "sugestoes" ("matricula", "setor", "dtsugestao", "status", "sugestao", "tipo") VALUES ('33017702', 'RC-BR BT OP PM', '2019-08-01', 'Aguardando', 'TESTE FINAL', 6)
ERROR - 2019-08-01 15:14:11 --> Query error: ERRO:  duplicar valor da chave viola a restrição de unicidade "sugestoes_pkey"
DETAIL:  Chave (codigo)=(8) já existe. - Invalid query: INSERT INTO "sugestoes" ("matricula", "setor", "dtsugestao", "status", "sugestao", "tipo") VALUES ('33017702', 'RC-BR BT OP PM', '2019-08-01', 'Aguardando', 'AGORA VAI', 6)
ERROR - 2019-08-01 15:14:50 --> Query error: ERRO:  duplicar valor da chave viola a restrição de unicidade "sugestoes_pkey"
DETAIL:  Chave (codigo)=(9) já existe. - Invalid query: INSERT INTO "sugestoes" ("matricula", "setor", "dtsugestao", "status", "sugestao", "tipo") VALUES ('33017702', 'RC-BR BT OP PM', '2019-08-01', 'Aguardando', 'ABCD', 4)
ERROR - 2019-08-01 15:16:24 --> Query error: ERRO:  duplicar valor da chave viola a restrição de unicidade "sugestoes_pkey"
DETAIL:  Chave (codigo)=(10) já existe. - Invalid query: INSERT INTO "sugestoes" ("matricula", "setor", "dtsugestao", "status", "sugestao", "tipo") VALUES ('33017702', 'RC-BR BT OP PM', '2019-08-01', 'Aguardando', 'AAAAAAAAAAAAAAAAAAAAAAAAAAAAAAAA', 3)
ERROR - 2019-08-01 15:20:03 --> Query error: ERRO:  duplicar valor da chave viola a restrição de unicidade "sugestoes_pkey"
DETAIL:  Chave (codigo)=(11) já existe. - Invalid query: INSERT INTO "sugestoes" ("matricula", "setor", "dtsugestao", "status", "sugestao", "tipo") VALUES ('33017702', 'RC-BR BT OP PM', '2019-08-01', 'Aguardando', 'AAAAAAAAAAAAAAAAAAAAAAAAAAAAAAAA', 3)
ERROR - 2019-08-01 15:22:31 --> 404 Page Not Found: Assets/js
ERROR - 2019-08-01 15:22:31 --> 404 Page Not Found: Assets/js
ERROR - 2019-08-01 15:25:41 --> 404 Page Not Found: Assets/js
ERROR - 2019-08-01 15:25:41 --> 404 Page Not Found: Assets/js
ERROR - 2019-08-01 15:27:34 --> 404 Page Not Found: Assets/images
ERROR - 2019-08-01 15:27:34 --> 404 Page Not Found: Assets/images
ERROR - 2019-08-01 17:17:41 --> 404 Page Not Found: Assets/js
ERROR - 2019-08-01 17:17:41 --> 404 Page Not Found: Assets/js
ERROR - 2019-08-01 17:18:04 --> 404 Page Not Found: Assets/js
ERROR - 2019-08-01 17:18:04 --> 404 Page Not Found: Assets/js
ERROR - 2019-08-01 17:21:58 --> 404 Page Not Found: Assets/images
ERROR - 2019-08-01 17:21:58 --> 404 Page Not Found: Assets/images
ERROR - 2019-08-01 17:21:58 --> 404 Page Not Found: Assets/images
ERROR - 2019-08-01 17:21:58 --> 404 Page Not Found: Assets/images
ERROR - 2019-08-01 17:22:03 --> 404 Page Not Found: Assets/images
ERROR - 2019-08-01 17:22:22 --> 404 Page Not Found: Assets/images
ERROR - 2019-08-01 17:22:22 --> 404 Page Not Found: Assets/images
ERROR - 2019-08-01 17:22:22 --> 404 Page Not Found: Assets/images
ERROR - 2019-08-01 17:22:22 --> 404 Page Not Found: Assets/images
ERROR - 2019-08-01 17:22:24 --> 404 Page Not Found: Assets/images
ERROR - 2019-08-01 17:22:24 --> 404 Page Not Found: Assets/images
ERROR - 2019-08-01 17:22:24 --> 404 Page Not Found: Assets/images
ERROR - 2019-08-01 17:22:30 --> 404 Page Not Found: Assets/images
ERROR - 2019-08-01 17:22:30 --> 404 Page Not Found: Assets/images
ERROR - 2019-08-01 17:22:30 --> 404 Page Not Found: Assets/images
ERROR - 2019-08-01 17:22:32 --> 404 Page Not Found: Assets/images
ERROR - 2019-08-01 17:22:32 --> 404 Page Not Found: Assets/images
ERROR - 2019-08-01 17:22:32 --> 404 Page Not Found: Assets/images
ERROR - 2019-08-01 17:22:32 --> 404 Page Not Found: Assets/images
ERROR - 2019-08-01 17:22:32 --> 404 Page Not Found: Assets/images
ERROR - 2019-08-01 17:22:32 --> 404 Page Not Found: Assets/images
ERROR - 2019-08-01 17:22:49 --> 404 Page Not Found: Assets/images
ERROR - 2019-08-01 17:22:49 --> 404 Page Not Found: Assets/images
ERROR - 2019-08-01 17:22:49 --> 404 Page Not Found: Assets/images
ERROR - 2019-08-01 17:26:16 --> 404 Page Not Found: Assets/images
ERROR - 2019-08-01 17:26:16 --> 404 Page Not Found: Assets/images
ERROR - 2019-08-01 17:26:17 --> 404 Page Not Found: Assets/images
ERROR - 2019-08-01 17:26:23 --> 404 Page Not Found: Assets/images
ERROR - 2019-08-01 17:26:23 --> 404 Page Not Found: Assets/images
ERROR - 2019-08-01 17:26:23 --> 404 Page Not Found: Assets/images
ERROR - 2019-08-01 17:26:23 --> 404 Page Not Found: Assets/images
ERROR - 2019-08-01 17:26:23 --> 404 Page Not Found: Assets/images
ERROR - 2019-08-01 17:26:23 --> 404 Page Not Found: Assets/images
ERROR - 2019-08-01 17:26:27 --> 404 Page Not Found: Assets/images
ERROR - 2019-08-01 17:26:27 --> 404 Page Not Found: Assets/images
ERROR - 2019-08-01 17:26:27 --> 404 Page Not Found: Assets/images
ERROR - 2019-08-01 17:26:27 --> 404 Page Not Found: Assets/images
ERROR - 2019-08-01 17:26:27 --> 404 Page Not Found: Assets/images
ERROR - 2019-08-01 17:26:27 --> 404 Page Not Found: Assets/images
ERROR - 2019-08-01 17:26:54 --> 404 Page Not Found: Assets/images
ERROR - 2019-08-01 17:26:54 --> 404 Page Not Found: Assets/images
ERROR - 2019-08-01 17:26:54 --> 404 Page Not Found: Assets/images
ERROR - 2019-08-01 17:26:54 --> 404 Page Not Found: Assets/images
ERROR - 2019-08-01 17:26:56 --> 404 Page Not Found: Assets/images
ERROR - 2019-08-01 17:26:56 --> 404 Page Not Found: Assets/images
ERROR - 2019-08-01 17:27:10 --> 404 Page Not Found: Assets/images
ERROR - 2019-08-01 17:27:10 --> 404 Page Not Found: Assets/images
ERROR - 2019-08-01 17:27:12 --> 404 Page Not Found: Assets/images
ERROR - 2019-08-01 17:27:12 --> 404 Page Not Found: Assets/images
ERROR - 2019-08-01 17:27:17 --> 404 Page Not Found: Assets/images
ERROR - 2019-08-01 17:27:17 --> 404 Page Not Found: Assets/images
ERROR - 2019-08-01 17:27:20 --> 404 Page Not Found: Assets/images
ERROR - 2019-08-01 17:27:20 --> 404 Page Not Found: Assets/images
ERROR - 2019-08-01 17:27:23 --> 404 Page Not Found: Assets/images
ERROR - 2019-08-01 17:27:32 --> 404 Page Not Found: Assets/images
ERROR - 2019-08-01 17:27:32 --> 404 Page Not Found: Assets/images
ERROR - 2019-08-01 17:27:39 --> 404 Page Not Found: Assets/images
ERROR - 2019-08-01 17:27:39 --> 404 Page Not Found: Assets/images
ERROR - 2019-08-01 17:27:46 --> 404 Page Not Found: Assets/images
ERROR - 2019-08-01 17:27:46 --> 404 Page Not Found: Assets/images
ERROR - 2019-08-01 17:27:48 --> 404 Page Not Found: Assets/images
ERROR - 2019-08-01 17:27:49 --> 404 Page Not Found: Assets/images
ERROR - 2019-08-01 17:27:49 --> 404 Page Not Found: Assets/images
ERROR - 2019-08-01 17:27:51 --> 404 Page Not Found: Assets/images
ERROR - 2019-08-01 17:27:51 --> 404 Page Not Found: Assets/images
ERROR - 2019-08-01 17:27:53 --> 404 Page Not Found: Assets/images
ERROR - 2019-08-01 17:28:00 --> 404 Page Not Found: Assets/js
ERROR - 2019-08-01 17:28:00 --> 404 Page Not Found: Assets/js
ERROR - 2019-08-01 17:28:11 --> 404 Page Not Found: Assets/images
ERROR - 2019-08-01 17:28:11 --> 404 Page Not Found: Assets/images
ERROR - 2019-08-01 17:28:11 --> 404 Page Not Found: Assets/images
ERROR - 2019-08-01 17:28:11 --> 404 Page Not Found: Assets/images
ERROR - 2019-08-01 17:28:16 --> 404 Page Not Found: Assets/images
ERROR - 2019-08-01 17:28:16 --> 404 Page Not Found: Assets/images
ERROR - 2019-08-01 17:28:24 --> 404 Page Not Found: Assets/images
ERROR - 2019-08-01 17:28:24 --> 404 Page Not Found: Assets/images
ERROR - 2019-08-01 17:28:26 --> 404 Page Not Found: Assets/images
ERROR - 2019-08-01 17:28:26 --> 404 Page Not Found: Assets/images
ERROR - 2019-08-01 17:28:34 --> 404 Page Not Found: Assets/images
ERROR - 2019-08-01 17:28:34 --> 404 Page Not Found: Assets/images
ERROR - 2019-08-01 17:28:35 --> 404 Page Not Found: Assets/images
ERROR - 2019-08-01 17:28:35 --> 404 Page Not Found: Assets/images
ERROR - 2019-08-01 17:28:44 --> 404 Page Not Found: Assets/images
ERROR - 2019-08-01 17:28:44 --> 404 Page Not Found: Assets/images
ERROR - 2019-08-01 17:29:07 --> 404 Page Not Found: Assets/images
ERROR - 2019-08-01 17:29:07 --> 404 Page Not Found: Assets/images
ERROR - 2019-08-01 17:29:07 --> 404 Page Not Found: Assets/images
ERROR - 2019-08-01 17:29:07 --> 404 Page Not Found: Assets/images
ERROR - 2019-08-01 17:29:11 --> 404 Page Not Found: Assets/images
ERROR - 2019-08-01 17:29:11 --> 404 Page Not Found: Assets/images
ERROR - 2019-08-01 17:29:11 --> 404 Page Not Found: Assets/images
ERROR - 2019-08-01 17:29:11 --> 404 Page Not Found: Assets/images
ERROR - 2019-08-01 17:29:13 --> 404 Page Not Found: Assets/images
ERROR - 2019-08-01 17:29:13 --> 404 Page Not Found: Assets/images
ERROR - 2019-08-01 17:29:13 --> 404 Page Not Found: Assets/images
ERROR - 2019-08-01 17:29:13 --> 404 Page Not Found: Assets/images
ERROR - 2019-08-01 17:29:13 --> 404 Page Not Found: Assets/images
ERROR - 2019-08-01 17:29:15 --> 404 Page Not Found: Assets/images
ERROR - 2019-08-01 17:29:15 --> 404 Page Not Found: Assets/images
ERROR - 2019-08-01 17:29:15 --> 404 Page Not Found: Assets/images
ERROR - 2019-08-01 17:29:15 --> 404 Page Not Found: Assets/images
ERROR - 2019-08-01 17:29:16 --> 404 Page Not Found: Assets/images
ERROR - 2019-08-01 17:29:16 --> 404 Page Not Found: Assets/images
ERROR - 2019-08-01 17:29:16 --> 404 Page Not Found: Assets/images
ERROR - 2019-08-01 17:29:16 --> 404 Page Not Found: Assets/images
ERROR - 2019-08-01 17:29:17 --> 404 Page Not Found: Assets/images
ERROR - 2019-08-01 17:29:18 --> 404 Page Not Found: Assets/images
ERROR - 2019-08-01 17:29:18 --> 404 Page Not Found: Assets/images
ERROR - 2019-08-01 17:29:18 --> 404 Page Not Found: Assets/images
ERROR - 2019-08-01 17:29:19 --> 404 Page Not Found: Assets/images
ERROR - 2019-08-01 17:29:19 --> 404 Page Not Found: Assets/images
ERROR - 2019-08-01 17:29:19 --> 404 Page Not Found: Assets/images
ERROR - 2019-08-01 17:29:19 --> 404 Page Not Found: Assets/images
ERROR - 2019-08-01 17:29:19 --> 404 Page Not Found: Assets/images
ERROR - 2019-08-01 17:29:19 --> 404 Page Not Found: Assets/images
ERROR - 2019-08-01 17:29:19 --> 404 Page Not Found: Assets/images
ERROR - 2019-08-01 17:29:20 --> 404 Page Not Found: Assets/images
ERROR - 2019-08-01 17:29:20 --> 404 Page Not Found: Assets/images
ERROR - 2019-08-01 17:29:31 --> 404 Page Not Found: Assets/images
ERROR - 2019-08-01 17:29:31 --> 404 Page Not Found: Assets/images
ERROR - 2019-08-01 17:29:31 --> 404 Page Not Found: Assets/images
ERROR - 2019-08-01 17:29:31 --> 404 Page Not Found: Assets/images
ERROR - 2019-08-01 17:29:32 --> 404 Page Not Found: Assets/images
ERROR - 2019-08-01 17:29:32 --> 404 Page Not Found: Assets/images
ERROR - 2019-08-01 17:29:32 --> 404 Page Not Found: Assets/images
ERROR - 2019-08-01 17:29:34 --> 404 Page Not Found: Assets/images
ERROR - 2019-08-01 17:29:34 --> 404 Page Not Found: Assets/images
ERROR - 2019-08-01 17:29:34 --> 404 Page Not Found: Assets/images
ERROR - 2019-08-01 17:29:34 --> 404 Page Not Found: Assets/images
ERROR - 2019-08-01 17:29:35 --> 404 Page Not Found: Assets/images
ERROR - 2019-08-01 17:29:35 --> 404 Page Not Found: Assets/images
ERROR - 2019-08-01 17:29:35 --> 404 Page Not Found: Assets/images
ERROR - 2019-08-01 17:29:35 --> 404 Page Not Found: Assets/images
ERROR - 2019-08-01 17:29:36 --> 404 Page Not Found: Assets/images
ERROR - 2019-08-01 17:29:36 --> 404 Page Not Found: Assets/images
ERROR - 2019-08-01 17:29:36 --> 404 Page Not Found: Assets/images
ERROR - 2019-08-01 17:30:02 --> 404 Page Not Found: Assets/images
ERROR - 2019-08-01 17:30:02 --> 404 Page Not Found: Assets/images
ERROR - 2019-08-01 17:30:02 --> 404 Page Not Found: Assets/images
ERROR - 2019-08-01 17:30:02 --> 404 Page Not Found: Assets/images
ERROR - 2019-08-01 17:30:10 --> 404 Page Not Found: Assets/images
ERROR - 2019-08-01 17:30:10 --> 404 Page Not Found: Assets/images
ERROR - 2019-08-01 17:30:10 --> 404 Page Not Found: Assets/images
ERROR - 2019-08-01 17:30:10 --> 404 Page Not Found: Assets/images
ERROR - 2019-08-01 17:30:19 --> 404 Page Not Found: Assets/images
ERROR - 2019-08-01 17:30:19 --> 404 Page Not Found: Assets/images
ERROR - 2019-08-01 17:30:19 --> 404 Page Not Found: Assets/images
ERROR - 2019-08-01 17:30:19 --> 404 Page Not Found: Assets/images
ERROR - 2019-08-01 17:30:23 --> 404 Page Not Found: Assets/images
ERROR - 2019-08-01 17:30:23 --> 404 Page Not Found: Assets/images
ERROR - 2019-08-01 17:30:23 --> 404 Page Not Found: Assets/images
ERROR - 2019-08-01 17:30:23 --> 404 Page Not Found: Assets/images
ERROR - 2019-08-01 17:30:25 --> 404 Page Not Found: Assets/images
ERROR - 2019-08-01 17:30:25 --> 404 Page Not Found: Assets/images
ERROR - 2019-08-01 17:30:25 --> 404 Page Not Found: Assets/images
ERROR - 2019-08-01 17:30:25 --> 404 Page Not Found: Assets/images
ERROR - 2019-08-01 17:30:26 --> 404 Page Not Found: Assets/images
ERROR - 2019-08-01 17:30:27 --> 404 Page Not Found: Assets/images
ERROR - 2019-08-01 17:30:27 --> 404 Page Not Found: Assets/images
ERROR - 2019-08-01 17:30:27 --> 404 Page Not Found: Assets/images
ERROR - 2019-08-01 17:30:28 --> 404 Page Not Found: Assets/images
ERROR - 2019-08-01 17:30:28 --> 404 Page Not Found: Assets/images
ERROR - 2019-08-01 17:30:28 --> 404 Page Not Found: Assets/images
ERROR - 2019-08-01 17:30:28 --> 404 Page Not Found: Assets/images
ERROR - 2019-08-01 17:30:30 --> 404 Page Not Found: Assets/images
ERROR - 2019-08-01 17:30:30 --> 404 Page Not Found: Assets/images
ERROR - 2019-08-01 17:30:30 --> 404 Page Not Found: Assets/images
ERROR - 2019-08-01 17:30:30 --> 404 Page Not Found: Assets/images
ERROR - 2019-08-01 17:30:31 --> 404 Page Not Found: Assets/images
ERROR - 2019-08-01 17:30:31 --> 404 Page Not Found: Assets/images
ERROR - 2019-08-01 17:30:31 --> 404 Page Not Found: Assets/images
ERROR - 2019-08-01 17:30:31 --> 404 Page Not Found: Assets/images
ERROR - 2019-08-01 17:30:32 --> 404 Page Not Found: Assets/images
ERROR - 2019-08-01 17:30:32 --> 404 Page Not Found: Assets/images
ERROR - 2019-08-01 17:30:32 --> 404 Page Not Found: Assets/images
ERROR - 2019-08-01 17:30:32 --> 404 Page Not Found: Assets/images
ERROR - 2019-08-01 17:30:32 --> 404 Page Not Found: Assets/images
ERROR - 2019-08-01 17:30:32 --> 404 Page Not Found: Assets/images
ERROR - 2019-08-01 17:30:33 --> 404 Page Not Found: Assets/images
ERROR - 2019-08-01 17:30:33 --> 404 Page Not Found: Assets/images
ERROR - 2019-08-01 17:30:33 --> 404 Page Not Found: Assets/images
ERROR - 2019-08-01 17:30:33 --> 404 Page Not Found: Assets/images
ERROR - 2019-08-01 17:30:33 --> 404 Page Not Found: Assets/images
ERROR - 2019-08-01 17:30:33 --> 404 Page Not Found: Assets/images
ERROR - 2019-08-01 17:30:37 --> 404 Page Not Found: Assets/images
ERROR - 2019-08-01 17:30:37 --> 404 Page Not Found: Assets/images
ERROR - 2019-08-01 17:30:37 --> 404 Page Not Found: Assets/images
ERROR - 2019-08-01 17:30:37 --> 404 Page Not Found: Assets/images
ERROR - 2019-08-01 17:30:38 --> 404 Page Not Found: Assets/images
ERROR - 2019-08-01 17:30:38 --> 404 Page Not Found: Assets/images
ERROR - 2019-08-01 17:30:40 --> 404 Page Not Found: Assets/images
ERROR - 2019-08-01 17:30:40 --> 404 Page Not Found: Assets/images
ERROR - 2019-08-01 17:30:40 --> 404 Page Not Found: Assets/images
ERROR - 2019-08-01 17:30:40 --> 404 Page Not Found: Assets/images
ERROR - 2019-08-01 17:31:21 --> 404 Page Not Found: Assets/images
ERROR - 2019-08-01 17:31:21 --> 404 Page Not Found: Assets/images
ERROR - 2019-08-01 17:31:23 --> 404 Page Not Found: Assets/images
ERROR - 2019-08-01 17:31:23 --> 404 Page Not Found: Assets/images
ERROR - 2019-08-01 17:31:24 --> 404 Page Not Found: Assets/images
ERROR - 2019-08-01 17:31:53 --> 404 Page Not Found: Assets/images
ERROR - 2019-08-01 17:31:53 --> 404 Page Not Found: Assets/images
ERROR - 2019-08-01 17:31:54 --> 404 Page Not Found: Assets/images
ERROR - 2019-08-01 17:31:55 --> 404 Page Not Found: Assets/images
ERROR - 2019-08-01 17:32:01 --> 404 Page Not Found: Assets/images
ERROR - 2019-08-01 17:32:01 --> 404 Page Not Found: Assets/images
ERROR - 2019-08-01 17:32:08 --> 404 Page Not Found: Assets/images
ERROR - 2019-08-01 17:32:09 --> 404 Page Not Found: Assets/images
ERROR - 2019-08-01 17:32:09 --> 404 Page Not Found: Assets/images
ERROR - 2019-08-01 17:32:15 --> 404 Page Not Found: Assets/images
ERROR - 2019-08-01 17:32:15 --> 404 Page Not Found: Assets/images
ERROR - 2019-08-01 17:32:18 --> 404 Page Not Found: Assets/images
ERROR - 2019-08-01 17:32:18 --> 404 Page Not Found: Assets/images
ERROR - 2019-08-01 17:32:22 --> 404 Page Not Found: Assets/images
ERROR - 2019-08-01 17:32:59 --> 404 Page Not Found: Assets/js
ERROR - 2019-08-01 17:32:59 --> 404 Page Not Found: Assets/js
ERROR - 2019-08-01 17:34:10 --> 404 Page Not Found: Assets/js
ERROR - 2019-08-01 17:34:10 --> 404 Page Not Found: Assets/js
ERROR - 2019-08-01 17:36:48 --> 404 Page Not Found: Assets/images
ERROR - 2019-08-01 17:36:48 --> 404 Page Not Found: Assets/images
ERROR - 2019-08-01 17:37:01 --> 404 Page Not Found: Assets/images
ERROR - 2019-08-01 17:37:10 --> 404 Page Not Found: Assets/images
ERROR - 2019-08-01 17:37:10 --> 404 Page Not Found: Assets/images
ERROR - 2019-08-01 17:37:12 --> 404 Page Not Found: Assets/images
ERROR - 2019-08-01 17:37:12 --> 404 Page Not Found: Assets/images
ERROR - 2019-08-01 17:37:13 --> 404 Page Not Found: Assets/images
ERROR - 2019-08-01 17:37:13 --> 404 Page Not Found: Assets/images
ERROR - 2019-08-01 17:37:14 --> 404 Page Not Found: Assets/images
ERROR - 2019-08-01 17:37:14 --> 404 Page Not Found: Assets/images
ERROR - 2019-08-01 17:38:22 --> 404 Page Not Found: Assets/js
ERROR - 2019-08-01 17:38:22 --> 404 Page Not Found: Assets/js
ERROR - 2019-08-01 17:38:56 --> 404 Page Not Found: Assets/js
ERROR - 2019-08-01 17:38:56 --> 404 Page Not Found: Assets/js
ERROR - 2019-08-01 17:40:56 --> 404 Page Not Found: Assets/images
ERROR - 2019-08-01 17:40:56 --> 404 Page Not Found: Assets/images
ERROR - 2019-08-01 17:40:57 --> 404 Page Not Found: Assets/images
ERROR - 2019-08-01 17:41:17 --> 404 Page Not Found: Assets/images
ERROR - 2019-08-01 17:41:17 --> 404 Page Not Found: Assets/images
ERROR - 2019-08-01 17:41:19 --> 404 Page Not Found: Assets/images
ERROR - 2019-08-01 17:41:27 --> 404 Page Not Found: Assets/images
ERROR - 2019-08-01 17:41:27 --> 404 Page Not Found: Assets/images
ERROR - 2019-08-01 17:41:33 --> 404 Page Not Found: Assets/images
ERROR - 2019-08-01 17:41:33 --> 404 Page Not Found: Assets/images
ERROR - 2019-08-01 17:41:40 --> 404 Page Not Found: Assets/images
ERROR - 2019-08-01 17:41:40 --> 404 Page Not Found: Assets/images
ERROR - 2019-08-01 17:41:45 --> 404 Page Not Found: Assets/images
ERROR - 2019-08-01 17:41:45 --> 404 Page Not Found: Assets/images
ERROR - 2019-08-01 17:41:57 --> 404 Page Not Found: Assets/images
ERROR - 2019-08-01 17:41:57 --> 404 Page Not Found: Assets/images
ERROR - 2019-08-01 17:41:57 --> 404 Page Not Found: Assets/images
ERROR - 2019-08-01 17:41:57 --> 404 Page Not Found: Assets/images
ERROR - 2019-08-01 17:42:04 --> 404 Page Not Found: Assets/images
ERROR - 2019-08-01 17:42:04 --> 404 Page Not Found: Assets/images
ERROR - 2019-08-01 17:42:11 --> 404 Page Not Found: Assets/images
ERROR - 2019-08-01 17:42:11 --> 404 Page Not Found: Assets/images
ERROR - 2019-08-01 17:42:11 --> 404 Page Not Found: Assets/images
ERROR - 2019-08-01 17:42:11 --> 404 Page Not Found: Assets/images
ERROR - 2019-08-01 17:42:24 --> 404 Page Not Found: Assets/images
ERROR - 2019-08-01 17:42:24 --> 404 Page Not Found: Assets/images
ERROR - 2019-08-01 17:42:25 --> 404 Page Not Found: Assets/images
ERROR - 2019-08-01 17:42:25 --> 404 Page Not Found: Assets/images
ERROR - 2019-08-01 17:42:37 --> 404 Page Not Found: Assets/images
ERROR - 2019-08-01 17:42:37 --> 404 Page Not Found: Assets/images
ERROR - 2019-08-01 17:42:37 --> 404 Page Not Found: Assets/images
ERROR - 2019-08-01 17:43:28 --> 404 Page Not Found: Assets/images
ERROR - 2019-08-01 17:43:28 --> 404 Page Not Found: Assets/images
ERROR - 2019-08-01 17:44:23 --> 404 Page Not Found: Assets/js
ERROR - 2019-08-01 17:44:23 --> 404 Page Not Found: Assets/js
ERROR - 2019-08-01 17:44:41 --> 404 Page Not Found: Assets/js
ERROR - 2019-08-01 17:44:41 --> 404 Page Not Found: Assets/js
ERROR - 2019-08-01 17:44:50 --> Query error: ERRO:  coluna tm.codigo não existe
LINE 6: WHERE "tm"."codigo" = 75
              ^
HINT:  Perhaps you meant to reference the column "u.codigo". - Invalid query: SELECT "tm"."numero", "f"."nome" AS "funcionario", "tm"."id_centro_custo" AS "setor", "tm"."descricao" AS "descricao", "tm"."obs", "tm"."data_cadastro"
FROM "templates" "tm"
LEFT JOIN "usuario" "u" ON "u"."codigo" = "tm"."key_usuario"
JOIN "funcionarios" "f" ON "f"."matricula" = "u"."key_funcionarios"
LEFT JOIN "setor" "s" ON ("s"."id_centro_custo" = "f"."key_setor" AND "s"."id_depto" = f.key_clientes)
WHERE "tm"."codigo" = 75
AND "tm"."key_usuario" = 174
ORDER BY "tm"."numero" DESC
ERROR - 2019-08-01 17:45:10 --> Query error: ERRO:  coluna tm.codigo não existe
LINE 6: WHERE "tm"."codigo" = 75
              ^
HINT:  Perhaps you meant to reference the column "u.codigo". - Invalid query: SELECT "tm"."numero", "f"."nome" AS "funcionario", "tm"."id_centro_custo" AS "setor", "tm"."descricao" AS "descricao", "tm"."obs", "tm"."data_cadastro"
FROM "templates" "tm"
LEFT JOIN "usuario" "u" ON "u"."codigo" = "tm"."key_usuario"
JOIN "funcionarios" "f" ON "f"."matricula" = "u"."key_funcionarios"
LEFT JOIN "setor" "s" ON ("s"."id_centro_custo" = "f"."key_setor" AND "s"."id_depto" = f.key_clientes)
WHERE "tm"."codigo" = 75
AND "tm"."key_usuario" = 174
ORDER BY "tm"."numero" DESC
ERROR - 2019-08-01 17:45:41 --> Query error: ERRO:  coluna tm.codigo não existe
LINE 6: WHERE "tm"."codigo" = 75
              ^
HINT:  Perhaps you meant to reference the column "u.codigo". - Invalid query: SELECT "tm"."numero", "f"."nome" AS "funcionario", "tm"."id_centro_custo" AS "setor", "tm"."descricao" AS "descricao", "tm"."obs", "tm"."data_cadastro"
FROM "templates" "tm"
LEFT JOIN "usuario" "u" ON "u"."codigo" = "tm"."key_usuario"
JOIN "funcionarios" "f" ON "f"."matricula" = "u"."key_funcionarios"
LEFT JOIN "setor" "s" ON ("s"."id_centro_custo" = "f"."key_setor" AND "s"."id_depto" = f.key_clientes)
WHERE "tm"."codigo" = 75
AND "tm"."key_usuario" = 174
ORDER BY "tm"."numero" DESC
ERROR - 2019-08-01 17:46:36 --> 404 Page Not Found: Assets/images
ERROR - 2019-08-01 17:46:36 --> 404 Page Not Found: Assets/images
ERROR - 2019-08-01 17:46:36 --> 404 Page Not Found: Assets/images
ERROR - 2019-08-01 17:46:37 --> 404 Page Not Found: Assets/images
ERROR - 2019-08-01 17:47:41 --> 404 Page Not Found: Assets/images
ERROR - 2019-08-01 17:47:42 --> 404 Page Not Found: Assets/images
ERROR - 2019-08-01 17:48:03 --> 404 Page Not Found: Assets/images
ERROR - 2019-08-01 17:48:03 --> 404 Page Not Found: Assets/images
ERROR - 2019-08-01 17:49:30 --> Query error: ERRO:  coluna tm.codigo não existe
LINE 6: WHERE "tm"."codigo" = 75
              ^
HINT:  Perhaps you meant to reference the column "u.codigo". - Invalid query: SELECT "tm"."numero", "f"."nome" AS "funcionario", "tm"."id_centro_custo" AS "setor", "tm"."descricao" AS "descricao", "tm"."obs", "tm"."data_cadastro"
FROM "templates" "tm"
LEFT JOIN "usuario" "u" ON "u"."codigo" = "tm"."key_usuario"
JOIN "funcionarios" "f" ON "f"."matricula" = "u"."key_funcionarios"
LEFT JOIN "setor" "s" ON ("s"."id_centro_custo" = "f"."key_setor" AND "s"."id_depto" = f.key_clientes)
WHERE "tm"."codigo" = 75
AND "tm"."key_usuario" = 174
ORDER BY "tm"."numero" DESC
ERROR - 2019-08-01 17:49:57 --> Query error: ERRO:  coluna tm.nome não existe
LINE 6: WHERE "tm"."nome" LIKE '%FERRAMENTARIA%'
              ^ - Invalid query: SELECT "tm"."numero", "f"."nome" AS "funcionario", "tm"."id_centro_custo" AS "setor", "tm"."descricao" AS "descricao", "tm"."obs", "tm"."data_cadastro"
FROM "templates" "tm"
LEFT JOIN "usuario" "u" ON "u"."codigo" = "tm"."key_usuario"
JOIN "funcionarios" "f" ON "f"."matricula" = "u"."key_funcionarios"
LEFT JOIN "setor" "s" ON ("s"."id_centro_custo" = "f"."key_setor" AND "s"."id_depto" = f.key_clientes)
WHERE "tm"."nome" LIKE '%FERRAMENTARIA%'
AND "tm"."key_usuario" = 174
ORDER BY "tm"."numero" DESC
