ERROR - 2019-10-02 00:02:39 --> 404 Page Not Found: Assets/js
ERROR - 2019-10-02 00:02:39 --> 404 Page Not Found: Assets/js
ERROR - 2019-10-02 00:02:56 --> Query error: ERRO:  erro de sintaxe em ou próximo a "as"
LINE 1: ...po"."op_ca" as "CA", "vi"."quantidade", (vi.valor as numeric...
                                                             ^ - Invalid query: SELECT DISTINCT "v"."rm" as "requisicao", (cast(v.data_emissao as date), 2019-10-02) as Data_Entrega, (cast(nf.emissao as date), 2019-10-02) AS Data_Faturamento, "v"."id_centro_custo" as "CC", "f"."nome" as "funcionario", "v"."key_funcionarios" as "matricula", "po"."descricao" as "Produto", "vi"."key_partnumber" as "Partnumber", "po"."op_ca" as "CA", "vi"."quantidade", (vi.valor as numeric (16, 2)) as Vl_Unit, ((quantidade*valor) as numeric (16, 2)) as Vl_Tot, "pe"."data_emissao" as "Data_Emissao", "fu"."nome" as "Solicitante", "fu"."matricula" as "smatricula", "pl"."localentrega" as "Local_Entrega"
FROM "vendas" "v"
JOIN "vendas_item" "vi" ON "v"."rm" = "vi"."key_vendas" AND "v"."item" = "vi"."key_vendas_item"
JOIN "funcionarios" "f" ON "v"."key_funcionarios" = "f"."matricula"
JOIN "produtos" "po" ON "vi"."key_produtos" = "po"."codigo"
JOIN "setor" "s" ON "s"."id_centro_custo" = "v"."id_centro_custo"
JOIN "pedidos" "pe" ON (pe.numero, pe.key_clientes) = (v.rm, v.key_clientes)
JOIN "pedidos_local" "pl" ON "pe"."numero" = "pl"."key_pedidos"
JOIN "usuario" "u" ON "pe"."key_usuario" = "u"."codigo"
JOIN "funcionarios" "fu" ON "fu"."matricula" = "u"."key_funcionarios" AND "pe"."id_depto" = "s"."id_depto"
JOIN "nota_fiscal" "nf" ON "v"."key_nota_fiscal" = "nf"."codigo" and "nf"."status" = 'EM'
ORDER BY 2
ERROR - 2019-10-02 00:04:19 --> 404 Page Not Found: Assets/js
ERROR - 2019-10-02 00:04:19 --> 404 Page Not Found: Assets/js
ERROR - 2019-10-02 00:14:55 --> 404 Page Not Found: Assets/js
ERROR - 2019-10-02 00:14:55 --> 404 Page Not Found: Assets/js
ERROR - 2019-10-02 00:15:06 --> Query error: ERRO:  erro de sintaxe em ou próximo a "as"
LINE 1: ...dade", (vi.valor) as Vl_Unit, ((quantidade*valor) as Vl_Tot,...
                                                             ^ - Invalid query: SELECT DISTINCT "v"."rm" as "requisicao", (cast(v.data_emissao as date), 2019-10-02) as Data_Entrega, (cast(nf.emissao as date), 2019-10-02) AS Data_Faturamento, "v"."id_centro_custo" as "CC", "f"."nome" as "funcionario", "v"."key_funcionarios" as "matricula", "po"."descricao" as "Produto", "vi"."key_partnumber" as "Partnumber", "po"."op_ca" as "CA", "vi"."quantidade", (vi.valor) as Vl_Unit, ((quantidade*valor) as Vl_Tot, "pe"."data_emissao" as "Data_Emissao", "fu"."nome" as "Solicitante", "fu"."matricula" as "smatricula", "pl"."localentrega" as "Local_Entrega"
FROM "vendas" "v"
JOIN "vendas_item" "vi" ON "v"."rm" = "vi"."key_vendas" AND "v"."item" = "vi"."key_vendas_item"
JOIN "funcionarios" "f" ON "v"."key_funcionarios" = "f"."matricula"
JOIN "produtos" "po" ON "vi"."key_produtos" = "po"."codigo"
JOIN "setor" "s" ON "s"."id_centro_custo" = "v"."id_centro_custo"
JOIN "pedidos" "pe" ON (pe.numero, pe.key_clientes) = (v.rm, v.key_clientes)
JOIN "pedidos_local" "pl" ON "pe"."numero" = "pl"."key_pedidos"
JOIN "usuario" "u" ON "pe"."key_usuario" = "u"."codigo"
JOIN "funcionarios" "fu" ON "fu"."matricula" = "u"."key_funcionarios" AND "pe"."id_depto" = "s"."id_depto"
JOIN "nota_fiscal" "nf" ON "v"."key_nota_fiscal" = "nf"."codigo" and "nf"."status" = 'EM'
ORDER BY 2
ERROR - 2019-10-02 00:15:59 --> 404 Page Not Found: Assets/js
ERROR - 2019-10-02 00:15:59 --> 404 Page Not Found: Assets/js
ERROR - 2019-10-02 00:16:55 --> Unable to connect to the database
ERROR - 2019-10-02 00:17:08 --> 404 Page Not Found: Assets/js
ERROR - 2019-10-02 00:17:08 --> 404 Page Not Found: Assets/js
ERROR - 2019-10-02 00:17:17 --> Query error: ERRO:  erro de sintaxe em ou próximo a "as"
LINE 1: ...STINCT "v"."rm" as "requisicao", ((v.data_emissao as date), ...
                                                             ^ - Invalid query: SELECT DISTINCT "v"."rm" as "requisicao", ((v.data_emissao as date), 2019-10-02) as Data_Entrega, ((nf.emissao as date), 2019-10-02) AS Data_Faturamento, "v"."id_centro_custo" as "CC", "f"."nome" as "funcionario", "v"."key_funcionarios" as "matricula", "po"."descricao" as "Produto", "vi"."key_partnumber" as "Partnumber", "po"."op_ca" as "CA", "vi"."quantidade", (vi.valor) as Vl_Unit, ((quantidade*valor) as Vl_Tot, "pe"."data_emissao" as "Data_Emissao", "fu"."nome" as "Solicitante", "fu"."matricula" as "smatricula", "pl"."localentrega" as "Local_Entrega"
FROM "vendas" "v"
JOIN "vendas_item" "vi" ON "v"."rm" = "vi"."key_vendas" AND "v"."item" = "vi"."key_vendas_item"
JOIN "funcionarios" "f" ON "v"."key_funcionarios" = "f"."matricula"
JOIN "produtos" "po" ON "vi"."key_produtos" = "po"."codigo"
JOIN "setor" "s" ON "s"."id_centro_custo" = "v"."id_centro_custo"
JOIN "pedidos" "pe" ON (pe.numero, pe.key_clientes) = (v.rm, v.key_clientes)
JOIN "pedidos_local" "pl" ON "pe"."numero" = "pl"."key_pedidos"
JOIN "usuario" "u" ON "pe"."key_usuario" = "u"."codigo"
JOIN "funcionarios" "fu" ON "fu"."matricula" = "u"."key_funcionarios" AND "pe"."id_depto" = "s"."id_depto"
JOIN "nota_fiscal" "nf" ON "v"."key_nota_fiscal" = "nf"."codigo" and "nf"."status" = 'EM'
ORDER BY 2
ERROR - 2019-10-02 00:20:14 --> 404 Page Not Found: Assets/js
ERROR - 2019-10-02 00:20:14 --> 404 Page Not Found: Assets/js
ERROR - 2019-10-02 00:20:30 --> Query error: ERRO:  erro de sintaxe em ou próximo a "as"
LINE 1: ...dade", (vi.valor) as Vl_Unit, ((quantidade*valor) as Vl_Tot,...
                                                             ^ - Invalid query: SELECT DISTINCT "v"."rm" as "requisicao", (cast(v.data_emissao as date), 2019-10-02) as Data_Entrega, (cast(nf.emissao as date), 2019-10-02) AS Data_Faturamento, "v"."id_centro_custo" as "CC", "f"."nome" as "funcionario", "v"."key_funcionarios" as "matricula", "po"."descricao" as "Produto", "vi"."key_partnumber" as "Partnumber", "po"."op_ca" as "CA", "vi"."quantidade", (vi.valor) as Vl_Unit, ((quantidade*valor) as Vl_Tot, "pe"."data_emissao" as "Data_Emissao", "fu"."nome" as "Solicitante", "fu"."matricula" as "smatricula", "pl"."localentrega" as "Local_Entrega"
FROM "vendas" "v"
JOIN "vendas_item" "vi" ON "v"."rm" = "vi"."key_vendas" AND "v"."item" = "vi"."key_vendas_item"
JOIN "funcionarios" "f" ON "v"."key_funcionarios" = "f"."matricula"
JOIN "produtos" "po" ON "vi"."key_produtos" = "po"."codigo"
JOIN "setor" "s" ON "s"."id_centro_custo" = "v"."id_centro_custo"
JOIN "pedidos" "pe" ON (pe.numero, pe.key_clientes) = (v.rm, v.key_clientes)
JOIN "pedidos_local" "pl" ON "pe"."numero" = "pl"."key_pedidos"
JOIN "usuario" "u" ON "pe"."key_usuario" = "u"."codigo"
JOIN "funcionarios" "fu" ON "fu"."matricula" = "u"."key_funcionarios" AND "pe"."id_depto" = "s"."id_depto"
JOIN "nota_fiscal" "nf" ON "v"."key_nota_fiscal" = "nf"."codigo" and "nf"."status" = 'EM'
ORDER BY 2
ERROR - 2019-10-02 00:22:01 --> 404 Page Not Found: Assets/js
ERROR - 2019-10-02 00:22:01 --> 404 Page Not Found: Assets/js
ERROR - 2019-10-02 00:22:08 --> Query error: ERRO:  erro de sintaxe em ou próximo a "as"
LINE 1: ...dade", (vi.valor) as Vl_Unit, ((quantidade*valor) as Vl_Tot,...
                                                             ^ - Invalid query: SELECT DISTINCT "v"."rm" as "requisicao", (cast(v.data_emissao as date), 2019-10-02) as Data_Entrega, (cast(nf.emissao as date), 2019-10-02) AS Data_Faturamento, "v"."id_centro_custo" as "CC", "f"."nome" as "funcionario", "v"."key_funcionarios" as "matricula", "po"."descricao" as "Produto", "vi"."key_partnumber" as "Partnumber", "po"."op_ca" as "CA", "vi"."quantidade", (vi.valor) as Vl_Unit, ((quantidade*valor) as Vl_Tot, "pe"."data_emissao" as "Data_Emissao", "fu"."nome" as "Solicitante", "fu"."matricula" as "smatricula", "pl"."localentrega" as "Local_Entrega"
FROM "vendas" "v"
JOIN "vendas_item" "vi" ON "v"."rm" = "vi"."key_vendas" AND "v"."item" = "vi"."key_vendas_item"
JOIN "funcionarios" "f" ON "v"."key_funcionarios" = "f"."matricula"
JOIN "produtos" "po" ON "vi"."key_produtos" = "po"."codigo"
JOIN "setor" "s" ON "s"."id_centro_custo" = "v"."id_centro_custo"
JOIN "pedidos" "pe" ON (pe.numero, pe.key_clientes) = (v.rm, v.key_clientes)
JOIN "pedidos_local" "pl" ON "pe"."numero" = "pl"."key_pedidos"
JOIN "usuario" "u" ON "pe"."key_usuario" = "u"."codigo"
JOIN "funcionarios" "fu" ON "fu"."matricula" = "u"."key_funcionarios" AND "pe"."id_depto" = "s"."id_depto"
JOIN "nota_fiscal" "nf" ON "v"."key_nota_fiscal" = "nf"."codigo" and "nf"."status" = 'EM'
ORDER BY 2
ERROR - 2019-10-02 00:23:33 --> 404 Page Not Found: Assets/js
ERROR - 2019-10-02 00:23:33 --> 404 Page Not Found: Assets/js
ERROR - 2019-10-02 00:23:40 --> Query error: ERRO:  erro de sintaxe em ou próximo a "as"
LINE 1: ...de", (vi.valor) as Vl_Unit, (("quantidade*valor") as Vl_Tot,...
                                                             ^ - Invalid query: SELECT DISTINCT "v"."rm" as "requisicao", (cast(v.data_emissao as date), 2019-10-02) as Data_Entrega, (cast(nf.emissao as date), 2019-10-02) AS Data_Faturamento, "v"."id_centro_custo" as "CC", "f"."nome" as "funcionario", "v"."key_funcionarios" as "matricula", "po"."descricao" as "Produto", "vi"."key_partnumber" as "Partnumber", "po"."op_ca" as "CA", "vi"."quantidade", (vi.valor) as Vl_Unit, (("quantidade*valor") as Vl_Tot, "pe"."data_emissao" as "Data_Emissao", "fu"."nome" as "Solicitante", "fu"."matricula" as "smatricula", "pl"."localentrega" as "Local_Entrega"
FROM "vendas" "v"
JOIN "vendas_item" "vi" ON "v"."rm" = "vi"."key_vendas" AND "v"."item" = "vi"."key_vendas_item"
JOIN "funcionarios" "f" ON "v"."key_funcionarios" = "f"."matricula"
JOIN "produtos" "po" ON "vi"."key_produtos" = "po"."codigo"
JOIN "setor" "s" ON "s"."id_centro_custo" = "v"."id_centro_custo"
JOIN "pedidos" "pe" ON (pe.numero, pe.key_clientes) = (v.rm, v.key_clientes)
JOIN "pedidos_local" "pl" ON "pe"."numero" = "pl"."key_pedidos"
JOIN "usuario" "u" ON "pe"."key_usuario" = "u"."codigo"
JOIN "funcionarios" "fu" ON "fu"."matricula" = "u"."key_funcionarios" AND "pe"."id_depto" = "s"."id_depto"
JOIN "nota_fiscal" "nf" ON "v"."key_nota_fiscal" = "nf"."codigo" and "nf"."status" = 'EM'
ORDER BY 2
ERROR - 2019-10-02 00:25:01 --> 404 Page Not Found: Assets/js
ERROR - 2019-10-02 00:25:01 --> 404 Page Not Found: Assets/js
ERROR - 2019-10-02 00:25:06 --> Query error: ERRO:  erro de sintaxe em ou próximo a "as"
LINE 1: ...STINCT "v"."rm" as "requisicao", ((v.data_emissao as date), ...
                                                             ^ - Invalid query: SELECT DISTINCT "v"."rm" as "requisicao", ((v.data_emissao as date), 2019-10-02) as Data_Entrega, ((nf.emissao as date), 2019-10-02) AS Data_Faturamento, "v"."id_centro_custo" as "CC", "f"."nome" as "funcionario", "v"."key_funcionarios" as "matricula", "po"."descricao" as "Produto", "vi"."key_partnumber" as "Partnumber", "po"."op_ca" as "CA", "vi"."quantidade", (vi.valor) as Vl_Unit, ((quantidade*valor) as Vl_Tot, "pe"."data_emissao" as "Data_Emissao", "fu"."nome" as "Solicitante", "fu"."matricula" as "smatricula", "pl"."localentrega" as "Local_Entrega"
FROM "vendas" "v"
JOIN "vendas_item" "vi" ON "v"."rm" = "vi"."key_vendas" AND "v"."item" = "vi"."key_vendas_item"
JOIN "funcionarios" "f" ON "v"."key_funcionarios" = "f"."matricula"
JOIN "produtos" "po" ON "vi"."key_produtos" = "po"."codigo"
JOIN "setor" "s" ON "s"."id_centro_custo" = "v"."id_centro_custo"
JOIN "pedidos" "pe" ON (pe.numero, pe.key_clientes) = (v.rm, v.key_clientes)
JOIN "pedidos_local" "pl" ON "pe"."numero" = "pl"."key_pedidos"
JOIN "usuario" "u" ON "pe"."key_usuario" = "u"."codigo"
JOIN "funcionarios" "fu" ON "fu"."matricula" = "u"."key_funcionarios" AND "pe"."id_depto" = "s"."id_depto"
JOIN "nota_fiscal" "nf" ON "v"."key_nota_fiscal" = "nf"."codigo" and "nf"."status" = 'EM'
ORDER BY 2
ERROR - 2019-10-02 00:32:24 --> 404 Page Not Found: Assets/js
ERROR - 2019-10-02 00:32:24 --> 404 Page Not Found: Assets/js
ERROR - 2019-10-02 00:33:16 --> Severity: Warning --> Unknown: Cannot call session save handler in a recursive manner Unknown 0
ERROR - 2019-10-02 00:35:31 --> 404 Page Not Found: Assets/js
ERROR - 2019-10-02 00:35:31 --> 404 Page Not Found: Assets/js
ERROR - 2019-10-02 00:38:33 --> Severity: Error --> Maximum execution time of 120 seconds exceeded C:\wamp64\www\system\database\drivers\pdo\pdo_driver.php 184
ERROR - 2019-10-02 00:41:14 --> 404 Page Not Found: Assets/js
ERROR - 2019-10-02 00:41:14 --> 404 Page Not Found: Assets/js
ERROR - 2019-10-02 00:41:29 --> Severity: Notice --> Undefined property: Relatorio::$database C:\wamp64\www\system\core\Model.php 77
ERROR - 2019-10-02 00:41:29 --> Severity: error --> Exception: Call to a member function limit() on null C:\wamp64\www\webpedidos\application\models\relatorio\relatorio_model.php 189
ERROR - 2019-10-02 00:41:50 --> 404 Page Not Found: Assets/js
ERROR - 2019-10-02 00:41:50 --> 404 Page Not Found: Assets/js
ERROR - 2019-10-02 00:42:38 --> 404 Page Not Found: Assets/js
ERROR - 2019-10-02 00:42:38 --> 404 Page Not Found: Assets/js
ERROR - 2019-10-02 00:43:27 --> 404 Page Not Found: Assets/js
ERROR - 2019-10-02 00:43:27 --> 404 Page Not Found: Assets/js
ERROR - 2019-10-02 00:47:28 --> 404 Page Not Found: Assets/js
ERROR - 2019-10-02 00:47:28 --> 404 Page Not Found: Assets/js
ERROR - 2019-10-02 00:47:51 --> 404 Page Not Found: Assets/js
ERROR - 2019-10-02 00:47:51 --> 404 Page Not Found: Assets/js
ERROR - 2019-10-02 00:53:32 --> 404 Page Not Found: Assets/js
ERROR - 2019-10-02 00:53:32 --> 404 Page Not Found: Assets/js
ERROR - 2019-10-02 00:54:08 --> 404 Page Not Found: Assets/js
ERROR - 2019-10-02 00:54:08 --> 404 Page Not Found: Assets/js
ERROR - 2019-10-02 00:56:54 --> 404 Page Not Found: Assets/js
ERROR - 2019-10-02 00:56:54 --> 404 Page Not Found: Assets/js
ERROR - 2019-10-02 00:59:17 --> 404 Page Not Found: Assets/js
ERROR - 2019-10-02 00:59:17 --> 404 Page Not Found: Assets/js
ERROR - 2019-10-02 01:00:42 --> 404 Page Not Found: Assets/js
ERROR - 2019-10-02 01:00:43 --> 404 Page Not Found: Assets/js
ERROR - 2019-10-02 01:00:50 --> Query error: ERRO:  relação "vendkas" não existe
LINE 2: FROM "vendkas" "v"
             ^ - Invalid query: SELECT DISTINCT "v"."rm" as "requisicao", (cast(v.data_emissao as date), 2019-10-02) as Data_Entrega, (cast(nf.emissao as date), 2019-10-02) AS Data_Faturamento, "v"."id_centro_custo" as "CC", "f"."nome" as "funcionario", "v"."key_funcionarios" as "matricula", "po"."descricao" as "Produto", "vi"."key_partnumber" as "Partnumber", "po"."op_ca" as "CA", "vi"."quantidade", (vi.valor) as Vl_Unit, "pe"."data_emissao" as "Data_Emissao", "fu"."nome" as "Solicitante", "fu"."matricula" as "smatricula", "pl"."localentrega" as "Local_Entrega"
FROM "vendkas" "v"
JOIN "vendas_item" "vi" ON "v"."rm" = "vi"."key_vendas" AND "v"."item" = "vi"."key_vendas_item"
JOIN "funcionarios" "f" ON "v"."key_funcionarios" = "f"."matricula"
JOIN "produtos" "po" ON "vi"."key_produtos" = "po"."codigo"
JOIN "setor" "s" ON "s"."id_centro_custo" = "v"."id_centro_custo"
JOIN "pedidos" "pe" ON (pe.numero, pe.key_clientes) = (v.rm, v.key_clientes)
JOIN "pedidos_local" "pl" ON "pe"."numero" = "pl"."key_pedidos"
JOIN "usuario" "u" ON "pe"."key_usuario" = "u"."codigo"
JOIN "funcionarios" "fu" ON "fu"."matricula" = "u"."key_funcionarios" AND "pe"."id_depto" = "s"."id_depto"
JOIN "nota_fiscal" "nf" ON "v"."key_nota_fiscal" = "nf"."codigo" and "nf"."status" = 'EM'
ORDER BY 2
 LIMIT 10
ERROR - 2019-10-02 10:20:59 --> 404 Page Not Found: Assets/js
ERROR - 2019-10-02 10:20:59 --> 404 Page Not Found: Assets/js
ERROR - 2019-10-02 10:21:01 --> Query error: ERRO:  relação "vendkas" não existe
LINE 2: FROM "vendkas" "v"
             ^ - Invalid query: SELECT DISTINCT "v"."rm" as "requisicao", (cast(v.data_emissao as date), 2019-10-02) as Data_Entrega, (cast(nf.emissao as date), 2019-10-02) AS Data_Faturamento, "v"."id_centro_custo" as "CC", "f"."nome" as "funcionario", "v"."key_funcionarios" as "matricula", "po"."descricao" as "Produto", "vi"."key_partnumber" as "Partnumber", "po"."op_ca" as "CA", "vi"."quantidade", (vi.valor) as Vl_Unit, "pe"."data_emissao" as "Data_Emissao", "fu"."nome" as "Solicitante", "fu"."matricula" as "smatricula", "pl"."localentrega" as "Local_Entrega"
FROM "vendkas" "v"
JOIN "vendas_item" "vi" ON "v"."rm" = "vi"."key_vendas" AND "v"."item" = "vi"."key_vendas_item"
JOIN "funcionarios" "f" ON "v"."key_funcionarios" = "f"."matricula"
JOIN "produtos" "po" ON "vi"."key_produtos" = "po"."codigo"
JOIN "setor" "s" ON "s"."id_centro_custo" = "v"."id_centro_custo"
JOIN "pedidos" "pe" ON (pe.numero, pe.key_clientes) = (v.rm, v.key_clientes)
JOIN "pedidos_local" "pl" ON "pe"."numero" = "pl"."key_pedidos"
JOIN "usuario" "u" ON "pe"."key_usuario" = "u"."codigo"
JOIN "funcionarios" "fu" ON "fu"."matricula" = "u"."key_funcionarios" AND "pe"."id_depto" = "s"."id_depto"
JOIN "nota_fiscal" "nf" ON "v"."key_nota_fiscal" = "nf"."codigo" and "nf"."status" = 'EM'
ORDER BY 2
 LIMIT 10
ERROR - 2019-10-02 10:21:56 --> 404 Page Not Found: Assets/js
ERROR - 2019-10-02 10:21:56 --> 404 Page Not Found: Assets/js
ERROR - 2019-10-02 10:28:45 --> 404 Page Not Found: Assets/js
ERROR - 2019-10-02 10:28:45 --> 404 Page Not Found: Assets/js
ERROR - 2019-10-02 10:33:25 --> 404 Page Not Found: Assets/js
ERROR - 2019-10-02 10:33:25 --> 404 Page Not Found: Assets/js
ERROR - 2019-10-02 10:38:00 --> 404 Page Not Found: Assets/js
ERROR - 2019-10-02 10:38:00 --> 404 Page Not Found: Assets/js
ERROR - 2019-10-02 10:39:36 --> 404 Page Not Found: Assets/js
ERROR - 2019-10-02 10:39:36 --> 404 Page Not Found: Assets/js
ERROR - 2019-10-02 10:41:52 --> 404 Page Not Found: Assets/js
ERROR - 2019-10-02 10:41:52 --> 404 Page Not Found: Assets/js
ERROR - 2019-10-02 10:46:36 --> 404 Page Not Found: Assets/js
ERROR - 2019-10-02 10:46:36 --> 404 Page Not Found: Assets/js
ERROR - 2019-10-02 10:46:39 --> 404 Page Not Found: Assets/js
ERROR - 2019-10-02 10:46:39 --> 404 Page Not Found: Assets/js
ERROR - 2019-10-02 10:47:30 --> 404 Page Not Found: Assets/js
ERROR - 2019-10-02 10:47:30 --> 404 Page Not Found: Assets/js
ERROR - 2019-10-02 10:47:49 --> 404 Page Not Found: Assets/js
ERROR - 2019-10-02 10:47:49 --> 404 Page Not Found: Assets/js
ERROR - 2019-10-02 10:59:53 --> 404 Page Not Found: Assets/js
ERROR - 2019-10-02 10:59:53 --> 404 Page Not Found: Assets/js
ERROR - 2019-10-02 11:03:23 --> 404 Page Not Found: Assets/js
ERROR - 2019-10-02 11:03:23 --> 404 Page Not Found: Assets/js
ERROR - 2019-10-02 11:04:06 --> 404 Page Not Found: Assets/js
ERROR - 2019-10-02 11:04:06 --> 404 Page Not Found: Assets/js
ERROR - 2019-10-02 11:04:58 --> 404 Page Not Found: Assets/js
ERROR - 2019-10-02 11:04:58 --> 404 Page Not Found: Assets/js
ERROR - 2019-10-02 11:05:08 --> 404 Page Not Found: Assets/js
ERROR - 2019-10-02 11:05:08 --> 404 Page Not Found: Assets/js
ERROR - 2019-10-02 11:05:43 --> 404 Page Not Found: Assets/js
ERROR - 2019-10-02 11:05:43 --> 404 Page Not Found: Assets/js
ERROR - 2019-10-02 11:06:23 --> 404 Page Not Found: Assets/js
ERROR - 2019-10-02 11:06:23 --> 404 Page Not Found: Assets/js
ERROR - 2019-10-02 11:09:20 --> 404 Page Not Found: Assets/js
ERROR - 2019-10-02 11:09:20 --> 404 Page Not Found: Assets/js
ERROR - 2019-10-02 11:09:34 --> 404 Page Not Found: Assets/js
ERROR - 2019-10-02 11:09:34 --> 404 Page Not Found: Assets/js
ERROR - 2019-10-02 11:10:32 --> 404 Page Not Found: Assets/js
ERROR - 2019-10-02 11:10:32 --> 404 Page Not Found: Assets/js
ERROR - 2019-10-02 11:10:39 --> Query error: ERRO:  operador não existe: character varying = integer
LINE 12: WHERE "f"."matricula" = 33021887
                               ^
HINT:  Nenhum operador corresponde com o nome e o(s) tipo(s) de argumento(s) informados. Você precisa adicionar conversões de tipo explícitas. - Invalid query: SELECT DISTINCT "v"."rm" as "requisicao", (cast(v.data_emissao as date), 2019-10-02) as Data_Entrega, (cast(nf.emissao as date), 2019-10-02) AS Data_Faturamento, "v"."id_centro_custo" as "CC", "f"."nome" as "funcionario", "v"."key_funcionarios" as "matricula", "po"."descricao" as "Produto", "vi"."key_partnumber" as "Partnumber", "po"."op_ca" as "CA", "vi"."quantidade", (vi.valor) as Vl_Unit, "pe"."data_emissao" as "Data_Emissao", "fu"."nome" as "Solicitante", "fu"."matricula" as "smatricula", "pl"."localentrega" as "Local_Entrega"
FROM "vendas" "v"
JOIN "vendas_item" "vi" ON "v"."rm" = "vi"."key_vendas" AND "v"."item" = "vi"."key_vendas_item"
JOIN "funcionarios" "f" ON "v"."key_funcionarios" = "f"."matricula"
JOIN "produtos" "po" ON "vi"."key_produtos" = "po"."codigo"
JOIN "setor" "s" ON "s"."id_centro_custo" = "v"."id_centro_custo"
JOIN "pedidos" "pe" ON (pe.numero, pe.key_clientes) = (v.rm, v.key_clientes)
JOIN "pedidos_local" "pl" ON "pe"."numero" = "pl"."key_pedidos"
JOIN "usuario" "u" ON "pe"."key_usuario" = "u"."codigo"
JOIN "funcionarios" "fu" ON "fu"."matricula" = "u"."key_funcionarios" AND "pe"."id_depto" = "s"."id_depto"
JOIN "nota_fiscal" "nf" ON "v"."key_nota_fiscal" = "nf"."codigo" and "nf"."status" = 'EM'
WHERE "f"."matricula" = 33021887
ORDER BY 2
 LIMIT 10
ERROR - 2019-10-02 11:11:16 --> 404 Page Not Found: Assets/js
ERROR - 2019-10-02 11:11:16 --> 404 Page Not Found: Assets/js
ERROR - 2019-10-02 11:11:20 --> Query error: ERRO:  operador não existe: character varying = integer
LINE 12: WHERE "f"."matricula" = 33021887
                               ^
HINT:  Nenhum operador corresponde com o nome e o(s) tipo(s) de argumento(s) informados. Você precisa adicionar conversões de tipo explícitas. - Invalid query: SELECT DISTINCT "v"."rm" as "requisicao", (cast(v.data_emissao as date), 2019-10-02) as Data_Entrega, (cast(nf.emissao as date), 2019-10-02) AS Data_Faturamento, "v"."id_centro_custo" as "CC", "f"."nome" as "funcionario", "v"."key_funcionarios" as "matricula", "po"."descricao" as "Produto", "vi"."key_partnumber" as "Partnumber", "po"."op_ca" as "CA", "vi"."quantidade", (vi.valor) as Vl_Unit, "pe"."data_emissao" as "Data_Emissao", "fu"."nome" as "Solicitante", "fu"."matricula" as "smatricula", "pl"."localentrega" as "Local_Entrega"
FROM "vendas" "v"
JOIN "vendas_item" "vi" ON "v"."rm" = "vi"."key_vendas" AND "v"."item" = "vi"."key_vendas_item"
JOIN "funcionarios" "f" ON "v"."key_funcionarios" = "f"."matricula"
JOIN "produtos" "po" ON "vi"."key_produtos" = "po"."codigo"
JOIN "setor" "s" ON "s"."id_centro_custo" = "v"."id_centro_custo"
JOIN "pedidos" "pe" ON (pe.numero, pe.key_clientes) = (v.rm, v.key_clientes)
JOIN "pedidos_local" "pl" ON "pe"."numero" = "pl"."key_pedidos"
JOIN "usuario" "u" ON "pe"."key_usuario" = "u"."codigo"
JOIN "funcionarios" "fu" ON "fu"."matricula" = "u"."key_funcionarios" AND "pe"."id_depto" = "s"."id_depto"
JOIN "nota_fiscal" "nf" ON "v"."key_nota_fiscal" = "nf"."codigo" and "nf"."status" = 'EM'
WHERE "f"."matricula" = 33021887
ORDER BY 2
 LIMIT 10
ERROR - 2019-10-02 11:11:28 --> 404 Page Not Found: Assets/js
ERROR - 2019-10-02 11:11:28 --> 404 Page Not Found: Assets/js
ERROR - 2019-10-02 11:11:37 --> Query error: ERRO:  operador não existe: character varying = integer
LINE 12: WHERE "f"."matricula" = 33021887
                               ^
HINT:  Nenhum operador corresponde com o nome e o(s) tipo(s) de argumento(s) informados. Você precisa adicionar conversões de tipo explícitas. - Invalid query: SELECT DISTINCT "v"."rm" as "requisicao", (cast(v.data_emissao as date), 2019-10-02) as Data_Entrega, (cast(nf.emissao as date), 2019-10-02) AS Data_Faturamento, "v"."id_centro_custo" as "CC", "f"."nome" as "funcionario", "v"."key_funcionarios" as "matricula", "po"."descricao" as "Produto", "vi"."key_partnumber" as "Partnumber", "po"."op_ca" as "CA", "vi"."quantidade", (vi.valor) as Vl_Unit, "pe"."data_emissao" as "Data_Emissao", "fu"."nome" as "Solicitante", "fu"."matricula" as "smatricula", "pl"."localentrega" as "Local_Entrega"
FROM "vendas" "v"
JOIN "vendas_item" "vi" ON "v"."rm" = "vi"."key_vendas" AND "v"."item" = "vi"."key_vendas_item"
JOIN "funcionarios" "f" ON "v"."key_funcionarios" = "f"."matricula"
JOIN "produtos" "po" ON "vi"."key_produtos" = "po"."codigo"
JOIN "setor" "s" ON "s"."id_centro_custo" = "v"."id_centro_custo"
JOIN "pedidos" "pe" ON (pe.numero, pe.key_clientes) = (v.rm, v.key_clientes)
JOIN "pedidos_local" "pl" ON "pe"."numero" = "pl"."key_pedidos"
JOIN "usuario" "u" ON "pe"."key_usuario" = "u"."codigo"
JOIN "funcionarios" "fu" ON "fu"."matricula" = "u"."key_funcionarios" AND "pe"."id_depto" = "s"."id_depto"
JOIN "nota_fiscal" "nf" ON "v"."key_nota_fiscal" = "nf"."codigo" and "nf"."status" = 'EM'
WHERE "f"."matricula" = 33021887
ORDER BY 2
 LIMIT 10
ERROR - 2019-10-02 11:12:24 --> 404 Page Not Found: Assets/js
ERROR - 2019-10-02 11:12:24 --> 404 Page Not Found: Assets/js
ERROR - 2019-10-02 11:12:31 --> Severity: error --> Exception: syntax error, unexpected '"', expecting ',' or ')' C:\wamp64\www\webpedidos\application\models\relatorio\relatorio_model.php 153
ERROR - 2019-10-02 11:12:45 --> 404 Page Not Found: Assets/js
ERROR - 2019-10-02 11:12:45 --> 404 Page Not Found: Assets/js
ERROR - 2019-10-02 11:12:55 --> Query error: ERRO:  coluna "33021887" não existe
LINE 12: WHERE "f"."matricula" = "33021887"
                                 ^ - Invalid query: SELECT DISTINCT "v"."rm" as "requisicao", (cast(v.data_emissao as date), 2019-10-02) as Data_Entrega, (cast(nf.emissao as date), 2019-10-02) AS Data_Faturamento, "v"."id_centro_custo" as "CC", "f"."nome" as "funcionario", "v"."key_funcionarios" as "matricula", "po"."descricao" as "Produto", "vi"."key_partnumber" as "Partnumber", "po"."op_ca" as "CA", "vi"."quantidade", (vi.valor) as Vl_Unit, "pe"."data_emissao" as "Data_Emissao", "fu"."nome" as "Solicitante", "fu"."matricula" as "smatricula", "pl"."localentrega" as "Local_Entrega"
FROM "vendas" "v"
JOIN "vendas_item" "vi" ON "v"."rm" = "vi"."key_vendas" AND "v"."item" = "vi"."key_vendas_item"
JOIN "funcionarios" "f" ON "v"."key_funcionarios" = "f"."matricula"
JOIN "produtos" "po" ON "vi"."key_produtos" = "po"."codigo"
JOIN "setor" "s" ON "s"."id_centro_custo" = "v"."id_centro_custo"
JOIN "pedidos" "pe" ON (pe.numero, pe.key_clientes) = (v.rm, v.key_clientes)
JOIN "pedidos_local" "pl" ON "pe"."numero" = "pl"."key_pedidos"
JOIN "usuario" "u" ON "pe"."key_usuario" = "u"."codigo"
JOIN "funcionarios" "fu" ON "fu"."matricula" = "u"."key_funcionarios" AND "pe"."id_depto" = "s"."id_depto"
JOIN "nota_fiscal" "nf" ON "v"."key_nota_fiscal" = "nf"."codigo" and "nf"."status" = 'EM'
WHERE "f"."matricula" = "33021887"
ORDER BY 2
 LIMIT 10
ERROR - 2019-10-02 11:14:34 --> 404 Page Not Found: Assets/js
ERROR - 2019-10-02 11:14:34 --> 404 Page Not Found: Assets/js
ERROR - 2019-10-02 11:34:25 --> 404 Page Not Found: Assets/js
ERROR - 2019-10-02 11:34:25 --> 404 Page Not Found: Assets/js
ERROR - 2019-10-02 11:35:38 --> 404 Page Not Found: Assets/js
ERROR - 2019-10-02 11:35:38 --> 404 Page Not Found: Assets/js
ERROR - 2019-10-02 11:36:16 --> 404 Page Not Found: Assets/js
ERROR - 2019-10-02 11:36:16 --> 404 Page Not Found: Assets/js
ERROR - 2019-10-02 11:36:18 --> 404 Page Not Found: Assets/js
ERROR - 2019-10-02 11:36:18 --> 404 Page Not Found: Assets/js
ERROR - 2019-10-02 11:38:58 --> Query error: ERRO:  coluna "01/2019" não existe
LINE 12: WHERE "v"."data_emissao" BETWEEN "01/2019" AND 12/2019
                                          ^ - Invalid query: SELECT DISTINCT "v"."rm" as "requisicao", (cast(v.data_emissao as date), 2019-10-02) as Data_Entrega, (cast(nf.emissao as date), 2019-10-02) AS Data_Faturamento, "v"."id_centro_custo" as "CC", "f"."nome" as "funcionario", "v"."key_funcionarios" as "matricula", "po"."descricao" as "Produto", "vi"."key_partnumber" as "Partnumber", "po"."op_ca" as "CA", "vi"."quantidade", (vi.valor) as Vl_Unit, "pe"."data_emissao" as "Data_Emissao", "fu"."nome" as "Solicitante", "fu"."matricula" as "smatricula", "pl"."localentrega" as "Local_Entrega"
FROM "vendas" "v"
JOIN "vendas_item" "vi" ON "v"."rm" = "vi"."key_vendas" AND "v"."item" = "vi"."key_vendas_item"
JOIN "funcionarios" "f" ON "v"."key_funcionarios" = "f"."matricula"
JOIN "produtos" "po" ON "vi"."key_produtos" = "po"."codigo"
JOIN "setor" "s" ON "s"."id_centro_custo" = "v"."id_centro_custo"
JOIN "pedidos" "pe" ON (pe.numero, pe.key_clientes) = (v.rm, v.key_clientes)
JOIN "pedidos_local" "pl" ON "pe"."numero" = "pl"."key_pedidos"
JOIN "usuario" "u" ON "pe"."key_usuario" = "u"."codigo"
JOIN "funcionarios" "fu" ON "fu"."matricula" = "u"."key_funcionarios" AND "pe"."id_depto" = "s"."id_depto"
JOIN "nota_fiscal" "nf" ON "v"."key_nota_fiscal" = "nf"."codigo" and "nf"."status" = 'EM'
WHERE "v"."data_emissao" BETWEEN "01/2019" AND 12/2019
AND "f"."matricula" = '33021887'
ORDER BY 2
 LIMIT 10
ERROR - 2019-10-02 11:39:51 --> Query error: ERRO:  coluna "2019/01" não existe
LINE 12: WHERE "v"."data_emissao" BETWEEN "2019/01" AND 2019/12
                                          ^ - Invalid query: SELECT DISTINCT "v"."rm" as "requisicao", (cast(v.data_emissao as date), 2019-10-02) as Data_Entrega, (cast(nf.emissao as date), 2019-10-02) AS Data_Faturamento, "v"."id_centro_custo" as "CC", "f"."nome" as "funcionario", "v"."key_funcionarios" as "matricula", "po"."descricao" as "Produto", "vi"."key_partnumber" as "Partnumber", "po"."op_ca" as "CA", "vi"."quantidade", (vi.valor) as Vl_Unit, "pe"."data_emissao" as "Data_Emissao", "fu"."nome" as "Solicitante", "fu"."matricula" as "smatricula", "pl"."localentrega" as "Local_Entrega"
FROM "vendas" "v"
JOIN "vendas_item" "vi" ON "v"."rm" = "vi"."key_vendas" AND "v"."item" = "vi"."key_vendas_item"
JOIN "funcionarios" "f" ON "v"."key_funcionarios" = "f"."matricula"
JOIN "produtos" "po" ON "vi"."key_produtos" = "po"."codigo"
JOIN "setor" "s" ON "s"."id_centro_custo" = "v"."id_centro_custo"
JOIN "pedidos" "pe" ON (pe.numero, pe.key_clientes) = (v.rm, v.key_clientes)
JOIN "pedidos_local" "pl" ON "pe"."numero" = "pl"."key_pedidos"
JOIN "usuario" "u" ON "pe"."key_usuario" = "u"."codigo"
JOIN "funcionarios" "fu" ON "fu"."matricula" = "u"."key_funcionarios" AND "pe"."id_depto" = "s"."id_depto"
JOIN "nota_fiscal" "nf" ON "v"."key_nota_fiscal" = "nf"."codigo" and "nf"."status" = 'EM'
WHERE "v"."data_emissao" BETWEEN "2019/01" AND 2019/12
AND "f"."matricula" = '33021887'
ORDER BY 2
 LIMIT 10
ERROR - 2019-10-02 13:12:03 --> 404 Page Not Found: Assets/js
ERROR - 2019-10-02 13:12:03 --> 404 Page Not Found: Assets/js
ERROR - 2019-10-02 13:17:40 --> 404 Page Not Found: Assets/js
ERROR - 2019-10-02 13:17:40 --> 404 Page Not Found: Assets/js
ERROR - 2019-10-02 13:19:33 --> Query error: ERRO:  coluna "01/01/2019" não existe
LINE 12: WHERE "v"."data_emissao" BETWEEN "01/01/2019" AND 01/12/2019
                                          ^ - Invalid query: SELECT DISTINCT "v"."rm" as "requisicao", (cast(v.data_emissao as date), 2019-10-02) as Data_Entrega, (cast(nf.emissao as date), 2019-10-02) AS Data_Faturamento, "v"."id_centro_custo" as "CC", "f"."nome" as "funcionario", "v"."key_funcionarios" as "matricula", "po"."descricao" as "Produto", "vi"."key_partnumber" as "Partnumber", "po"."op_ca" as "CA", "vi"."quantidade", (vi.valor) as Vl_Unit, "pe"."data_emissao" as "Data_Emissao", "fu"."nome" as "Solicitante", "fu"."matricula" as "smatricula", "pl"."localentrega" as "Local_Entrega"
FROM "vendas" "v"
JOIN "vendas_item" "vi" ON "v"."rm" = "vi"."key_vendas" AND "v"."item" = "vi"."key_vendas_item"
JOIN "funcionarios" "f" ON "v"."key_funcionarios" = "f"."matricula"
JOIN "produtos" "po" ON "vi"."key_produtos" = "po"."codigo"
JOIN "setor" "s" ON "s"."id_centro_custo" = "v"."id_centro_custo"
JOIN "pedidos" "pe" ON (pe.numero, pe.key_clientes) = (v.rm, v.key_clientes)
JOIN "pedidos_local" "pl" ON "pe"."numero" = "pl"."key_pedidos"
JOIN "usuario" "u" ON "pe"."key_usuario" = "u"."codigo"
JOIN "funcionarios" "fu" ON "fu"."matricula" = "u"."key_funcionarios" AND "pe"."id_depto" = "s"."id_depto"
JOIN "nota_fiscal" "nf" ON "v"."key_nota_fiscal" = "nf"."codigo" and "nf"."status" = 'EM'
WHERE "v"."data_emissao" BETWEEN "01/01/2019" AND 01/12/2019
AND "f"."matricula" = '33021887'
ORDER BY 2
 LIMIT 10
ERROR - 2019-10-02 13:19:45 --> Query error: ERRO:  coluna "01/01/2019" não existe
LINE 12: WHERE "v"."data_emissao" BETWEEN "01/01/2019" AND 01/12/2019
                                          ^ - Invalid query: SELECT DISTINCT "v"."rm" as "requisicao", (cast(v.data_emissao as date), 2019-10-02) as Data_Entrega, (cast(nf.emissao as date), 2019-10-02) AS Data_Faturamento, "v"."id_centro_custo" as "CC", "f"."nome" as "funcionario", "v"."key_funcionarios" as "matricula", "po"."descricao" as "Produto", "vi"."key_partnumber" as "Partnumber", "po"."op_ca" as "CA", "vi"."quantidade", (vi.valor) as Vl_Unit, "pe"."data_emissao" as "Data_Emissao", "fu"."nome" as "Solicitante", "fu"."matricula" as "smatricula", "pl"."localentrega" as "Local_Entrega"
FROM "vendas" "v"
JOIN "vendas_item" "vi" ON "v"."rm" = "vi"."key_vendas" AND "v"."item" = "vi"."key_vendas_item"
JOIN "funcionarios" "f" ON "v"."key_funcionarios" = "f"."matricula"
JOIN "produtos" "po" ON "vi"."key_produtos" = "po"."codigo"
JOIN "setor" "s" ON "s"."id_centro_custo" = "v"."id_centro_custo"
JOIN "pedidos" "pe" ON (pe.numero, pe.key_clientes) = (v.rm, v.key_clientes)
JOIN "pedidos_local" "pl" ON "pe"."numero" = "pl"."key_pedidos"
JOIN "usuario" "u" ON "pe"."key_usuario" = "u"."codigo"
JOIN "funcionarios" "fu" ON "fu"."matricula" = "u"."key_funcionarios" AND "pe"."id_depto" = "s"."id_depto"
JOIN "nota_fiscal" "nf" ON "v"."key_nota_fiscal" = "nf"."codigo" and "nf"."status" = 'EM'
WHERE "v"."data_emissao" BETWEEN "01/01/2019" AND 01/12/2019
AND "f"."matricula" = '33021887'
ORDER BY 2
 LIMIT 10
ERROR - 2019-10-02 13:30:13 --> 404 Page Not Found: Assets/js
ERROR - 2019-10-02 13:30:13 --> 404 Page Not Found: Assets/js
ERROR - 2019-10-02 13:31:08 --> Severity: error --> Exception: syntax error, unexpected '''' (T_CONSTANT_ENCAPSED_STRING), expecting ',' or ')' C:\wamp64\www\webpedidos\application\models\relatorio\relatorio_model.php 92
ERROR - 2019-10-02 13:32:41 --> 404 Page Not Found: Assets/js
ERROR - 2019-10-02 13:32:41 --> 404 Page Not Found: Assets/js
ERROR - 2019-10-02 13:33:15 --> Severity: error --> Exception: syntax error, unexpected '"', expecting ',' or ')' C:\wamp64\www\webpedidos\application\models\relatorio\relatorio_model.php 92
ERROR - 2019-10-02 13:35:23 --> 404 Page Not Found: Assets/js
ERROR - 2019-10-02 13:35:23 --> 404 Page Not Found: Assets/js
ERROR - 2019-10-02 13:35:39 --> Query error: ERRO:  coluna "01/01/2019" não existe
LINE 12: WHERE "v"."data_emissao" BETWEEN "01/01/2019" AND 01/12/2019
                                          ^ - Invalid query: SELECT DISTINCT "v"."rm" as "requisicao", (cast(v.data_emissao as date), 2019-10-02) as Data_Entrega, (cast(nf.emissao as date), 2019-10-02) AS Data_Faturamento, "v"."id_centro_custo" as "CC", "f"."nome" as "funcionario", "v"."key_funcionarios" as "matricula", "po"."descricao" as "Produto", "vi"."key_partnumber" as "Partnumber", "po"."op_ca" as "CA", "vi"."quantidade", (vi.valor) as Vl_Unit, "pe"."data_emissao" as "Data_Emissao", "fu"."nome" as "Solicitante", "fu"."matricula" as "smatricula", "pl"."localentrega" as "Local_Entrega"
FROM "vendas" "v"
JOIN "vendas_item" "vi" ON "v"."rm" = "vi"."key_vendas" AND "v"."item" = "vi"."key_vendas_item"
JOIN "funcionarios" "f" ON "v"."key_funcionarios" = "f"."matricula"
JOIN "produtos" "po" ON "vi"."key_produtos" = "po"."codigo"
JOIN "setor" "s" ON "s"."id_centro_custo" = "v"."id_centro_custo"
JOIN "pedidos" "pe" ON (pe.numero, pe.key_clientes) = (v.rm, v.key_clientes)
JOIN "pedidos_local" "pl" ON "pe"."numero" = "pl"."key_pedidos"
JOIN "usuario" "u" ON "pe"."key_usuario" = "u"."codigo"
JOIN "funcionarios" "fu" ON "fu"."matricula" = "u"."key_funcionarios" AND "pe"."id_depto" = "s"."id_depto"
JOIN "nota_fiscal" "nf" ON "v"."key_nota_fiscal" = "nf"."codigo" and "nf"."status" = 'EM'
WHERE "v"."data_emissao" BETWEEN "01/01/2019" AND 01/12/2019
AND "f"."matricula" = '33021887'
ORDER BY 2
 LIMIT 10
ERROR - 2019-10-02 13:36:11 --> 404 Page Not Found: Assets/js
ERROR - 2019-10-02 13:36:11 --> 404 Page Not Found: Assets/js
ERROR - 2019-10-02 13:36:26 --> Severity: error --> Exception: syntax error, unexpected ''"'' (T_CONSTANT_ENCAPSED_STRING), expecting ',' or ')' C:\wamp64\www\webpedidos\application\models\relatorio\relatorio_model.php 92
ERROR - 2019-10-02 13:36:44 --> 404 Page Not Found: Assets/js
ERROR - 2019-10-02 13:36:44 --> 404 Page Not Found: Assets/js
ERROR - 2019-10-02 13:36:56 --> Severity: error --> Exception: syntax error, unexpected ''"'' (T_CONSTANT_ENCAPSED_STRING), expecting ',' or ')' C:\wamp64\www\webpedidos\application\models\relatorio\relatorio_model.php 92
ERROR - 2019-10-02 13:37:18 --> 404 Page Not Found: Assets/js
ERROR - 2019-10-02 13:37:18 --> 404 Page Not Found: Assets/js
ERROR - 2019-10-02 13:37:29 --> Severity: error --> Exception: syntax error, unexpected '"'"' (T_CONSTANT_ENCAPSED_STRING), expecting ',' or ')' C:\wamp64\www\webpedidos\application\models\relatorio\relatorio_model.php 92
ERROR - 2019-10-02 13:40:32 --> 404 Page Not Found: Assets/js
ERROR - 2019-10-02 13:40:32 --> 404 Page Not Found: Assets/js
ERROR - 2019-10-02 13:40:49 --> Severity: error --> Exception: syntax error, unexpected '"', expecting ',' or ')' C:\wamp64\www\webpedidos\application\models\relatorio\relatorio_model.php 100
ERROR - 2019-10-02 13:41:39 --> 404 Page Not Found: Assets/js
ERROR - 2019-10-02 13:41:39 --> 404 Page Not Found: Assets/js
ERROR - 2019-10-02 13:41:51 --> Severity: error --> Exception: syntax error, unexpected '''' (T_CONSTANT_ENCAPSED_STRING), expecting ',' or ')' C:\wamp64\www\webpedidos\application\models\relatorio\relatorio_model.php 92
ERROR - 2019-10-02 13:44:24 --> 404 Page Not Found: Assets/js
ERROR - 2019-10-02 13:44:24 --> 404 Page Not Found: Assets/js
ERROR - 2019-10-02 13:54:07 --> 404 Page Not Found: Assets/js
ERROR - 2019-10-02 13:54:07 --> 404 Page Not Found: Assets/js
ERROR - 2019-10-02 13:54:08 --> 404 Page Not Found: Assets/js
ERROR - 2019-10-02 13:54:08 --> 404 Page Not Found: Assets/js
ERROR - 2019-10-02 13:55:28 --> 404 Page Not Found: Assets/js
ERROR - 2019-10-02 13:55:28 --> 404 Page Not Found: Assets/js
ERROR - 2019-10-02 13:55:35 --> 404 Page Not Found: Assets/js
ERROR - 2019-10-02 13:55:35 --> 404 Page Not Found: Assets/js
ERROR - 2019-10-02 13:56:32 --> 404 Page Not Found: Assets/js
ERROR - 2019-10-02 13:56:32 --> 404 Page Not Found: Assets/js
ERROR - 2019-10-02 13:57:03 --> 404 Page Not Found: Assets/js
ERROR - 2019-10-02 13:57:03 --> 404 Page Not Found: Assets/js
ERROR - 2019-10-02 13:57:12 --> Severity: Notice --> Array to string conversion C:\wamp64\www\system\database\DB_query_builder.php 683
ERROR - 2019-10-02 13:57:12 --> Query error: ERRO:  coluna "Array" não existe
LINE 2: WHERE "webloginid" = "Array"
                             ^ - Invalid query: DELETE FROM "web_login_senhas_anteriores"
WHERE "webloginid" = "Array"
ERROR - 2019-10-02 13:57:46 --> 404 Page Not Found: Assets/js
ERROR - 2019-10-02 13:57:46 --> 404 Page Not Found: Assets/js
ERROR - 2019-10-02 13:58:02 --> Severity: Notice --> Array to string conversion C:\wamp64\www\system\database\DB_query_builder.php 683
ERROR - 2019-10-02 13:58:02 --> Query error: ERRO:  coluna "Array" não existe
LINE 2: WHERE "webloginid" = "Array"
                             ^ - Invalid query: DELETE FROM "web_login_senhas_anteriores"
WHERE "webloginid" = "Array"
ERROR - 2019-10-02 13:59:00 --> 404 Page Not Found: Assets/js
ERROR - 2019-10-02 13:59:00 --> 404 Page Not Found: Assets/js
ERROR - 2019-10-02 13:59:08 --> Severity: Notice --> Undefined index: webloginid C:\wamp64\www\webpedidos\application\models\usuario\Usuario_model.php 361
ERROR - 2019-10-02 13:59:08 --> Query error: ERRO:  SELECT * sem tabelas especificadas não é válido
LINE 1: SELECT *
               ^ - Invalid query: SELECT *
ERROR - 2019-10-02 13:59:36 --> 404 Page Not Found: Assets/js
ERROR - 2019-10-02 13:59:36 --> 404 Page Not Found: Assets/js
ERROR - 2019-10-02 13:59:45 --> Severity: error --> Exception: Cannot use object of type stdClass as array C:\wamp64\www\webpedidos\application\models\usuario\Usuario_model.php 361
ERROR - 2019-10-02 14:00:48 --> 404 Page Not Found: Assets/js
ERROR - 2019-10-02 14:00:48 --> 404 Page Not Found: Assets/js
ERROR - 2019-10-02 14:00:57 --> Query error: ERRO:  sintaxe de entrada é inválida para integer: "[{"webloginid":2225}]"
LINE 2: WHERE "webloginid" = '[{"webloginid":2225}]'
                             ^ - Invalid query: DELETE FROM "web_login_senhas_anteriores"
WHERE "webloginid" = '[{"webloginid":2225}]'
ERROR - 2019-10-02 14:01:30 --> 404 Page Not Found: Assets/js
ERROR - 2019-10-02 14:01:30 --> 404 Page Not Found: Assets/js
ERROR - 2019-10-02 14:01:38 --> Severity: Warning --> Illegal string offset 'webloginid' C:\wamp64\www\webpedidos\application\models\usuario\Usuario_model.php 361
ERROR - 2019-10-02 14:01:38 --> Query error: ERRO:  sintaxe de entrada é inválida para integer: "["
LINE 2: WHERE "webloginid" = '['
                             ^ - Invalid query: DELETE FROM "web_login_senhas_anteriores"
WHERE "webloginid" = '['
ERROR - 2019-10-02 14:02:04 --> 404 Page Not Found: Assets/js
ERROR - 2019-10-02 14:02:04 --> 404 Page Not Found: Assets/js
ERROR - 2019-10-02 14:02:11 --> Severity: Warning --> Use of undefined constant webloginid - assumed 'webloginid' (this will throw an Error in a future version of PHP) C:\wamp64\www\webpedidos\application\models\usuario\Usuario_model.php 361
ERROR - 2019-10-02 14:02:11 --> Query error: ERRO:  sintaxe de entrada é inválida para integer: "[{"webloginid":2225}]webloginid"
LINE 2: WHERE "webloginid" = '[{"webloginid":2225}]webloginid'
                             ^ - Invalid query: DELETE FROM "web_login_senhas_anteriores"
WHERE "webloginid" = '[{"webloginid":2225}]webloginid'
ERROR - 2019-10-02 14:02:44 --> 404 Page Not Found: Assets/js
ERROR - 2019-10-02 14:02:44 --> 404 Page Not Found: Assets/js
ERROR - 2019-10-02 14:02:51 --> 404 Page Not Found: Assets/js
ERROR - 2019-10-02 14:02:51 --> 404 Page Not Found: Assets/js
ERROR - 2019-10-02 14:03:01 --> Severity: Warning --> json_decode() expects parameter 1 to be string, array given C:\wamp64\www\webpedidos\application\models\usuario\Usuario_model.php 359
ERROR - 2019-10-02 14:03:01 --> Query error: ERRO:  SELECT * sem tabelas especificadas não é válido
LINE 1: SELECT *
               ^ - Invalid query: SELECT *
ERROR - 2019-10-02 14:05:50 --> 404 Page Not Found: Assets/js
ERROR - 2019-10-02 14:05:50 --> 404 Page Not Found: Assets/js
ERROR - 2019-10-02 14:06:02 --> Severity: Warning --> Illegal string offset 'webloginid' C:\wamp64\www\webpedidos\application\models\usuario\Usuario_model.php 361
ERROR - 2019-10-02 14:06:02 --> Query error: ERRO:  sintaxe de entrada é inválida para integer: "["
LINE 2: WHERE "webloginid" = '['
                             ^ - Invalid query: DELETE FROM "web_login_senhas_anteriores"
WHERE "webloginid" = '['
ERROR - 2019-10-02 14:06:36 --> 404 Page Not Found: Assets/js
ERROR - 2019-10-02 14:06:36 --> 404 Page Not Found: Assets/js
ERROR - 2019-10-02 14:06:43 --> Severity: Warning --> Illegal string offset 'webloginid' C:\wamp64\www\webpedidos\application\models\usuario\Usuario_model.php 361
ERROR - 2019-10-02 14:06:43 --> Query error: ERRO:  sintaxe de entrada é inválida para integer: "["
LINE 2: WHERE "webloginid" = '['
                             ^ - Invalid query: DELETE FROM "web_login_senhas_anteriores"
WHERE "webloginid" = '['
ERROR - 2019-10-02 14:06:55 --> 404 Page Not Found: Assets/js
ERROR - 2019-10-02 14:06:55 --> 404 Page Not Found: Assets/js
ERROR - 2019-10-02 14:07:08 --> Severity: error --> Exception: Cannot use object of type stdClass as array C:\wamp64\www\webpedidos\application\models\usuario\Usuario_model.php 361
ERROR - 2019-10-02 14:07:32 --> 404 Page Not Found: Assets/js
ERROR - 2019-10-02 14:07:33 --> 404 Page Not Found: Assets/js
ERROR - 2019-10-02 14:07:39 --> Severity: error --> Exception: Cannot use object of type stdClass as array C:\wamp64\www\webpedidos\application\models\usuario\Usuario_model.php 361
ERROR - 2019-10-02 14:09:26 --> 404 Page Not Found: Assets/js
ERROR - 2019-10-02 14:09:26 --> 404 Page Not Found: Assets/js
ERROR - 2019-10-02 14:12:18 --> 404 Page Not Found: Assets/js
ERROR - 2019-10-02 14:12:18 --> 404 Page Not Found: Assets/js
ERROR - 2019-10-02 14:12:29 --> 404 Page Not Found: Assets/js
ERROR - 2019-10-02 14:12:29 --> 404 Page Not Found: Assets/js
ERROR - 2019-10-02 14:12:30 --> 404 Page Not Found: Assets/js
ERROR - 2019-10-02 14:12:30 --> 404 Page Not Found: Assets/js
ERROR - 2019-10-02 14:12:33 --> 404 Page Not Found: Assets/js
ERROR - 2019-10-02 14:12:33 --> 404 Page Not Found: Assets/js
ERROR - 2019-10-02 14:12:36 --> 404 Page Not Found: Assets/js
ERROR - 2019-10-02 14:12:36 --> 404 Page Not Found: Assets/js
ERROR - 2019-10-02 14:12:53 --> 404 Page Not Found: Assets/js
ERROR - 2019-10-02 14:12:53 --> 404 Page Not Found: Assets/js
ERROR - 2019-10-02 14:21:19 --> 404 Page Not Found: Assets/js
ERROR - 2019-10-02 14:21:19 --> 404 Page Not Found: Assets/js
ERROR - 2019-10-02 14:21:21 --> 404 Page Not Found: Assets/js
ERROR - 2019-10-02 14:21:21 --> 404 Page Not Found: Assets/js
ERROR - 2019-10-02 14:21:57 --> 404 Page Not Found: Assets/js
ERROR - 2019-10-02 14:21:57 --> 404 Page Not Found: Assets/js
ERROR - 2019-10-02 14:22:08 --> Query error: ERRO:  sintaxe de entrada é inválida para integer: "{"webloginid":2225}"
LINE 2: WHERE "webloginid" = '{"webloginid":2225}'
                             ^ - Invalid query: DELETE FROM "web_login_senhas_anteriores"
WHERE "webloginid" = '{"webloginid":2225}'
ERROR - 2019-10-02 14:23:03 --> 404 Page Not Found: Assets/js
ERROR - 2019-10-02 14:23:03 --> 404 Page Not Found: Assets/js
ERROR - 2019-10-02 14:23:10 --> Severity: error --> Exception: Cannot use object of type stdClass as array C:\wamp64\www\webpedidos\application\models\usuario\Usuario_model.php 361
ERROR - 2019-10-02 14:23:32 --> 404 Page Not Found: Assets/js
ERROR - 2019-10-02 14:23:32 --> 404 Page Not Found: Assets/js
ERROR - 2019-10-02 14:23:39 --> Query error: ERRO:  SELECT * sem tabelas especificadas não é válido
LINE 1: SELECT *
               ^ - Invalid query: SELECT *
ERROR - 2019-10-02 14:26:02 --> 404 Page Not Found: Assets/js
ERROR - 2019-10-02 14:26:02 --> 404 Page Not Found: Assets/js
ERROR - 2019-10-02 14:26:09 --> Query error: ERRO:  SELECT * sem tabelas especificadas não é válido
LINE 1: SELECT *
               ^ - Invalid query: SELECT *
ERROR - 2019-10-02 14:26:27 --> 404 Page Not Found: Assets/js
ERROR - 2019-10-02 14:26:27 --> 404 Page Not Found: Assets/js
ERROR - 2019-10-02 14:26:34 --> Query error: ERRO:  relação "web2_login" não existe
LINE 2: FROM "web2_login"
             ^ - Invalid query: SELECT "webloginid"
FROM "web2_login"
WHERE "funcionarioid" = 'ff49693a-37c5-4313-8f2f-ec2f3c51351c'
ERROR - 2019-10-02 14:28:16 --> 404 Page Not Found: Assets/js
ERROR - 2019-10-02 14:28:16 --> 404 Page Not Found: Assets/js
ERROR - 2019-10-02 14:28:22 --> Query error: ERRO:  SELECT * sem tabelas especificadas não é válido
LINE 1: SELECT *
               ^ - Invalid query: SELECT *
ERROR - 2019-10-02 14:28:40 --> 404 Page Not Found: Assets/js
ERROR - 2019-10-02 14:28:40 --> 404 Page Not Found: Assets/js
ERROR - 2019-10-02 14:32:23 --> 404 Page Not Found: Assets/js
ERROR - 2019-10-02 14:32:23 --> 404 Page Not Found: Assets/js
ERROR - 2019-10-02 14:45:37 --> 404 Page Not Found: Assets/js
ERROR - 2019-10-02 14:45:37 --> 404 Page Not Found: Assets/js
ERROR - 2019-10-02 14:59:24 --> 404 Page Not Found: Assets/js
ERROR - 2019-10-02 14:59:24 --> 404 Page Not Found: Assets/js
ERROR - 2019-10-02 15:34:13 --> 404 Page Not Found: Assets/js
ERROR - 2019-10-02 15:34:13 --> 404 Page Not Found: Assets/js
ERROR - 2019-10-02 15:34:37 --> 404 Page Not Found: Assets/js
ERROR - 2019-10-02 15:34:37 --> 404 Page Not Found: Assets/js
ERROR - 2019-10-02 15:34:38 --> 404 Page Not Found: Assets/js
ERROR - 2019-10-02 15:34:38 --> 404 Page Not Found: Assets/js
ERROR - 2019-10-02 15:34:39 --> 404 Page Not Found: Assets/js
ERROR - 2019-10-02 15:34:39 --> 404 Page Not Found: Assets/js
ERROR - 2019-10-02 15:34:49 --> 404 Page Not Found: Assets/js
ERROR - 2019-10-02 15:34:49 --> 404 Page Not Found: Assets/js
ERROR - 2019-10-02 15:35:29 --> 404 Page Not Found: Assets/js
ERROR - 2019-10-02 15:35:29 --> 404 Page Not Found: Assets/js
ERROR - 2019-10-02 15:35:43 --> 404 Page Not Found: Assets/js
ERROR - 2019-10-02 15:35:43 --> 404 Page Not Found: Assets/js
ERROR - 2019-10-02 15:35:57 --> 404 Page Not Found: Assets/js
ERROR - 2019-10-02 15:35:57 --> 404 Page Not Found: Assets/js
ERROR - 2019-10-02 15:35:57 --> 404 Page Not Found: Assets/js
ERROR - 2019-10-02 15:35:57 --> 404 Page Not Found: Assets/js
ERROR - 2019-10-02 15:35:58 --> 404 Page Not Found: Assets/js
ERROR - 2019-10-02 15:35:58 --> 404 Page Not Found: Assets/js
ERROR - 2019-10-02 15:36:00 --> 404 Page Not Found: Assets/js
ERROR - 2019-10-02 15:36:00 --> 404 Page Not Found: Assets/js
ERROR - 2019-10-02 15:36:02 --> 404 Page Not Found: Assets/js
ERROR - 2019-10-02 15:36:02 --> 404 Page Not Found: Assets/js
ERROR - 2019-10-02 15:46:11 --> 404 Page Not Found: Assets/js
ERROR - 2019-10-02 15:46:11 --> 404 Page Not Found: Assets/js
ERROR - 2019-10-02 15:46:40 --> 404 Page Not Found: Assets/js
ERROR - 2019-10-02 15:46:40 --> 404 Page Not Found: Assets/js
ERROR - 2019-10-02 15:49:03 --> 404 Page Not Found: Assets/js
ERROR - 2019-10-02 15:49:03 --> 404 Page Not Found: Assets/js
ERROR - 2019-10-02 15:49:54 --> 404 Page Not Found: Assets/js
ERROR - 2019-10-02 15:49:54 --> 404 Page Not Found: Assets/js
ERROR - 2019-10-02 15:50:08 --> 404 Page Not Found: Assets/js
ERROR - 2019-10-02 15:50:08 --> 404 Page Not Found: Assets/js
ERROR - 2019-10-02 15:57:00 --> Severity: error --> Exception: syntax error, unexpected '$mail' (T_VARIABLE) C:\wamp64\www\webpedidos\application\controllers\usuario\Usuario.php 221
ERROR - 2019-10-02 15:57:07 --> 404 Page Not Found: Assets/js
ERROR - 2019-10-02 15:57:07 --> 404 Page Not Found: Assets/js
ERROR - 2019-10-02 15:59:48 --> 404 Page Not Found: Assets/js
ERROR - 2019-10-02 15:59:48 --> 404 Page Not Found: Assets/js
ERROR - 2019-10-02 16:06:06 --> 404 Page Not Found: Assets/js
ERROR - 2019-10-02 16:06:06 --> 404 Page Not Found: Assets/js
ERROR - 2019-10-02 16:06:59 --> 404 Page Not Found: Assets/js
ERROR - 2019-10-02 16:06:59 --> 404 Page Not Found: Assets/js
ERROR - 2019-10-02 16:07:00 --> 404 Page Not Found: Assets/js
ERROR - 2019-10-02 16:07:00 --> 404 Page Not Found: Assets/js
ERROR - 2019-10-02 16:07:10 --> 404 Page Not Found: Assets/js
ERROR - 2019-10-02 16:07:10 --> 404 Page Not Found: Assets/js
ERROR - 2019-10-02 16:09:07 --> Severity: error --> Exception: syntax error, unexpected '$mail' (T_VARIABLE) C:\wamp64\www\webpedidos\application\controllers\usuario\Usuario.php 221
ERROR - 2019-10-02 16:09:09 --> Severity: error --> Exception: syntax error, unexpected '$mail' (T_VARIABLE) C:\wamp64\www\webpedidos\application\controllers\usuario\Usuario.php 221
ERROR - 2019-10-02 16:09:17 --> 404 Page Not Found: Assets/js
ERROR - 2019-10-02 16:09:17 --> 404 Page Not Found: Assets/js
ERROR - 2019-10-02 16:09:26 --> 404 Page Not Found: Assets/js
ERROR - 2019-10-02 16:09:26 --> 404 Page Not Found: Assets/js
ERROR - 2019-10-02 16:13:33 --> 404 Page Not Found: Assets/js
ERROR - 2019-10-02 16:13:33 --> 404 Page Not Found: Assets/js
ERROR - 2019-10-02 16:13:33 --> 404 Page Not Found: Assets/js
ERROR - 2019-10-02 16:13:33 --> 404 Page Not Found: Assets/js
ERROR - 2019-10-02 16:14:01 --> 404 Page Not Found: Assets/js
ERROR - 2019-10-02 16:14:01 --> 404 Page Not Found: Assets/js
ERROR - 2019-10-02 16:15:12 --> 404 Page Not Found: Assets/js
ERROR - 2019-10-02 16:15:12 --> 404 Page Not Found: Assets/js
ERROR - 2019-10-02 16:24:50 --> 404 Page Not Found: Assets/js
ERROR - 2019-10-02 16:24:50 --> 404 Page Not Found: Assets/js
ERROR - 2019-10-02 16:25:16 --> 404 Page Not Found: Assets/js
ERROR - 2019-10-02 16:25:16 --> 404 Page Not Found: Assets/js
ERROR - 2019-10-02 16:26:06 --> 404 Page Not Found: Assets/js
ERROR - 2019-10-02 16:26:06 --> 404 Page Not Found: Assets/js
ERROR - 2019-10-02 16:26:16 --> 404 Page Not Found: Assets/js
ERROR - 2019-10-02 16:26:16 --> 404 Page Not Found: Assets/js
ERROR - 2019-10-02 16:26:25 --> 404 Page Not Found: Assets/js
ERROR - 2019-10-02 16:26:25 --> 404 Page Not Found: Assets/js
ERROR - 2019-10-02 16:27:10 --> 404 Page Not Found: Assets/js
ERROR - 2019-10-02 16:27:10 --> 404 Page Not Found: Assets/js
ERROR - 2019-10-02 16:27:28 --> 404 Page Not Found: Assets/js
ERROR - 2019-10-02 16:27:28 --> 404 Page Not Found: Assets/js
ERROR - 2019-10-02 16:27:41 --> 404 Page Not Found: Assets/js
ERROR - 2019-10-02 16:27:41 --> 404 Page Not Found: Assets/js
ERROR - 2019-10-02 16:29:23 --> 404 Page Not Found: Assets/js
ERROR - 2019-10-02 16:29:23 --> 404 Page Not Found: Assets/js
ERROR - 2019-10-02 16:29:27 --> 404 Page Not Found: Assets/js
ERROR - 2019-10-02 16:29:27 --> 404 Page Not Found: Assets/js
ERROR - 2019-10-02 16:33:59 --> 404 Page Not Found: Assets/js
ERROR - 2019-10-02 16:33:59 --> 404 Page Not Found: Assets/js
ERROR - 2019-10-02 16:34:26 --> 404 Page Not Found: Assets/js
ERROR - 2019-10-02 16:34:26 --> 404 Page Not Found: Assets/js
ERROR - 2019-10-02 16:34:47 --> 404 Page Not Found: Assets/js
ERROR - 2019-10-02 16:34:47 --> 404 Page Not Found: Assets/js
ERROR - 2019-10-02 16:36:56 --> 404 Page Not Found: Assets/js
ERROR - 2019-10-02 16:36:56 --> 404 Page Not Found: Assets/js
ERROR - 2019-10-02 16:37:11 --> 404 Page Not Found: Assets/js
ERROR - 2019-10-02 16:37:11 --> 404 Page Not Found: Assets/js
ERROR - 2019-10-02 16:37:27 --> 404 Page Not Found: Assets/js
ERROR - 2019-10-02 16:37:27 --> 404 Page Not Found: Assets/js
ERROR - 2019-10-02 16:38:04 --> 404 Page Not Found: Assets/images
ERROR - 2019-10-02 16:38:04 --> 404 Page Not Found: Assets/images
ERROR - 2019-10-02 16:38:04 --> 404 Page Not Found: Assets/images
ERROR - 2019-10-02 16:38:04 --> 404 Page Not Found: Assets/images
ERROR - 2019-10-02 16:38:04 --> 404 Page Not Found: Assets/images
ERROR - 2019-10-02 16:38:04 --> 404 Page Not Found: Assets/images
ERROR - 2019-10-02 16:38:04 --> 404 Page Not Found: Assets/images
ERROR - 2019-10-02 16:38:04 --> 404 Page Not Found: Assets/images
ERROR - 2019-10-02 16:38:28 --> 404 Page Not Found: Assets/js
ERROR - 2019-10-02 16:38:28 --> 404 Page Not Found: Assets/js
ERROR - 2019-10-02 16:40:45 --> 404 Page Not Found: Assets/images
ERROR - 2019-10-02 16:40:45 --> 404 Page Not Found: Assets/images
ERROR - 2019-10-02 16:40:45 --> 404 Page Not Found: Assets/images
ERROR - 2019-10-02 16:40:45 --> 404 Page Not Found: Assets/images
ERROR - 2019-10-02 16:41:01 --> 404 Page Not Found: Assets/images
ERROR - 2019-10-02 16:41:01 --> 404 Page Not Found: Assets/images
ERROR - 2019-10-02 16:41:01 --> 404 Page Not Found: Assets/images
ERROR - 2019-10-02 16:41:03 --> 404 Page Not Found: Assets/images
ERROR - 2019-10-02 16:41:03 --> 404 Page Not Found: Assets/images
ERROR - 2019-10-02 16:41:03 --> 404 Page Not Found: Assets/images
ERROR - 2019-10-02 16:41:03 --> 404 Page Not Found: Assets/images
ERROR - 2019-10-02 16:41:07 --> 404 Page Not Found: Assets/images
ERROR - 2019-10-02 16:41:07 --> 404 Page Not Found: Assets/images
ERROR - 2019-10-02 16:41:08 --> 404 Page Not Found: Assets/images
ERROR - 2019-10-02 16:41:09 --> 404 Page Not Found: Assets/images
ERROR - 2019-10-02 16:41:09 --> 404 Page Not Found: Assets/images
ERROR - 2019-10-02 16:41:09 --> 404 Page Not Found: Assets/images
ERROR - 2019-10-02 16:41:18 --> 404 Page Not Found: Assets/images
ERROR - 2019-10-02 16:41:24 --> 404 Page Not Found: Assets/images
ERROR - 2019-10-02 16:41:24 --> 404 Page Not Found: Assets/images
ERROR - 2019-10-02 16:41:25 --> 404 Page Not Found: Assets/images
ERROR - 2019-10-02 16:41:27 --> 404 Page Not Found: Assets/images
ERROR - 2019-10-02 16:41:27 --> 404 Page Not Found: Assets/images
ERROR - 2019-10-02 16:41:27 --> 404 Page Not Found: Assets/images
ERROR - 2019-10-02 16:41:27 --> 404 Page Not Found: Assets/images
ERROR - 2019-10-02 16:41:27 --> 404 Page Not Found: Assets/images
ERROR - 2019-10-02 16:41:27 --> 404 Page Not Found: Assets/images
ERROR - 2019-10-02 16:41:27 --> 404 Page Not Found: Assets/images
ERROR - 2019-10-02 16:41:27 --> 404 Page Not Found: Assets/images
ERROR - 2019-10-02 16:41:27 --> 404 Page Not Found: Assets/images
ERROR - 2019-10-02 16:41:27 --> 404 Page Not Found: Assets/images
ERROR - 2019-10-02 16:41:28 --> 404 Page Not Found: Assets/images
ERROR - 2019-10-02 16:41:29 --> 404 Page Not Found: Assets/images
ERROR - 2019-10-02 16:41:31 --> 404 Page Not Found: Assets/images
ERROR - 2019-10-02 16:41:34 --> 404 Page Not Found: Assets/images
ERROR - 2019-10-02 16:41:34 --> 404 Page Not Found: Assets/images
ERROR - 2019-10-02 16:41:43 --> 404 Page Not Found: Assets/images
ERROR - 2019-10-02 16:41:56 --> 404 Page Not Found: Assets/images
ERROR - 2019-10-02 16:42:11 --> 404 Page Not Found: Assets/images
ERROR - 2019-10-02 16:42:11 --> 404 Page Not Found: Assets/images
ERROR - 2019-10-02 16:42:12 --> 404 Page Not Found: Assets/images
ERROR - 2019-10-02 16:43:42 --> 404 Page Not Found: Assets/images
ERROR - 2019-10-02 16:43:43 --> 404 Page Not Found: Assets/images
ERROR - 2019-10-02 16:44:26 --> 404 Page Not Found: Assets/images
ERROR - 2019-10-02 16:44:26 --> 404 Page Not Found: Assets/images
ERROR - 2019-10-02 16:44:26 --> 404 Page Not Found: Assets/images
ERROR - 2019-10-02 16:44:26 --> 404 Page Not Found: Assets/images
ERROR - 2019-10-02 16:45:45 --> 404 Page Not Found: Assets/images
ERROR - 2019-10-02 16:45:45 --> 404 Page Not Found: Assets/images
ERROR - 2019-10-02 16:45:45 --> 404 Page Not Found: Assets/images
ERROR - 2019-10-02 16:45:45 --> 404 Page Not Found: Assets/images
ERROR - 2019-10-02 16:45:46 --> 404 Page Not Found: Assets/images
ERROR - 2019-10-02 16:46:02 --> 404 Page Not Found: Assets/images
ERROR - 2019-10-02 16:46:02 --> 404 Page Not Found: Assets/images
ERROR - 2019-10-02 16:46:02 --> 404 Page Not Found: Assets/images
ERROR - 2019-10-02 16:46:02 --> 404 Page Not Found: Assets/images
ERROR - 2019-10-02 16:46:02 --> 404 Page Not Found: Assets/images
ERROR - 2019-10-02 16:46:02 --> 404 Page Not Found: Assets/images
ERROR - 2019-10-02 16:46:02 --> 404 Page Not Found: Assets/images
