ERROR - 2018-08-31 10:36:43 --> 404 Page Not Found: Assets/js
ERROR - 2018-08-31 10:36:43 --> 404 Page Not Found: Assets/js
ERROR - 2018-08-31 10:39:20 --> 404 Page Not Found: Assets/images
ERROR - 2018-08-31 10:39:20 --> 404 Page Not Found: Assets/images
ERROR - 2018-08-31 10:39:20 --> 404 Page Not Found: Assets/images
ERROR - 2018-08-31 10:39:20 --> 404 Page Not Found: Assets/images
ERROR - 2018-08-31 10:39:28 --> Severity: Notice --> Undefined index: key_clientes C:\laragon\www\webpedidos\application\controllers\pedido\Requisicao.php 118
ERROR - 2018-08-31 10:39:28 --> Severity: Notice --> Undefined index: key_clientes C:\laragon\www\webpedidos\application\controllers\pedido\Requisicao.php 122
ERROR - 2018-08-31 11:01:23 --> 404 Page Not Found: Assets/js
ERROR - 2018-08-31 11:01:23 --> 404 Page Not Found: Assets/js
ERROR - 2018-08-31 11:01:40 --> 404 Page Not Found: Assets/images
ERROR - 2018-08-31 11:01:40 --> 404 Page Not Found: Assets/images
ERROR - 2018-08-31 11:01:40 --> 404 Page Not Found: Assets/images
ERROR - 2018-08-31 11:01:41 --> 404 Page Not Found: Assets/images
ERROR - 2018-08-31 11:01:49 --> Severity: Notice --> Undefined index: key_clientes C:\laragon\www\webpedidos\application\controllers\pedido\Requisicao.php 119
ERROR - 2018-08-31 11:01:49 --> Severity: Notice --> Undefined index: key_clientes C:\laragon\www\webpedidos\application\controllers\pedido\Requisicao.php 123
ERROR - 2018-08-31 11:02:36 --> Severity: Notice --> Undefined index: key_clientes C:\laragon\www\webpedidos\application\controllers\pedido\Requisicao.php 121
ERROR - 2018-08-31 11:02:36 --> Severity: Notice --> Undefined index: key_clientes C:\laragon\www\webpedidos\application\controllers\pedido\Requisicao.php 125
ERROR - 2018-08-31 11:05:20 --> 404 Page Not Found: Assets/js
ERROR - 2018-08-31 11:05:20 --> 404 Page Not Found: Assets/js
ERROR - 2018-08-31 11:05:36 --> 404 Page Not Found: Assets/images
ERROR - 2018-08-31 11:05:36 --> 404 Page Not Found: Assets/images
ERROR - 2018-08-31 11:05:36 --> 404 Page Not Found: Assets/images
ERROR - 2018-08-31 11:05:36 --> 404 Page Not Found: Assets/images
ERROR - 2018-08-31 11:05:41 --> Severity: Notice --> Undefined index: key_clientes C:\laragon\www\webpedidos\application\controllers\pedido\Requisicao.php 122
ERROR - 2018-08-31 11:05:41 --> Severity: Notice --> Undefined index: key_clientes C:\laragon\www\webpedidos\application\controllers\pedido\Requisicao.php 126
ERROR - 2018-08-31 11:12:25 --> 404 Page Not Found: Assets/js
ERROR - 2018-08-31 11:12:25 --> 404 Page Not Found: Assets/js
ERROR - 2018-08-31 11:22:32 --> 404 Page Not Found: Assets/images
ERROR - 2018-08-31 11:22:32 --> 404 Page Not Found: Assets/images
ERROR - 2018-08-31 11:22:32 --> 404 Page Not Found: Assets/images
ERROR - 2018-08-31 11:22:32 --> 404 Page Not Found: Assets/images
ERROR - 2018-08-31 11:22:41 --> Severity: Notice --> Undefined offset: 0 C:\laragon\www\webpedidos\application\controllers\pedido\Requisicao.php 120
ERROR - 2018-08-31 11:22:41 --> Severity: Notice --> Trying to get property of non-object C:\laragon\www\webpedidos\application\controllers\pedido\Requisicao.php 120
ERROR - 2018-08-31 11:22:41 --> Query error: ERRO:  inserção ou atualização em tabela "pedidos" viola restrição de chave estrangeira "solicitante_fk"
DETAIL:  Chave (key_clientes_solicitante, key_funcionarios_solicitante)=(, 0) não está presente na tabela "funcionarios". - Invalid query: INSERT INTO "pedidos" ("aprovar", "data_emissao", "data_fechado", "dh_aprovacao", "entrega_local", "entrega_turno", "id_centro_custo", "id_depto", "key_clientes", "key_clientes_aprovador", "key_clientes_solicitante", "key_funcionarios", "key_funcionarios_aprovador", "key_funcionarios_solicitante", "numero", "obs") VALUES ('1','2018-08-31',NULL,'2018-08-31 11:22:41','',1,'75008280','44.013.159/0031-31','44.013.159/0031-31',NULL,'','33021887','0','0',49509,'')
ERROR - 2018-08-31 11:22:53 --> Severity: Notice --> Undefined offset: 0 C:\laragon\www\webpedidos\application\controllers\pedido\Requisicao.php 120
ERROR - 2018-08-31 11:22:53 --> Severity: Notice --> Trying to get property of non-object C:\laragon\www\webpedidos\application\controllers\pedido\Requisicao.php 120
ERROR - 2018-08-31 11:22:53 --> Query error: ERRO:  inserção ou atualização em tabela "pedidos" viola restrição de chave estrangeira "solicitante_fk"
DETAIL:  Chave (key_clientes_solicitante, key_funcionarios_solicitante)=(, 0) não está presente na tabela "funcionarios". - Invalid query: INSERT INTO "pedidos" ("aprovar", "data_emissao", "data_fechado", "dh_aprovacao", "entrega_local", "entrega_turno", "id_centro_custo", "id_depto", "key_clientes", "key_clientes_aprovador", "key_clientes_solicitante", "key_funcionarios", "key_funcionarios_aprovador", "key_funcionarios_solicitante", "numero", "obs") VALUES ('1','2018-08-31',NULL,'2018-08-31 11:22:53','',1,'75008280','44.013.159/0031-31','44.013.159/0031-31',NULL,'','33021887','0','0',49510,'')
ERROR - 2018-08-31 11:24:27 --> 404 Page Not Found: Assets/js
ERROR - 2018-08-31 11:24:27 --> 404 Page Not Found: Assets/js
ERROR - 2018-08-31 11:25:58 --> 404 Page Not Found: Assets/images
ERROR - 2018-08-31 11:25:58 --> 404 Page Not Found: Assets/images
ERROR - 2018-08-31 11:25:58 --> 404 Page Not Found: Assets/images
ERROR - 2018-08-31 11:25:58 --> 404 Page Not Found: Assets/images
ERROR - 2018-08-31 11:26:05 --> Severity: Notice --> Undefined offset: 0 C:\laragon\www\webpedidos\application\controllers\pedido\Requisicao.php 120
ERROR - 2018-08-31 11:26:05 --> Severity: Notice --> Trying to get property of non-object C:\laragon\www\webpedidos\application\controllers\pedido\Requisicao.php 120
ERROR - 2018-08-31 11:26:05 --> Query error: ERRO:  inserção ou atualização em tabela "pedidos" viola restrição de chave estrangeira "solicitante_fk"
DETAIL:  Chave (key_clientes_solicitante, key_funcionarios_solicitante)=(, 0) não está presente na tabela "funcionarios". - Invalid query: INSERT INTO "pedidos" ("aprovar", "data_emissao", "data_fechado", "dh_aprovacao", "entrega_local", "entrega_turno", "id_centro_custo", "id_depto", "key_clientes", "key_clientes_aprovador", "key_clientes_solicitante", "key_funcionarios", "key_funcionarios_aprovador", "key_funcionarios_solicitante", "numero", "obs") VALUES ('1','2018-08-31',NULL,'2018-08-31 11:26:05','',1,'75008280','44.013.159/0031-31','44.013.159/0031-31',NULL,'','33021887','0','0',49511,'')
ERROR - 2018-08-31 11:28:22 --> 404 Page Not Found: Assets/js
ERROR - 2018-08-31 11:28:22 --> 404 Page Not Found: Assets/js
ERROR - 2018-08-31 11:28:31 --> 404 Page Not Found: Assets/images
ERROR - 2018-08-31 11:28:31 --> 404 Page Not Found: Assets/images
ERROR - 2018-08-31 11:28:31 --> 404 Page Not Found: Assets/images
ERROR - 2018-08-31 11:28:31 --> 404 Page Not Found: Assets/images
ERROR - 2018-08-31 11:28:37 --> Severity: Notice --> Undefined offset: 0 C:\laragon\www\webpedidos\application\controllers\pedido\Requisicao.php 121
ERROR - 2018-08-31 11:28:37 --> Severity: Notice --> Trying to get property of non-object C:\laragon\www\webpedidos\application\controllers\pedido\Requisicao.php 121
ERROR - 2018-08-31 11:28:37 --> Query error: ERRO:  inserção ou atualização em tabela "pedidos" viola restrição de chave estrangeira "solicitante_fk"
DETAIL:  Chave (key_clientes_solicitante, key_funcionarios_solicitante)=(, 0) não está presente na tabela "funcionarios". - Invalid query: INSERT INTO "pedidos" ("aprovar", "data_emissao", "data_fechado", "dh_aprovacao", "entrega_local", "entrega_turno", "id_centro_custo", "id_depto", "key_clientes", "key_clientes_aprovador", "key_clientes_solicitante", "key_funcionarios", "key_funcionarios_aprovador", "key_funcionarios_solicitante", "numero", "obs") VALUES ('1','2018-08-31',NULL,'2018-08-31 11:28:37','',1,'75008280','44.013.159/0031-31','44.013.159/0031-31',NULL,'','33021887','0','0',49512,'')
ERROR - 2018-08-31 11:36:52 --> 404 Page Not Found: Assets/js
ERROR - 2018-08-31 11:36:52 --> 404 Page Not Found: Assets/js
ERROR - 2018-08-31 11:39:38 --> 404 Page Not Found: Assets/images
ERROR - 2018-08-31 11:39:38 --> 404 Page Not Found: Assets/images
ERROR - 2018-08-31 11:39:50 --> Severity: Notice --> Undefined offset: 0 C:\laragon\www\webpedidos\application\controllers\pedido\Requisicao.php 121
ERROR - 2018-08-31 11:39:50 --> Severity: Notice --> Trying to get property of non-object C:\laragon\www\webpedidos\application\controllers\pedido\Requisicao.php 121
ERROR - 2018-08-31 11:39:50 --> Query error: ERRO:  inserção ou atualização em tabela "pedidos" viola restrição de chave estrangeira "solicitante_fk"
DETAIL:  Chave (key_clientes_solicitante, key_funcionarios_solicitante)=(, 0) não está presente na tabela "funcionarios". - Invalid query: INSERT INTO "pedidos" ("aprovar", "data_emissao", "data_fechado", "dh_aprovacao", "entrega_local", "entrega_turno", "id_centro_custo", "id_depto", "key_clientes", "key_clientes_aprovador", "key_clientes_solicitante", "key_funcionarios", "key_funcionarios_aprovador", "key_funcionarios_solicitante", "numero", "obs") VALUES ('1','2018-08-31',NULL,'2018-08-31 11:39:50','',1,'75050502','44.013.159/0080-10','44.013.159/0080-10',NULL,'','33050733','0','0',49513,'')
ERROR - 2018-08-31 15:26:11 --> 404 Page Not Found: Assets/js
ERROR - 2018-08-31 15:26:12 --> 404 Page Not Found: Assets/js
ERROR - 2018-08-31 15:26:31 --> 404 Page Not Found: Assets/images
ERROR - 2018-08-31 15:26:31 --> 404 Page Not Found: Assets/images
ERROR - 2018-08-31 15:26:31 --> 404 Page Not Found: Assets/images
ERROR - 2018-08-31 15:26:33 --> 404 Page Not Found: Assets/images
ERROR - 2018-08-31 15:26:39 --> Severity: Notice --> Undefined offset: 0 C:\laragon\www\webpedidos\application\controllers\pedido\Requisicao.php 123
ERROR - 2018-08-31 15:26:39 --> Severity: Notice --> Trying to get property of non-object C:\laragon\www\webpedidos\application\controllers\pedido\Requisicao.php 123
ERROR - 2018-08-31 15:26:39 --> Severity: Notice --> Array to string conversion C:\laragon\www\webpedidos\application\controllers\pedido\Requisicao.php 140
ERROR - 2018-08-31 15:26:40 --> Query error: ERRO:  inserção ou atualização em tabela "pedidos" viola restrição de chave estrangeira "solicitante_fk"
DETAIL:  Chave (key_clientes_solicitante, key_funcionarios_solicitante)=(, 0) não está presente na tabela "funcionarios". - Invalid query: INSERT INTO "pedidos" ("aprovar", "data_emissao", "data_fechado", "dh_aprovacao", "entrega_local", "entrega_turno", "id_centro_custo", "id_depto", "key_clientes", "key_clientes_aprovador", "key_clientes_solicitante", "key_funcionarios", "key_funcionarios_aprovador", "key_funcionarios_solicitante", "numero", "obs") VALUES ('1','2018-08-31',NULL,'2018-08-31 15:26:39','',1,'75008280','44.013.159/0031-31','44.013.159/0031-31',NULL,'','33021887','0','0',49514,'')
ERROR - 2018-08-31 15:27:49 --> 404 Page Not Found: Assets/js
ERROR - 2018-08-31 15:27:49 --> 404 Page Not Found: Assets/js
ERROR - 2018-08-31 15:28:35 --> 404 Page Not Found: Assets/images
ERROR - 2018-08-31 15:28:35 --> 404 Page Not Found: Assets/images
ERROR - 2018-08-31 15:28:35 --> 404 Page Not Found: Assets/images
ERROR - 2018-08-31 15:28:35 --> 404 Page Not Found: Assets/images
ERROR - 2018-08-31 15:28:42 --> Severity: Notice --> Undefined offset: 0 C:\laragon\www\webpedidos\application\controllers\pedido\Requisicao.php 123
ERROR - 2018-08-31 15:28:42 --> Severity: Notice --> Trying to get property of non-object C:\laragon\www\webpedidos\application\controllers\pedido\Requisicao.php 123
ERROR - 2018-08-31 15:28:42 --> Severity: Notice --> Array to string conversion C:\laragon\www\webpedidos\application\controllers\pedido\Requisicao.php 140
ERROR - 2018-08-31 15:28:42 --> Query error: ERRO:  inserção ou atualização em tabela "pedidos" viola restrição de chave estrangeira "solicitante_fk"
DETAIL:  Chave (key_clientes_solicitante, key_funcionarios_solicitante)=(, 0) não está presente na tabela "funcionarios". - Invalid query: INSERT INTO "pedidos" ("aprovar", "data_emissao", "data_fechado", "dh_aprovacao", "entrega_local", "entrega_turno", "id_centro_custo", "id_depto", "key_clientes", "key_clientes_aprovador", "key_clientes_solicitante", "key_funcionarios", "key_funcionarios_aprovador", "key_funcionarios_solicitante", "numero", "obs") VALUES ('1','2018-08-31',NULL,'2018-08-31 15:28:42','',1,'75008280','44.013.159/0031-31','44.013.159/0031-31',NULL,'','33021887','0','0',49515,'')
ERROR - 2018-08-31 15:34:45 --> Severity: error --> Exception: syntax error, unexpected '"\n"' (T_CONSTANT_ENCAPSED_STRING) C:\laragon\www\webpedidos\application\controllers\pedido\Requisicao.php 140
ERROR - 2018-08-31 15:35:04 --> 404 Page Not Found: Assets/js
ERROR - 2018-08-31 15:35:04 --> 404 Page Not Found: Assets/js
ERROR - 2018-08-31 15:35:34 --> 404 Page Not Found: Assets/images
ERROR - 2018-08-31 15:35:34 --> 404 Page Not Found: Assets/images
ERROR - 2018-08-31 15:35:34 --> 404 Page Not Found: Assets/images
ERROR - 2018-08-31 15:35:35 --> 404 Page Not Found: Assets/images
ERROR - 2018-08-31 15:35:42 --> Severity: Notice --> Undefined offset: 0 C:\laragon\www\webpedidos\application\controllers\pedido\Requisicao.php 123
ERROR - 2018-08-31 15:35:43 --> Severity: Notice --> Trying to get property of non-object C:\laragon\www\webpedidos\application\controllers\pedido\Requisicao.php 123
ERROR - 2018-08-31 15:35:43 --> Severity: Warning --> A non-numeric value encountered C:\laragon\www\webpedidos\application\controllers\pedido\Requisicao.php 140
ERROR - 2018-08-31 15:35:43 --> Severity: error --> Exception: Unsupported operand types C:\laragon\www\webpedidos\application\controllers\pedido\Requisicao.php 140
ERROR - 2018-08-31 15:37:12 --> 404 Page Not Found: Assets/js
ERROR - 2018-08-31 15:37:12 --> 404 Page Not Found: Assets/js
ERROR - 2018-08-31 15:37:21 --> 404 Page Not Found: Assets/images
ERROR - 2018-08-31 15:37:21 --> 404 Page Not Found: Assets/images
ERROR - 2018-08-31 15:37:21 --> 404 Page Not Found: Assets/images
ERROR - 2018-08-31 15:37:21 --> 404 Page Not Found: Assets/images
ERROR - 2018-08-31 15:37:29 --> Severity: Notice --> Undefined offset: 0 C:\laragon\www\webpedidos\application\controllers\pedido\Requisicao.php 123
ERROR - 2018-08-31 15:37:29 --> Severity: Notice --> Trying to get property of non-object C:\laragon\www\webpedidos\application\controllers\pedido\Requisicao.php 123
ERROR - 2018-08-31 15:37:29 --> Severity: Notice --> Array to string conversion C:\laragon\www\webpedidos\application\controllers\pedido\Requisicao.php 140
ERROR - 2018-08-31 15:37:29 --> Severity: Notice --> Array to string conversion C:\laragon\www\webpedidos\application\controllers\pedido\Requisicao.php 141
ERROR - 2018-08-31 15:37:29 --> Severity: Notice --> Array to string conversion C:\laragon\www\webpedidos\application\controllers\pedido\Requisicao.php 142
ERROR - 2018-08-31 15:37:29 --> Query error: ERRO:  inserção ou atualização em tabela "pedidos" viola restrição de chave estrangeira "solicitante_fk"
DETAIL:  Chave (key_clientes_solicitante, key_funcionarios_solicitante)=(, 0) não está presente na tabela "funcionarios". - Invalid query: INSERT INTO "pedidos" ("aprovar", "data_emissao", "data_fechado", "dh_aprovacao", "entrega_local", "entrega_turno", "id_centro_custo", "id_depto", "key_clientes", "key_clientes_aprovador", "key_clientes_solicitante", "key_funcionarios", "key_funcionarios_aprovador", "key_funcionarios_solicitante", "numero", "obs") VALUES ('1','2018-08-31',NULL,'2018-08-31 15:37:29','',1,'75008280','44.013.159/0031-31','44.013.159/0031-31',NULL,'','33021887','0','0',49517,'')
ERROR - 2018-08-31 15:39:11 --> 404 Page Not Found: Assets/js
ERROR - 2018-08-31 15:39:11 --> 404 Page Not Found: Assets/js
ERROR - 2018-08-31 15:39:19 --> 404 Page Not Found: Assets/images
ERROR - 2018-08-31 15:39:19 --> 404 Page Not Found: Assets/images
ERROR - 2018-08-31 15:39:19 --> 404 Page Not Found: Assets/images
ERROR - 2018-08-31 15:39:19 --> 404 Page Not Found: Assets/images
ERROR - 2018-08-31 15:39:26 --> Severity: Notice --> Undefined offset: 0 C:\laragon\www\webpedidos\application\controllers\pedido\Requisicao.php 123
ERROR - 2018-08-31 15:39:26 --> Severity: Notice --> Trying to get property of non-object C:\laragon\www\webpedidos\application\controllers\pedido\Requisicao.php 123
ERROR - 2018-08-31 15:39:26 --> Severity: Notice --> Array to string conversion C:\laragon\www\webpedidos\application\controllers\pedido\Requisicao.php 140
ERROR - 2018-08-31 15:39:26 --> Severity: Notice --> Array to string conversion C:\laragon\www\webpedidos\application\controllers\pedido\Requisicao.php 141
ERROR - 2018-08-31 15:39:26 --> Severity: Notice --> Array to string conversion C:\laragon\www\webpedidos\application\controllers\pedido\Requisicao.php 142
ERROR - 2018-08-31 15:39:26 --> Query error: ERRO:  inserção ou atualização em tabela "pedidos" viola restrição de chave estrangeira "solicitante_fk"
DETAIL:  Chave (key_clientes_solicitante, key_funcionarios_solicitante)=(, 0) não está presente na tabela "funcionarios". - Invalid query: INSERT INTO "pedidos" ("aprovar", "data_emissao", "data_fechado", "dh_aprovacao", "entrega_local", "entrega_turno", "id_centro_custo", "id_depto", "key_clientes", "key_clientes_aprovador", "key_clientes_solicitante", "key_funcionarios", "key_funcionarios_aprovador", "key_funcionarios_solicitante", "numero", "obs") VALUES ('1','2018-08-31',NULL,'2018-08-31 15:39:26','',1,'75008280','44.013.159/0031-31','44.013.159/0031-31',NULL,'','33021887','0','0',49518,'')
ERROR - 2018-08-31 15:42:32 --> 404 Page Not Found: Assets/js
ERROR - 2018-08-31 15:42:32 --> 404 Page Not Found: Assets/js
ERROR - 2018-08-31 15:43:20 --> 404 Page Not Found: Assets/images
ERROR - 2018-08-31 15:43:20 --> 404 Page Not Found: Assets/images
ERROR - 2018-08-31 15:43:20 --> 404 Page Not Found: Assets/images
ERROR - 2018-08-31 15:43:20 --> 404 Page Not Found: Assets/images
ERROR - 2018-08-31 15:43:35 --> Severity: Notice --> Undefined offset: 0 C:\laragon\www\webpedidos\application\controllers\pedido\Requisicao.php 123
ERROR - 2018-08-31 15:43:35 --> Severity: Notice --> Trying to get property of non-object C:\laragon\www\webpedidos\application\controllers\pedido\Requisicao.php 123
ERROR - 2018-08-31 15:43:35 --> Query error: ERRO:  inserção ou atualização em tabela "pedidos" viola restrição de chave estrangeira "solicitante_fk"
DETAIL:  Chave (key_clientes_solicitante, key_funcionarios_solicitante)=(, 0) não está presente na tabela "funcionarios". - Invalid query: INSERT INTO "pedidos" ("aprovar", "data_emissao", "data_fechado", "dh_aprovacao", "entrega_local", "entrega_turno", "id_centro_custo", "id_depto", "key_clientes", "key_clientes_aprovador", "key_clientes_solicitante", "key_funcionarios", "key_funcionarios_aprovador", "key_funcionarios_solicitante", "numero", "obs") VALUES ('1','2018-08-31',NULL,'2018-08-31 15:43:35','',1,'75008280','44.013.159/0031-31','44.013.159/0031-31',NULL,'','33021887','0','0',49519,'')
ERROR - 2018-08-31 16:11:02 --> Severity: error --> Exception: syntax error, unexpected 'var' (T_VAR) C:\laragon\www\webpedidos\application\controllers\pedido\Requisicao.php 115
ERROR - 2018-08-31 16:11:56 --> Severity: error --> Exception: syntax error, unexpected '$cliente_solicitante' (T_VARIABLE) C:\laragon\www\webpedidos\application\controllers\pedido\Requisicao.php 115
ERROR - 2018-08-31 16:11:57 --> Severity: error --> Exception: syntax error, unexpected '$cliente_solicitante' (T_VARIABLE) C:\laragon\www\webpedidos\application\controllers\pedido\Requisicao.php 115
ERROR - 2018-08-31 16:12:16 --> Severity: error --> Exception: syntax error, unexpected 'var' (T_VAR) C:\laragon\www\webpedidos\application\controllers\pedido\Requisicao.php 115
ERROR - 2018-08-31 16:12:59 --> Severity: error --> Exception: syntax error, unexpected ',' C:\laragon\www\webpedidos\application\controllers\pedido\Requisicao.php 115
ERROR - 2018-08-31 16:13:01 --> Severity: error --> Exception: syntax error, unexpected ',' C:\laragon\www\webpedidos\application\controllers\pedido\Requisicao.php 115
ERROR - 2018-08-31 16:13:02 --> Severity: error --> Exception: syntax error, unexpected ',' C:\laragon\www\webpedidos\application\controllers\pedido\Requisicao.php 115
ERROR - 2018-08-31 16:13:02 --> Severity: error --> Exception: syntax error, unexpected ',' C:\laragon\www\webpedidos\application\controllers\pedido\Requisicao.php 115
ERROR - 2018-08-31 16:13:02 --> Severity: error --> Exception: syntax error, unexpected ',' C:\laragon\www\webpedidos\application\controllers\pedido\Requisicao.php 115
ERROR - 2018-08-31 16:13:02 --> Severity: error --> Exception: syntax error, unexpected ',' C:\laragon\www\webpedidos\application\controllers\pedido\Requisicao.php 115
ERROR - 2018-08-31 16:13:03 --> Severity: error --> Exception: syntax error, unexpected ',' C:\laragon\www\webpedidos\application\controllers\pedido\Requisicao.php 115
ERROR - 2018-08-31 16:13:22 --> Severity: error --> Exception: syntax error, unexpected '{' C:\laragon\www\webpedidos\application\controllers\pedido\Requisicao.php 128
ERROR - 2018-08-31 16:13:23 --> Severity: error --> Exception: syntax error, unexpected '{' C:\laragon\www\webpedidos\application\controllers\pedido\Requisicao.php 128
ERROR - 2018-08-31 16:17:23 --> Severity: error --> Exception: syntax error, unexpected '{' C:\laragon\www\webpedidos\application\controllers\pedido\Requisicao.php 128
ERROR - 2018-08-31 16:18:10 --> Severity: error --> Exception: syntax error, unexpected '{', expecting '(' C:\laragon\www\webpedidos\application\controllers\pedido\Requisicao.php 119
ERROR - 2018-08-31 16:18:10 --> Severity: error --> Exception: syntax error, unexpected '{', expecting '(' C:\laragon\www\webpedidos\application\controllers\pedido\Requisicao.php 119
ERROR - 2018-08-31 16:18:54 --> Severity: error --> Exception: syntax error, unexpected '{' C:\laragon\www\webpedidos\application\controllers\pedido\Requisicao.php 128
ERROR - 2018-08-31 16:21:45 --> Severity: error --> Exception: syntax error, unexpected ':' C:\laragon\www\webpedidos\application\controllers\pedido\Requisicao.php 129
ERROR - 2018-08-31 16:21:47 --> Severity: error --> Exception: syntax error, unexpected ':' C:\laragon\www\webpedidos\application\controllers\pedido\Requisicao.php 129
ERROR - 2018-08-31 16:21:48 --> Severity: error --> Exception: syntax error, unexpected ':' C:\laragon\www\webpedidos\application\controllers\pedido\Requisicao.php 129
ERROR - 2018-08-31 16:22:03 --> Severity: error --> Exception: syntax error, unexpected ':' C:\laragon\www\webpedidos\application\controllers\pedido\Requisicao.php 135
ERROR - 2018-08-31 16:22:10 --> Severity: error --> Exception: syntax error, unexpected '[', expecting ')' C:\laragon\www\webpedidos\application\controllers\pedido\Requisicao.php 173
ERROR - 2018-08-31 16:22:24 --> Severity: Compile Error --> Cannot use isset() on the result of an expression (you can use "null !== expression" instead) C:\laragon\www\webpedidos\application\controllers\pedido\Requisicao.php 117
ERROR - 2018-08-31 16:23:52 --> 404 Page Not Found: Assets/js
ERROR - 2018-08-31 16:23:52 --> 404 Page Not Found: Assets/js
ERROR - 2018-08-31 16:37:51 --> 404 Page Not Found: Assets/images
ERROR - 2018-08-31 16:37:51 --> 404 Page Not Found: Assets/images
ERROR - 2018-08-31 16:37:51 --> 404 Page Not Found: Assets/images
ERROR - 2018-08-31 16:37:51 --> 404 Page Not Found: Assets/images
ERROR - 2018-08-31 16:38:01 --> Severity: Notice --> Undefined offset: 0 C:\laragon\www\webpedidos\application\controllers\pedido\Requisicao.php 117
ERROR - 2018-08-31 16:38:01 --> Severity: Notice --> Trying to get property of non-object C:\laragon\www\webpedidos\application\controllers\pedido\Requisicao.php 117
ERROR - 2018-08-31 16:38:01 --> Severity: Notice --> Undefined index: key_clientes C:\laragon\www\webpedidos\application\controllers\pedido\Requisicao.php 118
ERROR - 2018-08-31 16:38:39 --> 404 Page Not Found: Assets/js
ERROR - 2018-08-31 16:38:39 --> 404 Page Not Found: Assets/js
ERROR - 2018-08-31 16:39:40 --> Severity: Notice --> Undefined offset: 0 C:\laragon\www\webpedidos\application\controllers\pedido\Requisicao.php 117
ERROR - 2018-08-31 16:39:40 --> Severity: Notice --> Trying to get property of non-object C:\laragon\www\webpedidos\application\controllers\pedido\Requisicao.php 117
ERROR - 2018-08-31 16:39:40 --> Severity: Notice --> Undefined index: key_clientes C:\laragon\www\webpedidos\application\controllers\pedido\Requisicao.php 118
ERROR - 2018-08-31 16:39:52 --> Severity: Notice --> Undefined offset: 0 C:\laragon\www\webpedidos\application\controllers\pedido\Requisicao.php 117
ERROR - 2018-08-31 16:39:52 --> Severity: Notice --> Trying to get property of non-object C:\laragon\www\webpedidos\application\controllers\pedido\Requisicao.php 117
ERROR - 2018-08-31 16:39:52 --> Severity: Notice --> Undefined index: key_clientes C:\laragon\www\webpedidos\application\controllers\pedido\Requisicao.php 118
ERROR - 2018-08-31 16:40:10 --> Severity: Notice --> Undefined offset: 0 C:\laragon\www\webpedidos\application\controllers\pedido\Requisicao.php 117
ERROR - 2018-08-31 16:40:10 --> Severity: Notice --> Trying to get property of non-object C:\laragon\www\webpedidos\application\controllers\pedido\Requisicao.php 117
ERROR - 2018-08-31 16:40:10 --> Severity: Notice --> Undefined index: key_clientes C:\laragon\www\webpedidos\application\controllers\pedido\Requisicao.php 118
ERROR - 2018-08-31 16:42:21 --> 404 Page Not Found: Assets/js
ERROR - 2018-08-31 16:42:21 --> 404 Page Not Found: Assets/js
ERROR - 2018-08-31 16:42:37 --> 404 Page Not Found: Assets/images
ERROR - 2018-08-31 16:42:37 --> 404 Page Not Found: Assets/images
ERROR - 2018-08-31 16:42:37 --> 404 Page Not Found: Assets/images
ERROR - 2018-08-31 16:42:37 --> 404 Page Not Found: Assets/images
ERROR - 2018-08-31 16:42:46 --> Severity: Notice --> Undefined offset: 0 C:\laragon\www\webpedidos\application\controllers\pedido\Requisicao.php 117
ERROR - 2018-08-31 16:42:46 --> Severity: Notice --> Trying to get property of non-object C:\laragon\www\webpedidos\application\controllers\pedido\Requisicao.php 117
ERROR - 2018-08-31 16:42:46 --> Severity: Notice --> Undefined index: key_clientes C:\laragon\www\webpedidos\application\controllers\pedido\Requisicao.php 118
ERROR - 2018-08-31 16:43:59 --> 404 Page Not Found: Assets/js
ERROR - 2018-08-31 16:43:59 --> 404 Page Not Found: Assets/js
ERROR - 2018-08-31 16:44:15 --> 404 Page Not Found: Assets/images
ERROR - 2018-08-31 16:44:15 --> 404 Page Not Found: Assets/images
ERROR - 2018-08-31 16:44:15 --> 404 Page Not Found: Assets/images
ERROR - 2018-08-31 16:44:15 --> 404 Page Not Found: Assets/images
ERROR - 2018-08-31 16:44:24 --> Severity: Notice --> Undefined offset: 0 C:\laragon\www\webpedidos\application\controllers\pedido\Requisicao.php 117
ERROR - 2018-08-31 16:44:24 --> Severity: Notice --> Trying to get property of non-object C:\laragon\www\webpedidos\application\controllers\pedido\Requisicao.php 117
ERROR - 2018-08-31 16:44:24 --> Severity: Notice --> Undefined index: key_clientes C:\laragon\www\webpedidos\application\controllers\pedido\Requisicao.php 118
ERROR - 2018-08-31 16:48:30 --> Severity: Notice --> Undefined offset: 0 C:\laragon\www\webpedidos\application\controllers\pedido\Requisicao.php 117
ERROR - 2018-08-31 16:48:30 --> Severity: Notice --> Trying to get property of non-object C:\laragon\www\webpedidos\application\controllers\pedido\Requisicao.php 117
ERROR - 2018-08-31 16:48:30 --> Severity: Notice --> Undefined index: key_clientes C:\laragon\www\webpedidos\application\controllers\pedido\Requisicao.php 118
ERROR - 2018-08-31 16:49:06 --> 404 Page Not Found: Assets/js
ERROR - 2018-08-31 16:49:06 --> 404 Page Not Found: Assets/js
ERROR - 2018-08-31 16:49:30 --> 404 Page Not Found: Assets/images
ERROR - 2018-08-31 16:49:30 --> 404 Page Not Found: Assets/images
ERROR - 2018-08-31 16:49:30 --> 404 Page Not Found: Assets/images
ERROR - 2018-08-31 16:49:30 --> 404 Page Not Found: Assets/images
ERROR - 2018-08-31 16:49:47 --> Severity: Notice --> Undefined offset: 0 C:\laragon\www\webpedidos\application\controllers\pedido\Requisicao.php 117
ERROR - 2018-08-31 16:49:47 --> Severity: Notice --> Trying to get property of non-object C:\laragon\www\webpedidos\application\controllers\pedido\Requisicao.php 117
ERROR - 2018-08-31 16:49:47 --> Severity: Notice --> Undefined index: key_clientes C:\laragon\www\webpedidos\application\controllers\pedido\Requisicao.php 118
ERROR - 2018-08-31 16:56:02 --> 404 Page Not Found: Assets/images
ERROR - 2018-08-31 17:08:04 --> 404 Page Not Found: Assets/images
ERROR - 2018-08-31 17:08:18 --> Severity: Notice --> Undefined offset: 0 C:\laragon\www\webpedidos\application\controllers\pedido\Requisicao.php 117
ERROR - 2018-08-31 17:08:18 --> Severity: Notice --> Trying to get property of non-object C:\laragon\www\webpedidos\application\controllers\pedido\Requisicao.php 117
ERROR - 2018-08-31 17:08:18 --> Severity: Notice --> Undefined index: key_clientes C:\laragon\www\webpedidos\application\controllers\pedido\Requisicao.php 118
ERROR - 2018-08-31 17:11:47 --> 404 Page Not Found: Assets/images
ERROR - 2018-08-31 17:13:02 --> 404 Page Not Found: Assets/images
ERROR - 2018-08-31 17:13:02 --> 404 Page Not Found: Assets/images
ERROR - 2018-08-31 17:13:02 --> 404 Page Not Found: Assets/images
ERROR - 2018-08-31 17:13:03 --> 404 Page Not Found: Assets/images
ERROR - 2018-08-31 17:14:10 --> Severity: Notice --> Undefined offset: 0 C:\laragon\www\webpedidos\application\controllers\pedido\Requisicao.php 117
ERROR - 2018-08-31 17:14:10 --> Severity: Notice --> Trying to get property of non-object C:\laragon\www\webpedidos\application\controllers\pedido\Requisicao.php 117
ERROR - 2018-08-31 17:14:10 --> Severity: Notice --> Undefined index: key_clientes C:\laragon\www\webpedidos\application\controllers\pedido\Requisicao.php 118
ERROR - 2018-08-31 17:14:24 --> Severity: Notice --> Undefined offset: 0 C:\laragon\www\webpedidos\application\controllers\pedido\Requisicao.php 117
ERROR - 2018-08-31 17:14:24 --> Severity: Notice --> Trying to get property of non-object C:\laragon\www\webpedidos\application\controllers\pedido\Requisicao.php 117
ERROR - 2018-08-31 17:14:24 --> Severity: Notice --> Undefined index: key_clientes C:\laragon\www\webpedidos\application\controllers\pedido\Requisicao.php 118
