ERROR - 2019-11-06 11:49:41 --> 404 Page Not Found: Assets/js
ERROR - 2019-11-06 11:49:41 --> 404 Page Not Found: Assets/js
ERROR - 2019-11-06 11:50:26 --> 404 Page Not Found: Assets/js
ERROR - 2019-11-06 11:50:26 --> 404 Page Not Found: Assets/js
ERROR - 2019-11-06 11:51:43 --> 404 Page Not Found: Assets/js
ERROR - 2019-11-06 11:51:43 --> 404 Page Not Found: Assets/js
ERROR - 2019-11-06 12:02:56 --> 404 Page Not Found: Assets/js
ERROR - 2019-11-06 12:02:56 --> 404 Page Not Found: Assets/js
ERROR - 2019-11-06 12:06:43 --> 404 Page Not Found: Assets/js
ERROR - 2019-11-06 12:06:43 --> 404 Page Not Found: Assets/js
ERROR - 2019-11-06 12:07:37 --> 404 Page Not Found: Assets/js
ERROR - 2019-11-06 12:07:37 --> 404 Page Not Found: Assets/js
ERROR - 2019-11-06 12:08:00 --> Query error: ERRO:  coluna "key_produ5tos" não existe
LINE 1: SELECT "key_produ5tos" AS "codigo", "key_partnumber" AS "par...
               ^
HINT:  Perhaps you meant to reference the column "fc_web_produtos_permitidos_ghe.key_produtos". - Invalid query: SELECT "key_produ5tos" AS "codigo", "key_partnumber" AS "partnumber", "unidade", "descricao", "op_ca" AS "ca", "preco"
FROM fc_web_produtos_permitidos_ghe('44.013.159/0001-16', 'ANH00067')
WHERE "descricao" LIKE  '%'
 LIMIT 10
ERROR - 2019-11-06 18:28:34 --> 404 Page Not Found: Assets/js
ERROR - 2019-11-06 18:28:34 --> 404 Page Not Found: Assets/js
ERROR - 2019-11-06 18:29:25 --> 404 Page Not Found: Assets/js
ERROR - 2019-11-06 18:29:25 --> 404 Page Not Found: Assets/js
ERROR - 2019-11-06 18:29:26 --> 404 Page Not Found: Assets/js
ERROR - 2019-11-06 18:29:26 --> 404 Page Not Found: Assets/js
ERROR - 2019-11-06 18:29:34 --> 404 Page Not Found: Assets/images
ERROR - 2019-11-06 18:29:34 --> 404 Page Not Found: Assets/images
ERROR - 2019-11-06 18:29:34 --> 404 Page Not Found: Assets/images
ERROR - 2019-11-06 18:29:34 --> 404 Page Not Found: Assets/images
ERROR - 2019-11-06 18:29:44 --> 404 Page Not Found: Assets/js
ERROR - 2019-11-06 18:29:44 --> 404 Page Not Found: Assets/js
ERROR - 2019-11-06 18:29:55 --> 404 Page Not Found: Assets/js
ERROR - 2019-11-06 18:29:55 --> 404 Page Not Found: Assets/js
ERROR - 2019-11-06 18:30:05 --> 404 Page Not Found: Assets/images
ERROR - 2019-11-06 18:30:05 --> 404 Page Not Found: Assets/images
ERROR - 2019-11-06 18:30:05 --> 404 Page Not Found: Assets/images
ERROR - 2019-11-06 18:30:05 --> 404 Page Not Found: Assets/images
ERROR - 2019-11-06 18:30:22 --> 404 Page Not Found: Assets/images
ERROR - 2019-11-06 18:30:22 --> 404 Page Not Found: Assets/images
ERROR - 2019-11-06 18:30:22 --> 404 Page Not Found: Assets/images
ERROR - 2019-11-06 18:30:22 --> 404 Page Not Found: Assets/images
ERROR - 2019-11-06 18:30:28 --> 404 Page Not Found: Assets/js
ERROR - 2019-11-06 18:30:28 --> 404 Page Not Found: Assets/js
