ERROR - 2018-09-10 11:22:14 --> 404 Page Not Found: Assets/js
ERROR - 2018-09-10 11:22:14 --> 404 Page Not Found: Assets/js
ERROR - 2018-09-10 11:22:34 --> 404 Page Not Found: Assets/images
ERROR - 2018-09-10 11:22:35 --> 404 Page Not Found: Assets/images
ERROR - 2018-09-10 11:22:35 --> 404 Page Not Found: Assets/images
ERROR - 2018-09-10 11:22:35 --> 404 Page Not Found: Assets/images
ERROR - 2018-09-10 11:25:03 --> 404 Page Not Found: Assets/js
ERROR - 2018-09-10 11:25:03 --> 404 Page Not Found: Assets/js
ERROR - 2018-09-10 11:25:11 --> 404 Page Not Found: Assets/images
ERROR - 2018-09-10 11:25:11 --> 404 Page Not Found: Assets/images
ERROR - 2018-09-10 11:25:11 --> 404 Page Not Found: Assets/images
ERROR - 2018-09-10 11:25:11 --> 404 Page Not Found: Assets/images
ERROR - 2018-09-10 11:29:09 --> 404 Page Not Found: Assets/js
ERROR - 2018-09-10 11:29:09 --> 404 Page Not Found: Assets/js
ERROR - 2018-09-10 11:29:35 --> 404 Page Not Found: Assets/images
ERROR - 2018-09-10 11:29:35 --> 404 Page Not Found: Assets/images
ERROR - 2018-09-10 11:29:35 --> 404 Page Not Found: Assets/images
ERROR - 2018-09-10 11:29:35 --> 404 Page Not Found: Assets/images
ERROR - 2018-09-10 11:34:43 --> 404 Page Not Found: Assets/js
ERROR - 2018-09-10 11:34:43 --> 404 Page Not Found: Assets/js
ERROR - 2018-09-10 11:36:48 --> 404 Page Not Found: Assets/images
ERROR - 2018-09-10 11:36:48 --> 404 Page Not Found: Assets/images
ERROR - 2018-09-10 11:36:48 --> 404 Page Not Found: Assets/images
ERROR - 2018-09-10 11:36:48 --> 404 Page Not Found: Assets/images
ERROR - 2018-09-10 11:38:19 --> Severity: Notice --> Trying to get property of non-object C:\laragon\www\webpedidos\application\controllers\Autenticacao.php 55
ERROR - 2018-09-10 11:38:19 --> Severity: 4096 --> Object of class stdClass could not be converted to string C:\laragon\www\webpedidos\application\controllers\Autenticacao.php 56
ERROR - 2018-09-10 11:38:19 --> Severity: Notice --> Array to string conversion C:\laragon\www\webpedidos\application\controllers\Autenticacao.php 57
ERROR - 2018-09-10 11:39:44 --> Severity: Notice --> Trying to get property of non-object C:\laragon\www\webpedidos\application\controllers\Autenticacao.php 57
ERROR - 2018-09-10 11:39:44 --> Severity: 4096 --> Object of class stdClass could not be converted to string C:\laragon\www\webpedidos\application\controllers\Autenticacao.php 59
ERROR - 2018-09-10 11:39:44 --> Severity: Notice --> Array to string conversion C:\laragon\www\webpedidos\application\controllers\Autenticacao.php 61
ERROR - 2018-09-10 11:39:49 --> Severity: Notice --> Trying to get property of non-object C:\laragon\www\webpedidos\application\controllers\Autenticacao.php 57
ERROR - 2018-09-10 11:39:49 --> Severity: 4096 --> Object of class stdClass could not be converted to string C:\laragon\www\webpedidos\application\controllers\Autenticacao.php 59
ERROR - 2018-09-10 11:39:49 --> Severity: Notice --> Array to string conversion C:\laragon\www\webpedidos\application\controllers\Autenticacao.php 61
ERROR - 2018-09-10 11:40:17 --> Severity: Notice --> Trying to get property of non-object C:\laragon\www\webpedidos\application\controllers\Autenticacao.php 57
ERROR - 2018-09-10 11:40:17 --> Severity: 4096 --> Object of class stdClass could not be converted to string C:\laragon\www\webpedidos\application\controllers\Autenticacao.php 59
ERROR - 2018-09-10 11:40:17 --> Severity: Notice --> Array to string conversion C:\laragon\www\webpedidos\application\controllers\Autenticacao.php 61
ERROR - 2018-09-10 11:44:13 --> 404 Page Not Found: Assets/js
ERROR - 2018-09-10 11:44:13 --> 404 Page Not Found: Assets/js
ERROR - 2018-09-10 11:44:42 --> 404 Page Not Found: Assets/images
ERROR - 2018-09-10 11:44:42 --> 404 Page Not Found: Assets/images
ERROR - 2018-09-10 11:44:43 --> 404 Page Not Found: Assets/images
ERROR - 2018-09-10 11:44:43 --> 404 Page Not Found: Assets/images
ERROR - 2018-09-10 11:44:58 --> Severity: Notice --> Undefined offset: 0 C:\laragon\www\webpedidos\application\controllers\pedido\Requisicao.php 155
ERROR - 2018-09-10 11:44:58 --> Severity: Notice --> Trying to get property of non-object C:\laragon\www\webpedidos\application\controllers\pedido\Requisicao.php 155
ERROR - 2018-09-10 11:45:57 --> 404 Page Not Found: Assets/js
ERROR - 2018-09-10 11:45:57 --> 404 Page Not Found: Assets/js
ERROR - 2018-09-10 11:46:18 --> 404 Page Not Found: Assets/images
ERROR - 2018-09-10 11:46:18 --> 404 Page Not Found: Assets/images
ERROR - 2018-09-10 11:46:18 --> 404 Page Not Found: Assets/images
ERROR - 2018-09-10 11:46:18 --> 404 Page Not Found: Assets/images
ERROR - 2018-09-10 11:46:22 --> Severity: Notice --> Undefined offset: 0 C:\laragon\www\webpedidos\application\controllers\pedido\Requisicao.php 155
ERROR - 2018-09-10 11:46:22 --> Severity: Notice --> Trying to get property of non-object C:\laragon\www\webpedidos\application\controllers\pedido\Requisicao.php 155
ERROR - 2018-09-10 11:47:47 --> 404 Page Not Found: Assets/js
ERROR - 2018-09-10 11:47:47 --> 404 Page Not Found: Assets/js
ERROR - 2018-09-10 11:48:02 --> 404 Page Not Found: Assets/images
ERROR - 2018-09-10 11:48:02 --> 404 Page Not Found: Assets/images
ERROR - 2018-09-10 11:48:02 --> 404 Page Not Found: Assets/images
ERROR - 2018-09-10 11:48:02 --> 404 Page Not Found: Assets/images
ERROR - 2018-09-10 11:48:08 --> Severity: Notice --> Undefined offset: 0 C:\laragon\www\webpedidos\application\controllers\pedido\Requisicao.php 155
ERROR - 2018-09-10 11:48:08 --> Severity: Notice --> Trying to get property of non-object C:\laragon\www\webpedidos\application\controllers\pedido\Requisicao.php 155
ERROR - 2018-09-10 11:53:39 --> 404 Page Not Found: Assets/js
ERROR - 2018-09-10 11:53:39 --> 404 Page Not Found: Assets/js
ERROR - 2018-09-10 11:53:48 --> 404 Page Not Found: Assets/images
ERROR - 2018-09-10 11:53:48 --> 404 Page Not Found: Assets/images
ERROR - 2018-09-10 11:53:48 --> 404 Page Not Found: Assets/images
ERROR - 2018-09-10 11:53:48 --> 404 Page Not Found: Assets/images
ERROR - 2018-09-10 11:53:53 --> Severity: Notice --> Undefined offset: 0 C:\laragon\www\webpedidos\application\controllers\pedido\Requisicao.php 155
ERROR - 2018-09-10 11:53:53 --> Severity: Notice --> Trying to get property of non-object C:\laragon\www\webpedidos\application\controllers\pedido\Requisicao.php 155
ERROR - 2018-09-10 11:54:50 --> 404 Page Not Found: Assets/js
ERROR - 2018-09-10 11:54:51 --> 404 Page Not Found: Assets/js
ERROR - 2018-09-10 11:55:15 --> 404 Page Not Found: Assets/images
ERROR - 2018-09-10 11:55:15 --> 404 Page Not Found: Assets/images
ERROR - 2018-09-10 11:55:15 --> 404 Page Not Found: Assets/images
ERROR - 2018-09-10 11:55:15 --> 404 Page Not Found: Assets/images
ERROR - 2018-09-10 11:55:25 --> Severity: Notice --> Undefined offset: 0 C:\laragon\www\webpedidos\application\controllers\pedido\Requisicao.php 155
ERROR - 2018-09-10 11:55:25 --> Severity: Notice --> Trying to get property of non-object C:\laragon\www\webpedidos\application\controllers\pedido\Requisicao.php 155
ERROR - 2018-09-10 11:56:17 --> 404 Page Not Found: Assets/js
ERROR - 2018-09-10 11:56:17 --> 404 Page Not Found: Assets/js
ERROR - 2018-09-10 11:57:07 --> 404 Page Not Found: Assets/images
ERROR - 2018-09-10 11:57:07 --> 404 Page Not Found: Assets/images
ERROR - 2018-09-10 11:57:07 --> 404 Page Not Found: Assets/images
ERROR - 2018-09-10 11:57:07 --> 404 Page Not Found: Assets/images
ERROR - 2018-09-10 11:57:07 --> 404 Page Not Found: Assets/images
ERROR - 2018-09-10 11:57:16 --> Severity: Notice --> Undefined offset: 0 C:\laragon\www\webpedidos\application\controllers\pedido\Requisicao.php 155
ERROR - 2018-09-10 11:57:16 --> Severity: Notice --> Trying to get property of non-object C:\laragon\www\webpedidos\application\controllers\pedido\Requisicao.php 155
ERROR - 2018-09-10 12:00:15 --> 404 Page Not Found: Assets/js
ERROR - 2018-09-10 12:00:15 --> 404 Page Not Found: Assets/js
ERROR - 2018-09-10 12:00:43 --> 404 Page Not Found: Assets/images
ERROR - 2018-09-10 12:00:43 --> 404 Page Not Found: Assets/images
ERROR - 2018-09-10 12:00:43 --> 404 Page Not Found: Assets/images
ERROR - 2018-09-10 12:00:43 --> 404 Page Not Found: Assets/images
ERROR - 2018-09-10 12:00:53 --> Severity: Notice --> Undefined offset: 0 C:\laragon\www\webpedidos\application\controllers\pedido\Requisicao.php 155
ERROR - 2018-09-10 12:00:53 --> Severity: Notice --> Trying to get property of non-object C:\laragon\www\webpedidos\application\controllers\pedido\Requisicao.php 155
ERROR - 2018-09-10 12:03:02 --> 404 Page Not Found: Assets/js
ERROR - 2018-09-10 12:03:02 --> 404 Page Not Found: Assets/js
ERROR - 2018-09-10 12:05:22 --> 404 Page Not Found: Assets/images
ERROR - 2018-09-10 12:05:22 --> 404 Page Not Found: Assets/images
ERROR - 2018-09-10 12:05:22 --> 404 Page Not Found: Assets/images
ERROR - 2018-09-10 12:05:22 --> 404 Page Not Found: Assets/images
ERROR - 2018-09-10 12:05:27 --> Severity: Notice --> Undefined offset: 0 C:\laragon\www\webpedidos\application\controllers\pedido\Requisicao.php 155
ERROR - 2018-09-10 12:05:27 --> Severity: Notice --> Trying to get property of non-object C:\laragon\www\webpedidos\application\controllers\pedido\Requisicao.php 155
ERROR - 2018-09-10 12:09:42 --> 404 Page Not Found: Assets/js
ERROR - 2018-09-10 12:09:42 --> 404 Page Not Found: Assets/js
ERROR - 2018-09-10 12:09:53 --> 404 Page Not Found: Assets/images
ERROR - 2018-09-10 12:09:53 --> 404 Page Not Found: Assets/images
ERROR - 2018-09-10 12:09:53 --> 404 Page Not Found: Assets/images
ERROR - 2018-09-10 12:09:53 --> 404 Page Not Found: Assets/images
ERROR - 2018-09-10 12:13:02 --> 404 Page Not Found: Assets/js
ERROR - 2018-09-10 12:13:02 --> 404 Page Not Found: Assets/js
ERROR - 2018-09-10 12:13:12 --> 404 Page Not Found: Assets/images
ERROR - 2018-09-10 12:13:12 --> 404 Page Not Found: Assets/images
ERROR - 2018-09-10 12:13:12 --> 404 Page Not Found: Assets/images
ERROR - 2018-09-10 12:13:12 --> 404 Page Not Found: Assets/images
ERROR - 2018-09-10 12:13:27 --> Severity: Notice --> Undefined offset: 0 C:\laragon\www\webpedidos\application\controllers\pedido\Requisicao.php 155
ERROR - 2018-09-10 12:13:27 --> Severity: Notice --> Trying to get property of non-object C:\laragon\www\webpedidos\application\controllers\pedido\Requisicao.php 155
ERROR - 2018-09-10 12:16:27 --> 404 Page Not Found: Assets/js
ERROR - 2018-09-10 12:16:27 --> 404 Page Not Found: Assets/js
ERROR - 2018-09-10 12:16:35 --> 404 Page Not Found: Assets/images
ERROR - 2018-09-10 12:16:35 --> 404 Page Not Found: Assets/images
ERROR - 2018-09-10 12:16:35 --> 404 Page Not Found: Assets/images
ERROR - 2018-09-10 12:16:35 --> 404 Page Not Found: Assets/images
ERROR - 2018-09-10 12:16:40 --> Severity: Notice --> Undefined offset: 0 C:\laragon\www\webpedidos\application\controllers\pedido\Requisicao.php 155
ERROR - 2018-09-10 12:16:40 --> Severity: Notice --> Trying to get property of non-object C:\laragon\www\webpedidos\application\controllers\pedido\Requisicao.php 155
ERROR - 2018-09-10 12:18:11 --> 404 Page Not Found: Assets/js
ERROR - 2018-09-10 12:18:11 --> 404 Page Not Found: Assets/js
ERROR - 2018-09-10 12:18:18 --> 404 Page Not Found: Assets/images
ERROR - 2018-09-10 12:18:18 --> 404 Page Not Found: Assets/images
ERROR - 2018-09-10 12:18:18 --> 404 Page Not Found: Assets/images
ERROR - 2018-09-10 12:18:18 --> 404 Page Not Found: Assets/images
ERROR - 2018-09-10 12:18:25 --> Severity: Notice --> Undefined offset: 0 C:\laragon\www\webpedidos\application\controllers\pedido\Requisicao.php 154
ERROR - 2018-09-10 12:18:25 --> Severity: Notice --> Trying to get property of non-object C:\laragon\www\webpedidos\application\controllers\pedido\Requisicao.php 154
ERROR - 2018-09-10 12:20:20 --> 404 Page Not Found: Assets/js
ERROR - 2018-09-10 12:20:20 --> 404 Page Not Found: Assets/js
ERROR - 2018-09-10 12:20:42 --> 404 Page Not Found: Assets/images
ERROR - 2018-09-10 12:20:42 --> 404 Page Not Found: Assets/images
ERROR - 2018-09-10 12:20:42 --> 404 Page Not Found: Assets/images
ERROR - 2018-09-10 12:20:42 --> 404 Page Not Found: Assets/images
ERROR - 2018-09-10 12:20:47 --> Severity: Notice --> Undefined offset: 0 C:\laragon\www\webpedidos\application\controllers\pedido\Requisicao.php 154
ERROR - 2018-09-10 12:20:47 --> Severity: Notice --> Trying to get property of non-object C:\laragon\www\webpedidos\application\controllers\pedido\Requisicao.php 154
ERROR - 2018-09-10 12:27:11 --> Severity: Notice --> Undefined offset: 0 C:\laragon\www\webpedidos\application\controllers\pedido\Requisicao.php 154
ERROR - 2018-09-10 12:27:11 --> Severity: Notice --> Trying to get property of non-object C:\laragon\www\webpedidos\application\controllers\pedido\Requisicao.php 154
ERROR - 2018-09-10 12:27:53 --> Severity: Notice --> Undefined offset: 0 C:\laragon\www\webpedidos\application\controllers\pedido\Requisicao.php 154
ERROR - 2018-09-10 12:27:53 --> Severity: Notice --> Trying to get property of non-object C:\laragon\www\webpedidos\application\controllers\pedido\Requisicao.php 154
ERROR - 2018-09-10 12:31:24 --> Severity: Notice --> Undefined offset: 0 C:\laragon\www\webpedidos\application\controllers\pedido\Requisicao.php 154
ERROR - 2018-09-10 12:31:24 --> Severity: Notice --> Trying to get property of non-object C:\laragon\www\webpedidos\application\controllers\pedido\Requisicao.php 154
ERROR - 2018-09-10 12:34:22 --> 404 Page Not Found: Assets/js
ERROR - 2018-09-10 12:34:22 --> 404 Page Not Found: Assets/js
ERROR - 2018-09-10 12:34:30 --> Severity: error --> Exception: syntax error, unexpected ')' C:\laragon\www\webpedidos\application\models\produto\Produto_model.php 38
ERROR - 2018-09-10 12:34:51 --> 404 Page Not Found: Assets/images
ERROR - 2018-09-10 12:34:51 --> 404 Page Not Found: Assets/images
ERROR - 2018-09-10 12:34:51 --> 404 Page Not Found: Assets/images
ERROR - 2018-09-10 12:34:51 --> 404 Page Not Found: Assets/images
ERROR - 2018-09-10 12:34:51 --> 404 Page Not Found: Assets/images
ERROR - 2018-09-10 12:34:57 --> Severity: Notice --> Undefined offset: 0 C:\laragon\www\webpedidos\application\controllers\pedido\Requisicao.php 154
ERROR - 2018-09-10 12:34:57 --> Severity: Notice --> Trying to get property of non-object C:\laragon\www\webpedidos\application\controllers\pedido\Requisicao.php 154
ERROR - 2018-09-10 12:35:25 --> Severity: Notice --> Undefined offset: 0 C:\laragon\www\webpedidos\application\controllers\pedido\Requisicao.php 154
ERROR - 2018-09-10 12:35:25 --> Severity: Notice --> Trying to get property of non-object C:\laragon\www\webpedidos\application\controllers\pedido\Requisicao.php 154
ERROR - 2018-09-10 12:36:52 --> 404 Page Not Found: Assets/js
ERROR - 2018-09-10 12:36:52 --> 404 Page Not Found: Assets/js
ERROR - 2018-09-10 12:37:04 --> 404 Page Not Found: Assets/images
ERROR - 2018-09-10 12:37:04 --> 404 Page Not Found: Assets/images
ERROR - 2018-09-10 12:37:04 --> 404 Page Not Found: Assets/images
ERROR - 2018-09-10 12:37:04 --> 404 Page Not Found: Assets/images
ERROR - 2018-09-10 12:37:04 --> 404 Page Not Found: Assets/images
ERROR - 2018-09-10 12:37:10 --> Severity: Notice --> Undefined offset: 0 C:\laragon\www\webpedidos\application\controllers\pedido\Requisicao.php 154
ERROR - 2018-09-10 12:37:10 --> Severity: Notice --> Trying to get property of non-object C:\laragon\www\webpedidos\application\controllers\pedido\Requisicao.php 154
ERROR - 2018-09-10 12:58:47 --> Severity: Notice --> Undefined offset: 0 C:\laragon\www\webpedidos\application\controllers\pedido\Requisicao.php 154
ERROR - 2018-09-10 12:58:47 --> Severity: Notice --> Trying to get property of non-object C:\laragon\www\webpedidos\application\controllers\pedido\Requisicao.php 154
ERROR - 2018-09-10 13:03:12 --> Severity: Notice --> Undefined offset: 0 C:\laragon\www\webpedidos\application\controllers\pedido\Requisicao.php 154
ERROR - 2018-09-10 13:03:12 --> Severity: Notice --> Trying to get property of non-object C:\laragon\www\webpedidos\application\controllers\pedido\Requisicao.php 154
ERROR - 2018-09-10 14:45:30 --> 404 Page Not Found: Assets/js
ERROR - 2018-09-10 14:45:30 --> 404 Page Not Found: Assets/js
ERROR - 2018-09-10 14:45:38 --> 404 Page Not Found: Assets/images
ERROR - 2018-09-10 14:45:38 --> 404 Page Not Found: Assets/images
ERROR - 2018-09-10 14:45:38 --> 404 Page Not Found: Assets/images
ERROR - 2018-09-10 14:45:38 --> 404 Page Not Found: Assets/images
ERROR - 2018-09-10 14:45:49 --> Severity: Notice --> Undefined offset: 0 C:\laragon\www\webpedidos\application\controllers\pedido\Requisicao.php 154
ERROR - 2018-09-10 14:45:49 --> Severity: Notice --> Trying to get property of non-object C:\laragon\www\webpedidos\application\controllers\pedido\Requisicao.php 154
ERROR - 2018-09-10 15:05:32 --> Severity: Notice --> Undefined offset: 0 C:\laragon\www\webpedidos\application\controllers\pedido\Requisicao.php 154
ERROR - 2018-09-10 15:05:32 --> Severity: Notice --> Trying to get property of non-object C:\laragon\www\webpedidos\application\controllers\pedido\Requisicao.php 154
ERROR - 2018-09-10 15:13:33 --> 404 Page Not Found: Assets/js
ERROR - 2018-09-10 15:13:34 --> 404 Page Not Found: Assets/js
ERROR - 2018-09-10 15:13:44 --> 404 Page Not Found: Assets/images
ERROR - 2018-09-10 15:13:44 --> 404 Page Not Found: Assets/images
ERROR - 2018-09-10 15:13:45 --> 404 Page Not Found: Assets/images
ERROR - 2018-09-10 15:13:45 --> 404 Page Not Found: Assets/images
ERROR - 2018-09-10 15:13:51 --> Severity: Notice --> Undefined offset: 0 C:\laragon\www\webpedidos\application\controllers\pedido\Requisicao.php 154
ERROR - 2018-09-10 15:13:51 --> Severity: Notice --> Trying to get property of non-object C:\laragon\www\webpedidos\application\controllers\pedido\Requisicao.php 154
ERROR - 2018-09-10 15:38:52 --> 404 Page Not Found: Assets/js
ERROR - 2018-09-10 15:38:52 --> 404 Page Not Found: Assets/js
ERROR - 2018-09-10 15:39:11 --> 404 Page Not Found: Assets/images
ERROR - 2018-09-10 15:39:11 --> 404 Page Not Found: Assets/images
ERROR - 2018-09-10 15:39:11 --> 404 Page Not Found: Assets/images
ERROR - 2018-09-10 15:39:12 --> 404 Page Not Found: Assets/images
ERROR - 2018-09-10 16:00:45 --> 404 Page Not Found: Assets/js
ERROR - 2018-09-10 16:00:45 --> 404 Page Not Found: Assets/js
ERROR - 2018-09-10 16:00:56 --> 404 Page Not Found: Assets/images
ERROR - 2018-09-10 16:00:56 --> 404 Page Not Found: Assets/images
ERROR - 2018-09-10 16:00:56 --> 404 Page Not Found: Assets/images
ERROR - 2018-09-10 16:00:56 --> 404 Page Not Found: Assets/images
ERROR - 2018-09-10 16:03:08 --> 404 Page Not Found: Assets/js
ERROR - 2018-09-10 16:03:08 --> 404 Page Not Found: Assets/js
ERROR - 2018-09-10 16:03:18 --> 404 Page Not Found: Assets/images
ERROR - 2018-09-10 16:03:18 --> 404 Page Not Found: Assets/images
ERROR - 2018-09-10 16:03:18 --> 404 Page Not Found: Assets/images
ERROR - 2018-09-10 16:03:18 --> 404 Page Not Found: Assets/images
ERROR - 2018-09-10 16:14:58 --> 404 Page Not Found: Assets/js
ERROR - 2018-09-10 16:14:58 --> 404 Page Not Found: Assets/js
ERROR - 2018-09-10 16:15:07 --> 404 Page Not Found: Assets/images
ERROR - 2018-09-10 16:15:07 --> 404 Page Not Found: Assets/images
ERROR - 2018-09-10 16:15:07 --> 404 Page Not Found: Assets/images
ERROR - 2018-09-10 16:15:07 --> 404 Page Not Found: Assets/images
ERROR - 2018-09-10 16:20:26 --> 404 Page Not Found: Assets/js
ERROR - 2018-09-10 16:20:26 --> 404 Page Not Found: Assets/js
ERROR - 2018-09-10 16:20:49 --> 404 Page Not Found: Assets/images
ERROR - 2018-09-10 16:20:49 --> 404 Page Not Found: Assets/images
ERROR - 2018-09-10 16:20:49 --> 404 Page Not Found: Assets/images
ERROR - 2018-09-10 16:20:49 --> 404 Page Not Found: Assets/images
ERROR - 2018-09-10 16:20:58 --> Severity: Notice --> Undefined offset: 0 C:\laragon\www\webpedidos\application\controllers\pedido\Requisicao.php 154
ERROR - 2018-09-10 16:20:58 --> Severity: Notice --> Trying to get property of non-object C:\laragon\www\webpedidos\application\controllers\pedido\Requisicao.php 154
ERROR - 2018-09-10 16:29:31 --> 404 Page Not Found: Assets/js
ERROR - 2018-09-10 16:29:31 --> 404 Page Not Found: Assets/js
ERROR - 2018-09-10 16:29:44 --> 404 Page Not Found: Assets/images
ERROR - 2018-09-10 16:29:44 --> 404 Page Not Found: Assets/images
ERROR - 2018-09-10 16:29:44 --> 404 Page Not Found: Assets/images
ERROR - 2018-09-10 16:29:44 --> 404 Page Not Found: Assets/images
ERROR - 2018-09-10 16:30:50 --> 404 Page Not Found: Assets/js
ERROR - 2018-09-10 16:30:50 --> 404 Page Not Found: Assets/js
ERROR - 2018-09-10 16:31:02 --> 404 Page Not Found: Assets/images
ERROR - 2018-09-10 16:31:02 --> 404 Page Not Found: Assets/images
ERROR - 2018-09-10 16:31:02 --> 404 Page Not Found: Assets/images
ERROR - 2018-09-10 16:31:02 --> 404 Page Not Found: Assets/images
ERROR - 2018-09-10 16:31:08 --> Severity: Notice --> Undefined offset: 0 C:\laragon\www\webpedidos\application\controllers\pedido\Requisicao.php 154
ERROR - 2018-09-10 16:31:08 --> Severity: Notice --> Trying to get property of non-object C:\laragon\www\webpedidos\application\controllers\pedido\Requisicao.php 154
ERROR - 2018-09-10 16:31:52 --> 404 Page Not Found: Assets/js
ERROR - 2018-09-10 16:31:52 --> 404 Page Not Found: Assets/js
