ERROR - 2019-08-22 10:41:33 --> 404 Page Not Found: Assets/js
ERROR - 2019-08-22 10:41:33 --> 404 Page Not Found: Assets/js
ERROR - 2019-08-22 11:03:12 --> 404 Page Not Found: Assets/js
ERROR - 2019-08-22 11:03:12 --> 404 Page Not Found: Assets/js
ERROR - 2019-08-22 11:08:47 --> 404 Page Not Found: Assets/js
ERROR - 2019-08-22 11:08:47 --> 404 Page Not Found: Assets/js
ERROR - 2019-08-22 11:08:56 --> 404 Page Not Found: Assets/js
ERROR - 2019-08-22 11:08:57 --> 404 Page Not Found: Assets/js
ERROR - 2019-08-22 11:09:23 --> 404 Page Not Found: Assets/js
ERROR - 2019-08-22 11:09:23 --> 404 Page Not Found: Assets/js
ERROR - 2019-08-22 11:14:45 --> Severity: Notice --> Undefined property: Usuario::$database C:\wamp64\www\system\core\Model.php 77
ERROR - 2019-08-22 11:14:45 --> Severity: error --> Exception: Call to a member function select() on null C:\wamp64\www\webpedidos\application\models\usuario\Usuario_model.php 134
ERROR - 2019-08-22 11:24:58 --> 404 Page Not Found: Assets/js
ERROR - 2019-08-22 11:24:58 --> 404 Page Not Found: Assets/js
ERROR - 2019-08-22 11:25:02 --> 404 Page Not Found: Assets/js
ERROR - 2019-08-22 11:25:02 --> 404 Page Not Found: Assets/js
ERROR - 2019-08-22 11:34:59 --> 404 Page Not Found: Assets/js
ERROR - 2019-08-22 11:34:59 --> 404 Page Not Found: Assets/js
ERROR - 2019-08-22 11:35:09 --> Severity: Notice --> Undefined property: Usuario::$database C:\wamp64\www\system\core\Model.php 77
ERROR - 2019-08-22 11:35:09 --> Severity: error --> Exception: Call to a member function select() on null C:\wamp64\www\webpedidos\application\models\usuario\Usuario_model.php 134
ERROR - 2019-08-22 11:36:00 --> 404 Page Not Found: Assets/js
ERROR - 2019-08-22 11:36:00 --> 404 Page Not Found: Assets/js
ERROR - 2019-08-22 11:36:00 --> 404 Page Not Found: Assets/js
ERROR - 2019-08-22 11:36:00 --> 404 Page Not Found: Assets/js
ERROR - 2019-08-22 11:36:07 --> Severity: Notice --> Undefined property: Usuario::$database C:\wamp64\www\system\core\Model.php 77
ERROR - 2019-08-22 11:36:07 --> Severity: error --> Exception: Call to a member function select() on null C:\wamp64\www\webpedidos\application\models\usuario\Usuario_model.php 134
ERROR - 2019-08-22 11:36:44 --> 404 Page Not Found: Assets/js
ERROR - 2019-08-22 11:36:44 --> 404 Page Not Found: Assets/js
ERROR - 2019-08-22 11:37:01 --> Severity: Notice --> Undefined property: Usuario::$database C:\wamp64\www\system\core\Model.php 77
ERROR - 2019-08-22 11:37:01 --> Severity: error --> Exception: Call to a member function select() on null C:\wamp64\www\webpedidos\application\models\usuario\Usuario_model.php 134
ERROR - 2019-08-22 11:38:08 --> 404 Page Not Found: Assets/js
ERROR - 2019-08-22 11:38:08 --> 404 Page Not Found: Assets/js
ERROR - 2019-08-22 11:38:14 --> Severity: Notice --> Undefined variable: funcionario C:\wamp64\www\webpedidos\application\controllers\usuario\Usuario.php 60
ERROR - 2019-08-22 11:38:14 --> Severity: Notice --> Undefined property: Usuario::$database C:\wamp64\www\system\core\Model.php 77
ERROR - 2019-08-22 11:38:14 --> Severity: error --> Exception: Call to a member function select() on null C:\wamp64\www\webpedidos\application\models\usuario\Usuario_model.php 134
ERROR - 2019-08-22 11:38:30 --> 404 Page Not Found: Assets/js
ERROR - 2019-08-22 11:38:30 --> 404 Page Not Found: Assets/js
ERROR - 2019-08-22 11:38:30 --> 404 Page Not Found: Assets/js
ERROR - 2019-08-22 11:38:30 --> 404 Page Not Found: Assets/js
ERROR - 2019-08-22 11:38:37 --> Severity: Notice --> Undefined property: Usuario::$database C:\wamp64\www\system\core\Model.php 77
ERROR - 2019-08-22 11:38:37 --> Severity: error --> Exception: Call to a member function select() on null C:\wamp64\www\webpedidos\application\models\usuario\Usuario_model.php 134
ERROR - 2019-08-22 14:34:50 --> 404 Page Not Found: Assets/js
ERROR - 2019-08-22 14:34:50 --> 404 Page Not Found: Assets/js
ERROR - 2019-08-22 14:35:15 --> Severity: Notice --> Undefined property: Usuario::$database C:\wamp64\www\system\core\Model.php 77
ERROR - 2019-08-22 14:35:15 --> Severity: error --> Exception: Call to a member function select() on null C:\wamp64\www\webpedidos\application\models\usuario\Usuario_model.php 134
ERROR - 2019-08-22 15:35:23 --> 404 Page Not Found: Assets/js
ERROR - 2019-08-22 15:35:23 --> 404 Page Not Found: Assets/js
ERROR - 2019-08-22 15:37:37 --> Severity: Notice --> Undefined property: Usuario::$database C:\wamp64\www\system\core\Model.php 77
ERROR - 2019-08-22 15:37:38 --> Severity: error --> Exception: Call to a member function select() on null C:\wamp64\www\webpedidos\application\models\usuario\Usuario_model.php 134
ERROR - 2019-08-22 15:38:01 --> 404 Page Not Found: Assets/js
ERROR - 2019-08-22 15:38:01 --> 404 Page Not Found: Assets/js
ERROR - 2019-08-22 15:40:18 --> Severity: Warning --> json_decode() expects parameter 1 to be string, array given C:\wamp64\www\webpedidos\application\controllers\usuario\Usuario.php 72
ERROR - 2019-08-22 15:40:19 --> Severity: Notice --> Undefined property: Usuario::$database C:\wamp64\www\system\core\Model.php 77
ERROR - 2019-08-22 15:40:19 --> Severity: error --> Exception: Call to a member function select() on null C:\wamp64\www\webpedidos\application\models\usuario\Usuario_model.php 134
