ERROR - 2019-09-10 11:13:30 --> Unable to connect to the database
ERROR - 2019-09-10 11:13:42 --> 404 Page Not Found: Assets/js
ERROR - 2019-09-10 11:13:42 --> 404 Page Not Found: Assets/js
ERROR - 2019-09-10 11:14:31 --> 404 Page Not Found: Assets/js
ERROR - 2019-09-10 11:14:31 --> 404 Page Not Found: Assets/js
ERROR - 2019-09-10 11:22:29 --> 404 Page Not Found: Assets/js
ERROR - 2019-09-10 11:22:29 --> 404 Page Not Found: Assets/js
ERROR - 2019-09-10 11:23:00 --> 404 Page Not Found: Assets/js
ERROR - 2019-09-10 11:23:00 --> 404 Page Not Found: Assets/js
ERROR - 2019-09-10 11:23:26 --> 404 Page Not Found: Assets/js
ERROR - 2019-09-10 11:23:26 --> 404 Page Not Found: Assets/js
ERROR - 2019-09-10 11:24:23 --> 404 Page Not Found: Assets/js
ERROR - 2019-09-10 11:24:23 --> 404 Page Not Found: Assets/js
ERROR - 2019-09-10 11:28:47 --> 404 Page Not Found: Assets/js
ERROR - 2019-09-10 11:28:47 --> 404 Page Not Found: Assets/js
ERROR - 2019-09-10 11:29:15 --> 404 Page Not Found: Assets/js
ERROR - 2019-09-10 11:29:15 --> 404 Page Not Found: Assets/js
ERROR - 2019-09-10 11:40:54 --> 404 Page Not Found: Assets/js
ERROR - 2019-09-10 11:40:54 --> 404 Page Not Found: Assets/js
ERROR - 2019-09-10 11:41:45 --> 404 Page Not Found: Assets/js
ERROR - 2019-09-10 11:41:45 --> 404 Page Not Found: Assets/js
ERROR - 2019-09-10 11:41:59 --> 404 Page Not Found: Assets/js
ERROR - 2019-09-10 11:41:59 --> 404 Page Not Found: Assets/js
ERROR - 2019-09-10 11:42:08 --> 404 Page Not Found: Assets/js
ERROR - 2019-09-10 11:42:08 --> 404 Page Not Found: Assets/js
ERROR - 2019-09-10 11:43:17 --> 404 Page Not Found: Assets/js
ERROR - 2019-09-10 11:43:17 --> 404 Page Not Found: Assets/js
ERROR - 2019-09-10 11:44:05 --> 404 Page Not Found: Assets/js
ERROR - 2019-09-10 11:44:05 --> 404 Page Not Found: Assets/js
ERROR - 2019-09-10 11:45:12 --> 404 Page Not Found: Assets/js
ERROR - 2019-09-10 11:45:12 --> 404 Page Not Found: Assets/js
ERROR - 2019-09-10 11:46:08 --> 404 Page Not Found: Assets/js
ERROR - 2019-09-10 11:46:08 --> 404 Page Not Found: Assets/js
ERROR - 2019-09-10 11:46:20 --> 404 Page Not Found: Assets/js
ERROR - 2019-09-10 11:46:20 --> 404 Page Not Found: Assets/js
ERROR - 2019-09-10 11:46:46 --> 404 Page Not Found: Assets/js
ERROR - 2019-09-10 11:46:46 --> 404 Page Not Found: Assets/js
ERROR - 2019-09-10 11:47:28 --> 404 Page Not Found: Assets/js
ERROR - 2019-09-10 11:47:28 --> 404 Page Not Found: Assets/js
ERROR - 2019-09-10 11:47:54 --> 404 Page Not Found: Assets/js
ERROR - 2019-09-10 11:47:54 --> 404 Page Not Found: Assets/js
ERROR - 2019-09-10 11:48:42 --> 404 Page Not Found: Assets/js
ERROR - 2019-09-10 11:48:42 --> 404 Page Not Found: Assets/js
ERROR - 2019-09-10 11:50:48 --> 404 Page Not Found: Assets/js
ERROR - 2019-09-10 11:50:48 --> 404 Page Not Found: Assets/js
ERROR - 2019-09-10 11:52:52 --> 404 Page Not Found: Assets/js
ERROR - 2019-09-10 11:52:52 --> 404 Page Not Found: Assets/js
ERROR - 2019-09-10 11:54:27 --> 404 Page Not Found: Assets/js
ERROR - 2019-09-10 11:54:27 --> 404 Page Not Found: Assets/js
ERROR - 2019-09-10 11:54:58 --> 404 Page Not Found: Assets/js
ERROR - 2019-09-10 11:54:58 --> 404 Page Not Found: Assets/js
ERROR - 2019-09-10 11:56:48 --> 404 Page Not Found: Assets/js
ERROR - 2019-09-10 11:56:48 --> 404 Page Not Found: Assets/js
ERROR - 2019-09-10 12:05:32 --> 404 Page Not Found: Assets/js
ERROR - 2019-09-10 12:05:32 --> 404 Page Not Found: Assets/js
ERROR - 2019-09-10 12:15:50 --> 404 Page Not Found: Assets/js
ERROR - 2019-09-10 12:15:50 --> 404 Page Not Found: Assets/js
ERROR - 2019-09-10 12:17:44 --> 404 Page Not Found: Assets/js
ERROR - 2019-09-10 12:17:44 --> 404 Page Not Found: Assets/js
ERROR - 2019-09-10 12:17:54 --> 404 Page Not Found: Assets/js
ERROR - 2019-09-10 12:17:54 --> 404 Page Not Found: Assets/js
ERROR - 2019-09-10 12:20:36 --> 404 Page Not Found: Assets/js
ERROR - 2019-09-10 12:20:36 --> 404 Page Not Found: Assets/js
ERROR - 2019-09-10 12:22:35 --> 404 Page Not Found: Assets/js
ERROR - 2019-09-10 12:22:35 --> 404 Page Not Found: Assets/js
ERROR - 2019-09-10 12:24:20 --> 404 Page Not Found: Assets/js
ERROR - 2019-09-10 12:24:20 --> 404 Page Not Found: Assets/js
ERROR - 2019-09-10 17:08:48 --> 404 Page Not Found: Assets/js
ERROR - 2019-09-10 17:08:48 --> 404 Page Not Found: Assets/js
ERROR - 2019-09-10 17:09:05 --> Query error: ERRO:  sintaxe de entrada é inválida para uuid: "33021887"
LINE 1: ...a", "senhavalidade", "email", "ativo") VALUES (2, '33021887'...
                                                             ^ - Invalid query: INSERT INTO "web_login" ("empresasiteid", "funcionarioid", "funcionariofilialmatricula", "grupoacessoid", "usuario", "senha", "senhavalidade", "email", "ativo") VALUES (2, '33021887', '33021887', 'dddddd', '', 'c4dc23e9707707777adeed3598c0d0d4', '10/09/2020', '3', 'true')
ERROR - 2019-09-10 17:10:19 --> Query error: ERRO:  sintaxe de entrada é inválida para uuid: "33021887"
LINE 1: ...a", "senhavalidade", "email", "ativo") VALUES (2, '33021887'...
                                                             ^ - Invalid query: INSERT INTO "web_login" ("empresasiteid", "funcionarioid", "funcionariofilialmatricula", "grupoacessoid", "usuario", "senha", "senhavalidade", "email", "ativo") VALUES (2, '33021887', '33021887', 'ABAETE FERREIRA', '', 'c4dc23e9707707777adeed3598c0d0d4', '10/09/2020', '3', 'true')
ERROR - 2019-09-10 17:15:22 --> 404 Page Not Found: Assets/js
ERROR - 2019-09-10 17:15:22 --> 404 Page Not Found: Assets/js
ERROR - 2019-09-10 17:17:28 --> 404 Page Not Found: Assets/js
ERROR - 2019-09-10 17:17:28 --> 404 Page Not Found: Assets/js
ERROR - 2019-09-10 17:17:29 --> 404 Page Not Found: Assets/js
ERROR - 2019-09-10 17:17:29 --> 404 Page Not Found: Assets/js
ERROR - 2019-09-10 17:18:04 --> 404 Page Not Found: Assets/js
ERROR - 2019-09-10 17:18:04 --> 404 Page Not Found: Assets/js
ERROR - 2019-09-10 17:18:28 --> 404 Page Not Found: Assets/js
ERROR - 2019-09-10 17:18:28 --> 404 Page Not Found: Assets/js
ERROR - 2019-09-10 17:19:01 --> 404 Page Not Found: Assets/js
ERROR - 2019-09-10 17:19:01 --> 404 Page Not Found: Assets/js
ERROR - 2019-09-10 17:19:37 --> 404 Page Not Found: Assets/js
ERROR - 2019-09-10 17:19:37 --> 404 Page Not Found: Assets/js
ERROR - 2019-09-10 17:24:42 --> 404 Page Not Found: Assets/js
ERROR - 2019-09-10 17:24:42 --> 404 Page Not Found: Assets/js
ERROR - 2019-09-10 17:24:44 --> 404 Page Not Found: Assets/js
ERROR - 2019-09-10 17:24:44 --> 404 Page Not Found: Assets/js
ERROR - 2019-09-10 17:25:13 --> 404 Page Not Found: Assets/js
ERROR - 2019-09-10 17:25:13 --> 404 Page Not Found: Assets/js
ERROR - 2019-09-10 17:27:02 --> 404 Page Not Found: Assets/js
ERROR - 2019-09-10 17:27:02 --> 404 Page Not Found: Assets/js
ERROR - 2019-09-10 17:27:22 --> 404 Page Not Found: Assets/js
ERROR - 2019-09-10 17:27:22 --> 404 Page Not Found: Assets/js
ERROR - 2019-09-10 17:27:30 --> 404 Page Not Found: Assets/js
ERROR - 2019-09-10 17:27:30 --> 404 Page Not Found: Assets/js
ERROR - 2019-09-10 17:32:36 --> 404 Page Not Found: Assets/js
ERROR - 2019-09-10 17:32:36 --> 404 Page Not Found: Assets/js
ERROR - 2019-09-10 17:40:00 --> 404 Page Not Found: Assets/js
ERROR - 2019-09-10 17:40:00 --> 404 Page Not Found: Assets/js
ERROR - 2019-09-10 17:40:09 --> Severity: Notice --> Undefined index: grupacesso C:\wamp64\www\webpedidos\application\controllers\usuario\Usuario.php 304
ERROR - 2019-09-10 20:18:37 --> 404 Page Not Found: Assets/js
ERROR - 2019-09-10 20:18:37 --> 404 Page Not Found: Assets/js
ERROR - 2019-09-10 20:18:55 --> Severity: Notice --> Undefined index: grupacesso C:\wamp64\www\webpedidos\application\controllers\usuario\Usuario.php 305
ERROR - 2019-09-10 20:19:45 --> 404 Page Not Found: Assets/js
ERROR - 2019-09-10 20:19:46 --> 404 Page Not Found: Assets/js
ERROR - 2019-09-10 20:19:56 --> Severity: Notice --> Undefined index: grupacesso C:\wamp64\www\webpedidos\application\controllers\usuario\Usuario.php 305
ERROR - 2019-09-10 20:23:21 --> 404 Page Not Found: Assets/js
ERROR - 2019-09-10 20:23:21 --> 404 Page Not Found: Assets/js
ERROR - 2019-09-10 20:23:31 --> Severity: Notice --> Undefined index: grupacesso C:\wamp64\www\webpedidos\application\controllers\usuario\Usuario.php 305
ERROR - 2019-09-10 20:24:27 --> 404 Page Not Found: Assets/js
ERROR - 2019-09-10 20:24:27 --> 404 Page Not Found: Assets/js
ERROR - 2019-09-10 20:42:08 --> 404 Page Not Found: Assets/js
ERROR - 2019-09-10 20:42:08 --> 404 Page Not Found: Assets/js
ERROR - 2019-09-10 20:42:12 --> 404 Page Not Found: Assets/js
ERROR - 2019-09-10 20:42:12 --> 404 Page Not Found: Assets/js
ERROR - 2019-09-10 20:45:19 --> 404 Page Not Found: Assets/js
ERROR - 2019-09-10 20:45:19 --> 404 Page Not Found: Assets/js
ERROR - 2019-09-10 20:45:42 --> 404 Page Not Found: Assets/js
ERROR - 2019-09-10 20:45:42 --> 404 Page Not Found: Assets/js
ERROR - 2019-09-10 20:45:46 --> Severity: Notice --> Undefined property: stdClass::$id C:\wamp64\www\webpedidos\application\controllers\funcionario\Funcionario.php 39
ERROR - 2019-09-10 20:45:46 --> Severity: Notice --> Undefined property: stdClass::$id C:\wamp64\www\webpedidos\application\controllers\funcionario\Funcionario.php 39
ERROR - 2019-09-10 20:45:46 --> Severity: Notice --> Undefined property: stdClass::$id C:\wamp64\www\webpedidos\application\controllers\funcionario\Funcionario.php 39
ERROR - 2019-09-10 20:45:46 --> Severity: Notice --> Undefined property: stdClass::$id C:\wamp64\www\webpedidos\application\controllers\funcionario\Funcionario.php 39
ERROR - 2019-09-10 20:45:46 --> Severity: Notice --> Undefined property: stdClass::$id C:\wamp64\www\webpedidos\application\controllers\funcionario\Funcionario.php 39
ERROR - 2019-09-10 20:45:46 --> Severity: Notice --> Undefined property: stdClass::$id C:\wamp64\www\webpedidos\application\controllers\funcionario\Funcionario.php 39
ERROR - 2019-09-10 20:45:46 --> Severity: Notice --> Undefined property: stdClass::$id C:\wamp64\www\webpedidos\application\controllers\funcionario\Funcionario.php 39
ERROR - 2019-09-10 20:45:46 --> Severity: Notice --> Undefined property: stdClass::$id C:\wamp64\www\webpedidos\application\controllers\funcionario\Funcionario.php 39
ERROR - 2019-09-10 20:45:46 --> Severity: Notice --> Undefined property: stdClass::$id C:\wamp64\www\webpedidos\application\controllers\funcionario\Funcionario.php 39
ERROR - 2019-09-10 20:45:46 --> Severity: Notice --> Undefined property: stdClass::$id C:\wamp64\www\webpedidos\application\controllers\funcionario\Funcionario.php 39
ERROR - 2019-09-10 20:45:47 --> Severity: Notice --> Undefined property: stdClass::$id C:\wamp64\www\webpedidos\application\controllers\funcionario\Funcionario.php 39
ERROR - 2019-09-10 20:45:48 --> Severity: Notice --> Undefined property: stdClass::$id C:\wamp64\www\webpedidos\application\controllers\funcionario\Funcionario.php 39
ERROR - 2019-09-10 20:45:48 --> Severity: Notice --> Undefined property: stdClass::$id C:\wamp64\www\webpedidos\application\controllers\funcionario\Funcionario.php 39
ERROR - 2019-09-10 20:45:49 --> Severity: Notice --> Undefined property: stdClass::$id C:\wamp64\www\webpedidos\application\controllers\funcionario\Funcionario.php 39
ERROR - 2019-09-10 20:45:50 --> Severity: Notice --> Undefined property: stdClass::$id C:\wamp64\www\webpedidos\application\controllers\funcionario\Funcionario.php 39
ERROR - 2019-09-10 20:45:50 --> Severity: Notice --> Undefined property: stdClass::$id C:\wamp64\www\webpedidos\application\controllers\funcionario\Funcionario.php 39
ERROR - 2019-09-10 20:45:51 --> Severity: Notice --> Undefined property: stdClass::$id C:\wamp64\www\webpedidos\application\controllers\funcionario\Funcionario.php 39
ERROR - 2019-09-10 20:45:58 --> Severity: Notice --> Undefined property: stdClass::$id C:\wamp64\www\webpedidos\application\controllers\funcionario\Funcionario.php 39
ERROR - 2019-09-10 20:45:59 --> Severity: Notice --> Undefined property: stdClass::$id C:\wamp64\www\webpedidos\application\controllers\funcionario\Funcionario.php 39
ERROR - 2019-09-10 20:46:09 --> 404 Page Not Found: Assets/js
ERROR - 2019-09-10 20:46:09 --> 404 Page Not Found: Assets/js
ERROR - 2019-09-10 20:46:12 --> Severity: Notice --> Undefined property: stdClass::$id C:\wamp64\www\webpedidos\application\controllers\funcionario\Funcionario.php 39
ERROR - 2019-09-10 20:46:12 --> Severity: Notice --> Undefined property: stdClass::$id C:\wamp64\www\webpedidos\application\controllers\funcionario\Funcionario.php 39
ERROR - 2019-09-10 20:46:12 --> Severity: Notice --> Undefined property: stdClass::$id C:\wamp64\www\webpedidos\application\controllers\funcionario\Funcionario.php 39
ERROR - 2019-09-10 20:46:12 --> Severity: Notice --> Undefined property: stdClass::$id C:\wamp64\www\webpedidos\application\controllers\funcionario\Funcionario.php 39
ERROR - 2019-09-10 20:46:12 --> Severity: Notice --> Undefined property: stdClass::$id C:\wamp64\www\webpedidos\application\controllers\funcionario\Funcionario.php 39
ERROR - 2019-09-10 20:46:12 --> Severity: Notice --> Undefined property: stdClass::$id C:\wamp64\www\webpedidos\application\controllers\funcionario\Funcionario.php 39
ERROR - 2019-09-10 20:46:12 --> Severity: Notice --> Undefined property: stdClass::$id C:\wamp64\www\webpedidos\application\controllers\funcionario\Funcionario.php 39
ERROR - 2019-09-10 20:46:12 --> Severity: Notice --> Undefined property: stdClass::$id C:\wamp64\www\webpedidos\application\controllers\funcionario\Funcionario.php 39
ERROR - 2019-09-10 20:46:12 --> Severity: Notice --> Undefined property: stdClass::$id C:\wamp64\www\webpedidos\application\controllers\funcionario\Funcionario.php 39
ERROR - 2019-09-10 20:46:12 --> Severity: Notice --> Undefined property: stdClass::$id C:\wamp64\www\webpedidos\application\controllers\funcionario\Funcionario.php 39
ERROR - 2019-09-10 20:46:13 --> Severity: Notice --> Undefined property: stdClass::$id C:\wamp64\www\webpedidos\application\controllers\funcionario\Funcionario.php 39
ERROR - 2019-09-10 20:46:13 --> Severity: Notice --> Undefined property: stdClass::$id C:\wamp64\www\webpedidos\application\controllers\funcionario\Funcionario.php 39
ERROR - 2019-09-10 20:46:13 --> Severity: Notice --> Undefined property: stdClass::$id C:\wamp64\www\webpedidos\application\controllers\funcionario\Funcionario.php 39
ERROR - 2019-09-10 20:46:14 --> Severity: Notice --> Undefined property: stdClass::$id C:\wamp64\www\webpedidos\application\controllers\funcionario\Funcionario.php 39
ERROR - 2019-09-10 20:50:08 --> 404 Page Not Found: Assets/js
ERROR - 2019-09-10 20:50:08 --> 404 Page Not Found: Assets/js
ERROR - 2019-09-10 20:51:50 --> 404 Page Not Found: Assets/js
ERROR - 2019-09-10 20:51:50 --> 404 Page Not Found: Assets/js
ERROR - 2019-09-10 20:52:10 --> Query error: ERRO:  sintaxe de entrada é inválida para uuid: "33021887"
LINE 1: ...a", "senhavalidade", "email", "ativo") VALUES (2, '33021887'...
                                                             ^ - Invalid query: INSERT INTO "web_login" ("empresasiteid", "funcionarioid", "funcionariofilialmatricula", "grupoacessoid", "usuario", "senha", "senhavalidade", "email", "ativo") VALUES (2, '33021887', '33021887', 'ABAETEAU', 'ff56ceff-1cb3-46fe-a966-5d0804f3d81a', 'c4dc23e9707707777adeed3598c0d0d4', '10/09/2020', '3', 'true')
ERROR - 2019-09-10 21:16:26 --> 404 Page Not Found: Assets/js
ERROR - 2019-09-10 21:16:26 --> 404 Page Not Found: Assets/js
ERROR - 2019-09-10 21:19:30 --> 404 Page Not Found: Assets/js
ERROR - 2019-09-10 21:19:30 --> 404 Page Not Found: Assets/js
ERROR - 2019-09-10 21:20:01 --> Query error: ERRO:  valor nulo na coluna "funcionariofilialid" viola a restrição não-nula
DETAIL:  Registro que falhou contém (2092, 2, null, 33021887, 3, ABAA, c4dc23e9707707777adeed3598c0d0d4, 2020-09-10, null, minchettimarcello@gmail.com, t, 2017-09-29, 2017-09-29, ff56ceff-1cb3-46fe-a966-5d0804f3d81a). - Invalid query: INSERT INTO "web_login" ("empresasiteid", "funcionarioid", "funcionariofilialmatricula", "grupoacessoid", "usuario", "senha", "senhavalidade", "email", "ativo") VALUES (2, 'ff56ceff-1cb3-46fe-a966-5d0804f3d81a', '33021887', '3', 'ABAA', 'c4dc23e9707707777adeed3598c0d0d4', '10/09/2020', 'minchettimarcello@gmail.com', 'true')
ERROR - 2019-09-10 21:28:17 --> 404 Page Not Found: Assets/js
ERROR - 2019-09-10 21:28:17 --> 404 Page Not Found: Assets/js
ERROR - 2019-09-10 21:37:47 --> 404 Page Not Found: Assets/js
ERROR - 2019-09-10 21:37:47 --> 404 Page Not Found: Assets/js
ERROR - 2019-09-10 21:46:26 --> 404 Page Not Found: Assets/js
ERROR - 2019-09-10 21:46:26 --> 404 Page Not Found: Assets/js
ERROR - 2019-09-10 21:47:06 --> 404 Page Not Found: Assets/js
ERROR - 2019-09-10 21:47:06 --> 404 Page Not Found: Assets/js
