ERROR - 2019-08-14 10:58:48 --> Unable to connect to the database
ERROR - 2019-08-14 10:59:41 --> Unable to connect to the database
ERROR - 2019-08-14 11:23:24 --> Unable to connect to the database
ERROR - 2019-08-14 12:48:10 --> 404 Page Not Found: Assets/js
ERROR - 2019-08-14 12:48:10 --> 404 Page Not Found: Assets/js
ERROR - 2019-08-14 12:49:29 --> Severity: Warning --> Invalid argument supplied for foreach() C:\wamp64\www\webpedidos\application\controllers\pedido\Template.php 571
ERROR - 2019-08-14 12:49:29 --> Severity: Notice --> Undefined variable: resumo_produto C:\wamp64\www\webpedidos\application\controllers\pedido\Template.php 587
ERROR - 2019-08-14 12:49:36 --> Severity: Warning --> Invalid argument supplied for foreach() C:\wamp64\www\webpedidos\application\controllers\pedido\Template.php 571
ERROR - 2019-08-14 12:49:36 --> Severity: Notice --> Undefined variable: resumo_produto C:\wamp64\www\webpedidos\application\controllers\pedido\Template.php 587
ERROR - 2019-08-14 12:53:56 --> 404 Page Not Found: Assets/js
ERROR - 2019-08-14 12:53:56 --> 404 Page Not Found: Assets/js
ERROR - 2019-08-14 12:53:57 --> 404 Page Not Found: Assets/js
ERROR - 2019-08-14 12:53:57 --> 404 Page Not Found: Assets/js
ERROR - 2019-08-14 12:54:37 --> Unable to connect to the database
ERROR - 2019-08-14 12:54:40 --> 404 Page Not Found: Assets/js
ERROR - 2019-08-14 12:54:40 --> 404 Page Not Found: Assets/js
ERROR - 2019-08-14 12:56:15 --> Unable to connect to the database
ERROR - 2019-08-14 12:58:44 --> 404 Page Not Found: Assets/js
ERROR - 2019-08-14 12:58:44 --> 404 Page Not Found: Assets/js
ERROR - 2019-08-14 12:59:45 --> 404 Page Not Found: Assets/js
ERROR - 2019-08-14 12:59:45 --> 404 Page Not Found: Assets/js
ERROR - 2019-08-14 14:03:19 --> Severity: Warning --> Invalid argument supplied for foreach() C:\wamp64\www\webpedidos\application\controllers\pedido\Template.php 571
ERROR - 2019-08-14 14:03:19 --> Severity: Notice --> Undefined variable: resumo_produto C:\wamp64\www\webpedidos\application\controllers\pedido\Template.php 587
ERROR - 2019-08-14 14:03:19 --> Severity: Warning --> Invalid argument supplied for foreach() C:\wamp64\www\webpedidos\application\controllers\pedido\Template.php 571
ERROR - 2019-08-14 14:03:19 --> Severity: Notice --> Undefined variable: resumo_produto C:\wamp64\www\webpedidos\application\controllers\pedido\Template.php 587
ERROR - 2019-08-14 14:05:55 --> 404 Page Not Found: Assets/js
ERROR - 2019-08-14 14:05:55 --> 404 Page Not Found: Assets/js
ERROR - 2019-08-14 14:06:02 --> Severity: Warning --> Invalid argument supplied for foreach() C:\wamp64\www\webpedidos\application\controllers\pedido\Template.php 571
ERROR - 2019-08-14 14:06:02 --> Severity: Notice --> Undefined variable: resumo_produto C:\wamp64\www\webpedidos\application\controllers\pedido\Template.php 587
ERROR - 2019-08-14 14:06:02 --> Severity: Warning --> Invalid argument supplied for foreach() C:\wamp64\www\webpedidos\application\controllers\pedido\Template.php 571
ERROR - 2019-08-14 14:06:02 --> Severity: Notice --> Undefined variable: resumo_produto C:\wamp64\www\webpedidos\application\controllers\pedido\Template.php 587
ERROR - 2019-08-14 14:06:23 --> 404 Page Not Found: Assets/js
ERROR - 2019-08-14 14:06:23 --> 404 Page Not Found: Assets/js
ERROR - 2019-08-14 14:06:31 --> Severity: Warning --> Invalid argument supplied for foreach() C:\wamp64\www\webpedidos\application\controllers\pedido\Template.php 571
ERROR - 2019-08-14 14:06:31 --> Severity: Notice --> Undefined variable: resumo_produto C:\wamp64\www\webpedidos\application\controllers\pedido\Template.php 587
ERROR - 2019-08-14 14:06:31 --> Severity: Warning --> Invalid argument supplied for foreach() C:\wamp64\www\webpedidos\application\controllers\pedido\Template.php 571
ERROR - 2019-08-14 14:06:31 --> Severity: Notice --> Undefined variable: resumo_produto C:\wamp64\www\webpedidos\application\controllers\pedido\Template.php 587
ERROR - 2019-08-14 14:06:55 --> 404 Page Not Found: Assets/js
ERROR - 2019-08-14 14:06:55 --> 404 Page Not Found: Assets/js
ERROR - 2019-08-14 14:07:01 --> Severity: Warning --> Invalid argument supplied for foreach() C:\wamp64\www\webpedidos\application\controllers\pedido\Template.php 571
ERROR - 2019-08-14 14:07:01 --> Severity: Notice --> Undefined variable: resumo_produto C:\wamp64\www\webpedidos\application\controllers\pedido\Template.php 587
ERROR - 2019-08-14 14:07:01 --> Severity: Warning --> Invalid argument supplied for foreach() C:\wamp64\www\webpedidos\application\controllers\pedido\Template.php 571
ERROR - 2019-08-14 14:07:01 --> Severity: Notice --> Undefined variable: resumo_produto C:\wamp64\www\webpedidos\application\controllers\pedido\Template.php 587
ERROR - 2019-08-14 14:13:49 --> 404 Page Not Found: Assets/images
ERROR - 2019-08-14 14:13:49 --> 404 Page Not Found: Assets/images
ERROR - 2019-08-14 14:13:49 --> 404 Page Not Found: Assets/images
ERROR - 2019-08-14 14:20:12 --> 404 Page Not Found: Assets/js
ERROR - 2019-08-14 14:20:12 --> 404 Page Not Found: Assets/js
ERROR - 2019-08-14 14:20:19 --> Severity: Warning --> Invalid argument supplied for foreach() C:\wamp64\www\webpedidos\application\controllers\pedido\Template.php 571
ERROR - 2019-08-14 14:20:19 --> Severity: Notice --> Undefined variable: resumo_produto C:\wamp64\www\webpedidos\application\controllers\pedido\Template.php 587
ERROR - 2019-08-14 14:20:19 --> Severity: Warning --> Invalid argument supplied for foreach() C:\wamp64\www\webpedidos\application\controllers\pedido\Template.php 571
ERROR - 2019-08-14 14:20:19 --> Severity: Notice --> Undefined variable: resumo_produto C:\wamp64\www\webpedidos\application\controllers\pedido\Template.php 587
ERROR - 2019-08-14 14:21:44 --> 404 Page Not Found: Assets/js
ERROR - 2019-08-14 14:21:44 --> 404 Page Not Found: Assets/js
ERROR - 2019-08-14 14:21:54 --> 404 Page Not Found: Assets/images
ERROR - 2019-08-14 14:21:54 --> 404 Page Not Found: Assets/images
ERROR - 2019-08-14 14:29:22 --> 404 Page Not Found: Assets/js
ERROR - 2019-08-14 14:29:22 --> 404 Page Not Found: Assets/js
ERROR - 2019-08-14 14:29:33 --> Severity: Warning --> Invalid argument supplied for foreach() C:\wamp64\www\webpedidos\application\controllers\pedido\Template.php 571
ERROR - 2019-08-14 14:29:33 --> Severity: Notice --> Undefined variable: resumo_produto C:\wamp64\www\webpedidos\application\controllers\pedido\Template.php 587
ERROR - 2019-08-14 14:29:33 --> Severity: Warning --> Invalid argument supplied for foreach() C:\wamp64\www\webpedidos\application\controllers\pedido\Template.php 571
ERROR - 2019-08-14 14:29:33 --> Severity: Notice --> Undefined variable: resumo_produto C:\wamp64\www\webpedidos\application\controllers\pedido\Template.php 587
ERROR - 2019-08-14 14:34:41 --> 404 Page Not Found: Assets/js
ERROR - 2019-08-14 14:34:41 --> 404 Page Not Found: Assets/js
ERROR - 2019-08-14 14:34:50 --> Severity: Notice --> Undefined variable: produtos C:\wamp64\www\webpedidos\application\controllers\pedido\Template.php 401
ERROR - 2019-08-14 14:35:01 --> 404 Page Not Found: Assets/js
ERROR - 2019-08-14 14:35:01 --> 404 Page Not Found: Assets/js
ERROR - 2019-08-14 14:36:32 --> 404 Page Not Found: Assets/js
ERROR - 2019-08-14 14:36:32 --> 404 Page Not Found: Assets/js
ERROR - 2019-08-14 14:36:40 --> 404 Page Not Found: Assets/js
ERROR - 2019-08-14 14:36:40 --> 404 Page Not Found: Assets/js
ERROR - 2019-08-14 14:38:14 --> 404 Page Not Found: Assets/js
ERROR - 2019-08-14 14:38:14 --> 404 Page Not Found: Assets/js
ERROR - 2019-08-14 14:43:13 --> 404 Page Not Found: Assets/js
ERROR - 2019-08-14 14:43:13 --> 404 Page Not Found: Assets/js
ERROR - 2019-08-14 14:43:21 --> 404 Page Not Found: Assets/js
ERROR - 2019-08-14 14:43:21 --> 404 Page Not Found: Assets/js
ERROR - 2019-08-14 14:47:18 --> 404 Page Not Found: Assets/js
ERROR - 2019-08-14 14:47:18 --> 404 Page Not Found: Assets/js
ERROR - 2019-08-14 14:49:36 --> 404 Page Not Found: Assets/js
ERROR - 2019-08-14 14:49:36 --> 404 Page Not Found: Assets/js
ERROR - 2019-08-14 14:52:25 --> 404 Page Not Found: Assets/js
ERROR - 2019-08-14 14:52:25 --> 404 Page Not Found: Assets/js
ERROR - 2019-08-14 14:53:09 --> 404 Page Not Found: Assets/js
ERROR - 2019-08-14 14:53:09 --> 404 Page Not Found: Assets/js
ERROR - 2019-08-14 14:53:54 --> 404 Page Not Found: Assets/js
ERROR - 2019-08-14 14:53:54 --> 404 Page Not Found: Assets/js
ERROR - 2019-08-14 14:54:05 --> 404 Page Not Found: Assets/images
ERROR - 2019-08-14 14:54:05 --> 404 Page Not Found: Assets/images
ERROR - 2019-08-14 14:54:17 --> 404 Page Not Found: Assets/js
ERROR - 2019-08-14 14:54:17 --> 404 Page Not Found: Assets/js
ERROR - 2019-08-14 14:54:40 --> 404 Page Not Found: Assets/images
ERROR - 2019-08-14 14:54:40 --> 404 Page Not Found: Assets/images
ERROR - 2019-08-14 14:54:40 --> 404 Page Not Found: Assets/images
ERROR - 2019-08-14 14:54:40 --> 404 Page Not Found: Assets/images
ERROR - 2019-08-14 14:57:12 --> 404 Page Not Found: Assets/js
ERROR - 2019-08-14 14:57:12 --> 404 Page Not Found: Assets/js
ERROR - 2019-08-14 14:57:28 --> 404 Page Not Found: Assets/images
ERROR - 2019-08-14 14:57:28 --> 404 Page Not Found: Assets/images
ERROR - 2019-08-14 14:59:09 --> 404 Page Not Found: Assets/js
ERROR - 2019-08-14 14:59:09 --> 404 Page Not Found: Assets/js
ERROR - 2019-08-14 15:01:29 --> 404 Page Not Found: Assets/js
ERROR - 2019-08-14 15:01:29 --> 404 Page Not Found: Assets/js
ERROR - 2019-08-14 15:02:42 --> 404 Page Not Found: Assets/js
ERROR - 2019-08-14 15:02:42 --> 404 Page Not Found: Assets/js
ERROR - 2019-08-14 15:03:33 --> 404 Page Not Found: Assets/js
ERROR - 2019-08-14 15:03:33 --> 404 Page Not Found: Assets/js
ERROR - 2019-08-14 15:09:08 --> 404 Page Not Found: Assets/js
ERROR - 2019-08-14 15:09:09 --> 404 Page Not Found: Assets/js
ERROR - 2019-08-14 15:09:09 --> 404 Page Not Found: Assets/js
ERROR - 2019-08-14 15:09:09 --> 404 Page Not Found: Assets/js
ERROR - 2019-08-14 15:19:56 --> 404 Page Not Found: Assets/js
ERROR - 2019-08-14 15:19:56 --> 404 Page Not Found: Assets/js
ERROR - 2019-08-14 15:19:59 --> 404 Page Not Found: Assets/js
ERROR - 2019-08-14 15:19:59 --> 404 Page Not Found: Assets/js
ERROR - 2019-08-14 15:22:22 --> 404 Page Not Found: Assets/js
ERROR - 2019-08-14 15:22:22 --> 404 Page Not Found: Assets/js
ERROR - 2019-08-14 15:23:55 --> 404 Page Not Found: Assets/js
ERROR - 2019-08-14 15:23:55 --> 404 Page Not Found: Assets/js
ERROR - 2019-08-14 15:37:27 --> 404 Page Not Found: Assets/js
ERROR - 2019-08-14 15:37:27 --> 404 Page Not Found: Assets/js
ERROR - 2019-08-14 15:37:29 --> 404 Page Not Found: Assets/js
ERROR - 2019-08-14 15:37:29 --> 404 Page Not Found: Assets/js
ERROR - 2019-08-14 15:37:54 --> 404 Page Not Found: Assets/js
ERROR - 2019-08-14 15:37:54 --> 404 Page Not Found: Assets/js
ERROR - 2019-08-14 15:37:55 --> 404 Page Not Found: Assets/js
ERROR - 2019-08-14 15:37:55 --> 404 Page Not Found: Assets/js
ERROR - 2019-08-14 15:44:35 --> 404 Page Not Found: Assets/js
ERROR - 2019-08-14 15:44:35 --> 404 Page Not Found: Assets/js
ERROR - 2019-08-14 15:44:39 --> 404 Page Not Found: Assets/js
ERROR - 2019-08-14 15:44:39 --> 404 Page Not Found: Assets/js
ERROR - 2019-08-14 15:46:33 --> 404 Page Not Found: Assets/js
ERROR - 2019-08-14 15:46:33 --> 404 Page Not Found: Assets/js
ERROR - 2019-08-14 15:47:48 --> 404 Page Not Found: Assets/js
ERROR - 2019-08-14 15:47:48 --> 404 Page Not Found: Assets/js
ERROR - 2019-08-14 15:47:49 --> 404 Page Not Found: Assets/js
ERROR - 2019-08-14 15:47:49 --> 404 Page Not Found: Assets/js
ERROR - 2019-08-14 15:47:57 --> 404 Page Not Found: Assets/js
ERROR - 2019-08-14 15:47:57 --> 404 Page Not Found: Assets/js
ERROR - 2019-08-14 15:48:21 --> 404 Page Not Found: Assets/js
ERROR - 2019-08-14 15:48:21 --> 404 Page Not Found: Assets/js
ERROR - 2019-08-14 15:49:15 --> 404 Page Not Found: Assets/js
ERROR - 2019-08-14 15:49:15 --> 404 Page Not Found: Assets/js
ERROR - 2019-08-14 15:49:19 --> 404 Page Not Found: Assets/js
ERROR - 2019-08-14 15:49:19 --> 404 Page Not Found: Assets/js
ERROR - 2019-08-14 15:49:56 --> 404 Page Not Found: Assets/js
ERROR - 2019-08-14 15:49:56 --> 404 Page Not Found: Assets/js
ERROR - 2019-08-14 15:50:09 --> 404 Page Not Found: Assets/js
ERROR - 2019-08-14 15:50:09 --> 404 Page Not Found: Assets/js
ERROR - 2019-08-14 15:53:03 --> 404 Page Not Found: Assets/js
ERROR - 2019-08-14 15:53:03 --> 404 Page Not Found: Assets/js
ERROR - 2019-08-14 15:53:54 --> 404 Page Not Found: Assets/js
ERROR - 2019-08-14 15:53:54 --> 404 Page Not Found: Assets/js
ERROR - 2019-08-14 15:53:55 --> 404 Page Not Found: Assets/js
ERROR - 2019-08-14 15:53:55 --> 404 Page Not Found: Assets/js
ERROR - 2019-08-14 15:54:32 --> 404 Page Not Found: Assets/js
ERROR - 2019-08-14 15:54:32 --> 404 Page Not Found: Assets/js
ERROR - 2019-08-14 15:54:35 --> 404 Page Not Found: Assets/js
ERROR - 2019-08-14 15:54:35 --> 404 Page Not Found: Assets/js
ERROR - 2019-08-14 15:55:34 --> 404 Page Not Found: Assets/js
ERROR - 2019-08-14 15:55:34 --> 404 Page Not Found: Assets/js
ERROR - 2019-08-14 15:55:56 --> 404 Page Not Found: Assets/js
ERROR - 2019-08-14 15:55:56 --> 404 Page Not Found: Assets/js
ERROR - 2019-08-14 16:08:18 --> 404 Page Not Found: Assets/js
ERROR - 2019-08-14 16:08:18 --> 404 Page Not Found: Assets/js
ERROR - 2019-08-14 16:09:40 --> 404 Page Not Found: Assets/js
ERROR - 2019-08-14 16:09:40 --> 404 Page Not Found: Assets/js
ERROR - 2019-08-14 16:09:46 --> 404 Page Not Found: Assets/js
ERROR - 2019-08-14 16:09:46 --> 404 Page Not Found: Assets/js
ERROR - 2019-08-14 16:10:59 --> 404 Page Not Found: Assets/js
ERROR - 2019-08-14 16:10:59 --> 404 Page Not Found: Assets/js
ERROR - 2019-08-14 16:12:24 --> 404 Page Not Found: Assets/js
ERROR - 2019-08-14 16:12:24 --> 404 Page Not Found: Assets/js
ERROR - 2019-08-14 16:13:07 --> 404 Page Not Found: Assets/js
ERROR - 2019-08-14 16:13:07 --> 404 Page Not Found: Assets/js
ERROR - 2019-08-14 16:13:22 --> 404 Page Not Found: Assets/js
ERROR - 2019-08-14 16:13:22 --> 404 Page Not Found: Assets/js
ERROR - 2019-08-14 16:13:33 --> 404 Page Not Found: Assets/js
ERROR - 2019-08-14 16:13:33 --> 404 Page Not Found: Assets/js
ERROR - 2019-08-14 16:13:35 --> 404 Page Not Found: Assets/js
ERROR - 2019-08-14 16:13:35 --> 404 Page Not Found: Assets/js
ERROR - 2019-08-14 16:17:15 --> 404 Page Not Found: Assets/js
ERROR - 2019-08-14 16:17:15 --> 404 Page Not Found: Assets/js
ERROR - 2019-08-14 16:17:57 --> 404 Page Not Found: Assets/js
ERROR - 2019-08-14 16:17:57 --> 404 Page Not Found: Assets/js
ERROR - 2019-08-14 16:20:52 --> 404 Page Not Found: Assets/js
ERROR - 2019-08-14 16:20:52 --> 404 Page Not Found: Assets/js
ERROR - 2019-08-14 16:21:14 --> 404 Page Not Found: Assets/js
ERROR - 2019-08-14 16:21:14 --> 404 Page Not Found: Assets/js
ERROR - 2019-08-14 16:23:00 --> 404 Page Not Found: Assets/js
ERROR - 2019-08-14 16:23:00 --> 404 Page Not Found: Assets/js
ERROR - 2019-08-14 16:23:46 --> 404 Page Not Found: Assets/js
ERROR - 2019-08-14 16:23:46 --> 404 Page Not Found: Assets/js
ERROR - 2019-08-14 16:24:07 --> 404 Page Not Found: Assets/images
ERROR - 2019-08-14 16:24:07 --> 404 Page Not Found: Assets/images
ERROR - 2019-08-14 16:24:08 --> 404 Page Not Found: Assets/images
ERROR - 2019-08-14 16:24:12 --> 404 Page Not Found: Assets/images
ERROR - 2019-08-14 16:24:47 --> 404 Page Not Found: Assets/js
ERROR - 2019-08-14 16:24:47 --> 404 Page Not Found: Assets/js
ERROR - 2019-08-14 16:28:12 --> 404 Page Not Found: Assets/js
ERROR - 2019-08-14 16:28:12 --> 404 Page Not Found: Assets/js
ERROR - 2019-08-14 16:28:21 --> 404 Page Not Found: Assets/js
ERROR - 2019-08-14 16:28:21 --> 404 Page Not Found: Assets/js
ERROR - 2019-08-14 16:28:22 --> 404 Page Not Found: Assets/js
ERROR - 2019-08-14 16:28:22 --> 404 Page Not Found: Assets/js
ERROR - 2019-08-14 16:28:27 --> 404 Page Not Found: Assets/js
ERROR - 2019-08-14 16:28:27 --> 404 Page Not Found: Assets/js
ERROR - 2019-08-14 16:28:29 --> 404 Page Not Found: Assets/js
ERROR - 2019-08-14 16:28:29 --> 404 Page Not Found: Assets/js
ERROR - 2019-08-14 16:29:01 --> 404 Page Not Found: Assets/js
ERROR - 2019-08-14 16:29:01 --> 404 Page Not Found: Assets/js
ERROR - 2019-08-14 16:29:10 --> 404 Page Not Found: Assets/images
ERROR - 2019-08-14 16:29:10 --> 404 Page Not Found: Assets/images
ERROR - 2019-08-14 16:29:50 --> 404 Page Not Found: Assets/js
ERROR - 2019-08-14 16:29:50 --> 404 Page Not Found: Assets/js
ERROR - 2019-08-14 16:30:39 --> 404 Page Not Found: Assets/js
ERROR - 2019-08-14 16:30:39 --> 404 Page Not Found: Assets/js
ERROR - 2019-08-14 16:30:43 --> 404 Page Not Found: Assets/js
ERROR - 2019-08-14 16:30:43 --> 404 Page Not Found: Assets/js
ERROR - 2019-08-14 16:30:45 --> 404 Page Not Found: Assets/js
ERROR - 2019-08-14 16:30:45 --> 404 Page Not Found: Assets/js
ERROR - 2019-08-14 16:30:59 --> 404 Page Not Found: Assets/js
ERROR - 2019-08-14 16:30:59 --> 404 Page Not Found: Assets/js
ERROR - 2019-08-14 16:36:36 --> 404 Page Not Found: Assets/js
ERROR - 2019-08-14 16:36:36 --> 404 Page Not Found: Assets/js
ERROR - 2019-08-14 16:37:01 --> 404 Page Not Found: Assets/js
ERROR - 2019-08-14 16:37:01 --> 404 Page Not Found: Assets/js
ERROR - 2019-08-14 16:37:05 --> 404 Page Not Found: Assets/js
ERROR - 2019-08-14 16:37:05 --> 404 Page Not Found: Assets/js
ERROR - 2019-08-14 16:37:07 --> 404 Page Not Found: Assets/js
ERROR - 2019-08-14 16:37:07 --> 404 Page Not Found: Assets/js
ERROR - 2019-08-14 16:37:10 --> 404 Page Not Found: Assets/js
ERROR - 2019-08-14 16:37:10 --> 404 Page Not Found: Assets/js
ERROR - 2019-08-14 16:37:12 --> 404 Page Not Found: Assets/js
ERROR - 2019-08-14 16:37:12 --> 404 Page Not Found: Assets/js
ERROR - 2019-08-14 16:50:38 --> 404 Page Not Found: Assets/js
ERROR - 2019-08-14 16:50:38 --> 404 Page Not Found: Assets/js
ERROR - 2019-08-14 16:50:39 --> 404 Page Not Found: Assets/js
ERROR - 2019-08-14 16:50:39 --> 404 Page Not Found: Assets/js
ERROR - 2019-08-14 16:53:22 --> 404 Page Not Found: Assets/js
ERROR - 2019-08-14 16:53:22 --> 404 Page Not Found: Assets/js
ERROR - 2019-08-14 16:53:23 --> 404 Page Not Found: Assets/js
ERROR - 2019-08-14 16:53:23 --> 404 Page Not Found: Assets/js
ERROR - 2019-08-14 16:58:02 --> 404 Page Not Found: Assets/js
ERROR - 2019-08-14 16:58:02 --> 404 Page Not Found: Assets/js
ERROR - 2019-08-14 16:58:38 --> 404 Page Not Found: Assets/js
ERROR - 2019-08-14 16:58:38 --> 404 Page Not Found: Assets/js
ERROR - 2019-08-14 17:03:58 --> 404 Page Not Found: Assets/js
ERROR - 2019-08-14 17:03:58 --> 404 Page Not Found: Assets/js
ERROR - 2019-08-14 17:05:50 --> 404 Page Not Found: Assets/js
ERROR - 2019-08-14 17:05:50 --> 404 Page Not Found: Assets/js
ERROR - 2019-08-14 17:05:51 --> 404 Page Not Found: Assets/js
ERROR - 2019-08-14 17:05:51 --> 404 Page Not Found: Assets/js
ERROR - 2019-08-14 17:05:55 --> 404 Page Not Found: Assets/js
ERROR - 2019-08-14 17:05:55 --> 404 Page Not Found: Assets/js
ERROR - 2019-08-14 17:06:44 --> 404 Page Not Found: Assets/js
ERROR - 2019-08-14 17:06:44 --> 404 Page Not Found: Assets/js
ERROR - 2019-08-14 17:10:31 --> 404 Page Not Found: Assets/js
ERROR - 2019-08-14 17:10:31 --> 404 Page Not Found: Assets/js
