ERROR - 2018-10-02 09:22:18 --> 404 Page Not Found: Assets/js
ERROR - 2018-10-02 09:22:18 --> 404 Page Not Found: Assets/js
ERROR - 2018-10-02 09:22:43 --> Severity: Notice --> Use of undefined constant id - assumed 'id' C:\laragon\www\webpedidos\application\models\produto\Produto_model.php 126
ERROR - 2018-10-02 09:22:43 --> Severity: Notice --> Use of undefined constant id - assumed 'id' C:\laragon\www\webpedidos\application\models\produto\Produto_model.php 130
ERROR - 2018-10-02 09:22:43 --> Severity: Notice --> Array to string conversion C:\laragon\www\webpedidos\application\models\pedido\Requisicao_model.php 76
ERROR - 2018-10-02 09:24:39 --> 404 Page Not Found: Assets/js
ERROR - 2018-10-02 09:24:39 --> 404 Page Not Found: Assets/js
ERROR - 2018-10-02 09:25:36 --> Severity: Notice --> Use of undefined constant id - assumed 'id' C:\laragon\www\webpedidos\application\models\produto\Produto_model.php 126
ERROR - 2018-10-02 09:25:36 --> Severity: Notice --> Use of undefined constant id - assumed 'id' C:\laragon\www\webpedidos\application\models\produto\Produto_model.php 130
ERROR - 2018-10-02 09:25:36 --> Severity: Notice --> Array to string conversion C:\laragon\www\webpedidos\application\models\pedido\Requisicao_model.php 76
ERROR - 2018-10-02 09:36:25 --> 404 Page Not Found: Assets/js
ERROR - 2018-10-02 09:36:25 --> 404 Page Not Found: Assets/js
ERROR - 2018-10-02 09:37:33 --> 404 Page Not Found: Assets/js
ERROR - 2018-10-02 09:37:33 --> 404 Page Not Found: Assets/js
ERROR - 2018-10-02 09:37:47 --> Severity: Notice --> Use of undefined constant id - assumed 'id' C:\laragon\www\webpedidos\application\models\produto\Produto_model.php 130
ERROR - 2018-10-02 09:37:47 --> Severity: Notice --> Array to string conversion C:\laragon\www\webpedidos\application\models\pedido\Requisicao_model.php 76
ERROR - 2018-10-02 09:41:34 --> 404 Page Not Found: Assets/js
ERROR - 2018-10-02 09:41:34 --> 404 Page Not Found: Assets/js
ERROR - 2018-10-02 09:41:49 --> Severity: Notice --> Array to string conversion C:\laragon\www\system\database\DB_query_builder.php 683
ERROR - 2018-10-02 09:41:49 --> Query error: ERRO:  coluna "Array" não existe
LINE 3: WHERE "key_templates_funcionarios" = "Array"
                                             ^ - Invalid query: SELECT "key_produtos" AS "codigo", "quantidade", "key_partnumber" AS "partnumber", (SELECT preco FROM produtos WHERE codigo = key_produtos LIMIT 1) AS preco
FROM "template_funcionarios_itens"
WHERE "key_templates_funcionarios" = "Array"
ERROR - 2018-10-02 09:42:41 --> 404 Page Not Found: Assets/js
ERROR - 2018-10-02 09:42:41 --> 404 Page Not Found: Assets/js
ERROR - 2018-10-02 09:43:02 --> Severity: Notice --> Use of undefined constant id - assumed 'id' C:\laragon\www\webpedidos\application\models\produto\Produto_model.php 130
ERROR - 2018-10-02 09:43:02 --> Severity: Notice --> Array to string conversion C:\laragon\www\webpedidos\application\models\pedido\Requisicao_model.php 76
ERROR - 2018-10-02 09:44:03 --> 404 Page Not Found: Assets/js
ERROR - 2018-10-02 09:44:03 --> 404 Page Not Found: Assets/js
ERROR - 2018-10-02 09:44:09 --> Severity: Notice --> Use of undefined constant id - assumed 'id' C:\laragon\www\webpedidos\application\models\produto\Produto_model.php 130
ERROR - 2018-10-02 09:44:09 --> Severity: Notice --> Array to string conversion C:\laragon\www\webpedidos\application\models\pedido\Requisicao_model.php 76
ERROR - 2018-10-02 09:54:37 --> 404 Page Not Found: Assets/js
ERROR - 2018-10-02 09:54:37 --> 404 Page Not Found: Assets/js
ERROR - 2018-10-02 09:55:55 --> Severity: Notice --> Use of undefined constant id - assumed 'id' C:\laragon\www\webpedidos\application\models\produto\Produto_model.php 130
ERROR - 2018-10-02 09:59:59 --> 404 Page Not Found: Assets/js
ERROR - 2018-10-02 09:59:59 --> 404 Page Not Found: Assets/js
ERROR - 2018-10-02 10:00:07 --> Severity: Notice --> Use of undefined constant id - assumed 'id' C:\laragon\www\webpedidos\application\models\produto\Produto_model.php 130
ERROR - 2018-10-02 10:21:25 --> 404 Page Not Found: Assets/js
ERROR - 2018-10-02 10:21:26 --> 404 Page Not Found: Assets/js
ERROR - 2018-10-02 10:21:37 --> Severity: Notice --> Use of undefined constant id - assumed 'id' C:\laragon\www\webpedidos\application\models\produto\Produto_model.php 130
ERROR - 2018-10-02 10:23:50 --> 404 Page Not Found: Assets/js
ERROR - 2018-10-02 10:23:50 --> 404 Page Not Found: Assets/js
ERROR - 2018-10-02 10:24:50 --> Severity: Notice --> Use of undefined constant id - assumed 'id' C:\laragon\www\webpedidos\application\models\produto\Produto_model.php 130
ERROR - 2018-10-02 10:47:06 --> 404 Page Not Found: Assets/js
ERROR - 2018-10-02 10:47:06 --> 404 Page Not Found: Assets/js
ERROR - 2018-10-02 10:50:24 --> 404 Page Not Found: Assets/js
ERROR - 2018-10-02 10:50:24 --> 404 Page Not Found: Assets/js
ERROR - 2018-10-02 10:52:33 --> 404 Page Not Found: Assets/js
ERROR - 2018-10-02 10:52:34 --> 404 Page Not Found: Assets/js
ERROR - 2018-10-02 10:52:51 --> Severity: Notice --> Use of undefined constant console - assumed 'console' C:\laragon\www\webpedidos\application\models\pedido\Requisicao_model.php 265
ERROR - 2018-10-02 10:52:51 --> Severity: Warning --> log() expects parameter 1 to be float, string given C:\laragon\www\webpedidos\application\models\pedido\Requisicao_model.php 265
ERROR - 2018-10-02 10:58:11 --> 404 Page Not Found: Assets/js
ERROR - 2018-10-02 10:58:11 --> 404 Page Not Found: Assets/js
ERROR - 2018-10-02 11:01:41 --> 404 Page Not Found: Assets/js
ERROR - 2018-10-02 11:01:41 --> 404 Page Not Found: Assets/js
ERROR - 2018-10-02 11:02:53 --> 404 Page Not Found: Assets/js
ERROR - 2018-10-02 11:02:53 --> 404 Page Not Found: Assets/js
ERROR - 2018-10-02 11:10:12 --> 404 Page Not Found: Assets/js
ERROR - 2018-10-02 11:10:13 --> 404 Page Not Found: Assets/js
ERROR - 2018-10-02 11:19:12 --> 404 Page Not Found: Assets/js
ERROR - 2018-10-02 11:19:12 --> 404 Page Not Found: Assets/js
ERROR - 2018-10-02 11:20:16 --> 404 Page Not Found: Assets/js
ERROR - 2018-10-02 11:20:16 --> 404 Page Not Found: Assets/js
ERROR - 2018-10-02 11:21:42 --> 404 Page Not Found: Assets/js
ERROR - 2018-10-02 11:21:42 --> 404 Page Not Found: Assets/js
ERROR - 2018-10-02 11:24:11 --> 404 Page Not Found: Assets/js
ERROR - 2018-10-02 11:24:11 --> 404 Page Not Found: Assets/js
ERROR - 2018-10-02 11:39:33 --> 404 Page Not Found: Assets/js
ERROR - 2018-10-02 11:39:33 --> 404 Page Not Found: Assets/js
ERROR - 2018-10-02 13:30:22 --> 404 Page Not Found: Assets/js
ERROR - 2018-10-02 13:30:23 --> 404 Page Not Found: Assets/js
ERROR - 2018-10-02 13:47:22 --> 404 Page Not Found: Assets/js
ERROR - 2018-10-02 13:47:22 --> 404 Page Not Found: Assets/js
ERROR - 2018-10-02 16:27:07 --> 404 Page Not Found: Assets/js
ERROR - 2018-10-02 16:27:07 --> 404 Page Not Found: Assets/js
ERROR - 2018-10-02 16:50:43 --> 404 Page Not Found: Assets/js
ERROR - 2018-10-02 16:50:43 --> 404 Page Not Found: Assets/js
ERROR - 2018-10-02 16:52:02 --> 404 Page Not Found: Assets/js
ERROR - 2018-10-02 16:52:02 --> 404 Page Not Found: Assets/js
ERROR - 2018-10-02 16:52:16 --> 404 Page Not Found: Assets/images
ERROR - 2018-10-02 16:52:16 --> 404 Page Not Found: Assets/images
ERROR - 2018-10-02 16:52:16 --> 404 Page Not Found: Assets/images
ERROR - 2018-10-02 16:52:16 --> 404 Page Not Found: Assets/images
ERROR - 2018-10-02 16:54:35 --> 404 Page Not Found: Assets/js
ERROR - 2018-10-02 16:54:35 --> 404 Page Not Found: Assets/js
ERROR - 2018-10-02 16:54:51 --> 404 Page Not Found: Assets/images
ERROR - 2018-10-02 16:54:51 --> 404 Page Not Found: Assets/images
ERROR - 2018-10-02 16:54:51 --> 404 Page Not Found: Assets/images
ERROR - 2018-10-02 16:54:51 --> 404 Page Not Found: Assets/images
ERROR - 2018-10-02 16:55:35 --> 404 Page Not Found: Assets/js
ERROR - 2018-10-02 16:55:35 --> 404 Page Not Found: Assets/js
ERROR - 2018-10-02 16:55:38 --> Query error: ERRO:  operador não existe: character varying = integer
LINE 5: WHERE "tf"."key_templates" = 74
                                   ^
HINT:  Nenhum operador corresponde com o nome e o(s) tipo(s) de argumento(s) informados. Você precisa adicionar conversões de tipo explícitas. - Invalid query: SELECT "tf"."codigo", "tf"."key_clientes", "tf"."nome", "tf"."key_funcionarios", "tf"."key_funcionarios" AS "setor"
FROM "templates_funcionarios" "tf"
JOIN "funcionarios" "f" ON "f"."matricula" = "tf"."key_funcionarios" AND "f"."key_clientes" = "tf"."key_clientes"
JOIN "setor" "s" ON "s"."id_centro_custo" = "f"."key_setor" AND "s"."id_depto" = "f"."key_clientes"
WHERE "tf"."key_templates" = 74
ORDER BY "f"."nome" ASC
ERROR - 2018-10-02 16:55:38 --> Query error: ERRO:  operador não existe: character varying = integer
LINE 5: WHERE "tf"."key_templates" = 74
                                   ^
HINT:  Nenhum operador corresponde com o nome e o(s) tipo(s) de argumento(s) informados. Você precisa adicionar conversões de tipo explícitas. - Invalid query: SELECT "tf"."codigo", "tf"."key_clientes", "tf"."nome", "tf"."key_funcionarios", "tf"."key_funcionarios" AS "setor"
FROM "templates_funcionarios" "tf"
JOIN "funcionarios" "f" ON "f"."matricula" = "tf"."key_funcionarios" AND "f"."key_clientes" = "tf"."key_clientes"
JOIN "setor" "s" ON "s"."id_centro_custo" = "f"."key_setor" AND "s"."id_depto" = "f"."key_clientes"
WHERE "tf"."key_templates" = 74
ORDER BY "f"."nome" ASC
ERROR - 2018-10-02 16:55:42 --> Severity: Notice --> Undefined index: cliente C:\laragon\www\webpedidos\application\controllers\pedido\Template.php 335
ERROR - 2018-10-02 16:55:42 --> Severity: Notice --> Undefined index: cliente C:\laragon\www\webpedidos\application\controllers\pedido\Template.php 337
ERROR - 2018-10-02 16:55:42 --> Severity: Notice --> Undefined index: matricula C:\laragon\www\webpedidos\application\controllers\pedido\Template.php 339
ERROR - 2018-10-02 16:55:42 --> Severity: Notice --> Undefined index: id C:\laragon\www\webpedidos\application\models\produto\Produto_model.php 130
ERROR - 2018-10-02 16:55:42 --> Severity: Notice --> Undefined index: cliente C:\laragon\www\webpedidos\application\controllers\pedido\Template.php 335
ERROR - 2018-10-02 16:55:42 --> Severity: Notice --> Undefined index: cliente C:\laragon\www\webpedidos\application\controllers\pedido\Template.php 337
ERROR - 2018-10-02 16:55:42 --> Severity: Notice --> Undefined index: matricula C:\laragon\www\webpedidos\application\controllers\pedido\Template.php 339
ERROR - 2018-10-02 16:55:42 --> Severity: Notice --> Undefined index: id C:\laragon\www\webpedidos\application\models\produto\Produto_model.php 130
ERROR - 2018-10-02 16:55:42 --> Severity: Notice --> Undefined index: cliente C:\laragon\www\webpedidos\application\controllers\pedido\Template.php 335
ERROR - 2018-10-02 16:55:42 --> Severity: Notice --> Undefined index: cliente C:\laragon\www\webpedidos\application\controllers\pedido\Template.php 337
ERROR - 2018-10-02 16:55:42 --> Severity: Notice --> Undefined index: matricula C:\laragon\www\webpedidos\application\controllers\pedido\Template.php 339
ERROR - 2018-10-02 16:55:42 --> Severity: Notice --> Undefined index: id C:\laragon\www\webpedidos\application\models\produto\Produto_model.php 130
ERROR - 2018-10-02 16:55:42 --> Severity: Notice --> Undefined index: cliente C:\laragon\www\webpedidos\application\controllers\pedido\Template.php 335
ERROR - 2018-10-02 16:55:42 --> Severity: Notice --> Undefined index: cliente C:\laragon\www\webpedidos\application\controllers\pedido\Template.php 337
ERROR - 2018-10-02 16:55:42 --> Severity: Notice --> Undefined index: matricula C:\laragon\www\webpedidos\application\controllers\pedido\Template.php 339
ERROR - 2018-10-02 16:55:42 --> Severity: Notice --> Undefined index: id C:\laragon\www\webpedidos\application\models\produto\Produto_model.php 130
ERROR - 2018-10-02 16:55:42 --> Severity: Notice --> Undefined variable: produto C:\laragon\www\webpedidos\application\controllers\pedido\Template.php 419
ERROR - 2018-10-02 16:55:42 --> Query error: ERRO:  valor nulo na coluna "key_clientes" viola a restrição não-nula
DETAIL:  Registro que falhou contém (49720, null, 2018-10-02, 2018-10-02, null, null, 100, null, Aberto, ASDADDDDDDD, null, t, f, null, 2018-10-02 16:55:42, null, null, null, 1, LOJA, 71.340.830/0001-06, 0, 71.340.830/0001-06, 0). - Invalid query: INSERT INTO "pedidos" ("aprovar", "data_emissao", "data_fechado", "dh_aprovacao", "entrega_local", "entrega_turno", "id_centro_custo", "id_depto", "key_clientes", "key_clientes_aprovador", "key_clientes_solicitante", "key_funcionarios", "key_funcionarios_aprovador", "key_funcionarios_solicitante", "numero", "obs") VALUES ('1','2018-10-02',NULL,'2018-10-02 16:55:42','LOJA',1,'100',NULL,NULL,'71.340.830/0001-06','71.340.830/0001-06',NULL,'0','0',49720,'ASDADDDDDDD'), ('1','2018-10-02',NULL,'2018-10-02 16:55:42','LOJA',1,'100',NULL,NULL,'71.340.830/0001-06','71.340.830/0001-06',NULL,'0','0',49721,'ASDADDDDDDD'), ('1','2018-10-02',NULL,'2018-10-02 16:55:42','LOJA',1,'100',NULL,NULL,'71.340.830/0001-06','71.340.830/0001-06',NULL,'0','0',49722,'ASDADDDDDDD'), ('1','2018-10-02',NULL,'2018-10-02 16:55:42','LOJA',1,'100',NULL,NULL,'71.340.830/0001-06','71.340.830/0001-06',NULL,'0','0',49723,'ASDADDDDDDD')
ERROR - 2018-10-02 16:55:42 --> Severity: Warning --> Cannot modify header information - headers already sent by (output started at C:\laragon\www\system\core\Exceptions.php:271) C:\laragon\www\system\core\Common.php 570
ERROR - 2018-10-02 16:58:31 --> 404 Page Not Found: Assets/js
ERROR - 2018-10-02 16:58:31 --> 404 Page Not Found: Assets/js
ERROR - 2018-10-02 16:59:06 --> Query error: ERRO:  operador não existe: character varying = integer
LINE 5: WHERE "tf"."key_templates" = 74
                                   ^
HINT:  Nenhum operador corresponde com o nome e o(s) tipo(s) de argumento(s) informados. Você precisa adicionar conversões de tipo explícitas. - Invalid query: SELECT "tf"."codigo", "tf"."key_clientes", "tf"."nome", "tf"."key_funcionarios", "tf"."key_funcionarios" AS "setor"
FROM "templates_funcionarios" "tf"
JOIN "funcionarios" "f" ON "f"."matricula" = "tf"."key_funcionarios" AND "f"."key_clientes" = "tf"."key_clientes"
JOIN "setor" "s" ON "s"."id_centro_custo" = "f"."key_setor" AND "s"."id_depto" = "f"."key_clientes"
WHERE "tf"."key_templates" = 74
ORDER BY "f"."nome" ASC
ERROR - 2018-10-02 16:59:07 --> Query error: ERRO:  operador não existe: character varying = integer
LINE 5: WHERE "tf"."key_templates" = 74
                                   ^
HINT:  Nenhum operador corresponde com o nome e o(s) tipo(s) de argumento(s) informados. Você precisa adicionar conversões de tipo explícitas. - Invalid query: SELECT "tf"."codigo", "tf"."key_clientes", "tf"."nome", "tf"."key_funcionarios", "tf"."key_funcionarios" AS "setor"
FROM "templates_funcionarios" "tf"
JOIN "funcionarios" "f" ON "f"."matricula" = "tf"."key_funcionarios" AND "f"."key_clientes" = "tf"."key_clientes"
JOIN "setor" "s" ON "s"."id_centro_custo" = "f"."key_setor" AND "s"."id_depto" = "f"."key_clientes"
WHERE "tf"."key_templates" = 74
ORDER BY "f"."nome" ASC
ERROR - 2018-10-02 16:59:11 --> Severity: Notice --> Undefined index: cliente C:\laragon\www\webpedidos\application\controllers\pedido\Template.php 335
ERROR - 2018-10-02 16:59:11 --> Severity: Notice --> Undefined index: cliente C:\laragon\www\webpedidos\application\controllers\pedido\Template.php 337
ERROR - 2018-10-02 16:59:11 --> Severity: Notice --> Undefined index: matricula C:\laragon\www\webpedidos\application\controllers\pedido\Template.php 339
ERROR - 2018-10-02 16:59:11 --> Severity: Notice --> Undefined index: id C:\laragon\www\webpedidos\application\models\produto\Produto_model.php 130
ERROR - 2018-10-02 16:59:12 --> Severity: Notice --> Undefined index: cliente C:\laragon\www\webpedidos\application\controllers\pedido\Template.php 335
ERROR - 2018-10-02 16:59:12 --> Severity: Notice --> Undefined index: cliente C:\laragon\www\webpedidos\application\controllers\pedido\Template.php 337
ERROR - 2018-10-02 16:59:12 --> Severity: Notice --> Undefined index: matricula C:\laragon\www\webpedidos\application\controllers\pedido\Template.php 339
ERROR - 2018-10-02 16:59:12 --> Severity: Notice --> Undefined index: id C:\laragon\www\webpedidos\application\models\produto\Produto_model.php 130
ERROR - 2018-10-02 16:59:12 --> Severity: Notice --> Undefined index: cliente C:\laragon\www\webpedidos\application\controllers\pedido\Template.php 335
ERROR - 2018-10-02 16:59:12 --> Severity: Notice --> Undefined index: cliente C:\laragon\www\webpedidos\application\controllers\pedido\Template.php 337
ERROR - 2018-10-02 16:59:12 --> Severity: Notice --> Undefined index: matricula C:\laragon\www\webpedidos\application\controllers\pedido\Template.php 339
ERROR - 2018-10-02 16:59:12 --> Severity: Notice --> Undefined index: id C:\laragon\www\webpedidos\application\models\produto\Produto_model.php 130
ERROR - 2018-10-02 16:59:12 --> Severity: Notice --> Undefined index: cliente C:\laragon\www\webpedidos\application\controllers\pedido\Template.php 335
ERROR - 2018-10-02 16:59:12 --> Severity: Notice --> Undefined index: cliente C:\laragon\www\webpedidos\application\controllers\pedido\Template.php 337
ERROR - 2018-10-02 16:59:12 --> Severity: Notice --> Undefined index: matricula C:\laragon\www\webpedidos\application\controllers\pedido\Template.php 339
ERROR - 2018-10-02 16:59:12 --> Severity: Notice --> Undefined index: id C:\laragon\www\webpedidos\application\models\produto\Produto_model.php 130
ERROR - 2018-10-02 16:59:12 --> Severity: Notice --> Undefined variable: produto C:\laragon\www\webpedidos\application\controllers\pedido\Template.php 419
ERROR - 2018-10-02 16:59:12 --> Query error: ERRO:  valor nulo na coluna "key_clientes" viola a restrição não-nula
DETAIL:  Registro que falhou contém (49724, null, 2018-10-02, 2018-10-02, null, null, 100, null, Aberto, ASDADDDDDDD, null, t, f, null, 2018-10-02 16:59:11, null, null, null, 1, LOJA, 71.340.830/0001-06, 0, 71.340.830/0001-06, 0). - Invalid query: INSERT INTO "pedidos" ("aprovar", "data_emissao", "data_fechado", "dh_aprovacao", "entrega_local", "entrega_turno", "id_centro_custo", "id_depto", "key_clientes", "key_clientes_aprovador", "key_clientes_solicitante", "key_funcionarios", "key_funcionarios_aprovador", "key_funcionarios_solicitante", "numero", "obs") VALUES ('1','2018-10-02',NULL,'2018-10-02 16:59:11','LOJA',1,'100',NULL,NULL,'71.340.830/0001-06','71.340.830/0001-06',NULL,'0','0',49724,'ASDADDDDDDD'), ('1','2018-10-02',NULL,'2018-10-02 16:59:11','LOJA',1,'100',NULL,NULL,'71.340.830/0001-06','71.340.830/0001-06',NULL,'0','0',49725,'ASDADDDDDDD'), ('1','2018-10-02',NULL,'2018-10-02 16:59:11','LOJA',1,'100',NULL,NULL,'71.340.830/0001-06','71.340.830/0001-06',NULL,'0','0',49726,'ASDADDDDDDD'), ('1','2018-10-02',NULL,'2018-10-02 16:59:11','LOJA',1,'100',NULL,NULL,'71.340.830/0001-06','71.340.830/0001-06',NULL,'0','0',49727,'ASDADDDDDDD')
ERROR - 2018-10-02 16:59:12 --> Severity: Warning --> Cannot modify header information - headers already sent by (output started at C:\laragon\www\system\core\Exceptions.php:271) C:\laragon\www\system\core\Common.php 570
ERROR - 2018-10-02 16:59:44 --> 404 Page Not Found: Assets/js
ERROR - 2018-10-02 16:59:44 --> 404 Page Not Found: Assets/js
ERROR - 2018-10-02 17:00:50 --> Query error: ERRO:  operador não existe: character varying = integer
LINE 5: WHERE "tf"."key_templates" = 73
                                   ^
HINT:  Nenhum operador corresponde com o nome e o(s) tipo(s) de argumento(s) informados. Você precisa adicionar conversões de tipo explícitas. - Invalid query: SELECT "tf"."codigo", "tf"."key_clientes", "tf"."nome", "tf"."key_funcionarios", "tf"."key_funcionarios" AS "setor"
FROM "templates_funcionarios" "tf"
JOIN "funcionarios" "f" ON "f"."matricula" = "tf"."key_funcionarios" AND "f"."key_clientes" = "tf"."key_clientes"
JOIN "setor" "s" ON "s"."id_centro_custo" = "f"."key_setor" AND "s"."id_depto" = "f"."key_clientes"
WHERE "tf"."key_templates" = 73
ORDER BY "f"."nome" ASC
ERROR - 2018-10-02 17:00:50 --> Query error: ERRO:  operador não existe: character varying = integer
LINE 5: WHERE "tf"."key_templates" = 73
                                   ^
HINT:  Nenhum operador corresponde com o nome e o(s) tipo(s) de argumento(s) informados. Você precisa adicionar conversões de tipo explícitas. - Invalid query: SELECT "tf"."codigo", "tf"."key_clientes", "tf"."nome", "tf"."key_funcionarios", "tf"."key_funcionarios" AS "setor"
FROM "templates_funcionarios" "tf"
JOIN "funcionarios" "f" ON "f"."matricula" = "tf"."key_funcionarios" AND "f"."key_clientes" = "tf"."key_clientes"
JOIN "setor" "s" ON "s"."id_centro_custo" = "f"."key_setor" AND "s"."id_depto" = "f"."key_clientes"
WHERE "tf"."key_templates" = 73
ORDER BY "f"."nome" ASC
ERROR - 2018-10-02 17:00:57 --> Severity: Notice --> Undefined index: cliente C:\laragon\www\webpedidos\application\controllers\pedido\Template.php 335
ERROR - 2018-10-02 17:00:57 --> Severity: Notice --> Undefined index: cliente C:\laragon\www\webpedidos\application\controllers\pedido\Template.php 337
ERROR - 2018-10-02 17:00:57 --> Severity: Notice --> Undefined index: matricula C:\laragon\www\webpedidos\application\controllers\pedido\Template.php 339
ERROR - 2018-10-02 17:00:57 --> Severity: Notice --> Undefined index: id C:\laragon\www\webpedidos\application\models\produto\Produto_model.php 130
ERROR - 2018-10-02 17:00:57 --> Severity: Notice --> Undefined index: cliente C:\laragon\www\webpedidos\application\controllers\pedido\Template.php 335
ERROR - 2018-10-02 17:00:57 --> Severity: Notice --> Undefined index: cliente C:\laragon\www\webpedidos\application\controllers\pedido\Template.php 337
ERROR - 2018-10-02 17:00:57 --> Severity: Notice --> Undefined index: matricula C:\laragon\www\webpedidos\application\controllers\pedido\Template.php 339
ERROR - 2018-10-02 17:00:57 --> Severity: Notice --> Undefined index: id C:\laragon\www\webpedidos\application\models\produto\Produto_model.php 130
ERROR - 2018-10-02 17:00:57 --> Severity: Notice --> Undefined index: cliente C:\laragon\www\webpedidos\application\controllers\pedido\Template.php 335
ERROR - 2018-10-02 17:00:57 --> Severity: Notice --> Undefined index: cliente C:\laragon\www\webpedidos\application\controllers\pedido\Template.php 337
ERROR - 2018-10-02 17:00:57 --> Severity: Notice --> Undefined index: matricula C:\laragon\www\webpedidos\application\controllers\pedido\Template.php 339
ERROR - 2018-10-02 17:00:57 --> Severity: Notice --> Undefined index: id C:\laragon\www\webpedidos\application\models\produto\Produto_model.php 130
ERROR - 2018-10-02 17:00:57 --> Severity: Notice --> Undefined index: cliente C:\laragon\www\webpedidos\application\controllers\pedido\Template.php 335
ERROR - 2018-10-02 17:00:57 --> Severity: Notice --> Undefined index: cliente C:\laragon\www\webpedidos\application\controllers\pedido\Template.php 337
ERROR - 2018-10-02 17:00:57 --> Severity: Notice --> Undefined index: matricula C:\laragon\www\webpedidos\application\controllers\pedido\Template.php 339
ERROR - 2018-10-02 17:00:57 --> Severity: Notice --> Undefined index: id C:\laragon\www\webpedidos\application\models\produto\Produto_model.php 130
ERROR - 2018-10-02 17:00:58 --> Severity: Notice --> Undefined variable: produto C:\laragon\www\webpedidos\application\controllers\pedido\Template.php 419
ERROR - 2018-10-02 17:00:58 --> Query error: ERRO:  valor nulo na coluna "key_clientes" viola a restrição não-nula
DETAIL:  Registro que falhou contém (49728, null, 2018-10-02, 2018-10-02, null, null, 100, null, Aberto, AAAA, null, t, f, null, 2018-10-02 17:00:57, null, null, null, 1, LOJA, 71.340.830/0001-06, 0, 71.340.830/0001-06, 0). - Invalid query: INSERT INTO "pedidos" ("aprovar", "data_emissao", "data_fechado", "dh_aprovacao", "entrega_local", "entrega_turno", "id_centro_custo", "id_depto", "key_clientes", "key_clientes_aprovador", "key_clientes_solicitante", "key_funcionarios", "key_funcionarios_aprovador", "key_funcionarios_solicitante", "numero", "obs") VALUES ('1','2018-10-02',NULL,'2018-10-02 17:00:57','LOJA',1,'100',NULL,NULL,'71.340.830/0001-06','71.340.830/0001-06',NULL,'0','0',49728,'AAAA'), ('1','2018-10-02',NULL,'2018-10-02 17:00:57','LOJA',1,'100',NULL,NULL,'71.340.830/0001-06','71.340.830/0001-06',NULL,'0','0',49729,'AAAA'), ('1','2018-10-02',NULL,'2018-10-02 17:00:57','LOJA',1,'100',NULL,NULL,'71.340.830/0001-06','71.340.830/0001-06',NULL,'0','0',49730,'AAAA'), ('1','2018-10-02',NULL,'2018-10-02 17:00:57','LOJA',1,'100',NULL,NULL,'71.340.830/0001-06','71.340.830/0001-06',NULL,'0','0',49731,'AAAA')
ERROR - 2018-10-02 17:00:58 --> Severity: Warning --> Cannot modify header information - headers already sent by (output started at C:\laragon\www\system\core\Exceptions.php:271) C:\laragon\www\system\core\Common.php 570
ERROR - 2018-10-02 17:01:03 --> 404 Page Not Found: Assets/js
ERROR - 2018-10-02 17:01:03 --> 404 Page Not Found: Assets/js
ERROR - 2018-10-02 17:01:12 --> Query error: ERRO:  operador não existe: character varying = integer
LINE 5: WHERE "tf"."key_templates" = 74
                                   ^
HINT:  Nenhum operador corresponde com o nome e o(s) tipo(s) de argumento(s) informados. Você precisa adicionar conversões de tipo explícitas. - Invalid query: SELECT "tf"."codigo", "tf"."key_clientes", "tf"."nome", "tf"."key_funcionarios", "tf"."key_funcionarios" AS "setor"
FROM "templates_funcionarios" "tf"
JOIN "funcionarios" "f" ON "f"."matricula" = "tf"."key_funcionarios" AND "f"."key_clientes" = "tf"."key_clientes"
JOIN "setor" "s" ON "s"."id_centro_custo" = "f"."key_setor" AND "s"."id_depto" = "f"."key_clientes"
WHERE "tf"."key_templates" = 74
ORDER BY "f"."nome" ASC
ERROR - 2018-10-02 17:01:13 --> Query error: ERRO:  operador não existe: character varying = integer
LINE 5: WHERE "tf"."key_templates" = 74
                                   ^
HINT:  Nenhum operador corresponde com o nome e o(s) tipo(s) de argumento(s) informados. Você precisa adicionar conversões de tipo explícitas. - Invalid query: SELECT "tf"."codigo", "tf"."key_clientes", "tf"."nome", "tf"."key_funcionarios", "tf"."key_funcionarios" AS "setor"
FROM "templates_funcionarios" "tf"
JOIN "funcionarios" "f" ON "f"."matricula" = "tf"."key_funcionarios" AND "f"."key_clientes" = "tf"."key_clientes"
JOIN "setor" "s" ON "s"."id_centro_custo" = "f"."key_setor" AND "s"."id_depto" = "f"."key_clientes"
WHERE "tf"."key_templates" = 74
ORDER BY "f"."nome" ASC
ERROR - 2018-10-02 17:01:44 --> Query error: ERRO:  operador não existe: character varying = integer
LINE 5: WHERE "tf"."key_templates" = 69
                                   ^
HINT:  Nenhum operador corresponde com o nome e o(s) tipo(s) de argumento(s) informados. Você precisa adicionar conversões de tipo explícitas. - Invalid query: SELECT "tf"."codigo", "tf"."key_clientes", "tf"."nome", "tf"."key_funcionarios", "tf"."key_funcionarios" AS "setor"
FROM "templates_funcionarios" "tf"
JOIN "funcionarios" "f" ON "f"."matricula" = "tf"."key_funcionarios" AND "f"."key_clientes" = "tf"."key_clientes"
JOIN "setor" "s" ON "s"."id_centro_custo" = "f"."key_setor" AND "s"."id_depto" = "f"."key_clientes"
WHERE "tf"."key_templates" = 69
ORDER BY "f"."nome" ASC
ERROR - 2018-10-02 17:01:44 --> Query error: ERRO:  operador não existe: character varying = integer
LINE 5: WHERE "tf"."key_templates" = 69
                                   ^
HINT:  Nenhum operador corresponde com o nome e o(s) tipo(s) de argumento(s) informados. Você precisa adicionar conversões de tipo explícitas. - Invalid query: SELECT "tf"."codigo", "tf"."key_clientes", "tf"."nome", "tf"."key_funcionarios", "tf"."key_funcionarios" AS "setor"
FROM "templates_funcionarios" "tf"
JOIN "funcionarios" "f" ON "f"."matricula" = "tf"."key_funcionarios" AND "f"."key_clientes" = "tf"."key_clientes"
JOIN "setor" "s" ON "s"."id_centro_custo" = "f"."key_setor" AND "s"."id_depto" = "f"."key_clientes"
WHERE "tf"."key_templates" = 69
ORDER BY "f"."nome" ASC
ERROR - 2018-10-02 17:03:13 --> 404 Page Not Found: Assets/js
ERROR - 2018-10-02 17:03:14 --> 404 Page Not Found: Assets/js
ERROR - 2018-10-02 17:03:18 --> Query error: ERRO:  operador não existe: character varying = integer
LINE 5: WHERE "tf"."key_templates" = 74
                                   ^
HINT:  Nenhum operador corresponde com o nome e o(s) tipo(s) de argumento(s) informados. Você precisa adicionar conversões de tipo explícitas. - Invalid query: SELECT "tf"."codigo", "tf"."key_clientes", "tf"."nome", "tf"."key_funcionarios", "tf"."key_funcionarios" AS "setor"
FROM "templates_funcionarios" "tf"
JOIN "funcionarios" "f" ON "f"."matricula" = "tf"."key_funcionarios" AND "f"."key_clientes" = "tf"."key_clientes"
JOIN "setor" "s" ON "s"."id_centro_custo" = "f"."key_setor" AND "s"."id_depto" = "f"."key_clientes"
WHERE "tf"."key_templates" = 74
ORDER BY "f"."nome" ASC
ERROR - 2018-10-02 17:03:18 --> Query error: ERRO:  operador não existe: character varying = integer
LINE 5: WHERE "tf"."key_templates" = 74
                                   ^
HINT:  Nenhum operador corresponde com o nome e o(s) tipo(s) de argumento(s) informados. Você precisa adicionar conversões de tipo explícitas. - Invalid query: SELECT "tf"."codigo", "tf"."key_clientes", "tf"."nome", "tf"."key_funcionarios", "tf"."key_funcionarios" AS "setor"
FROM "templates_funcionarios" "tf"
JOIN "funcionarios" "f" ON "f"."matricula" = "tf"."key_funcionarios" AND "f"."key_clientes" = "tf"."key_clientes"
JOIN "setor" "s" ON "s"."id_centro_custo" = "f"."key_setor" AND "s"."id_depto" = "f"."key_clientes"
WHERE "tf"."key_templates" = 74
ORDER BY "f"."nome" ASC
ERROR - 2018-10-02 17:03:54 --> Query error: ERRO:  operador não existe: character varying = integer
LINE 5: WHERE "tf"."key_templates" = 74
                                   ^
HINT:  Nenhum operador corresponde com o nome e o(s) tipo(s) de argumento(s) informados. Você precisa adicionar conversões de tipo explícitas. - Invalid query: SELECT "tf"."codigo", "tf"."key_clientes", "tf"."nome", "tf"."key_funcionarios", "tf"."key_funcionarios" AS "setor"
FROM "templates_funcionarios" "tf"
JOIN "funcionarios" "f" ON "f"."matricula" = "tf"."key_funcionarios" AND "f"."key_clientes" = "tf"."key_clientes"
JOIN "setor" "s" ON "s"."id_centro_custo" = "f"."key_setor" AND "s"."id_depto" = "f"."key_clientes"
WHERE "tf"."key_templates" = 74
ORDER BY "f"."nome" ASC
ERROR - 2018-10-02 17:03:55 --> Query error: ERRO:  operador não existe: character varying = integer
LINE 5: WHERE "tf"."key_templates" = 74
                                   ^
HINT:  Nenhum operador corresponde com o nome e o(s) tipo(s) de argumento(s) informados. Você precisa adicionar conversões de tipo explícitas. - Invalid query: SELECT "tf"."codigo", "tf"."key_clientes", "tf"."nome", "tf"."key_funcionarios", "tf"."key_funcionarios" AS "setor"
FROM "templates_funcionarios" "tf"
JOIN "funcionarios" "f" ON "f"."matricula" = "tf"."key_funcionarios" AND "f"."key_clientes" = "tf"."key_clientes"
JOIN "setor" "s" ON "s"."id_centro_custo" = "f"."key_setor" AND "s"."id_depto" = "f"."key_clientes"
WHERE "tf"."key_templates" = 74
ORDER BY "f"."nome" ASC
ERROR - 2018-10-02 17:04:46 --> 404 Page Not Found: Assets/js
ERROR - 2018-10-02 17:04:46 --> 404 Page Not Found: Assets/js
ERROR - 2018-10-02 17:04:48 --> Severity: error --> Exception: syntax error, unexpected 'AS' (T_AS), expecting ',' or ')' C:\laragon\www\webpedidos\application\controllers\pedido\Template.php 229
ERROR - 2018-10-02 17:05:13 --> Severity: error --> Exception: syntax error, unexpected 'AS' (T_AS), expecting ',' or ')' C:\laragon\www\webpedidos\application\controllers\pedido\Template.php 229
ERROR - 2018-10-02 17:05:17 --> Severity: error --> Exception: syntax error, unexpected 'AS' (T_AS), expecting ',' or ')' C:\laragon\www\webpedidos\application\controllers\pedido\Template.php 229
ERROR - 2018-10-02 17:05:19 --> Severity: error --> Exception: syntax error, unexpected 'AS' (T_AS), expecting ',' or ')' C:\laragon\www\webpedidos\application\controllers\pedido\Template.php 229
ERROR - 2018-10-02 17:05:19 --> Severity: error --> Exception: syntax error, unexpected 'AS' (T_AS), expecting ',' or ')' C:\laragon\www\webpedidos\application\controllers\pedido\Template.php 229
ERROR - 2018-10-02 17:06:30 --> 404 Page Not Found: Assets/js
ERROR - 2018-10-02 17:06:30 --> 404 Page Not Found: Assets/js
ERROR - 2018-10-02 17:06:32 --> Severity: error --> Exception: syntax error, unexpected 'AS' (T_AS), expecting ',' or ')' C:\laragon\www\webpedidos\application\controllers\pedido\Template.php 229
ERROR - 2018-10-02 17:09:01 --> 404 Page Not Found: Assets/js
ERROR - 2018-10-02 17:09:01 --> 404 Page Not Found: Assets/js
ERROR - 2018-10-02 17:09:14 --> Query error: ERRO:  operador não existe: character varying = integer
LINE 5: WHERE "tf"."key_templates" = 73
                                   ^
HINT:  Nenhum operador corresponde com o nome e o(s) tipo(s) de argumento(s) informados. Você precisa adicionar conversões de tipo explícitas. - Invalid query: SELECT "tf"."codigo", "tf"."key_clientes", "tf"."nome", "tf"."key_funcionarios", "tf"."key_funcionarios" AS "setor"
FROM "templates_funcionarios" "tf"
JOIN "funcionarios" "f" ON "f"."matricula" = "tf"."key_funcionarios" AND "f"."key_clientes" = "tf"."key_clientes"
JOIN "setor" "s" ON "s"."id_centro_custo" = "f"."key_setor" AND "s"."id_depto" = "f"."key_clientes"
WHERE "tf"."key_templates" = 73
ORDER BY "f"."nome" ASC
ERROR - 2018-10-02 17:09:15 --> Query error: ERRO:  operador não existe: character varying = integer
LINE 5: WHERE "tf"."key_templates" = 73
                                   ^
HINT:  Nenhum operador corresponde com o nome e o(s) tipo(s) de argumento(s) informados. Você precisa adicionar conversões de tipo explícitas. - Invalid query: SELECT "tf"."codigo", "tf"."key_clientes", "tf"."nome", "tf"."key_funcionarios", "tf"."key_funcionarios" AS "setor"
FROM "templates_funcionarios" "tf"
JOIN "funcionarios" "f" ON "f"."matricula" = "tf"."key_funcionarios" AND "f"."key_clientes" = "tf"."key_clientes"
JOIN "setor" "s" ON "s"."id_centro_custo" = "f"."key_setor" AND "s"."id_depto" = "f"."key_clientes"
WHERE "tf"."key_templates" = 73
ORDER BY "f"."nome" ASC
ERROR - 2018-10-02 17:11:52 --> 404 Page Not Found: Assets/js
ERROR - 2018-10-02 17:11:52 --> 404 Page Not Found: Assets/js
ERROR - 2018-10-02 17:12:55 --> Query error: ERRO:  operador não existe: character varying = integer
LINE 5: WHERE "tf"."key_templates" = 73
                                   ^
HINT:  Nenhum operador corresponde com o nome e o(s) tipo(s) de argumento(s) informados. Você precisa adicionar conversões de tipo explícitas. - Invalid query: SELECT "tf"."codigo", "tf"."key_clientes", "tf"."nome", "tf"."key_funcionarios", "tf"."key_funcionarios" AS "setor"
FROM "templates_funcionarios" "tf"
JOIN "funcionarios" "f" ON "f"."matricula" = "tf"."key_funcionarios" AND "f"."key_clientes" = "tf"."key_clientes"
JOIN "setor" "s" ON "s"."id_centro_custo" = "f"."key_setor" AND "s"."id_depto" = "f"."key_clientes"
WHERE "tf"."key_templates" = 73
ORDER BY "f"."nome" ASC
ERROR - 2018-10-02 17:12:55 --> Query error: ERRO:  operador não existe: character varying = integer
LINE 5: WHERE "tf"."key_templates" = 73
                                   ^
HINT:  Nenhum operador corresponde com o nome e o(s) tipo(s) de argumento(s) informados. Você precisa adicionar conversões de tipo explícitas. - Invalid query: SELECT "tf"."codigo", "tf"."key_clientes", "tf"."nome", "tf"."key_funcionarios", "tf"."key_funcionarios" AS "setor"
FROM "templates_funcionarios" "tf"
JOIN "funcionarios" "f" ON "f"."matricula" = "tf"."key_funcionarios" AND "f"."key_clientes" = "tf"."key_clientes"
JOIN "setor" "s" ON "s"."id_centro_custo" = "f"."key_setor" AND "s"."id_depto" = "f"."key_clientes"
WHERE "tf"."key_templates" = 73
ORDER BY "f"."nome" ASC
ERROR - 2018-10-02 17:14:43 --> 404 Page Not Found: Assets/js
ERROR - 2018-10-02 17:14:43 --> 404 Page Not Found: Assets/js
ERROR - 2018-10-02 17:16:57 --> 404 Page Not Found: Assets/js
ERROR - 2018-10-02 17:16:57 --> 404 Page Not Found: Assets/js
ERROR - 2018-10-02 17:20:09 --> 404 Page Not Found: Assets/js
ERROR - 2018-10-02 17:20:09 --> 404 Page Not Found: Assets/js
ERROR - 2018-10-02 17:21:48 --> 404 Page Not Found: Assets/js
ERROR - 2018-10-02 17:21:48 --> 404 Page Not Found: Assets/js
ERROR - 2018-10-02 17:24:03 --> 404 Page Not Found: Assets/js
ERROR - 2018-10-02 17:24:03 --> 404 Page Not Found: Assets/js
ERROR - 2018-10-02 17:26:54 --> 404 Page Not Found: Assets/js
ERROR - 2018-10-02 17:26:54 --> 404 Page Not Found: Assets/js
ERROR - 2018-10-02 17:28:10 --> 404 Page Not Found: Assets/js
ERROR - 2018-10-02 17:28:10 --> 404 Page Not Found: Assets/js
ERROR - 2018-10-02 17:28:59 --> 404 Page Not Found: Assets/images
ERROR - 2018-10-02 17:28:59 --> 404 Page Not Found: Assets/images
ERROR - 2018-10-02 17:28:59 --> 404 Page Not Found: Assets/images
ERROR - 2018-10-02 17:28:59 --> 404 Page Not Found: Assets/images
ERROR - 2018-10-02 17:29:36 --> 404 Page Not Found: Assets/js
ERROR - 2018-10-02 17:29:36 --> 404 Page Not Found: Assets/js
ERROR - 2018-10-02 17:33:45 --> 404 Page Not Found: Assets/js
ERROR - 2018-10-02 17:33:45 --> 404 Page Not Found: Assets/js
ERROR - 2018-10-02 17:36:28 --> 404 Page Not Found: Assets/js
ERROR - 2018-10-02 17:36:28 --> 404 Page Not Found: Assets/js
ERROR - 2018-10-02 17:37:34 --> 404 Page Not Found: Assets/js
ERROR - 2018-10-02 17:37:34 --> 404 Page Not Found: Assets/js
ERROR - 2018-10-02 17:38:17 --> Query error: ERRO:  operador não existe: character varying = integer
LINE 5: WHERE "tf"."key_templates" = 73
                                   ^
HINT:  Nenhum operador corresponde com o nome e o(s) tipo(s) de argumento(s) informados. Você precisa adicionar conversões de tipo explícitas. - Invalid query: SELECT "tf"."codigo", "tf"."key_clientes", "tf"."nome", "tf"."key_funcionarios", "tf"."key_funcionarios" AS "setor"
FROM "templates_funcionarios" "tf"
JOIN "funcionarios" "f" ON "f"."matricula" = "tf"."key_funcionarios" AND "f"."key_clientes" = "tf"."key_clientes"
JOIN "setor" "s" ON "s"."id_centro_custo" = "f"."key_setor" AND "s"."id_depto" = "f"."key_clientes"
WHERE "tf"."key_templates" = 73
ORDER BY "f"."nome" ASC
ERROR - 2018-10-02 17:38:35 --> 404 Page Not Found: Assets/js
ERROR - 2018-10-02 17:38:35 --> 404 Page Not Found: Assets/js
ERROR - 2018-10-02 17:38:38 --> Query error: ERRO:  operador não existe: character varying = integer
LINE 5: WHERE "tf"."key_templates" = 73
                                   ^
HINT:  Nenhum operador corresponde com o nome e o(s) tipo(s) de argumento(s) informados. Você precisa adicionar conversões de tipo explícitas. - Invalid query: SELECT "tf"."codigo", "tf"."key_clientes", "tf"."nome", "tf"."key_funcionarios", "tf"."key_funcionarios" AS "setor"
FROM "templates_funcionarios" "tf"
JOIN "funcionarios" "f" ON "f"."matricula" = "tf"."key_funcionarios" AND "f"."key_clientes" = "tf"."key_clientes"
JOIN "setor" "s" ON "s"."id_centro_custo" = "f"."key_setor" AND "s"."id_depto" = "f"."key_clientes"
WHERE "tf"."key_templates" = 73
ORDER BY "f"."nome" ASC
