ERROR - 2019-11-13 17:32:47 --> 404 Page Not Found: Assets/js
ERROR - 2019-11-13 17:32:47 --> 404 Page Not Found: Assets/js
ERROR - 2019-11-13 17:42:07 --> Query error: ERRO:  relação "vw_web_login" não existe
LINE 2: FROM "vw_web_login"
             ^ - Invalid query: SELECT *
FROM "vw_web_login"
WHERE "usuario" = 'FITASSUL8'
AND "senha" = '5b02a546bc2e2567fe32620e87e9ac23'
ERROR - 2019-11-13 17:42:12 --> Query error: ERRO:  relação "vw_web_login" não existe
LINE 2: FROM "vw_web_login"
             ^ - Invalid query: SELECT *
FROM "vw_web_login"
WHERE "usuario" = 'mminchetti'
AND "senha" = '3eeea3c106b40b1d7ae56384c5dafab4'
ERROR - 2019-11-13 17:42:18 --> Query error: ERRO:  relação "vw_web_login" não existe
LINE 2: FROM "vw_web_login"
             ^ - Invalid query: SELECT *
FROM "vw_web_login"
WHERE "usuario" = 'mminchetti'
AND "senha" = '3eeea3c106b40b1d7ae56384c5dafab4'
ERROR - 2019-11-13 17:43:28 --> Query error: ERRO:  relação "vw_web_login" não existe
LINE 2: FROM "vw_web_login"
             ^ - Invalid query: SELECT *
FROM "vw_web_login"
WHERE "usuario" = 'mminchetti'
AND "senha" = '3eeea3c106b40b1d7ae56384c5dafab4'
ERROR - 2019-11-13 17:45:42 --> Query error: ERRO:  relação "vw_web_login" não existe
LINE 2: FROM "vw_web_login"
             ^ - Invalid query: SELECT *
FROM "vw_web_login"
WHERE "usuario" = 'mminchetti'
AND "senha" = '3eeea3c106b40b1d7ae56384c5dafab4'
ERROR - 2019-11-13 17:52:42 --> Query error: ERRO:  sintaxe de entrada é inválida para integer: ""
LINE 2: WHERE "webloginid" = ''
                             ^ - Invalid query: UPDATE "web_login" SET "senha" = 'd4342cab0a1777e02fa8b8cd6076f02e'
WHERE "webloginid" = ''
ERROR - 2019-11-13 17:53:00 --> Query error: ERRO:  sintaxe de entrada é inválida para integer: ""
LINE 2: WHERE "webloginid" = ''
                             ^ - Invalid query: UPDATE "web_login" SET "senha" = 'd4342cab0a1777e02fa8b8cd6076f02e'
WHERE "webloginid" = ''
ERROR - 2019-11-13 17:53:58 --> Query error: ERRO:  sintaxe de entrada é inválida para integer: ""
LINE 2: WHERE "webloginid" = ''
                             ^ - Invalid query: UPDATE "web_login" SET "senha" = 'd4342cab0a1777e02fa8b8cd6076f02e'
WHERE "webloginid" = ''
ERROR - 2019-11-13 17:54:12 --> Query error: ERRO:  sintaxe de entrada é inválida para integer: ""
LINE 2: WHERE "webloginid" = ''
                             ^ - Invalid query: UPDATE "web_login" SET "senha" = 'd4342cab0a1777e02fa8b8cd6076f02e'
WHERE "webloginid" = ''
ERROR - 2019-11-13 17:57:30 --> Query error: ERRO:  sintaxe de entrada é inválida para integer: ""
LINE 2: WHERE "webloginid" = ''
                             ^ - Invalid query: UPDATE "web_login" SET "senha" = 'd4342cab0a1777e02fa8b8cd6076f02e'
WHERE "webloginid" = ''
ERROR - 2019-11-13 17:58:15 --> Query error: ERRO:  sintaxe de entrada é inválida para integer: ""
LINE 2: WHERE "webloginid" = ''
                             ^ - Invalid query: UPDATE "web_login" SET "senha" = 'd4342cab0a1777e02fa8b8cd6076f02e'
WHERE "webloginid" = ''
ERROR - 2019-11-13 17:59:00 --> Query error: ERRO:  sintaxe de entrada é inválida para integer: ""
LINE 2: WHERE "webloginid" = ''
                             ^ - Invalid query: UPDATE "web_login" SET "senha" = 'd4342cab0a1777e02fa8b8cd6076f02e'
WHERE "webloginid" = ''
ERROR - 2019-11-13 17:59:18 --> Query error: ERRO:  sintaxe de entrada é inválida para integer: ""
LINE 2: WHERE "webloginid" = ''
                             ^ - Invalid query: UPDATE "web_login" SET "senha" = 'd4342cab0a1777e02fa8b8cd6076f02e'
WHERE "webloginid" = ''
ERROR - 2019-11-13 17:59:49 --> Query error: ERRO:  sintaxe de entrada é inválida para integer: ""
LINE 2: WHERE "webloginid" = ''
                             ^ - Invalid query: UPDATE "web_login" SET "senha" = 'd4342cab0a1777e02fa8b8cd6076f02e'
WHERE "webloginid" = ''
ERROR - 2019-11-13 18:00:16 --> Query error: ERRO:  sintaxe de entrada é inválida para integer: ""
LINE 2: WHERE "webloginid" = ''
                             ^ - Invalid query: UPDATE "web_login" SET "senha" = 'd4342cab0a1777e02fa8b8cd6076f02e'
WHERE "webloginid" = ''
ERROR - 2019-11-13 18:00:42 --> Query error: ERRO:  sintaxe de entrada é inválida para integer: ""
LINE 2: WHERE "webloginid" = ''
                             ^ - Invalid query: UPDATE "web_login" SET "senha" = 'd4342cab0a1777e02fa8b8cd6076f02e'
WHERE "webloginid" = ''
ERROR - 2019-11-13 18:14:51 --> Query error: ERRO:  sintaxe de entrada é inválida para integer: ""
LINE 2: WHERE "webloginid" = ''
                             ^ - Invalid query: UPDATE "web_login" SET "senha" = 'd4342cab0a1777e02fa8b8cd6076f02e'
WHERE "webloginid" = ''
ERROR - 2019-11-13 18:15:10 --> Query error: ERRO:  sintaxe de entrada é inválida para integer: ""
LINE 2: WHERE "webloginid" = ''
                             ^ - Invalid query: UPDATE "web_login" SET "senha" = 'd4342cab0a1777e02fa8b8cd6076f02e'
WHERE "webloginid" = ''
ERROR - 2019-11-13 18:16:00 --> Query error: ERRO:  sintaxe de entrada é inválida para integer: ""
LINE 2: WHERE "webloginid" = ''
                             ^ - Invalid query: UPDATE "web_login" SET "senha" = 'd4342cab0a1777e02fa8b8cd6076f02e'
WHERE "webloginid" = ''
ERROR - 2019-11-13 18:16:14 --> Query error: ERRO:  sintaxe de entrada é inválida para integer: ""
LINE 2: WHERE "webloginid" = ''
                             ^ - Invalid query: UPDATE "web_login" SET "senha" = 'd4342cab0a1777e02fa8b8cd6076f02e'
WHERE "webloginid" = ''
ERROR - 2019-11-13 18:17:18 --> Query error: ERRO:  sintaxe de entrada é inválida para integer: ""
LINE 2: WHERE "webloginid" = ''
                             ^ - Invalid query: UPDATE "web_login" SET "senha" = 'd4342cab0a1777e02fa8b8cd6076f02e'
WHERE "webloginid" = ''
ERROR - 2019-11-13 18:18:15 --> Query error: ERRO:  sintaxe de entrada é inválida para integer: ""
LINE 2: WHERE "webloginid" = ''
                             ^ - Invalid query: UPDATE "web_login" SET "senha" = 'd4342cab0a1777e02fa8b8cd6076f02e'
WHERE "webloginid" = ''
ERROR - 2019-11-13 18:19:27 --> Query error: ERRO:  sintaxe de entrada é inválida para integer: ""
LINE 2: WHERE "webloginid" = ''
                             ^ - Invalid query: UPDATE "web_login" SET "senha" = 'd4342cab0a1777e02fa8b8cd6076f02e'
WHERE "webloginid" = ''
ERROR - 2019-11-13 18:19:34 --> Query error: ERRO:  sintaxe de entrada é inválida para integer: ""
LINE 2: WHERE "webloginid" = ''
                             ^ - Invalid query: UPDATE "web_login" SET "senha" = 'd4342cab0a1777e02fa8b8cd6076f02e'
WHERE "webloginid" = ''
ERROR - 2019-11-13 23:18:56 --> 404 Page Not Found: Assets/js
ERROR - 2019-11-13 23:18:56 --> 404 Page Not Found: Assets/js
