ERROR - 2019-07-15 13:53:18 --> 404 Page Not Found: Assets/images
ERROR - 2019-07-15 13:53:18 --> 404 Page Not Found: Assets/images
ERROR - 2019-07-15 13:53:25 --> 404 Page Not Found: Assets/images
ERROR - 2019-07-15 13:53:25 --> 404 Page Not Found: Assets/images
ERROR - 2019-07-15 13:53:28 --> 404 Page Not Found: Assets/images
ERROR - 2019-07-15 13:53:28 --> 404 Page Not Found: Assets/images
ERROR - 2019-07-15 13:53:28 --> 404 Page Not Found: Assets/images
ERROR - 2019-07-15 13:53:30 --> 404 Page Not Found: Assets/images
ERROR - 2019-07-15 13:53:30 --> 404 Page Not Found: Assets/images
ERROR - 2019-07-15 13:53:32 --> 404 Page Not Found: Assets/images
ERROR - 2019-07-15 13:53:32 --> 404 Page Not Found: Assets/images
ERROR - 2019-07-15 13:53:33 --> 404 Page Not Found: Assets/images
ERROR - 2019-07-15 13:54:07 --> 404 Page Not Found: Assets/images
ERROR - 2019-07-15 13:54:08 --> 404 Page Not Found: Assets/images
ERROR - 2019-07-15 13:54:13 --> Severity: Notice --> Undefined offset: 0 C:\wamp64\www\webpedidos\application\controllers\pedido\Requisicao.php 154
ERROR - 2019-07-15 13:54:13 --> Severity: Notice --> Trying to get property 'cliente' of non-object C:\wamp64\www\webpedidos\application\controllers\pedido\Requisicao.php 154
ERROR - 2019-07-15 13:55:03 --> 404 Page Not Found: Assets/images
ERROR - 2019-07-15 13:55:04 --> 404 Page Not Found: Assets/images
ERROR - 2019-07-15 13:55:04 --> 404 Page Not Found: Assets/images
ERROR - 2019-07-15 13:55:04 --> 404 Page Not Found: Assets/images
ERROR - 2019-07-15 13:55:04 --> 404 Page Not Found: Assets/images
ERROR - 2019-07-15 13:55:04 --> 404 Page Not Found: Assets/images
ERROR - 2019-07-15 13:55:04 --> 404 Page Not Found: Assets/images
ERROR - 2019-07-15 13:55:09 --> 404 Page Not Found: Assets/images
ERROR - 2019-07-15 13:55:11 --> Severity: Notice --> Undefined offset: 0 C:\wamp64\www\webpedidos\application\controllers\pedido\Requisicao.php 154
ERROR - 2019-07-15 13:55:11 --> Severity: Notice --> Trying to get property 'cliente' of non-object C:\wamp64\www\webpedidos\application\controllers\pedido\Requisicao.php 154
ERROR - 2019-07-15 13:55:15 --> 404 Page Not Found: Assets/js
ERROR - 2019-07-15 13:55:15 --> 404 Page Not Found: Assets/js
ERROR - 2019-07-15 13:55:32 --> 404 Page Not Found: Assets/js
ERROR - 2019-07-15 13:55:32 --> 404 Page Not Found: Assets/js
ERROR - 2019-07-15 13:55:48 --> 404 Page Not Found: Assets/images
ERROR - 2019-07-15 13:55:48 --> 404 Page Not Found: Assets/images
ERROR - 2019-07-15 13:56:03 --> Severity: Notice --> Undefined offset: 0 C:\wamp64\www\webpedidos\application\controllers\pedido\Requisicao.php 154
ERROR - 2019-07-15 13:56:03 --> Severity: Notice --> Trying to get property 'cliente' of non-object C:\wamp64\www\webpedidos\application\controllers\pedido\Requisicao.php 154
ERROR - 2019-07-15 14:03:46 --> 404 Page Not Found: Assets/js
ERROR - 2019-07-15 14:03:46 --> 404 Page Not Found: Assets/js
ERROR - 2019-07-15 14:04:56 --> 404 Page Not Found: Assets/images
ERROR - 2019-07-15 14:04:56 --> 404 Page Not Found: Assets/images
ERROR - 2019-07-15 14:05:12 --> Severity: Notice --> Undefined offset: 0 C:\wamp64\www\webpedidos\application\controllers\pedido\Requisicao.php 154
ERROR - 2019-07-15 14:05:12 --> Severity: Notice --> Trying to get property 'cliente' of non-object C:\wamp64\www\webpedidos\application\controllers\pedido\Requisicao.php 154
ERROR - 2019-07-15 14:05:41 --> 404 Page Not Found: Assets/js
ERROR - 2019-07-15 14:05:42 --> 404 Page Not Found: Assets/js
ERROR - 2019-07-15 14:05:58 --> 404 Page Not Found: Assets/images
ERROR - 2019-07-15 14:05:58 --> 404 Page Not Found: Assets/images
ERROR - 2019-07-15 14:06:09 --> 404 Page Not Found: Assets/images
ERROR - 2019-07-15 14:06:20 --> Severity: Notice --> Undefined offset: 0 C:\wamp64\www\webpedidos\application\controllers\pedido\Requisicao.php 154
ERROR - 2019-07-15 14:06:20 --> Severity: Notice --> Trying to get property 'cliente' of non-object C:\wamp64\www\webpedidos\application\controllers\pedido\Requisicao.php 154
ERROR - 2019-07-15 14:11:13 --> Severity: Notice --> Undefined offset: 0 C:\wamp64\www\webpedidos\application\controllers\pedido\Requisicao.php 154
ERROR - 2019-07-15 14:11:13 --> Severity: Notice --> Trying to get property 'cliente' of non-object C:\wamp64\www\webpedidos\application\controllers\pedido\Requisicao.php 154
ERROR - 2019-07-15 14:12:49 --> Severity: Notice --> Undefined offset: 0 C:\wamp64\www\webpedidos\application\controllers\pedido\Requisicao.php 154
ERROR - 2019-07-15 14:12:49 --> Severity: Notice --> Trying to get property 'cliente' of non-object C:\wamp64\www\webpedidos\application\controllers\pedido\Requisicao.php 154
ERROR - 2019-07-15 14:15:17 --> 404 Page Not Found: Assets/js
ERROR - 2019-07-15 14:15:17 --> 404 Page Not Found: Assets/js
ERROR - 2019-07-15 14:15:19 --> 404 Page Not Found: Assets/js
ERROR - 2019-07-15 14:15:19 --> 404 Page Not Found: Assets/js
ERROR - 2019-07-15 14:15:34 --> 404 Page Not Found: Assets/images
ERROR - 2019-07-15 14:15:34 --> 404 Page Not Found: Assets/images
ERROR - 2019-07-15 14:16:21 --> 404 Page Not Found: Assets/js
ERROR - 2019-07-15 14:16:21 --> 404 Page Not Found: Assets/js
ERROR - 2019-07-15 14:16:32 --> 404 Page Not Found: Assets/js
ERROR - 2019-07-15 14:16:32 --> 404 Page Not Found: Assets/js
ERROR - 2019-07-15 14:16:33 --> 404 Page Not Found: Assets/js
ERROR - 2019-07-15 14:16:33 --> 404 Page Not Found: Assets/js
ERROR - 2019-07-15 14:16:46 --> 404 Page Not Found: Assets/images
ERROR - 2019-07-15 14:16:46 --> 404 Page Not Found: Assets/images
ERROR - 2019-07-15 14:16:46 --> 404 Page Not Found: Assets/images
ERROR - 2019-07-15 14:16:47 --> 404 Page Not Found: Assets/images
ERROR - 2019-07-15 14:16:55 --> Severity: Notice --> Undefined offset: 0 C:\wamp64\www\webpedidos\application\controllers\pedido\Requisicao.php 154
ERROR - 2019-07-15 14:16:55 --> Severity: Notice --> Trying to get property 'cliente' of non-object C:\wamp64\www\webpedidos\application\controllers\pedido\Requisicao.php 154
ERROR - 2019-07-15 14:17:35 --> 404 Page Not Found: Assets/js
ERROR - 2019-07-15 14:17:35 --> 404 Page Not Found: Assets/js
ERROR - 2019-07-15 14:17:36 --> 404 Page Not Found: Assets/js
ERROR - 2019-07-15 14:17:36 --> 404 Page Not Found: Assets/js
ERROR - 2019-07-15 14:17:37 --> 404 Page Not Found: Assets/js
ERROR - 2019-07-15 14:17:37 --> 404 Page Not Found: Assets/js
ERROR - 2019-07-15 14:17:38 --> 404 Page Not Found: Assets/js
ERROR - 2019-07-15 14:17:38 --> 404 Page Not Found: Assets/js
ERROR - 2019-07-15 14:17:52 --> 404 Page Not Found: Assets/images
ERROR - 2019-07-15 14:17:52 --> 404 Page Not Found: Assets/images
ERROR - 2019-07-15 14:18:10 --> Severity: Notice --> Undefined offset: 0 C:\wamp64\www\webpedidos\application\controllers\pedido\Requisicao.php 154
ERROR - 2019-07-15 14:18:10 --> Severity: Notice --> Trying to get property 'cliente' of non-object C:\wamp64\www\webpedidos\application\controllers\pedido\Requisicao.php 154
ERROR - 2019-07-15 14:21:05 --> 404 Page Not Found: Assets/js
ERROR - 2019-07-15 14:21:05 --> 404 Page Not Found: Assets/js
ERROR - 2019-07-15 14:22:46 --> 404 Page Not Found: Assets/js
ERROR - 2019-07-15 14:22:46 --> 404 Page Not Found: Assets/js
ERROR - 2019-07-15 14:22:47 --> 404 Page Not Found: Assets/js
ERROR - 2019-07-15 14:22:47 --> 404 Page Not Found: Assets/js
ERROR - 2019-07-15 14:23:06 --> 404 Page Not Found: Assets/images
ERROR - 2019-07-15 14:23:06 --> 404 Page Not Found: Assets/images
ERROR - 2019-07-15 14:23:15 --> Severity: Notice --> Undefined offset: 0 C:\wamp64\www\webpedidos\application\controllers\pedido\Requisicao.php 154
ERROR - 2019-07-15 14:23:15 --> Severity: Notice --> Trying to get property 'cliente' of non-object C:\wamp64\www\webpedidos\application\controllers\pedido\Requisicao.php 154
ERROR - 2019-07-15 14:23:59 --> 404 Page Not Found: Assets/js
ERROR - 2019-07-15 14:23:59 --> 404 Page Not Found: Assets/js
ERROR - 2019-07-15 14:24:16 --> 404 Page Not Found: Assets/js
ERROR - 2019-07-15 14:24:16 --> 404 Page Not Found: Assets/js
ERROR - 2019-07-15 14:24:30 --> 404 Page Not Found: Assets/images
ERROR - 2019-07-15 14:24:30 --> 404 Page Not Found: Assets/images
ERROR - 2019-07-15 14:24:32 --> 404 Page Not Found: Assets/images
ERROR - 2019-07-15 14:24:34 --> 404 Page Not Found: Assets/images
ERROR - 2019-07-15 14:24:34 --> 404 Page Not Found: Assets/images
ERROR - 2019-07-15 14:24:36 --> 404 Page Not Found: Assets/images
ERROR - 2019-07-15 14:24:36 --> 404 Page Not Found: Assets/images
ERROR - 2019-07-15 14:24:37 --> 404 Page Not Found: Assets/images
ERROR - 2019-07-15 14:24:37 --> 404 Page Not Found: Assets/images
ERROR - 2019-07-15 14:24:38 --> 404 Page Not Found: Assets/images
ERROR - 2019-07-15 14:24:39 --> 404 Page Not Found: Assets/images
ERROR - 2019-07-15 14:24:47 --> Severity: Notice --> Undefined offset: 0 C:\wamp64\www\webpedidos\application\controllers\pedido\Requisicao.php 154
ERROR - 2019-07-15 14:24:47 --> Severity: Notice --> Trying to get property 'cliente' of non-object C:\wamp64\www\webpedidos\application\controllers\pedido\Requisicao.php 154
ERROR - 2019-07-15 14:26:18 --> 404 Page Not Found: Assets/js
ERROR - 2019-07-15 14:26:18 --> 404 Page Not Found: Assets/js
ERROR - 2019-07-15 14:28:29 --> 404 Page Not Found: Assets/js
ERROR - 2019-07-15 14:28:30 --> 404 Page Not Found: Assets/js
ERROR - 2019-07-15 14:28:43 --> 404 Page Not Found: Assets/images
ERROR - 2019-07-15 14:28:43 --> 404 Page Not Found: Assets/images
ERROR - 2019-07-15 14:28:57 --> Severity: Notice --> Undefined offset: 0 C:\wamp64\www\webpedidos\application\controllers\pedido\Requisicao.php 154
ERROR - 2019-07-15 14:28:57 --> Severity: Notice --> Trying to get property 'cliente' of non-object C:\wamp64\www\webpedidos\application\controllers\pedido\Requisicao.php 154
ERROR - 2019-07-15 14:29:56 --> 404 Page Not Found: Assets/js
ERROR - 2019-07-15 14:29:56 --> 404 Page Not Found: Assets/js
ERROR - 2019-07-15 14:29:57 --> 404 Page Not Found: Assets/js
ERROR - 2019-07-15 14:29:57 --> 404 Page Not Found: Assets/js
ERROR - 2019-07-15 14:29:58 --> 404 Page Not Found: Assets/js
ERROR - 2019-07-15 14:29:58 --> 404 Page Not Found: Assets/js
ERROR - 2019-07-15 14:30:09 --> 404 Page Not Found: Assets/images
ERROR - 2019-07-15 14:30:09 --> 404 Page Not Found: Assets/images
ERROR - 2019-07-15 14:30:16 --> Severity: Notice --> Undefined offset: 0 C:\wamp64\www\webpedidos\application\controllers\pedido\Requisicao.php 154
ERROR - 2019-07-15 14:30:16 --> Severity: Notice --> Trying to get property 'cliente' of non-object C:\wamp64\www\webpedidos\application\controllers\pedido\Requisicao.php 154
ERROR - 2019-07-15 14:31:05 --> 404 Page Not Found: Assets/js
ERROR - 2019-07-15 14:31:05 --> 404 Page Not Found: Assets/js
ERROR - 2019-07-15 14:31:05 --> 404 Page Not Found: Assets/js
ERROR - 2019-07-15 14:31:06 --> 404 Page Not Found: Assets/js
ERROR - 2019-07-15 14:31:20 --> 404 Page Not Found: Assets/images
ERROR - 2019-07-15 14:31:20 --> 404 Page Not Found: Assets/images
ERROR - 2019-07-15 14:31:21 --> 404 Page Not Found: Assets/images
ERROR - 2019-07-15 14:31:27 --> Severity: Notice --> Undefined offset: 0 C:\wamp64\www\webpedidos\application\controllers\pedido\Requisicao.php 154
ERROR - 2019-07-15 14:31:27 --> Severity: Notice --> Trying to get property 'cliente' of non-object C:\wamp64\www\webpedidos\application\controllers\pedido\Requisicao.php 154
ERROR - 2019-07-15 14:35:18 --> 404 Page Not Found: Assets/js
ERROR - 2019-07-15 14:35:18 --> 404 Page Not Found: Assets/js
ERROR - 2019-07-15 14:35:20 --> 404 Page Not Found: Assets/js
ERROR - 2019-07-15 14:35:20 --> 404 Page Not Found: Assets/js
ERROR - 2019-07-15 14:35:21 --> 404 Page Not Found: Assets/js
ERROR - 2019-07-15 14:35:21 --> 404 Page Not Found: Assets/js
ERROR - 2019-07-15 14:35:40 --> 404 Page Not Found: Assets/images
ERROR - 2019-07-15 14:35:40 --> 404 Page Not Found: Assets/images
ERROR - 2019-07-15 14:35:54 --> Severity: Notice --> Undefined offset: 0 C:\wamp64\www\webpedidos\application\controllers\pedido\Requisicao.php 154
ERROR - 2019-07-15 14:35:54 --> Severity: Notice --> Trying to get property 'cliente' of non-object C:\wamp64\www\webpedidos\application\controllers\pedido\Requisicao.php 154
ERROR - 2019-07-15 14:38:07 --> 404 Page Not Found: Assets/js
ERROR - 2019-07-15 14:38:07 --> 404 Page Not Found: Assets/js
ERROR - 2019-07-15 14:38:22 --> 404 Page Not Found: Assets/images
ERROR - 2019-07-15 14:38:22 --> 404 Page Not Found: Assets/images
ERROR - 2019-07-15 14:38:22 --> 404 Page Not Found: Assets/images
ERROR - 2019-07-15 14:38:25 --> 404 Page Not Found: Assets/images
ERROR - 2019-07-15 14:38:28 --> 404 Page Not Found: Assets/images
ERROR - 2019-07-15 14:38:29 --> 404 Page Not Found: Assets/images
ERROR - 2019-07-15 14:38:37 --> 404 Page Not Found: Assets/images
ERROR - 2019-07-15 14:39:21 --> 404 Page Not Found: Assets/js
ERROR - 2019-07-15 14:39:21 --> 404 Page Not Found: Assets/js
ERROR - 2019-07-15 14:39:21 --> 404 Page Not Found: Assets/js
ERROR - 2019-07-15 14:39:21 --> 404 Page Not Found: Assets/js
ERROR - 2019-07-15 14:39:31 --> 404 Page Not Found: Assets/images
ERROR - 2019-07-15 14:39:31 --> 404 Page Not Found: Assets/images
ERROR - 2019-07-15 14:39:31 --> 404 Page Not Found: Assets/images
ERROR - 2019-07-15 14:39:31 --> 404 Page Not Found: Assets/images
ERROR - 2019-07-15 14:39:37 --> Severity: Notice --> Undefined offset: 0 C:\wamp64\www\webpedidos\application\controllers\pedido\Requisicao.php 154
ERROR - 2019-07-15 14:39:37 --> Severity: Notice --> Trying to get property 'cliente' of non-object C:\wamp64\www\webpedidos\application\controllers\pedido\Requisicao.php 154
ERROR - 2019-07-15 14:42:46 --> 404 Page Not Found: Assets/js
ERROR - 2019-07-15 14:42:46 --> 404 Page Not Found: Assets/js
ERROR - 2019-07-15 14:42:46 --> 404 Page Not Found: Assets/js
ERROR - 2019-07-15 14:42:46 --> 404 Page Not Found: Assets/js
ERROR - 2019-07-15 14:43:05 --> 404 Page Not Found: Assets/images
ERROR - 2019-07-15 14:43:05 --> 404 Page Not Found: Assets/images
ERROR - 2019-07-15 14:43:05 --> 404 Page Not Found: Assets/images
ERROR - 2019-07-15 14:43:05 --> 404 Page Not Found: Assets/images
ERROR - 2019-07-15 14:43:15 --> Severity: Notice --> Undefined offset: 0 C:\wamp64\www\webpedidos\application\controllers\pedido\Requisicao.php 154
ERROR - 2019-07-15 14:43:15 --> Severity: Notice --> Trying to get property 'cliente' of non-object C:\wamp64\www\webpedidos\application\controllers\pedido\Requisicao.php 154
ERROR - 2019-07-15 14:47:21 --> 404 Page Not Found: Assets/js
ERROR - 2019-07-15 14:47:21 --> 404 Page Not Found: Assets/js
ERROR - 2019-07-15 14:47:32 --> 404 Page Not Found: Assets/images
ERROR - 2019-07-15 14:47:32 --> 404 Page Not Found: Assets/images
ERROR - 2019-07-15 14:47:32 --> 404 Page Not Found: Assets/images
ERROR - 2019-07-15 14:47:32 --> 404 Page Not Found: Assets/images
ERROR - 2019-07-15 14:47:39 --> Severity: Notice --> Undefined offset: 0 C:\wamp64\www\webpedidos\application\controllers\pedido\Requisicao.php 154
ERROR - 2019-07-15 14:47:39 --> Severity: Notice --> Trying to get property 'cliente' of non-object C:\wamp64\www\webpedidos\application\controllers\pedido\Requisicao.php 154
ERROR - 2019-07-15 14:54:05 --> 404 Page Not Found: Assets/js
ERROR - 2019-07-15 14:54:05 --> 404 Page Not Found: Assets/js
ERROR - 2019-07-15 14:54:06 --> 404 Page Not Found: Assets/js
ERROR - 2019-07-15 14:54:06 --> 404 Page Not Found: Assets/js
ERROR - 2019-07-15 14:54:07 --> 404 Page Not Found: Assets/js
ERROR - 2019-07-15 14:54:07 --> 404 Page Not Found: Assets/js
ERROR - 2019-07-15 14:54:24 --> 404 Page Not Found: Assets/js
ERROR - 2019-07-15 14:54:24 --> 404 Page Not Found: Assets/js
ERROR - 2019-07-15 14:54:36 --> 404 Page Not Found: Assets/images
ERROR - 2019-07-15 14:54:36 --> 404 Page Not Found: Assets/images
ERROR - 2019-07-15 14:54:48 --> Severity: Notice --> Undefined offset: 0 C:\wamp64\www\webpedidos\application\controllers\pedido\Requisicao.php 154
ERROR - 2019-07-15 14:54:48 --> Severity: Notice --> Trying to get property 'cliente' of non-object C:\wamp64\www\webpedidos\application\controllers\pedido\Requisicao.php 154
ERROR - 2019-07-15 14:54:48 --> Query error: ERRO:  inserção ou atualização em tabela "pedidos" viola restrição de chave estrangeira "solicitante_fk"
DETAIL:  Chave (key_clientes_solicitante, key_funcionarios_solicitante)=(, 0) não está presente na tabela "funcionarios". - Invalid query: INSERT INTO "pedidos" ("aprovar", "data_emissao", "data_fechado", "dh_aprovacao", "entrega_local", "entrega_turno", "id_centro_custo", "id_depto", "key_clientes", "key_clientes_aprovador", "key_clientes_solicitante", "key_funcionarios", "key_funcionarios_aprovador", "key_funcionarios_solicitante", "numero", "obs") VALUES ('1','2019-07-15',NULL,'2019-07-15 14:54:48','LOJA',1,'75008117','54.127.733/0001-10','54.127.733/0001-10',NULL,'','15906','0','0',66118,'')
ERROR - 2019-07-15 14:54:53 --> 404 Page Not Found: Assets/js
ERROR - 2019-07-15 14:54:53 --> 404 Page Not Found: Assets/js
ERROR - 2019-07-15 14:54:54 --> 404 Page Not Found: Assets/js
ERROR - 2019-07-15 14:54:54 --> 404 Page Not Found: Assets/js
ERROR - 2019-07-15 14:55:49 --> 404 Page Not Found: Assets/js
ERROR - 2019-07-15 14:55:49 --> 404 Page Not Found: Assets/js
ERROR - 2019-07-15 14:55:50 --> 404 Page Not Found: Assets/js
ERROR - 2019-07-15 14:55:50 --> 404 Page Not Found: Assets/js
ERROR - 2019-07-15 14:55:51 --> 404 Page Not Found: Assets/js
ERROR - 2019-07-15 14:55:51 --> 404 Page Not Found: Assets/js
ERROR - 2019-07-15 14:56:04 --> 404 Page Not Found: Assets/images
ERROR - 2019-07-15 14:56:04 --> 404 Page Not Found: Assets/images
ERROR - 2019-07-15 14:56:05 --> 404 Page Not Found: Assets/images
ERROR - 2019-07-15 14:56:05 --> 404 Page Not Found: Assets/images
ERROR - 2019-07-15 14:56:13 --> Severity: Notice --> Undefined offset: 0 C:\wamp64\www\webpedidos\application\controllers\pedido\Requisicao.php 154
ERROR - 2019-07-15 14:56:13 --> Severity: Notice --> Trying to get property 'cliente' of non-object C:\wamp64\www\webpedidos\application\controllers\pedido\Requisicao.php 154
ERROR - 2019-07-15 14:56:13 --> Query error: ERRO:  inserção ou atualização em tabela "pedidos" viola restrição de chave estrangeira "solicitante_fk"
DETAIL:  Chave (key_clientes_solicitante, key_funcionarios_solicitante)=(, 0) não está presente na tabela "funcionarios". - Invalid query: INSERT INTO "pedidos" ("aprovar", "data_emissao", "data_fechado", "dh_aprovacao", "entrega_local", "entrega_turno", "id_centro_custo", "id_depto", "key_clientes", "key_clientes_aprovador", "key_clientes_solicitante", "key_funcionarios", "key_funcionarios_aprovador", "key_funcionarios_solicitante", "numero", "obs") VALUES ('1','2019-07-15',NULL,'2019-07-15 14:56:13','LOJA',1,'75008117','54.127.733/0001-10','54.127.733/0001-10',NULL,'','15906','0','0',66119,'')
ERROR - 2019-07-15 15:22:02 --> 404 Page Not Found: Assets/js
ERROR - 2019-07-15 15:22:02 --> 404 Page Not Found: Assets/js
ERROR - 2019-07-15 15:22:02 --> 404 Page Not Found: Assets/js
ERROR - 2019-07-15 15:22:02 --> 404 Page Not Found: Assets/js
ERROR - 2019-07-15 15:22:03 --> 404 Page Not Found: Assets/js
ERROR - 2019-07-15 15:22:03 --> 404 Page Not Found: Assets/js
ERROR - 2019-07-15 15:22:04 --> 404 Page Not Found: Assets/js
ERROR - 2019-07-15 15:22:04 --> 404 Page Not Found: Assets/js
ERROR - 2019-07-15 15:22:19 --> 404 Page Not Found: Assets/images
ERROR - 2019-07-15 15:22:19 --> 404 Page Not Found: Assets/images
ERROR - 2019-07-15 15:22:20 --> 404 Page Not Found: Assets/images
ERROR - 2019-07-15 15:22:20 --> 404 Page Not Found: Assets/images
ERROR - 2019-07-15 15:22:26 --> Severity: Notice --> Undefined offset: 0 C:\wamp64\www\webpedidos\application\controllers\pedido\Requisicao.php 154
ERROR - 2019-07-15 15:22:26 --> Severity: Notice --> Trying to get property 'cliente' of non-object C:\wamp64\www\webpedidos\application\controllers\pedido\Requisicao.php 154
ERROR - 2019-07-15 15:24:44 --> 404 Page Not Found: Assets/js
ERROR - 2019-07-15 15:24:44 --> 404 Page Not Found: Assets/js
ERROR - 2019-07-15 15:24:45 --> 404 Page Not Found: Assets/js
ERROR - 2019-07-15 15:24:45 --> 404 Page Not Found: Assets/js
ERROR - 2019-07-15 15:24:52 --> 404 Page Not Found: Assets/js
ERROR - 2019-07-15 15:24:52 --> 404 Page Not Found: Assets/js
ERROR - 2019-07-15 15:25:19 --> 404 Page Not Found: Assets/js
ERROR - 2019-07-15 15:25:20 --> 404 Page Not Found: Assets/js
ERROR - 2019-07-15 15:25:20 --> 404 Page Not Found: Assets/js
ERROR - 2019-07-15 15:25:20 --> 404 Page Not Found: Assets/js
ERROR - 2019-07-15 15:25:21 --> 404 Page Not Found: Assets/js
ERROR - 2019-07-15 15:25:21 --> 404 Page Not Found: Assets/js
ERROR - 2019-07-15 15:25:53 --> 404 Page Not Found: Assets/images
ERROR - 2019-07-15 15:25:53 --> 404 Page Not Found: Assets/images
ERROR - 2019-07-15 15:25:54 --> 404 Page Not Found: Assets/images
ERROR - 2019-07-15 15:26:05 --> Severity: Notice --> Undefined offset: 0 C:\wamp64\www\webpedidos\application\controllers\pedido\Requisicao.php 154
ERROR - 2019-07-15 15:26:05 --> Severity: Notice --> Trying to get property 'cliente' of non-object C:\wamp64\www\webpedidos\application\controllers\pedido\Requisicao.php 154
ERROR - 2019-07-15 15:29:17 --> 404 Page Not Found: Assets/js
ERROR - 2019-07-15 15:29:17 --> 404 Page Not Found: Assets/js
ERROR - 2019-07-15 15:29:37 --> Severity: Notice --> Undefined offset: 0 C:\wamp64\www\webpedidos\application\controllers\pedido\Requisicao.php 154
ERROR - 2019-07-15 15:29:37 --> Severity: Notice --> Trying to get property 'cliente' of non-object C:\wamp64\www\webpedidos\application\controllers\pedido\Requisicao.php 154
ERROR - 2019-07-15 15:30:47 --> 404 Page Not Found: Assets/js
ERROR - 2019-07-15 15:30:47 --> 404 Page Not Found: Assets/js
ERROR - 2019-07-15 15:34:30 --> 404 Page Not Found: Assets/js
ERROR - 2019-07-15 15:34:30 --> 404 Page Not Found: Assets/js
ERROR - 2019-07-15 15:34:40 --> 404 Page Not Found: Assets/js
ERROR - 2019-07-15 15:34:40 --> 404 Page Not Found: Assets/js
ERROR - 2019-07-15 15:35:24 --> 404 Page Not Found: Assets/images
ERROR - 2019-07-15 15:35:24 --> 404 Page Not Found: Assets/images
ERROR - 2019-07-15 15:35:33 --> Severity: Notice --> Undefined offset: 0 C:\wamp64\www\webpedidos\application\controllers\pedido\Requisicao.php 154
ERROR - 2019-07-15 15:35:33 --> Severity: Notice --> Trying to get property 'cliente' of non-object C:\wamp64\www\webpedidos\application\controllers\pedido\Requisicao.php 154
ERROR - 2019-07-15 15:37:12 --> 404 Page Not Found: Assets/js
ERROR - 2019-07-15 15:37:12 --> 404 Page Not Found: Assets/js
ERROR - 2019-07-15 15:37:13 --> 404 Page Not Found: Assets/js
ERROR - 2019-07-15 15:37:13 --> 404 Page Not Found: Assets/js
ERROR - 2019-07-15 15:37:24 --> 404 Page Not Found: Assets/images
ERROR - 2019-07-15 15:37:24 --> 404 Page Not Found: Assets/images
ERROR - 2019-07-15 15:37:40 --> Severity: Notice --> Undefined offset: 0 C:\wamp64\www\webpedidos\application\controllers\pedido\Requisicao.php 154
ERROR - 2019-07-15 15:37:40 --> Severity: Notice --> Trying to get property 'cliente' of non-object C:\wamp64\www\webpedidos\application\controllers\pedido\Requisicao.php 154
ERROR - 2019-07-15 15:37:40 --> Query error: ERRO:  inserção ou atualização em tabela "pedidos" viola restrição de chave estrangeira "solicitante_fk"
DETAIL:  Chave (key_clientes_solicitante, key_funcionarios_solicitante)=(, 0) não está presente na tabela "funcionarios". - Invalid query: INSERT INTO "pedidos" ("aprovar", "data_emissao", "data_fechado", "dh_aprovacao", "entrega_local", "entrega_turno", "id_centro_custo", "id_depto", "key_clientes", "key_clientes_aprovador", "key_clientes_solicitante", "key_funcionarios", "key_funcionarios_aprovador", "key_funcionarios_solicitante", "numero", "obs") VALUES ('1','2019-07-15',NULL,'2019-07-15 15:37:40','LOJA',1,'75008117','54.127.733/0001-10','54.127.733/0001-10',NULL,'','15906','0','0',66123,'')
ERROR - 2019-07-15 15:39:06 --> 404 Page Not Found: Assets/js
ERROR - 2019-07-15 15:39:06 --> 404 Page Not Found: Assets/js
ERROR - 2019-07-15 15:39:07 --> 404 Page Not Found: Assets/js
ERROR - 2019-07-15 15:39:07 --> 404 Page Not Found: Assets/js
ERROR - 2019-07-15 15:39:25 --> 404 Page Not Found: Assets/images
ERROR - 2019-07-15 15:39:25 --> 404 Page Not Found: Assets/images
ERROR - 2019-07-15 15:39:25 --> 404 Page Not Found: Assets/images
ERROR - 2019-07-15 15:39:32 --> Severity: Notice --> Undefined offset: 0 C:\wamp64\www\webpedidos\application\controllers\pedido\Requisicao.php 154
ERROR - 2019-07-15 15:39:32 --> Severity: Notice --> Trying to get property 'cliente' of non-object C:\wamp64\www\webpedidos\application\controllers\pedido\Requisicao.php 154
ERROR - 2019-07-15 15:40:32 --> 404 Page Not Found: Assets/js
ERROR - 2019-07-15 15:40:32 --> 404 Page Not Found: Assets/js
ERROR - 2019-07-15 15:40:34 --> 404 Page Not Found: Assets/js
ERROR - 2019-07-15 15:40:34 --> 404 Page Not Found: Assets/js
ERROR - 2019-07-15 15:40:46 --> 404 Page Not Found: Assets/images
ERROR - 2019-07-15 15:40:46 --> 404 Page Not Found: Assets/images
ERROR - 2019-07-15 15:40:46 --> 404 Page Not Found: Assets/images
ERROR - 2019-07-15 15:40:53 --> Severity: Notice --> Undefined offset: 0 C:\wamp64\www\webpedidos\application\controllers\pedido\Requisicao.php 154
ERROR - 2019-07-15 15:40:53 --> Severity: Notice --> Trying to get property 'cliente' of non-object C:\wamp64\www\webpedidos\application\controllers\pedido\Requisicao.php 154
ERROR - 2019-07-15 15:40:54 --> Query error: ERRO:  inserção ou atualização em tabela "pedidos" viola restrição de chave estrangeira "solicitante_fk"
DETAIL:  Chave (key_clientes_solicitante, key_funcionarios_solicitante)=(, 0) não está presente na tabela "funcionarios". - Invalid query: INSERT INTO "pedidos" ("aprovar", "data_emissao", "data_fechado", "dh_aprovacao", "entrega_local", "entrega_turno", "id_centro_custo", "id_depto", "key_clientes", "key_clientes_aprovador", "key_clientes_solicitante", "key_funcionarios", "key_funcionarios_aprovador", "key_funcionarios_solicitante", "numero", "obs") VALUES ('1','2019-07-15',NULL,'2019-07-15 15:40:53','LOJA',1,'75008117','54.127.733/0001-10','54.127.733/0001-10',NULL,'','15906','0','0',66125,'')
ERROR - 2019-07-15 15:42:39 --> 404 Page Not Found: Assets/js
ERROR - 2019-07-15 15:42:39 --> 404 Page Not Found: Assets/js
ERROR - 2019-07-15 15:42:40 --> 404 Page Not Found: Assets/js
ERROR - 2019-07-15 15:42:40 --> 404 Page Not Found: Assets/js
ERROR - 2019-07-15 15:42:49 --> 404 Page Not Found: Assets/images
ERROR - 2019-07-15 15:42:49 --> 404 Page Not Found: Assets/images
ERROR - 2019-07-15 15:42:49 --> 404 Page Not Found: Assets/images
ERROR - 2019-07-15 15:42:57 --> Severity: Notice --> Undefined offset: 0 C:\wamp64\www\webpedidos\application\controllers\pedido\Requisicao.php 154
ERROR - 2019-07-15 15:42:57 --> Severity: Notice --> Trying to get property 'cliente' of non-object C:\wamp64\www\webpedidos\application\controllers\pedido\Requisicao.php 154
ERROR - 2019-07-15 15:44:45 --> 404 Page Not Found: Assets/js
ERROR - 2019-07-15 15:44:45 --> 404 Page Not Found: Assets/js
ERROR - 2019-07-15 15:44:46 --> 404 Page Not Found: Assets/js
ERROR - 2019-07-15 15:44:46 --> 404 Page Not Found: Assets/js
ERROR - 2019-07-15 15:44:47 --> 404 Page Not Found: Assets/js
ERROR - 2019-07-15 15:44:48 --> 404 Page Not Found: Assets/js
ERROR - 2019-07-15 15:44:48 --> 404 Page Not Found: Assets/js
ERROR - 2019-07-15 15:44:48 --> 404 Page Not Found: Assets/js
ERROR - 2019-07-15 15:45:01 --> 404 Page Not Found: Assets/images
ERROR - 2019-07-15 15:45:01 --> 404 Page Not Found: Assets/images
ERROR - 2019-07-15 15:45:01 --> 404 Page Not Found: Assets/images
ERROR - 2019-07-15 15:45:01 --> 404 Page Not Found: Assets/images
ERROR - 2019-07-15 15:45:18 --> Severity: Notice --> Trying to get property 'cliente' of non-object C:\wamp64\www\webpedidos\application\controllers\pedido\Requisicao.php 154
ERROR - 2019-07-15 15:45:58 --> 404 Page Not Found: Assets/js
ERROR - 2019-07-15 15:45:59 --> 404 Page Not Found: Assets/js
ERROR - 2019-07-15 15:45:59 --> 404 Page Not Found: Assets/js
ERROR - 2019-07-15 15:45:59 --> 404 Page Not Found: Assets/js
ERROR - 2019-07-15 15:46:00 --> 404 Page Not Found: Assets/js
ERROR - 2019-07-15 15:46:00 --> 404 Page Not Found: Assets/js
ERROR - 2019-07-15 15:46:16 --> 404 Page Not Found: Assets/images
ERROR - 2019-07-15 15:46:16 --> 404 Page Not Found: Assets/images
ERROR - 2019-07-15 15:46:29 --> Severity: Notice --> Trying to get property 'cliente' of non-object C:\wamp64\www\webpedidos\application\controllers\pedido\Requisicao.php 154
ERROR - 2019-07-15 15:46:29 --> Query error: ERRO:  inserção ou atualização em tabela "pedidos" viola restrição de chave estrangeira "solicitante_fk"
DETAIL:  Chave (key_clientes_solicitante, key_funcionarios_solicitante)=(, 0) não está presente na tabela "funcionarios". - Invalid query: INSERT INTO "pedidos" ("aprovar", "data_emissao", "data_fechado", "dh_aprovacao", "entrega_local", "entrega_turno", "id_centro_custo", "id_depto", "key_clientes", "key_clientes_aprovador", "key_clientes_solicitante", "key_funcionarios", "key_funcionarios_aprovador", "key_funcionarios_solicitante", "numero", "obs") VALUES ('1','2019-07-15',NULL,'2019-07-15 15:46:29','LOJA',1,'75008117','54.127.733/0001-10','54.127.733/0001-10',NULL,'','15906','0','0',66128,'')
ERROR - 2019-07-15 15:46:42 --> 404 Page Not Found: Assets/js
ERROR - 2019-07-15 15:46:42 --> 404 Page Not Found: Assets/js
ERROR - 2019-07-15 15:47:23 --> 404 Page Not Found: Assets/images
ERROR - 2019-07-15 15:47:23 --> 404 Page Not Found: Assets/images
ERROR - 2019-07-15 15:47:23 --> 404 Page Not Found: Assets/images
ERROR - 2019-07-15 15:47:29 --> Severity: Notice --> Undefined offset: 0 C:\wamp64\www\webpedidos\application\controllers\pedido\Requisicao.php 154
ERROR - 2019-07-15 15:47:29 --> Severity: Notice --> Trying to get property 'cliente' of non-object C:\wamp64\www\webpedidos\application\controllers\pedido\Requisicao.php 154
ERROR - 2019-07-15 15:48:53 --> 404 Page Not Found: Assets/js
ERROR - 2019-07-15 15:48:53 --> 404 Page Not Found: Assets/js
ERROR - 2019-07-15 15:48:54 --> 404 Page Not Found: Assets/js
ERROR - 2019-07-15 15:48:54 --> 404 Page Not Found: Assets/js
ERROR - 2019-07-15 15:49:07 --> 404 Page Not Found: Assets/images
ERROR - 2019-07-15 15:49:07 --> 404 Page Not Found: Assets/images
ERROR - 2019-07-15 15:49:17 --> Query error: ERRO:  inserção ou atualização em tabela "pedidos" viola restrição de chave estrangeira "solicitante_fk"
DETAIL:  Chave (key_clientes_solicitante, key_funcionarios_solicitante)=(asdasdasdasdasd, 0) não está presente na tabela "funcionarios". - Invalid query: INSERT INTO "pedidos" ("aprovar", "data_emissao", "data_fechado", "dh_aprovacao", "entrega_local", "entrega_turno", "id_centro_custo", "id_depto", "key_clientes", "key_clientes_aprovador", "key_clientes_solicitante", "key_funcionarios", "key_funcionarios_aprovador", "key_funcionarios_solicitante", "numero", "obs") VALUES ('1','2019-07-15',NULL,'2019-07-15 15:49:17','LOJA',1,'75008117','54.127.733/0001-10','54.127.733/0001-10',NULL,'asdasdasdasdasd','15906','0','0',66130,'')
ERROR - 2019-07-15 15:51:19 --> 404 Page Not Found: Assets/js
ERROR - 2019-07-15 15:51:19 --> 404 Page Not Found: Assets/js
ERROR - 2019-07-15 15:51:22 --> 404 Page Not Found: Assets/js
ERROR - 2019-07-15 15:51:22 --> 404 Page Not Found: Assets/js
ERROR - 2019-07-15 15:51:55 --> 404 Page Not Found: Assets/images
ERROR - 2019-07-15 15:51:55 --> 404 Page Not Found: Assets/images
ERROR - 2019-07-15 15:52:01 --> Severity: Notice --> Undefined offset: 0 C:\wamp64\www\webpedidos\application\controllers\pedido\Requisicao.php 154
ERROR - 2019-07-15 15:52:01 --> Severity: Notice --> Trying to get property 'cliente' of non-object C:\wamp64\www\webpedidos\application\controllers\pedido\Requisicao.php 154
ERROR - 2019-07-15 16:04:30 --> 404 Page Not Found: Assets/js
ERROR - 2019-07-15 16:04:30 --> 404 Page Not Found: Assets/js
ERROR - 2019-07-15 16:05:32 --> 404 Page Not Found: Assets/images
ERROR - 2019-07-15 16:05:32 --> 404 Page Not Found: Assets/images
ERROR - 2019-07-15 16:05:32 --> 404 Page Not Found: Assets/images
ERROR - 2019-07-15 16:05:33 --> 404 Page Not Found: Assets/images
ERROR - 2019-07-15 16:05:42 --> Severity: Notice --> Undefined offset: 0 C:\wamp64\www\webpedidos\application\controllers\pedido\Requisicao.php 154
ERROR - 2019-07-15 16:05:42 --> Severity: Notice --> Trying to get property 'cliente' of non-object C:\wamp64\www\webpedidos\application\controllers\pedido\Requisicao.php 154
ERROR - 2019-07-15 16:07:22 --> Severity: Notice --> Undefined offset: 0 C:\wamp64\www\webpedidos\application\controllers\pedido\Requisicao.php 154
ERROR - 2019-07-15 16:07:22 --> Severity: Notice --> Trying to get property 'cliente' of non-object C:\wamp64\www\webpedidos\application\controllers\pedido\Requisicao.php 154
ERROR - 2019-07-15 16:27:52 --> 404 Page Not Found: Assets/js
ERROR - 2019-07-15 16:27:52 --> 404 Page Not Found: Assets/js
ERROR - 2019-07-15 16:27:53 --> 404 Page Not Found: Assets/js
ERROR - 2019-07-15 16:27:53 --> 404 Page Not Found: Assets/js
ERROR - 2019-07-15 16:28:05 --> 404 Page Not Found: Assets/images
ERROR - 2019-07-15 16:28:05 --> 404 Page Not Found: Assets/images
ERROR - 2019-07-15 16:28:06 --> 404 Page Not Found: Assets/images
ERROR - 2019-07-15 16:28:15 --> Severity: Notice --> Undefined offset: 0 C:\wamp64\www\webpedidos\application\controllers\pedido\Requisicao.php 155
ERROR - 2019-07-15 16:28:15 --> Severity: Notice --> Trying to get property 'cliente' of non-object C:\wamp64\www\webpedidos\application\controllers\pedido\Requisicao.php 155
ERROR - 2019-07-15 16:28:51 --> 404 Page Not Found: Assets/js
ERROR - 2019-07-15 16:28:51 --> 404 Page Not Found: Assets/js
ERROR - 2019-07-15 16:28:52 --> 404 Page Not Found: Assets/js
ERROR - 2019-07-15 16:28:52 --> 404 Page Not Found: Assets/js
ERROR - 2019-07-15 16:29:07 --> 404 Page Not Found: Assets/images
ERROR - 2019-07-15 16:29:07 --> 404 Page Not Found: Assets/images
ERROR - 2019-07-15 16:36:35 --> Unable to connect to the database
ERROR - 2019-07-15 16:36:50 --> 404 Page Not Found: Assets/js
ERROR - 2019-07-15 16:36:50 --> 404 Page Not Found: Assets/js
ERROR - 2019-07-15 16:37:28 --> 404 Page Not Found: Assets/js
ERROR - 2019-07-15 16:37:28 --> 404 Page Not Found: Assets/js
ERROR - 2019-07-15 16:38:05 --> 404 Page Not Found: Assets/images
ERROR - 2019-07-15 16:38:05 --> 404 Page Not Found: Assets/images
ERROR - 2019-07-15 16:38:17 --> Severity: Notice --> Undefined offset: 0 C:\wamp64\www\webpedidos\application\controllers\pedido\Requisicao.php 156
ERROR - 2019-07-15 16:38:17 --> Severity: Notice --> Trying to get property 'cliente' of non-object C:\wamp64\www\webpedidos\application\controllers\pedido\Requisicao.php 156
ERROR - 2019-07-15 16:40:04 --> 404 Page Not Found: Assets/js
ERROR - 2019-07-15 16:40:04 --> 404 Page Not Found: Assets/js
ERROR - 2019-07-15 16:40:20 --> 404 Page Not Found: Assets/images
ERROR - 2019-07-15 16:40:20 --> 404 Page Not Found: Assets/images
ERROR - 2019-07-15 16:40:20 --> 404 Page Not Found: Assets/images
ERROR - 2019-07-15 16:40:20 --> 404 Page Not Found: Assets/images
ERROR - 2019-07-15 16:40:31 --> Severity: Notice --> Undefined offset: 0 C:\wamp64\www\webpedidos\application\controllers\pedido\Requisicao.php 157
ERROR - 2019-07-15 16:40:31 --> Severity: Notice --> Trying to get property 'cliente' of non-object C:\wamp64\www\webpedidos\application\controllers\pedido\Requisicao.php 157
ERROR - 2019-07-15 16:41:47 --> 404 Page Not Found: Assets/js
ERROR - 2019-07-15 16:41:47 --> 404 Page Not Found: Assets/js
ERROR - 2019-07-15 16:41:49 --> 404 Page Not Found: Assets/js
ERROR - 2019-07-15 16:41:49 --> 404 Page Not Found: Assets/js
ERROR - 2019-07-15 16:42:02 --> 404 Page Not Found: Assets/images
ERROR - 2019-07-15 16:42:02 --> 404 Page Not Found: Assets/images
ERROR - 2019-07-15 16:42:03 --> 404 Page Not Found: Assets/images
ERROR - 2019-07-15 16:42:03 --> 404 Page Not Found: Assets/images
ERROR - 2019-07-15 16:42:11 --> Severity: Notice --> Undefined offset: 0 C:\wamp64\www\webpedidos\application\controllers\pedido\Requisicao.php 157
ERROR - 2019-07-15 16:42:11 --> Severity: Notice --> Trying to get property 'cliente' of non-object C:\wamp64\www\webpedidos\application\controllers\pedido\Requisicao.php 157
ERROR - 2019-07-15 16:43:55 --> 404 Page Not Found: Assets/js
ERROR - 2019-07-15 16:43:55 --> 404 Page Not Found: Assets/js
ERROR - 2019-07-15 16:44:05 --> 404 Page Not Found: Assets/images
ERROR - 2019-07-15 16:44:05 --> 404 Page Not Found: Assets/images
ERROR - 2019-07-15 16:44:05 --> 404 Page Not Found: Assets/images
ERROR - 2019-07-15 16:44:05 --> 404 Page Not Found: Assets/images
ERROR - 2019-07-15 16:44:05 --> 404 Page Not Found: Assets/images
ERROR - 2019-07-15 16:44:05 --> 404 Page Not Found: Assets/images
ERROR - 2019-07-15 16:44:10 --> Severity: Notice --> Undefined offset: 0 C:\wamp64\www\webpedidos\application\controllers\pedido\Requisicao.php 157
ERROR - 2019-07-15 16:44:10 --> Severity: Notice --> Trying to get property 'cliente' of non-object C:\wamp64\www\webpedidos\application\controllers\pedido\Requisicao.php 157
ERROR - 2019-07-15 16:44:49 --> 404 Page Not Found: Assets/js
ERROR - 2019-07-15 16:44:49 --> 404 Page Not Found: Assets/js
ERROR - 2019-07-15 16:45:07 --> 404 Page Not Found: Assets/images
ERROR - 2019-07-15 16:45:07 --> 404 Page Not Found: Assets/images
ERROR - 2019-07-15 16:45:13 --> Severity: Notice --> Undefined offset: 0 C:\wamp64\www\webpedidos\application\controllers\pedido\Requisicao.php 157
ERROR - 2019-07-15 16:45:13 --> Severity: Notice --> Trying to get property 'cliente' of non-object C:\wamp64\www\webpedidos\application\controllers\pedido\Requisicao.php 157
ERROR - 2019-07-15 16:45:23 --> 404 Page Not Found: Assets/js
ERROR - 2019-07-15 16:45:23 --> 404 Page Not Found: Assets/js
ERROR - 2019-07-15 16:45:24 --> 404 Page Not Found: Assets/js
ERROR - 2019-07-15 16:45:24 --> 404 Page Not Found: Assets/js
ERROR - 2019-07-15 16:45:31 --> 404 Page Not Found: Assets/images
ERROR - 2019-07-15 16:45:31 --> 404 Page Not Found: Assets/images
ERROR - 2019-07-15 16:45:44 --> Severity: Notice --> Undefined offset: 0 C:\wamp64\www\webpedidos\application\controllers\pedido\Requisicao.php 157
ERROR - 2019-07-15 16:45:44 --> Severity: Notice --> Trying to get property 'cliente' of non-object C:\wamp64\www\webpedidos\application\controllers\pedido\Requisicao.php 157
ERROR - 2019-07-15 16:47:33 --> 404 Page Not Found: Assets/js
ERROR - 2019-07-15 16:47:33 --> 404 Page Not Found: Assets/js
ERROR - 2019-07-15 16:48:27 --> 404 Page Not Found: Assets/js
ERROR - 2019-07-15 16:48:27 --> 404 Page Not Found: Assets/js
ERROR - 2019-07-15 16:48:53 --> 404 Page Not Found: Assets/images
ERROR - 2019-07-15 16:48:53 --> 404 Page Not Found: Assets/images
ERROR - 2019-07-15 16:48:53 --> 404 Page Not Found: Assets/images
ERROR - 2019-07-15 16:48:53 --> 404 Page Not Found: Assets/images
ERROR - 2019-07-15 16:49:07 --> Severity: Notice --> Undefined offset: 0 C:\wamp64\www\webpedidos\application\controllers\pedido\Requisicao.php 156
ERROR - 2019-07-15 16:49:07 --> Severity: Notice --> Trying to get property 'cliente' of non-object C:\wamp64\www\webpedidos\application\controllers\pedido\Requisicao.php 156
ERROR - 2019-07-15 17:05:36 --> 404 Page Not Found: Assets/js
ERROR - 2019-07-15 17:05:36 --> 404 Page Not Found: Assets/js
ERROR - 2019-07-15 17:06:12 --> 404 Page Not Found: Assets/images
ERROR - 2019-07-15 17:06:12 --> 404 Page Not Found: Assets/images
ERROR - 2019-07-15 17:06:21 --> Severity: Notice --> Undefined offset: 0 C:\wamp64\www\webpedidos\application\controllers\pedido\Requisicao.php 155
ERROR - 2019-07-15 17:06:21 --> Severity: Notice --> Trying to get property 'cliente' of non-object C:\wamp64\www\webpedidos\application\controllers\pedido\Requisicao.php 155
ERROR - 2019-07-15 17:09:30 --> 404 Page Not Found: Assets/js
ERROR - 2019-07-15 17:09:30 --> 404 Page Not Found: Assets/js
ERROR - 2019-07-15 17:09:31 --> 404 Page Not Found: Assets/js
ERROR - 2019-07-15 17:09:31 --> 404 Page Not Found: Assets/js
ERROR - 2019-07-15 17:09:32 --> 404 Page Not Found: Assets/js
ERROR - 2019-07-15 17:09:32 --> 404 Page Not Found: Assets/js
ERROR - 2019-07-15 17:09:58 --> 404 Page Not Found: Assets/images
ERROR - 2019-07-15 17:09:58 --> 404 Page Not Found: Assets/images
ERROR - 2019-07-15 17:09:58 --> 404 Page Not Found: Assets/images
ERROR - 2019-07-15 17:09:58 --> 404 Page Not Found: Assets/images
ERROR - 2019-07-15 17:10:02 --> 404 Page Not Found: Assets/images
ERROR - 2019-07-15 17:10:02 --> 404 Page Not Found: Assets/images
ERROR - 2019-07-15 17:10:06 --> Severity: Notice --> Undefined offset: 0 C:\wamp64\www\webpedidos\application\controllers\pedido\Requisicao.php 155
ERROR - 2019-07-15 17:10:06 --> Severity: Notice --> Trying to get property 'cliente' of non-object C:\wamp64\www\webpedidos\application\controllers\pedido\Requisicao.php 155
ERROR - 2019-07-15 17:22:23 --> 404 Page Not Found: Assets/js
ERROR - 2019-07-15 17:22:23 --> 404 Page Not Found: Assets/js
ERROR - 2019-07-15 17:22:24 --> 404 Page Not Found: Assets/js
ERROR - 2019-07-15 17:22:24 --> 404 Page Not Found: Assets/js
ERROR - 2019-07-15 17:22:47 --> 404 Page Not Found: Assets/images
ERROR - 2019-07-15 17:22:47 --> 404 Page Not Found: Assets/images
ERROR - 2019-07-15 17:22:48 --> 404 Page Not Found: Assets/images
ERROR - 2019-07-15 17:22:55 --> Query error: ERRO:  inserção ou atualização em tabela "pedidos" viola restrição de chave estrangeira "aprovador_fk"
DETAIL:  Chave (key_clientes_aprovador, key_funcionarios_aprovador)=(54.127.733/0001-10, 0) não está presente na tabela "funcionarios". - Invalid query: INSERT INTO "pedidos" ("aprovar", "data_emissao", "data_fechado", "dh_aprovacao", "entrega_local", "entrega_turno", "id_centro_custo", "id_depto", "key_clientes", "key_clientes_aprovador", "key_clientes_solicitante", "key_funcionarios", "key_funcionarios_aprovador", "key_funcionarios_solicitante", "numero", "obs") VALUES ('1','2019-07-15',NULL,'2019-07-15 17:22:55','LOJA',1,'75008117','54.127.733/0001-10','54.127.733/0001-10','54.127.733/0001-10','54.127.733/0001-10','15906','0','0',66144,'')
ERROR - 2019-07-15 17:23:59 --> 404 Page Not Found: Assets/js
ERROR - 2019-07-15 17:23:59 --> 404 Page Not Found: Assets/js
ERROR - 2019-07-15 17:23:59 --> 404 Page Not Found: Assets/js
ERROR - 2019-07-15 17:23:59 --> 404 Page Not Found: Assets/js
ERROR - 2019-07-15 17:24:00 --> 404 Page Not Found: Assets/js
ERROR - 2019-07-15 17:24:00 --> 404 Page Not Found: Assets/js
ERROR - 2019-07-15 17:24:01 --> 404 Page Not Found: Assets/js
ERROR - 2019-07-15 17:24:01 --> 404 Page Not Found: Assets/js
ERROR - 2019-07-15 17:24:14 --> 404 Page Not Found: Assets/images
ERROR - 2019-07-15 17:24:14 --> 404 Page Not Found: Assets/images
ERROR - 2019-07-15 17:24:26 --> Query error: ERRO:  inserção ou atualização em tabela "pedidos" viola restrição de chave estrangeira "aprovador_fk"
DETAIL:  Chave (key_clientes_aprovador, key_funcionarios_aprovador)=(54.127.733/0001-10, 0) não está presente na tabela "funcionarios". - Invalid query: INSERT INTO "pedidos" ("aprovar", "data_emissao", "data_fechado", "dh_aprovacao", "entrega_local", "entrega_turno", "id_centro_custo", "id_depto", "key_clientes", "key_clientes_aprovador", "key_clientes_solicitante", "key_funcionarios", "key_funcionarios_aprovador", "key_funcionarios_solicitante", "numero", "obs") VALUES ('1','2019-07-15',NULL,'2019-07-15 17:24:26','LOJA',1,'75008117','54.127.733/0001-10','54.127.733/0001-10','54.127.733/0001-10','54.127.733/0001-10','15906','0','0',66145,'')
