ERROR - 2018-09-06 10:27:35 --> 404 Page Not Found: Assets/js
ERROR - 2018-09-06 10:27:36 --> 404 Page Not Found: Assets/js
ERROR - 2018-09-06 10:29:00 --> Query error: ERRO:  OFFSET não deve ser negativo - Invalid query: SELECT "key_produtos" AS "codigo", "key_partnumber" AS "partnumber", "unidade", "descricao", "op_ca" AS "ca", "preco"
FROM fc_web_produtos_permitidos_ghe('10.938.349/0001-22', '')
WHERE "descricao" LIKE  '1%'
 LIMIT 10 OFFSET -10
ERROR - 2018-09-06 10:30:42 --> 404 Page Not Found: Assets/js
ERROR - 2018-09-06 10:30:42 --> 404 Page Not Found: Assets/js
ERROR - 2018-09-06 11:47:53 --> 404 Page Not Found: Assets/js
ERROR - 2018-09-06 11:47:53 --> 404 Page Not Found: Assets/js
ERROR - 2018-09-06 12:00:30 --> 404 Page Not Found: Assets/js
ERROR - 2018-09-06 12:00:30 --> 404 Page Not Found: Assets/js
ERROR - 2018-09-06 12:00:50 --> Severity: error --> Exception: syntax error, unexpected ';', expecting ',' or ')' C:\laragon\www\webpedidos\application\models\produto\Produto_model.php 38
ERROR - 2018-09-06 12:01:20 --> 404 Page Not Found: Assets/images
ERROR - 2018-09-06 12:01:20 --> 404 Page Not Found: Assets/images
ERROR - 2018-09-06 12:01:20 --> 404 Page Not Found: Assets/images
ERROR - 2018-09-06 12:01:20 --> 404 Page Not Found: Assets/images
ERROR - 2018-09-06 12:01:47 --> 404 Page Not Found: Assets/js
ERROR - 2018-09-06 12:01:47 --> 404 Page Not Found: Assets/js
ERROR - 2018-09-06 12:02:31 --> 404 Page Not Found: Assets/images
ERROR - 2018-09-06 12:02:31 --> 404 Page Not Found: Assets/images
ERROR - 2018-09-06 12:02:31 --> 404 Page Not Found: Assets/images
ERROR - 2018-09-06 12:02:31 --> 404 Page Not Found: Assets/images
ERROR - 2018-09-06 12:03:15 --> 404 Page Not Found: Assets/js
ERROR - 2018-09-06 12:03:15 --> 404 Page Not Found: Assets/js
ERROR - 2018-09-06 12:03:31 --> 404 Page Not Found: Assets/images
ERROR - 2018-09-06 12:03:31 --> 404 Page Not Found: Assets/images
ERROR - 2018-09-06 12:03:31 --> 404 Page Not Found: Assets/images
ERROR - 2018-09-06 12:03:31 --> 404 Page Not Found: Assets/images
ERROR - 2018-09-06 12:08:25 --> 404 Page Not Found: Assets/js
ERROR - 2018-09-06 12:08:25 --> 404 Page Not Found: Assets/js
ERROR - 2018-09-06 12:08:39 --> 404 Page Not Found: Assets/images
ERROR - 2018-09-06 12:08:39 --> 404 Page Not Found: Assets/images
ERROR - 2018-09-06 12:08:39 --> 404 Page Not Found: Assets/images
ERROR - 2018-09-06 12:08:39 --> 404 Page Not Found: Assets/images
ERROR - 2018-09-06 12:13:08 --> 404 Page Not Found: Assets/js
ERROR - 2018-09-06 12:13:08 --> 404 Page Not Found: Assets/js
ERROR - 2018-09-06 12:13:17 --> 404 Page Not Found: Assets/images
ERROR - 2018-09-06 12:13:17 --> 404 Page Not Found: Assets/images
ERROR - 2018-09-06 12:13:17 --> 404 Page Not Found: Assets/images
ERROR - 2018-09-06 12:13:17 --> 404 Page Not Found: Assets/images
ERROR - 2018-09-06 14:33:16 --> 404 Page Not Found: Assets/js
ERROR - 2018-09-06 14:33:16 --> 404 Page Not Found: Assets/js
ERROR - 2018-09-06 14:33:26 --> 404 Page Not Found: Assets/images
ERROR - 2018-09-06 14:33:26 --> 404 Page Not Found: Assets/images
ERROR - 2018-09-06 14:33:26 --> 404 Page Not Found: Assets/images
ERROR - 2018-09-06 14:33:27 --> 404 Page Not Found: Assets/images
ERROR - 2018-09-06 14:34:27 --> 404 Page Not Found: Assets/js
ERROR - 2018-09-06 14:34:27 --> 404 Page Not Found: Assets/js
ERROR - 2018-09-06 14:34:38 --> 404 Page Not Found: Assets/images
ERROR - 2018-09-06 14:34:38 --> 404 Page Not Found: Assets/images
ERROR - 2018-09-06 14:34:38 --> 404 Page Not Found: Assets/images
ERROR - 2018-09-06 14:34:38 --> 404 Page Not Found: Assets/images
ERROR - 2018-09-06 16:20:03 --> 404 Page Not Found: Assets/js
ERROR - 2018-09-06 16:20:03 --> 404 Page Not Found: Assets/js
ERROR - 2018-09-06 16:21:16 --> 404 Page Not Found: Assets/images
ERROR - 2018-09-06 16:21:16 --> 404 Page Not Found: Assets/images
ERROR - 2018-09-06 16:21:16 --> 404 Page Not Found: Assets/images
ERROR - 2018-09-06 16:21:17 --> 404 Page Not Found: Assets/images
ERROR - 2018-09-06 16:21:44 --> 404 Page Not Found: Assets/js
ERROR - 2018-09-06 16:21:44 --> 404 Page Not Found: Assets/js
