ERROR - 2019-09-23 00:02:11 --> 404 Page Not Found: Assets/js
ERROR - 2019-09-23 00:02:11 --> 404 Page Not Found: Assets/js
ERROR - 2019-09-23 00:04:48 --> 404 Page Not Found: Assets/js
ERROR - 2019-09-23 00:04:48 --> 404 Page Not Found: Assets/js
ERROR - 2019-09-23 00:04:54 --> 404 Page Not Found: Assets/js
ERROR - 2019-09-23 00:04:54 --> 404 Page Not Found: Assets/js
ERROR - 2019-09-23 00:07:25 --> 404 Page Not Found: Assets/js
ERROR - 2019-09-23 00:07:25 --> 404 Page Not Found: Assets/js
ERROR - 2019-09-23 00:08:03 --> 404 Page Not Found: Assets/js
ERROR - 2019-09-23 00:08:03 --> 404 Page Not Found: Assets/js
ERROR - 2019-09-23 00:20:24 --> 404 Page Not Found: Assets/js
ERROR - 2019-09-23 00:20:24 --> 404 Page Not Found: Assets/js
ERROR - 2019-09-23 00:21:26 --> 404 Page Not Found: Assets/js
ERROR - 2019-09-23 00:21:26 --> 404 Page Not Found: Assets/js
ERROR - 2019-09-23 00:25:24 --> 404 Page Not Found: Assets/js
ERROR - 2019-09-23 00:25:24 --> 404 Page Not Found: Assets/js
ERROR - 2019-09-23 00:26:21 --> 404 Page Not Found: Assets/js
ERROR - 2019-09-23 00:26:21 --> 404 Page Not Found: Assets/js
ERROR - 2019-09-23 00:26:50 --> 404 Page Not Found: Assets/js
ERROR - 2019-09-23 00:26:50 --> 404 Page Not Found: Assets/js
ERROR - 2019-09-23 00:31:25 --> 404 Page Not Found: Assets/js
ERROR - 2019-09-23 00:31:25 --> 404 Page Not Found: Assets/js
ERROR - 2019-09-23 00:32:53 --> 404 Page Not Found: Assets/js
ERROR - 2019-09-23 00:32:53 --> 404 Page Not Found: Assets/js
ERROR - 2019-09-23 00:33:04 --> 404 Page Not Found: Assets/js
ERROR - 2019-09-23 00:33:04 --> 404 Page Not Found: Assets/js
ERROR - 2019-09-23 00:34:41 --> Severity: Warning --> mail(): Failed to connect to mailserver at &quot;localhost&quot; port 25, verify your &quot;SMTP&quot; and &quot;smtp_port&quot; setting in php.ini or use ini_set() C:\wamp64\www\webpedidos\application\controllers\usuario\Usuario.php 235
ERROR - 2019-09-23 01:17:01 --> 404 Page Not Found: Assets/js
ERROR - 2019-09-23 01:17:01 --> 404 Page Not Found: Assets/js
ERROR - 2019-09-23 01:19:48 --> 404 Page Not Found: Assets/js
ERROR - 2019-09-23 01:19:48 --> 404 Page Not Found: Assets/js
ERROR - 2019-09-23 01:20:49 --> 404 Page Not Found: Assets/js
ERROR - 2019-09-23 01:20:49 --> 404 Page Not Found: Assets/js
ERROR - 2019-09-23 01:23:49 --> 404 Page Not Found: Assets/js
ERROR - 2019-09-23 01:23:49 --> 404 Page Not Found: Assets/js
ERROR - 2019-09-23 01:28:14 --> 404 Page Not Found: Assets/js
ERROR - 2019-09-23 01:28:14 --> 404 Page Not Found: Assets/js
ERROR - 2019-09-23 01:29:07 --> 404 Page Not Found: Assets/js
ERROR - 2019-09-23 01:29:07 --> 404 Page Not Found: Assets/js
ERROR - 2019-09-23 01:34:37 --> 404 Page Not Found: Assets/js
ERROR - 2019-09-23 01:34:37 --> 404 Page Not Found: Assets/js
ERROR - 2019-09-23 01:35:13 --> 404 Page Not Found: Assets/js
ERROR - 2019-09-23 01:35:13 --> 404 Page Not Found: Assets/js
ERROR - 2019-09-23 01:35:44 --> 404 Page Not Found: Assets/js
ERROR - 2019-09-23 01:35:44 --> 404 Page Not Found: Assets/js
ERROR - 2019-09-23 01:36:00 --> 404 Page Not Found: Assets/js
ERROR - 2019-09-23 01:36:00 --> 404 Page Not Found: Assets/js
ERROR - 2019-09-23 01:37:52 --> 404 Page Not Found: Assets/js
ERROR - 2019-09-23 01:37:52 --> 404 Page Not Found: Assets/js
ERROR - 2019-09-23 01:39:43 --> 404 Page Not Found: Assets/js
ERROR - 2019-09-23 01:39:43 --> 404 Page Not Found: Assets/js
ERROR - 2019-09-23 01:55:03 --> 404 Page Not Found: Assets/js
ERROR - 2019-09-23 01:55:03 --> 404 Page Not Found: Assets/js
ERROR - 2019-09-23 01:58:57 --> 404 Page Not Found: Assets/js
ERROR - 2019-09-23 01:58:57 --> 404 Page Not Found: Assets/js
ERROR - 2019-09-23 01:59:56 --> 404 Page Not Found: Assets/js
ERROR - 2019-09-23 01:59:56 --> 404 Page Not Found: Assets/js
ERROR - 2019-09-23 02:04:24 --> 404 Page Not Found: Assets/js
ERROR - 2019-09-23 02:04:24 --> 404 Page Not Found: Assets/js
ERROR - 2019-09-23 02:05:48 --> 404 Page Not Found: Assets/js
ERROR - 2019-09-23 02:05:48 --> 404 Page Not Found: Assets/js
ERROR - 2019-09-23 02:05:49 --> 404 Page Not Found: Assets/js
ERROR - 2019-09-23 02:05:49 --> 404 Page Not Found: Assets/js
ERROR - 2019-09-23 02:07:53 --> 404 Page Not Found: Assets/js
ERROR - 2019-09-23 02:07:53 --> 404 Page Not Found: Assets/js
ERROR - 2019-09-23 02:36:27 --> 404 Page Not Found: Assets/js
ERROR - 2019-09-23 02:36:27 --> 404 Page Not Found: Assets/js
ERROR - 2019-09-23 02:42:32 --> 404 Page Not Found: Assets/js
ERROR - 2019-09-23 02:42:32 --> 404 Page Not Found: Assets/js
ERROR - 2019-09-23 02:43:16 --> 404 Page Not Found: Assets/js
ERROR - 2019-09-23 02:43:16 --> 404 Page Not Found: Assets/js
ERROR - 2019-09-23 02:43:58 --> 404 Page Not Found: Assets/js
ERROR - 2019-09-23 02:43:58 --> 404 Page Not Found: Assets/js
ERROR - 2019-09-23 02:53:02 --> 404 Page Not Found: Assets/js
ERROR - 2019-09-23 02:53:02 --> 404 Page Not Found: Assets/js
ERROR - 2019-09-23 02:53:58 --> 404 Page Not Found: Assets/js
ERROR - 2019-09-23 02:53:58 --> 404 Page Not Found: Assets/js
ERROR - 2019-09-23 02:54:33 --> 404 Page Not Found: Assets/js
ERROR - 2019-09-23 02:54:33 --> 404 Page Not Found: Assets/js
ERROR - 2019-09-23 02:56:45 --> 404 Page Not Found: Assets/js
ERROR - 2019-09-23 02:56:45 --> 404 Page Not Found: Assets/js
ERROR - 2019-09-23 03:00:52 --> 404 Page Not Found: Assets/js
ERROR - 2019-09-23 03:00:52 --> 404 Page Not Found: Assets/js
ERROR - 2019-09-23 03:02:31 --> 404 Page Not Found: Assets/js
ERROR - 2019-09-23 03:02:31 --> 404 Page Not Found: Assets/js
ERROR - 2019-09-23 03:03:21 --> 404 Page Not Found: Assets/js
ERROR - 2019-09-23 03:03:21 --> 404 Page Not Found: Assets/js
ERROR - 2019-09-23 03:03:49 --> 404 Page Not Found: Assets/js
ERROR - 2019-09-23 03:03:49 --> 404 Page Not Found: Assets/js
ERROR - 2019-09-23 03:04:07 --> 404 Page Not Found: Assets/js
ERROR - 2019-09-23 03:04:07 --> 404 Page Not Found: Assets/js
ERROR - 2019-09-23 03:04:32 --> 404 Page Not Found: Assets/js
ERROR - 2019-09-23 03:04:32 --> 404 Page Not Found: Assets/js
ERROR - 2019-09-23 03:07:43 --> 404 Page Not Found: Assets/js
ERROR - 2019-09-23 03:07:43 --> 404 Page Not Found: Assets/js
ERROR - 2019-09-23 03:10:36 --> Query error: ERRO:  atualização ou exclusão em tabela "web_grupos_acesso" viola restrição de chave estrangeira "web_login_grupoacessoid_fkey" em "web_login"
DETAIL:  Chave (grupoacessoid)=(1) ainda é referenciada pela tabela "web_login". - Invalid query: DELETE FROM "web_grupos_acesso"
WHERE "grupoacessonome" = 'MASTER'
ERROR - 2019-09-23 03:10:36 --> Query error: ERRO:  atualização ou exclusão em tabela "web_grupos_acesso" viola restrição de chave estrangeira "web_login_grupoacessoid_fkey" em "web_login"
DETAIL:  Chave (grupoacessoid)=(1) ainda é referenciada pela tabela "web_login". - Invalid query: DELETE FROM "web_grupos_acesso"
WHERE "grupoacessonome" = 'MASTER'
ERROR - 2019-09-23 03:10:44 --> 404 Page Not Found: Assets/js
ERROR - 2019-09-23 03:10:44 --> 404 Page Not Found: Assets/js
ERROR - 2019-09-23 03:13:34 --> 404 Page Not Found: Assets/js
ERROR - 2019-09-23 03:13:34 --> 404 Page Not Found: Assets/js
ERROR - 2019-09-23 03:14:19 --> 404 Page Not Found: Assets/js
ERROR - 2019-09-23 03:14:19 --> 404 Page Not Found: Assets/js
ERROR - 2019-09-23 03:14:32 --> 404 Page Not Found: Assets/js
ERROR - 2019-09-23 03:14:33 --> 404 Page Not Found: Assets/js
ERROR - 2019-09-23 03:15:22 --> 404 Page Not Found: Assets/js
ERROR - 2019-09-23 03:15:22 --> 404 Page Not Found: Assets/js
ERROR - 2019-09-23 03:15:59 --> 404 Page Not Found: Assets/js
ERROR - 2019-09-23 03:15:59 --> 404 Page Not Found: Assets/js
ERROR - 2019-09-23 03:20:25 --> 404 Page Not Found: Assets/js
ERROR - 2019-09-23 03:20:25 --> 404 Page Not Found: Assets/js
ERROR - 2019-09-23 03:21:08 --> 404 Page Not Found: Assets/js
ERROR - 2019-09-23 03:21:08 --> 404 Page Not Found: Assets/js
ERROR - 2019-09-23 03:22:40 --> 404 Page Not Found: Assets/js
ERROR - 2019-09-23 03:22:40 --> 404 Page Not Found: Assets/js
ERROR - 2019-09-23 03:32:44 --> 404 Page Not Found: Assets/js
ERROR - 2019-09-23 03:32:44 --> 404 Page Not Found: Assets/js
ERROR - 2019-09-23 03:33:10 --> Query error: ERRO:  sintaxe de entrada é inválida para uuid: ""
LINE 2: WHERE "funcionarioid" = ''
                                ^ - Invalid query: UPDATE "web_login" SET "grupoacessoid" = '102', "usuario" = 'heberd32'
WHERE "funcionarioid" = ''
ERROR - 2019-09-23 03:41:15 --> 404 Page Not Found: Assets/js
ERROR - 2019-09-23 03:41:15 --> 404 Page Not Found: Assets/js
ERROR - 2019-09-23 03:41:16 --> 404 Page Not Found: Assets/js
ERROR - 2019-09-23 03:41:16 --> 404 Page Not Found: Assets/js
ERROR - 2019-09-23 03:45:42 --> 404 Page Not Found: Assets/js
ERROR - 2019-09-23 03:45:42 --> 404 Page Not Found: Assets/js
ERROR - 2019-09-23 03:45:47 --> Severity: error --> Exception: Call to undefined method GrupoAcesso_model::editar() C:\wamp64\www\webpedidos\application\controllers\grupoacesso\grupoacesso.php 235
ERROR - 2019-09-23 03:49:07 --> 404 Page Not Found: Assets/js
ERROR - 2019-09-23 03:49:07 --> 404 Page Not Found: Assets/js
ERROR - 2019-09-23 03:49:12 --> Severity: error --> Exception: Call to undefined method GrupoAcesso_model::editar() C:\wamp64\www\webpedidos\application\controllers\grupoacesso\grupoacesso.php 235
ERROR - 2019-09-23 03:49:40 --> 404 Page Not Found: Assets/js
ERROR - 2019-09-23 03:49:40 --> 404 Page Not Found: Assets/js
ERROR - 2019-09-23 03:52:13 --> 404 Page Not Found: Assets/js
ERROR - 2019-09-23 03:52:13 --> 404 Page Not Found: Assets/js
ERROR - 2019-09-23 03:53:07 --> 404 Page Not Found: Assets/js
ERROR - 2019-09-23 03:53:07 --> 404 Page Not Found: Assets/js
ERROR - 2019-09-23 03:55:26 --> 404 Page Not Found: Assets/js
ERROR - 2019-09-23 03:55:26 --> 404 Page Not Found: Assets/js
ERROR - 2019-09-23 03:55:53 --> 404 Page Not Found: Assets/js
ERROR - 2019-09-23 03:55:53 --> 404 Page Not Found: Assets/js
ERROR - 2019-09-23 03:57:02 --> 404 Page Not Found: Assets/js
ERROR - 2019-09-23 03:57:02 --> 404 Page Not Found: Assets/js
ERROR - 2019-09-23 04:02:56 --> 404 Page Not Found: Assets/js
ERROR - 2019-09-23 04:02:56 --> 404 Page Not Found: Assets/js
ERROR - 2019-09-23 04:04:42 --> 404 Page Not Found: Assets/js
ERROR - 2019-09-23 04:04:42 --> 404 Page Not Found: Assets/js
ERROR - 2019-09-23 04:05:23 --> 404 Page Not Found: Assets/js
ERROR - 2019-09-23 04:05:23 --> 404 Page Not Found: Assets/js
ERROR - 2019-09-23 04:06:27 --> 404 Page Not Found: Assets/js
ERROR - 2019-09-23 04:06:27 --> 404 Page Not Found: Assets/js
ERROR - 2019-09-23 04:06:54 --> Query error: ERRO:  sintaxe de entrada é inválida para uuid: ""
LINE 2: WHERE "funcionarioid" = ''
                                ^ - Invalid query: UPDATE "web_login" SET "usuario" = 'heberd123'
WHERE "funcionarioid" = ''
ERROR - 2019-09-23 04:07:02 --> Query error: ERRO:  sintaxe de entrada é inválida para uuid: ""
LINE 2: WHERE "funcionarioid" = ''
                                ^ - Invalid query: UPDATE "web_login" SET "usuario" = 'heberd123'
WHERE "funcionarioid" = ''
ERROR - 2019-09-23 04:07:16 --> 404 Page Not Found: Assets/js
ERROR - 2019-09-23 04:07:16 --> 404 Page Not Found: Assets/js
ERROR - 2019-09-23 04:11:07 --> 404 Page Not Found: Assets/js
ERROR - 2019-09-23 04:11:07 --> 404 Page Not Found: Assets/js
ERROR - 2019-09-23 04:27:55 --> 404 Page Not Found: Assets/js
ERROR - 2019-09-23 04:27:55 --> 404 Page Not Found: Assets/js
ERROR - 2019-09-23 04:27:56 --> 404 Page Not Found: Assets/js
ERROR - 2019-09-23 04:27:56 --> 404 Page Not Found: Assets/js
ERROR - 2019-09-23 04:28:05 --> 404 Page Not Found: Assets/js
ERROR - 2019-09-23 04:28:05 --> 404 Page Not Found: Assets/js
ERROR - 2019-09-23 04:30:22 --> 404 Page Not Found: Assets/js
ERROR - 2019-09-23 04:30:22 --> 404 Page Not Found: Assets/js
ERROR - 2019-09-23 04:31:10 --> 404 Page Not Found: Assets/js
ERROR - 2019-09-23 04:31:10 --> 404 Page Not Found: Assets/js
ERROR - 2019-09-23 04:32:10 --> Query error: ERRO:  duplicar valor da chave viola a restrição de unicidade "web_login_usuario_key"
DETAIL:  Chave (usuario)=(mminchetti) já existe. - Invalid query: UPDATE "web_login" SET "usuario" = 'mminchetti'
WHERE "funcionarioid" = '7339be89-66d2-4661-9778-b0cc30c02b56'
ERROR - 2019-09-23 04:36:34 --> 404 Page Not Found: Assets/js
ERROR - 2019-09-23 04:36:34 --> 404 Page Not Found: Assets/js
ERROR - 2019-09-23 04:37:59 --> 404 Page Not Found: Assets/js
ERROR - 2019-09-23 04:37:59 --> 404 Page Not Found: Assets/js
ERROR - 2019-09-23 04:39:19 --> 404 Page Not Found: Assets/js
ERROR - 2019-09-23 04:39:19 --> 404 Page Not Found: Assets/js
ERROR - 2019-09-23 04:40:51 --> 404 Page Not Found: Assets/js
ERROR - 2019-09-23 04:40:51 --> 404 Page Not Found: Assets/js
ERROR - 2019-09-23 04:48:38 --> 404 Page Not Found: Assets/js
ERROR - 2019-09-23 04:48:38 --> 404 Page Not Found: Assets/js
ERROR - 2019-09-23 04:48:47 --> 404 Page Not Found: Assets/js
ERROR - 2019-09-23 04:48:47 --> 404 Page Not Found: Assets/js
ERROR - 2019-09-23 04:49:03 --> 404 Page Not Found: Assets/js
ERROR - 2019-09-23 04:49:03 --> 404 Page Not Found: Assets/js
ERROR - 2019-09-23 04:51:37 --> 404 Page Not Found: Assets/js
ERROR - 2019-09-23 04:51:37 --> 404 Page Not Found: Assets/js
ERROR - 2019-09-23 04:52:25 --> 404 Page Not Found: Assets/js
ERROR - 2019-09-23 04:52:25 --> 404 Page Not Found: Assets/js
ERROR - 2019-09-23 04:53:31 --> 404 Page Not Found: Assets/js
ERROR - 2019-09-23 04:53:31 --> 404 Page Not Found: Assets/js
ERROR - 2019-09-23 04:53:40 --> 404 Page Not Found: Assets/js
ERROR - 2019-09-23 04:53:40 --> 404 Page Not Found: Assets/js
ERROR - 2019-09-23 04:54:06 --> 404 Page Not Found: Assets/js
ERROR - 2019-09-23 04:54:06 --> 404 Page Not Found: Assets/js
ERROR - 2019-09-23 05:23:40 --> 404 Page Not Found: Assets/js
ERROR - 2019-09-23 05:23:40 --> 404 Page Not Found: Assets/js
ERROR - 2019-09-23 05:23:41 --> 404 Page Not Found: Assets/js
ERROR - 2019-09-23 05:23:41 --> 404 Page Not Found: Assets/js
ERROR - 2019-09-23 05:24:06 --> 404 Page Not Found: Assets/js
ERROR - 2019-09-23 05:24:06 --> 404 Page Not Found: Assets/js
ERROR - 2019-09-23 05:25:36 --> 404 Page Not Found: Assets/js
ERROR - 2019-09-23 05:25:36 --> 404 Page Not Found: Assets/js
ERROR - 2019-09-23 05:25:45 --> 404 Page Not Found: Assets/js
ERROR - 2019-09-23 05:25:45 --> 404 Page Not Found: Assets/js
ERROR - 2019-09-23 05:28:54 --> 404 Page Not Found: Assets/js
ERROR - 2019-09-23 05:28:54 --> 404 Page Not Found: Assets/js
ERROR - 2019-09-23 05:28:55 --> 404 Page Not Found: Assets/js
ERROR - 2019-09-23 05:28:55 --> 404 Page Not Found: Assets/js
ERROR - 2019-09-23 05:28:56 --> 404 Page Not Found: Assets/js
ERROR - 2019-09-23 05:28:56 --> 404 Page Not Found: Assets/js
ERROR - 2019-09-23 05:31:17 --> 404 Page Not Found: Assets/js
ERROR - 2019-09-23 05:31:17 --> 404 Page Not Found: Assets/js
ERROR - 2019-09-23 05:35:07 --> 404 Page Not Found: Assets/js
ERROR - 2019-09-23 05:35:07 --> 404 Page Not Found: Assets/js
ERROR - 2019-09-23 05:36:22 --> 404 Page Not Found: Assets/js
ERROR - 2019-09-23 05:36:22 --> 404 Page Not Found: Assets/js
ERROR - 2019-09-23 05:37:05 --> 404 Page Not Found: Assets/js
ERROR - 2019-09-23 05:37:05 --> 404 Page Not Found: Assets/js
ERROR - 2019-09-23 05:37:47 --> 404 Page Not Found: Assets/js
ERROR - 2019-09-23 05:37:47 --> 404 Page Not Found: Assets/js
ERROR - 2019-09-23 05:38:07 --> 404 Page Not Found: Assets/js
ERROR - 2019-09-23 05:38:07 --> 404 Page Not Found: Assets/js
ERROR - 2019-09-23 05:39:51 --> 404 Page Not Found: Assets/js
ERROR - 2019-09-23 05:39:52 --> 404 Page Not Found: Assets/js
ERROR - 2019-09-23 05:40:28 --> 404 Page Not Found: Assets/js
ERROR - 2019-09-23 05:40:28 --> 404 Page Not Found: Assets/js
ERROR - 2019-09-23 05:40:45 --> 404 Page Not Found: Assets/js
ERROR - 2019-09-23 05:40:45 --> 404 Page Not Found: Assets/js
ERROR - 2019-09-23 05:40:56 --> 404 Page Not Found: Assets/js
ERROR - 2019-09-23 05:40:56 --> 404 Page Not Found: Assets/js
ERROR - 2019-09-23 05:44:42 --> 404 Page Not Found: Assets/js
ERROR - 2019-09-23 05:44:42 --> 404 Page Not Found: Assets/js
ERROR - 2019-09-23 05:44:50 --> 404 Page Not Found: Assets/js
ERROR - 2019-09-23 05:44:50 --> 404 Page Not Found: Assets/js
ERROR - 2019-09-23 05:46:06 --> 404 Page Not Found: Assets/js
ERROR - 2019-09-23 05:46:06 --> 404 Page Not Found: Assets/js
ERROR - 2019-09-23 05:46:19 --> 404 Page Not Found: Assets/js
ERROR - 2019-09-23 05:46:19 --> 404 Page Not Found: Assets/js
ERROR - 2019-09-23 05:49:59 --> 404 Page Not Found: Assets/js
ERROR - 2019-09-23 05:49:59 --> 404 Page Not Found: Assets/js
ERROR - 2019-09-23 05:51:01 --> 404 Page Not Found: Assets/js
ERROR - 2019-09-23 05:51:01 --> 404 Page Not Found: Assets/js
ERROR - 2019-09-23 05:51:21 --> 404 Page Not Found: Assets/js
ERROR - 2019-09-23 05:51:21 --> 404 Page Not Found: Assets/js
ERROR - 2019-09-23 05:52:13 --> 404 Page Not Found: Assets/js
ERROR - 2019-09-23 05:52:13 --> 404 Page Not Found: Assets/js
ERROR - 2019-09-23 05:53:12 --> 404 Page Not Found: Assets/js
ERROR - 2019-09-23 05:53:12 --> 404 Page Not Found: Assets/js
ERROR - 2019-09-23 05:55:26 --> 404 Page Not Found: Assets/js
ERROR - 2019-09-23 05:55:26 --> 404 Page Not Found: Assets/js
ERROR - 2019-09-23 05:56:12 --> 404 Page Not Found: Assets/js
ERROR - 2019-09-23 05:56:12 --> 404 Page Not Found: Assets/js
ERROR - 2019-09-23 05:56:22 --> Severity: Notice --> Undefined offset: 0 C:\wamp64\www\webpedidos\application\models\usuario\Usuario_model.php 245
ERROR - 2019-09-23 05:56:22 --> Severity: Notice --> Trying to get property 'usuario' of non-object C:\wamp64\www\webpedidos\application\models\usuario\Usuario_model.php 245
ERROR - 2019-09-23 05:58:28 --> 404 Page Not Found: Assets/js
ERROR - 2019-09-23 05:58:28 --> 404 Page Not Found: Assets/js
ERROR - 2019-09-23 05:58:44 --> 404 Page Not Found: Assets/js
ERROR - 2019-09-23 05:58:44 --> 404 Page Not Found: Assets/js
ERROR - 2019-09-23 05:59:01 --> 404 Page Not Found: Assets/js
ERROR - 2019-09-23 05:59:01 --> 404 Page Not Found: Assets/js
ERROR - 2019-09-23 05:59:12 --> 404 Page Not Found: Assets/js
ERROR - 2019-09-23 05:59:12 --> 404 Page Not Found: Assets/js
ERROR - 2019-09-23 05:59:31 --> Severity: Notice --> Undefined offset: 0 C:\wamp64\www\webpedidos\application\models\usuario\Usuario_model.php 245
ERROR - 2019-09-23 05:59:31 --> Severity: Notice --> Trying to get property 'usuario' of non-object C:\wamp64\www\webpedidos\application\models\usuario\Usuario_model.php 245
ERROR - 2019-09-23 06:01:18 --> 404 Page Not Found: Assets/js
ERROR - 2019-09-23 06:01:18 --> 404 Page Not Found: Assets/js
ERROR - 2019-09-23 06:01:29 --> 404 Page Not Found: Assets/js
ERROR - 2019-09-23 06:01:29 --> 404 Page Not Found: Assets/js
ERROR - 2019-09-23 06:02:00 --> Severity: Notice --> Undefined offset: 0 C:\wamp64\www\webpedidos\application\models\usuario\Usuario_model.php 245
ERROR - 2019-09-23 06:02:00 --> Severity: Notice --> Trying to get property 'usuario' of non-object C:\wamp64\www\webpedidos\application\models\usuario\Usuario_model.php 245
ERROR - 2019-09-23 06:02:35 --> 404 Page Not Found: Assets/js
ERROR - 2019-09-23 06:02:35 --> 404 Page Not Found: Assets/js
ERROR - 2019-09-23 06:02:38 --> 404 Page Not Found: Assets/js
ERROR - 2019-09-23 06:02:38 --> 404 Page Not Found: Assets/js
ERROR - 2019-09-23 06:02:55 --> 404 Page Not Found: Assets/js
ERROR - 2019-09-23 06:02:55 --> 404 Page Not Found: Assets/js
ERROR - 2019-09-23 06:03:16 --> 404 Page Not Found: Assets/js
ERROR - 2019-09-23 06:03:16 --> 404 Page Not Found: Assets/js
ERROR - 2019-09-23 06:04:16 --> Severity: error --> Exception: syntax error, unexpected ')' C:\wamp64\www\webpedidos\application\controllers\usuario\Usuario.php 461
ERROR - 2019-09-23 06:04:23 --> 404 Page Not Found: Assets/js
ERROR - 2019-09-23 06:04:23 --> 404 Page Not Found: Assets/js
ERROR - 2019-09-23 06:05:55 --> 404 Page Not Found: Assets/js
ERROR - 2019-09-23 06:05:55 --> 404 Page Not Found: Assets/js
ERROR - 2019-09-23 06:07:09 --> 404 Page Not Found: Assets/js
ERROR - 2019-09-23 06:07:10 --> 404 Page Not Found: Assets/js
ERROR - 2019-09-23 06:08:34 --> 404 Page Not Found: Assets/js
ERROR - 2019-09-23 06:08:34 --> 404 Page Not Found: Assets/js
ERROR - 2019-09-23 06:13:17 --> 404 Page Not Found: Assets/js
ERROR - 2019-09-23 06:13:17 --> 404 Page Not Found: Assets/js
ERROR - 2019-09-23 06:13:32 --> 404 Page Not Found: Assets/js
ERROR - 2019-09-23 06:13:32 --> 404 Page Not Found: Assets/js
ERROR - 2019-09-23 06:14:42 --> 404 Page Not Found: Assets/js
ERROR - 2019-09-23 06:14:42 --> 404 Page Not Found: Assets/js
ERROR - 2019-09-23 06:16:11 --> 404 Page Not Found: Assets/js
ERROR - 2019-09-23 06:16:11 --> 404 Page Not Found: Assets/js
ERROR - 2019-09-23 06:17:52 --> 404 Page Not Found: Assets/js
ERROR - 2019-09-23 06:17:52 --> 404 Page Not Found: Assets/js
ERROR - 2019-09-23 06:18:45 --> 404 Page Not Found: Assets/js
ERROR - 2019-09-23 06:18:45 --> 404 Page Not Found: Assets/js
ERROR - 2019-09-23 06:18:57 --> 404 Page Not Found: Assets/js
ERROR - 2019-09-23 06:18:57 --> 404 Page Not Found: Assets/js
ERROR - 2019-09-23 06:19:53 --> 404 Page Not Found: Assets/js
ERROR - 2019-09-23 06:19:53 --> 404 Page Not Found: Assets/js
ERROR - 2019-09-23 06:20:17 --> 404 Page Not Found: Assets/js
ERROR - 2019-09-23 06:20:17 --> 404 Page Not Found: Assets/js
ERROR - 2019-09-23 06:21:27 --> 404 Page Not Found: Assets/js
ERROR - 2019-09-23 06:21:27 --> 404 Page Not Found: Assets/js
ERROR - 2019-09-23 06:21:35 --> 404 Page Not Found: Assets/js
ERROR - 2019-09-23 06:21:35 --> 404 Page Not Found: Assets/js
ERROR - 2019-09-23 06:22:57 --> 404 Page Not Found: Assets/js
ERROR - 2019-09-23 06:22:57 --> 404 Page Not Found: Assets/js
ERROR - 2019-09-23 06:23:08 --> 404 Page Not Found: Assets/js
ERROR - 2019-09-23 06:23:09 --> 404 Page Not Found: Assets/js
ERROR - 2019-09-23 06:23:12 --> 404 Page Not Found: Assets/js
ERROR - 2019-09-23 06:23:12 --> 404 Page Not Found: Assets/js
ERROR - 2019-09-23 06:23:20 --> Severity: Notice --> Undefined offset: 0 C:\wamp64\www\webpedidos\application\models\usuario\Usuario_model.php 253
ERROR - 2019-09-23 06:23:20 --> Severity: Notice --> Trying to get property 'usuario' of non-object C:\wamp64\www\webpedidos\application\models\usuario\Usuario_model.php 253
ERROR - 2019-09-23 06:23:53 --> 404 Page Not Found: Assets/js
ERROR - 2019-09-23 06:23:53 --> 404 Page Not Found: Assets/js
ERROR - 2019-09-23 06:24:06 --> Severity: Notice --> Undefined offset: 0 C:\wamp64\www\webpedidos\application\models\usuario\Usuario_model.php 253
ERROR - 2019-09-23 06:24:06 --> Severity: Notice --> Trying to get property 'usuario' of non-object C:\wamp64\www\webpedidos\application\models\usuario\Usuario_model.php 253
ERROR - 2019-09-23 06:26:35 --> 404 Page Not Found: Assets/js
ERROR - 2019-09-23 06:26:35 --> 404 Page Not Found: Assets/js
ERROR - 2019-09-23 06:26:46 --> 404 Page Not Found: Assets/js
ERROR - 2019-09-23 06:26:46 --> 404 Page Not Found: Assets/js
ERROR - 2019-09-23 06:27:02 --> 404 Page Not Found: Assets/js
ERROR - 2019-09-23 06:27:02 --> 404 Page Not Found: Assets/js
ERROR - 2019-09-23 06:27:17 --> 404 Page Not Found: Assets/js
ERROR - 2019-09-23 06:27:17 --> 404 Page Not Found: Assets/js
ERROR - 2019-09-23 06:27:32 --> 404 Page Not Found: Assets/js
ERROR - 2019-09-23 06:27:32 --> 404 Page Not Found: Assets/js
ERROR - 2019-09-23 06:27:48 --> 404 Page Not Found: Assets/js
ERROR - 2019-09-23 06:27:48 --> 404 Page Not Found: Assets/js
ERROR - 2019-09-23 06:27:49 --> 404 Page Not Found: Assets/js
ERROR - 2019-09-23 06:27:49 --> 404 Page Not Found: Assets/js
ERROR - 2019-09-23 06:28:53 --> 404 Page Not Found: Assets/js
ERROR - 2019-09-23 06:28:53 --> 404 Page Not Found: Assets/js
ERROR - 2019-09-23 06:29:01 --> Query error: ERRO:  relação "web2_login" não existe
LINE 2: FROM "web2_login"
             ^ - Invalid query: SELECT "usuario"
FROM "web2_login"
WHERE "usuario" = ''
ERROR - 2019-09-23 06:30:14 --> 404 Page Not Found: Assets/js
ERROR - 2019-09-23 06:30:14 --> 404 Page Not Found: Assets/js
ERROR - 2019-09-23 06:30:49 --> 404 Page Not Found: Assets/js
ERROR - 2019-09-23 06:30:49 --> 404 Page Not Found: Assets/js
ERROR - 2019-09-23 06:30:58 --> 404 Page Not Found: Assets/js
ERROR - 2019-09-23 06:30:58 --> 404 Page Not Found: Assets/js
ERROR - 2019-09-23 06:34:26 --> 404 Page Not Found: Assets/js
ERROR - 2019-09-23 06:34:26 --> 404 Page Not Found: Assets/js
ERROR - 2019-09-23 06:37:54 --> 404 Page Not Found: Assets/js
ERROR - 2019-09-23 06:37:54 --> 404 Page Not Found: Assets/js
ERROR - 2019-09-23 06:38:01 --> Severity: Warning --> Use of undefined constant JSON - assumed 'JSON' (this will throw an Error in a future version of PHP) C:\wamp64\www\webpedidos\application\models\usuario\Usuario_model.php 248
ERROR - 2019-09-23 06:38:01 --> Severity: error --> Exception: Call to undefined function parse() C:\wamp64\www\webpedidos\application\models\usuario\Usuario_model.php 248
ERROR - 2019-09-23 06:40:07 --> 404 Page Not Found: Assets/js
ERROR - 2019-09-23 06:40:07 --> 404 Page Not Found: Assets/js
ERROR - 2019-09-23 06:40:16 --> Severity: Warning --> json_decode() expects parameter 1 to be string, array given C:\wamp64\www\webpedidos\application\models\usuario\Usuario_model.php 248
ERROR - 2019-09-23 06:40:38 --> 404 Page Not Found: Assets/js
ERROR - 2019-09-23 06:40:38 --> 404 Page Not Found: Assets/js
ERROR - 2019-09-23 06:44:37 --> 404 Page Not Found: Assets/js
ERROR - 2019-09-23 06:44:37 --> 404 Page Not Found: Assets/js
ERROR - 2019-09-23 06:44:55 --> 404 Page Not Found: Assets/js
ERROR - 2019-09-23 06:44:55 --> 404 Page Not Found: Assets/js
ERROR - 2019-09-23 06:45:49 --> 404 Page Not Found: Assets/js
ERROR - 2019-09-23 06:45:49 --> 404 Page Not Found: Assets/js
ERROR - 2019-09-23 06:47:03 --> 404 Page Not Found: Assets/js
ERROR - 2019-09-23 06:47:03 --> 404 Page Not Found: Assets/js
ERROR - 2019-09-23 06:51:58 --> 404 Page Not Found: Assets/js
ERROR - 2019-09-23 06:51:58 --> 404 Page Not Found: Assets/js
ERROR - 2019-09-23 06:52:08 --> Severity: Warning --> Use of undefined constant JSON - assumed 'JSON' (this will throw an Error in a future version of PHP) C:\wamp64\www\webpedidos\application\models\usuario\Usuario_model.php 245
ERROR - 2019-09-23 06:52:08 --> Severity: error --> Exception: Call to undefined function parse() C:\wamp64\www\webpedidos\application\models\usuario\Usuario_model.php 245
ERROR - 2019-09-23 06:54:26 --> 404 Page Not Found: Assets/js
ERROR - 2019-09-23 06:54:26 --> 404 Page Not Found: Assets/js
ERROR - 2019-09-23 06:54:33 --> Severity: Warning --> Use of undefined constant JSON - assumed 'JSON' (this will throw an Error in a future version of PHP) C:\wamp64\www\webpedidos\application\models\usuario\Usuario_model.php 246
ERROR - 2019-09-23 06:54:33 --> Severity: error --> Exception: Call to undefined function parse() C:\wamp64\www\webpedidos\application\models\usuario\Usuario_model.php 246
ERROR - 2019-09-23 06:54:39 --> 404 Page Not Found: Assets/js
ERROR - 2019-09-23 06:54:39 --> 404 Page Not Found: Assets/js
ERROR - 2019-09-23 06:54:51 --> Severity: Warning --> Use of undefined constant JSON - assumed 'JSON' (this will throw an Error in a future version of PHP) C:\wamp64\www\webpedidos\application\models\usuario\Usuario_model.php 246
ERROR - 2019-09-23 06:54:51 --> Severity: error --> Exception: Call to undefined function parse() C:\wamp64\www\webpedidos\application\models\usuario\Usuario_model.php 246
ERROR - 2019-09-23 06:55:52 --> 404 Page Not Found: Assets/js
ERROR - 2019-09-23 06:55:52 --> 404 Page Not Found: Assets/js
ERROR - 2019-09-23 06:55:59 --> Severity: Warning --> Use of undefined constant JSON - assumed 'JSON' (this will throw an Error in a future version of PHP) C:\wamp64\www\webpedidos\application\models\usuario\Usuario_model.php 242
ERROR - 2019-09-23 06:55:59 --> Severity: error --> Exception: Call to undefined function parse() C:\wamp64\www\webpedidos\application\models\usuario\Usuario_model.php 242
ERROR - 2019-09-23 06:56:14 --> 404 Page Not Found: Assets/js
ERROR - 2019-09-23 06:56:14 --> 404 Page Not Found: Assets/js
ERROR - 2019-09-23 06:56:21 --> Severity: Warning --> Use of undefined constant JSON - assumed 'JSON' (this will throw an Error in a future version of PHP) C:\wamp64\www\webpedidos\application\models\usuario\Usuario_model.php 242
ERROR - 2019-09-23 06:56:21 --> Severity: error --> Exception: Call to undefined function parse() C:\wamp64\www\webpedidos\application\models\usuario\Usuario_model.php 242
ERROR - 2019-09-23 06:56:39 --> 404 Page Not Found: Assets/js
ERROR - 2019-09-23 06:56:39 --> 404 Page Not Found: Assets/js
ERROR - 2019-09-23 06:56:47 --> Severity: error --> Exception: Call to undefined function json_parse() C:\wamp64\www\webpedidos\application\models\usuario\Usuario_model.php 242
ERROR - 2019-09-23 06:57:38 --> 404 Page Not Found: Assets/js
ERROR - 2019-09-23 06:57:38 --> 404 Page Not Found: Assets/js
ERROR - 2019-09-23 07:04:39 --> 404 Page Not Found: Assets/js
ERROR - 2019-09-23 07:04:39 --> 404 Page Not Found: Assets/js
ERROR - 2019-09-23 07:06:22 --> 404 Page Not Found: Assets/js
ERROR - 2019-09-23 07:06:22 --> 404 Page Not Found: Assets/js
ERROR - 2019-09-23 07:06:34 --> 404 Page Not Found: Assets/js
ERROR - 2019-09-23 07:06:34 --> 404 Page Not Found: Assets/js
ERROR - 2019-09-23 07:06:37 --> 404 Page Not Found: Assets/js
ERROR - 2019-09-23 07:06:37 --> 404 Page Not Found: Assets/js
ERROR - 2019-09-23 07:07:46 --> 404 Page Not Found: Assets/js
ERROR - 2019-09-23 07:07:46 --> 404 Page Not Found: Assets/js
ERROR - 2019-09-23 07:09:02 --> 404 Page Not Found: Assets/js
ERROR - 2019-09-23 07:09:02 --> 404 Page Not Found: Assets/js
ERROR - 2019-09-23 08:44:09 --> 404 Page Not Found: Assets/js
ERROR - 2019-09-23 08:44:09 --> 404 Page Not Found: Assets/js
ERROR - 2019-09-23 08:52:23 --> 404 Page Not Found: Assets/js
ERROR - 2019-09-23 08:52:23 --> 404 Page Not Found: Assets/js
ERROR - 2019-09-23 08:52:40 --> 404 Page Not Found: Assets/js
ERROR - 2019-09-23 08:52:40 --> 404 Page Not Found: Assets/js
ERROR - 2019-09-23 08:53:04 --> 404 Page Not Found: Assets/js
ERROR - 2019-09-23 08:53:04 --> 404 Page Not Found: Assets/js
ERROR - 2019-09-23 09:09:51 --> Unable to connect to the database
ERROR - 2019-09-23 09:09:56 --> 404 Page Not Found: Assets/js
ERROR - 2019-09-23 09:09:56 --> 404 Page Not Found: Assets/js
ERROR - 2019-09-23 09:10:03 --> Unable to connect to the database
ERROR - 2019-09-23 09:13:16 --> Unable to connect to the database
ERROR - 2019-09-23 10:30:26 --> 404 Page Not Found: Assets/js
ERROR - 2019-09-23 10:30:27 --> 404 Page Not Found: Assets/js
ERROR - 2019-09-23 10:34:04 --> 404 Page Not Found: Assets/js
ERROR - 2019-09-23 10:34:04 --> 404 Page Not Found: Assets/js
ERROR - 2019-09-23 10:36:00 --> 404 Page Not Found: Assets/js
ERROR - 2019-09-23 10:36:00 --> 404 Page Not Found: Assets/js
ERROR - 2019-09-23 10:38:54 --> 404 Page Not Found: Assets/js
ERROR - 2019-09-23 10:38:54 --> 404 Page Not Found: Assets/js
ERROR - 2019-09-23 10:38:57 --> 404 Page Not Found: Assets/js
ERROR - 2019-09-23 10:38:57 --> 404 Page Not Found: Assets/js
ERROR - 2019-09-23 10:38:58 --> 404 Page Not Found: Assets/js
ERROR - 2019-09-23 10:38:58 --> 404 Page Not Found: Assets/js
ERROR - 2019-09-23 10:39:39 --> 404 Page Not Found: Assets/js
ERROR - 2019-09-23 10:39:39 --> 404 Page Not Found: Assets/js
ERROR - 2019-09-23 10:39:41 --> 404 Page Not Found: Assets/js
ERROR - 2019-09-23 10:39:41 --> 404 Page Not Found: Assets/js
ERROR - 2019-09-23 10:40:41 --> 404 Page Not Found: Assets/js
ERROR - 2019-09-23 10:40:41 --> 404 Page Not Found: Assets/js
ERROR - 2019-09-23 10:43:07 --> 404 Page Not Found: Assets/js
ERROR - 2019-09-23 10:43:07 --> 404 Page Not Found: Assets/js
ERROR - 2019-09-23 10:43:11 --> 404 Page Not Found: Assets/js
ERROR - 2019-09-23 10:43:11 --> 404 Page Not Found: Assets/js
ERROR - 2019-09-23 10:45:58 --> 404 Page Not Found: Assets/js
ERROR - 2019-09-23 10:45:58 --> 404 Page Not Found: Assets/js
ERROR - 2019-09-23 10:49:07 --> 404 Page Not Found: Assets/js
ERROR - 2019-09-23 10:49:07 --> 404 Page Not Found: Assets/js
ERROR - 2019-09-23 10:49:09 --> 404 Page Not Found: Assets/js
ERROR - 2019-09-23 10:49:09 --> 404 Page Not Found: Assets/js
ERROR - 2019-09-23 10:51:32 --> Severity: error --> Exception: syntax error, unexpected ')', expecting variable (T_VARIABLE) or '{' or '$' C:\wamp64\www\webpedidos\application\controllers\usuario\Usuario.php 461
ERROR - 2019-09-23 10:52:22 --> 404 Page Not Found: Assets/js
ERROR - 2019-09-23 10:52:22 --> 404 Page Not Found: Assets/js
ERROR - 2019-09-23 10:52:32 --> 404 Page Not Found: Assets/js
ERROR - 2019-09-23 10:52:32 --> 404 Page Not Found: Assets/js
ERROR - 2019-09-23 10:52:37 --> 404 Page Not Found: Assets/js
ERROR - 2019-09-23 10:52:37 --> 404 Page Not Found: Assets/js
ERROR - 2019-09-23 11:08:45 --> Severity: Notice --> Undefined property: Usuario::$usuario C:\wamp64\www\webpedidos\application\controllers\usuario\Usuario.php 482
ERROR - 2019-09-23 11:08:45 --> Severity: error --> Exception: Call to a member function excluir() on null C:\wamp64\www\webpedidos\application\controllers\usuario\Usuario.php 482
ERROR - 2019-09-23 11:09:33 --> 404 Page Not Found: Assets/js
ERROR - 2019-09-23 11:09:33 --> 404 Page Not Found: Assets/js
ERROR - 2019-09-23 11:10:29 --> 404 Page Not Found: Assets/js
ERROR - 2019-09-23 11:10:29 --> 404 Page Not Found: Assets/js
ERROR - 2019-09-23 11:10:39 --> Severity: Notice --> Undefined property: Usuario::$usuario C:\wamp64\www\webpedidos\application\controllers\usuario\Usuario.php 482
ERROR - 2019-09-23 11:10:39 --> Severity: error --> Exception: Call to a member function excluir() on null C:\wamp64\www\webpedidos\application\controllers\usuario\Usuario.php 482
ERROR - 2019-09-23 11:11:27 --> 404 Page Not Found: Assets/js
ERROR - 2019-09-23 11:11:27 --> 404 Page Not Found: Assets/js
ERROR - 2019-09-23 11:11:41 --> Query error: ERRO:  atualização ou exclusão em tabela "web_login" viola restrição de chave estrangeira "web_login_senhas_anteriores_webloginid_fkey" em "web_login_senhas_anteriores"
DETAIL:  Chave (webloginid)=(2192) ainda é referenciada pela tabela "web_login_senhas_anteriores". - Invalid query: DELETE FROM "web_login"
WHERE "funcionarioid" = '7339be89-66d2-4661-9778-b0cc30c02b56'
ERROR - 2019-09-23 11:14:19 --> 404 Page Not Found: Assets/js
ERROR - 2019-09-23 11:14:19 --> 404 Page Not Found: Assets/js
ERROR - 2019-09-23 11:14:24 --> 404 Page Not Found: Assets/js
ERROR - 2019-09-23 11:14:24 --> 404 Page Not Found: Assets/js
ERROR - 2019-09-23 11:14:27 --> 404 Page Not Found: Assets/js
ERROR - 2019-09-23 11:14:27 --> 404 Page Not Found: Assets/js
ERROR - 2019-09-23 11:20:06 --> 404 Page Not Found: Assets/js
ERROR - 2019-09-23 11:20:06 --> 404 Page Not Found: Assets/js
ERROR - 2019-09-23 13:22:33 --> Severity: 8192 --> idn_to_ascii(): INTL_IDNA_VARIANT_2003 is deprecated C:\wamp64\www\system\libraries\Form_validation.php 1234
ERROR - 2019-09-23 14:08:15 --> Severity: 8192 --> idn_to_ascii(): INTL_IDNA_VARIANT_2003 is deprecated C:\wamp64\www\system\libraries\Form_validation.php 1234
ERROR - 2019-09-23 14:09:06 --> Severity: 8192 --> idn_to_ascii(): INTL_IDNA_VARIANT_2003 is deprecated C:\wamp64\www\system\libraries\Form_validation.php 1234
ERROR - 2019-09-23 14:13:15 --> 404 Page Not Found: Assets/js
ERROR - 2019-09-23 14:13:15 --> 404 Page Not Found: Assets/js
ERROR - 2019-09-23 14:14:04 --> 404 Page Not Found: Assets/js
ERROR - 2019-09-23 14:14:04 --> 404 Page Not Found: Assets/js
ERROR - 2019-09-23 14:14:08 --> 404 Page Not Found: Assets/js
ERROR - 2019-09-23 14:14:08 --> 404 Page Not Found: Assets/js
ERROR - 2019-09-23 14:33:01 --> 404 Page Not Found: Assets/js
ERROR - 2019-09-23 14:33:01 --> 404 Page Not Found: Assets/js
ERROR - 2019-09-23 21:19:06 --> Severity: 8192 --> idn_to_ascii(): INTL_IDNA_VARIANT_2003 is deprecated C:\wamp64\www\system\libraries\Form_validation.php 1234
