ERROR - 2018-09-03 09:47:15 --> 404 Page Not Found: Assets/js
ERROR - 2018-09-03 09:47:15 --> 404 Page Not Found: Assets/js
ERROR - 2018-09-03 09:47:32 --> 404 Page Not Found: Assets/images
ERROR - 2018-09-03 09:47:32 --> 404 Page Not Found: Assets/images
ERROR - 2018-09-03 09:47:32 --> 404 Page Not Found: Assets/images
ERROR - 2018-09-03 09:47:32 --> 404 Page Not Found: Assets/images
ERROR - 2018-09-03 09:48:42 --> Severity: Notice --> Undefined offset: 0 C:\laragon\www\webpedidos\application\controllers\pedido\Requisicao.php 118
ERROR - 2018-09-03 09:49:09 --> 404 Page Not Found: Assets/js
ERROR - 2018-09-03 09:49:09 --> 404 Page Not Found: Assets/js
ERROR - 2018-09-03 09:49:17 --> 404 Page Not Found: Assets/images
ERROR - 2018-09-03 09:49:17 --> 404 Page Not Found: Assets/images
ERROR - 2018-09-03 09:49:17 --> 404 Page Not Found: Assets/images
ERROR - 2018-09-03 09:49:17 --> 404 Page Not Found: Assets/images
ERROR - 2018-09-03 09:50:17 --> 404 Page Not Found: Assets/js
ERROR - 2018-09-03 09:50:17 --> 404 Page Not Found: Assets/js
ERROR - 2018-09-03 09:50:35 --> 404 Page Not Found: Assets/images
ERROR - 2018-09-03 09:50:35 --> 404 Page Not Found: Assets/images
ERROR - 2018-09-03 09:50:36 --> 404 Page Not Found: Assets/images
ERROR - 2018-09-03 09:50:36 --> 404 Page Not Found: Assets/images
ERROR - 2018-09-03 09:50:42 --> Severity: Notice --> Undefined offset: 0 C:\laragon\www\webpedidos\application\controllers\pedido\Requisicao.php 118
ERROR - 2018-09-03 09:50:42 --> Severity: Notice --> Trying to get property of non-object C:\laragon\www\webpedidos\application\controllers\pedido\Requisicao.php 118
ERROR - 2018-09-03 09:53:03 --> 404 Page Not Found: Assets/js
ERROR - 2018-09-03 09:53:03 --> 404 Page Not Found: Assets/js
ERROR - 2018-09-03 09:54:38 --> 404 Page Not Found: Assets/images
ERROR - 2018-09-03 09:54:38 --> 404 Page Not Found: Assets/images
ERROR - 2018-09-03 09:54:38 --> 404 Page Not Found: Assets/images
ERROR - 2018-09-03 09:54:38 --> 404 Page Not Found: Assets/images
ERROR - 2018-09-03 09:54:46 --> Severity: Notice --> Trying to get property of non-object C:\laragon\www\webpedidos\application\controllers\pedido\Requisicao.php 118
ERROR - 2018-09-03 09:59:29 --> 404 Page Not Found: Assets/js
ERROR - 2018-09-03 09:59:29 --> 404 Page Not Found: Assets/js
ERROR - 2018-09-03 09:59:36 --> 404 Page Not Found: Assets/images
ERROR - 2018-09-03 09:59:36 --> 404 Page Not Found: Assets/images
ERROR - 2018-09-03 09:59:36 --> 404 Page Not Found: Assets/images
ERROR - 2018-09-03 09:59:36 --> 404 Page Not Found: Assets/images
ERROR - 2018-09-03 10:00:35 --> 404 Page Not Found: Assets/js
ERROR - 2018-09-03 10:00:35 --> 404 Page Not Found: Assets/js
ERROR - 2018-09-03 10:01:03 --> 404 Page Not Found: Assets/images
ERROR - 2018-09-03 10:01:03 --> 404 Page Not Found: Assets/images
ERROR - 2018-09-03 10:01:03 --> 404 Page Not Found: Assets/images
ERROR - 2018-09-03 10:01:03 --> 404 Page Not Found: Assets/images
ERROR - 2018-09-03 10:30:41 --> 404 Page Not Found: Assets/js
ERROR - 2018-09-03 10:30:41 --> 404 Page Not Found: Assets/js
ERROR - 2018-09-03 10:30:53 --> 404 Page Not Found: Assets/images
ERROR - 2018-09-03 10:30:53 --> 404 Page Not Found: Assets/images
ERROR - 2018-09-03 10:30:53 --> 404 Page Not Found: Assets/images
ERROR - 2018-09-03 10:30:53 --> 404 Page Not Found: Assets/images
ERROR - 2018-09-03 10:33:24 --> 404 Page Not Found: Assets/js
ERROR - 2018-09-03 10:33:24 --> 404 Page Not Found: Assets/js
ERROR - 2018-09-03 10:33:32 --> 404 Page Not Found: Assets/images
ERROR - 2018-09-03 10:33:33 --> 404 Page Not Found: Assets/images
ERROR - 2018-09-03 10:33:33 --> 404 Page Not Found: Assets/images
ERROR - 2018-09-03 10:33:33 --> 404 Page Not Found: Assets/images
ERROR - 2018-09-03 10:33:38 --> Severity: error --> Exception: Call to undefined function listarMatricula() C:\laragon\www\webpedidos\application\controllers\pedido\Requisicao.php 75
ERROR - 2018-09-03 10:34:47 --> 404 Page Not Found: Assets/js
ERROR - 2018-09-03 10:34:47 --> 404 Page Not Found: Assets/js
ERROR - 2018-09-03 10:35:52 --> 404 Page Not Found: Assets/images
ERROR - 2018-09-03 10:35:52 --> 404 Page Not Found: Assets/images
ERROR - 2018-09-03 10:35:52 --> 404 Page Not Found: Assets/images
ERROR - 2018-09-03 10:35:52 --> 404 Page Not Found: Assets/images
ERROR - 2018-09-03 10:36:03 --> 404 Page Not Found: Assets/js
ERROR - 2018-09-03 10:36:03 --> 404 Page Not Found: Assets/js
ERROR - 2018-09-03 10:36:53 --> 404 Page Not Found: Assets/images
ERROR - 2018-09-03 10:36:53 --> 404 Page Not Found: Assets/images
ERROR - 2018-09-03 10:36:53 --> 404 Page Not Found: Assets/images
ERROR - 2018-09-03 10:36:53 --> 404 Page Not Found: Assets/images
ERROR - 2018-09-03 10:45:16 --> 404 Page Not Found: Assets/js
ERROR - 2018-09-03 10:45:16 --> 404 Page Not Found: Assets/js
ERROR - 2018-09-03 10:52:31 --> 404 Page Not Found: Assets/js
ERROR - 2018-09-03 10:52:31 --> 404 Page Not Found: Assets/js
ERROR - 2018-09-03 10:53:48 --> 404 Page Not Found: Assets/images
ERROR - 2018-09-03 10:53:48 --> 404 Page Not Found: Assets/images
ERROR - 2018-09-03 10:53:49 --> 404 Page Not Found: Assets/images
ERROR - 2018-09-03 10:53:49 --> 404 Page Not Found: Assets/images
ERROR - 2018-09-03 10:53:55 --> Query error: ERRO:  operador não existe: character varying = integer
LINE 5: AND "f"."matricula" = 1000
                            ^
HINT:  Nenhum operador corresponde com o nome e o(s) tipo(s) de argumento(s) informados. Você precisa adicionar conversões de tipo explícitas. - Invalid query: SELECT "f"."nome", "f"."matricula", "s"."id_centro_custo" as "cc", "s"."nome" as "setor", "f"."cargo", "f"."data_admissao", "f"."key_clientes" as "cliente", "s"."id_centro_custo" AS "cc", "key_ghe"
FROM "funcionarios" "f"
JOIN "setor" "s" ON (s.id_depto, s.id_centro_custo) = (f.key_clientes, f.key_setor)
WHERE f.key_clientes IN (SELECT cnpj FROM clientes WHERE mostra_site=true)
AND "f"."matricula" = 1000
 LIMIT 1
ERROR - 2018-09-03 10:55:08 --> 404 Page Not Found: Assets/js
ERROR - 2018-09-03 10:55:08 --> 404 Page Not Found: Assets/js
ERROR - 2018-09-03 10:57:38 --> 404 Page Not Found: Assets/js
ERROR - 2018-09-03 10:57:38 --> 404 Page Not Found: Assets/js
ERROR - 2018-09-03 10:57:46 --> 404 Page Not Found: Assets/images
ERROR - 2018-09-03 10:57:46 --> 404 Page Not Found: Assets/images
ERROR - 2018-09-03 10:57:46 --> 404 Page Not Found: Assets/images
ERROR - 2018-09-03 10:57:47 --> 404 Page Not Found: Assets/images
ERROR - 2018-09-03 11:01:02 --> 404 Page Not Found: Assets/js
ERROR - 2018-09-03 11:01:02 --> 404 Page Not Found: Assets/js
ERROR - 2018-09-03 11:04:31 --> 404 Page Not Found: Assets/images
ERROR - 2018-09-03 11:04:31 --> 404 Page Not Found: Assets/images
ERROR - 2018-09-03 11:04:31 --> 404 Page Not Found: Assets/images
ERROR - 2018-09-03 11:04:31 --> 404 Page Not Found: Assets/images
ERROR - 2018-09-03 11:06:08 --> 404 Page Not Found: Assets/js
ERROR - 2018-09-03 11:06:08 --> 404 Page Not Found: Assets/js
ERROR - 2018-09-03 11:06:14 --> 404 Page Not Found: Assets/images
ERROR - 2018-09-03 11:06:15 --> 404 Page Not Found: Assets/images
ERROR - 2018-09-03 11:06:15 --> 404 Page Not Found: Assets/images
ERROR - 2018-09-03 11:06:15 --> 404 Page Not Found: Assets/images
ERROR - 2018-09-03 11:07:15 --> 404 Page Not Found: Assets/images
ERROR - 2018-09-03 11:07:15 --> 404 Page Not Found: Assets/images
ERROR - 2018-09-03 11:07:15 --> 404 Page Not Found: Assets/images
ERROR - 2018-09-03 11:07:15 --> 404 Page Not Found: Assets/images
ERROR - 2018-09-03 11:08:39 --> 404 Page Not Found: Assets/js
ERROR - 2018-09-03 11:08:39 --> 404 Page Not Found: Assets/js
ERROR - 2018-09-03 11:08:48 --> 404 Page Not Found: Assets/images
ERROR - 2018-09-03 11:08:48 --> 404 Page Not Found: Assets/images
ERROR - 2018-09-03 11:08:49 --> 404 Page Not Found: Assets/images
ERROR - 2018-09-03 11:08:49 --> 404 Page Not Found: Assets/images
ERROR - 2018-09-03 11:15:22 --> 404 Page Not Found: Assets/js
ERROR - 2018-09-03 11:15:22 --> 404 Page Not Found: Assets/js
ERROR - 2018-09-03 11:15:29 --> 404 Page Not Found: Assets/images
ERROR - 2018-09-03 11:15:29 --> 404 Page Not Found: Assets/images
ERROR - 2018-09-03 11:15:29 --> 404 Page Not Found: Assets/images
ERROR - 2018-09-03 11:15:29 --> 404 Page Not Found: Assets/images
ERROR - 2018-09-03 11:28:04 --> 404 Page Not Found: Assets/js
ERROR - 2018-09-03 11:28:04 --> 404 Page Not Found: Assets/js
ERROR - 2018-09-03 11:28:14 --> 404 Page Not Found: Assets/images
ERROR - 2018-09-03 11:28:14 --> 404 Page Not Found: Assets/images
ERROR - 2018-09-03 11:28:14 --> 404 Page Not Found: Assets/images
ERROR - 2018-09-03 11:28:14 --> 404 Page Not Found: Assets/images
ERROR - 2018-09-03 11:31:26 --> 404 Page Not Found: Assets/js
ERROR - 2018-09-03 11:31:26 --> 404 Page Not Found: Assets/js
ERROR - 2018-09-03 11:31:35 --> 404 Page Not Found: Assets/images
ERROR - 2018-09-03 11:31:35 --> 404 Page Not Found: Assets/images
ERROR - 2018-09-03 11:31:35 --> 404 Page Not Found: Assets/images
ERROR - 2018-09-03 11:31:35 --> 404 Page Not Found: Assets/images
ERROR - 2018-09-03 11:31:41 --> Severity: Notice --> Undefined variable: funcionario C:\laragon\www\webpedidos\application\controllers\pedido\Requisicao.php 72
ERROR - 2018-09-03 11:31:48 --> Severity: Notice --> Undefined variable: funcionario C:\laragon\www\webpedidos\application\controllers\pedido\Requisicao.php 72
ERROR - 2018-09-03 11:41:44 --> 404 Page Not Found: Assets/js
ERROR - 2018-09-03 11:41:44 --> 404 Page Not Found: Assets/js
ERROR - 2018-09-03 11:41:52 --> 404 Page Not Found: Assets/images
ERROR - 2018-09-03 11:41:52 --> 404 Page Not Found: Assets/images
ERROR - 2018-09-03 11:41:52 --> 404 Page Not Found: Assets/images
ERROR - 2018-09-03 11:41:52 --> 404 Page Not Found: Assets/images
ERROR - 2018-09-03 11:42:02 --> Severity: Notice --> Undefined variable: funcionario C:\laragon\www\webpedidos\application\controllers\pedido\Requisicao.php 72
ERROR - 2018-09-03 11:42:44 --> 404 Page Not Found: Assets/js
ERROR - 2018-09-03 11:42:44 --> 404 Page Not Found: Assets/js
ERROR - 2018-09-03 11:42:52 --> 404 Page Not Found: Assets/images
ERROR - 2018-09-03 11:42:52 --> 404 Page Not Found: Assets/images
ERROR - 2018-09-03 11:42:52 --> 404 Page Not Found: Assets/images
ERROR - 2018-09-03 11:42:52 --> 404 Page Not Found: Assets/images
ERROR - 2018-09-03 11:49:13 --> 404 Page Not Found: Assets/js
ERROR - 2018-09-03 11:49:13 --> 404 Page Not Found: Assets/js
ERROR - 2018-09-03 11:53:44 --> 404 Page Not Found: Assets/js
ERROR - 2018-09-03 11:53:44 --> 404 Page Not Found: Assets/js
ERROR - 2018-09-03 11:53:54 --> 404 Page Not Found: Assets/images
ERROR - 2018-09-03 11:53:54 --> 404 Page Not Found: Assets/images
ERROR - 2018-09-03 11:53:54 --> 404 Page Not Found: Assets/images
ERROR - 2018-09-03 11:53:54 --> 404 Page Not Found: Assets/images
ERROR - 2018-09-03 11:54:59 --> 404 Page Not Found: Assets/js
ERROR - 2018-09-03 11:54:59 --> 404 Page Not Found: Assets/js
ERROR - 2018-09-03 11:55:18 --> 404 Page Not Found: Assets/images
ERROR - 2018-09-03 11:55:18 --> 404 Page Not Found: Assets/images
ERROR - 2018-09-03 11:55:18 --> 404 Page Not Found: Assets/images
ERROR - 2018-09-03 11:55:18 --> 404 Page Not Found: Assets/images
ERROR - 2018-09-03 11:55:59 --> 404 Page Not Found: Assets/js
ERROR - 2018-09-03 11:55:59 --> 404 Page Not Found: Assets/js
ERROR - 2018-09-03 11:56:14 --> Query error: ERRO:  inserção ou atualização em tabela "pedidos" viola restrição de chave estrangeira "aprovador_fk"
DETAIL:  Chave (key_clientes_aprovador, key_funcionarios_aprovador)=(44.013.159/0031-31, 0) não está presente na tabela "funcionarios". - Invalid query: INSERT INTO "pedidos" ("aprovar", "data_emissao", "data_fechado", "dh_aprovacao", "entrega_local", "entrega_turno", "id_centro_custo", "id_depto", "key_clientes", "key_clientes_aprovador", "key_clientes_solicitante", "key_funcionarios", "key_funcionarios_aprovador", "key_funcionarios_solicitante", "numero", "obs") VALUES ('1','2018-09-03',NULL,'2018-09-03 11:56:14','',1,'75008280','44.013.159/0031-31','44.013.159/0031-31','44.013.159/0031-31','44.013.159/0031-31','33021887','0','0',49540,'')
ERROR - 2018-09-03 12:00:35 --> 404 Page Not Found: Assets/js
ERROR - 2018-09-03 12:00:35 --> 404 Page Not Found: Assets/js
ERROR - 2018-09-03 12:00:43 --> 404 Page Not Found: Assets/images
ERROR - 2018-09-03 12:00:43 --> 404 Page Not Found: Assets/images
ERROR - 2018-09-03 12:00:43 --> 404 Page Not Found: Assets/images
ERROR - 2018-09-03 12:00:43 --> 404 Page Not Found: Assets/images
ERROR - 2018-09-03 12:00:51 --> Query error: ERRO:  inserção ou atualização em tabela "pedidos" viola restrição de chave estrangeira "aprovador_fk"
DETAIL:  Chave (key_clientes_aprovador, key_funcionarios_aprovador)=(44.013.159/0031-31, 0) não está presente na tabela "funcionarios". - Invalid query: INSERT INTO "pedidos" ("aprovar", "data_emissao", "data_fechado", "dh_aprovacao", "entrega_local", "entrega_turno", "id_centro_custo", "id_depto", "key_clientes", "key_clientes_aprovador", "key_clientes_solicitante", "key_funcionarios", "key_funcionarios_aprovador", "key_funcionarios_solicitante", "numero", "obs") VALUES ('1','2018-09-03',NULL,'2018-09-03 12:00:51','',1,'75008280','44.013.159/0031-31','44.013.159/0031-31','44.013.159/0031-31','44.013.159/0031-31','33021887','0','0',49541,'')
ERROR - 2018-09-03 12:12:08 --> 404 Page Not Found: Assets/js
ERROR - 2018-09-03 12:12:08 --> 404 Page Not Found: Assets/js
ERROR - 2018-09-03 12:12:24 --> 404 Page Not Found: Assets/images
ERROR - 2018-09-03 12:12:24 --> 404 Page Not Found: Assets/images
ERROR - 2018-09-03 12:12:24 --> 404 Page Not Found: Assets/images
ERROR - 2018-09-03 12:12:25 --> 404 Page Not Found: Assets/images
ERROR - 2018-09-03 12:13:16 --> 404 Page Not Found: Assets/js
ERROR - 2018-09-03 12:13:16 --> 404 Page Not Found: Assets/js
ERROR - 2018-09-03 12:13:25 --> 404 Page Not Found: Assets/images
ERROR - 2018-09-03 12:33:57 --> 404 Page Not Found: Assets/js
ERROR - 2018-09-03 12:33:57 --> 404 Page Not Found: Assets/js
ERROR - 2018-09-03 12:34:11 --> 404 Page Not Found: Assets/images
ERROR - 2018-09-03 12:34:11 --> 404 Page Not Found: Assets/images
ERROR - 2018-09-03 12:34:11 --> 404 Page Not Found: Assets/images
ERROR - 2018-09-03 12:34:11 --> 404 Page Not Found: Assets/images
ERROR - 2018-09-03 12:34:18 --> Severity: Notice --> Undefined offset: 0 C:\laragon\www\webpedidos\application\controllers\pedido\Requisicao.php 155
ERROR - 2018-09-03 12:34:18 --> Severity: Notice --> Trying to get property of non-object C:\laragon\www\webpedidos\application\controllers\pedido\Requisicao.php 155
ERROR - 2018-09-03 14:54:04 --> 404 Page Not Found: Assets/js
ERROR - 2018-09-03 14:54:06 --> 404 Page Not Found: Assets/js
ERROR - 2018-09-03 14:54:18 --> 404 Page Not Found: Assets/images
ERROR - 2018-09-03 14:54:18 --> 404 Page Not Found: Assets/images
ERROR - 2018-09-03 14:54:19 --> 404 Page Not Found: Assets/images
ERROR - 2018-09-03 14:54:19 --> 404 Page Not Found: Assets/images
ERROR - 2018-09-03 14:54:37 --> Severity: Notice --> Undefined offset: 0 C:\laragon\www\webpedidos\application\controllers\pedido\Requisicao.php 155
ERROR - 2018-09-03 14:54:37 --> Severity: Notice --> Trying to get property of non-object C:\laragon\www\webpedidos\application\controllers\pedido\Requisicao.php 155
ERROR - 2018-09-03 14:57:11 --> 404 Page Not Found: Assets/js
ERROR - 2018-09-03 14:57:11 --> 404 Page Not Found: Assets/js
ERROR - 2018-09-03 14:57:21 --> 404 Page Not Found: Assets/images
ERROR - 2018-09-03 14:57:21 --> 404 Page Not Found: Assets/images
ERROR - 2018-09-03 14:57:21 --> 404 Page Not Found: Assets/images
ERROR - 2018-09-03 14:57:21 --> 404 Page Not Found: Assets/images
ERROR - 2018-09-03 15:00:25 --> 404 Page Not Found: Assets/js
ERROR - 2018-09-03 15:00:25 --> 404 Page Not Found: Assets/js
ERROR - 2018-09-03 15:21:59 --> 404 Page Not Found: Assets/js
ERROR - 2018-09-03 15:21:59 --> 404 Page Not Found: Assets/js
ERROR - 2018-09-03 15:22:08 --> 404 Page Not Found: Assets/images
ERROR - 2018-09-03 15:22:08 --> 404 Page Not Found: Assets/images
ERROR - 2018-09-03 15:22:08 --> 404 Page Not Found: Assets/images
ERROR - 2018-09-03 15:22:08 --> 404 Page Not Found: Assets/images
ERROR - 2018-09-03 15:22:12 --> Severity: Notice --> Undefined offset: 0 C:\laragon\www\webpedidos\application\controllers\pedido\Requisicao.php 155
ERROR - 2018-09-03 15:22:12 --> Severity: Notice --> Trying to get property of non-object C:\laragon\www\webpedidos\application\controllers\pedido\Requisicao.php 155
ERROR - 2018-09-03 15:23:05 --> 404 Page Not Found: Assets/js
ERROR - 2018-09-03 15:23:05 --> 404 Page Not Found: Assets/js
ERROR - 2018-09-03 15:23:14 --> 404 Page Not Found: Assets/images
ERROR - 2018-09-03 15:23:14 --> 404 Page Not Found: Assets/images
ERROR - 2018-09-03 15:23:14 --> 404 Page Not Found: Assets/images
ERROR - 2018-09-03 15:23:14 --> 404 Page Not Found: Assets/images
ERROR - 2018-09-03 15:23:19 --> Severity: Notice --> Undefined offset: 0 C:\laragon\www\webpedidos\application\controllers\pedido\Requisicao.php 155
ERROR - 2018-09-03 15:23:19 --> Severity: Notice --> Trying to get property of non-object C:\laragon\www\webpedidos\application\controllers\pedido\Requisicao.php 155
ERROR - 2018-09-03 22:25:18 --> 404 Page Not Found: Assets/images
ERROR - 2018-09-03 22:25:18 --> 404 Page Not Found: Assets/images
ERROR - 2018-09-03 22:25:18 --> 404 Page Not Found: Assets/images
ERROR - 2018-09-03 22:25:18 --> 404 Page Not Found: Assets/images
ERROR - 2018-09-03 22:25:29 --> 404 Page Not Found: Assets/js
ERROR - 2018-09-03 22:25:29 --> 404 Page Not Found: Assets/js
ERROR - 2018-09-03 22:25:58 --> Severity: Notice --> Undefined offset: 0 C:\laragon\www\webpedidos\application\controllers\pedido\Requisicao.php 155
ERROR - 2018-09-03 22:25:58 --> Severity: Notice --> Trying to get property of non-object C:\laragon\www\webpedidos\application\controllers\pedido\Requisicao.php 155
ERROR - 2018-09-03 22:44:35 --> 404 Page Not Found: Assets/js
ERROR - 2018-09-03 22:44:35 --> 404 Page Not Found: Assets/js
ERROR - 2018-09-03 22:45:30 --> 404 Page Not Found: Assets/images
ERROR - 2018-09-03 22:45:30 --> 404 Page Not Found: Assets/images
ERROR - 2018-09-03 22:45:30 --> 404 Page Not Found: Assets/images
ERROR - 2018-09-03 22:45:30 --> 404 Page Not Found: Assets/images
ERROR - 2018-09-03 22:46:16 --> Severity: Notice --> Undefined offset: 0 C:\laragon\www\webpedidos\application\controllers\pedido\Requisicao.php 155
ERROR - 2018-09-03 22:46:16 --> Severity: Notice --> Trying to get property of non-object C:\laragon\www\webpedidos\application\controllers\pedido\Requisicao.php 155
ERROR - 2018-09-03 22:46:47 --> 404 Page Not Found: Assets/js
ERROR - 2018-09-03 22:46:47 --> 404 Page Not Found: Assets/js
ERROR - 2018-09-03 22:47:10 --> 404 Page Not Found: Assets/images
ERROR - 2018-09-03 22:47:10 --> 404 Page Not Found: Assets/images
ERROR - 2018-09-03 22:47:10 --> 404 Page Not Found: Assets/images
ERROR - 2018-09-03 22:47:10 --> 404 Page Not Found: Assets/images
ERROR - 2018-09-03 22:54:29 --> 404 Page Not Found: Assets/js
ERROR - 2018-09-03 22:54:29 --> 404 Page Not Found: Assets/js
ERROR - 2018-09-03 23:36:23 --> Severity: error --> Exception: syntax error, unexpected 'print_r' (T_STRING) C:\laragon\www\webpedidos\application\controllers\Autenticacao.php 32
ERROR - 2018-09-03 23:37:34 --> 404 Page Not Found: Assets/js
ERROR - 2018-09-03 23:37:34 --> 404 Page Not Found: Assets/js
ERROR - 2018-09-03 23:37:42 --> 404 Page Not Found: Assets/images
ERROR - 2018-09-03 23:37:43 --> 404 Page Not Found: Assets/images
ERROR - 2018-09-03 23:37:43 --> 404 Page Not Found: Assets/images
ERROR - 2018-09-03 23:37:43 --> 404 Page Not Found: Assets/images
ERROR - 2018-09-03 23:39:21 --> 404 Page Not Found: Assets/js
ERROR - 2018-09-03 23:39:21 --> 404 Page Not Found: Assets/js
ERROR - 2018-09-03 23:52:20 --> 404 Page Not Found: Assets/js
ERROR - 2018-09-03 23:52:21 --> 404 Page Not Found: Assets/js
ERROR - 2018-09-03 23:54:52 --> Query error: ERRO:  OFFSET não deve ser negativo - Invalid query: SELECT "key_produtos" AS "codigo", "key_partnumber" AS "partnumber", "unidade", "descricao", "op_ca" AS "ca", "preco"
FROM fc_web_produtos_permitidos_ghe('01.676.897/0001-30', '')
WHERE "descricao" LIKE  '1%'
 LIMIT 10 OFFSET -10
