ERROR - 2019-09-19 10:31:34 --> Query error: ERRO:  duplicar valor da chave viola a restrição de unicidade "sugestoes_pkey"
DETAIL:  Chave (codigo)=(7) já existe. - Invalid query: INSERT INTO "sugestoes" ("matricula", "setor", "dtsugestao", "status", "sugestao", "tipo") VALUES ('33017702', 'RC-BR BT OP PM', '2019-09-19', 'Aguardando', 'MUDAR O SITE', 2)
ERROR - 2019-09-19 10:31:52 --> Query error: ERRO:  duplicar valor da chave viola a restrição de unicidade "sugestoes_pkey"
DETAIL:  Chave (codigo)=(8) já existe. - Invalid query: INSERT INTO "sugestoes" ("matricula", "setor", "dtsugestao", "status", "sugestao", "tipo") VALUES ('33017702', 'RC-BR BT OP PM', '2019-09-19', 'Aguardando', 'MUDAR O SITE', 2)
ERROR - 2019-09-19 10:33:41 --> Query error: ERRO:  duplicar valor da chave viola a restrição de unicidade "sugestoes_pkey"
DETAIL:  Chave (codigo)=(9) já existe. - Invalid query: INSERT INTO "sugestoes" ("matricula", "setor", "dtsugestao", "status", "sugestao", "tipo") VALUES ('33017702', 'RC-BR BT OP PM', '2019-09-19', 'Aguardando', 'MUDAR O SITE', 2)
ERROR - 2019-09-19 10:34:06 --> Query error: ERRO:  duplicar valor da chave viola a restrição de unicidade "sugestoes_pkey"
DETAIL:  Chave (codigo)=(10) já existe. - Invalid query: INSERT INTO "sugestoes" ("matricula", "setor", "dtsugestao", "status", "sugestao", "tipo") VALUES ('33017702', 'RC-BR BT OP PM', '2019-09-19', 'Aguardando', 'MUDAR O SITE', 2)
ERROR - 2019-09-19 10:35:03 --> Query error: ERRO:  duplicar valor da chave viola a restrição de unicidade "sugestoes_pkey"
DETAIL:  Chave (codigo)=(11) já existe. - Invalid query: INSERT INTO "sugestoes" ("matricula", "setor", "dtsugestao", "status", "sugestao", "tipo") VALUES ('33100093', '75008801-ADMINISTRATIVO', '2019-09-19', 'Aguardando', 'TEM Q MUDAR ISSO DAE', 5)
ERROR - 2019-09-19 11:13:07 --> 404 Page Not Found: Assets/js
ERROR - 2019-09-19 11:13:07 --> 404 Page Not Found: Assets/js
ERROR - 2019-09-19 14:51:53 --> 404 Page Not Found: Assets/js
ERROR - 2019-09-19 14:51:53 --> 404 Page Not Found: Assets/js
ERROR - 2019-09-19 14:52:05 --> 404 Page Not Found: Assets/js
ERROR - 2019-09-19 14:52:05 --> 404 Page Not Found: Assets/js
ERROR - 2019-09-19 14:52:08 --> 404 Page Not Found: Assets/js
ERROR - 2019-09-19 14:52:08 --> 404 Page Not Found: Assets/js
ERROR - 2019-09-19 14:52:11 --> 404 Page Not Found: Assets/js
ERROR - 2019-09-19 14:52:11 --> 404 Page Not Found: Assets/js
ERROR - 2019-09-19 14:55:04 --> 404 Page Not Found: Assets/js
ERROR - 2019-09-19 14:55:04 --> 404 Page Not Found: Assets/js
ERROR - 2019-09-19 14:55:25 --> Severity: Warning --> mail(): Failed to connect to mailserver at &quot;localhost&quot; port 25, verify your &quot;SMTP&quot; and &quot;smtp_port&quot; setting in php.ini or use ini_set() C:\wamp64\www\webpedidos\application\controllers\usuario\Usuario.php 235
ERROR - 2019-09-19 15:19:35 --> Severity: 8192 --> idn_to_ascii(): INTL_IDNA_VARIANT_2003 is deprecated C:\wamp64\www\system\libraries\Form_validation.php 1234
ERROR - 2019-09-19 15:37:06 --> 404 Page Not Found: Assets/js
ERROR - 2019-09-19 15:37:06 --> 404 Page Not Found: Assets/js
ERROR - 2019-09-19 16:13:45 --> 404 Page Not Found: Assets/js
ERROR - 2019-09-19 16:13:47 --> 404 Page Not Found: Assets/js
ERROR - 2019-09-19 16:13:49 --> 404 Page Not Found: Assets/js
ERROR - 2019-09-19 16:13:49 --> 404 Page Not Found: Assets/js
ERROR - 2019-09-19 16:14:06 --> 404 Page Not Found: Assets/js
ERROR - 2019-09-19 16:14:07 --> 404 Page Not Found: Assets/js
ERROR - 2019-09-19 16:14:19 --> 404 Page Not Found: Assets/js
ERROR - 2019-09-19 16:14:19 --> 404 Page Not Found: Assets/js
ERROR - 2019-09-19 16:15:13 --> 404 Page Not Found: Assets/js
ERROR - 2019-09-19 16:15:13 --> 404 Page Not Found: Assets/js
ERROR - 2019-09-19 16:15:30 --> 404 Page Not Found: Assets/js
ERROR - 2019-09-19 16:15:30 --> 404 Page Not Found: Assets/js
ERROR - 2019-09-19 16:21:21 --> 404 Page Not Found: Assets/js
ERROR - 2019-09-19 16:21:21 --> 404 Page Not Found: Assets/js
ERROR - 2019-09-19 21:51:42 --> 404 Page Not Found: Assets/js
ERROR - 2019-09-19 21:51:42 --> 404 Page Not Found: Assets/js
ERROR - 2019-09-19 21:51:44 --> 404 Page Not Found: Assets/js
ERROR - 2019-09-19 21:51:44 --> 404 Page Not Found: Assets/js
ERROR - 2019-09-19 21:52:25 --> 404 Page Not Found: Assets/js
ERROR - 2019-09-19 21:52:25 --> 404 Page Not Found: Assets/js
ERROR - 2019-09-19 21:52:26 --> 404 Page Not Found: Assets/js
ERROR - 2019-09-19 21:52:26 --> 404 Page Not Found: Assets/js
ERROR - 2019-09-19 21:53:03 --> 404 Page Not Found: Assets/js
ERROR - 2019-09-19 21:53:03 --> 404 Page Not Found: Assets/js
ERROR - 2019-09-19 21:53:03 --> 404 Page Not Found: Assets/js
ERROR - 2019-09-19 21:53:03 --> 404 Page Not Found: Assets/js
ERROR - 2019-09-19 21:55:50 --> 404 Page Not Found: Assets/js
ERROR - 2019-09-19 21:55:50 --> 404 Page Not Found: Assets/js
ERROR - 2019-09-19 21:55:51 --> 404 Page Not Found: Assets/js
ERROR - 2019-09-19 21:55:51 --> 404 Page Not Found: Assets/js
ERROR - 2019-09-19 21:55:59 --> 404 Page Not Found: Assets/js
ERROR - 2019-09-19 21:55:59 --> 404 Page Not Found: Assets/js
ERROR - 2019-09-19 21:55:59 --> 404 Page Not Found: Assets/js
ERROR - 2019-09-19 22:04:00 --> 404 Page Not Found: Assets/js
ERROR - 2019-09-19 22:04:00 --> 404 Page Not Found: Assets/js
ERROR - 2019-09-19 22:05:04 --> 404 Page Not Found: Assets/js
ERROR - 2019-09-19 22:05:04 --> 404 Page Not Found: Assets/js
ERROR - 2019-09-19 22:05:04 --> 404 Page Not Found: Assets/js
ERROR - 2019-09-19 22:05:04 --> 404 Page Not Found: Assets/js
ERROR - 2019-09-19 22:05:27 --> 404 Page Not Found: Assets/js
ERROR - 2019-09-19 22:05:27 --> 404 Page Not Found: Assets/js
ERROR - 2019-09-19 22:05:27 --> 404 Page Not Found: Assets/js
ERROR - 2019-09-19 22:05:27 --> 404 Page Not Found: Assets/js
ERROR - 2019-09-19 22:05:57 --> 404 Page Not Found: Assets/js
ERROR - 2019-09-19 22:05:57 --> 404 Page Not Found: Assets/js
ERROR - 2019-09-19 22:05:57 --> 404 Page Not Found: Assets/js
ERROR - 2019-09-19 22:06:49 --> 404 Page Not Found: Assets/js
ERROR - 2019-09-19 22:06:49 --> 404 Page Not Found: Assets/js
ERROR - 2019-09-19 22:06:49 --> 404 Page Not Found: Assets/js
ERROR - 2019-09-19 22:06:57 --> 404 Page Not Found: Assets/js
ERROR - 2019-09-19 22:06:57 --> 404 Page Not Found: Assets/js
ERROR - 2019-09-19 22:06:57 --> 404 Page Not Found: Assets/js
ERROR - 2019-09-19 22:06:58 --> 404 Page Not Found: Assets/js
ERROR - 2019-09-19 22:10:10 --> 404 Page Not Found: Assets/js
ERROR - 2019-09-19 22:10:10 --> 404 Page Not Found: Assets/js
ERROR - 2019-09-19 22:10:10 --> 404 Page Not Found: Assets/js
ERROR - 2019-09-19 22:10:10 --> 404 Page Not Found: Assets/js
ERROR - 2019-09-19 22:10:35 --> 404 Page Not Found: Assets/js
ERROR - 2019-09-19 22:10:35 --> 404 Page Not Found: Assets/js
ERROR - 2019-09-19 22:10:35 --> 404 Page Not Found: Assets/js
ERROR - 2019-09-19 22:12:28 --> 404 Page Not Found: Assets/js
ERROR - 2019-09-19 22:12:28 --> 404 Page Not Found: Assets/js
ERROR - 2019-09-19 22:12:28 --> 404 Page Not Found: Assets/js
ERROR - 2019-09-19 22:14:28 --> 404 Page Not Found: Assets/js
ERROR - 2019-09-19 22:14:28 --> 404 Page Not Found: Assets/js
ERROR - 2019-09-19 22:14:28 --> 404 Page Not Found: Assets/js
ERROR - 2019-09-19 22:14:28 --> 404 Page Not Found: Assets/js
ERROR - 2019-09-19 22:14:42 --> 404 Page Not Found: Assets/js
ERROR - 2019-09-19 22:14:42 --> 404 Page Not Found: Assets/js
ERROR - 2019-09-19 22:15:53 --> 404 Page Not Found: Assets/js
ERROR - 2019-09-19 22:15:53 --> 404 Page Not Found: Assets/js
ERROR - 2019-09-19 22:15:53 --> 404 Page Not Found: Assets/js
ERROR - 2019-09-19 22:15:53 --> 404 Page Not Found: Assets/js
ERROR - 2019-09-19 22:15:54 --> 404 Page Not Found: Assets/js
ERROR - 2019-09-19 22:15:54 --> 404 Page Not Found: Assets/js
ERROR - 2019-09-19 22:16:14 --> 404 Page Not Found: Assets/js
ERROR - 2019-09-19 22:16:14 --> 404 Page Not Found: Assets/js
ERROR - 2019-09-19 22:16:14 --> 404 Page Not Found: Assets/js
ERROR - 2019-09-19 22:16:14 --> 404 Page Not Found: Assets/js
ERROR - 2019-09-19 22:16:14 --> 404 Page Not Found: Assets/js
ERROR - 2019-09-19 22:16:14 --> 404 Page Not Found: Assets/js
ERROR - 2019-09-19 22:17:05 --> 404 Page Not Found: Assets/js
ERROR - 2019-09-19 22:17:05 --> 404 Page Not Found: Assets/js
ERROR - 2019-09-19 22:17:05 --> 404 Page Not Found: Assets/js
ERROR - 2019-09-19 22:17:05 --> 404 Page Not Found: Assets/js
ERROR - 2019-09-19 22:17:06 --> 404 Page Not Found: Assets/js
ERROR - 2019-09-19 22:17:06 --> 404 Page Not Found: Assets/js
ERROR - 2019-09-19 22:17:38 --> 404 Page Not Found: Assets/js
ERROR - 2019-09-19 22:17:38 --> 404 Page Not Found: Assets/js
ERROR - 2019-09-19 22:17:38 --> 404 Page Not Found: Assets/js
ERROR - 2019-09-19 22:17:38 --> 404 Page Not Found: Assets/js
ERROR - 2019-09-19 22:23:44 --> 404 Page Not Found: Assets/js
ERROR - 2019-09-19 22:23:44 --> 404 Page Not Found: Assets/js
ERROR - 2019-09-19 22:23:44 --> 404 Page Not Found: Assets/js
ERROR - 2019-09-19 22:23:44 --> 404 Page Not Found: Assets/js
ERROR - 2019-09-19 22:23:44 --> 404 Page Not Found: Assets/js
ERROR - 2019-09-19 22:23:44 --> 404 Page Not Found: Assets/js
ERROR - 2019-09-19 22:24:00 --> 404 Page Not Found: Assets/js
ERROR - 2019-09-19 22:24:00 --> 404 Page Not Found: Assets/js
ERROR - 2019-09-19 22:24:01 --> 404 Page Not Found: Assets/js
ERROR - 2019-09-19 22:24:01 --> 404 Page Not Found: Assets/js
ERROR - 2019-09-19 22:24:01 --> 404 Page Not Found: Assets/js
ERROR - 2019-09-19 22:24:01 --> 404 Page Not Found: Assets/js
ERROR - 2019-09-19 22:24:57 --> 404 Page Not Found: Assets/js
ERROR - 2019-09-19 22:24:57 --> 404 Page Not Found: Assets/js
ERROR - 2019-09-19 22:24:57 --> 404 Page Not Found: Assets/js
ERROR - 2019-09-19 22:24:57 --> 404 Page Not Found: Assets/js
ERROR - 2019-09-19 22:24:57 --> 404 Page Not Found: Assets/js
ERROR - 2019-09-19 22:24:57 --> 404 Page Not Found: Assets/js
ERROR - 2019-09-19 22:25:16 --> 404 Page Not Found: Assets/js
ERROR - 2019-09-19 22:25:16 --> 404 Page Not Found: Assets/js
ERROR - 2019-09-19 22:25:16 --> 404 Page Not Found: Assets/js
ERROR - 2019-09-19 22:25:16 --> 404 Page Not Found: Assets/js
ERROR - 2019-09-19 22:25:16 --> 404 Page Not Found: Assets/js
ERROR - 2019-09-19 22:25:17 --> 404 Page Not Found: Assets/js
ERROR - 2019-09-19 22:27:12 --> 404 Page Not Found: Assets/js
ERROR - 2019-09-19 22:27:12 --> 404 Page Not Found: Assets/js
ERROR - 2019-09-19 22:27:12 --> 404 Page Not Found: Assets/js
ERROR - 2019-09-19 22:27:12 --> 404 Page Not Found: Assets/js
ERROR - 2019-09-19 22:27:12 --> 404 Page Not Found: Assets/js
ERROR - 2019-09-19 22:27:12 --> 404 Page Not Found: Assets/js
ERROR - 2019-09-19 22:27:20 --> 404 Page Not Found: Assets/js
ERROR - 2019-09-19 22:27:20 --> 404 Page Not Found: Assets/js
ERROR - 2019-09-19 22:27:20 --> 404 Page Not Found: Assets/js
ERROR - 2019-09-19 22:27:20 --> 404 Page Not Found: Assets/js
ERROR - 2019-09-19 22:27:20 --> 404 Page Not Found: Assets/js
ERROR - 2019-09-19 22:27:20 --> 404 Page Not Found: Assets/js
ERROR - 2019-09-19 22:27:34 --> 404 Page Not Found: Assets/js
ERROR - 2019-09-19 22:27:34 --> 404 Page Not Found: Assets/js
ERROR - 2019-09-19 22:27:34 --> 404 Page Not Found: Assets/js
ERROR - 2019-09-19 22:27:34 --> 404 Page Not Found: Assets/js
ERROR - 2019-09-19 22:27:34 --> 404 Page Not Found: Assets/js
ERROR - 2019-09-19 22:28:57 --> 404 Page Not Found: Assets/js
ERROR - 2019-09-19 22:28:57 --> 404 Page Not Found: Assets/js
ERROR - 2019-09-19 22:28:57 --> 404 Page Not Found: Assets/js
ERROR - 2019-09-19 22:28:57 --> 404 Page Not Found: Assets/js
ERROR - 2019-09-19 22:28:57 --> 404 Page Not Found: Assets/js
ERROR - 2019-09-19 22:28:57 --> 404 Page Not Found: Assets/js
ERROR - 2019-09-19 22:30:22 --> 404 Page Not Found: Assets/js
ERROR - 2019-09-19 22:30:22 --> 404 Page Not Found: Assets/js
ERROR - 2019-09-19 22:30:23 --> 404 Page Not Found: Assets/js
ERROR - 2019-09-19 22:30:23 --> 404 Page Not Found: Assets/js
ERROR - 2019-09-19 22:30:23 --> 404 Page Not Found: Assets/js
ERROR - 2019-09-19 22:30:24 --> 404 Page Not Found: Assets/js
ERROR - 2019-09-19 22:30:40 --> 404 Page Not Found: Assets/js
ERROR - 2019-09-19 22:30:40 --> 404 Page Not Found: Assets/js
ERROR - 2019-09-19 22:30:40 --> 404 Page Not Found: Assets/js
ERROR - 2019-09-19 22:30:40 --> 404 Page Not Found: Assets/js
ERROR - 2019-09-19 22:30:40 --> 404 Page Not Found: Assets/js
ERROR - 2019-09-19 22:31:10 --> 404 Page Not Found: Assets/js
ERROR - 2019-09-19 22:31:10 --> 404 Page Not Found: Assets/js
ERROR - 2019-09-19 22:31:10 --> 404 Page Not Found: Assets/js
ERROR - 2019-09-19 22:31:10 --> 404 Page Not Found: Assets/js
ERROR - 2019-09-19 22:31:10 --> 404 Page Not Found: Assets/js
ERROR - 2019-09-19 22:31:10 --> 404 Page Not Found: Assets/js
ERROR - 2019-09-19 22:31:31 --> 404 Page Not Found: Assets/js
ERROR - 2019-09-19 22:31:31 --> 404 Page Not Found: Assets/js
ERROR - 2019-09-19 22:31:31 --> 404 Page Not Found: Assets/js
ERROR - 2019-09-19 22:31:31 --> 404 Page Not Found: Assets/js
ERROR - 2019-09-19 22:31:31 --> 404 Page Not Found: Assets/js
ERROR - 2019-09-19 22:31:31 --> 404 Page Not Found: Assets/js
ERROR - 2019-09-19 22:32:13 --> 404 Page Not Found: Assets/js
ERROR - 2019-09-19 22:32:13 --> 404 Page Not Found: Assets/js
ERROR - 2019-09-19 22:32:13 --> 404 Page Not Found: Assets/js
ERROR - 2019-09-19 22:32:13 --> 404 Page Not Found: Assets/js
ERROR - 2019-09-19 22:32:42 --> 404 Page Not Found: Assets/js
ERROR - 2019-09-19 22:32:42 --> 404 Page Not Found: Assets/js
ERROR - 2019-09-19 22:32:43 --> 404 Page Not Found: Assets/js
ERROR - 2019-09-19 22:32:43 --> 404 Page Not Found: Assets/js
ERROR - 2019-09-19 22:32:43 --> 404 Page Not Found: Assets/js
ERROR - 2019-09-19 22:32:43 --> 404 Page Not Found: Assets/js
ERROR - 2019-09-19 22:33:51 --> 404 Page Not Found: Assets/js
ERROR - 2019-09-19 22:33:51 --> 404 Page Not Found: Assets/js
ERROR - 2019-09-19 22:33:51 --> 404 Page Not Found: Assets/js
ERROR - 2019-09-19 22:33:51 --> 404 Page Not Found: Assets/js
ERROR - 2019-09-19 22:33:51 --> 404 Page Not Found: Assets/js
ERROR - 2019-09-19 22:33:51 --> 404 Page Not Found: Assets/js
ERROR - 2019-09-19 22:34:50 --> 404 Page Not Found: Assets/js
ERROR - 2019-09-19 22:34:50 --> 404 Page Not Found: Assets/js
ERROR - 2019-09-19 22:34:50 --> 404 Page Not Found: Assets/js
ERROR - 2019-09-19 22:34:50 --> 404 Page Not Found: Assets/js
ERROR - 2019-09-19 22:34:50 --> 404 Page Not Found: Assets/js
ERROR - 2019-09-19 22:34:50 --> 404 Page Not Found: Assets/js
ERROR - 2019-09-19 22:35:35 --> 404 Page Not Found: Assets/js
ERROR - 2019-09-19 22:35:35 --> 404 Page Not Found: Assets/js
ERROR - 2019-09-19 22:35:35 --> 404 Page Not Found: Assets/js
ERROR - 2019-09-19 22:35:35 --> 404 Page Not Found: Assets/js
ERROR - 2019-09-19 22:35:35 --> 404 Page Not Found: Assets/js
ERROR - 2019-09-19 22:35:51 --> 404 Page Not Found: Assets/js
ERROR - 2019-09-19 22:35:51 --> 404 Page Not Found: Assets/js
ERROR - 2019-09-19 22:35:51 --> 404 Page Not Found: Assets/js
ERROR - 2019-09-19 22:35:51 --> 404 Page Not Found: Assets/js
ERROR - 2019-09-19 22:35:51 --> 404 Page Not Found: Assets/js
ERROR - 2019-09-19 22:35:51 --> 404 Page Not Found: Assets/js
ERROR - 2019-09-19 22:36:32 --> 404 Page Not Found: Assets/js
ERROR - 2019-09-19 22:36:32 --> 404 Page Not Found: Assets/js
ERROR - 2019-09-19 22:36:32 --> 404 Page Not Found: Assets/js
ERROR - 2019-09-19 22:36:32 --> 404 Page Not Found: Assets/js
ERROR - 2019-09-19 22:37:22 --> 404 Page Not Found: Assets/js
ERROR - 2019-09-19 22:37:22 --> 404 Page Not Found: Assets/js
ERROR - 2019-09-19 22:37:23 --> 404 Page Not Found: Assets/js
ERROR - 2019-09-19 22:37:23 --> 404 Page Not Found: Assets/js
ERROR - 2019-09-19 22:37:23 --> 404 Page Not Found: Assets/js
ERROR - 2019-09-19 22:37:23 --> 404 Page Not Found: Assets/js
ERROR - 2019-09-19 22:37:51 --> 404 Page Not Found: Assets/js
ERROR - 2019-09-19 22:37:51 --> 404 Page Not Found: Assets/js
ERROR - 2019-09-19 22:37:51 --> 404 Page Not Found: Assets/js
ERROR - 2019-09-19 22:37:51 --> 404 Page Not Found: Assets/js
ERROR - 2019-09-19 22:37:51 --> 404 Page Not Found: Assets/js
ERROR - 2019-09-19 22:39:25 --> 404 Page Not Found: Assets/js
ERROR - 2019-09-19 22:39:25 --> 404 Page Not Found: Assets/js
ERROR - 2019-09-19 22:39:25 --> 404 Page Not Found: Assets/js
ERROR - 2019-09-19 22:39:25 --> 404 Page Not Found: Assets/js
ERROR - 2019-09-19 22:39:25 --> 404 Page Not Found: Assets/js
ERROR - 2019-09-19 22:39:25 --> 404 Page Not Found: Assets/js
ERROR - 2019-09-19 22:42:47 --> 404 Page Not Found: Assets/js
ERROR - 2019-09-19 22:42:47 --> 404 Page Not Found: Assets/js
ERROR - 2019-09-19 22:44:00 --> 404 Page Not Found: Assets/js
ERROR - 2019-09-19 22:44:00 --> 404 Page Not Found: Assets/js
ERROR - 2019-09-19 22:44:27 --> 404 Page Not Found: Assets/js
ERROR - 2019-09-19 22:44:27 --> 404 Page Not Found: Assets/js
ERROR - 2019-09-19 22:44:29 --> 404 Page Not Found: Assets/js
ERROR - 2019-09-19 22:44:29 --> 404 Page Not Found: Assets/js
ERROR - 2019-09-19 22:44:29 --> 404 Page Not Found: Assets/js
ERROR - 2019-09-19 22:45:03 --> 404 Page Not Found: Assets/js
ERROR - 2019-09-19 22:45:03 --> 404 Page Not Found: Assets/js
ERROR - 2019-09-19 22:45:03 --> 404 Page Not Found: Assets/js
ERROR - 2019-09-19 22:45:08 --> 404 Page Not Found: Assets/js
ERROR - 2019-09-19 22:45:08 --> 404 Page Not Found: Assets/js
ERROR - 2019-09-19 22:45:12 --> 404 Page Not Found: Assets/js
ERROR - 2019-09-19 22:45:13 --> 404 Page Not Found: Assets/js
ERROR - 2019-09-19 22:45:13 --> 404 Page Not Found: Assets/js
ERROR - 2019-09-19 22:45:21 --> 404 Page Not Found: Assets/js
ERROR - 2019-09-19 22:45:21 --> 404 Page Not Found: Assets/js
ERROR - 2019-09-19 22:45:21 --> 404 Page Not Found: Assets/js
ERROR - 2019-09-19 22:45:21 --> 404 Page Not Found: Assets/js
ERROR - 2019-09-19 22:45:56 --> 404 Page Not Found: Assets/js
ERROR - 2019-09-19 22:45:57 --> 404 Page Not Found: Assets/js
ERROR - 2019-09-19 22:45:57 --> 404 Page Not Found: Assets/js
ERROR - 2019-09-19 22:46:04 --> 404 Page Not Found: Assets/js
ERROR - 2019-09-19 22:46:04 --> 404 Page Not Found: Assets/js
ERROR - 2019-09-19 22:46:04 --> 404 Page Not Found: Assets/js
ERROR - 2019-09-19 22:47:20 --> 404 Page Not Found: Assets/js
ERROR - 2019-09-19 22:47:20 --> 404 Page Not Found: Assets/js
ERROR - 2019-09-19 22:47:38 --> 404 Page Not Found: Assets/js
ERROR - 2019-09-19 22:47:38 --> 404 Page Not Found: Assets/js
ERROR - 2019-09-19 22:47:38 --> 404 Page Not Found: Assets/js
ERROR - 2019-09-19 22:47:38 --> 404 Page Not Found: Assets/js
ERROR - 2019-09-19 22:50:36 --> 404 Page Not Found: Assets/js
ERROR - 2019-09-19 22:50:36 --> 404 Page Not Found: Assets/js
ERROR - 2019-09-19 22:52:16 --> 404 Page Not Found: Assets/js
ERROR - 2019-09-19 22:52:16 --> 404 Page Not Found: Assets/js
ERROR - 2019-09-19 22:52:18 --> 404 Page Not Found: Assets/js
ERROR - 2019-09-19 22:52:18 --> 404 Page Not Found: Assets/js
ERROR - 2019-09-19 22:52:18 --> 404 Page Not Found: Assets/js
ERROR - 2019-09-19 22:52:45 --> 404 Page Not Found: Assets/js
ERROR - 2019-09-19 22:52:45 --> 404 Page Not Found: Assets/js
ERROR - 2019-09-19 22:54:34 --> 404 Page Not Found: Assets/js
ERROR - 2019-09-19 22:54:34 --> 404 Page Not Found: Assets/js
ERROR - 2019-09-19 22:54:34 --> 404 Page Not Found: Assets/js
ERROR - 2019-09-19 23:31:41 --> 404 Page Not Found: Assets/js
ERROR - 2019-09-19 23:31:41 --> 404 Page Not Found: Assets/js
ERROR - 2019-09-19 23:32:02 --> 404 Page Not Found: Assets/js
ERROR - 2019-09-19 23:32:02 --> 404 Page Not Found: Assets/js
ERROR - 2019-09-19 23:32:11 --> 404 Page Not Found: Assets/js
ERROR - 2019-09-19 23:32:11 --> 404 Page Not Found: Assets/js
ERROR - 2019-09-19 23:32:17 --> 404 Page Not Found: Assets/js
ERROR - 2019-09-19 23:32:17 --> 404 Page Not Found: Assets/js
ERROR - 2019-09-19 23:34:45 --> 404 Page Not Found: Assets/js
ERROR - 2019-09-19 23:34:45 --> 404 Page Not Found: Assets/js
