ERROR - 2018-10-05 10:38:12 --> 404 Page Not Found: Assets/js
ERROR - 2018-10-05 10:38:12 --> 404 Page Not Found: Assets/js
ERROR - 2018-10-05 10:41:18 --> 404 Page Not Found: Assets/js
ERROR - 2018-10-05 10:41:18 --> 404 Page Not Found: Assets/js
ERROR - 2018-10-05 10:43:11 --> 404 Page Not Found: Assets/js
ERROR - 2018-10-05 10:43:11 --> 404 Page Not Found: Assets/js
ERROR - 2018-10-05 10:44:01 --> Severity: Notice --> Trying to get property of non-object C:\laragon\www\webpedidos\application\controllers\pedido\Template.php 299
ERROR - 2018-10-05 10:44:01 --> Severity: Notice --> Undefined index: cliente C:\laragon\www\webpedidos\application\controllers\pedido\Template.php 351
ERROR - 2018-10-05 10:44:01 --> Severity: Notice --> Undefined index: cliente C:\laragon\www\webpedidos\application\controllers\pedido\Template.php 353
ERROR - 2018-10-05 10:44:01 --> Severity: Notice --> Undefined index: matricula C:\laragon\www\webpedidos\application\controllers\pedido\Template.php 355
ERROR - 2018-10-05 10:44:01 --> Severity: Notice --> Trying to get property of non-object C:\laragon\www\webpedidos\application\controllers\pedido\Template.php 356
ERROR - 2018-10-05 10:44:01 --> Severity: Notice --> Undefined index: id C:\laragon\www\webpedidos\application\models\produto\Produto_model.php 130
ERROR - 2018-10-05 10:44:01 --> Severity: Notice --> Undefined index: cliente C:\laragon\www\webpedidos\application\controllers\pedido\Template.php 351
ERROR - 2018-10-05 10:44:01 --> Severity: Notice --> Undefined index: cliente C:\laragon\www\webpedidos\application\controllers\pedido\Template.php 353
ERROR - 2018-10-05 10:44:01 --> Severity: Notice --> Undefined index: matricula C:\laragon\www\webpedidos\application\controllers\pedido\Template.php 355
ERROR - 2018-10-05 10:44:01 --> Severity: Notice --> Trying to get property of non-object C:\laragon\www\webpedidos\application\controllers\pedido\Template.php 356
ERROR - 2018-10-05 10:44:01 --> Severity: Notice --> Undefined index: id C:\laragon\www\webpedidos\application\models\produto\Produto_model.php 130
ERROR - 2018-10-05 10:44:01 --> Severity: Notice --> Undefined index: cliente C:\laragon\www\webpedidos\application\controllers\pedido\Template.php 351
ERROR - 2018-10-05 10:44:01 --> Severity: Notice --> Undefined index: cliente C:\laragon\www\webpedidos\application\controllers\pedido\Template.php 353
ERROR - 2018-10-05 10:44:01 --> Severity: Notice --> Undefined index: matricula C:\laragon\www\webpedidos\application\controllers\pedido\Template.php 355
ERROR - 2018-10-05 10:44:01 --> Severity: Notice --> Trying to get property of non-object C:\laragon\www\webpedidos\application\controllers\pedido\Template.php 356
ERROR - 2018-10-05 10:44:01 --> Severity: Notice --> Undefined index: id C:\laragon\www\webpedidos\application\models\produto\Produto_model.php 130
ERROR - 2018-10-05 10:44:01 --> Severity: Notice --> Undefined index: cliente C:\laragon\www\webpedidos\application\controllers\pedido\Template.php 351
ERROR - 2018-10-05 10:44:01 --> Severity: Notice --> Undefined index: cliente C:\laragon\www\webpedidos\application\controllers\pedido\Template.php 353
ERROR - 2018-10-05 10:44:01 --> Severity: Notice --> Undefined index: matricula C:\laragon\www\webpedidos\application\controllers\pedido\Template.php 355
ERROR - 2018-10-05 10:44:01 --> Severity: Notice --> Trying to get property of non-object C:\laragon\www\webpedidos\application\controllers\pedido\Template.php 356
ERROR - 2018-10-05 10:44:01 --> Severity: Notice --> Undefined index: id C:\laragon\www\webpedidos\application\models\produto\Produto_model.php 130
ERROR - 2018-10-05 10:44:01 --> Severity: Notice --> Undefined variable: produto C:\laragon\www\webpedidos\application\controllers\pedido\Template.php 427
ERROR - 2018-10-05 10:44:02 --> Query error: ERRO:  valor nulo na coluna "key_clientes" viola a restrição não-nula
DETAIL:  Registro que falhou contém (50042, null, 2018-10-05, 2018-10-05, null, null, 100, null, Aberto, PP, null, t, f, null, 2018-10-05 10:44:01, null, null, null, 1, LOJA, , 0, , 0). - Invalid query: INSERT INTO "pedidos" ("aprovar", "data_emissao", "data_fechado", "dh_aprovacao", "entrega_local", "entrega_turno", "id_centro_custo", "id_depto", "key_clientes", "key_clientes_aprovador", "key_clientes_solicitante", "key_funcionarios", "key_funcionarios_aprovador", "key_funcionarios_solicitante", "numero", "obs") VALUES ('1','2018-10-05',NULL,'2018-10-05 10:44:01','LOJA',1,'100',NULL,NULL,'','',NULL,'0','0',50042,'PP'), ('1','2018-10-05',NULL,'2018-10-05 10:44:01','LOJA',1,'100',NULL,NULL,'','',NULL,'0','0',50043,'PP'), ('1','2018-10-05',NULL,'2018-10-05 10:44:01','LOJA',1,'100',NULL,NULL,'','',NULL,'0','0',50044,'PP'), ('1','2018-10-05',NULL,'2018-10-05 10:44:01','LOJA',1,'100',NULL,NULL,'','',NULL,'0','0',50045,'PP')
ERROR - 2018-10-05 10:44:02 --> Severity: Warning --> Cannot modify header information - headers already sent by (output started at C:\laragon\www\system\core\Exceptions.php:271) C:\laragon\www\system\core\Common.php 570
ERROR - 2018-10-05 10:44:19 --> 404 Page Not Found: Assets/js
ERROR - 2018-10-05 10:44:19 --> 404 Page Not Found: Assets/js
ERROR - 2018-10-05 10:45:33 --> 404 Page Not Found: Assets/js
ERROR - 2018-10-05 10:45:33 --> 404 Page Not Found: Assets/js
ERROR - 2018-10-05 10:46:45 --> Severity: Notice --> Trying to get property of non-object C:\laragon\www\webpedidos\application\controllers\pedido\Template.php 299
ERROR - 2018-10-05 10:46:45 --> Severity: Notice --> Undefined index: cliente C:\laragon\www\webpedidos\application\controllers\pedido\Template.php 351
ERROR - 2018-10-05 10:46:45 --> Severity: Notice --> Undefined index: cliente C:\laragon\www\webpedidos\application\controllers\pedido\Template.php 353
ERROR - 2018-10-05 10:46:45 --> Severity: Notice --> Undefined index: matricula C:\laragon\www\webpedidos\application\controllers\pedido\Template.php 355
ERROR - 2018-10-05 10:46:45 --> Severity: Notice --> Trying to get property of non-object C:\laragon\www\webpedidos\application\controllers\pedido\Template.php 356
ERROR - 2018-10-05 10:46:45 --> Severity: Notice --> Undefined index: id C:\laragon\www\webpedidos\application\models\produto\Produto_model.php 130
ERROR - 2018-10-05 10:46:46 --> Severity: Notice --> Undefined index: cliente C:\laragon\www\webpedidos\application\controllers\pedido\Template.php 351
ERROR - 2018-10-05 10:46:46 --> Severity: Notice --> Undefined index: cliente C:\laragon\www\webpedidos\application\controllers\pedido\Template.php 353
ERROR - 2018-10-05 10:46:46 --> Severity: Notice --> Undefined index: matricula C:\laragon\www\webpedidos\application\controllers\pedido\Template.php 355
ERROR - 2018-10-05 10:46:46 --> Severity: Notice --> Trying to get property of non-object C:\laragon\www\webpedidos\application\controllers\pedido\Template.php 356
ERROR - 2018-10-05 10:46:46 --> Severity: Notice --> Undefined index: id C:\laragon\www\webpedidos\application\models\produto\Produto_model.php 130
ERROR - 2018-10-05 10:46:46 --> Severity: Notice --> Undefined index: cliente C:\laragon\www\webpedidos\application\controllers\pedido\Template.php 351
ERROR - 2018-10-05 10:46:46 --> Severity: Notice --> Undefined index: cliente C:\laragon\www\webpedidos\application\controllers\pedido\Template.php 353
ERROR - 2018-10-05 10:46:46 --> Severity: Notice --> Undefined index: matricula C:\laragon\www\webpedidos\application\controllers\pedido\Template.php 355
ERROR - 2018-10-05 10:46:46 --> Severity: Notice --> Trying to get property of non-object C:\laragon\www\webpedidos\application\controllers\pedido\Template.php 356
ERROR - 2018-10-05 10:46:46 --> Severity: Notice --> Undefined index: id C:\laragon\www\webpedidos\application\models\produto\Produto_model.php 130
ERROR - 2018-10-05 10:46:46 --> Severity: Notice --> Undefined index: cliente C:\laragon\www\webpedidos\application\controllers\pedido\Template.php 351
ERROR - 2018-10-05 10:46:46 --> Severity: Notice --> Undefined index: cliente C:\laragon\www\webpedidos\application\controllers\pedido\Template.php 353
ERROR - 2018-10-05 10:46:46 --> Severity: Notice --> Undefined index: matricula C:\laragon\www\webpedidos\application\controllers\pedido\Template.php 355
ERROR - 2018-10-05 10:46:46 --> Severity: Notice --> Trying to get property of non-object C:\laragon\www\webpedidos\application\controllers\pedido\Template.php 356
ERROR - 2018-10-05 10:46:46 --> Severity: Notice --> Undefined index: id C:\laragon\www\webpedidos\application\models\produto\Produto_model.php 130
ERROR - 2018-10-05 10:46:46 --> Severity: Notice --> Undefined variable: produto C:\laragon\www\webpedidos\application\controllers\pedido\Template.php 427
ERROR - 2018-10-05 10:46:46 --> Query error: ERRO:  valor nulo na coluna "key_clientes" viola a restrição não-nula
DETAIL:  Registro que falhou contém (50046, null, 2018-10-05, 2018-10-05, null, null, 100, null, Aberto, PP, null, t, f, null, 2018-10-05 10:46:45, null, null, null, 1, LOJA, , 0, , 0). - Invalid query: INSERT INTO "pedidos" ("aprovar", "data_emissao", "data_fechado", "dh_aprovacao", "entrega_local", "entrega_turno", "id_centro_custo", "id_depto", "key_clientes", "key_clientes_aprovador", "key_clientes_solicitante", "key_funcionarios", "key_funcionarios_aprovador", "key_funcionarios_solicitante", "numero", "obs") VALUES ('1','2018-10-05',NULL,'2018-10-05 10:46:45','LOJA',1,'100',NULL,NULL,'','',NULL,'0','0',50046,'PP'), ('1','2018-10-05',NULL,'2018-10-05 10:46:45','LOJA',1,'100',NULL,NULL,'','',NULL,'0','0',50047,'PP'), ('1','2018-10-05',NULL,'2018-10-05 10:46:45','LOJA',1,'100',NULL,NULL,'','',NULL,'0','0',50048,'PP'), ('1','2018-10-05',NULL,'2018-10-05 10:46:45','LOJA',1,'100',NULL,NULL,'','',NULL,'0','0',50049,'PP')
ERROR - 2018-10-05 10:46:46 --> Severity: Warning --> Cannot modify header information - headers already sent by (output started at C:\laragon\www\system\core\Exceptions.php:271) C:\laragon\www\system\core\Common.php 570
ERROR - 2018-10-05 10:50:55 --> 404 Page Not Found: Assets/js
ERROR - 2018-10-05 10:50:55 --> 404 Page Not Found: Assets/js
ERROR - 2018-10-05 10:52:16 --> 404 Page Not Found: Assets/js
ERROR - 2018-10-05 10:52:16 --> 404 Page Not Found: Assets/js
ERROR - 2018-10-05 11:00:11 --> 404 Page Not Found: Assets/js
ERROR - 2018-10-05 11:00:11 --> 404 Page Not Found: Assets/js
ERROR - 2018-10-05 11:03:25 --> Severity: Notice --> Trying to get property of non-object C:\laragon\www\webpedidos\application\controllers\pedido\Template.php 299
ERROR - 2018-10-05 11:03:25 --> Severity: Notice --> Undefined index: cliente C:\laragon\www\webpedidos\application\controllers\pedido\Template.php 351
ERROR - 2018-10-05 11:03:25 --> Severity: Notice --> Undefined index: cliente C:\laragon\www\webpedidos\application\controllers\pedido\Template.php 353
ERROR - 2018-10-05 11:03:25 --> Severity: Notice --> Undefined index: matricula C:\laragon\www\webpedidos\application\controllers\pedido\Template.php 355
ERROR - 2018-10-05 11:03:25 --> Severity: Notice --> Trying to get property of non-object C:\laragon\www\webpedidos\application\controllers\pedido\Template.php 356
ERROR - 2018-10-05 11:03:25 --> Severity: Notice --> Undefined index: id C:\laragon\www\webpedidos\application\models\produto\Produto_model.php 130
ERROR - 2018-10-05 11:03:25 --> Severity: Notice --> Undefined index: cliente C:\laragon\www\webpedidos\application\controllers\pedido\Template.php 351
ERROR - 2018-10-05 11:03:25 --> Severity: Notice --> Undefined index: cliente C:\laragon\www\webpedidos\application\controllers\pedido\Template.php 353
ERROR - 2018-10-05 11:03:25 --> Severity: Notice --> Undefined index: matricula C:\laragon\www\webpedidos\application\controllers\pedido\Template.php 355
ERROR - 2018-10-05 11:03:25 --> Severity: Notice --> Trying to get property of non-object C:\laragon\www\webpedidos\application\controllers\pedido\Template.php 356
ERROR - 2018-10-05 11:03:25 --> Severity: Notice --> Undefined index: id C:\laragon\www\webpedidos\application\models\produto\Produto_model.php 130
ERROR - 2018-10-05 11:03:25 --> Severity: Notice --> Undefined index: cliente C:\laragon\www\webpedidos\application\controllers\pedido\Template.php 351
ERROR - 2018-10-05 11:03:25 --> Severity: Notice --> Undefined index: cliente C:\laragon\www\webpedidos\application\controllers\pedido\Template.php 353
ERROR - 2018-10-05 11:03:25 --> Severity: Notice --> Undefined index: matricula C:\laragon\www\webpedidos\application\controllers\pedido\Template.php 355
ERROR - 2018-10-05 11:03:25 --> Severity: Notice --> Trying to get property of non-object C:\laragon\www\webpedidos\application\controllers\pedido\Template.php 356
ERROR - 2018-10-05 11:03:25 --> Severity: Notice --> Undefined index: id C:\laragon\www\webpedidos\application\models\produto\Produto_model.php 130
ERROR - 2018-10-05 11:03:25 --> Severity: Notice --> Undefined index: cliente C:\laragon\www\webpedidos\application\controllers\pedido\Template.php 351
ERROR - 2018-10-05 11:03:25 --> Severity: Notice --> Undefined index: cliente C:\laragon\www\webpedidos\application\controllers\pedido\Template.php 353
ERROR - 2018-10-05 11:03:25 --> Severity: Notice --> Undefined index: matricula C:\laragon\www\webpedidos\application\controllers\pedido\Template.php 355
ERROR - 2018-10-05 11:03:25 --> Severity: Notice --> Trying to get property of non-object C:\laragon\www\webpedidos\application\controllers\pedido\Template.php 356
ERROR - 2018-10-05 11:03:25 --> Severity: Notice --> Undefined index: id C:\laragon\www\webpedidos\application\models\produto\Produto_model.php 130
ERROR - 2018-10-05 11:03:25 --> Severity: Notice --> Undefined variable: produto C:\laragon\www\webpedidos\application\controllers\pedido\Template.php 427
ERROR - 2018-10-05 11:03:25 --> Query error: ERRO:  valor nulo na coluna "key_clientes" viola a restrição não-nula
DETAIL:  Registro que falhou contém (50050, null, 2018-10-05, 2018-10-05, null, null, 100, null, Aberto, PP, null, t, f, null, 2018-10-05 11:03:25, null, null, null, 1, LOJA, , 0, , 0). - Invalid query: INSERT INTO "pedidos" ("aprovar", "data_emissao", "data_fechado", "dh_aprovacao", "entrega_local", "entrega_turno", "id_centro_custo", "id_depto", "key_clientes", "key_clientes_aprovador", "key_clientes_solicitante", "key_funcionarios", "key_funcionarios_aprovador", "key_funcionarios_solicitante", "numero", "obs") VALUES ('1','2018-10-05',NULL,'2018-10-05 11:03:25','LOJA',1,'100',NULL,NULL,'','',NULL,'0','0',50050,'PP'), ('1','2018-10-05',NULL,'2018-10-05 11:03:25','LOJA',1,'100',NULL,NULL,'','',NULL,'0','0',50051,'PP'), ('1','2018-10-05',NULL,'2018-10-05 11:03:25','LOJA',1,'100',NULL,NULL,'','',NULL,'0','0',50052,'PP'), ('1','2018-10-05',NULL,'2018-10-05 11:03:25','LOJA',1,'100',NULL,NULL,'','',NULL,'0','0',50053,'PP')
ERROR - 2018-10-05 11:03:25 --> Severity: Warning --> Cannot modify header information - headers already sent by (output started at C:\laragon\www\system\core\Exceptions.php:271) C:\laragon\www\system\core\Common.php 570
ERROR - 2018-10-05 11:03:26 --> 404 Page Not Found: Assets/js
ERROR - 2018-10-05 11:03:27 --> 404 Page Not Found: Assets/js
ERROR - 2018-10-05 11:09:28 --> 404 Page Not Found: Assets/js
ERROR - 2018-10-05 11:09:28 --> 404 Page Not Found: Assets/js
ERROR - 2018-10-05 11:11:15 --> 404 Page Not Found: Assets/js
ERROR - 2018-10-05 11:11:15 --> 404 Page Not Found: Assets/js
ERROR - 2018-10-05 11:13:27 --> Severity: Notice --> Trying to get property of non-object C:\laragon\www\webpedidos\application\controllers\pedido\Template.php 299
ERROR - 2018-10-05 11:13:27 --> Severity: Notice --> Undefined index: cliente C:\laragon\www\webpedidos\application\controllers\pedido\Template.php 351
ERROR - 2018-10-05 11:13:27 --> Severity: Notice --> Undefined index: cliente C:\laragon\www\webpedidos\application\controllers\pedido\Template.php 353
ERROR - 2018-10-05 11:13:27 --> Severity: Notice --> Undefined index: matricula C:\laragon\www\webpedidos\application\controllers\pedido\Template.php 355
ERROR - 2018-10-05 11:13:27 --> Severity: Notice --> Trying to get property of non-object C:\laragon\www\webpedidos\application\controllers\pedido\Template.php 356
ERROR - 2018-10-05 11:13:27 --> Severity: Notice --> Undefined index: id C:\laragon\www\webpedidos\application\models\produto\Produto_model.php 130
ERROR - 2018-10-05 11:13:27 --> Severity: Notice --> Undefined index: cliente C:\laragon\www\webpedidos\application\controllers\pedido\Template.php 351
ERROR - 2018-10-05 11:13:27 --> Severity: Notice --> Undefined index: cliente C:\laragon\www\webpedidos\application\controllers\pedido\Template.php 353
ERROR - 2018-10-05 11:13:27 --> Severity: Notice --> Undefined index: matricula C:\laragon\www\webpedidos\application\controllers\pedido\Template.php 355
ERROR - 2018-10-05 11:13:27 --> Severity: Notice --> Trying to get property of non-object C:\laragon\www\webpedidos\application\controllers\pedido\Template.php 356
ERROR - 2018-10-05 11:13:27 --> Severity: Notice --> Undefined index: id C:\laragon\www\webpedidos\application\models\produto\Produto_model.php 130
ERROR - 2018-10-05 11:13:27 --> Severity: Notice --> Undefined index: cliente C:\laragon\www\webpedidos\application\controllers\pedido\Template.php 351
ERROR - 2018-10-05 11:13:27 --> Severity: Notice --> Undefined index: cliente C:\laragon\www\webpedidos\application\controllers\pedido\Template.php 353
ERROR - 2018-10-05 11:13:27 --> Severity: Notice --> Undefined index: matricula C:\laragon\www\webpedidos\application\controllers\pedido\Template.php 355
ERROR - 2018-10-05 11:13:27 --> Severity: Notice --> Trying to get property of non-object C:\laragon\www\webpedidos\application\controllers\pedido\Template.php 356
ERROR - 2018-10-05 11:13:27 --> Severity: Notice --> Undefined index: id C:\laragon\www\webpedidos\application\models\produto\Produto_model.php 130
ERROR - 2018-10-05 11:13:27 --> Severity: Notice --> Undefined index: cliente C:\laragon\www\webpedidos\application\controllers\pedido\Template.php 351
ERROR - 2018-10-05 11:13:27 --> Severity: Notice --> Undefined index: cliente C:\laragon\www\webpedidos\application\controllers\pedido\Template.php 353
ERROR - 2018-10-05 11:13:27 --> Severity: Notice --> Undefined index: matricula C:\laragon\www\webpedidos\application\controllers\pedido\Template.php 355
ERROR - 2018-10-05 11:13:27 --> Severity: Notice --> Trying to get property of non-object C:\laragon\www\webpedidos\application\controllers\pedido\Template.php 356
ERROR - 2018-10-05 11:13:27 --> Severity: Notice --> Undefined index: id C:\laragon\www\webpedidos\application\models\produto\Produto_model.php 130
ERROR - 2018-10-05 11:13:27 --> Severity: Notice --> Undefined variable: produto C:\laragon\www\webpedidos\application\controllers\pedido\Template.php 427
ERROR - 2018-10-05 11:13:27 --> Query error: ERRO:  valor nulo na coluna "key_clientes" viola a restrição não-nula
DETAIL:  Registro que falhou contém (50054, null, 2018-10-05, 2018-10-05, null, null, 100, null, Aberto, PP, null, t, f, null, 2018-10-05 11:13:27, null, null, null, 1, LOJA, , 0, , 0). - Invalid query: INSERT INTO "pedidos" ("aprovar", "data_emissao", "data_fechado", "dh_aprovacao", "entrega_local", "entrega_turno", "id_centro_custo", "id_depto", "key_clientes", "key_clientes_aprovador", "key_clientes_solicitante", "key_funcionarios", "key_funcionarios_aprovador", "key_funcionarios_solicitante", "numero", "obs") VALUES ('1','2018-10-05',NULL,'2018-10-05 11:13:27','LOJA',1,'100',NULL,NULL,'','',NULL,'0','0',50054,'PP'), ('1','2018-10-05',NULL,'2018-10-05 11:13:27','LOJA',1,'100',NULL,NULL,'','',NULL,'0','0',50055,'PP'), ('1','2018-10-05',NULL,'2018-10-05 11:13:27','LOJA',1,'100',NULL,NULL,'','',NULL,'0','0',50056,'PP'), ('1','2018-10-05',NULL,'2018-10-05 11:13:27','LOJA',1,'100',NULL,NULL,'','',NULL,'0','0',50057,'PP')
ERROR - 2018-10-05 11:13:27 --> Severity: Warning --> Cannot modify header information - headers already sent by (output started at C:\laragon\www\system\core\Exceptions.php:271) C:\laragon\www\system\core\Common.php 570
ERROR - 2018-10-05 11:16:32 --> 404 Page Not Found: Assets/js
ERROR - 2018-10-05 11:16:32 --> 404 Page Not Found: Assets/js
ERROR - 2018-10-05 11:19:39 --> 404 Page Not Found: Assets/js
ERROR - 2018-10-05 11:19:40 --> 404 Page Not Found: Assets/js
ERROR - 2018-10-05 11:22:10 --> 404 Page Not Found: Assets/js
ERROR - 2018-10-05 11:22:10 --> 404 Page Not Found: Assets/js
ERROR - 2018-10-05 11:22:31 --> Severity: Notice --> Trying to get property of non-object C:\laragon\www\webpedidos\application\controllers\pedido\Template.php 299
ERROR - 2018-10-05 11:22:31 --> Severity: Notice --> Undefined index: cliente C:\laragon\www\webpedidos\application\controllers\pedido\Template.php 351
ERROR - 2018-10-05 11:22:31 --> Severity: Notice --> Undefined index: cliente C:\laragon\www\webpedidos\application\controllers\pedido\Template.php 353
ERROR - 2018-10-05 11:22:31 --> Severity: Notice --> Undefined index: matricula C:\laragon\www\webpedidos\application\controllers\pedido\Template.php 355
ERROR - 2018-10-05 11:22:31 --> Severity: Notice --> Trying to get property of non-object C:\laragon\www\webpedidos\application\controllers\pedido\Template.php 356
ERROR - 2018-10-05 11:22:31 --> Severity: Notice --> Undefined index: id C:\laragon\www\webpedidos\application\models\produto\Produto_model.php 130
ERROR - 2018-10-05 11:22:31 --> Severity: Notice --> Undefined index: cliente C:\laragon\www\webpedidos\application\controllers\pedido\Template.php 351
ERROR - 2018-10-05 11:22:31 --> Severity: Notice --> Undefined index: cliente C:\laragon\www\webpedidos\application\controllers\pedido\Template.php 353
ERROR - 2018-10-05 11:22:31 --> Severity: Notice --> Undefined index: matricula C:\laragon\www\webpedidos\application\controllers\pedido\Template.php 355
ERROR - 2018-10-05 11:22:31 --> Severity: Notice --> Trying to get property of non-object C:\laragon\www\webpedidos\application\controllers\pedido\Template.php 356
ERROR - 2018-10-05 11:22:31 --> Severity: Notice --> Undefined index: id C:\laragon\www\webpedidos\application\models\produto\Produto_model.php 130
ERROR - 2018-10-05 11:22:31 --> Severity: Notice --> Undefined index: cliente C:\laragon\www\webpedidos\application\controllers\pedido\Template.php 351
ERROR - 2018-10-05 11:22:31 --> Severity: Notice --> Undefined index: cliente C:\laragon\www\webpedidos\application\controllers\pedido\Template.php 353
ERROR - 2018-10-05 11:22:31 --> Severity: Notice --> Undefined index: matricula C:\laragon\www\webpedidos\application\controllers\pedido\Template.php 355
ERROR - 2018-10-05 11:22:31 --> Severity: Notice --> Trying to get property of non-object C:\laragon\www\webpedidos\application\controllers\pedido\Template.php 356
ERROR - 2018-10-05 11:22:31 --> Severity: Notice --> Undefined index: id C:\laragon\www\webpedidos\application\models\produto\Produto_model.php 130
ERROR - 2018-10-05 11:22:31 --> Severity: Notice --> Undefined index: cliente C:\laragon\www\webpedidos\application\controllers\pedido\Template.php 351
ERROR - 2018-10-05 11:22:31 --> Severity: Notice --> Undefined index: cliente C:\laragon\www\webpedidos\application\controllers\pedido\Template.php 353
ERROR - 2018-10-05 11:22:31 --> Severity: Notice --> Undefined index: matricula C:\laragon\www\webpedidos\application\controllers\pedido\Template.php 355
ERROR - 2018-10-05 11:22:31 --> Severity: Notice --> Trying to get property of non-object C:\laragon\www\webpedidos\application\controllers\pedido\Template.php 356
ERROR - 2018-10-05 11:22:31 --> Severity: Notice --> Undefined index: id C:\laragon\www\webpedidos\application\models\produto\Produto_model.php 130
ERROR - 2018-10-05 11:22:31 --> Severity: Notice --> Undefined variable: produto C:\laragon\www\webpedidos\application\controllers\pedido\Template.php 427
ERROR - 2018-10-05 11:22:31 --> Query error: ERRO:  valor nulo na coluna "key_clientes" viola a restrição não-nula
DETAIL:  Registro que falhou contém (50058, null, 2018-10-05, 2018-10-05, null, null, 100, null, Aberto, PP, null, t, f, null, 2018-10-05 11:22:31, null, null, null, 1, LOJA, , 0, , 0). - Invalid query: INSERT INTO "pedidos" ("aprovar", "data_emissao", "data_fechado", "dh_aprovacao", "entrega_local", "entrega_turno", "id_centro_custo", "id_depto", "key_clientes", "key_clientes_aprovador", "key_clientes_solicitante", "key_funcionarios", "key_funcionarios_aprovador", "key_funcionarios_solicitante", "numero", "obs") VALUES ('1','2018-10-05',NULL,'2018-10-05 11:22:31','LOJA',1,'100',NULL,NULL,'','',NULL,'0','0',50058,'PP'), ('1','2018-10-05',NULL,'2018-10-05 11:22:31','LOJA',1,'100',NULL,NULL,'','',NULL,'0','0',50059,'PP'), ('1','2018-10-05',NULL,'2018-10-05 11:22:31','LOJA',1,'100',NULL,NULL,'','',NULL,'0','0',50060,'PP'), ('1','2018-10-05',NULL,'2018-10-05 11:22:31','LOJA',1,'100',NULL,NULL,'','',NULL,'0','0',50061,'PP')
ERROR - 2018-10-05 11:22:31 --> Severity: Warning --> Cannot modify header information - headers already sent by (output started at C:\laragon\www\system\core\Exceptions.php:271) C:\laragon\www\system\core\Common.php 570
ERROR - 2018-10-05 11:37:38 --> 404 Page Not Found: Assets/js
ERROR - 2018-10-05 11:37:38 --> 404 Page Not Found: Assets/js
ERROR - 2018-10-05 11:37:55 --> Severity: Notice --> Trying to get property of non-object C:\laragon\www\webpedidos\application\controllers\pedido\Template.php 299
ERROR - 2018-10-05 11:37:55 --> Severity: Notice --> Undefined index: cliente C:\laragon\www\webpedidos\application\controllers\pedido\Template.php 351
ERROR - 2018-10-05 11:37:55 --> Severity: Notice --> Undefined index: cliente C:\laragon\www\webpedidos\application\controllers\pedido\Template.php 353
ERROR - 2018-10-05 11:37:55 --> Severity: Notice --> Undefined index: matricula C:\laragon\www\webpedidos\application\controllers\pedido\Template.php 355
ERROR - 2018-10-05 11:37:55 --> Severity: Notice --> Trying to get property of non-object C:\laragon\www\webpedidos\application\controllers\pedido\Template.php 356
ERROR - 2018-10-05 11:37:55 --> Severity: Notice --> Undefined index: id C:\laragon\www\webpedidos\application\models\produto\Produto_model.php 130
ERROR - 2018-10-05 11:37:55 --> Severity: Notice --> Undefined index: cliente C:\laragon\www\webpedidos\application\controllers\pedido\Template.php 351
ERROR - 2018-10-05 11:37:55 --> Severity: Notice --> Undefined index: cliente C:\laragon\www\webpedidos\application\controllers\pedido\Template.php 353
ERROR - 2018-10-05 11:37:55 --> Severity: Notice --> Undefined index: matricula C:\laragon\www\webpedidos\application\controllers\pedido\Template.php 355
ERROR - 2018-10-05 11:37:55 --> Severity: Notice --> Trying to get property of non-object C:\laragon\www\webpedidos\application\controllers\pedido\Template.php 356
ERROR - 2018-10-05 11:37:55 --> Severity: Notice --> Undefined index: id C:\laragon\www\webpedidos\application\models\produto\Produto_model.php 130
ERROR - 2018-10-05 11:37:55 --> Severity: Notice --> Undefined index: cliente C:\laragon\www\webpedidos\application\controllers\pedido\Template.php 351
ERROR - 2018-10-05 11:37:55 --> Severity: Notice --> Undefined index: cliente C:\laragon\www\webpedidos\application\controllers\pedido\Template.php 353
ERROR - 2018-10-05 11:37:55 --> Severity: Notice --> Undefined index: matricula C:\laragon\www\webpedidos\application\controllers\pedido\Template.php 355
ERROR - 2018-10-05 11:37:55 --> Severity: Notice --> Trying to get property of non-object C:\laragon\www\webpedidos\application\controllers\pedido\Template.php 356
ERROR - 2018-10-05 11:37:55 --> Severity: Notice --> Undefined index: id C:\laragon\www\webpedidos\application\models\produto\Produto_model.php 130
ERROR - 2018-10-05 11:37:55 --> Severity: Notice --> Undefined index: cliente C:\laragon\www\webpedidos\application\controllers\pedido\Template.php 351
ERROR - 2018-10-05 11:37:55 --> Severity: Notice --> Undefined index: cliente C:\laragon\www\webpedidos\application\controllers\pedido\Template.php 353
ERROR - 2018-10-05 11:37:55 --> Severity: Notice --> Undefined index: matricula C:\laragon\www\webpedidos\application\controllers\pedido\Template.php 355
ERROR - 2018-10-05 11:37:55 --> Severity: Notice --> Trying to get property of non-object C:\laragon\www\webpedidos\application\controllers\pedido\Template.php 356
ERROR - 2018-10-05 11:37:55 --> Severity: Notice --> Undefined index: id C:\laragon\www\webpedidos\application\models\produto\Produto_model.php 130
ERROR - 2018-10-05 11:37:55 --> Severity: Notice --> Undefined variable: produto C:\laragon\www\webpedidos\application\controllers\pedido\Template.php 427
ERROR - 2018-10-05 11:37:55 --> Query error: ERRO:  valor nulo na coluna "key_clientes" viola a restrição não-nula
DETAIL:  Registro que falhou contém (50062, null, 2018-10-05, 2018-10-05, null, null, 100, null, Aberto, PP, null, t, f, null, 2018-10-05 11:37:55, null, null, null, 1, LOJA, , 0, , 0). - Invalid query: INSERT INTO "pedidos" ("aprovar", "data_emissao", "data_fechado", "dh_aprovacao", "entrega_local", "entrega_turno", "id_centro_custo", "id_depto", "key_clientes", "key_clientes_aprovador", "key_clientes_solicitante", "key_funcionarios", "key_funcionarios_aprovador", "key_funcionarios_solicitante", "numero", "obs") VALUES ('1','2018-10-05',NULL,'2018-10-05 11:37:55','LOJA',1,'100',NULL,NULL,'','',NULL,'0','0',50062,'PP'), ('1','2018-10-05',NULL,'2018-10-05 11:37:55','LOJA',1,'100',NULL,NULL,'','',NULL,'0','0',50063,'PP'), ('1','2018-10-05',NULL,'2018-10-05 11:37:55','LOJA',1,'100',NULL,NULL,'','',NULL,'0','0',50064,'PP'), ('1','2018-10-05',NULL,'2018-10-05 11:37:55','LOJA',1,'100',NULL,NULL,'','',NULL,'0','0',50065,'PP')
ERROR - 2018-10-05 11:37:55 --> Severity: Warning --> Cannot modify header information - headers already sent by (output started at C:\laragon\www\system\core\Exceptions.php:271) C:\laragon\www\system\core\Common.php 570
ERROR - 2018-10-05 11:38:41 --> 404 Page Not Found: Assets/js
ERROR - 2018-10-05 11:38:41 --> 404 Page Not Found: Assets/js
ERROR - 2018-10-05 11:40:04 --> Severity: Notice --> Trying to get property of non-object C:\laragon\www\webpedidos\application\controllers\pedido\Template.php 299
ERROR - 2018-10-05 11:40:04 --> Severity: Notice --> Undefined index: cliente C:\laragon\www\webpedidos\application\controllers\pedido\Template.php 351
ERROR - 2018-10-05 11:40:04 --> Severity: Notice --> Undefined index: cliente C:\laragon\www\webpedidos\application\controllers\pedido\Template.php 353
ERROR - 2018-10-05 11:40:04 --> Severity: Notice --> Undefined index: matricula C:\laragon\www\webpedidos\application\controllers\pedido\Template.php 355
ERROR - 2018-10-05 11:40:04 --> Severity: Notice --> Trying to get property of non-object C:\laragon\www\webpedidos\application\controllers\pedido\Template.php 356
ERROR - 2018-10-05 11:40:04 --> Severity: Notice --> Undefined index: id C:\laragon\www\webpedidos\application\models\produto\Produto_model.php 130
ERROR - 2018-10-05 11:40:04 --> Severity: Notice --> Undefined index: cliente C:\laragon\www\webpedidos\application\controllers\pedido\Template.php 351
ERROR - 2018-10-05 11:40:04 --> Severity: Notice --> Undefined index: cliente C:\laragon\www\webpedidos\application\controllers\pedido\Template.php 353
ERROR - 2018-10-05 11:40:04 --> Severity: Notice --> Undefined index: matricula C:\laragon\www\webpedidos\application\controllers\pedido\Template.php 355
ERROR - 2018-10-05 11:40:04 --> Severity: Notice --> Trying to get property of non-object C:\laragon\www\webpedidos\application\controllers\pedido\Template.php 356
ERROR - 2018-10-05 11:40:04 --> Severity: Notice --> Undefined index: id C:\laragon\www\webpedidos\application\models\produto\Produto_model.php 130
ERROR - 2018-10-05 11:40:04 --> Severity: Notice --> Undefined index: cliente C:\laragon\www\webpedidos\application\controllers\pedido\Template.php 351
ERROR - 2018-10-05 11:40:04 --> Severity: Notice --> Undefined index: cliente C:\laragon\www\webpedidos\application\controllers\pedido\Template.php 353
ERROR - 2018-10-05 11:40:04 --> Severity: Notice --> Undefined index: matricula C:\laragon\www\webpedidos\application\controllers\pedido\Template.php 355
ERROR - 2018-10-05 11:40:04 --> Severity: Notice --> Trying to get property of non-object C:\laragon\www\webpedidos\application\controllers\pedido\Template.php 356
ERROR - 2018-10-05 11:40:04 --> Severity: Notice --> Undefined index: id C:\laragon\www\webpedidos\application\models\produto\Produto_model.php 130
ERROR - 2018-10-05 11:40:04 --> Severity: Notice --> Undefined index: cliente C:\laragon\www\webpedidos\application\controllers\pedido\Template.php 351
ERROR - 2018-10-05 11:40:04 --> Severity: Notice --> Undefined index: cliente C:\laragon\www\webpedidos\application\controllers\pedido\Template.php 353
ERROR - 2018-10-05 11:40:04 --> Severity: Notice --> Undefined index: matricula C:\laragon\www\webpedidos\application\controllers\pedido\Template.php 355
ERROR - 2018-10-05 11:40:04 --> Severity: Notice --> Trying to get property of non-object C:\laragon\www\webpedidos\application\controllers\pedido\Template.php 356
ERROR - 2018-10-05 11:40:04 --> Severity: Notice --> Undefined index: id C:\laragon\www\webpedidos\application\models\produto\Produto_model.php 130
ERROR - 2018-10-05 11:40:04 --> Severity: Notice --> Undefined variable: produto C:\laragon\www\webpedidos\application\controllers\pedido\Template.php 427
ERROR - 2018-10-05 11:40:04 --> Query error: ERRO:  valor nulo na coluna "key_clientes" viola a restrição não-nula
DETAIL:  Registro que falhou contém (50066, null, 2018-10-05, 2018-10-05, null, null, 100, null, Aberto, OKOKOK, null, t, f, null, 2018-10-05 11:40:04, null, null, null, 1, LOJA, , 0, , 0). - Invalid query: INSERT INTO "pedidos" ("aprovar", "data_emissao", "data_fechado", "dh_aprovacao", "entrega_local", "entrega_turno", "id_centro_custo", "id_depto", "key_clientes", "key_clientes_aprovador", "key_clientes_solicitante", "key_funcionarios", "key_funcionarios_aprovador", "key_funcionarios_solicitante", "numero", "obs") VALUES ('1','2018-10-05',NULL,'2018-10-05 11:40:04','LOJA',1,'100',NULL,NULL,'','',NULL,'0','0',50066,'OKOKOK'), ('1','2018-10-05',NULL,'2018-10-05 11:40:04','LOJA',1,'100',NULL,NULL,'','',NULL,'0','0',50067,'OKOKOK'), ('1','2018-10-05',NULL,'2018-10-05 11:40:04','LOJA',1,'100',NULL,NULL,'','',NULL,'0','0',50068,'OKOKOK'), ('1','2018-10-05',NULL,'2018-10-05 11:40:04','LOJA',1,'100',NULL,NULL,'','',NULL,'0','0',50069,'OKOKOK')
ERROR - 2018-10-05 11:40:04 --> Severity: Warning --> Cannot modify header information - headers already sent by (output started at C:\laragon\www\system\core\Exceptions.php:271) C:\laragon\www\system\core\Common.php 570
ERROR - 2018-10-05 11:46:09 --> 404 Page Not Found: Assets/js
ERROR - 2018-10-05 11:46:09 --> 404 Page Not Found: Assets/js
ERROR - 2018-10-05 11:50:16 --> 404 Page Not Found: Assets/js
ERROR - 2018-10-05 11:50:16 --> 404 Page Not Found: Assets/js
ERROR - 2018-10-05 11:53:02 --> 404 Page Not Found: Assets/js
ERROR - 2018-10-05 11:53:02 --> 404 Page Not Found: Assets/js
ERROR - 2018-10-05 11:54:05 --> 404 Page Not Found: Assets/js
ERROR - 2018-10-05 11:54:05 --> 404 Page Not Found: Assets/js
ERROR - 2018-10-05 11:58:39 --> 404 Page Not Found: Assets/js
ERROR - 2018-10-05 11:58:39 --> 404 Page Not Found: Assets/js
ERROR - 2018-10-05 12:00:59 --> 404 Page Not Found: Assets/js
ERROR - 2018-10-05 12:01:00 --> 404 Page Not Found: Assets/js
ERROR - 2018-10-05 14:59:43 --> 404 Page Not Found: Assets/js
ERROR - 2018-10-05 14:59:43 --> 404 Page Not Found: Assets/js
ERROR - 2018-10-05 15:01:50 --> 404 Page Not Found: Assets/js
ERROR - 2018-10-05 15:01:51 --> 404 Page Not Found: Assets/js
ERROR - 2018-10-05 15:22:10 --> 404 Page Not Found: Assets/js
ERROR - 2018-10-05 15:22:10 --> 404 Page Not Found: Assets/js
ERROR - 2018-10-05 15:31:59 --> 404 Page Not Found: Assets/js
ERROR - 2018-10-05 15:32:00 --> 404 Page Not Found: Assets/js
ERROR - 2018-10-05 15:33:14 --> 404 Page Not Found: Assets/js
ERROR - 2018-10-05 15:33:14 --> 404 Page Not Found: Assets/js
ERROR - 2018-10-05 15:54:12 --> 404 Page Not Found: Assets/js
ERROR - 2018-10-05 15:54:12 --> 404 Page Not Found: Assets/js
ERROR - 2018-10-05 16:24:50 --> 404 Page Not Found: Assets/js
ERROR - 2018-10-05 16:24:51 --> 404 Page Not Found: Assets/js
ERROR - 2018-10-05 16:24:53 --> Severity: Notice --> Array to string conversion C:\laragon\www\webpedidos\application\models\pedido\Template_model.php 106
ERROR - 2018-10-05 16:24:53 --> Query error: ERRO:  SELECT * sem tabelas especificadas não é válido
LINE 1: SELECT *
               ^ - Invalid query: SELECT *
ERROR - 2018-10-05 16:24:54 --> Severity: Notice --> Array to string conversion C:\laragon\www\webpedidos\application\models\pedido\Template_model.php 106
ERROR - 2018-10-05 16:24:54 --> Query error: ERRO:  SELECT * sem tabelas especificadas não é válido
LINE 1: SELECT *
               ^ - Invalid query: SELECT *
ERROR - 2018-10-05 16:25:38 --> Severity: Notice --> Array to string conversion C:\laragon\www\webpedidos\application\models\pedido\Template_model.php 106
ERROR - 2018-10-05 16:25:38 --> Query error: ERRO:  SELECT * sem tabelas especificadas não é válido
LINE 1: SELECT *
               ^ - Invalid query: SELECT *
ERROR - 2018-10-05 16:25:38 --> Severity: Notice --> Array to string conversion C:\laragon\www\webpedidos\application\models\pedido\Template_model.php 106
ERROR - 2018-10-05 16:25:38 --> Query error: ERRO:  SELECT * sem tabelas especificadas não é válido
LINE 1: SELECT *
               ^ - Invalid query: SELECT *
ERROR - 2018-10-05 16:27:01 --> 404 Page Not Found: Assets/js
ERROR - 2018-10-05 16:27:01 --> 404 Page Not Found: Assets/js
ERROR - 2018-10-05 16:28:45 --> 404 Page Not Found: Assets/js
ERROR - 2018-10-05 16:28:45 --> 404 Page Not Found: Assets/js
ERROR - 2018-10-05 16:29:02 --> Query error: ERRO:  SELECT * sem tabelas especificadas não é válido
LINE 1: SELECT *
               ^ - Invalid query: SELECT *
ERROR - 2018-10-05 16:29:02 --> Query error: ERRO:  SELECT * sem tabelas especificadas não é válido
LINE 1: SELECT *
               ^ - Invalid query: SELECT *
ERROR - 2018-10-05 16:41:44 --> 404 Page Not Found: Assets/js
ERROR - 2018-10-05 16:41:44 --> 404 Page Not Found: Assets/js
ERROR - 2018-10-05 16:41:48 --> Query error: ERRO:  SELECT * sem tabelas especificadas não é válido
LINE 1: SELECT *
               ^ - Invalid query: SELECT *
ERROR - 2018-10-05 16:41:48 --> Query error: ERRO:  SELECT * sem tabelas especificadas não é válido
LINE 1: SELECT *
               ^ - Invalid query: SELECT *
ERROR - 2018-10-05 16:42:55 --> 404 Page Not Found: Assets/js
ERROR - 2018-10-05 16:42:55 --> 404 Page Not Found: Assets/js
ERROR - 2018-10-05 16:42:58 --> Query error: ERRO:  SELECT * sem tabelas especificadas não é válido
LINE 1: SELECT *
               ^ - Invalid query: SELECT *
ERROR - 2018-10-05 16:42:58 --> Query error: ERRO:  SELECT * sem tabelas especificadas não é válido
LINE 1: SELECT *
               ^ - Invalid query: SELECT *
ERROR - 2018-10-05 16:43:16 --> Query error: ERRO:  SELECT * sem tabelas especificadas não é válido
LINE 1: SELECT *
               ^ - Invalid query: SELECT *
ERROR - 2018-10-05 16:43:16 --> Query error: ERRO:  SELECT * sem tabelas especificadas não é válido
LINE 1: SELECT *
               ^ - Invalid query: SELECT *
ERROR - 2018-10-05 16:43:58 --> Query error: ERRO:  SELECT * sem tabelas especificadas não é válido
LINE 1: SELECT *
               ^ - Invalid query: SELECT *
ERROR - 2018-10-05 16:43:58 --> Query error: ERRO:  SELECT * sem tabelas especificadas não é válido
LINE 1: SELECT *
               ^ - Invalid query: SELECT *
ERROR - 2018-10-05 16:46:36 --> Severity: Notice --> Trying to get property of non-object C:\laragon\www\webpedidos\application\controllers\pedido\Template.php 298
ERROR - 2018-10-05 16:46:36 --> Severity: Notice --> Undefined index: cliente C:\laragon\www\webpedidos\application\controllers\pedido\Template.php 350
ERROR - 2018-10-05 16:46:36 --> Severity: Notice --> Undefined index: cliente C:\laragon\www\webpedidos\application\controllers\pedido\Template.php 352
ERROR - 2018-10-05 16:46:36 --> Severity: Notice --> Undefined index: matricula C:\laragon\www\webpedidos\application\controllers\pedido\Template.php 354
ERROR - 2018-10-05 16:46:36 --> Severity: Notice --> Trying to get property of non-object C:\laragon\www\webpedidos\application\controllers\pedido\Template.php 355
ERROR - 2018-10-05 16:46:36 --> Severity: Notice --> Undefined index: id C:\laragon\www\webpedidos\application\models\produto\Produto_model.php 130
ERROR - 2018-10-05 16:46:37 --> Severity: Notice --> Undefined index: cliente C:\laragon\www\webpedidos\application\controllers\pedido\Template.php 350
ERROR - 2018-10-05 16:46:37 --> Severity: Notice --> Undefined index: cliente C:\laragon\www\webpedidos\application\controllers\pedido\Template.php 352
ERROR - 2018-10-05 16:46:37 --> Severity: Notice --> Undefined index: matricula C:\laragon\www\webpedidos\application\controllers\pedido\Template.php 354
ERROR - 2018-10-05 16:46:37 --> Severity: Notice --> Trying to get property of non-object C:\laragon\www\webpedidos\application\controllers\pedido\Template.php 355
ERROR - 2018-10-05 16:46:37 --> Severity: Notice --> Undefined index: id C:\laragon\www\webpedidos\application\models\produto\Produto_model.php 130
ERROR - 2018-10-05 16:46:37 --> Severity: Notice --> Undefined index: cliente C:\laragon\www\webpedidos\application\controllers\pedido\Template.php 350
ERROR - 2018-10-05 16:46:37 --> Severity: Notice --> Undefined index: cliente C:\laragon\www\webpedidos\application\controllers\pedido\Template.php 352
ERROR - 2018-10-05 16:46:37 --> Severity: Notice --> Undefined index: matricula C:\laragon\www\webpedidos\application\controllers\pedido\Template.php 354
ERROR - 2018-10-05 16:46:37 --> Severity: Notice --> Trying to get property of non-object C:\laragon\www\webpedidos\application\controllers\pedido\Template.php 355
ERROR - 2018-10-05 16:46:37 --> Severity: Notice --> Undefined index: id C:\laragon\www\webpedidos\application\models\produto\Produto_model.php 130
ERROR - 2018-10-05 16:46:37 --> Severity: Notice --> Undefined index: cliente C:\laragon\www\webpedidos\application\controllers\pedido\Template.php 350
ERROR - 2018-10-05 16:46:37 --> Severity: Notice --> Undefined index: cliente C:\laragon\www\webpedidos\application\controllers\pedido\Template.php 352
ERROR - 2018-10-05 16:46:37 --> Severity: Notice --> Undefined index: matricula C:\laragon\www\webpedidos\application\controllers\pedido\Template.php 354
ERROR - 2018-10-05 16:46:37 --> Severity: Notice --> Trying to get property of non-object C:\laragon\www\webpedidos\application\controllers\pedido\Template.php 355
ERROR - 2018-10-05 16:46:37 --> Severity: Notice --> Undefined index: id C:\laragon\www\webpedidos\application\models\produto\Produto_model.php 130
ERROR - 2018-10-05 16:46:37 --> Severity: Notice --> Undefined variable: produto C:\laragon\www\webpedidos\application\controllers\pedido\Template.php 426
ERROR - 2018-10-05 16:46:37 --> Query error: ERRO:  valor nulo na coluna "key_clientes" viola a restrição não-nula
DETAIL:  Registro que falhou contém (50070, null, 2018-10-05, 2018-10-05, null, null, 100, null, Aberto, OBS-MINCHETTI, null, t, f, null, 2018-10-05 16:46:36, null, null, null, 1, LOJA, , 0, , 0). - Invalid query: INSERT INTO "pedidos" ("aprovar", "data_emissao", "data_fechado", "dh_aprovacao", "entrega_local", "entrega_turno", "id_centro_custo", "id_depto", "key_clientes", "key_clientes_aprovador", "key_clientes_solicitante", "key_funcionarios", "key_funcionarios_aprovador", "key_funcionarios_solicitante", "numero", "obs") VALUES ('1','2018-10-05',NULL,'2018-10-05 16:46:36','LOJA',1,'100',NULL,NULL,'','',NULL,'0','0',50070,'OBS-MINCHETTI'), ('1','2018-10-05',NULL,'2018-10-05 16:46:36','LOJA',1,'100',NULL,NULL,'','',NULL,'0','0',50071,'OBS-MINCHETTI'), ('1','2018-10-05',NULL,'2018-10-05 16:46:36','LOJA',1,'100',NULL,NULL,'','',NULL,'0','0',50072,'OBS-MINCHETTI'), ('1','2018-10-05',NULL,'2018-10-05 16:46:36','LOJA',1,'100',NULL,NULL,'','',NULL,'0','0',50073,'OBS-MINCHETTI')
ERROR - 2018-10-05 16:46:37 --> Severity: Warning --> Cannot modify header information - headers already sent by (output started at C:\laragon\www\system\core\Exceptions.php:271) C:\laragon\www\system\core\Common.php 570
ERROR - 2018-10-05 16:47:27 --> 404 Page Not Found: Assets/js
ERROR - 2018-10-05 16:47:27 --> 404 Page Not Found: Assets/js
ERROR - 2018-10-05 16:47:33 --> Query error: ERRO:  SELECT * sem tabelas especificadas não é válido
LINE 1: SELECT *
               ^ - Invalid query: SELECT *
ERROR - 2018-10-05 16:47:33 --> Query error: ERRO:  SELECT * sem tabelas especificadas não é válido
LINE 1: SELECT *
               ^ - Invalid query: SELECT *
ERROR - 2018-10-05 16:48:26 --> Severity: Notice --> Trying to get property of non-object C:\laragon\www\webpedidos\application\controllers\pedido\Template.php 298
ERROR - 2018-10-05 16:48:26 --> Severity: Notice --> Trying to get property of non-object C:\laragon\www\webpedidos\application\controllers\pedido\Template.php 355
ERROR - 2018-10-05 16:48:26 --> Query error: ERRO:  inserção ou atualização em tabela "pedidos" viola restrição de chave estrangeira "aprovador_fk"
DETAIL:  Chave (key_clientes_aprovador, key_funcionarios_aprovador)=(, 0) não está presente na tabela "funcionarios". - Invalid query: INSERT INTO "pedidos" ("aprovar", "data_emissao", "data_fechado", "dh_aprovacao", "entrega_local", "entrega_turno", "id_centro_custo", "id_depto", "key_clientes", "key_clientes_aprovador", "key_clientes_solicitante", "key_funcionarios", "key_funcionarios_aprovador", "key_funcionarios_solicitante", "numero", "obs") VALUES ('1','2018-10-05',NULL,'2018-10-05 16:48:26','LOJA',1,'100','44.013.159/0031-31','44.013.159/0031-31','','','33021887','0','0',50074,'OBS-MINCHETTI')
ERROR - 2018-10-05 16:51:08 --> 404 Page Not Found: Assets/js
ERROR - 2018-10-05 16:51:08 --> 404 Page Not Found: Assets/js
ERROR - 2018-10-05 16:51:19 --> Severity: Notice --> Trying to get property of non-object C:\laragon\www\webpedidos\application\controllers\pedido\Template.php 298
ERROR - 2018-10-05 16:51:19 --> Severity: Notice --> Trying to get property of non-object C:\laragon\www\webpedidos\application\controllers\pedido\Template.php 355
ERROR - 2018-10-05 16:51:19 --> Query error: ERRO:  inserção ou atualização em tabela "pedidos" viola restrição de chave estrangeira "aprovador_fk"
DETAIL:  Chave (key_clientes_aprovador, key_funcionarios_aprovador)=(, 0) não está presente na tabela "funcionarios". - Invalid query: INSERT INTO "pedidos" ("aprovar", "data_emissao", "data_fechado", "dh_aprovacao", "entrega_local", "entrega_turno", "id_centro_custo", "id_depto", "key_clientes", "key_clientes_aprovador", "key_clientes_solicitante", "key_funcionarios", "key_funcionarios_aprovador", "key_funcionarios_solicitante", "numero", "obs") VALUES ('1','2018-10-05',NULL,'2018-10-05 16:51:19','LOJA',1,'100','44.013.159/0031-31','44.013.159/0031-31','','','33021887','0','0',50075,'OBS-MINCHETTI')
ERROR - 2018-10-05 16:53:27 --> 404 Page Not Found: Assets/js
ERROR - 2018-10-05 16:53:27 --> 404 Page Not Found: Assets/js
ERROR - 2018-10-05 16:54:32 --> 404 Page Not Found: Assets/js
ERROR - 2018-10-05 16:54:32 --> 404 Page Not Found: Assets/js
ERROR - 2018-10-05 16:54:48 --> Severity: Notice --> Trying to get property of non-object C:\laragon\www\webpedidos\application\controllers\pedido\Template.php 298
ERROR - 2018-10-05 16:54:48 --> Severity: Notice --> Trying to get property of non-object C:\laragon\www\webpedidos\application\controllers\pedido\Template.php 355
ERROR - 2018-10-05 16:54:49 --> Query error: ERRO:  inserção ou atualização em tabela "pedidos" viola restrição de chave estrangeira "aprovador_fk"
DETAIL:  Chave (key_clientes_aprovador, key_funcionarios_aprovador)=(, 0) não está presente na tabela "funcionarios". - Invalid query: INSERT INTO "pedidos" ("aprovar", "data_emissao", "data_fechado", "dh_aprovacao", "entrega_local", "entrega_turno", "id_centro_custo", "id_depto", "key_clientes", "key_clientes_aprovador", "key_clientes_solicitante", "key_funcionarios", "key_funcionarios_aprovador", "key_funcionarios_solicitante", "numero", "obs") VALUES ('1','2018-10-05',NULL,'2018-10-05 16:54:48','LOJA',1,'100','44.013.159/0031-31','44.013.159/0031-31','','','33021887','0','0',50076,'OBS-MINCHETTI')
ERROR - 2018-10-05 16:55:54 --> 404 Page Not Found: Assets/js
ERROR - 2018-10-05 16:55:54 --> 404 Page Not Found: Assets/js
ERROR - 2018-10-05 16:56:26 --> Query error: ERRO:  operador não existe: character varying = integer
LINE 5: WHERE "tf"."key_templates" = 69
                                   ^
HINT:  Nenhum operador corresponde com o nome e o(s) tipo(s) de argumento(s) informados. Você precisa adicionar conversões de tipo explícitas. - Invalid query: SELECT "tf"."codigo", "tf"."key_clientes", "tf"."nome", "tf"."key_funcionarios", "tf"."key_funcionarios" AS "setor"
FROM "templates_funcionarios" "tf"
JOIN "funcionarios" "f" ON "f"."matricula" = "tf"."key_funcionarios" AND "f"."key_clientes" = "tf"."key_clientes"
JOIN "setor" "s" ON "s"."id_centro_custo" = "f"."key_setor" AND "s"."id_depto" = "f"."key_clientes"
WHERE "tf"."key_templates" = 69
ORDER BY "f"."nome" ASC
ERROR - 2018-10-05 16:56:27 --> Query error: ERRO:  operador não existe: character varying = integer
LINE 5: WHERE "tf"."key_templates" = 69
                                   ^
HINT:  Nenhum operador corresponde com o nome e o(s) tipo(s) de argumento(s) informados. Você precisa adicionar conversões de tipo explícitas. - Invalid query: SELECT "tf"."codigo", "tf"."key_clientes", "tf"."nome", "tf"."key_funcionarios", "tf"."key_funcionarios" AS "setor"
FROM "templates_funcionarios" "tf"
JOIN "funcionarios" "f" ON "f"."matricula" = "tf"."key_funcionarios" AND "f"."key_clientes" = "tf"."key_clientes"
JOIN "setor" "s" ON "s"."id_centro_custo" = "f"."key_setor" AND "s"."id_depto" = "f"."key_clientes"
WHERE "tf"."key_templates" = 69
ORDER BY "f"."nome" ASC
