ERROR - 2019-10-28 13:17:33 --> 404 Page Not Found: Assets/images
ERROR - 2019-10-28 13:18:08 --> Severity: Notice --> Undefined variable: colaborador C:\wamp64\www\webpedidos\application\controllers\funcionario\Funcionario.php 67
ERROR - 2019-10-28 13:18:08 --> Severity: Notice --> Trying to get property 'id' of non-object C:\wamp64\www\webpedidos\application\controllers\funcionario\Funcionario.php 67
ERROR - 2019-10-28 13:18:08 --> Severity: Notice --> Undefined variable: colaborador C:\wamp64\www\webpedidos\application\controllers\funcionario\Funcionario.php 67
ERROR - 2019-10-28 13:18:08 --> Severity: Notice --> Trying to get property 'id' of non-object C:\wamp64\www\webpedidos\application\controllers\funcionario\Funcionario.php 67
ERROR - 2019-10-28 13:18:08 --> Severity: Notice --> Undefined variable: colaborador C:\wamp64\www\webpedidos\application\controllers\funcionario\Funcionario.php 67
ERROR - 2019-10-28 13:18:08 --> Severity: Notice --> Trying to get property 'id' of non-object C:\wamp64\www\webpedidos\application\controllers\funcionario\Funcionario.php 67
ERROR - 2019-10-28 13:18:08 --> Severity: Notice --> Undefined variable: colaborador C:\wamp64\www\webpedidos\application\controllers\funcionario\Funcionario.php 67
ERROR - 2019-10-28 13:18:08 --> Severity: Notice --> Trying to get property 'id' of non-object C:\wamp64\www\webpedidos\application\controllers\funcionario\Funcionario.php 67
ERROR - 2019-10-28 13:18:08 --> Severity: Notice --> Undefined variable: colaborador C:\wamp64\www\webpedidos\application\controllers\funcionario\Funcionario.php 67
ERROR - 2019-10-28 13:18:08 --> Severity: Notice --> Trying to get property 'id' of non-object C:\wamp64\www\webpedidos\application\controllers\funcionario\Funcionario.php 67
ERROR - 2019-10-28 13:18:08 --> Severity: Notice --> Undefined variable: colaborador C:\wamp64\www\webpedidos\application\controllers\funcionario\Funcionario.php 67
ERROR - 2019-10-28 13:18:08 --> Severity: Notice --> Trying to get property 'id' of non-object C:\wamp64\www\webpedidos\application\controllers\funcionario\Funcionario.php 67
ERROR - 2019-10-28 13:18:19 --> Severity: Notice --> Undefined variable: colaborador C:\wamp64\www\webpedidos\application\controllers\funcionario\Funcionario.php 67
ERROR - 2019-10-28 13:18:19 --> Severity: Notice --> Trying to get property 'id' of non-object C:\wamp64\www\webpedidos\application\controllers\funcionario\Funcionario.php 67
ERROR - 2019-10-28 13:18:19 --> Severity: Notice --> Undefined variable: colaborador C:\wamp64\www\webpedidos\application\controllers\funcionario\Funcionario.php 67
ERROR - 2019-10-28 13:18:19 --> Severity: Notice --> Trying to get property 'id' of non-object C:\wamp64\www\webpedidos\application\controllers\funcionario\Funcionario.php 67
ERROR - 2019-10-28 13:18:19 --> Severity: Notice --> Undefined variable: colaborador C:\wamp64\www\webpedidos\application\controllers\funcionario\Funcionario.php 67
ERROR - 2019-10-28 13:18:19 --> Severity: Notice --> Trying to get property 'id' of non-object C:\wamp64\www\webpedidos\application\controllers\funcionario\Funcionario.php 67
ERROR - 2019-10-28 13:18:19 --> Severity: Notice --> Undefined variable: colaborador C:\wamp64\www\webpedidos\application\controllers\funcionario\Funcionario.php 67
ERROR - 2019-10-28 13:18:19 --> Severity: Notice --> Trying to get property 'id' of non-object C:\wamp64\www\webpedidos\application\controllers\funcionario\Funcionario.php 67
ERROR - 2019-10-28 13:18:19 --> Severity: Notice --> Undefined variable: colaborador C:\wamp64\www\webpedidos\application\controllers\funcionario\Funcionario.php 67
ERROR - 2019-10-28 13:18:19 --> Severity: Notice --> Trying to get property 'id' of non-object C:\wamp64\www\webpedidos\application\controllers\funcionario\Funcionario.php 67
ERROR - 2019-10-28 13:18:20 --> Severity: Notice --> Undefined variable: colaborador C:\wamp64\www\webpedidos\application\controllers\funcionario\Funcionario.php 67
ERROR - 2019-10-28 13:18:20 --> Severity: Notice --> Trying to get property 'id' of non-object C:\wamp64\www\webpedidos\application\controllers\funcionario\Funcionario.php 67
ERROR - 2019-10-28 13:18:20 --> Severity: Notice --> Undefined variable: colaborador C:\wamp64\www\webpedidos\application\controllers\funcionario\Funcionario.php 67
ERROR - 2019-10-28 13:18:20 --> Severity: Notice --> Trying to get property 'id' of non-object C:\wamp64\www\webpedidos\application\controllers\funcionario\Funcionario.php 67
ERROR - 2019-10-28 13:18:20 --> Severity: Notice --> Undefined variable: colaborador C:\wamp64\www\webpedidos\application\controllers\funcionario\Funcionario.php 67
ERROR - 2019-10-28 13:18:20 --> Severity: Notice --> Trying to get property 'id' of non-object C:\wamp64\www\webpedidos\application\controllers\funcionario\Funcionario.php 67
ERROR - 2019-10-28 13:18:20 --> Severity: Notice --> Undefined variable: colaborador C:\wamp64\www\webpedidos\application\controllers\funcionario\Funcionario.php 67
ERROR - 2019-10-28 13:18:20 --> Severity: Notice --> Trying to get property 'id' of non-object C:\wamp64\www\webpedidos\application\controllers\funcionario\Funcionario.php 67
ERROR - 2019-10-28 13:18:20 --> Severity: Notice --> Undefined variable: colaborador C:\wamp64\www\webpedidos\application\controllers\funcionario\Funcionario.php 67
ERROR - 2019-10-28 13:18:20 --> Severity: Notice --> Trying to get property 'id' of non-object C:\wamp64\www\webpedidos\application\controllers\funcionario\Funcionario.php 67
ERROR - 2019-10-28 13:18:25 --> Severity: Notice --> Undefined variable: colaborador C:\wamp64\www\webpedidos\application\controllers\funcionario\Funcionario.php 67
ERROR - 2019-10-28 13:18:25 --> Severity: Notice --> Trying to get property 'id' of non-object C:\wamp64\www\webpedidos\application\controllers\funcionario\Funcionario.php 67
ERROR - 2019-10-28 13:18:28 --> Severity: Notice --> Undefined variable: colaborador C:\wamp64\www\webpedidos\application\controllers\funcionario\Funcionario.php 67
ERROR - 2019-10-28 13:18:28 --> Severity: Notice --> Trying to get property 'id' of non-object C:\wamp64\www\webpedidos\application\controllers\funcionario\Funcionario.php 67
ERROR - 2019-10-28 13:18:28 --> Severity: Notice --> Undefined variable: colaborador C:\wamp64\www\webpedidos\application\controllers\funcionario\Funcionario.php 67
ERROR - 2019-10-28 13:18:28 --> Severity: Notice --> Trying to get property 'id' of non-object C:\wamp64\www\webpedidos\application\controllers\funcionario\Funcionario.php 67
ERROR - 2019-10-28 13:18:28 --> Severity: Notice --> Undefined variable: colaborador C:\wamp64\www\webpedidos\application\controllers\funcionario\Funcionario.php 67
ERROR - 2019-10-28 13:18:28 --> Severity: Notice --> Trying to get property 'id' of non-object C:\wamp64\www\webpedidos\application\controllers\funcionario\Funcionario.php 67
ERROR - 2019-10-28 13:18:28 --> Severity: Notice --> Undefined variable: colaborador C:\wamp64\www\webpedidos\application\controllers\funcionario\Funcionario.php 67
ERROR - 2019-10-28 13:18:28 --> Severity: Notice --> Trying to get property 'id' of non-object C:\wamp64\www\webpedidos\application\controllers\funcionario\Funcionario.php 67
ERROR - 2019-10-28 13:18:28 --> Severity: Notice --> Undefined variable: colaborador C:\wamp64\www\webpedidos\application\controllers\funcionario\Funcionario.php 67
ERROR - 2019-10-28 13:18:28 --> Severity: Notice --> Trying to get property 'id' of non-object C:\wamp64\www\webpedidos\application\controllers\funcionario\Funcionario.php 67
ERROR - 2019-10-28 13:18:30 --> Severity: Notice --> Undefined variable: colaborador C:\wamp64\www\webpedidos\application\controllers\funcionario\Funcionario.php 67
ERROR - 2019-10-28 13:18:30 --> Severity: Notice --> Trying to get property 'id' of non-object C:\wamp64\www\webpedidos\application\controllers\funcionario\Funcionario.php 67
ERROR - 2019-10-28 13:18:49 --> 404 Page Not Found: Assets/js
ERROR - 2019-10-28 13:18:49 --> 404 Page Not Found: Assets/js
ERROR - 2019-10-28 13:18:57 --> 404 Page Not Found: Assets/js
ERROR - 2019-10-28 13:18:57 --> 404 Page Not Found: Assets/js
ERROR - 2019-10-28 13:19:17 --> 404 Page Not Found: Assets/js
ERROR - 2019-10-28 13:19:17 --> 404 Page Not Found: Assets/js
ERROR - 2019-10-28 13:19:29 --> 404 Page Not Found: Assets/js
ERROR - 2019-10-28 13:19:29 --> 404 Page Not Found: Assets/js
ERROR - 2019-10-28 13:19:41 --> Severity: Notice --> Undefined variable: colaborador C:\wamp64\www\webpedidos\application\controllers\funcionario\Funcionario.php 67
ERROR - 2019-10-28 13:19:41 --> Severity: Notice --> Trying to get property 'id' of non-object C:\wamp64\www\webpedidos\application\controllers\funcionario\Funcionario.php 67
ERROR - 2019-10-28 13:19:41 --> Severity: Notice --> Undefined variable: colaborador C:\wamp64\www\webpedidos\application\controllers\funcionario\Funcionario.php 67
ERROR - 2019-10-28 13:19:41 --> Severity: Notice --> Trying to get property 'id' of non-object C:\wamp64\www\webpedidos\application\controllers\funcionario\Funcionario.php 67
ERROR - 2019-10-28 13:19:41 --> Severity: Notice --> Undefined variable: colaborador C:\wamp64\www\webpedidos\application\controllers\funcionario\Funcionario.php 67
ERROR - 2019-10-28 13:19:41 --> Severity: Notice --> Trying to get property 'id' of non-object C:\wamp64\www\webpedidos\application\controllers\funcionario\Funcionario.php 67
ERROR - 2019-10-28 13:19:41 --> Severity: Notice --> Undefined variable: colaborador C:\wamp64\www\webpedidos\application\controllers\funcionario\Funcionario.php 67
ERROR - 2019-10-28 13:19:41 --> Severity: Notice --> Trying to get property 'id' of non-object C:\wamp64\www\webpedidos\application\controllers\funcionario\Funcionario.php 67
ERROR - 2019-10-28 13:19:41 --> Severity: Notice --> Undefined variable: colaborador C:\wamp64\www\webpedidos\application\controllers\funcionario\Funcionario.php 67
ERROR - 2019-10-28 13:19:41 --> Severity: Notice --> Trying to get property 'id' of non-object C:\wamp64\www\webpedidos\application\controllers\funcionario\Funcionario.php 67
ERROR - 2019-10-28 13:19:41 --> Severity: Notice --> Undefined variable: colaborador C:\wamp64\www\webpedidos\application\controllers\funcionario\Funcionario.php 67
ERROR - 2019-10-28 13:19:41 --> Severity: Notice --> Trying to get property 'id' of non-object C:\wamp64\www\webpedidos\application\controllers\funcionario\Funcionario.php 67
ERROR - 2019-10-28 13:19:41 --> Severity: Notice --> Undefined variable: colaborador C:\wamp64\www\webpedidos\application\controllers\funcionario\Funcionario.php 67
ERROR - 2019-10-28 13:19:41 --> Severity: Notice --> Trying to get property 'id' of non-object C:\wamp64\www\webpedidos\application\controllers\funcionario\Funcionario.php 67
ERROR - 2019-10-28 13:19:41 --> Severity: Notice --> Undefined variable: colaborador C:\wamp64\www\webpedidos\application\controllers\funcionario\Funcionario.php 67
ERROR - 2019-10-28 13:19:41 --> Severity: Notice --> Trying to get property 'id' of non-object C:\wamp64\www\webpedidos\application\controllers\funcionario\Funcionario.php 67
ERROR - 2019-10-28 13:19:41 --> Severity: Notice --> Undefined variable: colaborador C:\wamp64\www\webpedidos\application\controllers\funcionario\Funcionario.php 67
ERROR - 2019-10-28 13:19:41 --> Severity: Notice --> Trying to get property 'id' of non-object C:\wamp64\www\webpedidos\application\controllers\funcionario\Funcionario.php 67
ERROR - 2019-10-28 13:19:41 --> Severity: Notice --> Undefined variable: colaborador C:\wamp64\www\webpedidos\application\controllers\funcionario\Funcionario.php 67
ERROR - 2019-10-28 13:19:41 --> Severity: Notice --> Trying to get property 'id' of non-object C:\wamp64\www\webpedidos\application\controllers\funcionario\Funcionario.php 67
ERROR - 2019-10-28 13:19:41 --> Severity: Notice --> Undefined variable: colaborador C:\wamp64\www\webpedidos\application\controllers\funcionario\Funcionario.php 67
ERROR - 2019-10-28 13:19:41 --> Severity: Notice --> Trying to get property 'id' of non-object C:\wamp64\www\webpedidos\application\controllers\funcionario\Funcionario.php 67
ERROR - 2019-10-28 13:19:41 --> Severity: Notice --> Undefined variable: colaborador C:\wamp64\www\webpedidos\application\controllers\funcionario\Funcionario.php 67
ERROR - 2019-10-28 13:19:41 --> Severity: Notice --> Trying to get property 'id' of non-object C:\wamp64\www\webpedidos\application\controllers\funcionario\Funcionario.php 67
ERROR - 2019-10-28 13:19:41 --> Severity: Notice --> Undefined variable: colaborador C:\wamp64\www\webpedidos\application\controllers\funcionario\Funcionario.php 67
ERROR - 2019-10-28 13:19:41 --> Severity: Notice --> Trying to get property 'id' of non-object C:\wamp64\www\webpedidos\application\controllers\funcionario\Funcionario.php 67
ERROR - 2019-10-28 13:19:41 --> Severity: Notice --> Undefined variable: colaborador C:\wamp64\www\webpedidos\application\controllers\funcionario\Funcionario.php 67
ERROR - 2019-10-28 13:19:41 --> Severity: Notice --> Trying to get property 'id' of non-object C:\wamp64\www\webpedidos\application\controllers\funcionario\Funcionario.php 67
ERROR - 2019-10-28 13:19:41 --> Severity: Notice --> Undefined variable: colaborador C:\wamp64\www\webpedidos\application\controllers\funcionario\Funcionario.php 67
ERROR - 2019-10-28 13:19:41 --> Severity: Notice --> Trying to get property 'id' of non-object C:\wamp64\www\webpedidos\application\controllers\funcionario\Funcionario.php 67
ERROR - 2019-10-28 13:19:41 --> Severity: Notice --> Undefined variable: colaborador C:\wamp64\www\webpedidos\application\controllers\funcionario\Funcionario.php 67
ERROR - 2019-10-28 13:19:41 --> Severity: Notice --> Trying to get property 'id' of non-object C:\wamp64\www\webpedidos\application\controllers\funcionario\Funcionario.php 67
ERROR - 2019-10-28 13:19:41 --> Severity: Notice --> Undefined variable: colaborador C:\wamp64\www\webpedidos\application\controllers\funcionario\Funcionario.php 67
ERROR - 2019-10-28 13:19:41 --> Severity: Notice --> Trying to get property 'id' of non-object C:\wamp64\www\webpedidos\application\controllers\funcionario\Funcionario.php 67
ERROR - 2019-10-28 13:19:41 --> Severity: Notice --> Undefined variable: colaborador C:\wamp64\www\webpedidos\application\controllers\funcionario\Funcionario.php 67
ERROR - 2019-10-28 13:19:41 --> Severity: Notice --> Trying to get property 'id' of non-object C:\wamp64\www\webpedidos\application\controllers\funcionario\Funcionario.php 67
ERROR - 2019-10-28 13:19:41 --> Severity: Notice --> Undefined variable: colaborador C:\wamp64\www\webpedidos\application\controllers\funcionario\Funcionario.php 67
ERROR - 2019-10-28 13:19:41 --> Severity: Notice --> Trying to get property 'id' of non-object C:\wamp64\www\webpedidos\application\controllers\funcionario\Funcionario.php 67
ERROR - 2019-10-28 13:19:41 --> Severity: Notice --> Undefined variable: colaborador C:\wamp64\www\webpedidos\application\controllers\funcionario\Funcionario.php 67
ERROR - 2019-10-28 13:19:41 --> Severity: Notice --> Trying to get property 'id' of non-object C:\wamp64\www\webpedidos\application\controllers\funcionario\Funcionario.php 67
ERROR - 2019-10-28 13:19:41 --> Severity: Notice --> Undefined variable: colaborador C:\wamp64\www\webpedidos\application\controllers\funcionario\Funcionario.php 67
ERROR - 2019-10-28 13:19:41 --> Severity: Notice --> Trying to get property 'id' of non-object C:\wamp64\www\webpedidos\application\controllers\funcionario\Funcionario.php 67
ERROR - 2019-10-28 13:19:41 --> Severity: Notice --> Undefined variable: colaborador C:\wamp64\www\webpedidos\application\controllers\funcionario\Funcionario.php 67
ERROR - 2019-10-28 13:19:41 --> Severity: Notice --> Trying to get property 'id' of non-object C:\wamp64\www\webpedidos\application\controllers\funcionario\Funcionario.php 67
ERROR - 2019-10-28 13:19:41 --> Severity: Notice --> Undefined variable: colaborador C:\wamp64\www\webpedidos\application\controllers\funcionario\Funcionario.php 67
ERROR - 2019-10-28 13:19:41 --> Severity: Notice --> Trying to get property 'id' of non-object C:\wamp64\www\webpedidos\application\controllers\funcionario\Funcionario.php 67
ERROR - 2019-10-28 13:19:41 --> Severity: Notice --> Undefined variable: colaborador C:\wamp64\www\webpedidos\application\controllers\funcionario\Funcionario.php 67
ERROR - 2019-10-28 13:19:41 --> Severity: Notice --> Trying to get property 'id' of non-object C:\wamp64\www\webpedidos\application\controllers\funcionario\Funcionario.php 67
ERROR - 2019-10-28 13:19:41 --> Severity: Notice --> Undefined variable: colaborador C:\wamp64\www\webpedidos\application\controllers\funcionario\Funcionario.php 67
ERROR - 2019-10-28 13:19:41 --> Severity: Notice --> Trying to get property 'id' of non-object C:\wamp64\www\webpedidos\application\controllers\funcionario\Funcionario.php 67
ERROR - 2019-10-28 13:22:19 --> 404 Page Not Found: Assets/js
ERROR - 2019-10-28 13:22:19 --> 404 Page Not Found: Assets/js
ERROR - 2019-10-28 13:22:29 --> 404 Page Not Found: Assets/js
ERROR - 2019-10-28 13:22:29 --> 404 Page Not Found: Assets/js
ERROR - 2019-10-28 13:22:41 --> 404 Page Not Found: Assets/js
ERROR - 2019-10-28 13:22:41 --> 404 Page Not Found: Assets/js
ERROR - 2019-10-28 13:22:47 --> Severity: Notice --> Undefined variable: colaborador C:\wamp64\www\webpedidos\application\controllers\funcionario\Funcionario.php 67
ERROR - 2019-10-28 13:22:47 --> Severity: Notice --> Trying to get property 'id' of non-object C:\wamp64\www\webpedidos\application\controllers\funcionario\Funcionario.php 67
ERROR - 2019-10-28 13:22:47 --> Severity: Notice --> Undefined variable: colaborador C:\wamp64\www\webpedidos\application\controllers\funcionario\Funcionario.php 67
ERROR - 2019-10-28 13:22:47 --> Severity: Notice --> Trying to get property 'id' of non-object C:\wamp64\www\webpedidos\application\controllers\funcionario\Funcionario.php 67
ERROR - 2019-10-28 13:22:47 --> Severity: Notice --> Undefined variable: colaborador C:\wamp64\www\webpedidos\application\controllers\funcionario\Funcionario.php 67
ERROR - 2019-10-28 13:22:47 --> Severity: Notice --> Trying to get property 'id' of non-object C:\wamp64\www\webpedidos\application\controllers\funcionario\Funcionario.php 67
ERROR - 2019-10-28 13:22:47 --> Severity: Notice --> Undefined variable: colaborador C:\wamp64\www\webpedidos\application\controllers\funcionario\Funcionario.php 67
ERROR - 2019-10-28 13:22:47 --> Severity: Notice --> Trying to get property 'id' of non-object C:\wamp64\www\webpedidos\application\controllers\funcionario\Funcionario.php 67
ERROR - 2019-10-28 13:22:47 --> Severity: Notice --> Undefined variable: colaborador C:\wamp64\www\webpedidos\application\controllers\funcionario\Funcionario.php 67
ERROR - 2019-10-28 13:22:47 --> Severity: Notice --> Trying to get property 'id' of non-object C:\wamp64\www\webpedidos\application\controllers\funcionario\Funcionario.php 67
ERROR - 2019-10-28 13:22:47 --> Severity: Notice --> Undefined variable: colaborador C:\wamp64\www\webpedidos\application\controllers\funcionario\Funcionario.php 67
ERROR - 2019-10-28 13:22:47 --> Severity: Notice --> Trying to get property 'id' of non-object C:\wamp64\www\webpedidos\application\controllers\funcionario\Funcionario.php 67
ERROR - 2019-10-28 13:22:47 --> Severity: Notice --> Undefined variable: colaborador C:\wamp64\www\webpedidos\application\controllers\funcionario\Funcionario.php 67
ERROR - 2019-10-28 13:22:47 --> Severity: Notice --> Trying to get property 'id' of non-object C:\wamp64\www\webpedidos\application\controllers\funcionario\Funcionario.php 67
ERROR - 2019-10-28 13:22:47 --> Severity: Notice --> Undefined variable: colaborador C:\wamp64\www\webpedidos\application\controllers\funcionario\Funcionario.php 67
ERROR - 2019-10-28 13:22:47 --> Severity: Notice --> Trying to get property 'id' of non-object C:\wamp64\www\webpedidos\application\controllers\funcionario\Funcionario.php 67
ERROR - 2019-10-28 13:22:47 --> Severity: Notice --> Undefined variable: colaborador C:\wamp64\www\webpedidos\application\controllers\funcionario\Funcionario.php 67
ERROR - 2019-10-28 13:22:47 --> Severity: Notice --> Trying to get property 'id' of non-object C:\wamp64\www\webpedidos\application\controllers\funcionario\Funcionario.php 67
ERROR - 2019-10-28 13:22:47 --> Severity: Notice --> Undefined variable: colaborador C:\wamp64\www\webpedidos\application\controllers\funcionario\Funcionario.php 67
ERROR - 2019-10-28 13:22:47 --> Severity: Notice --> Trying to get property 'id' of non-object C:\wamp64\www\webpedidos\application\controllers\funcionario\Funcionario.php 67
ERROR - 2019-10-28 13:22:47 --> Severity: Notice --> Undefined variable: colaborador C:\wamp64\www\webpedidos\application\controllers\funcionario\Funcionario.php 67
ERROR - 2019-10-28 13:22:47 --> Severity: Notice --> Trying to get property 'id' of non-object C:\wamp64\www\webpedidos\application\controllers\funcionario\Funcionario.php 67
ERROR - 2019-10-28 13:23:19 --> 404 Page Not Found: Assets/js
ERROR - 2019-10-28 13:23:19 --> 404 Page Not Found: Assets/js
ERROR - 2019-10-28 13:23:38 --> 404 Page Not Found: Assets/js
ERROR - 2019-10-28 13:23:38 --> 404 Page Not Found: Assets/js
ERROR - 2019-10-28 13:23:59 --> 404 Page Not Found: Assets/js
ERROR - 2019-10-28 13:23:59 --> 404 Page Not Found: Assets/js
ERROR - 2019-10-28 13:25:00 --> 404 Page Not Found: Assets/js
ERROR - 2019-10-28 13:25:00 --> 404 Page Not Found: Assets/js
ERROR - 2019-10-28 13:25:00 --> 404 Page Not Found: Assets/js
ERROR - 2019-10-28 13:25:00 --> 404 Page Not Found: Assets/js
ERROR - 2019-10-28 13:25:10 --> Severity: error --> Exception: syntax error, unexpected 'print_r' (T_STRING), expecting ',' or ';' C:\wamp64\www\webpedidos\application\controllers\funcionario\Funcionario.php 58
ERROR - 2019-10-28 13:25:23 --> 404 Page Not Found: Assets/js
ERROR - 2019-10-28 13:25:23 --> 404 Page Not Found: Assets/js
ERROR - 2019-10-28 13:25:27 --> Severity: Notice --> Undefined variable: colaborador C:\wamp64\www\webpedidos\application\controllers\funcionario\Funcionario.php 58
ERROR - 2019-10-28 13:25:58 --> 404 Page Not Found: Assets/js
ERROR - 2019-10-28 13:25:58 --> 404 Page Not Found: Assets/js
ERROR - 2019-10-28 13:32:31 --> 404 Page Not Found: Assets/js
ERROR - 2019-10-28 13:32:31 --> 404 Page Not Found: Assets/js
ERROR - 2019-10-28 13:36:09 --> 404 Page Not Found: Assets/js
ERROR - 2019-10-28 13:36:09 --> 404 Page Not Found: Assets/js
ERROR - 2019-10-28 13:37:16 --> 404 Page Not Found: Assets/js
ERROR - 2019-10-28 13:37:16 --> 404 Page Not Found: Assets/js
ERROR - 2019-10-28 13:37:46 --> 404 Page Not Found: Assets/js
ERROR - 2019-10-28 13:37:46 --> 404 Page Not Found: Assets/js
ERROR - 2019-10-28 13:37:51 --> Query error: ERRO:  relação "funci1onarios" não existe
LINE 2: FROM "funci1onarios" "f"
             ^ - Invalid query: SELECT "f"."id", "f"."nome" as "nome", "f"."matricula", "f"."cargo", "s"."id_centro_custo" as "cc", "s"."nome" as "setor", "f"."key_ghe"
FROM "funci1onarios" "f"
JOIN "setor" "s" ON (s.id_depto, s.id_centro_custo) = (f.key_clientes, f.key_setor)
WHERE "s"."id_depto" = '44.013.159/0080-10'
AND "s"."nome" = 'ADMINISTRATIVO'
ORDER BY "f"."nome"
ERROR - 2019-10-28 13:44:57 --> 404 Page Not Found: Assets/js
ERROR - 2019-10-28 13:44:57 --> 404 Page Not Found: Assets/js
ERROR - 2019-10-28 13:45:12 --> Query error: ERRO:  relação "funci1onarios" não existe
LINE 2: FROM "funci1onarios" "f"
             ^ - Invalid query: SELECT "f"."id", "f"."nome" as "nome", "f"."matricula", "f"."cargo", "s"."id_centro_custo" as "cc", "s"."nome" as "setor", "f"."key_ghe"
FROM "funci1onarios" "f"
JOIN "setor" "s" ON (s.id_depto, s.id_centro_custo) = (f.key_clientes, f.key_setor)
WHERE "s"."id_depto" = '44.013.159/0080-10'
AND "s"."nome" = 'ADMINISTRATIVO'
ORDER BY "f"."nome"
ERROR - 2019-10-28 13:49:13 --> 404 Page Not Found: Assets/js
ERROR - 2019-10-28 13:49:13 --> 404 Page Not Found: Assets/js
ERROR - 2019-10-28 13:49:17 --> Query error: ERRO:  relação "funci1onarios" não existe
LINE 2: FROM "funci1onarios" "f"
             ^ - Invalid query: SELECT "f"."id", "f"."nome" as "nome", "f"."matricula", "f"."cargo", "s"."id_centro_custo" as "cc", "s"."nome" as "setor", "f"."key_ghe"
FROM "funci1onarios" "f"
JOIN "setor" "s" ON (s.id_depto, s.id_centro_custo) = (f.key_clientes, f.key_setor)
WHERE "s"."id_depto" = '54.127.733/0004-63'
AND "s"."nome" = '70000014-SERVICE'
ORDER BY "f"."nome"
ERROR - 2019-10-28 13:49:20 --> Query error: ERRO:  relação "funci1onarios" não existe
LINE 2: FROM "funci1onarios" "f"
             ^ - Invalid query: SELECT "f"."id", "f"."nome" as "nome", "f"."matricula", "f"."cargo", "s"."id_centro_custo" as "cc", "s"."nome" as "setor", "f"."key_ghe"
FROM "funci1onarios" "f"
JOIN "setor" "s" ON (s.id_depto, s.id_centro_custo) = (f.key_clientes, f.key_setor)
WHERE "s"."id_depto" = '54.127.733/0001-10'
AND "s"."nome" = '70000200_RC-BR PS DO OP2'
ORDER BY "f"."nome"
ERROR - 2019-10-28 13:49:30 --> 404 Page Not Found: Assets/js
ERROR - 2019-10-28 13:49:30 --> 404 Page Not Found: Assets/js
ERROR - 2019-10-28 13:49:42 --> 404 Page Not Found: Assets/js
ERROR - 2019-10-28 13:49:42 --> 404 Page Not Found: Assets/js
ERROR - 2019-10-28 13:50:11 --> 404 Page Not Found: Assets/js
ERROR - 2019-10-28 13:50:11 --> 404 Page Not Found: Assets/js
ERROR - 2019-10-28 13:50:36 --> 404 Page Not Found: Assets/js
ERROR - 2019-10-28 13:50:36 --> 404 Page Not Found: Assets/js
ERROR - 2019-10-28 13:51:29 --> Severity: Notice --> Undefined variable: colaborador C:\wamp64\www\webpedidos\application\controllers\funcionario\Funcionario.php 73
ERROR - 2019-10-28 13:51:29 --> Severity: Notice --> Trying to get property 'id' of non-object C:\wamp64\www\webpedidos\application\controllers\funcionario\Funcionario.php 73
ERROR - 2019-10-28 13:51:44 --> Severity: Notice --> Undefined variable: colaborador C:\wamp64\www\webpedidos\application\controllers\funcionario\Funcionario.php 73
ERROR - 2019-10-28 13:51:44 --> Severity: Notice --> Trying to get property 'id' of non-object C:\wamp64\www\webpedidos\application\controllers\funcionario\Funcionario.php 73
ERROR - 2019-10-28 13:57:32 --> 404 Page Not Found: Assets/js
ERROR - 2019-10-28 13:57:33 --> 404 Page Not Found: Assets/js
ERROR - 2019-10-28 13:59:54 --> Severity: Notice --> Array to string conversion C:\wamp64\www\system\database\DB_query_builder.php 683
ERROR - 2019-10-28 13:59:54 --> Query error: ERRO:  coluna "Array" não existe
LINE 3: WHERE "senha" = "Array"
                        ^ - Invalid query: SELECT "webloginid"
FROM "web_login_senhas_anteriores"
WHERE "senha" = "Array"
ERROR - 2019-10-28 14:00:33 --> Severity: Notice --> Array to string conversion C:\wamp64\www\system\database\DB_query_builder.php 683
ERROR - 2019-10-28 14:00:33 --> Query error: ERRO:  coluna "Array" não existe
LINE 3: WHERE "senha" = "Array"
                        ^ - Invalid query: SELECT "webloginid"
FROM "web_login_senhas_anteriores"
WHERE "senha" = "Array"
ERROR - 2019-10-28 14:01:20 --> Severity: Notice --> Array to string conversion C:\wamp64\www\system\database\DB_query_builder.php 683
ERROR - 2019-10-28 14:01:20 --> Query error: ERRO:  coluna "Array" não existe
LINE 3: WHERE "senha" = "Array"
                        ^ - Invalid query: SELECT "webloginid"
FROM "web_login_senhas_anteriores"
WHERE "senha" = "Array"
ERROR - 2019-10-28 14:01:47 --> 404 Page Not Found: Assets/js
ERROR - 2019-10-28 14:01:47 --> 404 Page Not Found: Assets/js
ERROR - 2019-10-28 14:01:58 --> 404 Page Not Found: Assets/js
ERROR - 2019-10-28 14:01:58 --> 404 Page Not Found: Assets/js
ERROR - 2019-10-28 14:02:41 --> 404 Page Not Found: Assets/js
ERROR - 2019-10-28 14:02:41 --> 404 Page Not Found: Assets/js
ERROR - 2019-10-28 14:03:31 --> 404 Page Not Found: Assets/js
ERROR - 2019-10-28 14:03:31 --> 404 Page Not Found: Assets/js
ERROR - 2019-10-28 14:03:51 --> Severity: Notice --> Array to string conversion C:\wamp64\www\system\database\DB_query_builder.php 683
ERROR - 2019-10-28 14:03:51 --> Query error: ERRO:  coluna "Array" não existe
LINE 3: WHERE "senha" = "Array"
                        ^ - Invalid query: SELECT "webloginid"
FROM "web_login_senhas_anteriores"
WHERE "senha" = "Array"
ERROR - 2019-10-28 14:05:01 --> Severity: Notice --> Array to string conversion C:\wamp64\www\system\database\DB_query_builder.php 683
ERROR - 2019-10-28 14:05:01 --> Query error: ERRO:  coluna "Array" não existe
LINE 3: WHERE "senha" = "Array"
                        ^ - Invalid query: SELECT "webloginid"
FROM "web_login_senhas_anteriores"
WHERE "senha" = "Array"
ERROR - 2019-10-28 14:08:04 --> Severity: Notice --> Array to string conversion C:\wamp64\www\system\database\DB_query_builder.php 683
ERROR - 2019-10-28 14:08:04 --> Query error: ERRO:  coluna "Array" não existe
LINE 3: WHERE "senha" = "Array"
                        ^ - Invalid query: SELECT "webloginid"
FROM "web_login_senhas_anteriores"
WHERE "senha" = "Array"
ERROR - 2019-10-28 14:08:40 --> Severity: Notice --> Array to string conversion C:\wamp64\www\system\database\DB_query_builder.php 683
ERROR - 2019-10-28 14:08:40 --> Query error: ERRO:  coluna "Array" não existe
LINE 3: WHERE "senha" = "Array"
                        ^ - Invalid query: SELECT "webloginid"
FROM "web_login_senhas_anteriores"
WHERE "senha" = "Array"
ERROR - 2019-10-28 14:09:52 --> Severity: Notice --> Array to string conversion C:\wamp64\www\system\database\DB_query_builder.php 683
ERROR - 2019-10-28 14:09:52 --> Query error: ERRO:  coluna "Array" não existe
LINE 3: WHERE "senha" = "Array"
                        ^ - Invalid query: SELECT "webloginid"
FROM "web_login_senhas_anteriores"
WHERE "senha" = "Array"
ERROR - 2019-10-28 14:11:16 --> Severity: Notice --> Trying to get property 'senha' of non-object C:\wamp64\www\webpedidos\application\models\usuario\Usuario_model.php 112
ERROR - 2019-10-28 14:11:16 --> Severity: Notice --> Array to string conversion C:\wamp64\www\system\database\DB_driver.php 1524
ERROR - 2019-10-28 14:11:16 --> Query error: ERRO:  erro de sintaxe em ou próximo a "WHERE"
LINE 2: WHERE "webloginid" = 'FITASSUL8'
        ^ - Invalid query: UPDATE "web_login" SET "senha" = Array
WHERE "webloginid" = 'FITASSUL8'
ERROR - 2019-10-28 14:11:44 --> Severity: Notice --> Array to string conversion C:\wamp64\www\system\database\DB_driver.php 1524
ERROR - 2019-10-28 14:11:44 --> Query error: ERRO:  erro de sintaxe em ou próximo a "WHERE"
LINE 2: WHERE "webloginid" = 'FITASSUL8'
        ^ - Invalid query: UPDATE "web_login" SET "senha" = Array
WHERE "webloginid" = 'FITASSUL8'
ERROR - 2019-10-28 14:12:56 --> Query error: ERRO:  sintaxe de entrada é inválida para integer: "FITASSUL8"
LINE 2: WHERE "webloginid" = 'FITASSUL8'
                             ^ - Invalid query: UPDATE "web_login" SET "senha" = 'a7dfd62636e593a5ffcff3f870ae8933', "senhavalidade" = '2020-10-28', "senhatoken" = '9edBCKUlu'
WHERE "webloginid" = 'FITASSUL8'
ERROR - 2019-10-28 14:13:05 --> Query error: ERRO:  sintaxe de entrada é inválida para integer: "FITASSUL8"
LINE 2: WHERE "webloginid" = 'FITASSUL8'
                             ^ - Invalid query: UPDATE "web_login" SET "senha" = '0f7be475c97f35537ab7af6a3ace71df', "senhavalidade" = '2020-10-28', "senhatoken" = 'jrnQl3JXT'
WHERE "webloginid" = 'FITASSUL8'
ERROR - 2019-10-28 14:14:30 --> Severity: Notice --> Array to string conversion C:\wamp64\www\system\database\DB_driver.php 1476
ERROR - 2019-10-28 14:14:30 --> Query error: ERRO:  erro de sintaxe em ou próximo a ")"
LINE 1: ...eriores" ("webloginid", "senha") VALUES ('FITASSUL8', Array)
                                                                      ^ - Invalid query: INSERT INTO "web_login_senhas_anteriores" ("webloginid", "senha") VALUES ('FITASSUL8', Array)
ERROR - 2019-10-28 14:32:22 --> Severity: Notice --> Array to string conversion C:\wamp64\www\system\database\DB_query_builder.php 683
ERROR - 2019-10-28 14:32:22 --> Query error: ERRO:  coluna "Array" não existe
LINE 3: WHERE "senha" = "Array"
                        ^ - Invalid query: SELECT "webloginid"
FROM "web_login_senhas_anteriores"
WHERE "senha" = "Array"
ERROR - 2019-10-28 14:39:36 --> Severity: Notice --> Array to string conversion C:\wamp64\www\system\database\DB_driver.php 1524
ERROR - 2019-10-28 14:39:36 --> Query error: ERRO:  erro de sintaxe em ou próximo a "WHERE"
LINE 2: WHERE "webloginid" = 'FITASSUL8'
        ^ - Invalid query: UPDATE "web_login" SET "senha" = Array
WHERE "webloginid" = 'FITASSUL8'
ERROR - 2019-10-28 14:45:06 --> Query error: ERRO:  coluna "weblo2ginid" não existe
LINE 1: SELECT "weblo2ginid"
               ^
HINT:  Perhaps you meant to reference the column "web_login_senhas_anteriores.webloginid". - Invalid query: SELECT "weblo2ginid"
FROM "web_login_senhas_anteriores"
WHERE "senha" = '1d7f08bc9b083ff8f1f1905bbf639a01'
ERROR - 2019-10-28 14:48:33 --> Query error: ERRO:  coluna "weblo2ginid" não existe
LINE 1: SELECT "weblo2ginid"
               ^
HINT:  Perhaps you meant to reference the column "web_login_senhas_anteriores.webloginid". - Invalid query: SELECT "weblo2ginid"
FROM "web_login_senhas_anteriores"
WHERE "senha" = '78c88e51b5844498a0a29df6a0128c86'
ERROR - 2019-10-28 14:49:44 --> Query error: ERRO:  coluna "weblo2ginid" não existe
LINE 1: SELECT "weblo2ginid"
               ^
HINT:  Perhaps you meant to reference the column "web_login_senhas_anteriores.webloginid". - Invalid query: SELECT "weblo2ginid"
FROM "web_login_senhas_anteriores"
WHERE "senha" = '122288532066b5688dacbb4c305ed7f1'
ERROR - 2019-10-28 14:50:38 --> Query error: ERRO:  operador não existe: character varying = integer
LINE 4: AND "senha" = 8
                    ^
HINT:  Nenhum operador corresponde com o nome e o(s) tipo(s) de argumento(s) informados. Você precisa adicionar conversões de tipo explícitas. - Invalid query: SELECT "webloginid"
FROM "web_login_senhas_anteriores"
WHERE "senha" = '7a8a36e45393bc3073d50251893a7e17'
AND "senha" = 8
ERROR - 2019-10-28 14:51:00 --> Query error: ERRO:  operador não existe: character varying = integer
LINE 4: AND "senha" = 8
                    ^
HINT:  Nenhum operador corresponde com o nome e o(s) tipo(s) de argumento(s) informados. Você precisa adicionar conversões de tipo explícitas. - Invalid query: SELECT "webloginid"
FROM "web_login_senhas_anteriores"
WHERE "senha" = 'd2f8a11ab472b6f8da47ee04e9772f0f'
AND "senha" = 8
ERROR - 2019-10-28 14:54:53 --> Query error: ERRO:  coluna "weblog2inid" não existe
LINE 1: SELECT "weblog2inid"
               ^
HINT:  Perhaps you meant to reference the column "web_login_senhas_anteriores.webloginid". - Invalid query: SELECT "weblog2inid"
FROM "web_login_senhas_anteriores"
WHERE "senha" = 'cec9d395818ad5e90536feb352be0399'
AND "webloginid" = 8
ERROR - 2019-10-28 15:01:39 --> 404 Page Not Found: Assets/js
ERROR - 2019-10-28 15:01:39 --> 404 Page Not Found: Assets/js
ERROR - 2019-10-28 15:01:41 --> 404 Page Not Found: Assets/js
ERROR - 2019-10-28 15:01:41 --> 404 Page Not Found: Assets/js
ERROR - 2019-10-28 15:01:50 --> 404 Page Not Found: Assets/js
ERROR - 2019-10-28 15:01:50 --> 404 Page Not Found: Assets/js
ERROR - 2019-10-28 15:02:03 --> 404 Page Not Found: Assets/js
ERROR - 2019-10-28 15:02:03 --> 404 Page Not Found: Assets/js
ERROR - 2019-10-28 15:57:49 --> 404 Page Not Found: Assets/js
ERROR - 2019-10-28 15:57:49 --> 404 Page Not Found: Assets/js
ERROR - 2019-10-28 16:01:05 --> 404 Page Not Found: Assets/js
ERROR - 2019-10-28 16:01:05 --> 404 Page Not Found: Assets/js
ERROR - 2019-10-28 16:01:06 --> 404 Page Not Found: Assets/js
ERROR - 2019-10-28 16:01:06 --> 404 Page Not Found: Assets/js
ERROR - 2019-10-28 16:01:12 --> 404 Page Not Found: Assets/js
ERROR - 2019-10-28 16:01:12 --> 404 Page Not Found: Assets/js
ERROR - 2019-10-28 16:01:15 --> 404 Page Not Found: Assets/js
ERROR - 2019-10-28 16:01:15 --> 404 Page Not Found: Assets/js
ERROR - 2019-10-28 16:03:07 --> Severity: Notice --> Undefined variable: colaborador C:\wamp64\www\webpedidos\application\controllers\funcionario\Funcionario.php 73
ERROR - 2019-10-28 16:03:07 --> Severity: Notice --> Trying to get property 'id' of non-object C:\wamp64\www\webpedidos\application\controllers\funcionario\Funcionario.php 73
ERROR - 2019-10-28 16:04:00 --> 404 Page Not Found: Assets/js
ERROR - 2019-10-28 16:04:00 --> 404 Page Not Found: Assets/js
ERROR - 2019-10-28 16:04:06 --> 404 Page Not Found: Assets/js
ERROR - 2019-10-28 16:04:06 --> 404 Page Not Found: Assets/js
ERROR - 2019-10-28 16:07:27 --> 404 Page Not Found: Assets/js
ERROR - 2019-10-28 16:07:27 --> 404 Page Not Found: Assets/js
ERROR - 2019-10-28 16:21:40 --> 404 Page Not Found: Assets/js
ERROR - 2019-10-28 16:21:40 --> 404 Page Not Found: Assets/js
ERROR - 2019-10-28 16:24:05 --> 404 Page Not Found: Assets/images
ERROR - 2019-10-28 16:24:05 --> 404 Page Not Found: Assets/images
ERROR - 2019-10-28 16:24:05 --> 404 Page Not Found: Assets/images
ERROR - 2019-10-28 16:24:20 --> 404 Page Not Found: Assets/images
ERROR - 2019-10-28 16:24:20 --> 404 Page Not Found: Assets/images
ERROR - 2019-10-28 16:24:20 --> 404 Page Not Found: Assets/images
ERROR - 2019-10-28 16:24:23 --> 404 Page Not Found: Assets/images
ERROR - 2019-10-28 16:24:24 --> 404 Page Not Found: Assets/images
ERROR - 2019-10-28 16:24:24 --> 404 Page Not Found: Assets/images
ERROR - 2019-10-28 16:24:24 --> 404 Page Not Found: Assets/images
ERROR - 2019-10-28 16:24:24 --> 404 Page Not Found: Assets/images
ERROR - 2019-10-28 16:24:39 --> 404 Page Not Found: Assets/js
ERROR - 2019-10-28 16:24:39 --> 404 Page Not Found: Assets/js
ERROR - 2019-10-28 16:24:48 --> 404 Page Not Found: Assets/js
ERROR - 2019-10-28 16:24:48 --> 404 Page Not Found: Assets/js
ERROR - 2019-10-28 16:25:36 --> 404 Page Not Found: Assets/js
ERROR - 2019-10-28 16:25:36 --> 404 Page Not Found: Assets/js
ERROR - 2019-10-28 16:28:50 --> 404 Page Not Found: Assets/js
ERROR - 2019-10-28 16:28:50 --> 404 Page Not Found: Assets/js
ERROR - 2019-10-28 16:29:29 --> 404 Page Not Found: Assets/js
ERROR - 2019-10-28 16:29:29 --> 404 Page Not Found: Assets/js
ERROR - 2019-10-28 16:29:30 --> Query error: ERRO:  coluna tm.nu2mero não existe
LINE 1: SELECT "tm"."nu2mero", "f"."nome" AS "funcionario", "tm"."id...
               ^
HINT:  Perhaps you meant to reference the column "tm.numero". - Invalid query: SELECT "tm"."nu2mero", "f"."nome" AS "funcionario", "tm"."id_centro_custo" AS "setor", "tm"."descricao" AS "descricao", "tm"."obs", "tm"."data_cadastro"
FROM "templates" "tm"
LEFT JOIN "usuario" "u" ON "u"."codigo" = "tm"."key_usuario"
JOIN "funcionarios" "f" ON "f"."matricula" = "u"."key_funcionarios"
LEFT JOIN "setor" "s" ON ("s"."id_centro_custo" = "f"."key_setor" AND "s"."id_depto" = f.key_clientes)
WHERE "tm"."key_usuario" = 1
ORDER BY "tm"."numero" DESC
ERROR - 2019-10-28 16:36:06 --> 404 Page Not Found: Assets/js
ERROR - 2019-10-28 16:36:06 --> 404 Page Not Found: Assets/js
ERROR - 2019-10-28 16:36:06 --> Query error: ERRO:  coluna tm.nu2mero não existe
LINE 1: SELECT "tm"."nu2mero", "f"."nome" AS "funcionario", "tm"."id...
               ^
HINT:  Perhaps you meant to reference the column "tm.numero". - Invalid query: SELECT "tm"."nu2mero", "f"."nome" AS "funcionario", "tm"."id_centro_custo" AS "setor", "tm"."descricao" AS "descricao", "tm"."obs", "tm"."data_cadastro"
FROM "templates" "tm"
LEFT JOIN "usuario" "u" ON "u"."codigo" = "tm"."key_usuario"
JOIN "funcionarios" "f" ON "f"."matricula" = "u"."key_funcionarios"
LEFT JOIN "setor" "s" ON ("s"."id_centro_custo" = "f"."key_setor" AND "s"."id_depto" = f.key_clientes)
WHERE "tm"."key_usuario" = 1
ORDER BY "tm"."numero" DESC
ERROR - 2019-10-28 16:40:01 --> 404 Page Not Found: Assets/js
ERROR - 2019-10-28 16:40:01 --> 404 Page Not Found: Assets/js
ERROR - 2019-10-28 16:40:01 --> Query error: ERRO:  coluna tm.nu2mero não existe
LINE 1: SELECT "tm"."nu2mero", "f"."nome" AS "funcionario", "tm"."id...
               ^
HINT:  Perhaps you meant to reference the column "tm.numero". - Invalid query: SELECT "tm"."nu2mero", "f"."nome" AS "funcionario", "tm"."id_centro_custo" AS "setor", "tm"."descricao" AS "descricao", "tm"."obs", "tm"."data_cadastro"
FROM "templates" "tm"
LEFT JOIN "usuario" "u" ON "u"."codigo" = "tm"."key_usuario"
JOIN "funcionarios" "f" ON "f"."matricula" = "u"."key_funcionarios"
LEFT JOIN "setor" "s" ON ("s"."id_centro_custo" = "f"."key_setor" AND "s"."id_depto" = f.key_clientes)
WHERE "tm"."key_usuario" = 1
ORDER BY "tm"."numero" DESC
ERROR - 2019-10-28 16:40:03 --> 404 Page Not Found: Assets/js
ERROR - 2019-10-28 16:40:03 --> 404 Page Not Found: Assets/js
ERROR - 2019-10-28 16:41:02 --> 404 Page Not Found: Assets/images
ERROR - 2019-10-28 16:41:02 --> 404 Page Not Found: Assets/images
ERROR - 2019-10-28 16:41:02 --> 404 Page Not Found: Assets/images
ERROR - 2019-10-28 16:44:20 --> 404 Page Not Found: Assets/js
ERROR - 2019-10-28 16:44:20 --> 404 Page Not Found: Assets/js
ERROR - 2019-10-28 16:44:26 --> 404 Page Not Found: Assets/js
ERROR - 2019-10-28 16:44:26 --> 404 Page Not Found: Assets/js
ERROR - 2019-10-28 16:44:27 --> Query error: ERRO:  coluna tm.nu2mero não existe
LINE 1: SELECT "tm"."nu2mero", "f"."nome" AS "funcionario", "tm"."id...
               ^
HINT:  Perhaps you meant to reference the column "tm.numero". - Invalid query: SELECT "tm"."nu2mero", "f"."nome" AS "funcionario", "tm"."id_centro_custo" AS "setor", "tm"."descricao" AS "descricao", "tm"."obs", "tm"."data_cadastro"
FROM "templates" "tm"
LEFT JOIN "usuario" "u" ON "u"."codigo" = "tm"."key_usuario"
JOIN "funcionarios" "f" ON "f"."matricula" = "u"."key_funcionarios"
LEFT JOIN "setor" "s" ON ("s"."id_centro_custo" = "f"."key_setor" AND "s"."id_depto" = f.key_clientes)
WHERE "tm"."key_usuario" = '1a3afe35-63f0-4076-adfa-49c9d36bf52d'
ORDER BY "tm"."numero" DESC
ERROR - 2019-10-28 16:45:13 --> 404 Page Not Found: Assets/js
ERROR - 2019-10-28 16:45:13 --> 404 Page Not Found: Assets/js
ERROR - 2019-10-28 16:45:13 --> Query error: ERRO:  sintaxe de entrada é inválida para integer: "1a3afe35-63f0-4076-adfa-49c9d36bf52d"
LINE 6: WHERE "tm"."key_usuario" = '1a3afe35-63f0-4076-adfa-49c9d36b...
                                   ^ - Invalid query: SELECT "tm"."numero", "f"."nome" AS "funcionario", "tm"."id_centro_custo" AS "setor", "tm"."descricao" AS "descricao", "tm"."obs", "tm"."data_cadastro"
FROM "templates" "tm"
LEFT JOIN "usuario" "u" ON "u"."codigo" = "tm"."key_usuario"
JOIN "funcionarios" "f" ON "f"."matricula" = "u"."key_funcionarios"
LEFT JOIN "setor" "s" ON ("s"."id_centro_custo" = "f"."key_setor" AND "s"."id_depto" = f.key_clientes)
WHERE "tm"."key_usuario" = '1a3afe35-63f0-4076-adfa-49c9d36bf52d'
ORDER BY "tm"."numero" DESC
ERROR - 2019-10-28 16:50:10 --> 404 Page Not Found: Assets/js
ERROR - 2019-10-28 16:50:10 --> 404 Page Not Found: Assets/js
ERROR - 2019-10-28 16:50:10 --> Query error: ERRO:  operador não existe: integer = uuid
LINE 3: LEFT JOIN "usuario" "u" ON "u"."codigo" = "tm"."key_usuario"
                                                ^
HINT:  Nenhum operador corresponde com o nome e o(s) tipo(s) de argumento(s) informados. Você precisa adicionar conversões de tipo explícitas. - Invalid query: SELECT "tm"."numero", "f"."nome" AS "funcionario", "tm"."id_centro_custo" AS "setor", "tm"."descricao" AS "descricao", "tm"."obs", "tm"."data_cadastro"
FROM "templates" "tm"
LEFT JOIN "usuario" "u" ON "u"."codigo" = "tm"."key_usuario"
JOIN "funcionarios" "f" ON "f"."matricula" = "u"."key_funcionarios"
LEFT JOIN "setor" "s" ON ("s"."id_centro_custo" = "f"."key_setor" AND "s"."id_depto" = f.key_clientes)
WHERE "tm"."key_usuario" = '1a3afe35-63f0-4076-adfa-49c9d36bf52d'
ORDER BY "tm"."numero" DESC
ERROR - 2019-10-28 16:51:50 --> 404 Page Not Found: Assets/js
ERROR - 2019-10-28 16:51:50 --> 404 Page Not Found: Assets/js
ERROR - 2019-10-28 16:51:50 --> Query error: ERRO:  relação "web_login" não existe
LINE 3: LEFT JOIN "web_login" "u" ON "u"."funcionarioid" = "tm"."key...
                  ^ - Invalid query: SELECT "tm"."numero", "f"."nome" AS "funcionario", "tm"."id_centro_custo" AS "setor", "tm"."descricao" AS "descricao", "tm"."obs", "tm"."data_cadastro"
FROM "templates" "tm"
LEFT JOIN "web_login" "u" ON "u"."funcionarioid" = "tm"."key_usuario"
JOIN "funcionarios" "f" ON "f"."matricula" = "u"."key_funcionarios"
LEFT JOIN "setor" "s" ON ("s"."id_centro_custo" = "f"."key_setor" AND "s"."id_depto" = f.key_clientes)
WHERE "tm"."key_usuario" = '1a3afe35-63f0-4076-adfa-49c9d36bf52d'
ORDER BY "tm"."numero" DESC
ERROR - 2019-10-28 16:51:51 --> 404 Page Not Found: Assets/js
ERROR - 2019-10-28 16:51:51 --> 404 Page Not Found: Assets/js
ERROR - 2019-10-28 16:51:52 --> Query error: ERRO:  relação "web_login" não existe
LINE 3: LEFT JOIN "web_login" "u" ON "u"."funcionarioid" = "tm"."key...
                  ^ - Invalid query: SELECT "tm"."numero", "f"."nome" AS "funcionario", "tm"."id_centro_custo" AS "setor", "tm"."descricao" AS "descricao", "tm"."obs", "tm"."data_cadastro"
FROM "templates" "tm"
LEFT JOIN "web_login" "u" ON "u"."funcionarioid" = "tm"."key_usuario"
JOIN "funcionarios" "f" ON "f"."matricula" = "u"."key_funcionarios"
LEFT JOIN "setor" "s" ON ("s"."id_centro_custo" = "f"."key_setor" AND "s"."id_depto" = f.key_clientes)
WHERE "tm"."key_usuario" = '1a3afe35-63f0-4076-adfa-49c9d36bf52d'
ORDER BY "tm"."numero" DESC
ERROR - 2019-10-28 16:56:34 --> 404 Page Not Found: Assets/js
ERROR - 2019-10-28 16:56:34 --> 404 Page Not Found: Assets/js
ERROR - 2019-10-28 16:56:34 --> Query error: ERRO:  relação "web_login" não existe
LINE 3: LEFT JOIN "web_login" "u" ON "u"."funcionarioid" = "tm"."key...
                  ^ - Invalid query: SELECT "tm"."numero", "f"."nome" AS "funcionario", "tm"."id_centro_custo" AS "setor", "tm"."descricao" AS "descricao", "tm"."obs", "tm"."data_cadastro"
FROM "templates" "tm"
LEFT JOIN "web_login" "u" ON "u"."funcionarioid" = "tm"."key_usuario"
JOIN "funcionarios" "f" ON "f"."matricula" = "u"."key_funcionarios"
LEFT JOIN "setor" "s" ON ("s"."id_centro_custo" = "f"."key_setor" AND "s"."id_depto" = f.key_clientes)
WHERE "tm"."key_usuario" = '1a3afe35-63f0-4076-adfa-49c9d36bf52d'
ORDER BY "tm"."numero" DESC
ERROR - 2019-10-28 16:56:39 --> 404 Page Not Found: Assets/js
ERROR - 2019-10-28 16:56:39 --> 404 Page Not Found: Assets/js
ERROR - 2019-10-28 16:56:39 --> Query error: ERRO:  relação "web_login" não existe
LINE 3: LEFT JOIN "web_login" "u" ON "u"."funcionarioid" = "tm"."key...
                  ^ - Invalid query: SELECT "tm"."numero", "f"."nome" AS "funcionario", "tm"."id_centro_custo" AS "setor", "tm"."descricao" AS "descricao", "tm"."obs", "tm"."data_cadastro"
FROM "templates" "tm"
LEFT JOIN "web_login" "u" ON "u"."funcionarioid" = "tm"."key_usuario"
JOIN "funcionarios" "f" ON "f"."matricula" = "u"."key_funcionarios"
LEFT JOIN "setor" "s" ON ("s"."id_centro_custo" = "f"."key_setor" AND "s"."id_depto" = f.key_clientes)
WHERE "tm"."key_usuario" = '1a3afe35-63f0-4076-adfa-49c9d36bf52d'
ORDER BY "tm"."numero" DESC
ERROR - 2019-10-28 17:05:00 --> 404 Page Not Found: Assets/js
ERROR - 2019-10-28 17:05:00 --> 404 Page Not Found: Assets/js
ERROR - 2019-10-28 17:05:00 --> Query error: ERRO:  faltando entrada para tabela "u" na cláusula FROM
LINE 3: JOIN "funcionarios" "f" ON "f"."matricula" = "u"."key_funcio...
                                                     ^ - Invalid query: SELECT "tm"."numero", "f"."nome" AS "funcionario", "tm"."id_centro_custo" AS "setor", "tm"."descricao" AS "descricao", "tm"."obs", "tm"."data_cadastro"
FROM "templates" "tm"
JOIN "funcionarios" "f" ON "f"."matricula" = "u"."key_funcionarios"
LEFT JOIN "setor" "s" ON ("s"."id_centro_custo" = "f"."key_setor" AND "s"."id_depto" = f.key_clientes)
WHERE "tm"."key_usuario" = '1a3afe35-63f0-4076-adfa-49c9d36bf52d'
ORDER BY "tm"."numero" DESC
ERROR - 2019-10-28 17:05:02 --> 404 Page Not Found: Assets/js
ERROR - 2019-10-28 17:05:02 --> 404 Page Not Found: Assets/js
ERROR - 2019-10-28 17:05:02 --> Query error: ERRO:  faltando entrada para tabela "u" na cláusula FROM
LINE 3: JOIN "funcionarios" "f" ON "f"."matricula" = "u"."key_funcio...
                                                     ^ - Invalid query: SELECT "tm"."numero", "f"."nome" AS "funcionario", "tm"."id_centro_custo" AS "setor", "tm"."descricao" AS "descricao", "tm"."obs", "tm"."data_cadastro"
FROM "templates" "tm"
JOIN "funcionarios" "f" ON "f"."matricula" = "u"."key_funcionarios"
LEFT JOIN "setor" "s" ON ("s"."id_centro_custo" = "f"."key_setor" AND "s"."id_depto" = f.key_clientes)
WHERE "tm"."key_usuario" = '1a3afe35-63f0-4076-adfa-49c9d36bf52d'
ORDER BY "tm"."numero" DESC
ERROR - 2019-10-28 17:05:54 --> 404 Page Not Found: Assets/js
ERROR - 2019-10-28 17:05:54 --> 404 Page Not Found: Assets/js
ERROR - 2019-10-28 17:05:54 --> Query error: ERRO:  faltando entrada para tabela "f" na cláusula FROM
LINE 3: LEFT JOIN "setor" "s" ON ("s"."id_centro_custo" = "f"."key_s...
                                                          ^ - Invalid query: SELECT "tm"."numero", "f"."nome" AS "funcionario", "tm"."id_centro_custo" AS "setor", "tm"."descricao" AS "descricao", "tm"."obs", "tm"."data_cadastro"
FROM "templates" "tm"
LEFT JOIN "setor" "s" ON ("s"."id_centro_custo" = "f"."key_setor" AND "s"."id_depto" = f.key_clientes)
WHERE "tm"."key_usuario" = '1a3afe35-63f0-4076-adfa-49c9d36bf52d'
ORDER BY "tm"."numero" DESC
ERROR - 2019-10-28 17:05:55 --> 404 Page Not Found: Assets/js
ERROR - 2019-10-28 17:05:55 --> 404 Page Not Found: Assets/js
ERROR - 2019-10-28 17:05:55 --> Query error: ERRO:  faltando entrada para tabela "f" na cláusula FROM
LINE 3: LEFT JOIN "setor" "s" ON ("s"."id_centro_custo" = "f"."key_s...
                                                          ^ - Invalid query: SELECT "tm"."numero", "f"."nome" AS "funcionario", "tm"."id_centro_custo" AS "setor", "tm"."descricao" AS "descricao", "tm"."obs", "tm"."data_cadastro"
FROM "templates" "tm"
LEFT JOIN "setor" "s" ON ("s"."id_centro_custo" = "f"."key_setor" AND "s"."id_depto" = f.key_clientes)
WHERE "tm"."key_usuario" = '1a3afe35-63f0-4076-adfa-49c9d36bf52d'
ORDER BY "tm"."numero" DESC
ERROR - 2019-10-28 17:07:34 --> 404 Page Not Found: Assets/js
ERROR - 2019-10-28 17:07:34 --> 404 Page Not Found: Assets/js
ERROR - 2019-10-28 17:07:34 --> Severity: Notice --> Array to string conversion C:\wamp64\www\webpedidos\application\models\pedido\Template_model.php 27
ERROR - 2019-10-28 17:07:34 --> Query error: ERRO:  coluna "Array" não existe
LINE 3: JOIN "funcionarios" "f" ON "f"."id" = "Array"
                                              ^ - Invalid query: SELECT "tm"."numero", "f"."nome" AS "funcionario", "tm"."id_centro_custo" AS "setor", "tm"."descricao" AS "descricao", "tm"."obs", "tm"."data_cadastro"
FROM "templates" "tm"
JOIN "funcionarios" "f" ON "f"."id" = "Array"
LEFT JOIN "setor" "s" ON ("s"."id_centro_custo" = "f"."key_setor" AND "s"."id_depto" = f.key_clientes)
WHERE "tm"."key_usuario" = '1a3afe35-63f0-4076-adfa-49c9d36bf52d'
ORDER BY "tm"."numero" DESC
ERROR - 2019-10-28 17:07:56 --> 404 Page Not Found: Assets/js
ERROR - 2019-10-28 17:07:56 --> 404 Page Not Found: Assets/js
ERROR - 2019-10-28 17:07:56 --> Severity: Notice --> Undefined index: id C:\wamp64\www\webpedidos\application\models\pedido\Template_model.php 27
ERROR - 2019-10-28 17:07:56 --> Query error: ERRO:  erro de sintaxe em ou próximo a "JOIN"
LINE 4: LEFT JOIN "setor" "s" ON ("s"."id_centro_custo" = "f"."key_s...
             ^ - Invalid query: SELECT "tm"."numero", "f"."nome" AS "funcionario", "tm"."id_centro_custo" AS "setor", "tm"."descricao" AS "descricao", "tm"."obs", "tm"."data_cadastro"
FROM "templates" "tm"
JOIN "funcionarios" "f" ON "f"."id" = 
LEFT JOIN "setor" "s" ON ("s"."id_centro_custo" = "f"."key_setor" AND "s"."id_depto" = f.key_clientes)
WHERE "tm"."key_usuario" = '1a3afe35-63f0-4076-adfa-49c9d36bf52d'
ORDER BY "tm"."numero" DESC
ERROR - 2019-10-28 17:08:07 --> 404 Page Not Found: Assets/js
ERROR - 2019-10-28 17:08:07 --> 404 Page Not Found: Assets/js
ERROR - 2019-10-28 17:08:07 --> Severity: Notice --> Undefined index: id C:\wamp64\www\webpedidos\application\models\pedido\Template_model.php 27
ERROR - 2019-10-28 17:08:07 --> Query error: ERRO:  erro de sintaxe em ou próximo a "JOIN"
LINE 4: LEFT JOIN "setor" "s" ON ("s"."id_centro_custo" = "f"."key_s...
             ^ - Invalid query: SELECT "tm"."numero", "f"."nome" AS "funcionario", "tm"."id_centro_custo" AS "setor", "tm"."descricao" AS "descricao", "tm"."obs", "tm"."data_cadastro"
FROM "templates" "tm"
JOIN "funcionarios" "f" ON "f"."id" = 
LEFT JOIN "setor" "s" ON ("s"."id_centro_custo" = "f"."key_setor" AND "s"."id_depto" = f.key_clientes)
WHERE "tm"."key_usuario" = '1a3afe35-63f0-4076-adfa-49c9d36bf52d'
ORDER BY "tm"."numero" DESC
ERROR - 2019-10-28 17:08:39 --> 404 Page Not Found: Assets/js
ERROR - 2019-10-28 17:08:39 --> 404 Page Not Found: Assets/js
ERROR - 2019-10-28 17:08:39 --> Query error: ERRO:  coluna "1a3afe35-63f0-4076-adfa-49c9d36bf52d" não existe
LINE 3: JOIN "funcionarios" "f" ON "f"."id" = "1a3afe35-63f0-4076-ad...
                                              ^ - Invalid query: SELECT "tm"."numero", "f"."nome" AS "funcionario", "tm"."id_centro_custo" AS "setor", "tm"."descricao" AS "descricao", "tm"."obs", "tm"."data_cadastro"
FROM "templates" "tm"
JOIN "funcionarios" "f" ON "f"."id" = "1a3afe35-63f0-4076-adfa-49c9d36bf52d"
LEFT JOIN "setor" "s" ON ("s"."id_centro_custo" = "f"."key_setor" AND "s"."id_depto" = f.key_clientes)
WHERE "tm"."key_usuario" = '1a3afe35-63f0-4076-adfa-49c9d36bf52d'
ORDER BY "tm"."numero" DESC
ERROR - 2019-10-28 17:08:51 --> 404 Page Not Found: Assets/js
ERROR - 2019-10-28 17:08:51 --> 404 Page Not Found: Assets/js
ERROR - 2019-10-28 17:08:52 --> Query error: ERRO:  coluna "1a3afe35-63f0-4076-adfa-49c9d36bf52d" não existe
LINE 3: JOIN "funcionarios" "f" ON "f"."id" = "1a3afe35-63f0-4076-ad...
                                              ^ - Invalid query: SELECT "tm"."numero", "f"."nome" AS "funcionario", "tm"."id_centro_custo" AS "setor", "tm"."descricao" AS "descricao", "tm"."obs", "tm"."data_cadastro"
FROM "templates" "tm"
JOIN "funcionarios" "f" ON "f"."id" = "1a3afe35-63f0-4076-adfa-49c9d36bf52d"
LEFT JOIN "setor" "s" ON ("s"."id_centro_custo" = "f"."key_setor" AND "s"."id_depto" = f.key_clientes)
WHERE "tm"."key_usuario" = '1a3afe35-63f0-4076-adfa-49c9d36bf52d'
ORDER BY "tm"."numero" DESC
ERROR - 2019-10-28 17:12:04 --> 404 Page Not Found: Assets/js
ERROR - 2019-10-28 17:12:04 --> 404 Page Not Found: Assets/js
ERROR - 2019-10-28 17:12:05 --> Severity: error --> Exception: syntax error, unexpected '=', expecting ',' or ')' C:\wamp64\www\webpedidos\application\models\pedido\Template_model.php 27
ERROR - 2019-10-28 17:12:45 --> 404 Page Not Found: Assets/js
ERROR - 2019-10-28 17:12:45 --> 404 Page Not Found: Assets/js
ERROR - 2019-10-28 17:12:45 --> Severity: error --> Exception: syntax error, unexpected '"', expecting ',' or ')' C:\wamp64\www\webpedidos\application\models\pedido\Template_model.php 27
ERROR - 2019-10-28 17:12:55 --> 404 Page Not Found: Assets/js
ERROR - 2019-10-28 17:12:55 --> 404 Page Not Found: Assets/js
ERROR - 2019-10-28 17:12:55 --> Severity: error --> Exception: syntax error, unexpected '"', expecting ',' or ')' C:\wamp64\www\webpedidos\application\models\pedido\Template_model.php 27
ERROR - 2019-10-28 17:13:05 --> 404 Page Not Found: Assets/js
ERROR - 2019-10-28 17:13:05 --> 404 Page Not Found: Assets/js
ERROR - 2019-10-28 17:13:05 --> Severity: error --> Exception: syntax error, unexpected '"', expecting ',' or ')' C:\wamp64\www\webpedidos\application\models\pedido\Template_model.php 27
ERROR - 2019-10-28 17:51:21 --> 404 Page Not Found: Assets/js
ERROR - 2019-10-28 17:51:21 --> 404 Page Not Found: Assets/js
ERROR - 2019-10-28 17:51:22 --> Query error: ERRO:  relação "funcidonarios" não existe
LINE 3: JOIN "funcidonarios" "f" ON "f"."id" ="1a3afe35-63f0-4076-ad...
             ^ - Invalid query: SELECT "tm"."numero", "f"."nome" AS "funcionario", "tm"."id_centro_custo" AS "setor", "tm"."descricao" AS "descricao", "tm"."obs", "tm"."data_cadastro"
FROM "templates" "tm"
JOIN "funcidonarios" "f" ON "f"."id" ="1a3afe35-63f0-4076-adfa-49c9d36bf52d"
LEFT JOIN "setor" "s" ON ("s"."id_centro_custo" = "f"."key_setor" AND "s"."id_depto" = f.key_clientes)
WHERE "tm"."key_usuario" = '1a3afe35-63f0-4076-adfa-49c9d36bf52d'
ORDER BY "tm"."numero" DESC
ERROR - 2019-10-28 17:51:36 --> 404 Page Not Found: Assets/js
ERROR - 2019-10-28 17:51:36 --> 404 Page Not Found: Assets/js
ERROR - 2019-10-28 17:51:37 --> Query error: ERRO:  coluna "1a3afe35-63f0-4076-adfa-49c9d36bf52d" não existe
LINE 3: JOIN "funcionarios" "f" ON "f"."id" ="1a3afe35-63f0-4076-adf...
                                             ^ - Invalid query: SELECT "tm"."numero", "f"."nome" AS "funcionario", "tm"."id_centro_custo" AS "setor", "tm"."descricao" AS "descricao", "tm"."obs", "tm"."data_cadastro"
FROM "templates" "tm"
JOIN "funcionarios" "f" ON "f"."id" ="1a3afe35-63f0-4076-adfa-49c9d36bf52d"
LEFT JOIN "setor" "s" ON ("s"."id_centro_custo" = "f"."key_setor" AND "s"."id_depto" = f.key_clientes)
WHERE "tm"."key_usuario" = '1a3afe35-63f0-4076-adfa-49c9d36bf52d'
ORDER BY "tm"."numero" DESC
ERROR - 2019-10-28 17:52:00 --> 404 Page Not Found: Assets/js
ERROR - 2019-10-28 17:52:00 --> 404 Page Not Found: Assets/js
ERROR - 2019-10-28 17:52:00 --> Severity: error --> Exception: syntax error, unexpected '$id' (T_VARIABLE), expecting ',' or ')' C:\wamp64\www\webpedidos\application\models\pedido\Template_model.php 27
ERROR - 2019-10-28 17:52:47 --> 404 Page Not Found: Assets/js
ERROR - 2019-10-28 17:52:47 --> 404 Page Not Found: Assets/js
ERROR - 2019-10-28 17:52:48 --> Severity: error --> Exception: syntax error, unexpected '''' (T_CONSTANT_ENCAPSED_STRING), expecting ',' or ')' C:\wamp64\www\webpedidos\application\models\pedido\Template_model.php 27
ERROR - 2019-10-28 17:54:18 --> 404 Page Not Found: Assets/js
ERROR - 2019-10-28 17:54:18 --> 404 Page Not Found: Assets/js
ERROR - 2019-10-28 17:54:18 --> Query error: ERRO:  erro de sintaxe em ou próximo a "."
LINE 3: JOIN "funcionarios" "f" USING ("f"."id")
                                          ^ - Invalid query: SELECT "tm"."numero", "f"."nome" AS "funcionario", "tm"."id_centro_custo" AS "setor", "tm"."descricao" AS "descricao", "tm"."obs", "tm"."data_cadastro"
FROM "templates" "tm"
JOIN "funcionarios" "f" USING ("f"."id")
LEFT JOIN "setor" "s" ON ("s"."id_centro_custo" = "f"."key_setor" AND "s"."id_depto" = f.key_clientes)
WHERE "tm"."key_usuario" = '1a3afe35-63f0-4076-adfa-49c9d36bf52d'
ORDER BY "tm"."numero" DESC
ERROR - 2019-10-28 17:54:55 --> 404 Page Not Found: Assets/js
ERROR - 2019-10-28 17:54:55 --> 404 Page Not Found: Assets/js
ERROR - 2019-10-28 17:54:55 --> Query error: ERRO:  erro de sintaxe em ou próximo a "JOIN"
LINE 4: LEFT JOIN "setor" "s" ON ("s"."id_centro_custo" = "f"."key_s...
             ^ - Invalid query: SELECT "tm"."numero", "f"."nome" AS "funcionario", "tm"."id_centro_custo" AS "setor", "tm"."descricao" AS "descricao", "tm"."obs", "tm"."data_cadastro"
FROM "templates" "tm"
JOIN "funcionarios" "f" ON "f"."id" =
LEFT JOIN "setor" "s" ON ("s"."id_centro_custo" = "f"."key_setor" AND "s"."id_depto" = f.key_clientes)
WHERE "tm"."key_usuario" = '1a3afe35-63f0-4076-adfa-49c9d36bf52d'
ORDER BY "tm"."numero" DESC
ERROR - 2019-10-28 17:56:54 --> 404 Page Not Found: Assets/js
ERROR - 2019-10-28 17:56:54 --> 404 Page Not Found: Assets/js
ERROR - 2019-10-28 17:56:54 --> Query error: ERRO:  coluna "1a3afe35-63f0-4076-adfa-49c9d36bf52d" não existe
LINE 3: JOIN "funcionarios" "f" ON "f"."id" ="1a3afe35-63f0-4076-adf...
                                             ^ - Invalid query: SELECT "tm"."numero", "f"."nome" AS "funcionario", "tm"."id_centro_custo" AS "setor", "tm"."descricao" AS "descricao", "tm"."obs", "tm"."data_cadastro"
FROM "templates" "tm"
JOIN "funcionarios" "f" ON "f"."id" ="1a3afe35-63f0-4076-adfa-49c9d36bf52d"
LEFT JOIN "setor" "s" ON ("s"."id_centro_custo" = "f"."key_setor" AND "s"."id_depto" = f.key_clientes)
WHERE "tm"."key_usuario" = '1a3afe35-63f0-4076-adfa-49c9d36bf52d'
ORDER BY "tm"."numero" DESC
ERROR - 2019-10-28 17:57:58 --> 404 Page Not Found: Assets/js
ERROR - 2019-10-28 17:57:58 --> 404 Page Not Found: Assets/js
ERROR - 2019-10-28 17:57:58 --> Severity: Warning --> A non-numeric value encountered C:\wamp64\www\webpedidos\application\models\pedido\Template_model.php 27
ERROR - 2019-10-28 17:57:58 --> Severity: Notice --> A non well formed numeric value encountered C:\wamp64\www\webpedidos\application\models\pedido\Template_model.php 27
ERROR - 2019-10-28 17:57:58 --> Query error: ERRO:  coluna "1" especificada na cláusula USING não existe na tabela à esquerda - Invalid query: SELECT "tm"."numero", "f"."nome" AS "funcionario", "tm"."id_centro_custo" AS "setor", "tm"."descricao" AS "descricao", "tm"."obs", "tm"."data_cadastro"
FROM "templates" "tm"
JOIN "funcionarios" "f" USING ("1")
LEFT JOIN "setor" "s" ON ("s"."id_centro_custo" = "f"."key_setor" AND "s"."id_depto" = f.key_clientes)
WHERE "tm"."key_usuario" = '1a3afe35-63f0-4076-adfa-49c9d36bf52d'
ORDER BY "tm"."numero" DESC
ERROR - 2019-10-28 17:59:23 --> 404 Page Not Found: Assets/js
ERROR - 2019-10-28 17:59:23 --> 404 Page Not Found: Assets/js
ERROR - 2019-10-28 17:59:24 --> Query error: ERRO:  coluna "1a3afe35-63f0-4076-adfa-49c9d36bf52d" não existe
LINE 3: JOIN "funcionarios" "f" ON "f"."id" = "1a3afe35-63f0-4076-ad...
                                              ^ - Invalid query: SELECT "tm"."numero", "f"."nome" AS "funcionario", "tm"."id_centro_custo" AS "setor", "tm"."descricao" AS "descricao", "tm"."obs", "tm"."data_cadastro"
FROM "templates" "tm"
JOIN "funcionarios" "f" ON "f"."id" = "1a3afe35-63f0-4076-adfa-49c9d36bf52d"
LEFT JOIN "setor" "s" ON ("s"."id_centro_custo" = "f"."key_setor" AND "s"."id_depto" = f.key_clientes)
WHERE "tm"."key_usuario" = '1a3afe35-63f0-4076-adfa-49c9d36bf52d'
ORDER BY "tm"."numero" DESC
ERROR - 2019-10-28 18:03:31 --> 404 Page Not Found: Assets/js
ERROR - 2019-10-28 18:03:32 --> 404 Page Not Found: Assets/js
ERROR - 2019-10-28 18:03:32 --> Query error: ERRO:  coluna "1a3afe35-63f0-4076-adfa-49c9d36bf52d" não existe
LINE 3: JOIN "funcionarios" "f" ON "f"."id" = "1a3afe35-63f0-4076-ad...
                                              ^ - Invalid query: SELECT "tm"."numero", "f"."nome" AS "funcionario", "tm"."id_centro_custo" AS "setor", "tm"."descricao" AS "descricao", "tm"."obs", "tm"."data_cadastro"
FROM "templates" "tm"
JOIN "funcionarios" "f" ON "f"."id" = "1a3afe35-63f0-4076-adfa-49c9d36bf52d"
LEFT JOIN "setor" "s" ON ("s"."id_centro_custo" = "f"."key_setor" AND "s"."id_depto" = f.key_clientes)
WHERE "tm"."key_usuario" = '1a3afe35-63f0-4076-adfa-49c9d36bf52d'
ORDER BY "tm"."numero" DESC
ERROR - 2019-10-28 18:05:26 --> 404 Page Not Found: Assets/js
ERROR - 2019-10-28 18:05:26 --> 404 Page Not Found: Assets/js
ERROR - 2019-10-28 18:05:26 --> Query error: ERRO:  coluna "1a3afe35-63f0-4076-adfa-49c9d36bf52d" não existe
LINE 3: JOIN "funcionarios" "f" ON "f"."id" = "1a3afe35-63f0-4076-ad...
                                              ^ - Invalid query: SELECT "tm"."numero", "f"."nome" AS "funcionario", "tm"."id_centro_custo" AS "setor", "tm"."descricao" AS "descricao", "tm"."obs", "tm"."data_cadastro"
FROM "templates" "tm"
JOIN "funcionarios" "f" ON "f"."id" = "1a3afe35-63f0-4076-adfa-49c9d36bf52d"
LEFT JOIN "setor" "s" ON ("s"."id_centro_custo" = "f"."key_setor" AND "s"."id_depto" = f.key_clientes)
WHERE "tm"."key_usuario" = '1a3afe35-63f0-4076-adfa-49c9d36bf52d'
ORDER BY "tm"."numero" DESC
ERROR - 2019-10-28 18:06:54 --> 404 Page Not Found: Assets/js
ERROR - 2019-10-28 18:06:54 --> 404 Page Not Found: Assets/js
ERROR - 2019-10-28 18:07:35 --> 404 Page Not Found: Assets/js
ERROR - 2019-10-28 18:07:35 --> 404 Page Not Found: Assets/js
ERROR - 2019-10-28 18:07:35 --> Query error: ERRO:  coluna "1a3afe35-63f0-4076-adfa-49c9d36bf52d" não existe
LINE 3: JOIN "funcionarios" "f" ON "f"."id" ="1a3afe35-63f0-4076-adf...
                                             ^ - Invalid query: SELECT "tm"."numero", "f"."nome" AS "funcionario", "tm"."id_centro_custo" AS "setor", "tm"."descricao" AS "descricao", "tm"."obs", "tm"."data_cadastro"
FROM "templates" "tm"
JOIN "funcionarios" "f" ON "f"."id" ="1a3afe35-63f0-4076-adfa-49c9d36bf52d"
LEFT JOIN "setor" "s" ON ("s"."id_centro_custo" = "f"."key_setor" AND "s"."id_depto" = f.key_clientes)
WHERE "tm"."key_usuario" = '1a3afe35-63f0-4076-adfa-49c9d36bf52d'
ORDER BY "tm"."numero" DESC
ERROR - 2019-10-28 18:07:48 --> 404 Page Not Found: Assets/js
ERROR - 2019-10-28 18:07:48 --> 404 Page Not Found: Assets/js
ERROR - 2019-10-28 18:19:04 --> 404 Page Not Found: Assets/js
ERROR - 2019-10-28 18:19:04 --> 404 Page Not Found: Assets/js
ERROR - 2019-10-28 18:19:08 --> 404 Page Not Found: Assets/js
ERROR - 2019-10-28 18:19:08 --> 404 Page Not Found: Assets/js
ERROR - 2019-10-28 18:22:43 --> 404 Page Not Found: Assets/js
ERROR - 2019-10-28 18:22:43 --> 404 Page Not Found: Assets/js
ERROR - 2019-10-28 18:22:45 --> 404 Page Not Found: Assets/js
ERROR - 2019-10-28 18:22:45 --> 404 Page Not Found: Assets/js
ERROR - 2019-10-28 18:28:52 --> 404 Page Not Found: Assets/images
ERROR - 2019-10-28 18:28:52 --> 404 Page Not Found: Assets/images
ERROR - 2019-10-28 18:28:52 --> 404 Page Not Found: Assets/images
ERROR - 2019-10-28 18:29:01 --> 404 Page Not Found: Assets/images
ERROR - 2019-10-28 18:29:01 --> 404 Page Not Found: Assets/images
ERROR - 2019-10-28 18:29:01 --> 404 Page Not Found: Assets/images
ERROR - 2019-10-28 18:29:28 --> 404 Page Not Found: Assets/js
ERROR - 2019-10-28 18:29:28 --> 404 Page Not Found: Assets/js
ERROR - 2019-10-28 18:29:41 --> 404 Page Not Found: Assets/js
ERROR - 2019-10-28 18:29:41 --> 404 Page Not Found: Assets/js
ERROR - 2019-10-28 18:30:23 --> 404 Page Not Found: Assets/js
ERROR - 2019-10-28 18:30:23 --> 404 Page Not Found: Assets/js
ERROR - 2019-10-28 18:38:55 --> 404 Page Not Found: Assets/js
ERROR - 2019-10-28 18:38:55 --> 404 Page Not Found: Assets/js
ERROR - 2019-10-28 18:39:21 --> Query error: ERRO:  operador não existe: character varying >= integer
LINE 12: WHERE "v"."rm" BETWEEN 200 AND 300
                        ^
HINT:  Nenhum operador corresponde com o nome e o(s) tipo(s) de argumento(s) informados. Você precisa adicionar conversões de tipo explícitas. - Invalid query: SELECT DISTINCT "v"."rm" as "requisicao", (cast(v.data_emissao as date), 2019-10-28) as Data_Entrega, (cast(nf.emissao as date), 2019-10-28) AS Data_Faturamento, "v"."id_centro_custo" as "CC", "f"."nome" as "funcionario", "v"."key_funcionarios" as "matricula", "po"."descricao" as "Produto", "vi"."key_partnumber" as "Partnumber", "po"."op_ca" as "CA", "vi"."quantidade", (vi.valor) as Vl_Unit, "pe"."data_emissao" as "Data_Emissao", "fu"."nome" as "Solicitante", "fu"."matricula" as "smatricula", "pl"."localentrega" as "Local_Entrega"
FROM "vendas" "v"
JOIN "vendas_item" "vi" ON "v"."rm" = "vi"."key_vendas" AND "v"."item" = "vi"."key_vendas_item"
JOIN "funcionarios" "f" ON "v"."key_funcionarios" = "f"."matricula"
JOIN "produtos" "po" ON "vi"."key_produtos" = "po"."codigo"
JOIN "setor" "s" ON "s"."id_centro_custo" = "v"."id_centro_custo"
JOIN "pedidos" "pe" ON (pe.numero, pe.key_clientes) = (v.rm, v.key_clientes)
JOIN "pedidos_local" "pl" ON "pe"."numero" = "pl"."key_pedidos"
JOIN "usuario" "u" ON "pe"."key_usuario" = "u"."codigo"
JOIN "funcionarios" "fu" ON "fu"."matricula" = "u"."key_funcionarios" AND "pe"."id_depto" = "s"."id_depto"
JOIN "nota_fiscal" "nf" ON "v"."key_nota_fiscal" = "nf"."codigo" and "nf"."status" = 'EM'
WHERE "v"."rm" BETWEEN 200 AND 300
ORDER BY 2
 LIMIT 10
ERROR - 2019-10-28 18:40:40 --> Query error: ERRO:  erro de sintaxe em ou próximo a "BETWEEN0"
LINE 12: WHERE "v"."rm" BETWEEN0 AND 300
                        ^ - Invalid query: SELECT DISTINCT "v"."rm" as "requisicao", (cast(v.data_emissao as date), 2019-10-28) as Data_Entrega, (cast(nf.emissao as date), 2019-10-28) AS Data_Faturamento, "v"."id_centro_custo" as "CC", "f"."nome" as "funcionario", "v"."key_funcionarios" as "matricula", "po"."descricao" as "Produto", "vi"."key_partnumber" as "Partnumber", "po"."op_ca" as "CA", "vi"."quantidade", (vi.valor) as Vl_Unit, "pe"."data_emissao" as "Data_Emissao", "fu"."nome" as "Solicitante", "fu"."matricula" as "smatricula", "pl"."localentrega" as "Local_Entrega"
FROM "vendas" "v"
JOIN "vendas_item" "vi" ON "v"."rm" = "vi"."key_vendas" AND "v"."item" = "vi"."key_vendas_item"
JOIN "funcionarios" "f" ON "v"."key_funcionarios" = "f"."matricula"
JOIN "produtos" "po" ON "vi"."key_produtos" = "po"."codigo"
JOIN "setor" "s" ON "s"."id_centro_custo" = "v"."id_centro_custo"
JOIN "pedidos" "pe" ON (pe.numero, pe.key_clientes) = (v.rm, v.key_clientes)
JOIN "pedidos_local" "pl" ON "pe"."numero" = "pl"."key_pedidos"
JOIN "usuario" "u" ON "pe"."key_usuario" = "u"."codigo"
JOIN "funcionarios" "fu" ON "fu"."matricula" = "u"."key_funcionarios" AND "pe"."id_depto" = "s"."id_depto"
JOIN "nota_fiscal" "nf" ON "v"."key_nota_fiscal" = "nf"."codigo" and "nf"."status" = 'EM'
WHERE "v"."rm" BETWEEN0 AND 300
ORDER BY 2
 LIMIT 10
ERROR - 2019-10-28 18:41:23 --> Query error: ERRO:  operador não existe: character varying >= integer
LINE 12: WHERE "v"."rm" BETWEEN 305 AND 400
                        ^
HINT:  Nenhum operador corresponde com o nome e o(s) tipo(s) de argumento(s) informados. Você precisa adicionar conversões de tipo explícitas. - Invalid query: SELECT DISTINCT "v"."rm" as "requisicao", (cast(v.data_emissao as date), 2019-10-28) as Data_Entrega, (cast(nf.emissao as date), 2019-10-28) AS Data_Faturamento, "v"."id_centro_custo" as "CC", "f"."nome" as "funcionario", "v"."key_funcionarios" as "matricula", "po"."descricao" as "Produto", "vi"."key_partnumber" as "Partnumber", "po"."op_ca" as "CA", "vi"."quantidade", (vi.valor) as Vl_Unit, "pe"."data_emissao" as "Data_Emissao", "fu"."nome" as "Solicitante", "fu"."matricula" as "smatricula", "pl"."localentrega" as "Local_Entrega"
FROM "vendas" "v"
JOIN "vendas_item" "vi" ON "v"."rm" = "vi"."key_vendas" AND "v"."item" = "vi"."key_vendas_item"
JOIN "funcionarios" "f" ON "v"."key_funcionarios" = "f"."matricula"
JOIN "produtos" "po" ON "vi"."key_produtos" = "po"."codigo"
JOIN "setor" "s" ON "s"."id_centro_custo" = "v"."id_centro_custo"
JOIN "pedidos" "pe" ON (pe.numero, pe.key_clientes) = (v.rm, v.key_clientes)
JOIN "pedidos_local" "pl" ON "pe"."numero" = "pl"."key_pedidos"
JOIN "usuario" "u" ON "pe"."key_usuario" = "u"."codigo"
JOIN "funcionarios" "fu" ON "fu"."matricula" = "u"."key_funcionarios" AND "pe"."id_depto" = "s"."id_depto"
JOIN "nota_fiscal" "nf" ON "v"."key_nota_fiscal" = "nf"."codigo" and "nf"."status" = 'EM'
WHERE "v"."rm" BETWEEN 305 AND 400
ORDER BY 2
 LIMIT 10
ERROR - 2019-10-28 18:41:38 --> 404 Page Not Found: Assets/js
ERROR - 2019-10-28 18:41:38 --> 404 Page Not Found: Assets/js
ERROR - 2019-10-28 18:41:44 --> 404 Page Not Found: Assets/js
ERROR - 2019-10-28 18:41:44 --> 404 Page Not Found: Assets/js
ERROR - 2019-10-28 18:51:39 --> 404 Page Not Found: Assets/js
ERROR - 2019-10-28 18:51:39 --> 404 Page Not Found: Assets/js
ERROR - 2019-10-28 18:52:58 --> 404 Page Not Found: Assets/js
ERROR - 2019-10-28 18:52:58 --> 404 Page Not Found: Assets/js
ERROR - 2019-10-28 18:55:02 --> Query error: ERRO:  operador não existe: character varying >= integer
LINE 12: WHERE "v"."rm" BETWEEN 300 AND 400
                        ^
HINT:  Nenhum operador corresponde com o nome e o(s) tipo(s) de argumento(s) informados. Você precisa adicionar conversões de tipo explícitas. - Invalid query: SELECT DISTINCT "v"."rm" as "requisicao", (cast(v.data_emissao as date), 2019-10-28) as Data_Entrega, (cast(nf.emissao as date), 2019-10-28) AS Data_Faturamento, "v"."id_centro_custo" as "CC", "f"."nome" as "funcionario", "v"."key_funcionarios" as "matricula", "po"."descricao" as "Produto", "vi"."key_partnumber" as "Partnumber", "po"."op_ca" as "CA", "vi"."quantidade", (vi.valor) as Vl_Unit, "pe"."data_emissao" as "Data_Emissao", "fu"."nome" as "Solicitante", "fu"."matricula" as "smatricula", "pl"."localentrega" as "Local_Entrega"
FROM "vendas" "v"
JOIN "vendas_item" "vi" ON "v"."rm" = "vi"."key_vendas" AND "v"."item" = "vi"."key_vendas_item"
JOIN "funcionarios" "f" ON "v"."key_funcionarios" = "f"."matricula"
JOIN "produtos" "po" ON "vi"."key_produtos" = "po"."codigo"
JOIN "setor" "s" ON "s"."id_centro_custo" = "v"."id_centro_custo"
JOIN "pedidos" "pe" ON (pe.numero, pe.key_clientes) = (v.rm, v.key_clientes)
JOIN "pedidos_local" "pl" ON "pe"."numero" = "pl"."key_pedidos"
JOIN "usuario" "u" ON "pe"."key_usuario" = "u"."codigo"
JOIN "funcionarios" "fu" ON "fu"."matricula" = "u"."key_funcionarios" AND "pe"."id_depto" = "s"."id_depto"
JOIN "nota_fiscal" "nf" ON "v"."key_nota_fiscal" = "nf"."codigo" and "nf"."status" = 'EM'
WHERE "v"."rm" BETWEEN 300 AND 400
ORDER BY 2
 LIMIT 10
