ERROR - 2018-09-30 19:44:56 --> 404 Page Not Found: Assets/js
ERROR - 2018-09-30 19:44:56 --> 404 Page Not Found: Assets/js
ERROR - 2018-09-30 19:46:08 --> Severity: Notice --> Array to string conversion C:\laragon\www\webpedidos\application\models\pedido\Template_model.php 102
ERROR - 2018-09-30 19:46:08 --> Query error: ERRO:  SELECT * sem tabelas especificadas não é válido
LINE 1: SELECT *
               ^ - Invalid query: SELECT *
ERROR - 2018-09-30 19:46:08 --> Severity: Notice --> Array to string conversion C:\laragon\www\webpedidos\application\models\pedido\Template_model.php 102
ERROR - 2018-09-30 19:46:08 --> Query error: ERRO:  SELECT * sem tabelas especificadas não é válido
LINE 1: SELECT *
               ^ - Invalid query: SELECT *
ERROR - 2018-09-30 20:20:59 --> 404 Page Not Found: Assets/js
ERROR - 2018-09-30 20:20:59 --> 404 Page Not Found: Assets/js
ERROR - 2018-09-30 20:21:09 --> Severity: Notice --> Array to string conversion C:\laragon\www\webpedidos\application\models\pedido\Template_model.php 102
ERROR - 2018-09-30 20:21:09 --> Query error: ERRO:  SELECT * sem tabelas especificadas não é válido
LINE 1: SELECT *
               ^ - Invalid query: SELECT *
ERROR - 2018-09-30 20:21:10 --> Severity: Notice --> Array to string conversion C:\laragon\www\webpedidos\application\models\pedido\Template_model.php 102
ERROR - 2018-09-30 20:21:10 --> Query error: ERRO:  SELECT * sem tabelas especificadas não é válido
LINE 1: SELECT *
               ^ - Invalid query: SELECT *
ERROR - 2018-09-30 20:22:08 --> 404 Page Not Found: Assets/js
ERROR - 2018-09-30 20:22:08 --> 404 Page Not Found: Assets/js
ERROR - 2018-09-30 20:22:14 --> Severity: Notice --> Array to string conversion C:\laragon\www\webpedidos\application\models\pedido\Template_model.php 102
ERROR - 2018-09-30 20:22:14 --> Query error: ERRO:  SELECT * sem tabelas especificadas não é válido
LINE 1: SELECT *
               ^ - Invalid query: SELECT *
ERROR - 2018-09-30 20:22:14 --> Severity: Notice --> Array to string conversion C:\laragon\www\webpedidos\application\models\pedido\Template_model.php 102
ERROR - 2018-09-30 20:22:14 --> Query error: ERRO:  SELECT * sem tabelas especificadas não é válido
LINE 1: SELECT *
               ^ - Invalid query: SELECT *
ERROR - 2018-09-30 20:31:18 --> 404 Page Not Found: Assets/js
ERROR - 2018-09-30 20:31:18 --> 404 Page Not Found: Assets/js
ERROR - 2018-09-30 20:31:22 --> Severity: Notice --> Array to string conversion C:\laragon\www\webpedidos\application\models\pedido\Template_model.php 102
ERROR - 2018-09-30 20:31:22 --> Query error: ERRO:  SELECT * sem tabelas especificadas não é válido
LINE 1: SELECT *
               ^ - Invalid query: SELECT *
ERROR - 2018-09-30 20:31:23 --> Severity: Notice --> Array to string conversion C:\laragon\www\webpedidos\application\models\pedido\Template_model.php 102
ERROR - 2018-09-30 20:31:23 --> Query error: ERRO:  SELECT * sem tabelas especificadas não é válido
LINE 1: SELECT *
               ^ - Invalid query: SELECT *
ERROR - 2018-09-30 20:39:54 --> 404 Page Not Found: Assets/js
ERROR - 2018-09-30 20:39:54 --> 404 Page Not Found: Assets/js
ERROR - 2018-09-30 20:39:57 --> Severity: Notice --> Array to string conversion C:\laragon\www\webpedidos\application\models\pedido\Template_model.php 102
ERROR - 2018-09-30 20:39:57 --> Query error: ERRO:  SELECT * sem tabelas especificadas não é válido
LINE 1: SELECT *
               ^ - Invalid query: SELECT *
ERROR - 2018-09-30 20:39:57 --> Severity: Notice --> Array to string conversion C:\laragon\www\webpedidos\application\models\pedido\Template_model.php 102
ERROR - 2018-09-30 20:39:57 --> Query error: ERRO:  SELECT * sem tabelas especificadas não é válido
LINE 1: SELECT *
               ^ - Invalid query: SELECT *
ERROR - 2018-09-30 20:40:47 --> Query error: ERRO:  SELECT * sem tabelas especificadas não é válido
LINE 1: SELECT *
               ^ - Invalid query: SELECT *
ERROR - 2018-09-30 20:40:47 --> Query error: ERRO:  SELECT * sem tabelas especificadas não é válido
LINE 1: SELECT *
               ^ - Invalid query: SELECT *
ERROR - 2018-09-30 20:41:07 --> 404 Page Not Found: Assets/js
ERROR - 2018-09-30 20:41:07 --> 404 Page Not Found: Assets/js
ERROR - 2018-09-30 20:41:14 --> Severity: Notice --> Array to string conversion C:\laragon\www\webpedidos\application\models\pedido\Template_model.php 102
ERROR - 2018-09-30 20:41:14 --> Query error: ERRO:  SELECT * sem tabelas especificadas não é válido
LINE 1: SELECT *
               ^ - Invalid query: SELECT *
ERROR - 2018-09-30 20:41:14 --> Severity: Notice --> Array to string conversion C:\laragon\www\webpedidos\application\models\pedido\Template_model.php 102
ERROR - 2018-09-30 20:41:14 --> Query error: ERRO:  SELECT * sem tabelas especificadas não é válido
LINE 1: SELECT *
               ^ - Invalid query: SELECT *
ERROR - 2018-09-30 20:43:02 --> 404 Page Not Found: Assets/js
ERROR - 2018-09-30 20:43:02 --> 404 Page Not Found: Assets/js
ERROR - 2018-09-30 20:43:08 --> Severity: Notice --> Array to string conversion C:\laragon\www\webpedidos\application\models\pedido\Template_model.php 102
ERROR - 2018-09-30 20:43:08 --> Query error: ERRO:  SELECT * sem tabelas especificadas não é válido
LINE 1: SELECT *
               ^ - Invalid query: SELECT *
ERROR - 2018-09-30 20:43:08 --> Severity: Notice --> Array to string conversion C:\laragon\www\webpedidos\application\models\pedido\Template_model.php 102
ERROR - 2018-09-30 20:43:08 --> Query error: ERRO:  SELECT * sem tabelas especificadas não é válido
LINE 1: SELECT *
               ^ - Invalid query: SELECT *
ERROR - 2018-09-30 20:44:45 --> 404 Page Not Found: Assets/js
ERROR - 2018-09-30 20:44:45 --> 404 Page Not Found: Assets/js
ERROR - 2018-09-30 20:44:49 --> Severity: Notice --> Array to string conversion C:\laragon\www\webpedidos\application\models\pedido\Template_model.php 102
ERROR - 2018-09-30 20:44:49 --> Query error: ERRO:  SELECT * sem tabelas especificadas não é válido
LINE 1: SELECT *
               ^ - Invalid query: SELECT *
ERROR - 2018-09-30 20:44:50 --> Severity: Notice --> Array to string conversion C:\laragon\www\webpedidos\application\models\pedido\Template_model.php 102
ERROR - 2018-09-30 20:44:50 --> Query error: ERRO:  SELECT * sem tabelas especificadas não é válido
LINE 1: SELECT *
               ^ - Invalid query: SELECT *
ERROR - 2018-09-30 20:53:27 --> 404 Page Not Found: Assets/js
ERROR - 2018-09-30 20:53:27 --> 404 Page Not Found: Assets/js
ERROR - 2018-09-30 20:53:45 --> Severity: Notice --> Undefined variable: teste C:\laragon\www\webpedidos\application\models\pedido\Template_model.php 102
ERROR - 2018-09-30 20:53:46 --> Severity: Notice --> Undefined property: stdClass::$key_funcionarios C:\laragon\www\webpedidos\application\controllers\pedido\Template.php 234
ERROR - 2018-09-30 20:53:46 --> Severity: Notice --> Array to string conversion C:\laragon\www\webpedidos\application\controllers\pedido\Template.php 238
ERROR - 2018-09-30 20:53:46 --> Severity: Notice --> Undefined variable: teste C:\laragon\www\webpedidos\application\models\pedido\Template_model.php 102
ERROR - 2018-09-30 20:53:46 --> Severity: Notice --> Undefined property: stdClass::$key_funcionarios C:\laragon\www\webpedidos\application\controllers\pedido\Template.php 234
ERROR - 2018-09-30 20:53:46 --> Severity: Notice --> Array to string conversion C:\laragon\www\webpedidos\application\controllers\pedido\Template.php 238
ERROR - 2018-09-30 20:54:27 --> Severity: Notice --> Undefined variable: teste C:\laragon\www\webpedidos\application\models\pedido\Template_model.php 102
ERROR - 2018-09-30 20:54:27 --> Severity: Notice --> Undefined property: stdClass::$key_funcionarios C:\laragon\www\webpedidos\application\controllers\pedido\Template.php 234
ERROR - 2018-09-30 20:54:27 --> Severity: Notice --> Array to string conversion C:\laragon\www\webpedidos\application\controllers\pedido\Template.php 238
ERROR - 2018-09-30 20:54:28 --> Severity: Notice --> Undefined variable: teste C:\laragon\www\webpedidos\application\models\pedido\Template_model.php 102
ERROR - 2018-09-30 20:54:28 --> Severity: Notice --> Undefined property: stdClass::$key_funcionarios C:\laragon\www\webpedidos\application\controllers\pedido\Template.php 234
ERROR - 2018-09-30 20:54:28 --> Severity: Notice --> Array to string conversion C:\laragon\www\webpedidos\application\controllers\pedido\Template.php 238
ERROR - 2018-09-30 20:55:11 --> 404 Page Not Found: Assets/js
ERROR - 2018-09-30 20:55:11 --> 404 Page Not Found: Assets/js
ERROR - 2018-09-30 20:55:15 --> Severity: Notice --> Undefined property: stdClass::$key_funcionarios C:\laragon\www\webpedidos\application\controllers\pedido\Template.php 234
ERROR - 2018-09-30 20:55:15 --> Severity: Notice --> Array to string conversion C:\laragon\www\webpedidos\application\controllers\pedido\Template.php 238
ERROR - 2018-09-30 20:55:15 --> Severity: Notice --> Undefined property: stdClass::$key_funcionarios C:\laragon\www\webpedidos\application\controllers\pedido\Template.php 234
ERROR - 2018-09-30 20:55:15 --> Severity: Notice --> Array to string conversion C:\laragon\www\webpedidos\application\controllers\pedido\Template.php 238
ERROR - 2018-09-30 20:56:34 --> 404 Page Not Found: Assets/js
ERROR - 2018-09-30 20:56:34 --> 404 Page Not Found: Assets/js
ERROR - 2018-09-30 20:56:41 --> Severity: Notice --> Undefined property: stdClass::$setor C:\laragon\www\webpedidos\application\controllers\pedido\Template.php 235
ERROR - 2018-09-30 20:56:41 --> Severity: Notice --> Array to string conversion C:\laragon\www\webpedidos\application\controllers\pedido\Template.php 238
ERROR - 2018-09-30 20:56:42 --> Severity: Notice --> Undefined property: stdClass::$setor C:\laragon\www\webpedidos\application\controllers\pedido\Template.php 235
ERROR - 2018-09-30 20:56:42 --> Severity: Notice --> Array to string conversion C:\laragon\www\webpedidos\application\controllers\pedido\Template.php 238
ERROR - 2018-09-30 20:57:31 --> Severity: Notice --> Array to string conversion C:\laragon\www\webpedidos\application\controllers\pedido\Template.php 238
ERROR - 2018-09-30 20:57:31 --> Severity: Notice --> Array to string conversion C:\laragon\www\webpedidos\application\controllers\pedido\Template.php 238
ERROR - 2018-09-30 20:58:01 --> 404 Page Not Found: Assets/js
ERROR - 2018-09-30 20:58:01 --> 404 Page Not Found: Assets/js
ERROR - 2018-09-30 20:58:35 --> Severity: Notice --> Undefined variable: produto C:\laragon\www\webpedidos\application\controllers\pedido\Template.php 366
ERROR - 2018-09-30 20:58:35 --> Severity: Notice --> Undefined variable: produto C:\laragon\www\webpedidos\application\controllers\pedido\Template.php 414
ERROR - 2018-09-30 20:58:35 --> Query error: ERRO:  valor nulo na coluna "key_clientes" viola a restrição não-nula
DETAIL:  Registro que falhou contém (49644, null, 2018-09-30, 2018-09-30, null, null, 100, null, Aberto, OBS-MINCHETTI, null, t, f, null, 2018-09-30 20:58:35, null, null, null, 0, , 71.340.830/0001-06, 0, 71.340.830/0001-06, 0). - Invalid query: INSERT INTO "pedidos" ("aprovar", "data_emissao", "data_fechado", "dh_aprovacao", "entrega_local", "entrega_turno", "id_centro_custo", "id_depto", "key_clientes", "key_clientes_aprovador", "key_clientes_solicitante", "key_funcionarios", "key_funcionarios_aprovador", "key_funcionarios_solicitante", "numero", "obs") VALUES ('1','2018-09-30',NULL,'2018-09-30 20:58:35','',0,'100',NULL,NULL,'71.340.830/0001-06','71.340.830/0001-06',NULL,'0','0',49644,'OBS-MINCHETTI')
ERROR - 2018-09-30 20:59:18 --> 404 Page Not Found: Assets/js
ERROR - 2018-09-30 20:59:18 --> 404 Page Not Found: Assets/js
ERROR - 2018-09-30 20:59:34 --> Severity: Notice --> Undefined variable: produto C:\laragon\www\webpedidos\application\controllers\pedido\Template.php 414
ERROR - 2018-09-30 20:59:34 --> Query error: ERRO:  valor nulo na coluna "key_clientes" viola a restrição não-nula
DETAIL:  Registro que falhou contém (49645, null, 2018-09-30, 2018-09-30, null, null, 100, null, Aberto, OBS-MINCHETTI, null, t, f, null, 2018-09-30 20:59:34, null, null, null, 0, , 71.340.830/0001-06, 0, 71.340.830/0001-06, 0). - Invalid query: INSERT INTO "pedidos" ("aprovar", "data_emissao", "data_fechado", "dh_aprovacao", "entrega_local", "entrega_turno", "id_centro_custo", "id_depto", "key_clientes", "key_clientes_aprovador", "key_clientes_solicitante", "key_funcionarios", "key_funcionarios_aprovador", "key_funcionarios_solicitante", "numero", "obs") VALUES ('1','2018-09-30',NULL,'2018-09-30 20:59:34','',0,'100',NULL,NULL,'71.340.830/0001-06','71.340.830/0001-06',NULL,'0','0',49645,'OBS-MINCHETTI')
ERROR - 2018-09-30 21:07:10 --> 404 Page Not Found: Assets/js
ERROR - 2018-09-30 21:07:10 --> 404 Page Not Found: Assets/js
ERROR - 2018-09-30 21:07:30 --> Severity: Notice --> Undefined variable: produto C:\laragon\www\webpedidos\application\controllers\pedido\Template.php 414
ERROR - 2018-09-30 21:07:30 --> Query error: ERRO:  valor nulo na coluna "key_clientes" viola a restrição não-nula
DETAIL:  Registro que falhou contém (49646, null, 2018-09-30, 2018-09-30, null, null, 100, null, Aberto, OBS-MINCHETTI, null, t, f, null, 2018-09-30 21:07:30, null, null, null, 0, , 71.340.830/0001-06, 0, 71.340.830/0001-06, 0). - Invalid query: INSERT INTO "pedidos" ("aprovar", "data_emissao", "data_fechado", "dh_aprovacao", "entrega_local", "entrega_turno", "id_centro_custo", "id_depto", "key_clientes", "key_clientes_aprovador", "key_clientes_solicitante", "key_funcionarios", "key_funcionarios_aprovador", "key_funcionarios_solicitante", "numero", "obs") VALUES ('1','2018-09-30',NULL,'2018-09-30 21:07:30','',0,'100',NULL,NULL,'71.340.830/0001-06','71.340.830/0001-06',NULL,'0','0',49646,'OBS-MINCHETTI')
ERROR - 2018-09-30 21:08:16 --> Severity: Notice --> Undefined variable: produto2 C:\laragon\www\webpedidos\application\controllers\pedido\Template.php 414
ERROR - 2018-09-30 21:08:16 --> Query error: ERRO:  valor nulo na coluna "key_clientes" viola a restrição não-nula
DETAIL:  Registro que falhou contém (49647, null, 2018-09-30, 2018-09-30, null, null, 100, null, Aberto, OBS-MINCHETTI, null, t, f, null, 2018-09-30 21:08:16, null, null, null, 0, , 71.340.830/0001-06, 0, 71.340.830/0001-06, 0). - Invalid query: INSERT INTO "pedidos" ("aprovar", "data_emissao", "data_fechado", "dh_aprovacao", "entrega_local", "entrega_turno", "id_centro_custo", "id_depto", "key_clientes", "key_clientes_aprovador", "key_clientes_solicitante", "key_funcionarios", "key_funcionarios_aprovador", "key_funcionarios_solicitante", "numero", "obs") VALUES ('1','2018-09-30',NULL,'2018-09-30 21:08:16','',0,'100',NULL,NULL,'71.340.830/0001-06','71.340.830/0001-06',NULL,'0','0',49647,'OBS-MINCHETTI')
ERROR - 2018-09-30 21:08:49 --> 404 Page Not Found: Assets/js
ERROR - 2018-09-30 21:08:49 --> 404 Page Not Found: Assets/js
ERROR - 2018-09-30 21:09:00 --> Severity: Notice --> Undefined variable: produto C:\laragon\www\webpedidos\application\controllers\pedido\Template.php 414
ERROR - 2018-09-30 21:09:00 --> Query error: ERRO:  valor nulo na coluna "key_clientes" viola a restrição não-nula
DETAIL:  Registro que falhou contém (49648, null, 2018-09-30, 2018-09-30, null, null, 100, null, Aberto, OBS-MINCHETTI, null, t, f, null, 2018-09-30 21:09:00, null, null, null, 0, , 71.340.830/0001-06, 0, 71.340.830/0001-06, 0). - Invalid query: INSERT INTO "pedidos" ("aprovar", "data_emissao", "data_fechado", "dh_aprovacao", "entrega_local", "entrega_turno", "id_centro_custo", "id_depto", "key_clientes", "key_clientes_aprovador", "key_clientes_solicitante", "key_funcionarios", "key_funcionarios_aprovador", "key_funcionarios_solicitante", "numero", "obs") VALUES ('1','2018-09-30',NULL,'2018-09-30 21:09:00','',0,'100',NULL,NULL,'71.340.830/0001-06','71.340.830/0001-06',NULL,'0','0',49648,'OBS-MINCHETTI')
ERROR - 2018-09-30 21:13:14 --> 404 Page Not Found: Assets/js
ERROR - 2018-09-30 21:13:14 --> 404 Page Not Found: Assets/js
ERROR - 2018-09-30 21:14:27 --> 404 Page Not Found: Assets/js
ERROR - 2018-09-30 21:14:27 --> 404 Page Not Found: Assets/js
ERROR - 2018-09-30 21:15:17 --> Severity: Notice --> Undefined variable: produto C:\laragon\www\webpedidos\application\controllers\pedido\Template.php 366
ERROR - 2018-09-30 21:15:17 --> Severity: Notice --> Undefined variable: produto C:\laragon\www\webpedidos\application\controllers\pedido\Template.php 414
ERROR - 2018-09-30 21:15:17 --> Query error: ERRO:  valor nulo na coluna "key_clientes" viola a restrição não-nula
DETAIL:  Registro que falhou contém (49649, null, 2018-09-30, 2018-09-30, null, null, 100, null, Aberto, OBS-MINCHETTI, null, t, f, null, 2018-09-30 21:15:17, null, null, null, 0, , 71.340.830/0001-06, 0, 71.340.830/0001-06, 0). - Invalid query: INSERT INTO "pedidos" ("aprovar", "data_emissao", "data_fechado", "dh_aprovacao", "entrega_local", "entrega_turno", "id_centro_custo", "id_depto", "key_clientes", "key_clientes_aprovador", "key_clientes_solicitante", "key_funcionarios", "key_funcionarios_aprovador", "key_funcionarios_solicitante", "numero", "obs") VALUES ('1','2018-09-30',NULL,'2018-09-30 21:15:17','',0,'100',NULL,NULL,'71.340.830/0001-06','71.340.830/0001-06',NULL,'0','0',49649,'OBS-MINCHETTI')
ERROR - 2018-09-30 21:16:15 --> 404 Page Not Found: Assets/js
ERROR - 2018-09-30 21:16:15 --> 404 Page Not Found: Assets/js
ERROR - 2018-09-30 21:17:18 --> 404 Page Not Found: Assets/js
ERROR - 2018-09-30 21:17:18 --> 404 Page Not Found: Assets/js
ERROR - 2018-09-30 21:17:29 --> Severity: Compile Error --> Cannot use [] for reading C:\laragon\www\webpedidos\application\controllers\pedido\Template.php 366
ERROR - 2018-09-30 21:18:24 --> 404 Page Not Found: Assets/js
ERROR - 2018-09-30 21:18:24 --> 404 Page Not Found: Assets/js
ERROR - 2018-09-30 21:22:02 --> Severity: Notice --> Undefined variable: produto C:\laragon\www\webpedidos\application\controllers\pedido\Template.php 366
ERROR - 2018-09-30 21:22:02 --> Severity: Notice --> Undefined variable: produto C:\laragon\www\webpedidos\application\controllers\pedido\Template.php 414
ERROR - 2018-09-30 21:22:02 --> Query error: ERRO:  valor nulo na coluna "key_clientes" viola a restrição não-nula
DETAIL:  Registro que falhou contém (49650, null, 2018-09-30, 2018-09-30, null, null, 100, null, Aberto, OBS-MINCHETTI, null, t, f, null, 2018-09-30 21:22:01, null, null, null, 0, , 71.340.830/0001-06, 0, 71.340.830/0001-06, 0). - Invalid query: INSERT INTO "pedidos" ("aprovar", "data_emissao", "data_fechado", "dh_aprovacao", "entrega_local", "entrega_turno", "id_centro_custo", "id_depto", "key_clientes", "key_clientes_aprovador", "key_clientes_solicitante", "key_funcionarios", "key_funcionarios_aprovador", "key_funcionarios_solicitante", "numero", "obs") VALUES ('1','2018-09-30',NULL,'2018-09-30 21:22:01','',0,'100',NULL,NULL,'71.340.830/0001-06','71.340.830/0001-06',NULL,'0','0',49650,'OBS-MINCHETTI')
ERROR - 2018-09-30 21:22:24 --> 404 Page Not Found: Assets/js
ERROR - 2018-09-30 21:22:24 --> 404 Page Not Found: Assets/js
ERROR - 2018-09-30 21:30:49 --> 404 Page Not Found: Assets/js
ERROR - 2018-09-30 21:30:49 --> 404 Page Not Found: Assets/js
ERROR - 2018-09-30 21:31:01 --> Severity: Notice --> Undefined variable: produto C:\laragon\www\webpedidos\application\controllers\pedido\Template.php 366
ERROR - 2018-09-30 21:31:01 --> Severity: Notice --> Undefined variable: produto C:\laragon\www\webpedidos\application\controllers\pedido\Template.php 414
ERROR - 2018-09-30 21:31:01 --> Query error: ERRO:  valor nulo na coluna "key_clientes" viola a restrição não-nula
DETAIL:  Registro que falhou contém (49651, null, 2018-09-30, 2018-09-30, null, null, 100, null, Aberto, OBS-MINCHETTI, null, t, f, null, 2018-09-30 21:31:01, null, null, null, 0, , 71.340.830/0001-06, 0, 71.340.830/0001-06, 0). - Invalid query: INSERT INTO "pedidos" ("aprovar", "data_emissao", "data_fechado", "dh_aprovacao", "entrega_local", "entrega_turno", "id_centro_custo", "id_depto", "key_clientes", "key_clientes_aprovador", "key_clientes_solicitante", "key_funcionarios", "key_funcionarios_aprovador", "key_funcionarios_solicitante", "numero", "obs") VALUES ('1','2018-09-30',NULL,'2018-09-30 21:31:01','',0,'100',NULL,NULL,'71.340.830/0001-06','71.340.830/0001-06',NULL,'0','0',49651,'OBS-MINCHETTI')
ERROR - 2018-09-30 21:31:59 --> Severity: Notice --> Undefined variable: produto234 C:\laragon\www\webpedidos\application\controllers\pedido\Template.php 366
ERROR - 2018-09-30 21:31:59 --> Severity: Notice --> Undefined variable: produto C:\laragon\www\webpedidos\application\controllers\pedido\Template.php 414
ERROR - 2018-09-30 21:31:59 --> Query error: ERRO:  valor nulo na coluna "key_clientes" viola a restrição não-nula
DETAIL:  Registro que falhou contém (49652, null, 2018-09-30, 2018-09-30, null, null, 100, null, Aberto, OBS-MINCHETTI, null, t, f, null, 2018-09-30 21:31:59, null, null, null, 0, , 71.340.830/0001-06, 0, 71.340.830/0001-06, 0). - Invalid query: INSERT INTO "pedidos" ("aprovar", "data_emissao", "data_fechado", "dh_aprovacao", "entrega_local", "entrega_turno", "id_centro_custo", "id_depto", "key_clientes", "key_clientes_aprovador", "key_clientes_solicitante", "key_funcionarios", "key_funcionarios_aprovador", "key_funcionarios_solicitante", "numero", "obs") VALUES ('1','2018-09-30',NULL,'2018-09-30 21:31:59','',0,'100',NULL,NULL,'71.340.830/0001-06','71.340.830/0001-06',NULL,'0','0',49652,'OBS-MINCHETTI')
ERROR - 2018-09-30 21:34:01 --> 404 Page Not Found: Assets/js
ERROR - 2018-09-30 21:34:01 --> 404 Page Not Found: Assets/js
ERROR - 2018-09-30 21:34:11 --> Severity: Notice --> Undefined variable: produto C:\laragon\www\webpedidos\application\controllers\pedido\Template.php 414
ERROR - 2018-09-30 21:34:11 --> Query error: ERRO:  valor nulo na coluna "key_clientes" viola a restrição não-nula
DETAIL:  Registro que falhou contém (49653, null, 2018-09-30, 2018-09-30, null, null, 100, null, Aberto, OBS-MINCHETTI, null, t, f, null, 2018-09-30 21:34:11, null, null, null, 0, , 71.340.830/0001-06, 0, 71.340.830/0001-06, 0). - Invalid query: INSERT INTO "pedidos" ("aprovar", "data_emissao", "data_fechado", "dh_aprovacao", "entrega_local", "entrega_turno", "id_centro_custo", "id_depto", "key_clientes", "key_clientes_aprovador", "key_clientes_solicitante", "key_funcionarios", "key_funcionarios_aprovador", "key_funcionarios_solicitante", "numero", "obs") VALUES ('1','2018-09-30',NULL,'2018-09-30 21:34:11','',0,'100',NULL,NULL,'71.340.830/0001-06','71.340.830/0001-06',NULL,'0','0',49653,'OBS-MINCHETTI')
ERROR - 2018-09-30 21:36:43 --> 404 Page Not Found: Assets/js
ERROR - 2018-09-30 21:36:43 --> 404 Page Not Found: Assets/js
ERROR - 2018-09-30 21:36:51 --> Severity: Notice --> Undefined variable: produto C:\laragon\www\webpedidos\application\controllers\pedido\Template.php 414
ERROR - 2018-09-30 21:36:51 --> Query error: ERRO:  valor nulo na coluna "key_clientes" viola a restrição não-nula
DETAIL:  Registro que falhou contém (49654, null, 2018-09-30, 2018-09-30, null, null, 100, null, Aberto, OBS-MINCHETTI, null, t, f, null, 2018-09-30 21:36:51, null, null, null, 0, , 71.340.830/0001-06, 0, 71.340.830/0001-06, 0). - Invalid query: INSERT INTO "pedidos" ("aprovar", "data_emissao", "data_fechado", "dh_aprovacao", "entrega_local", "entrega_turno", "id_centro_custo", "id_depto", "key_clientes", "key_clientes_aprovador", "key_clientes_solicitante", "key_funcionarios", "key_funcionarios_aprovador", "key_funcionarios_solicitante", "numero", "obs") VALUES ('1','2018-09-30',NULL,'2018-09-30 21:36:51','',0,'100',NULL,NULL,'71.340.830/0001-06','71.340.830/0001-06',NULL,'0','0',49654,'OBS-MINCHETTI')
ERROR - 2018-09-30 21:53:00 --> 404 Page Not Found: Assets/js
ERROR - 2018-09-30 21:53:00 --> 404 Page Not Found: Assets/js
ERROR - 2018-09-30 21:53:13 --> Severity: Notice --> Undefined variable: produto C:\laragon\www\webpedidos\application\controllers\pedido\Template.php 414
ERROR - 2018-09-30 21:53:13 --> Query error: ERRO:  valor nulo na coluna "key_clientes" viola a restrição não-nula
DETAIL:  Registro que falhou contém (49655, null, 2018-09-30, 2018-09-30, null, null, 100, null, Aberto, OBS-MINCHETTI, null, t, f, null, 2018-09-30 21:53:13, null, null, null, 0, , 71.340.830/0001-06, 0, 71.340.830/0001-06, 0). - Invalid query: INSERT INTO "pedidos" ("aprovar", "data_emissao", "data_fechado", "dh_aprovacao", "entrega_local", "entrega_turno", "id_centro_custo", "id_depto", "key_clientes", "key_clientes_aprovador", "key_clientes_solicitante", "key_funcionarios", "key_funcionarios_aprovador", "key_funcionarios_solicitante", "numero", "obs") VALUES ('1','2018-09-30',NULL,'2018-09-30 21:53:13','',0,'100',NULL,NULL,'71.340.830/0001-06','71.340.830/0001-06',NULL,'0','0',49655,'OBS-MINCHETTI')
ERROR - 2018-09-30 21:59:53 --> 404 Page Not Found: Assets/js
ERROR - 2018-09-30 21:59:53 --> 404 Page Not Found: Assets/js
ERROR - 2018-09-30 22:00:05 --> Query error: ERRO:  relação "templates_funcionarios_itens" não existe
LINE 2: FROM "templates_funcionarios_itens"
             ^ - Invalid query: SELECT "key_produtos" AS "codigo", "quantidade", "key_partnumber" AS "partnumber", (SELECT preco FROM produtos WHERE codigo = key_produtos LIMIT 1) AS preco
FROM "templates_funcionarios_itens"
WHERE "key_templates_funcionarios" IS NULL
ERROR - 2018-09-30 22:01:08 --> 404 Page Not Found: Assets/js
ERROR - 2018-09-30 22:01:08 --> 404 Page Not Found: Assets/js
ERROR - 2018-09-30 22:05:29 --> 404 Page Not Found: Assets/js
ERROR - 2018-09-30 22:05:29 --> 404 Page Not Found: Assets/js
ERROR - 2018-09-30 22:06:01 --> Severity: Notice --> Array to string conversion C:\laragon\www\webpedidos\application\models\produto\Produto_model.php 119
ERROR - 2018-09-30 22:06:01 --> Query error: ERRO:  SELECT * sem tabelas especificadas não é válido
LINE 1: SELECT *
               ^ - Invalid query: SELECT *
ERROR - 2018-09-30 22:19:16 --> 404 Page Not Found: Assets/js
ERROR - 2018-09-30 22:19:16 --> 404 Page Not Found: Assets/js
ERROR - 2018-09-30 22:19:20 --> Severity: error --> Exception: syntax error, unexpected 'echo' (T_ECHO), expecting ',' or ';' C:\laragon\www\webpedidos\application\controllers\pedido\Template.php 355
ERROR - 2018-09-30 22:19:34 --> Severity: error --> Exception: syntax error, unexpected 'AS' (T_AS), expecting ',' or ';' C:\laragon\www\webpedidos\application\controllers\pedido\Template.php 355
ERROR - 2018-09-30 22:20:03 --> Severity: error --> Exception: syntax error, unexpected 'AS' (T_AS), expecting ',' or ';' C:\laragon\www\webpedidos\application\controllers\pedido\Template.php 355
ERROR - 2018-09-30 22:21:15 --> 404 Page Not Found: Assets/js
ERROR - 2018-09-30 22:21:15 --> 404 Page Not Found: Assets/js
ERROR - 2018-09-30 22:21:36 --> Severity: Notice --> Array to string conversion C:\laragon\www\webpedidos\application\models\produto\Produto_model.php 119
ERROR - 2018-09-30 22:21:36 --> Query error: ERRO:  SELECT * sem tabelas especificadas não é válido
LINE 1: SELECT *
               ^ - Invalid query: SELECT *
ERROR - 2018-09-30 22:23:07 --> 404 Page Not Found: Assets/js
ERROR - 2018-09-30 22:23:07 --> 404 Page Not Found: Assets/js
ERROR - 2018-09-30 22:23:30 --> Severity: Warning --> Invalid argument supplied for foreach() C:\laragon\www\webpedidos\application\controllers\pedido\Template.php 356
ERROR - 2018-09-30 22:23:30 --> Severity: Notice --> Undefined variable: produto C:\laragon\www\webpedidos\application\controllers\pedido\Template.php 416
ERROR - 2018-09-30 22:23:30 --> Query error: ERRO:  valor nulo na coluna "key_clientes" viola a restrição não-nula
DETAIL:  Registro que falhou contém (49659, null, 2018-09-30, 2018-09-30, null, null, 100, null, Aberto, OBS-MINCHETTI, null, t, f, null, 2018-09-30 22:23:30, null, null, null, 0, , 71.340.830/0001-06, 0, 71.340.830/0001-06, 0). - Invalid query: INSERT INTO "pedidos" ("aprovar", "data_emissao", "data_fechado", "dh_aprovacao", "entrega_local", "entrega_turno", "id_centro_custo", "id_depto", "key_clientes", "key_clientes_aprovador", "key_clientes_solicitante", "key_funcionarios", "key_funcionarios_aprovador", "key_funcionarios_solicitante", "numero", "obs") VALUES ('1','2018-09-30',NULL,'2018-09-30 22:23:30','',0,'100',NULL,NULL,'71.340.830/0001-06','71.340.830/0001-06',NULL,'0','0',49659,'OBS-MINCHETTI')
ERROR - 2018-09-30 22:48:25 --> 404 Page Not Found: Assets/js
ERROR - 2018-09-30 22:48:25 --> 404 Page Not Found: Assets/js
ERROR - 2018-09-30 22:48:41 --> Severity: Warning --> Invalid argument supplied for foreach() C:\laragon\www\webpedidos\application\controllers\pedido\Template.php 356
ERROR - 2018-09-30 22:48:41 --> Severity: Notice --> Undefined variable: produto C:\laragon\www\webpedidos\application\controllers\pedido\Template.php 416
ERROR - 2018-09-30 22:48:41 --> Query error: ERRO:  valor nulo na coluna "key_clientes" viola a restrição não-nula
DETAIL:  Registro que falhou contém (49660, null, 2018-09-30, 2018-09-30, null, null, 100, null, Aberto, OBS-MINCHETTI, null, t, f, null, 2018-09-30 22:48:41, null, null, null, 0, , 71.340.830/0001-06, 0, 71.340.830/0001-06, 0). - Invalid query: INSERT INTO "pedidos" ("aprovar", "data_emissao", "data_fechado", "dh_aprovacao", "entrega_local", "entrega_turno", "id_centro_custo", "id_depto", "key_clientes", "key_clientes_aprovador", "key_clientes_solicitante", "key_funcionarios", "key_funcionarios_aprovador", "key_funcionarios_solicitante", "numero", "obs") VALUES ('1','2018-09-30',NULL,'2018-09-30 22:48:41','',0,'100',NULL,NULL,'71.340.830/0001-06','71.340.830/0001-06',NULL,'0','0',49660,'OBS-MINCHETTI')
ERROR - 2018-09-30 22:49:31 --> Severity: Warning --> Invalid argument supplied for foreach() C:\laragon\www\webpedidos\application\controllers\pedido\Template.php 356
ERROR - 2018-09-30 22:49:31 --> Severity: Notice --> Undefined variable: produto C:\laragon\www\webpedidos\application\controllers\pedido\Template.php 416
ERROR - 2018-09-30 22:49:31 --> Query error: ERRO:  valor nulo na coluna "key_clientes" viola a restrição não-nula
DETAIL:  Registro que falhou contém (49661, null, 2018-09-30, 2018-09-30, null, null, 100, null, Aberto, OBS-MINCHETTI, null, t, f, null, 2018-09-30 22:49:31, null, null, null, 0, , 71.340.830/0001-06, 0, 71.340.830/0001-06, 0). - Invalid query: INSERT INTO "pedidos" ("aprovar", "data_emissao", "data_fechado", "dh_aprovacao", "entrega_local", "entrega_turno", "id_centro_custo", "id_depto", "key_clientes", "key_clientes_aprovador", "key_clientes_solicitante", "key_funcionarios", "key_funcionarios_aprovador", "key_funcionarios_solicitante", "numero", "obs") VALUES ('1','2018-09-30',NULL,'2018-09-30 22:49:31','',0,'100',NULL,NULL,'71.340.830/0001-06','71.340.830/0001-06',NULL,'0','0',49661,'OBS-MINCHETTI')
ERROR - 2018-09-30 23:03:40 --> 404 Page Not Found: Assets/js
ERROR - 2018-09-30 23:03:40 --> 404 Page Not Found: Assets/js
ERROR - 2018-09-30 23:03:58 --> Severity: Warning --> Invalid argument supplied for foreach() C:\laragon\www\webpedidos\application\controllers\pedido\Template.php 357
ERROR - 2018-09-30 23:03:58 --> Severity: Notice --> Undefined variable: produto C:\laragon\www\webpedidos\application\controllers\pedido\Template.php 417
ERROR - 2018-09-30 23:03:58 --> Query error: ERRO:  valor nulo na coluna "key_clientes" viola a restrição não-nula
DETAIL:  Registro que falhou contém (49662, null, 2018-09-30, 2018-09-30, null, null, 100, null, Aberto, OBS-MINCHETTI, null, t, f, null, 2018-09-30 23:03:58, null, null, null, 0, , 71.340.830/0001-06, 0, 71.340.830/0001-06, 0). - Invalid query: INSERT INTO "pedidos" ("aprovar", "data_emissao", "data_fechado", "dh_aprovacao", "entrega_local", "entrega_turno", "id_centro_custo", "id_depto", "key_clientes", "key_clientes_aprovador", "key_clientes_solicitante", "key_funcionarios", "key_funcionarios_aprovador", "key_funcionarios_solicitante", "numero", "obs") VALUES ('1','2018-09-30',NULL,'2018-09-30 23:03:58','',0,'100',NULL,NULL,'71.340.830/0001-06','71.340.830/0001-06',NULL,'0','0',49662,'OBS-MINCHETTI')
ERROR - 2018-09-30 23:04:42 --> Severity: Warning --> Invalid argument supplied for foreach() C:\laragon\www\webpedidos\application\controllers\pedido\Template.php 357
ERROR - 2018-09-30 23:04:42 --> Severity: Notice --> Undefined variable: produto C:\laragon\www\webpedidos\application\controllers\pedido\Template.php 417
ERROR - 2018-09-30 23:04:42 --> Query error: ERRO:  valor nulo na coluna "key_clientes" viola a restrição não-nula
DETAIL:  Registro que falhou contém (49663, null, 2018-09-30, 2018-09-30, null, null, 100, null, Aberto, OBS-MINCHETTI, null, t, f, null, 2018-09-30 23:04:42, null, null, null, 0, , 71.340.830/0001-06, 0, 71.340.830/0001-06, 0). - Invalid query: INSERT INTO "pedidos" ("aprovar", "data_emissao", "data_fechado", "dh_aprovacao", "entrega_local", "entrega_turno", "id_centro_custo", "id_depto", "key_clientes", "key_clientes_aprovador", "key_clientes_solicitante", "key_funcionarios", "key_funcionarios_aprovador", "key_funcionarios_solicitante", "numero", "obs") VALUES ('1','2018-09-30',NULL,'2018-09-30 23:04:42','',0,'100',NULL,NULL,'71.340.830/0001-06','71.340.830/0001-06',NULL,'0','0',49663,'OBS-MINCHETTI')
ERROR - 2018-09-30 23:04:56 --> 404 Page Not Found: Assets/js
ERROR - 2018-09-30 23:04:56 --> 404 Page Not Found: Assets/js
ERROR - 2018-09-30 23:16:12 --> 404 Page Not Found: Assets/js
ERROR - 2018-09-30 23:16:12 --> 404 Page Not Found: Assets/js
ERROR - 2018-09-30 23:16:19 --> Severity: Warning --> Invalid argument supplied for foreach() C:\laragon\www\webpedidos\application\controllers\pedido\Template.php 357
ERROR - 2018-09-30 23:16:19 --> Severity: Notice --> Undefined variable: produto C:\laragon\www\webpedidos\application\controllers\pedido\Template.php 369
ERROR - 2018-09-30 23:16:19 --> Severity: Notice --> Undefined variable: produto C:\laragon\www\webpedidos\application\controllers\pedido\Template.php 417
ERROR - 2018-09-30 23:16:19 --> Query error: ERRO:  valor nulo na coluna "key_clientes" viola a restrição não-nula
DETAIL:  Registro que falhou contém (49664, null, 2018-09-30, 2018-09-30, null, null, 100, null, Aberto, OBS-MINCHETTI, null, t, f, null, 2018-09-30 23:16:19, null, null, null, 0, , 71.340.830/0001-06, 0, 71.340.830/0001-06, 0). - Invalid query: INSERT INTO "pedidos" ("aprovar", "data_emissao", "data_fechado", "dh_aprovacao", "entrega_local", "entrega_turno", "id_centro_custo", "id_depto", "key_clientes", "key_clientes_aprovador", "key_clientes_solicitante", "key_funcionarios", "key_funcionarios_aprovador", "key_funcionarios_solicitante", "numero", "obs") VALUES ('1','2018-09-30',NULL,'2018-09-30 23:16:19','',0,'100',NULL,NULL,'71.340.830/0001-06','71.340.830/0001-06',NULL,'0','0',49664,'OBS-MINCHETTI')
ERROR - 2018-09-30 23:18:24 --> 404 Page Not Found: Assets/js
ERROR - 2018-09-30 23:18:24 --> 404 Page Not Found: Assets/js
ERROR - 2018-09-30 23:18:33 --> Severity: Warning --> Invalid argument supplied for foreach() C:\laragon\www\webpedidos\application\controllers\pedido\Template.php 357
ERROR - 2018-09-30 23:18:33 --> Severity: Notice --> Undefined variable: produto C:\laragon\www\webpedidos\application\controllers\pedido\Template.php 369
ERROR - 2018-09-30 23:18:33 --> Severity: Notice --> Undefined variable: produto C:\laragon\www\webpedidos\application\controllers\pedido\Template.php 417
ERROR - 2018-09-30 23:18:33 --> Query error: ERRO:  valor nulo na coluna "key_clientes" viola a restrição não-nula
DETAIL:  Registro que falhou contém (49665, null, 2018-09-30, 2018-09-30, null, null, 100, null, Aberto, OBS-MINCHETTI, null, t, f, null, 2018-09-30 23:18:33, null, null, null, 0, , 71.340.830/0001-06, 0, 71.340.830/0001-06, 0). - Invalid query: INSERT INTO "pedidos" ("aprovar", "data_emissao", "data_fechado", "dh_aprovacao", "entrega_local", "entrega_turno", "id_centro_custo", "id_depto", "key_clientes", "key_clientes_aprovador", "key_clientes_solicitante", "key_funcionarios", "key_funcionarios_aprovador", "key_funcionarios_solicitante", "numero", "obs") VALUES ('1','2018-09-30',NULL,'2018-09-30 23:18:33','',0,'100',NULL,NULL,'71.340.830/0001-06','71.340.830/0001-06',NULL,'0','0',49665,'OBS-MINCHETTI')
ERROR - 2018-09-30 23:24:23 --> 404 Page Not Found: Assets/js
ERROR - 2018-09-30 23:24:23 --> 404 Page Not Found: Assets/js
ERROR - 2018-09-30 23:28:28 --> 404 Page Not Found: Assets/js
ERROR - 2018-09-30 23:28:28 --> 404 Page Not Found: Assets/js
ERROR - 2018-09-30 23:28:41 --> Severity: Warning --> Invalid argument supplied for foreach() C:\laragon\www\webpedidos\application\controllers\pedido\Template.php 365
ERROR - 2018-09-30 23:28:41 --> Severity: Notice --> Undefined variable: produto C:\laragon\www\webpedidos\application\controllers\pedido\Template.php 377
ERROR - 2018-09-30 23:28:41 --> Severity: Notice --> Undefined variable: produto C:\laragon\www\webpedidos\application\controllers\pedido\Template.php 425
ERROR - 2018-09-30 23:28:41 --> Query error: ERRO:  valor nulo na coluna "key_clientes" viola a restrição não-nula
DETAIL:  Registro que falhou contém (49666, null, 2018-09-30, 2018-09-30, null, null, 100, null, Aberto, OBS-MINCHETTI, null, t, f, null, 2018-09-30 23:28:41, null, null, null, 0, , 71.340.830/0001-06, 0, 71.340.830/0001-06, 0). - Invalid query: INSERT INTO "pedidos" ("aprovar", "data_emissao", "data_fechado", "dh_aprovacao", "entrega_local", "entrega_turno", "id_centro_custo", "id_depto", "key_clientes", "key_clientes_aprovador", "key_clientes_solicitante", "key_funcionarios", "key_funcionarios_aprovador", "key_funcionarios_solicitante", "numero", "obs") VALUES ('1','2018-09-30',NULL,'2018-09-30 23:28:41','',0,'100',NULL,NULL,'71.340.830/0001-06','71.340.830/0001-06',NULL,'0','0',49666,'OBS-MINCHETTI')
ERROR - 2018-09-30 23:32:05 --> 404 Page Not Found: Assets/js
ERROR - 2018-09-30 23:32:05 --> 404 Page Not Found: Assets/js
ERROR - 2018-09-30 23:33:17 --> Severity: Warning --> Invalid argument supplied for foreach() C:\laragon\www\webpedidos\application\controllers\pedido\Template.php 365
ERROR - 2018-09-30 23:33:17 --> Severity: Notice --> Undefined variable: produto C:\laragon\www\webpedidos\application\controllers\pedido\Template.php 377
ERROR - 2018-09-30 23:33:17 --> Severity: Notice --> Undefined variable: produto C:\laragon\www\webpedidos\application\controllers\pedido\Template.php 425
ERROR - 2018-09-30 23:33:17 --> Query error: ERRO:  valor nulo na coluna "key_clientes" viola a restrição não-nula
DETAIL:  Registro que falhou contém (49667, null, 2018-09-30, 2018-09-30, null, null, 100, null, Aberto, OBS-MINCHETTI, null, t, f, null, 2018-09-30 23:33:17, null, null, null, 0, , 71.340.830/0001-06, 0, 71.340.830/0001-06, 0). - Invalid query: INSERT INTO "pedidos" ("aprovar", "data_emissao", "data_fechado", "dh_aprovacao", "entrega_local", "entrega_turno", "id_centro_custo", "id_depto", "key_clientes", "key_clientes_aprovador", "key_clientes_solicitante", "key_funcionarios", "key_funcionarios_aprovador", "key_funcionarios_solicitante", "numero", "obs") VALUES ('1','2018-09-30',NULL,'2018-09-30 23:33:17','',0,'100',NULL,NULL,'71.340.830/0001-06','71.340.830/0001-06',NULL,'0','0',49667,'OBS-MINCHETTI')
ERROR - 2018-09-30 23:36:28 --> 404 Page Not Found: Assets/js
ERROR - 2018-09-30 23:36:28 --> 404 Page Not Found: Assets/js
ERROR - 2018-09-30 23:37:03 --> Severity: Warning --> Invalid argument supplied for foreach() C:\laragon\www\webpedidos\application\controllers\pedido\Template.php 366
ERROR - 2018-09-30 23:37:03 --> Severity: Notice --> Undefined variable: produto C:\laragon\www\webpedidos\application\controllers\pedido\Template.php 378
ERROR - 2018-09-30 23:37:03 --> Severity: Notice --> Undefined variable: produto C:\laragon\www\webpedidos\application\controllers\pedido\Template.php 426
ERROR - 2018-09-30 23:37:03 --> Query error: ERRO:  valor nulo na coluna "key_clientes" viola a restrição não-nula
DETAIL:  Registro que falhou contém (49668, null, 2018-09-30, 2018-09-30, null, null, 100, null, Aberto, OBS-MINCHETTI, null, t, f, null, 2018-09-30 23:37:03, null, null, null, 0, , 71.340.830/0001-06, 0, 71.340.830/0001-06, 0). - Invalid query: INSERT INTO "pedidos" ("aprovar", "data_emissao", "data_fechado", "dh_aprovacao", "entrega_local", "entrega_turno", "id_centro_custo", "id_depto", "key_clientes", "key_clientes_aprovador", "key_clientes_solicitante", "key_funcionarios", "key_funcionarios_aprovador", "key_funcionarios_solicitante", "numero", "obs") VALUES ('1','2018-09-30',NULL,'2018-09-30 23:37:03','',0,'100',NULL,NULL,'71.340.830/0001-06','71.340.830/0001-06',NULL,'0','0',49668,'OBS-MINCHETTI')
ERROR - 2018-09-30 23:39:17 --> 404 Page Not Found: Assets/js
ERROR - 2018-09-30 23:39:17 --> 404 Page Not Found: Assets/js
ERROR - 2018-09-30 23:39:27 --> Severity: Warning --> Invalid argument supplied for foreach() C:\laragon\www\webpedidos\application\controllers\pedido\Template.php 367
ERROR - 2018-09-30 23:39:27 --> Severity: Notice --> Undefined variable: produto C:\laragon\www\webpedidos\application\controllers\pedido\Template.php 379
ERROR - 2018-09-30 23:39:27 --> Severity: Notice --> Undefined variable: produto C:\laragon\www\webpedidos\application\controllers\pedido\Template.php 427
ERROR - 2018-09-30 23:39:27 --> Query error: ERRO:  inserção ou atualização em tabela "pedidos" viola restrição de chave estrangeira "pedidos_id_cc_pkey"
DETAIL:  Chave (id_depto, id_centro_custo)=(44.013.159/0031-31, 100) não está presente na tabela "setor". - Invalid query: INSERT INTO "pedidos" ("aprovar", "data_emissao", "data_fechado", "dh_aprovacao", "entrega_local", "entrega_turno", "id_centro_custo", "id_depto", "key_clientes", "key_clientes_aprovador", "key_clientes_solicitante", "key_funcionarios", "key_funcionarios_aprovador", "key_funcionarios_solicitante", "numero", "obs") VALUES ('1','2018-09-30',NULL,'2018-09-30 23:39:27','LOJA',1,'100','44.013.159/0031-31','44.013.159/0031-31','71.340.830/0001-06','71.340.830/0001-06','33021887','0','0',49669,'OBS-MINCHETTI')
ERROR - 2018-09-30 23:41:46 --> 404 Page Not Found: Assets/js
ERROR - 2018-09-30 23:41:46 --> 404 Page Not Found: Assets/js
ERROR - 2018-09-30 23:42:02 --> Severity: Warning --> Invalid argument supplied for foreach() C:\laragon\www\webpedidos\application\controllers\pedido\Template.php 367
ERROR - 2018-09-30 23:42:02 --> Severity: Notice --> Undefined variable: produto C:\laragon\www\webpedidos\application\controllers\pedido\Template.php 427
ERROR - 2018-09-30 23:42:02 --> Query error: ERRO:  inserção ou atualização em tabela "pedidos" viola restrição de chave estrangeira "pedidos_id_cc_pkey"
DETAIL:  Chave (id_depto, id_centro_custo)=(44.013.159/0031-31, 100) não está presente na tabela "setor". - Invalid query: INSERT INTO "pedidos" ("aprovar", "data_emissao", "data_fechado", "dh_aprovacao", "entrega_local", "entrega_turno", "id_centro_custo", "id_depto", "key_clientes", "key_clientes_aprovador", "key_clientes_solicitante", "key_funcionarios", "key_funcionarios_aprovador", "key_funcionarios_solicitante", "numero", "obs") VALUES ('1','2018-09-30',NULL,'2018-09-30 23:42:02','LOJA',1,'100','44.013.159/0031-31','44.013.159/0031-31','71.340.830/0001-06','71.340.830/0001-06','33021887','0','0',49670,'OBS-MINCHETTI')
ERROR - 2018-09-30 23:42:58 --> 404 Page Not Found: Assets/js
ERROR - 2018-09-30 23:42:58 --> 404 Page Not Found: Assets/js
ERROR - 2018-09-30 23:43:15 --> Severity: Warning --> Invalid argument supplied for foreach() C:\laragon\www\webpedidos\application\controllers\pedido\Template.php 367
ERROR - 2018-09-30 23:43:15 --> Severity: Notice --> Undefined variable: produto C:\laragon\www\webpedidos\application\controllers\pedido\Template.php 427
ERROR - 2018-09-30 23:43:15 --> Query error: ERRO:  inserção ou atualização em tabela "pedidos" viola restrição de chave estrangeira "pedidos_id_cc_pkey"
DETAIL:  Chave (id_depto, id_centro_custo)=(44.013.159/0031-31, 100) não está presente na tabela "setor". - Invalid query: INSERT INTO "pedidos" ("aprovar", "data_emissao", "data_fechado", "dh_aprovacao", "entrega_local", "entrega_turno", "id_centro_custo", "id_depto", "key_clientes", "key_clientes_aprovador", "key_clientes_solicitante", "key_funcionarios", "key_funcionarios_aprovador", "key_funcionarios_solicitante", "numero", "obs") VALUES ('1','2018-09-30',NULL,'2018-09-30 23:43:15','LOJA',1,'100','44.013.159/0031-31','44.013.159/0031-31','71.340.830/0001-06','71.340.830/0001-06','33021887','0','0',49671,'OBS-MINCHETTI')
ERROR - 2018-09-30 23:45:22 --> 404 Page Not Found: Assets/js
ERROR - 2018-09-30 23:45:22 --> 404 Page Not Found: Assets/js
ERROR - 2018-09-30 23:45:31 --> Severity: Notice --> Array to string conversion C:\laragon\www\system\database\DB_query_builder.php 683
ERROR - 2018-09-30 23:45:31 --> Severity: Warning --> Invalid argument supplied for foreach() C:\laragon\www\webpedidos\application\controllers\pedido\Template.php 367
ERROR - 2018-09-30 23:45:31 --> Severity: Notice --> Undefined variable: produto C:\laragon\www\webpedidos\application\controllers\pedido\Template.php 379
ERROR - 2018-09-30 23:45:31 --> Severity: Notice --> Undefined variable: produto C:\laragon\www\webpedidos\application\controllers\pedido\Template.php 427
ERROR - 2018-09-30 23:45:31 --> Query error: ERRO:  inserção ou atualização em tabela "pedidos" viola restrição de chave estrangeira "pedidos_id_cc_pkey"
DETAIL:  Chave (id_depto, id_centro_custo)=(44.013.159/0031-31, 100) não está presente na tabela "setor". - Invalid query: INSERT INTO "pedidos" ("aprovar", "data_emissao", "data_fechado", "dh_aprovacao", "entrega_local", "entrega_turno", "id_centro_custo", "id_depto", "key_clientes", "key_clientes_aprovador", "key_clientes_solicitante", "key_funcionarios", "key_funcionarios_aprovador", "key_funcionarios_solicitante", "numero", "obs") VALUES ('1','2018-09-30',NULL,'2018-09-30 23:45:31','LOJA',1,'100','44.013.159/0031-31','44.013.159/0031-31','71.340.830/0001-06','71.340.830/0001-06','33021887','0','0',49672,'OBS-MINCHETTI')
