ERROR - 2019-08-02 14:31:35 --> 404 Page Not Found: Assets/js
ERROR - 2019-08-02 14:31:35 --> 404 Page Not Found: Assets/js
ERROR - 2019-08-02 14:45:48 --> 404 Page Not Found: Assets/images
ERROR - 2019-08-02 14:45:48 --> 404 Page Not Found: Assets/images
ERROR - 2019-08-02 14:45:48 --> 404 Page Not Found: Assets/images
ERROR - 2019-08-02 14:45:48 --> 404 Page Not Found: Assets/images
ERROR - 2019-08-02 14:45:48 --> 404 Page Not Found: Assets/images
ERROR - 2019-08-02 14:45:53 --> 404 Page Not Found: Assets/images
ERROR - 2019-08-02 14:45:53 --> 404 Page Not Found: Assets/images
ERROR - 2019-08-02 14:45:53 --> 404 Page Not Found: Assets/images
ERROR - 2019-08-02 14:45:53 --> 404 Page Not Found: Assets/images
ERROR - 2019-08-02 14:46:20 --> 404 Page Not Found: Assets/images
ERROR - 2019-08-02 14:46:22 --> 404 Page Not Found: Assets/images
ERROR - 2019-08-02 14:46:22 --> 404 Page Not Found: Assets/images
ERROR - 2019-08-02 14:46:22 --> 404 Page Not Found: Assets/images
ERROR - 2019-08-02 14:46:22 --> 404 Page Not Found: Assets/images
ERROR - 2019-08-02 14:46:24 --> 404 Page Not Found: Assets/images
ERROR - 2019-08-02 14:46:24 --> 404 Page Not Found: Assets/images
ERROR - 2019-08-02 14:46:24 --> 404 Page Not Found: Assets/images
ERROR - 2019-08-02 14:46:24 --> 404 Page Not Found: Assets/images
ERROR - 2019-08-02 14:46:26 --> 404 Page Not Found: Assets/images
ERROR - 2019-08-02 14:46:26 --> 404 Page Not Found: Assets/images
ERROR - 2019-08-02 14:46:28 --> 404 Page Not Found: Assets/images
ERROR - 2019-08-02 14:46:28 --> 404 Page Not Found: Assets/images
ERROR - 2019-08-02 14:46:28 --> 404 Page Not Found: Assets/images
ERROR - 2019-08-02 14:46:28 --> 404 Page Not Found: Assets/images
ERROR - 2019-08-02 14:46:35 --> 404 Page Not Found: Assets/images
ERROR - 2019-08-02 14:46:35 --> 404 Page Not Found: Assets/images
ERROR - 2019-08-02 14:46:35 --> 404 Page Not Found: Assets/images
ERROR - 2019-08-02 14:46:35 --> 404 Page Not Found: Assets/images
ERROR - 2019-08-02 14:46:36 --> 404 Page Not Found: Assets/images
ERROR - 2019-08-02 14:46:36 --> 404 Page Not Found: Assets/images
ERROR - 2019-08-02 14:46:36 --> 404 Page Not Found: Assets/images
ERROR - 2019-08-02 14:46:36 --> 404 Page Not Found: Assets/images
ERROR - 2019-08-02 15:00:50 --> 404 Page Not Found: Assets/images
ERROR - 2019-08-02 15:00:50 --> 404 Page Not Found: Assets/images
ERROR - 2019-08-02 15:00:59 --> 404 Page Not Found: Assets/images
ERROR - 2019-08-02 15:00:59 --> 404 Page Not Found: Assets/images
ERROR - 2019-08-02 15:00:59 --> 404 Page Not Found: Assets/images
ERROR - 2019-08-02 15:00:59 --> 404 Page Not Found: Assets/images
ERROR - 2019-08-02 15:01:00 --> 404 Page Not Found: Assets/images
ERROR - 2019-08-02 15:01:00 --> 404 Page Not Found: Assets/images
ERROR - 2019-08-02 15:01:00 --> 404 Page Not Found: Assets/images
ERROR - 2019-08-02 15:01:00 --> 404 Page Not Found: Assets/images
ERROR - 2019-08-02 15:01:01 --> 404 Page Not Found: Assets/images
ERROR - 2019-08-02 15:01:01 --> 404 Page Not Found: Assets/images
ERROR - 2019-08-02 15:01:01 --> 404 Page Not Found: Assets/images
ERROR - 2019-08-02 15:01:01 --> 404 Page Not Found: Assets/images
ERROR - 2019-08-02 15:01:02 --> 404 Page Not Found: Assets/images
ERROR - 2019-08-02 15:01:02 --> 404 Page Not Found: Assets/images
ERROR - 2019-08-02 15:01:02 --> 404 Page Not Found: Assets/images
ERROR - 2019-08-02 15:01:02 --> 404 Page Not Found: Assets/images
ERROR - 2019-08-02 15:01:02 --> 404 Page Not Found: Assets/images
ERROR - 2019-08-02 15:01:02 --> 404 Page Not Found: Assets/images
ERROR - 2019-08-02 15:01:02 --> 404 Page Not Found: Assets/images
ERROR - 2019-08-02 15:01:02 --> 404 Page Not Found: Assets/images
ERROR - 2019-08-02 15:01:04 --> 404 Page Not Found: Assets/images
ERROR - 2019-08-02 15:01:04 --> 404 Page Not Found: Assets/images
ERROR - 2019-08-02 15:01:04 --> 404 Page Not Found: Assets/images
ERROR - 2019-08-02 15:01:04 --> 404 Page Not Found: Assets/images
ERROR - 2019-08-02 15:01:05 --> 404 Page Not Found: Assets/images
ERROR - 2019-08-02 15:01:05 --> 404 Page Not Found: Assets/images
ERROR - 2019-08-02 15:01:05 --> 404 Page Not Found: Assets/images
ERROR - 2019-08-02 15:01:05 --> 404 Page Not Found: Assets/images
ERROR - 2019-08-02 15:01:12 --> 404 Page Not Found: Assets/images
ERROR - 2019-08-02 15:01:12 --> 404 Page Not Found: Assets/images
ERROR - 2019-08-02 15:01:12 --> 404 Page Not Found: Assets/images
ERROR - 2019-08-02 15:01:12 --> 404 Page Not Found: Assets/images
ERROR - 2019-08-02 15:01:16 --> 404 Page Not Found: Assets/images
ERROR - 2019-08-02 15:01:16 --> 404 Page Not Found: Assets/images
ERROR - 2019-08-02 15:01:16 --> 404 Page Not Found: Assets/images
ERROR - 2019-08-02 15:01:16 --> 404 Page Not Found: Assets/images
ERROR - 2019-08-02 15:01:18 --> 404 Page Not Found: Assets/images
ERROR - 2019-08-02 15:01:19 --> 404 Page Not Found: Assets/images
ERROR - 2019-08-02 15:01:19 --> 404 Page Not Found: Assets/images
ERROR - 2019-08-02 15:01:19 --> 404 Page Not Found: Assets/images
ERROR - 2019-08-02 15:01:19 --> 404 Page Not Found: Assets/images
ERROR - 2019-08-02 15:01:29 --> 404 Page Not Found: Assets/images
ERROR - 2019-08-02 15:01:29 --> 404 Page Not Found: Assets/images
ERROR - 2019-08-02 15:01:29 --> 404 Page Not Found: Assets/images
ERROR - 2019-08-02 15:01:29 --> 404 Page Not Found: Assets/images
ERROR - 2019-08-02 15:01:51 --> 404 Page Not Found: Assets/images
ERROR - 2019-08-02 15:01:52 --> 404 Page Not Found: Assets/images
ERROR - 2019-08-02 15:01:52 --> 404 Page Not Found: Assets/images
ERROR - 2019-08-02 15:01:52 --> 404 Page Not Found: Assets/images
ERROR - 2019-08-02 15:01:52 --> 404 Page Not Found: Assets/images
ERROR - 2019-08-02 15:02:06 --> 404 Page Not Found: Assets/images
ERROR - 2019-08-02 15:02:06 --> 404 Page Not Found: Assets/images
ERROR - 2019-08-02 15:06:19 --> 404 Page Not Found: Assets/images
ERROR - 2019-08-02 15:06:19 --> 404 Page Not Found: Assets/images
ERROR - 2019-08-02 15:06:19 --> 404 Page Not Found: Assets/images
ERROR - 2019-08-02 15:06:19 --> 404 Page Not Found: Assets/images
ERROR - 2019-08-02 15:08:46 --> 404 Page Not Found: Assets/images
ERROR - 2019-08-02 15:08:47 --> 404 Page Not Found: Assets/images
ERROR - 2019-08-02 15:08:47 --> 404 Page Not Found: Assets/images
ERROR - 2019-08-02 15:08:47 --> 404 Page Not Found: Assets/images
ERROR - 2019-08-02 15:08:47 --> 404 Page Not Found: Assets/images
ERROR - 2019-08-02 15:08:52 --> 404 Page Not Found: Assets/images
ERROR - 2019-08-02 15:08:52 --> 404 Page Not Found: Assets/images
ERROR - 2019-08-02 15:08:52 --> 404 Page Not Found: Assets/images
ERROR - 2019-08-02 15:08:52 --> 404 Page Not Found: Assets/images
ERROR - 2019-08-02 15:12:18 --> 404 Page Not Found: Assets/js
ERROR - 2019-08-02 15:12:18 --> 404 Page Not Found: Assets/js
ERROR - 2019-08-02 15:12:20 --> 404 Page Not Found: Assets/js
ERROR - 2019-08-02 15:12:20 --> 404 Page Not Found: Assets/js
ERROR - 2019-08-02 15:13:36 --> 404 Page Not Found: Assets/js
ERROR - 2019-08-02 15:13:36 --> 404 Page Not Found: Assets/js
ERROR - 2019-08-02 15:14:06 --> 404 Page Not Found: Assets/js
ERROR - 2019-08-02 15:14:06 --> 404 Page Not Found: Assets/js
ERROR - 2019-08-02 15:26:55 --> 404 Page Not Found: Assets/js
ERROR - 2019-08-02 15:26:55 --> 404 Page Not Found: Assets/js
ERROR - 2019-08-02 15:28:42 --> 404 Page Not Found: Assets/js
ERROR - 2019-08-02 15:28:42 --> 404 Page Not Found: Assets/js
ERROR - 2019-08-02 15:28:54 --> 404 Page Not Found: Assets/images
ERROR - 2019-08-02 15:28:54 --> 404 Page Not Found: Assets/images
ERROR - 2019-08-02 15:28:54 --> 404 Page Not Found: Assets/images
ERROR - 2019-08-02 15:28:54 --> 404 Page Not Found: Assets/images
ERROR - 2019-08-02 15:29:02 --> 404 Page Not Found: Assets/images
ERROR - 2019-08-02 15:29:15 --> 404 Page Not Found: Assets/js
ERROR - 2019-08-02 15:29:15 --> 404 Page Not Found: Assets/js
ERROR - 2019-08-02 15:29:27 --> 404 Page Not Found: Assets/images
ERROR - 2019-08-02 15:29:28 --> 404 Page Not Found: Assets/images
ERROR - 2019-08-02 15:29:28 --> 404 Page Not Found: Assets/images
ERROR - 2019-08-02 15:30:12 --> 404 Page Not Found: Assets/images
ERROR - 2019-08-02 15:31:25 --> 404 Page Not Found: Assets/js
ERROR - 2019-08-02 15:31:25 --> 404 Page Not Found: Assets/js
ERROR - 2019-08-02 15:31:42 --> 404 Page Not Found: Assets/images
ERROR - 2019-08-02 15:31:42 --> 404 Page Not Found: Assets/images
ERROR - 2019-08-02 15:31:43 --> 404 Page Not Found: Assets/images
ERROR - 2019-08-02 15:31:45 --> 404 Page Not Found: Assets/images
ERROR - 2019-08-02 15:31:45 --> 404 Page Not Found: Assets/images
ERROR - 2019-08-02 15:31:45 --> 404 Page Not Found: Assets/images
ERROR - 2019-08-02 15:31:51 --> 404 Page Not Found: Assets/images
ERROR - 2019-08-02 15:31:51 --> 404 Page Not Found: Assets/images
ERROR - 2019-08-02 15:31:51 --> 404 Page Not Found: Assets/images
ERROR - 2019-08-02 15:31:56 --> 404 Page Not Found: Assets/images
ERROR - 2019-08-02 15:31:57 --> 404 Page Not Found: Assets/images
ERROR - 2019-08-02 15:31:57 --> 404 Page Not Found: Assets/images
ERROR - 2019-08-02 15:38:41 --> 404 Page Not Found: Assets/js
ERROR - 2019-08-02 15:38:41 --> 404 Page Not Found: Assets/js
ERROR - 2019-08-02 15:39:12 --> 404 Page Not Found: Assets/js
ERROR - 2019-08-02 15:39:12 --> 404 Page Not Found: Assets/js
ERROR - 2019-08-02 15:39:52 --> Query error: ERRO:  OFFSET não deve ser negativo - Invalid query: SELECT "key_produtos" AS "codigo", "key_partnumber" AS "partnumber", "unidade", "descricao", "op_ca" AS "ca", "preco"
FROM fc_web_produtos_permitidos('01.449.930/0001-90', '80115120')
WHERE "descricao" LIKE  '%'
 LIMIT 10 OFFSET -10
ERROR - 2019-08-02 15:40:37 --> 404 Page Not Found: Assets/js
ERROR - 2019-08-02 15:40:37 --> 404 Page Not Found: Assets/js
ERROR - 2019-08-02 15:40:40 --> 404 Page Not Found: Assets/js
ERROR - 2019-08-02 15:40:41 --> 404 Page Not Found: Assets/js
ERROR - 2019-08-02 15:41:58 --> Query error: ERRO:  OFFSET não deve ser negativo - Invalid query: SELECT "key_produtos" AS "codigo", "key_partnumber" AS "partnumber", "unidade", "descricao", "op_ca" AS "ca", "preco"
FROM fc_web_produtos_permitidos('01.449.930/0001-90', '80115120')
WHERE "descricao" LIKE  '%'
 LIMIT 10 OFFSET -10
ERROR - 2019-08-02 15:42:56 --> 404 Page Not Found: Assets/js
ERROR - 2019-08-02 15:42:56 --> 404 Page Not Found: Assets/js
ERROR - 2019-08-02 15:42:57 --> 404 Page Not Found: Assets/js
ERROR - 2019-08-02 15:42:57 --> 404 Page Not Found: Assets/js
ERROR - 2019-08-02 15:43:15 --> 404 Page Not Found: Assets/images
ERROR - 2019-08-02 15:43:15 --> 404 Page Not Found: Assets/images
ERROR - 2019-08-02 15:43:33 --> 404 Page Not Found: Assets/images
ERROR - 2019-08-02 15:43:34 --> 404 Page Not Found: Assets/js
ERROR - 2019-08-02 15:43:34 --> 404 Page Not Found: Assets/js
ERROR - 2019-08-02 15:43:36 --> 404 Page Not Found: Assets/js
ERROR - 2019-08-02 15:43:36 --> 404 Page Not Found: Assets/js
ERROR - 2019-08-02 15:43:37 --> 404 Page Not Found: Assets/js
ERROR - 2019-08-02 15:43:37 --> 404 Page Not Found: Assets/js
ERROR - 2019-08-02 15:44:23 --> Query error: ERRO:  OFFSET não deve ser negativo - Invalid query: SELECT "key_produtos" AS "codigo", "key_partnumber" AS "partnumber", "unidade", "descricao", "op_ca" AS "ca", "preco"
FROM fc_web_produtos_permitidos('01.449.930/0001-90', '80115120')
WHERE "descricao" LIKE  '%'
 LIMIT 10 OFFSET -10
ERROR - 2019-08-02 16:12:13 --> Query error: ERRO:  OFFSET não deve ser negativo - Invalid query: SELECT "key_produtos" AS "codigo", "key_partnumber" AS "partnumber", "unidade", "descricao", "op_ca" AS "ca", "preco"
FROM fc_web_produtos_permitidos('01.449.930/0001-90', '80115120')
WHERE "descricao" LIKE  '%'
 LIMIT 10 OFFSET -10
ERROR - 2019-08-02 16:13:43 --> 404 Page Not Found: Assets/js
ERROR - 2019-08-02 16:13:43 --> 404 Page Not Found: Assets/js
ERROR - 2019-08-02 16:14:00 --> 404 Page Not Found: Assets/js
ERROR - 2019-08-02 16:14:00 --> 404 Page Not Found: Assets/js
ERROR - 2019-08-02 16:14:15 --> 404 Page Not Found: Assets/js
ERROR - 2019-08-02 16:14:15 --> 404 Page Not Found: Assets/js
