ERROR - 2018-09-24 00:00:18 --> 404 Page Not Found: Assets/js
ERROR - 2018-09-24 00:00:18 --> 404 Page Not Found: Assets/js
ERROR - 2018-09-24 00:05:51 --> 404 Page Not Found: Assets/js
ERROR - 2018-09-24 00:05:51 --> 404 Page Not Found: Assets/js
ERROR - 2018-09-24 00:11:15 --> 404 Page Not Found: Assets/js
ERROR - 2018-09-24 00:11:15 --> 404 Page Not Found: Assets/js
ERROR - 2018-09-24 00:17:52 --> 404 Page Not Found: Assets/js
ERROR - 2018-09-24 00:17:52 --> 404 Page Not Found: Assets/js
ERROR - 2018-09-24 00:20:54 --> 404 Page Not Found: Assets/js
ERROR - 2018-09-24 00:20:54 --> 404 Page Not Found: Assets/js
ERROR - 2018-09-24 00:22:05 --> 404 Page Not Found: Assets/js
ERROR - 2018-09-24 00:22:05 --> 404 Page Not Found: Assets/js
ERROR - 2018-09-24 00:24:05 --> 404 Page Not Found: Assets/js
ERROR - 2018-09-24 00:24:05 --> 404 Page Not Found: Assets/js
ERROR - 2018-09-24 00:32:34 --> 404 Page Not Found: Assets/js
ERROR - 2018-09-24 00:32:34 --> 404 Page Not Found: Assets/js
ERROR - 2018-09-24 00:34:09 --> 404 Page Not Found: Assets/js
ERROR - 2018-09-24 00:34:09 --> 404 Page Not Found: Assets/js
ERROR - 2018-09-24 00:37:27 --> 404 Page Not Found: Assets/js
ERROR - 2018-09-24 00:37:27 --> 404 Page Not Found: Assets/js
ERROR - 2018-09-24 00:42:07 --> 404 Page Not Found: Assets/js
ERROR - 2018-09-24 00:42:07 --> 404 Page Not Found: Assets/js
ERROR - 2018-09-24 00:49:16 --> 404 Page Not Found: Assets/js
ERROR - 2018-09-24 00:49:16 --> 404 Page Not Found: Assets/js
ERROR - 2018-09-24 00:51:27 --> 404 Page Not Found: Assets/js
ERROR - 2018-09-24 00:51:27 --> 404 Page Not Found: Assets/js
ERROR - 2018-09-24 00:53:03 --> 404 Page Not Found: Assets/js
ERROR - 2018-09-24 00:53:03 --> 404 Page Not Found: Assets/js
ERROR - 2018-09-24 00:56:22 --> 404 Page Not Found: Assets/js
ERROR - 2018-09-24 00:56:22 --> 404 Page Not Found: Assets/js
ERROR - 2018-09-24 00:58:54 --> 404 Page Not Found: Assets/js
ERROR - 2018-09-24 00:58:54 --> 404 Page Not Found: Assets/js
ERROR - 2018-09-24 09:57:56 --> 404 Page Not Found: Assets/js
ERROR - 2018-09-24 09:57:57 --> 404 Page Not Found: Assets/js
ERROR - 2018-09-24 10:01:54 --> 404 Page Not Found: Assets/js
ERROR - 2018-09-24 10:01:55 --> 404 Page Not Found: Assets/js
ERROR - 2018-09-24 10:02:57 --> 404 Page Not Found: Assets/js
ERROR - 2018-09-24 10:02:57 --> 404 Page Not Found: Assets/js
ERROR - 2018-09-24 10:07:34 --> 404 Page Not Found: Assets/js
ERROR - 2018-09-24 10:07:34 --> 404 Page Not Found: Assets/js
ERROR - 2018-09-24 10:12:03 --> 404 Page Not Found: Assets/js
ERROR - 2018-09-24 10:12:04 --> 404 Page Not Found: Assets/js
ERROR - 2018-09-24 10:21:25 --> 404 Page Not Found: Assets/js
ERROR - 2018-09-24 10:21:25 --> 404 Page Not Found: Assets/js
ERROR - 2018-09-24 10:35:17 --> 404 Page Not Found: Assets/js
ERROR - 2018-09-24 10:35:17 --> 404 Page Not Found: Assets/js
ERROR - 2018-09-24 10:36:59 --> 404 Page Not Found: Assets/js
ERROR - 2018-09-24 10:36:59 --> 404 Page Not Found: Assets/js
ERROR - 2018-09-24 10:43:49 --> 404 Page Not Found: Assets/js
ERROR - 2018-09-24 10:43:49 --> 404 Page Not Found: Assets/js
ERROR - 2018-09-24 10:48:14 --> 404 Page Not Found: Assets/js
ERROR - 2018-09-24 10:48:14 --> 404 Page Not Found: Assets/js
ERROR - 2018-09-24 10:56:41 --> 404 Page Not Found: Assets/js
ERROR - 2018-09-24 10:56:41 --> 404 Page Not Found: Assets/js
ERROR - 2018-09-24 10:59:57 --> 404 Page Not Found: Assets/js
ERROR - 2018-09-24 10:59:58 --> 404 Page Not Found: Assets/js
ERROR - 2018-09-24 11:08:01 --> 404 Page Not Found: Assets/js
ERROR - 2018-09-24 11:08:01 --> 404 Page Not Found: Assets/js
ERROR - 2018-09-24 11:11:05 --> 404 Page Not Found: Assets/js
ERROR - 2018-09-24 11:11:05 --> 404 Page Not Found: Assets/js
ERROR - 2018-09-24 11:26:34 --> 404 Page Not Found: Assets/js
ERROR - 2018-09-24 11:26:34 --> 404 Page Not Found: Assets/js
ERROR - 2018-09-24 11:30:58 --> 404 Page Not Found: Assets/js
ERROR - 2018-09-24 11:30:58 --> 404 Page Not Found: Assets/js
ERROR - 2018-09-24 11:33:11 --> 404 Page Not Found: Assets/js
ERROR - 2018-09-24 11:33:11 --> 404 Page Not Found: Assets/js
ERROR - 2018-09-24 11:34:21 --> 404 Page Not Found: Assets/js
ERROR - 2018-09-24 11:34:21 --> 404 Page Not Found: Assets/js
ERROR - 2018-09-24 11:45:47 --> Severity: Notice --> Use of undefined constant console - assumed 'console' C:\laragon\www\webpedidos\application\controllers\pedido\Template.php 242
ERROR - 2018-09-24 11:45:48 --> Severity: Warning --> log() expects parameter 1 to be float, string given C:\laragon\www\webpedidos\application\controllers\pedido\Template.php 242
ERROR - 2018-09-24 11:49:31 --> 404 Page Not Found: Assets/js
ERROR - 2018-09-24 11:49:31 --> 404 Page Not Found: Assets/js
ERROR - 2018-09-24 11:53:23 --> 404 Page Not Found: Assets/js
ERROR - 2018-09-24 11:53:23 --> 404 Page Not Found: Assets/js
ERROR - 2018-09-24 11:54:34 --> Severity: Notice --> Use of undefined constant console - assumed 'console' C:\laragon\www\webpedidos\application\controllers\pedido\Template.php 242
ERROR - 2018-09-24 11:54:34 --> Severity: Warning --> log() expects parameter 1 to be float, string given C:\laragon\www\webpedidos\application\controllers\pedido\Template.php 242
ERROR - 2018-09-24 12:00:10 --> 404 Page Not Found: Assets/js
ERROR - 2018-09-24 12:00:10 --> 404 Page Not Found: Assets/js
ERROR - 2018-09-24 12:07:57 --> 404 Page Not Found: Assets/js
ERROR - 2018-09-24 12:07:57 --> 404 Page Not Found: Assets/js
ERROR - 2018-09-24 14:13:24 --> 404 Page Not Found: Assets/js
ERROR - 2018-09-24 14:13:24 --> 404 Page Not Found: Assets/js
ERROR - 2018-09-24 14:13:28 --> Severity: Notice --> Use of undefined constant console - assumed 'console' C:\laragon\www\webpedidos\application\controllers\pedido\Template.php 242
ERROR - 2018-09-24 14:13:28 --> Severity: Warning --> log() expects parameter 1 to be float, string given C:\laragon\www\webpedidos\application\controllers\pedido\Template.php 242
ERROR - 2018-09-24 14:15:12 --> 404 Page Not Found: Assets/js
ERROR - 2018-09-24 14:15:12 --> 404 Page Not Found: Assets/js
ERROR - 2018-09-24 14:17:06 --> 404 Page Not Found: Assets/js
ERROR - 2018-09-24 14:17:06 --> 404 Page Not Found: Assets/js
ERROR - 2018-09-24 14:17:42 --> Severity: Notice --> Undefined index: cliente C:\laragon\www\webpedidos\application\controllers\pedido\Template.php 320
ERROR - 2018-09-24 14:17:42 --> Severity: Notice --> Undefined index: cliente C:\laragon\www\webpedidos\application\controllers\pedido\Template.php 322
ERROR - 2018-09-24 14:17:42 --> Severity: Notice --> Undefined index: matricula C:\laragon\www\webpedidos\application\controllers\pedido\Template.php 324
ERROR - 2018-09-24 14:17:42 --> Severity: Notice --> Undefined index: id C:\laragon\www\webpedidos\application\controllers\pedido\Template.php 342
ERROR - 2018-09-24 14:17:42 --> Query error: ERRO:  relação "templates_funcionarios_itens" não existe
LINE 2: FROM "templates_funcionarios_itens"
             ^ - Invalid query: SELECT "key_produtos" AS "codigo", "quantidade", "key_partnumber" AS "partnumber", (SELECT preco FROM produtos WHERE codigo = key_produtos LIMIT 1) AS preco
FROM "templates_funcionarios_itens"
WHERE "key_templates_funcionarios" IS NULL
ERROR - 2018-09-24 14:19:45 --> 404 Page Not Found: Assets/js
ERROR - 2018-09-24 14:19:45 --> 404 Page Not Found: Assets/js
ERROR - 2018-09-24 14:19:59 --> Severity: Notice --> Undefined index: cliente C:\laragon\www\webpedidos\application\controllers\pedido\Template.php 320
ERROR - 2018-09-24 14:19:59 --> Severity: Notice --> Undefined index: cliente C:\laragon\www\webpedidos\application\controllers\pedido\Template.php 322
ERROR - 2018-09-24 14:19:59 --> Severity: Notice --> Undefined index: matricula C:\laragon\www\webpedidos\application\controllers\pedido\Template.php 324
ERROR - 2018-09-24 14:19:59 --> Severity: Notice --> Undefined index: id C:\laragon\www\webpedidos\application\controllers\pedido\Template.php 342
ERROR - 2018-09-24 14:19:59 --> Query error: ERRO:  relação "templates_funcionarios_itens" não existe
LINE 2: FROM "templates_funcionarios_itens"
             ^ - Invalid query: SELECT "key_produtos" AS "codigo", "quantidade", "key_partnumber" AS "partnumber", (SELECT preco FROM produtos WHERE codigo = key_produtos LIMIT 1) AS preco
FROM "templates_funcionarios_itens"
WHERE "key_templates_funcionarios" IS NULL
ERROR - 2018-09-24 14:20:42 --> Severity: Notice --> Undefined index: cliente C:\laragon\www\webpedidos\application\controllers\pedido\Template.php 320
ERROR - 2018-09-24 14:20:42 --> Severity: Notice --> Undefined index: cliente C:\laragon\www\webpedidos\application\controllers\pedido\Template.php 322
ERROR - 2018-09-24 14:20:42 --> Severity: Notice --> Undefined index: matricula C:\laragon\www\webpedidos\application\controllers\pedido\Template.php 324
ERROR - 2018-09-24 14:20:42 --> Severity: Notice --> Undefined index: id C:\laragon\www\webpedidos\application\controllers\pedido\Template.php 342
ERROR - 2018-09-24 14:20:42 --> Query error: ERRO:  relação "templates_funcionarios_itens" não existe
LINE 2: FROM "templates_funcionarios_itens"
             ^ - Invalid query: SELECT "key_produtos" AS "codigo", "quantidade", "key_partnumber" AS "partnumber", (SELECT preco FROM produtos WHERE codigo = key_produtos LIMIT 1) AS preco
FROM "templates_funcionarios_itens"
WHERE "key_templates_funcionarios" IS NULL
ERROR - 2018-09-24 14:34:41 --> 404 Page Not Found: Assets/js
ERROR - 2018-09-24 14:34:41 --> 404 Page Not Found: Assets/js
ERROR - 2018-09-24 14:39:08 --> Query error: ERRO:  relação "templates_funcionarios_itens" não existe
LINE 2: FROM "templates_funcionarios_itens"
             ^ - Invalid query: SELECT "key_produtos" AS "codigo", "quantidade", "key_partnumber" AS "partnumber", (SELECT preco FROM produtos WHERE codigo = key_produtos LIMIT 1) AS preco
FROM "templates_funcionarios_itens"
WHERE "key_templates_funcionarios" IS NULL
ERROR - 2018-09-24 14:39:20 --> 404 Page Not Found: Assets/js
ERROR - 2018-09-24 14:39:20 --> 404 Page Not Found: Assets/js
ERROR - 2018-09-24 14:40:53 --> Query error: ERRO:  relação "templates_funcionarios_itens" não existe
LINE 2: FROM "templates_funcionarios_itens"
             ^ - Invalid query: SELECT "key_produtos" AS "codigo", "quantidade", "key_partnumber" AS "partnumber", (SELECT preco FROM produtos WHERE codigo = key_produtos LIMIT 1) AS preco
FROM "templates_funcionarios_itens"
WHERE "key_templates_funcionarios" IS NULL
ERROR - 2018-09-24 15:00:22 --> 404 Page Not Found: Assets/js
ERROR - 2018-09-24 15:00:22 --> 404 Page Not Found: Assets/js
ERROR - 2018-09-24 15:01:58 --> 404 Page Not Found: Assets/js
ERROR - 2018-09-24 15:01:58 --> 404 Page Not Found: Assets/js
ERROR - 2018-09-24 15:02:07 --> Severity: error --> Exception: syntax error, unexpected '$this' (T_VARIABLE) C:\laragon\www\webpedidos\application\controllers\pedido\Template.php 281
ERROR - 2018-09-24 15:02:59 --> 404 Page Not Found: Assets/js
ERROR - 2018-09-24 15:02:59 --> 404 Page Not Found: Assets/js
ERROR - 2018-09-24 15:04:04 --> Severity: Notice --> Use of undefined constant console - assumed 'console' C:\laragon\www\webpedidos\application\controllers\pedido\Template.php 279
ERROR - 2018-09-24 15:04:04 --> Severity: Warning --> log() expects parameter 1 to be float, string given C:\laragon\www\webpedidos\application\controllers\pedido\Template.php 279
ERROR - 2018-09-24 15:04:05 --> Severity: Notice --> Use of undefined constant console - assumed 'console' C:\laragon\www\webpedidos\application\controllers\pedido\Template.php 294
ERROR - 2018-09-24 15:04:05 --> Severity: Warning --> log() expects parameter 1 to be float, string given C:\laragon\www\webpedidos\application\controllers\pedido\Template.php 294
ERROR - 2018-09-24 15:04:05 --> Severity: Notice --> Use of undefined constant console - assumed 'console' C:\laragon\www\webpedidos\application\controllers\pedido\Template.php 295
ERROR - 2018-09-24 15:04:05 --> Severity: Warning --> log() expects parameter 1 to be float, array given C:\laragon\www\webpedidos\application\controllers\pedido\Template.php 295
ERROR - 2018-09-24 15:04:05 --> Severity: Notice --> Use of undefined constant console - assumed 'console' C:\laragon\www\webpedidos\application\controllers\pedido\Template.php 309
ERROR - 2018-09-24 15:04:05 --> Severity: Warning --> log() expects parameter 1 to be float, array given C:\laragon\www\webpedidos\application\controllers\pedido\Template.php 309
ERROR - 2018-09-24 15:04:05 --> Severity: Notice --> Use of undefined constant console - assumed 'console' C:\laragon\www\webpedidos\application\controllers\pedido\Template.php 310
ERROR - 2018-09-24 15:04:05 --> Severity: Notice --> Use of undefined constant console - assumed 'console' C:\laragon\www\webpedidos\application\controllers\pedido\Template.php 311
ERROR - 2018-09-24 15:04:05 --> Severity: Warning --> log() expects parameter 1 to be float, string given C:\laragon\www\webpedidos\application\controllers\pedido\Template.php 311
ERROR - 2018-09-24 15:04:05 --> Severity: Notice --> Use of undefined constant console - assumed 'console' C:\laragon\www\webpedidos\application\controllers\pedido\Template.php 312
ERROR - 2018-09-24 15:04:05 --> Severity: Notice --> Use of undefined constant console - assumed 'console' C:\laragon\www\webpedidos\application\controllers\pedido\Template.php 313
ERROR - 2018-09-24 15:04:05 --> Severity: Notice --> A non well formed numeric value encountered C:\laragon\www\webpedidos\application\controllers\pedido\Template.php 313
ERROR - 2018-09-24 15:04:05 --> Severity: Notice --> Use of undefined constant console - assumed 'console' C:\laragon\www\webpedidos\application\controllers\pedido\Template.php 314
ERROR - 2018-09-24 15:04:05 --> Severity: Notice --> Use of undefined constant console - assumed 'console' C:\laragon\www\webpedidos\application\controllers\pedido\Template.php 315
ERROR - 2018-09-24 15:04:05 --> Severity: Notice --> Use of undefined constant console - assumed 'console' C:\laragon\www\webpedidos\application\controllers\pedido\Template.php 316
ERROR - 2018-09-24 15:04:05 --> Severity: Notice --> A non well formed numeric value encountered C:\laragon\www\webpedidos\application\controllers\pedido\Template.php 316
ERROR - 2018-09-24 15:04:05 --> Severity: Notice --> Use of undefined constant console - assumed 'console' C:\laragon\www\webpedidos\application\controllers\pedido\Template.php 317
ERROR - 2018-09-24 15:04:05 --> Severity: Notice --> A non well formed numeric value encountered C:\laragon\www\webpedidos\application\controllers\pedido\Template.php 317
ERROR - 2018-09-24 15:04:05 --> Query error: ERRO:  relação "templates_funcionarios_itens" não existe
LINE 2: FROM "templates_funcionarios_itens"
             ^ - Invalid query: SELECT "key_produtos" AS "codigo", "quantidade", "key_partnumber" AS "partnumber", (SELECT preco FROM produtos WHERE codigo = key_produtos LIMIT 1) AS preco
FROM "templates_funcionarios_itens"
WHERE "key_templates_funcionarios" IS NULL
ERROR - 2018-09-24 15:04:05 --> Severity: Warning --> Cannot modify header information - headers already sent by (output started at C:\laragon\www\system\core\Exceptions.php:271) C:\laragon\www\system\core\Common.php 570
ERROR - 2018-09-24 15:08:28 --> 404 Page Not Found: Assets/js
ERROR - 2018-09-24 15:08:28 --> 404 Page Not Found: Assets/js
ERROR - 2018-09-24 15:08:54 --> Severity: Notice --> Array to string conversion C:\laragon\www\webpedidos\application\controllers\pedido\Template.php 295
ERROR - 2018-09-24 15:08:54 --> Severity: Notice --> Array to string conversion C:\laragon\www\webpedidos\application\controllers\pedido\Template.php 309
ERROR - 2018-09-24 15:08:54 --> Query error: ERRO:  relação "templates_funcionarios_itens" não existe
LINE 2: FROM "templates_funcionarios_itens"
             ^ - Invalid query: SELECT "key_produtos" AS "codigo", "quantidade", "key_partnumber" AS "partnumber", (SELECT preco FROM produtos WHERE codigo = key_produtos LIMIT 1) AS preco
FROM "templates_funcionarios_itens"
WHERE "key_templates_funcionarios" IS NULL
ERROR - 2018-09-24 15:15:31 --> 404 Page Not Found: Assets/js
ERROR - 2018-09-24 15:15:31 --> 404 Page Not Found: Assets/js
ERROR - 2018-09-24 15:16:32 --> Severity: Notice --> Use of undefined constant JSON - assumed 'JSON' C:\laragon\www\webpedidos\application\controllers\pedido\Template.php 295
ERROR - 2018-09-24 15:16:32 --> Severity: error --> Exception: Call to undefined function stringify() C:\laragon\www\webpedidos\application\controllers\pedido\Template.php 295
ERROR - 2018-09-24 15:17:41 --> 404 Page Not Found: Assets/js
ERROR - 2018-09-24 15:17:41 --> 404 Page Not Found: Assets/js
ERROR - 2018-09-24 15:18:34 --> Severity: Notice --> Use of undefined constant JSON - assumed 'JSON' C:\laragon\www\webpedidos\application\controllers\pedido\Template.php 295
ERROR - 2018-09-24 15:18:34 --> Severity: error --> Exception: Call to undefined function stringify() C:\laragon\www\webpedidos\application\controllers\pedido\Template.php 295
ERROR - 2018-09-24 15:19:09 --> 404 Page Not Found: Assets/js
ERROR - 2018-09-24 15:19:10 --> 404 Page Not Found: Assets/js
ERROR - 2018-09-24 15:19:40 --> Severity: 4096 --> Object of class Funcionario_model could not be converted to string C:\laragon\www\webpedidos\application\controllers\pedido\Template.php 295
ERROR - 2018-09-24 15:19:40 --> Severity: Notice --> Array to string conversion C:\laragon\www\webpedidos\application\controllers\pedido\Template.php 309
ERROR - 2018-09-24 15:19:40 --> Query error: ERRO:  relação "templates_funcionarios_itens" não existe
LINE 2: FROM "templates_funcionarios_itens"
             ^ - Invalid query: SELECT "key_produtos" AS "codigo", "quantidade", "key_partnumber" AS "partnumber", (SELECT preco FROM produtos WHERE codigo = key_produtos LIMIT 1) AS preco
FROM "templates_funcionarios_itens"
WHERE "key_templates_funcionarios" IS NULL
ERROR - 2018-09-24 15:20:18 --> 404 Page Not Found: Assets/js
ERROR - 2018-09-24 15:20:18 --> 404 Page Not Found: Assets/js
ERROR - 2018-09-24 15:20:57 --> Severity: Notice --> Array to string conversion C:\laragon\www\webpedidos\application\controllers\pedido\Template.php 309
ERROR - 2018-09-24 15:20:57 --> Query error: ERRO:  relação "templates_funcionarios_itens" não existe
LINE 2: FROM "templates_funcionarios_itens"
             ^ - Invalid query: SELECT "key_produtos" AS "codigo", "quantidade", "key_partnumber" AS "partnumber", (SELECT preco FROM produtos WHERE codigo = key_produtos LIMIT 1) AS preco
FROM "templates_funcionarios_itens"
WHERE "key_templates_funcionarios" IS NULL
ERROR - 2018-09-24 15:22:07 --> 404 Page Not Found: Assets/js
ERROR - 2018-09-24 15:22:07 --> 404 Page Not Found: Assets/js
ERROR - 2018-09-24 15:22:22 --> Severity: Notice --> Array to string conversion C:\laragon\www\webpedidos\application\controllers\pedido\Template.php 310
ERROR - 2018-09-24 15:22:23 --> Query error: ERRO:  relação "templates_funcionarios_itens" não existe
LINE 2: FROM "templates_funcionarios_itens"
             ^ - Invalid query: SELECT "key_produtos" AS "codigo", "quantidade", "key_partnumber" AS "partnumber", (SELECT preco FROM produtos WHERE codigo = key_produtos LIMIT 1) AS preco
FROM "templates_funcionarios_itens"
WHERE "key_templates_funcionarios" IS NULL
ERROR - 2018-09-24 15:32:47 --> 404 Page Not Found: Assets/js
ERROR - 2018-09-24 15:32:47 --> 404 Page Not Found: Assets/js
ERROR - 2018-09-24 15:34:13 --> Severity: Notice --> Array to string conversion C:\laragon\www\webpedidos\application\controllers\pedido\Template.php 310
ERROR - 2018-09-24 15:34:14 --> Query error: ERRO:  relação "templates_funcionarios_itens" não existe
LINE 2: FROM "templates_funcionarios_itens"
             ^ - Invalid query: SELECT "key_produtos" AS "codigo", "quantidade", "key_partnumber" AS "partnumber", (SELECT preco FROM produtos WHERE codigo = key_produtos LIMIT 1) AS preco
FROM "templates_funcionarios_itens"
WHERE "key_templates_funcionarios" IS NULL
ERROR - 2018-09-24 15:36:59 --> 404 Page Not Found: Assets/js
ERROR - 2018-09-24 15:37:00 --> 404 Page Not Found: Assets/js
ERROR - 2018-09-24 15:37:20 --> Severity: Notice --> Array to string conversion C:\laragon\www\webpedidos\application\controllers\pedido\Template.php 310
ERROR - 2018-09-24 15:37:20 --> Query error: ERRO:  relação "templates_funcionarios_itens" não existe
LINE 2: FROM "templates_funcionarios_itens"
             ^ - Invalid query: SELECT "key_produtos" AS "codigo", "quantidade", "key_partnumber" AS "partnumber", (SELECT preco FROM produtos WHERE codigo = key_produtos LIMIT 1) AS preco
FROM "templates_funcionarios_itens"
WHERE "key_templates_funcionarios" IS NULL
ERROR - 2018-09-24 19:15:34 --> 404 Page Not Found: Assets/js
ERROR - 2018-09-24 19:15:34 --> 404 Page Not Found: Assets/js
ERROR - 2018-09-24 19:18:34 --> 404 Page Not Found: Assets/js
ERROR - 2018-09-24 19:18:34 --> 404 Page Not Found: Assets/js
ERROR - 2018-09-24 19:19:02 --> Severity: Notice --> Array to string conversion C:\laragon\www\webpedidos\application\controllers\pedido\Template.php 310
ERROR - 2018-09-24 19:19:02 --> Query error: ERRO:  relação "templates_funcionarios_itens" não existe
LINE 2: FROM "templates_funcionarios_itens"
             ^ - Invalid query: SELECT "key_produtos" AS "codigo", "quantidade", "key_partnumber" AS "partnumber", (SELECT preco FROM produtos WHERE codigo = key_produtos LIMIT 1) AS preco
FROM "templates_funcionarios_itens"
WHERE "key_templates_funcionarios" IS NULL
ERROR - 2018-09-24 19:46:30 --> 404 Page Not Found: Assets/js
ERROR - 2018-09-24 19:46:30 --> 404 Page Not Found: Assets/js
ERROR - 2018-09-24 19:47:47 --> 404 Page Not Found: Assets/js
ERROR - 2018-09-24 19:47:48 --> 404 Page Not Found: Assets/js
ERROR - 2018-09-24 19:54:14 --> 404 Page Not Found: Assets/js
ERROR - 2018-09-24 19:54:14 --> 404 Page Not Found: Assets/js
ERROR - 2018-09-24 19:56:26 --> 404 Page Not Found: Assets/js
ERROR - 2018-09-24 19:56:26 --> 404 Page Not Found: Assets/js
ERROR - 2018-09-24 19:59:59 --> 404 Page Not Found: Assets/js
ERROR - 2018-09-24 19:59:59 --> 404 Page Not Found: Assets/js
ERROR - 2018-09-24 20:07:10 --> 404 Page Not Found: Assets/js
ERROR - 2018-09-24 20:07:10 --> 404 Page Not Found: Assets/js
ERROR - 2018-09-24 20:08:38 --> 404 Page Not Found: Assets/js
ERROR - 2018-09-24 20:08:38 --> 404 Page Not Found: Assets/js
ERROR - 2018-09-24 20:20:25 --> 404 Page Not Found: Assets/js
ERROR - 2018-09-24 20:20:25 --> 404 Page Not Found: Assets/js
ERROR - 2018-09-24 21:51:40 --> 404 Page Not Found: Assets/js
ERROR - 2018-09-24 21:51:40 --> 404 Page Not Found: Assets/js
ERROR - 2018-09-24 21:59:58 --> 404 Page Not Found: Assets/js
ERROR - 2018-09-24 21:59:58 --> 404 Page Not Found: Assets/js
ERROR - 2018-09-24 22:03:38 --> 404 Page Not Found: Assets/js
ERROR - 2018-09-24 22:03:39 --> 404 Page Not Found: Assets/js
ERROR - 2018-09-24 22:05:19 --> 404 Page Not Found: Assets/js
ERROR - 2018-09-24 22:05:19 --> 404 Page Not Found: Assets/js
ERROR - 2018-09-24 22:10:19 --> 404 Page Not Found: Assets/js
ERROR - 2018-09-24 22:10:19 --> 404 Page Not Found: Assets/js
ERROR - 2018-09-24 22:15:36 --> 404 Page Not Found: Assets/js
ERROR - 2018-09-24 22:15:36 --> 404 Page Not Found: Assets/js
ERROR - 2018-09-24 22:20:45 --> 404 Page Not Found: Assets/js
ERROR - 2018-09-24 22:20:45 --> 404 Page Not Found: Assets/js
ERROR - 2018-09-24 22:21:57 --> 404 Page Not Found: Assets/js
ERROR - 2018-09-24 22:21:57 --> 404 Page Not Found: Assets/js
ERROR - 2018-09-24 22:24:23 --> 404 Page Not Found: Assets/js
ERROR - 2018-09-24 22:24:23 --> 404 Page Not Found: Assets/js
ERROR - 2018-09-24 22:28:16 --> Severity: Notice --> Use of undefined constant console - assumed 'console' C:\laragon\www\webpedidos\application\controllers\pedido\Template.php 242
ERROR - 2018-09-24 22:28:16 --> Severity: Warning --> log() expects parameter 1 to be float, string given C:\laragon\www\webpedidos\application\controllers\pedido\Template.php 242
ERROR - 2018-09-24 22:29:16 --> 404 Page Not Found: Assets/js
ERROR - 2018-09-24 22:29:16 --> 404 Page Not Found: Assets/js
ERROR - 2018-09-24 22:38:34 --> 404 Page Not Found: Assets/js
ERROR - 2018-09-24 22:38:34 --> 404 Page Not Found: Assets/js
ERROR - 2018-09-24 22:39:44 --> 404 Page Not Found: Assets/js
ERROR - 2018-09-24 22:39:44 --> 404 Page Not Found: Assets/js
ERROR - 2018-09-24 22:40:50 --> 404 Page Not Found: Assets/js
ERROR - 2018-09-24 22:40:50 --> 404 Page Not Found: Assets/js
ERROR - 2018-09-24 22:41:26 --> Severity: Notice --> Use of undefined constant system - assumed 'system' C:\laragon\www\webpedidos\application\controllers\pedido\Template.php 241
ERROR - 2018-09-24 22:41:26 --> Severity: Notice --> Use of undefined constant out - assumed 'out' C:\laragon\www\webpedidos\application\controllers\pedido\Template.php 241
ERROR - 2018-09-24 22:41:26 --> Severity: error --> Exception: Call to undefined function println() C:\laragon\www\webpedidos\application\controllers\pedido\Template.php 241
ERROR - 2018-09-24 22:41:53 --> 404 Page Not Found: Assets/js
ERROR - 2018-09-24 22:41:53 --> 404 Page Not Found: Assets/js
ERROR - 2018-09-24 22:43:21 --> 404 Page Not Found: Assets/js
ERROR - 2018-09-24 22:43:21 --> 404 Page Not Found: Assets/js
ERROR - 2018-09-24 22:47:28 --> 404 Page Not Found: Assets/js
ERROR - 2018-09-24 22:47:28 --> 404 Page Not Found: Assets/js
ERROR - 2018-09-24 22:50:27 --> 404 Page Not Found: Assets/js
ERROR - 2018-09-24 22:50:27 --> 404 Page Not Found: Assets/js
ERROR - 2018-09-24 22:54:11 --> 404 Page Not Found: Assets/js
ERROR - 2018-09-24 22:54:11 --> 404 Page Not Found: Assets/js
