ERROR - 2020-01-14 11:57:21 --> Severity: Notice --> Only variables should be passed by reference C:\wamp64\www\webpedidos\application\controllers\recebimento\recebe.php 19
ERROR - 2020-01-14 11:57:21 --> 404 Page Not Found: recebimento/Recebe/index
ERROR - 2020-01-14 12:05:48 --> Severity: Notice --> Array to string conversion C:\wamp64\www\webpedidos\application\controllers\recebimento\recebe.php 22
ERROR - 2020-01-14 12:05:48 --> 404 Page Not Found: recebimento/Recebe/index
ERROR - 2020-01-14 12:06:46 --> Severity: Notice --> Only variables should be passed by reference C:\wamp64\www\webpedidos\application\controllers\recebimento\recebe.php 19
ERROR - 2020-01-14 12:06:46 --> 404 Page Not Found: recebimento/Recebe/index
ERROR - 2020-01-14 12:09:06 --> Severity: Notice --> Only variables should be passed by reference C:\wamp64\www\webpedidos\application\controllers\recebimento\recebe.php 20
ERROR - 2020-01-14 12:09:06 --> 404 Page Not Found: recebimento/Recebe/index
ERROR - 2020-01-14 12:09:29 --> Severity: Notice --> Only variables should be passed by reference C:\wamp64\www\webpedidos\application\controllers\recebimento\recebe.php 20
ERROR - 2020-01-14 12:09:29 --> 404 Page Not Found: recebimento/Recebe/index
ERROR - 2020-01-14 12:10:08 --> Severity: Notice --> Only variables should be passed by reference C:\wamp64\www\webpedidos\application\controllers\recebimento\recebe.php 20
ERROR - 2020-01-14 12:10:08 --> 404 Page Not Found: recebimento/Recebe/index
ERROR - 2020-01-14 12:10:09 --> Severity: Notice --> Only variables should be passed by reference C:\wamp64\www\webpedidos\application\controllers\recebimento\recebe.php 20
ERROR - 2020-01-14 12:10:09 --> 404 Page Not Found: recebimento/Recebe/index
ERROR - 2020-01-14 12:10:10 --> Severity: Notice --> Only variables should be passed by reference C:\wamp64\www\webpedidos\application\controllers\recebimento\recebe.php 20
ERROR - 2020-01-14 12:10:10 --> 404 Page Not Found: recebimento/Recebe/index
ERROR - 2020-01-14 12:10:10 --> Severity: Notice --> Only variables should be passed by reference C:\wamp64\www\webpedidos\application\controllers\recebimento\recebe.php 20
ERROR - 2020-01-14 12:10:10 --> 404 Page Not Found: recebimento/Recebe/index
ERROR - 2020-01-14 12:10:20 --> Severity: Notice --> Only variables should be passed by reference C:\wamp64\www\webpedidos\application\controllers\recebimento\recebe.php 20
ERROR - 2020-01-14 12:10:20 --> 404 Page Not Found: recebimento/Recebe/index
ERROR - 2020-01-14 12:10:41 --> Severity: Notice --> Array to string conversion C:\wamp64\www\webpedidos\application\controllers\recebimento\recebe.php 23
ERROR - 2020-01-14 12:10:41 --> 404 Page Not Found: recebimento/Recebe/index
ERROR - 2020-01-14 12:10:49 --> Severity: Notice --> Array to string conversion C:\wamp64\www\webpedidos\application\controllers\recebimento\recebe.php 23
ERROR - 2020-01-14 12:10:49 --> 404 Page Not Found: recebimento/Recebe/index
ERROR - 2020-01-14 12:11:31 --> Severity: Notice --> Only variables should be passed by reference C:\wamp64\www\webpedidos\application\controllers\recebimento\recebe.php 20
ERROR - 2020-01-14 12:11:31 --> 404 Page Not Found: recebimento/Recebe/index
ERROR - 2020-01-14 12:15:28 --> 404 Page Not Found: recebimento/Recebe/index
ERROR - 2020-01-14 16:57:47 --> Query error: ERRO:  relação "vendas" não existe
LINE 2: FROM "vendas" "v"
             ^ - Invalid query: SELECT DISTINCT "rm", "recebido"
FROM "vendas" "v"
WHERE "v"."key_funcionarios" = ''
AND "v"."key_clientes" = ''
ERROR - 2020-01-14 16:58:23 --> Query error: ERRO:  relação "vendas" não existe
LINE 2: FROM "vendas" "v"
             ^ - Invalid query: SELECT DISTINCT "rm", "recebido"
FROM "vendas" "v"
WHERE "v"."key_funcionarios" = ''
AND "v"."key_clientes" = ''
ERROR - 2020-01-14 16:59:47 --> Severity: error --> Exception: Using $this when not in object context C:\wamp64\www\webpedidos\application\controllers\recebimento\recebe.php 32
