ERROR - 2017-09-20 12:46:56 --> Severity: Notice --> Undefined index: senha_token C:\Apache24\htdocs\developement\webpedidos\application\controllers\Autenticacao.php 116
ERROR - 2017-09-20 12:46:56 --> Severity: Notice --> Undefined index: senha_md5 C:\Apache24\htdocs\developement\webpedidos\application\models\usuario\Usuario_model.php 88
ERROR - 2017-09-20 12:46:56 --> Query error: ERRO:  relação "web_usuario_senhas_old" não existe
LINE 2: FROM "web_usuario_senhas_old"
             ^ - Invalid query: SELECT COUNT(*) AS "numrows"
FROM "web_usuario_senhas_old"
WHERE "key_usuario" = '231641'
ERROR - 2017-09-20 12:47:12 --> Severity: Notice --> Undefined index: senha_token C:\Apache24\htdocs\developement\webpedidos\application\controllers\Autenticacao.php 116
ERROR - 2017-09-20 12:47:12 --> Severity: Notice --> Undefined index: senha_md5 C:\Apache24\htdocs\developement\webpedidos\application\models\usuario\Usuario_model.php 88
ERROR - 2017-09-20 12:47:12 --> Query error: ERRO:  relação "web_usuario_senhas_old" não existe
LINE 2: FROM "web_usuario_senhas_old"
             ^ - Invalid query: SELECT COUNT(*) AS "numrows"
FROM "web_usuario_senhas_old"
WHERE "key_usuario" = '231641'
ERROR - 2017-09-20 13:38:38 --> Severity: Notice --> Undefined variable: title C:\Apache24\htdocs\developement\webpedidos\application\views\templates\header_inicial.php 10
ERROR - 2017-09-20 13:38:45 --> Severity: Notice --> Undefined variable: title C:\Apache24\htdocs\developement\webpedidos\application\views\templates\header_inicial.php 10
ERROR - 2017-09-20 13:38:47 --> Severity: Notice --> Undefined variable: title C:\Apache24\htdocs\developement\webpedidos\application\views\templates\header_inicial.php 10
ERROR - 2017-09-20 14:17:11 --> 404 Page Not Found: Assets/images
ERROR - 2017-09-20 14:17:11 --> 404 Page Not Found: Assets/images
ERROR - 2017-09-20 14:17:11 --> 404 Page Not Found: Assets/images
ERROR - 2017-09-20 14:17:11 --> 404 Page Not Found: Assets/images
ERROR - 2017-09-20 14:17:11 --> 404 Page Not Found: Assets/images
ERROR - 2017-09-20 14:17:11 --> 404 Page Not Found: Assets/images
ERROR - 2017-09-20 14:17:11 --> 404 Page Not Found: Assets/images
ERROR - 2017-09-20 14:17:11 --> 404 Page Not Found: Assets/images
ERROR - 2017-09-20 14:17:11 --> 404 Page Not Found: Assets/images
ERROR - 2017-09-20 14:17:11 --> 404 Page Not Found: Assets/images
ERROR - 2017-09-20 14:17:12 --> 404 Page Not Found: Assets/images
ERROR - 2017-09-20 14:17:12 --> 404 Page Not Found: Assets/images
ERROR - 2017-09-20 14:17:13 --> 404 Page Not Found: Assets/images
ERROR - 2017-09-20 14:17:13 --> 404 Page Not Found: Assets/images
ERROR - 2017-09-20 14:17:14 --> 404 Page Not Found: Assets/images
ERROR - 2017-09-20 14:17:15 --> 404 Page Not Found: Assets/images
ERROR - 2017-09-20 14:17:17 --> 404 Page Not Found: Assets/images
ERROR - 2017-09-20 14:17:17 --> 404 Page Not Found: Assets/images
ERROR - 2017-09-20 14:17:21 --> 404 Page Not Found: Assets/images
ERROR - 2017-09-20 14:17:21 --> 404 Page Not Found: Assets/images
ERROR - 2017-09-20 14:17:22 --> 404 Page Not Found: Assets/images
ERROR - 2017-09-20 14:17:22 --> 404 Page Not Found: Assets/images
ERROR - 2017-09-20 14:17:22 --> 404 Page Not Found: Assets/images
ERROR - 2017-09-20 14:17:22 --> 404 Page Not Found: Assets/images
ERROR - 2017-09-20 14:17:22 --> 404 Page Not Found: Assets/images
ERROR - 2017-09-20 14:17:26 --> 404 Page Not Found: Assets/images
ERROR - 2017-09-20 14:17:26 --> 404 Page Not Found: Assets/images
ERROR - 2017-09-20 14:17:26 --> 404 Page Not Found: Assets/images
ERROR - 2017-09-20 14:17:26 --> 404 Page Not Found: Assets/images
ERROR - 2017-09-20 14:17:26 --> 404 Page Not Found: Assets/images
ERROR - 2017-09-20 14:17:26 --> 404 Page Not Found: Assets/images
ERROR - 2017-09-20 14:17:26 --> 404 Page Not Found: Assets/images
ERROR - 2017-09-20 14:17:26 --> 404 Page Not Found: Assets/images
ERROR - 2017-09-20 14:17:26 --> 404 Page Not Found: Assets/images
ERROR - 2017-09-20 14:17:27 --> 404 Page Not Found: Assets/images
ERROR - 2017-09-20 14:17:29 --> 404 Page Not Found: Assets/images
ERROR - 2017-09-20 14:17:29 --> 404 Page Not Found: Assets/images
ERROR - 2017-09-20 14:17:29 --> 404 Page Not Found: Assets/images
ERROR - 2017-09-20 14:17:29 --> 404 Page Not Found: Assets/images
ERROR - 2017-09-20 14:17:29 --> 404 Page Not Found: Assets/images
ERROR - 2017-09-20 14:17:29 --> 404 Page Not Found: Assets/images
ERROR - 2017-09-20 14:17:29 --> 404 Page Not Found: Assets/images
ERROR - 2017-09-20 14:17:29 --> 404 Page Not Found: Assets/images
ERROR - 2017-09-20 14:17:29 --> 404 Page Not Found: Assets/images
ERROR - 2017-09-20 14:17:29 --> 404 Page Not Found: Assets/images
ERROR - 2017-09-20 14:17:31 --> 404 Page Not Found: Assets/images
ERROR - 2017-09-20 14:17:31 --> 404 Page Not Found: Assets/images
ERROR - 2017-09-20 14:17:31 --> 404 Page Not Found: Assets/images
ERROR - 2017-09-20 14:17:31 --> 404 Page Not Found: Assets/images
ERROR - 2017-09-20 14:17:31 --> 404 Page Not Found: Assets/images
ERROR - 2017-09-20 14:17:31 --> 404 Page Not Found: Assets/images
ERROR - 2017-09-20 14:17:31 --> 404 Page Not Found: Assets/images
ERROR - 2017-09-20 14:17:31 --> 404 Page Not Found: Assets/images
ERROR - 2017-09-20 14:17:31 --> 404 Page Not Found: Assets/images
ERROR - 2017-09-20 14:17:31 --> 404 Page Not Found: Assets/images
ERROR - 2017-09-20 14:17:33 --> 404 Page Not Found: Assets/images
ERROR - 2017-09-20 14:17:33 --> 404 Page Not Found: Assets/images
ERROR - 2017-09-20 14:17:33 --> 404 Page Not Found: Assets/images
ERROR - 2017-09-20 14:17:33 --> 404 Page Not Found: Assets/images
ERROR - 2017-09-20 14:17:33 --> 404 Page Not Found: Assets/images
ERROR - 2017-09-20 14:17:33 --> 404 Page Not Found: Assets/images
ERROR - 2017-09-20 14:17:33 --> 404 Page Not Found: Assets/images
ERROR - 2017-09-20 14:17:33 --> 404 Page Not Found: Assets/images
ERROR - 2017-09-20 14:17:33 --> 404 Page Not Found: Assets/images
ERROR - 2017-09-20 14:17:33 --> 404 Page Not Found: Assets/images
ERROR - 2017-09-20 14:17:35 --> 404 Page Not Found: Assets/images
ERROR - 2017-09-20 14:17:35 --> 404 Page Not Found: Assets/images
ERROR - 2017-09-20 14:17:35 --> 404 Page Not Found: Assets/images
ERROR - 2017-09-20 14:17:35 --> 404 Page Not Found: Assets/images
ERROR - 2017-09-20 14:17:35 --> 404 Page Not Found: Assets/images
ERROR - 2017-09-20 14:17:35 --> 404 Page Not Found: Assets/images
ERROR - 2017-09-20 14:17:35 --> 404 Page Not Found: Assets/images
ERROR - 2017-09-20 14:17:35 --> 404 Page Not Found: Assets/images
ERROR - 2017-09-20 14:17:35 --> 404 Page Not Found: Assets/images
ERROR - 2017-09-20 14:17:35 --> 404 Page Not Found: Assets/images
ERROR - 2017-09-20 14:17:36 --> 404 Page Not Found: Assets/images
ERROR - 2017-09-20 14:17:36 --> 404 Page Not Found: Assets/images
ERROR - 2017-09-20 14:17:36 --> 404 Page Not Found: Assets/images
ERROR - 2017-09-20 14:17:36 --> 404 Page Not Found: Assets/images
ERROR - 2017-09-20 14:17:36 --> 404 Page Not Found: Assets/images
ERROR - 2017-09-20 14:17:36 --> 404 Page Not Found: Assets/images
ERROR - 2017-09-20 14:17:36 --> 404 Page Not Found: Assets/images
ERROR - 2017-09-20 14:17:36 --> 404 Page Not Found: Assets/images
ERROR - 2017-09-20 14:17:36 --> 404 Page Not Found: Assets/images
ERROR - 2017-09-20 14:17:36 --> 404 Page Not Found: Assets/images
ERROR - 2017-09-20 14:17:40 --> 404 Page Not Found: Assets/images
ERROR - 2017-09-20 14:17:40 --> 404 Page Not Found: Assets/images
ERROR - 2017-09-20 14:17:40 --> 404 Page Not Found: Assets/images
ERROR - 2017-09-20 14:34:13 --> 404 Page Not Found: Assets/images
ERROR - 2017-09-20 14:34:13 --> 404 Page Not Found: Assets/images
ERROR - 2017-09-20 14:34:13 --> 404 Page Not Found: Assets/images
ERROR - 2017-09-20 14:34:13 --> 404 Page Not Found: Assets/images
ERROR - 2017-09-20 14:34:13 --> 404 Page Not Found: Assets/images
ERROR - 2017-09-20 14:34:13 --> 404 Page Not Found: Assets/images
ERROR - 2017-09-20 14:34:13 --> 404 Page Not Found: Assets/images
ERROR - 2017-09-20 14:34:13 --> 404 Page Not Found: Assets/images
ERROR - 2017-09-20 14:34:13 --> 404 Page Not Found: Assets/images
ERROR - 2017-09-20 14:34:13 --> 404 Page Not Found: Assets/images
ERROR - 2017-09-20 14:34:13 --> 404 Page Not Found: Assets/images
ERROR - 2017-09-20 14:34:14 --> 404 Page Not Found: Assets/images
ERROR - 2017-09-20 14:34:14 --> 404 Page Not Found: Assets/images
ERROR - 2017-09-20 14:34:14 --> 404 Page Not Found: Assets/images
ERROR - 2017-09-20 14:34:15 --> 404 Page Not Found: Assets/images
ERROR - 2017-09-20 14:34:15 --> 404 Page Not Found: Assets/images
ERROR - 2017-09-20 14:34:17 --> 404 Page Not Found: Assets/images
ERROR - 2017-09-20 14:34:17 --> 404 Page Not Found: Assets/images
ERROR - 2017-09-20 14:34:19 --> 404 Page Not Found: Assets/images
ERROR - 2017-09-20 14:34:19 --> 404 Page Not Found: Assets/images
ERROR - 2017-09-20 14:34:19 --> 404 Page Not Found: Assets/images
ERROR - 2017-09-20 14:34:19 --> 404 Page Not Found: Assets/images
ERROR - 2017-09-20 14:34:19 --> 404 Page Not Found: Assets/images
ERROR - 2017-09-20 14:34:19 --> 404 Page Not Found: Assets/images
ERROR - 2017-09-20 14:34:19 --> 404 Page Not Found: Assets/images
ERROR - 2017-09-20 14:34:19 --> 404 Page Not Found: Assets/images
ERROR - 2017-09-20 14:34:19 --> 404 Page Not Found: Assets/images
ERROR - 2017-09-20 14:34:19 --> 404 Page Not Found: Assets/images
ERROR - 2017-09-20 14:34:23 --> 404 Page Not Found: Assets/images
ERROR - 2017-09-20 14:34:23 --> 404 Page Not Found: Assets/images
ERROR - 2017-09-20 14:34:23 --> 404 Page Not Found: Assets/images
ERROR - 2017-09-20 14:34:23 --> 404 Page Not Found: Assets/images
ERROR - 2017-09-20 14:34:23 --> 404 Page Not Found: Assets/images
ERROR - 2017-09-20 14:34:23 --> 404 Page Not Found: Assets/images
ERROR - 2017-09-20 14:34:23 --> 404 Page Not Found: Assets/images
ERROR - 2017-09-20 14:34:23 --> 404 Page Not Found: Assets/images
ERROR - 2017-09-20 14:51:28 --> 404 Page Not Found: Notificacao/notificacao
ERROR - 2017-09-20 14:51:31 --> 404 Page Not Found: Notificacao/notificacao
ERROR - 2017-09-20 15:21:07 --> 404 Page Not Found: Notificacao/notificacao
ERROR - 2017-09-20 15:24:11 --> 404 Page Not Found: Notificacao/notificacao
ERROR - 2017-09-20 15:57:40 --> 404 Page Not Found: Notificacao/notificacao
ERROR - 2017-09-20 16:28:10 --> 404 Page Not Found: Assets/images
ERROR - 2017-09-20 16:28:10 --> 404 Page Not Found: Assets/images
ERROR - 2017-09-20 16:28:10 --> 404 Page Not Found: Assets/images
ERROR - 2017-09-20 16:28:10 --> 404 Page Not Found: Assets/images
ERROR - 2017-09-20 16:28:10 --> 404 Page Not Found: Assets/images
ERROR - 2017-09-20 16:28:10 --> 404 Page Not Found: Assets/images
ERROR - 2017-09-20 16:28:10 --> 404 Page Not Found: Assets/images
ERROR - 2017-09-20 16:28:10 --> 404 Page Not Found: Assets/images
ERROR - 2017-09-20 16:28:10 --> 404 Page Not Found: Assets/images
ERROR - 2017-09-20 16:28:10 --> 404 Page Not Found: Assets/images
ERROR - 2017-09-20 16:29:24 --> 404 Page Not Found: Assets/images
ERROR - 2017-09-20 16:29:26 --> Query error: ERRO:  OFFSET não deve ser negativo - Invalid query: SELECT "key_produtos" AS "codigo", "key_partnumber" AS "partnumber", "unidade", "descricao", "op_ca" AS "ca", "preco"
FROM fc_web_produtos_permitidos_ghe('60.892.403/0015-10', '')
WHERE "descricao" LIKE  '2%'
 LIMIT 10 OFFSET -10
ERROR - 2017-09-20 16:29:30 --> Query error: ERRO:  OFFSET não deve ser negativo - Invalid query: SELECT "key_produtos" AS "codigo", "key_partnumber" AS "partnumber", "unidade", "descricao", "op_ca" AS "ca", "preco"
FROM fc_web_produtos_permitidos_ghe('60.892.403/0015-10', '')
WHERE "descricao" LIKE  '3%'
 LIMIT 10 OFFSET -10
ERROR - 2017-09-20 16:29:32 --> Query error: ERRO:  OFFSET não deve ser negativo - Invalid query: SELECT "key_produtos" AS "codigo", "key_partnumber" AS "partnumber", "unidade", "descricao", "op_ca" AS "ca", "preco"
FROM fc_web_produtos_permitidos_ghe('60.892.403/0015-10', '')
WHERE "descricao" LIKE  '3%'
 LIMIT 10 OFFSET -10
ERROR - 2017-09-20 16:29:45 --> 404 Page Not Found: Assets/images
ERROR - 2017-09-20 16:29:45 --> 404 Page Not Found: Assets/images
ERROR - 2017-09-20 16:29:45 --> 404 Page Not Found: Assets/images
ERROR - 2017-09-20 16:29:45 --> 404 Page Not Found: Assets/images
ERROR - 2017-09-20 16:29:45 --> 404 Page Not Found: Assets/images
ERROR - 2017-09-20 16:29:45 --> 404 Page Not Found: Assets/images
ERROR - 2017-09-20 16:29:45 --> 404 Page Not Found: Assets/images
ERROR - 2017-09-20 16:29:45 --> 404 Page Not Found: Assets/images
ERROR - 2017-09-20 16:29:45 --> 404 Page Not Found: Assets/images
ERROR - 2017-09-20 16:29:45 --> 404 Page Not Found: Assets/images
ERROR - 2017-09-20 16:29:46 --> 404 Page Not Found: Assets/images
ERROR - 2017-09-20 16:29:46 --> 404 Page Not Found: Assets/images
ERROR - 2017-09-20 16:29:48 --> Query error: ERRO:  OFFSET não deve ser negativo - Invalid query: SELECT "key_produtos" AS "codigo", "key_partnumber" AS "partnumber", "unidade", "descricao", "op_ca" AS "ca", "preco"
FROM fc_web_produtos_permitidos_ghe('60.892.403/0015-10', '')
WHERE "descricao" LIKE  '4%'
 LIMIT 10 OFFSET -10
ERROR - 2017-09-20 16:29:51 --> Query error: ERRO:  OFFSET não deve ser negativo - Invalid query: SELECT "key_produtos" AS "codigo", "key_partnumber" AS "partnumber", "unidade", "descricao", "op_ca" AS "ca", "preco"
FROM fc_web_produtos_permitidos_ghe('60.892.403/0015-10', '')
WHERE "descricao" LIKE  '3%'
 LIMIT 10 OFFSET -10
ERROR - 2017-09-20 16:29:52 --> Query error: ERRO:  OFFSET não deve ser negativo - Invalid query: SELECT "key_produtos" AS "codigo", "key_partnumber" AS "partnumber", "unidade", "descricao", "op_ca" AS "ca", "preco"
FROM fc_web_produtos_permitidos_ghe('60.892.403/0015-10', '')
WHERE "descricao" LIKE  '2%'
 LIMIT 10 OFFSET -10
ERROR - 2017-09-20 16:29:54 --> Query error: ERRO:  OFFSET não deve ser negativo - Invalid query: SELECT "key_produtos" AS "codigo", "key_partnumber" AS "partnumber", "unidade", "descricao", "op_ca" AS "ca", "preco"
FROM fc_web_produtos_permitidos_ghe('60.892.403/0015-10', '')
WHERE "descricao" LIKE  '2%'
 LIMIT 10 OFFSET -10
ERROR - 2017-09-20 16:29:55 --> Query error: ERRO:  OFFSET não deve ser negativo - Invalid query: SELECT "key_produtos" AS "codigo", "key_partnumber" AS "partnumber", "unidade", "descricao", "op_ca" AS "ca", "preco"
FROM fc_web_produtos_permitidos_ghe('60.892.403/0015-10', '')
WHERE "descricao" LIKE  '2%'
 LIMIT 10 OFFSET -10
ERROR - 2017-09-20 16:29:59 --> Query error: ERRO:  OFFSET não deve ser negativo - Invalid query: SELECT "key_produtos" AS "codigo", "key_partnumber" AS "partnumber", "unidade", "descricao", "op_ca" AS "ca", "preco"
FROM fc_web_produtos_permitidos_ghe('60.892.403/0015-10', 'OCU')
WHERE "descricao" LIKE  '1%'
 LIMIT 10 OFFSET -10
ERROR - 2017-09-20 16:29:59 --> Query error: ERRO:  OFFSET não deve ser negativo - Invalid query: SELECT "key_produtos" AS "codigo", "key_partnumber" AS "partnumber", "unidade", "descricao", "op_ca" AS "ca", "preco"
FROM fc_web_produtos_permitidos_ghe('60.892.403/0015-10', 'OCUO')
WHERE "descricao" LIKE  '1%'
 LIMIT 10 OFFSET -10
ERROR - 2017-09-20 16:29:59 --> Query error: ERRO:  OFFSET não deve ser negativo - Invalid query: SELECT "key_produtos" AS "codigo", "key_partnumber" AS "partnumber", "unidade", "descricao", "op_ca" AS "ca", "preco"
FROM fc_web_produtos_permitidos_ghe('60.892.403/0015-10', 'OCUO')
WHERE "descricao" LIKE  '1%'
 LIMIT 10 OFFSET -10
ERROR - 2017-09-20 16:30:00 --> Query error: ERRO:  OFFSET não deve ser negativo - Invalid query: SELECT "key_produtos" AS "codigo", "key_partnumber" AS "partnumber", "unidade", "descricao", "op_ca" AS "ca", "preco"
FROM fc_web_produtos_permitidos_ghe('60.892.403/0015-10', 'OCU')
WHERE "descricao" LIKE  '1%'
 LIMIT 10 OFFSET -10
ERROR - 2017-09-20 16:30:01 --> Query error: ERRO:  OFFSET não deve ser negativo - Invalid query: SELECT "key_produtos" AS "codigo", "key_partnumber" AS "partnumber", "unidade", "descricao", "op_ca" AS "ca", "preco"
FROM fc_web_produtos_permitidos_ghe('60.892.403/0015-10', 'OCUL')
WHERE "descricao" LIKE  '1%'
 LIMIT 10 OFFSET -10
ERROR - 2017-09-20 16:30:03 --> Query error: ERRO:  OFFSET não deve ser negativo - Invalid query: SELECT "key_produtos" AS "codigo", "key_partnumber" AS "partnumber", "unidade", "descricao", "op_ca" AS "ca", "preco"
FROM fc_web_produtos_permitidos_ghe('60.892.403/0015-10', 'OCU')
WHERE "descricao" LIKE  '1%'
 LIMIT 10 OFFSET -10
ERROR - 2017-09-20 16:30:03 --> Query error: ERRO:  OFFSET não deve ser negativo - Invalid query: SELECT "key_produtos" AS "codigo", "key_partnumber" AS "partnumber", "unidade", "descricao", "op_ca" AS "ca", "preco"
FROM fc_web_produtos_permitidos_ghe('60.892.403/0015-10', '')
WHERE "descricao" LIKE  '1%'
 LIMIT 10 OFFSET -10
ERROR - 2017-09-20 16:30:06 --> Query error: ERRO:  OFFSET não deve ser negativo - Invalid query: SELECT "key_produtos" AS "codigo", "key_partnumber" AS "partnumber", "unidade", "descricao", "op_ca" AS "ca", "preco"
FROM fc_web_produtos_permitidos_ghe('60.892.403/0015-10', 'BOT')
WHERE "descricao" LIKE  '1%'
 LIMIT 10 OFFSET -10
ERROR - 2017-09-20 16:30:06 --> Query error: ERRO:  OFFSET não deve ser negativo - Invalid query: SELECT "key_produtos" AS "codigo", "key_partnumber" AS "partnumber", "unidade", "descricao", "op_ca" AS "ca", "preco"
FROM fc_web_produtos_permitidos_ghe('60.892.403/0015-10', 'BOTN')
WHERE "descricao" LIKE  '1%'
 LIMIT 10 OFFSET -10
ERROR - 2017-09-20 16:30:07 --> Query error: ERRO:  OFFSET não deve ser negativo - Invalid query: SELECT "key_produtos" AS "codigo", "key_partnumber" AS "partnumber", "unidade", "descricao", "op_ca" AS "ca", "preco"
FROM fc_web_produtos_permitidos_ghe('60.892.403/0015-10', 'BOT')
WHERE "descricao" LIKE  '1%'
 LIMIT 10 OFFSET -10
ERROR - 2017-09-20 16:30:08 --> Query error: ERRO:  OFFSET não deve ser negativo - Invalid query: SELECT "key_produtos" AS "codigo", "key_partnumber" AS "partnumber", "unidade", "descricao", "op_ca" AS "ca", "preco"
FROM fc_web_produtos_permitidos_ghe('60.892.403/0015-10', 'BOTI')
WHERE "descricao" LIKE  '1%'
 LIMIT 10 OFFSET -10
ERROR - 2017-09-20 16:30:08 --> Query error: ERRO:  OFFSET não deve ser negativo - Invalid query: SELECT "key_produtos" AS "codigo", "key_partnumber" AS "partnumber", "unidade", "descricao", "op_ca" AS "ca", "preco"
FROM fc_web_produtos_permitidos_ghe('60.892.403/0015-10', 'BOTIN')
WHERE "descricao" LIKE  '1%'
 LIMIT 10 OFFSET -10
ERROR - 2017-09-20 16:30:09 --> Query error: ERRO:  OFFSET não deve ser negativo - Invalid query: SELECT "key_produtos" AS "codigo", "key_partnumber" AS "partnumber", "unidade", "descricao", "op_ca" AS "ca", "preco"
FROM fc_web_produtos_permitidos_ghe('60.892.403/0015-10', 'BOTINA')
WHERE "descricao" LIKE  '1%'
 LIMIT 10 OFFSET -10
ERROR - 2017-09-20 16:30:09 --> Query error: ERRO:  OFFSET não deve ser negativo - Invalid query: SELECT "key_produtos" AS "codigo", "key_partnumber" AS "partnumber", "unidade", "descricao", "op_ca" AS "ca", "preco"
FROM fc_web_produtos_permitidos_ghe('60.892.403/0015-10', 'BOTINA')
WHERE "descricao" LIKE  '1%'
 LIMIT 10 OFFSET -10
ERROR - 2017-09-20 16:30:12 --> Query error: ERRO:  OFFSET não deve ser negativo - Invalid query: SELECT "key_produtos" AS "codigo", "key_partnumber" AS "partnumber", "unidade", "descricao", "op_ca" AS "ca", "preco"
FROM fc_web_produtos_permitidos_ghe('60.892.403/0015-10', 'BOTINA')
WHERE "descricao" LIKE  '1%'
 LIMIT 10 OFFSET -10
ERROR - 2017-09-20 16:30:20 --> 404 Page Not Found: Assets/images
ERROR - 2017-09-20 16:30:20 --> 404 Page Not Found: Assets/images
ERROR - 2017-09-20 16:30:20 --> 404 Page Not Found: Assets/images
ERROR - 2017-09-20 16:30:20 --> 404 Page Not Found: Assets/images
ERROR - 2017-09-20 16:30:20 --> 404 Page Not Found: Assets/images
ERROR - 2017-09-20 16:30:20 --> 404 Page Not Found: Assets/images
ERROR - 2017-09-20 16:30:20 --> 404 Page Not Found: Assets/images
ERROR - 2017-09-20 16:30:20 --> 404 Page Not Found: Assets/images
ERROR - 2017-09-20 16:30:20 --> 404 Page Not Found: Assets/images
ERROR - 2017-09-20 16:30:20 --> 404 Page Not Found: Assets/images
ERROR - 2017-09-20 16:30:21 --> 404 Page Not Found: Assets/images
ERROR - 2017-09-20 16:30:21 --> 404 Page Not Found: Assets/images
ERROR - 2017-09-20 16:30:21 --> 404 Page Not Found: Assets/images
ERROR - 2017-09-20 16:30:21 --> 404 Page Not Found: Assets/images
ERROR - 2017-09-20 16:30:22 --> 404 Page Not Found: Assets/images
ERROR - 2017-09-20 16:30:25 --> 404 Page Not Found: Assets/images
ERROR - 2017-09-20 16:30:27 --> 404 Page Not Found: Assets/images
ERROR - 2017-09-20 16:30:34 --> 404 Page Not Found: Assets/images
ERROR - 2017-09-20 16:30:34 --> 404 Page Not Found: Assets/images
ERROR - 2017-09-20 16:30:36 --> Query error: ERRO:  OFFSET não deve ser negativo - Invalid query: SELECT "key_produtos" AS "codigo", "key_partnumber" AS "partnumber", "unidade", "descricao", "op_ca" AS "ca", "preco"
FROM fc_web_produtos_permitidos_ghe('60.892.403/0015-10', 'BOTINA')
WHERE "descricao" LIKE  '2%'
 LIMIT 10 OFFSET -10
ERROR - 2017-09-20 16:30:53 --> 404 Page Not Found: Assets/images
ERROR - 2017-09-20 16:30:53 --> 404 Page Not Found: Assets/images
ERROR - 2017-09-20 16:30:53 --> 404 Page Not Found: Assets/images
ERROR - 2017-09-20 16:30:53 --> 404 Page Not Found: Assets/images
ERROR - 2017-09-20 16:30:53 --> 404 Page Not Found: Assets/images
ERROR - 2017-09-20 16:30:53 --> 404 Page Not Found: Assets/images
ERROR - 2017-09-20 16:30:53 --> 404 Page Not Found: Assets/images
ERROR - 2017-09-20 16:30:53 --> 404 Page Not Found: Assets/images
ERROR - 2017-09-20 16:30:53 --> 404 Page Not Found: Assets/images
ERROR - 2017-09-20 16:30:53 --> 404 Page Not Found: Assets/images
ERROR - 2017-09-20 16:31:02 --> 404 Page Not Found: Assets/images
ERROR - 2017-09-20 16:31:03 --> Query error: ERRO:  OFFSET não deve ser negativo - Invalid query: SELECT "key_produtos" AS "codigo", "key_partnumber" AS "partnumber", "unidade", "descricao", "op_ca" AS "ca", "preco"
FROM fc_web_produtos_permitidos_ghe('60.892.403/0015-10', 'BOTINA')
WHERE "descricao" LIKE  '3%'
 LIMIT 10 OFFSET -10
ERROR - 2017-09-20 16:31:06 --> Query error: ERRO:  OFFSET não deve ser negativo - Invalid query: SELECT "key_produtos" AS "codigo", "key_partnumber" AS "partnumber", "unidade", "descricao", "op_ca" AS "ca", "preco"
FROM fc_web_produtos_permitidos_ghe('60.892.403/0015-10', 'BOTINA')
WHERE "descricao" LIKE  '2%'
 LIMIT 10 OFFSET -10
ERROR - 2017-09-20 16:31:08 --> Query error: ERRO:  OFFSET não deve ser negativo - Invalid query: SELECT "key_produtos" AS "codigo", "key_partnumber" AS "partnumber", "unidade", "descricao", "op_ca" AS "ca", "preco"
FROM fc_web_produtos_permitidos_ghe('60.892.403/0015-10', 'BOTINA')
WHERE "descricao" LIKE  '1%'
 LIMIT 10 OFFSET -10
ERROR - 2017-09-20 16:31:10 --> Query error: ERRO:  OFFSET não deve ser negativo - Invalid query: SELECT "key_produtos" AS "codigo", "key_partnumber" AS "partnumber", "unidade", "descricao", "op_ca" AS "ca", "preco"
FROM fc_web_produtos_permitidos_ghe('60.892.403/0015-10', 'BOTINA')
WHERE "descricao" LIKE  '2%'
 LIMIT 10 OFFSET -10
ERROR - 2017-09-20 16:31:11 --> Query error: ERRO:  OFFSET não deve ser negativo - Invalid query: SELECT "key_produtos" AS "codigo", "key_partnumber" AS "partnumber", "unidade", "descricao", "op_ca" AS "ca", "preco"
FROM fc_web_produtos_permitidos_ghe('60.892.403/0015-10', 'BOTINA')
WHERE "descricao" LIKE  '3%'
 LIMIT 10 OFFSET -10
ERROR - 2017-09-20 16:31:13 --> Query error: ERRO:  OFFSET não deve ser negativo - Invalid query: SELECT "key_produtos" AS "codigo", "key_partnumber" AS "partnumber", "unidade", "descricao", "op_ca" AS "ca", "preco"
FROM fc_web_produtos_permitidos_ghe('60.892.403/0015-10', '')
WHERE "descricao" LIKE  '1%'
 LIMIT 10 OFFSET -10
ERROR - 2017-09-20 16:31:15 --> Query error: ERRO:  OFFSET não deve ser negativo - Invalid query: SELECT "key_produtos" AS "codigo", "key_partnumber" AS "partnumber", "unidade", "descricao", "op_ca" AS "ca", "preco"
FROM fc_web_produtos_permitidos_ghe('60.892.403/0015-10', '')
WHERE "descricao" LIKE  '1%'
 LIMIT 10 OFFSET -10
ERROR - 2017-09-20 16:31:21 --> 404 Page Not Found: Assets/images
ERROR - 2017-09-20 16:31:21 --> 404 Page Not Found: Assets/images
ERROR - 2017-09-20 16:31:21 --> 404 Page Not Found: Assets/images
ERROR - 2017-09-20 16:31:21 --> 404 Page Not Found: Assets/images
ERROR - 2017-09-20 16:31:21 --> 404 Page Not Found: Assets/images
ERROR - 2017-09-20 16:31:21 --> 404 Page Not Found: Assets/images
ERROR - 2017-09-20 16:31:21 --> 404 Page Not Found: Assets/images
ERROR - 2017-09-20 16:31:21 --> 404 Page Not Found: Assets/images
ERROR - 2017-09-20 16:31:21 --> 404 Page Not Found: Assets/images
ERROR - 2017-09-20 16:31:21 --> 404 Page Not Found: Assets/images
ERROR - 2017-09-20 16:31:22 --> 404 Page Not Found: Assets/images
ERROR - 2017-09-20 16:31:23 --> 404 Page Not Found: Assets/images
ERROR - 2017-09-20 16:31:23 --> 404 Page Not Found: Assets/images
ERROR - 2017-09-20 16:31:33 --> Query error: ERRO:  OFFSET não deve ser negativo - Invalid query: SELECT "key_produtos" AS "codigo", "key_partnumber" AS "partnumber", "unidade", "descricao", "op_ca" AS "ca", "preco"
FROM fc_web_produtos_permitidos_ghe('60.892.403/0015-10', '')
WHERE "descricao" LIKE  '2%'
 LIMIT 10 OFFSET -10
ERROR - 2017-09-20 16:32:04 --> 404 Page Not Found: Assets/images
ERROR - 2017-09-20 16:32:04 --> 404 Page Not Found: Assets/images
ERROR - 2017-09-20 16:32:04 --> 404 Page Not Found: Assets/images
ERROR - 2017-09-20 16:32:04 --> 404 Page Not Found: Assets/images
ERROR - 2017-09-20 16:32:04 --> 404 Page Not Found: Assets/images
ERROR - 2017-09-20 16:32:04 --> 404 Page Not Found: Assets/images
ERROR - 2017-09-20 16:32:04 --> 404 Page Not Found: Assets/images
ERROR - 2017-09-20 16:32:04 --> 404 Page Not Found: Assets/images
ERROR - 2017-09-20 16:32:04 --> 404 Page Not Found: Assets/images
ERROR - 2017-09-20 16:32:04 --> 404 Page Not Found: Assets/images
ERROR - 2017-09-20 16:32:04 --> 404 Page Not Found: Assets/images
ERROR - 2017-09-20 16:32:05 --> 404 Page Not Found: Assets/images
ERROR - 2017-09-20 16:32:06 --> 404 Page Not Found: Assets/images
ERROR - 2017-09-20 16:32:06 --> Query error: ERRO:  OFFSET não deve ser negativo - Invalid query: SELECT "key_produtos" AS "codigo", "key_partnumber" AS "partnumber", "unidade", "descricao", "op_ca" AS "ca", "preco"
FROM fc_web_produtos_permitidos_ghe('60.892.403/0015-10', '')
WHERE "descricao" LIKE  '3%'
 LIMIT 10 OFFSET -10
ERROR - 2017-09-20 16:32:09 --> Query error: ERRO:  OFFSET não deve ser negativo - Invalid query: SELECT "key_produtos" AS "codigo", "key_partnumber" AS "partnumber", "unidade", "descricao", "op_ca" AS "ca", "preco"
FROM fc_web_produtos_permitidos_ghe('60.892.403/0015-10', '')
WHERE "descricao" LIKE  '2%'
 LIMIT 10 OFFSET -10
ERROR - 2017-09-20 16:32:12 --> Query error: ERRO:  OFFSET não deve ser negativo - Invalid query: SELECT "key_produtos" AS "codigo", "key_partnumber" AS "partnumber", "unidade", "descricao", "op_ca" AS "ca", "preco"
FROM fc_web_produtos_permitidos_ghe('60.892.403/0015-10', '')
WHERE "descricao" LIKE  '1%'
 LIMIT 10 OFFSET -10
ERROR - 2017-09-20 16:32:13 --> Query error: ERRO:  OFFSET não deve ser negativo - Invalid query: SELECT "key_produtos" AS "codigo", "key_partnumber" AS "partnumber", "unidade", "descricao", "op_ca" AS "ca", "preco"
FROM fc_web_produtos_permitidos_ghe('60.892.403/0015-10', '')
WHERE "descricao" LIKE  '2%'
 LIMIT 10 OFFSET -10
ERROR - 2017-09-20 16:32:15 --> Query error: ERRO:  OFFSET não deve ser negativo - Invalid query: SELECT "key_produtos" AS "codigo", "key_partnumber" AS "partnumber", "unidade", "descricao", "op_ca" AS "ca", "preco"
FROM fc_web_produtos_permitidos_ghe('60.892.403/0015-10', '')
WHERE "descricao" LIKE  '3%'
 LIMIT 10 OFFSET -10
ERROR - 2017-09-20 16:32:40 --> 404 Page Not Found: Assets/images
ERROR - 2017-09-20 16:32:40 --> 404 Page Not Found: Assets/images
ERROR - 2017-09-20 16:32:40 --> 404 Page Not Found: Assets/images
ERROR - 2017-09-20 16:32:40 --> 404 Page Not Found: Assets/images
ERROR - 2017-09-20 16:32:40 --> 404 Page Not Found: Assets/images
ERROR - 2017-09-20 16:32:40 --> 404 Page Not Found: Assets/images
ERROR - 2017-09-20 16:32:40 --> 404 Page Not Found: Assets/images
ERROR - 2017-09-20 16:32:40 --> 404 Page Not Found: Assets/images
ERROR - 2017-09-20 16:32:40 --> 404 Page Not Found: Assets/images
ERROR - 2017-09-20 16:32:40 --> 404 Page Not Found: Assets/images
ERROR - 2017-09-20 16:33:19 --> Query error: ERRO:  OFFSET não deve ser negativo - Invalid query: SELECT "key_produtos" AS "codigo", "key_partnumber" AS "partnumber", "unidade", "descricao", "op_ca" AS "ca", "preco"
FROM fc_web_produtos_permitidos_ghe('60.892.403/0015-10', '')
WHERE "descricao" LIKE  '4%'
 LIMIT 10 OFFSET -10
ERROR - 2017-09-20 16:33:47 --> 404 Page Not Found: Assets/images
ERROR - 2017-09-20 16:33:47 --> 404 Page Not Found: Assets/images
ERROR - 2017-09-20 16:33:47 --> 404 Page Not Found: Assets/images
ERROR - 2017-09-20 16:33:47 --> 404 Page Not Found: Assets/images
ERROR - 2017-09-20 16:33:47 --> 404 Page Not Found: Assets/images
ERROR - 2017-09-20 16:33:47 --> 404 Page Not Found: Assets/images
ERROR - 2017-09-20 16:33:47 --> 404 Page Not Found: Assets/images
ERROR - 2017-09-20 16:33:47 --> 404 Page Not Found: Assets/images
ERROR - 2017-09-20 16:33:47 --> 404 Page Not Found: Assets/images
ERROR - 2017-09-20 16:33:47 --> 404 Page Not Found: Assets/images
ERROR - 2017-09-20 16:33:48 --> 404 Page Not Found: Assets/images
ERROR - 2017-09-20 16:33:48 --> 404 Page Not Found: Assets/images
ERROR - 2017-09-20 16:33:49 --> 404 Page Not Found: Assets/images
ERROR - 2017-09-20 16:33:49 --> 404 Page Not Found: Assets/images
ERROR - 2017-09-20 16:38:56 --> 404 Page Not Found: Assets/images
ERROR - 2017-09-20 16:39:19 --> 404 Page Not Found: Assets/images
ERROR - 2017-09-20 16:39:19 --> 404 Page Not Found: Assets/images
ERROR - 2017-09-20 16:39:19 --> 404 Page Not Found: Assets/images
ERROR - 2017-09-20 16:39:19 --> 404 Page Not Found: Assets/images
ERROR - 2017-09-20 16:39:19 --> 404 Page Not Found: Assets/images
ERROR - 2017-09-20 16:39:19 --> 404 Page Not Found: Assets/images
ERROR - 2017-09-20 16:39:19 --> 404 Page Not Found: Assets/images
ERROR - 2017-09-20 16:39:19 --> 404 Page Not Found: Assets/images
ERROR - 2017-09-20 16:39:19 --> 404 Page Not Found: Assets/images
ERROR - 2017-09-20 16:39:20 --> 404 Page Not Found: Assets/images
ERROR - 2017-09-20 16:39:20 --> 404 Page Not Found: Assets/images
ERROR - 2017-09-20 16:39:20 --> 404 Page Not Found: Assets/images
ERROR - 2017-09-20 16:39:20 --> 404 Page Not Found: Assets/images
ERROR - 2017-09-20 16:39:22 --> 404 Page Not Found: Assets/images
ERROR - 2017-09-20 16:39:22 --> 404 Page Not Found: Assets/images
ERROR - 2017-09-20 16:39:28 --> 404 Page Not Found: Assets/images
ERROR - 2017-09-20 16:39:28 --> 404 Page Not Found: Assets/images
ERROR - 2017-09-20 16:39:28 --> 404 Page Not Found: Assets/images
ERROR - 2017-09-20 16:39:28 --> 404 Page Not Found: Assets/images
ERROR - 2017-09-20 16:39:28 --> 404 Page Not Found: Assets/images
ERROR - 2017-09-20 16:39:28 --> 404 Page Not Found: Assets/images
ERROR - 2017-09-20 16:39:28 --> 404 Page Not Found: Assets/images
ERROR - 2017-09-20 16:39:28 --> 404 Page Not Found: Assets/images
ERROR - 2017-09-20 16:39:28 --> 404 Page Not Found: Assets/images
ERROR - 2017-09-20 16:39:28 --> 404 Page Not Found: Assets/images
ERROR - 2017-09-20 16:39:31 --> 404 Page Not Found: Assets/images
ERROR - 2017-09-20 16:39:31 --> 404 Page Not Found: Assets/images
ERROR - 2017-09-20 16:39:31 --> 404 Page Not Found: Assets/images
ERROR - 2017-09-20 16:39:31 --> 404 Page Not Found: Assets/images
ERROR - 2017-09-20 16:39:31 --> 404 Page Not Found: Assets/images
ERROR - 2017-09-20 16:39:31 --> 404 Page Not Found: Assets/images
ERROR - 2017-09-20 16:39:31 --> 404 Page Not Found: Assets/images
ERROR - 2017-09-20 16:39:31 --> 404 Page Not Found: Assets/images
ERROR - 2017-09-20 16:39:31 --> 404 Page Not Found: Assets/images
ERROR - 2017-09-20 16:39:31 --> 404 Page Not Found: Assets/images
ERROR - 2017-09-20 16:39:33 --> 404 Page Not Found: Assets/images
ERROR - 2017-09-20 16:39:33 --> 404 Page Not Found: Assets/images
ERROR - 2017-09-20 16:39:33 --> 404 Page Not Found: Assets/images
ERROR - 2017-09-20 16:39:33 --> 404 Page Not Found: Assets/images
ERROR - 2017-09-20 16:39:33 --> 404 Page Not Found: Assets/images
ERROR - 2017-09-20 16:39:33 --> 404 Page Not Found: Assets/images
ERROR - 2017-09-20 16:39:33 --> 404 Page Not Found: Assets/images
ERROR - 2017-09-20 16:39:33 --> 404 Page Not Found: Assets/images
ERROR - 2017-09-20 16:39:33 --> 404 Page Not Found: Assets/images
ERROR - 2017-09-20 16:39:33 --> 404 Page Not Found: Assets/images
ERROR - 2017-09-20 16:39:34 --> 404 Page Not Found: Assets/images
ERROR - 2017-09-20 16:39:34 --> 404 Page Not Found: Assets/images
ERROR - 2017-09-20 16:39:34 --> 404 Page Not Found: Assets/images
ERROR - 2017-09-20 16:39:34 --> 404 Page Not Found: Assets/images
ERROR - 2017-09-20 16:39:34 --> 404 Page Not Found: Assets/images
ERROR - 2017-09-20 16:39:34 --> 404 Page Not Found: Assets/images
ERROR - 2017-09-20 16:39:34 --> 404 Page Not Found: Assets/images
ERROR - 2017-09-20 16:39:34 --> 404 Page Not Found: Assets/images
ERROR - 2017-09-20 16:39:34 --> 404 Page Not Found: Assets/images
ERROR - 2017-09-20 16:39:34 --> 404 Page Not Found: Assets/images
ERROR - 2017-09-20 16:39:36 --> 404 Page Not Found: Assets/images
ERROR - 2017-09-20 16:39:36 --> 404 Page Not Found: Assets/images
ERROR - 2017-09-20 16:39:36 --> 404 Page Not Found: Assets/images
ERROR - 2017-09-20 16:39:36 --> 404 Page Not Found: Assets/images
ERROR - 2017-09-20 16:39:36 --> 404 Page Not Found: Assets/images
ERROR - 2017-09-20 16:39:36 --> 404 Page Not Found: Assets/images
ERROR - 2017-09-20 16:39:36 --> 404 Page Not Found: Assets/images
ERROR - 2017-09-20 16:39:36 --> 404 Page Not Found: Assets/images
ERROR - 2017-09-20 16:39:36 --> 404 Page Not Found: Assets/images
ERROR - 2017-09-20 16:39:36 --> 404 Page Not Found: Assets/images
ERROR - 2017-09-20 16:39:37 --> 404 Page Not Found: Assets/images
ERROR - 2017-09-20 16:39:37 --> 404 Page Not Found: Assets/images
ERROR - 2017-09-20 16:39:37 --> 404 Page Not Found: Assets/images
ERROR - 2017-09-20 16:39:37 --> 404 Page Not Found: Assets/images
ERROR - 2017-09-20 16:39:37 --> 404 Page Not Found: Assets/images
ERROR - 2017-09-20 16:39:37 --> 404 Page Not Found: Assets/images
ERROR - 2017-09-20 16:39:37 --> 404 Page Not Found: Assets/images
ERROR - 2017-09-20 16:39:37 --> 404 Page Not Found: Assets/images
ERROR - 2017-09-20 16:39:37 --> 404 Page Not Found: Assets/images
ERROR - 2017-09-20 16:39:37 --> 404 Page Not Found: Assets/images
ERROR - 2017-09-20 16:39:38 --> 404 Page Not Found: Assets/images
ERROR - 2017-09-20 16:39:38 --> 404 Page Not Found: Assets/images
ERROR - 2017-09-20 16:39:38 --> 404 Page Not Found: Assets/images
ERROR - 2017-09-20 16:39:55 --> 404 Page Not Found: Assets/images
ERROR - 2017-09-20 16:39:55 --> 404 Page Not Found: Assets/images
ERROR - 2017-09-20 16:39:55 --> 404 Page Not Found: Assets/images
ERROR - 2017-09-20 16:39:55 --> 404 Page Not Found: Assets/images
ERROR - 2017-09-20 16:39:55 --> 404 Page Not Found: Assets/images
ERROR - 2017-09-20 16:39:55 --> 404 Page Not Found: Assets/images
ERROR - 2017-09-20 16:39:55 --> 404 Page Not Found: Assets/images
ERROR - 2017-09-20 16:39:55 --> 404 Page Not Found: Assets/images
ERROR - 2017-09-20 16:39:55 --> 404 Page Not Found: Assets/images
ERROR - 2017-09-20 16:39:55 --> 404 Page Not Found: Assets/images
ERROR - 2017-09-20 16:39:56 --> 404 Page Not Found: Assets/images
ERROR - 2017-09-20 16:39:56 --> 404 Page Not Found: Assets/images
ERROR - 2017-09-20 16:39:57 --> 404 Page Not Found: Assets/images
ERROR - 2017-09-20 16:39:58 --> 404 Page Not Found: Assets/images
ERROR - 2017-09-20 16:39:58 --> 404 Page Not Found: Assets/images
ERROR - 2017-09-20 16:39:58 --> 404 Page Not Found: Assets/images
ERROR - 2017-09-20 16:39:58 --> 404 Page Not Found: Assets/images
ERROR - 2017-09-20 16:39:58 --> 404 Page Not Found: Assets/images
ERROR - 2017-09-20 16:39:58 --> 404 Page Not Found: Assets/images
ERROR - 2017-09-20 16:39:58 --> 404 Page Not Found: Assets/images
ERROR - 2017-09-20 16:39:58 --> 404 Page Not Found: Assets/images
ERROR - 2017-09-20 16:39:58 --> 404 Page Not Found: Assets/images
ERROR - 2017-09-20 16:39:58 --> 404 Page Not Found: Assets/images
ERROR - 2017-09-20 16:40:02 --> 404 Page Not Found: Assets/images
ERROR - 2017-09-20 16:40:02 --> 404 Page Not Found: Assets/images
ERROR - 2017-09-20 16:40:02 --> 404 Page Not Found: Assets/images
ERROR - 2017-09-20 16:40:02 --> 404 Page Not Found: Assets/images
ERROR - 2017-09-20 16:40:02 --> 404 Page Not Found: Assets/images
ERROR - 2017-09-20 16:40:02 --> 404 Page Not Found: Assets/images
ERROR - 2017-09-20 16:40:02 --> 404 Page Not Found: Assets/images
ERROR - 2017-09-20 16:40:02 --> 404 Page Not Found: Assets/images
ERROR - 2017-09-20 16:40:02 --> 404 Page Not Found: Assets/images
ERROR - 2017-09-20 16:40:02 --> 404 Page Not Found: Assets/images
ERROR - 2017-09-20 16:40:03 --> 404 Page Not Found: Assets/images
ERROR - 2017-09-20 16:40:03 --> 404 Page Not Found: Assets/images
ERROR - 2017-09-20 16:40:03 --> 404 Page Not Found: Assets/images
ERROR - 2017-09-20 16:40:06 --> 404 Page Not Found: Assets/images
ERROR - 2017-09-20 16:40:06 --> 404 Page Not Found: Assets/images
ERROR - 2017-09-20 16:40:06 --> 404 Page Not Found: Assets/images
ERROR - 2017-09-20 16:40:06 --> 404 Page Not Found: Assets/images
ERROR - 2017-09-20 16:40:06 --> 404 Page Not Found: Assets/images
ERROR - 2017-09-20 16:40:06 --> 404 Page Not Found: Assets/images
ERROR - 2017-09-20 16:40:06 --> 404 Page Not Found: Assets/images
ERROR - 2017-09-20 16:40:06 --> 404 Page Not Found: Assets/images
ERROR - 2017-09-20 16:40:06 --> 404 Page Not Found: Assets/images
ERROR - 2017-09-20 16:40:06 --> 404 Page Not Found: Assets/images
ERROR - 2017-09-20 16:40:07 --> 404 Page Not Found: Assets/images
ERROR - 2017-09-20 16:40:07 --> 404 Page Not Found: Assets/images
ERROR - 2017-09-20 16:40:08 --> 404 Page Not Found: Assets/images
ERROR - 2017-09-20 16:40:09 --> 404 Page Not Found: Assets/images
ERROR - 2017-09-20 16:40:09 --> 404 Page Not Found: Assets/images
ERROR - 2017-09-20 16:40:10 --> 404 Page Not Found: Assets/images
ERROR - 2017-09-20 16:40:10 --> 404 Page Not Found: Assets/images
ERROR - 2017-09-20 16:40:11 --> 404 Page Not Found: Assets/images
ERROR - 2017-09-20 16:40:11 --> 404 Page Not Found: Assets/images
ERROR - 2017-09-20 16:40:12 --> 404 Page Not Found: Assets/images
ERROR - 2017-09-20 16:40:13 --> 404 Page Not Found: Assets/images
ERROR - 2017-09-20 16:40:13 --> 404 Page Not Found: Assets/images
ERROR - 2017-09-20 16:40:14 --> 404 Page Not Found: Assets/images
ERROR - 2017-09-20 16:40:14 --> 404 Page Not Found: Assets/images
ERROR - 2017-09-20 16:40:18 --> 404 Page Not Found: Assets/images
ERROR - 2017-09-20 16:40:18 --> 404 Page Not Found: Assets/images
ERROR - 2017-09-20 16:40:18 --> 404 Page Not Found: Assets/images
ERROR - 2017-09-20 16:40:19 --> 404 Page Not Found: Assets/images
ERROR - 2017-09-20 16:40:22 --> 404 Page Not Found: Assets/images
ERROR - 2017-09-20 16:40:22 --> 404 Page Not Found: Assets/images
ERROR - 2017-09-20 16:40:22 --> 404 Page Not Found: Assets/images
ERROR - 2017-09-20 16:40:22 --> 404 Page Not Found: Assets/images
ERROR - 2017-09-20 16:40:22 --> 404 Page Not Found: Assets/images
ERROR - 2017-09-20 16:40:22 --> 404 Page Not Found: Assets/images
ERROR - 2017-09-20 16:40:22 --> 404 Page Not Found: Assets/images
ERROR - 2017-09-20 16:40:22 --> 404 Page Not Found: Assets/images
ERROR - 2017-09-20 16:40:22 --> 404 Page Not Found: Assets/images
ERROR - 2017-09-20 16:40:22 --> 404 Page Not Found: Assets/images
ERROR - 2017-09-20 16:40:23 --> 404 Page Not Found: Assets/images
ERROR - 2017-09-20 16:40:23 --> 404 Page Not Found: Assets/images
ERROR - 2017-09-20 16:40:23 --> 404 Page Not Found: Assets/images
ERROR - 2017-09-20 16:40:24 --> 404 Page Not Found: Assets/images
ERROR - 2017-09-20 16:40:24 --> 404 Page Not Found: Assets/images
ERROR - 2017-09-20 16:40:24 --> 404 Page Not Found: Assets/images
ERROR - 2017-09-20 16:40:24 --> 404 Page Not Found: Assets/images
ERROR - 2017-09-20 16:40:24 --> 404 Page Not Found: Assets/images
ERROR - 2017-09-20 16:40:24 --> 404 Page Not Found: Assets/images
ERROR - 2017-09-20 16:40:24 --> 404 Page Not Found: Assets/images
ERROR - 2017-09-20 16:40:24 --> 404 Page Not Found: Assets/images
ERROR - 2017-09-20 16:40:24 --> 404 Page Not Found: Assets/images
ERROR - 2017-09-20 16:40:24 --> 404 Page Not Found: Assets/images
ERROR - 2017-09-20 16:40:26 --> 404 Page Not Found: Assets/images
ERROR - 2017-09-20 16:40:26 --> 404 Page Not Found: Assets/images
ERROR - 2017-09-20 16:40:26 --> 404 Page Not Found: Assets/images
ERROR - 2017-09-20 16:40:26 --> 404 Page Not Found: Assets/images
ERROR - 2017-09-20 16:40:26 --> 404 Page Not Found: Assets/images
ERROR - 2017-09-20 16:40:26 --> 404 Page Not Found: Assets/images
ERROR - 2017-09-20 16:40:26 --> 404 Page Not Found: Assets/images
ERROR - 2017-09-20 16:40:26 --> 404 Page Not Found: Assets/images
ERROR - 2017-09-20 16:40:26 --> 404 Page Not Found: Assets/images
ERROR - 2017-09-20 16:40:26 --> 404 Page Not Found: Assets/images
ERROR - 2017-09-20 16:40:28 --> 404 Page Not Found: Assets/images
ERROR - 2017-09-20 16:40:28 --> 404 Page Not Found: Assets/images
ERROR - 2017-09-20 16:40:28 --> 404 Page Not Found: Assets/images
ERROR - 2017-09-20 16:40:28 --> 404 Page Not Found: Assets/images
ERROR - 2017-09-20 16:40:28 --> 404 Page Not Found: Assets/images
ERROR - 2017-09-20 16:40:28 --> 404 Page Not Found: Assets/images
ERROR - 2017-09-20 16:40:28 --> 404 Page Not Found: Assets/images
ERROR - 2017-09-20 16:40:28 --> 404 Page Not Found: Assets/images
ERROR - 2017-09-20 16:40:28 --> 404 Page Not Found: Assets/images
ERROR - 2017-09-20 16:40:29 --> 404 Page Not Found: Assets/images
ERROR - 2017-09-20 16:40:30 --> 404 Page Not Found: Assets/images
ERROR - 2017-09-20 16:40:30 --> 404 Page Not Found: Assets/images
ERROR - 2017-09-20 16:40:30 --> 404 Page Not Found: Assets/images
ERROR - 2017-09-20 16:40:30 --> 404 Page Not Found: Assets/images
ERROR - 2017-09-20 16:40:30 --> 404 Page Not Found: Assets/images
ERROR - 2017-09-20 16:40:30 --> 404 Page Not Found: Assets/images
ERROR - 2017-09-20 16:40:30 --> 404 Page Not Found: Assets/images
ERROR - 2017-09-20 16:40:30 --> 404 Page Not Found: Assets/images
ERROR - 2017-09-20 16:40:30 --> 404 Page Not Found: Assets/images
ERROR - 2017-09-20 16:40:31 --> 404 Page Not Found: Assets/images
ERROR - 2017-09-20 16:40:32 --> 404 Page Not Found: Assets/images
ERROR - 2017-09-20 16:40:32 --> 404 Page Not Found: Assets/images
ERROR - 2017-09-20 16:40:32 --> 404 Page Not Found: Assets/images
ERROR - 2017-09-20 16:40:32 --> 404 Page Not Found: Assets/images
ERROR - 2017-09-20 16:40:32 --> 404 Page Not Found: Assets/images
ERROR - 2017-09-20 16:40:32 --> 404 Page Not Found: Assets/images
ERROR - 2017-09-20 16:40:32 --> 404 Page Not Found: Assets/images
ERROR - 2017-09-20 16:40:32 --> 404 Page Not Found: Assets/images
ERROR - 2017-09-20 16:40:32 --> 404 Page Not Found: Assets/images
ERROR - 2017-09-20 16:40:32 --> 404 Page Not Found: Assets/images
ERROR - 2017-09-20 16:40:34 --> 404 Page Not Found: Assets/images
ERROR - 2017-09-20 16:40:34 --> 404 Page Not Found: Assets/images
ERROR - 2017-09-20 16:40:34 --> 404 Page Not Found: Assets/images
ERROR - 2017-09-20 16:40:34 --> 404 Page Not Found: Assets/images
ERROR - 2017-09-20 16:40:34 --> 404 Page Not Found: Assets/images
ERROR - 2017-09-20 16:40:34 --> 404 Page Not Found: Assets/images
ERROR - 2017-09-20 16:40:34 --> 404 Page Not Found: Assets/images
ERROR - 2017-09-20 16:40:34 --> 404 Page Not Found: Assets/images
ERROR - 2017-09-20 16:40:34 --> 404 Page Not Found: Assets/images
ERROR - 2017-09-20 16:40:34 --> 404 Page Not Found: Assets/images
ERROR - 2017-09-20 16:41:10 --> 404 Page Not Found: Assets/images
ERROR - 2017-09-20 16:41:10 --> 404 Page Not Found: Assets/images
ERROR - 2017-09-20 16:41:19 --> 404 Page Not Found: Assets/images
ERROR - 2017-09-20 16:41:26 --> 404 Page Not Found: Assets/images
ERROR - 2017-09-20 16:41:26 --> 404 Page Not Found: Assets/images
ERROR - 2017-09-20 16:41:29 --> 404 Page Not Found: Assets/images
ERROR - 2017-09-20 16:41:29 --> 404 Page Not Found: Assets/images
ERROR - 2017-09-20 16:41:29 --> 404 Page Not Found: Assets/images
ERROR - 2017-09-20 16:41:31 --> 404 Page Not Found: Assets/images
ERROR - 2017-09-20 16:41:33 --> 404 Page Not Found: Assets/images
ERROR - 2017-09-20 16:41:40 --> 404 Page Not Found: Assets/images
ERROR - 2017-09-20 16:41:40 --> 404 Page Not Found: Assets/images
ERROR - 2017-09-20 16:41:40 --> 404 Page Not Found: Assets/images
ERROR - 2017-09-20 16:41:40 --> 404 Page Not Found: Assets/images
ERROR - 2017-09-20 16:41:40 --> 404 Page Not Found: Assets/images
ERROR - 2017-09-20 16:41:40 --> 404 Page Not Found: Assets/images
ERROR - 2017-09-20 16:41:40 --> 404 Page Not Found: Assets/images
ERROR - 2017-09-20 16:41:40 --> 404 Page Not Found: Assets/images
ERROR - 2017-09-20 16:41:40 --> 404 Page Not Found: Assets/images
ERROR - 2017-09-20 16:41:40 --> 404 Page Not Found: Assets/images
ERROR - 2017-09-20 16:41:44 --> 404 Page Not Found: Assets/images
ERROR - 2017-09-20 16:41:46 --> 404 Page Not Found: Assets/images
ERROR - 2017-09-20 16:41:58 --> 404 Page Not Found: Assets/images
ERROR - 2017-09-20 16:41:58 --> 404 Page Not Found: Assets/images
ERROR - 2017-09-20 16:41:58 --> 404 Page Not Found: Assets/images
ERROR - 2017-09-20 16:41:58 --> 404 Page Not Found: Assets/images
ERROR - 2017-09-20 16:42:10 --> 404 Page Not Found: Assets/images
ERROR - 2017-09-20 16:42:10 --> 404 Page Not Found: Assets/images
ERROR - 2017-09-20 16:42:10 --> 404 Page Not Found: Assets/images
ERROR - 2017-09-20 16:42:10 --> 404 Page Not Found: Assets/images
ERROR - 2017-09-20 16:42:16 --> 404 Page Not Found: Assets/images
ERROR - 2017-09-20 16:42:17 --> 404 Page Not Found: Assets/images
ERROR - 2017-09-20 16:42:17 --> 404 Page Not Found: Assets/images
ERROR - 2017-09-20 16:43:03 --> 404 Page Not Found: Assets/images
ERROR - 2017-09-20 16:43:17 --> Query error: ERRO:  coluna ps.naoaprovado_motivo não existe
LINE 1: ... "cc", "s"."nome" AS "setor", "ps"."naoaprovado", "ps"."naoa...
                                                             ^
HINT:  Perhaps you meant to reference the column "ps.nooaprovado_motivo". - Invalid query: SELECT "ps"."solicitacaoid" AS "numero", "f"."nome", "ps"."data_emissao", "ps"."entrega_local" AS "entrega", "ps"."entrega_turno" AS "turno", "fs"."nome" AS "solicitante", "ps"."id_centro_custo" AS "cc", "s"."nome" AS "setor", "ps"."naoaprovado", "ps"."naoaprovado_motivo", "ps"."obs", "fa"."nome" AS "aprovador", "ps"."key_clientes", "ps"."key_funcionarios" AS "matricula", "ps"."key_funcionarios_solicitante", "ps"."key_clientes_solicitante", "ps"."id_depto" AS "depto"
FROM "pedidos_solicitacao" "ps"
JOIN "funcionarios" "f" ON "f"."matricula" = "ps"."key_funcionarios"
JOIN "funcionarios" "fs" ON "fs"."matricula" = "ps"."key_funcionarios_solicitante"
LEFT JOIN "funcionarios" "fa" ON "fa"."matricula" = "ps"."key_funcionarios_aprovador"
JOIN "setor" "s" ON "s"."id_centro_custo" = "ps"."id_centro_custo" AND "s"."id_depto" = "ps"."id_depto"
WHERE "ps"."naoaprovado" = FALSE
ORDER BY "numero" DESC
 LIMIT 10
ERROR - 2017-09-20 16:45:25 --> Query error: ERRO:  coluna ps.naoaprovado_motivo não existe
LINE 1: ... "cc", "s"."nome" AS "setor", "ps"."naoaprovado", "ps"."naoa...
                                                             ^
HINT:  Perhaps you meant to reference the column "ps.nooaprovado_motivo". - Invalid query: SELECT "ps"."solicitacaoid" AS "numero", "f"."nome", "ps"."data_emissao", "ps"."entrega_local" AS "entrega", "ps"."entrega_turno" AS "turno", "fs"."nome" AS "solicitante", "ps"."id_centro_custo" AS "cc", "s"."nome" AS "setor", "ps"."naoaprovado", "ps"."naoaprovado_motivo", "ps"."obs", "fa"."nome" AS "aprovador", "ps"."key_clientes", "ps"."key_funcionarios" AS "matricula", "ps"."key_funcionarios_solicitante", "ps"."key_clientes_solicitante", "ps"."id_depto" AS "depto"
FROM "pedidos_solicitacao" "ps"
JOIN "funcionarios" "f" ON "f"."matricula" = "ps"."key_funcionarios"
JOIN "funcionarios" "fs" ON "fs"."matricula" = "ps"."key_funcionarios_solicitante"
LEFT JOIN "funcionarios" "fa" ON "fa"."matricula" = "ps"."key_funcionarios_aprovador"
JOIN "setor" "s" ON "s"."id_centro_custo" = "ps"."id_centro_custo" AND "s"."id_depto" = "ps"."id_depto"
WHERE "ps"."naoaprovado" = FALSE
ORDER BY "numero" DESC
 LIMIT 10
ERROR - 2017-09-20 16:45:43 --> 404 Page Not Found: Assets/images
ERROR - 2017-09-20 16:45:43 --> 404 Page Not Found: Assets/images
ERROR - 2017-09-20 16:45:43 --> 404 Page Not Found: Assets/images
ERROR - 2017-09-20 16:45:43 --> 404 Page Not Found: Assets/images
ERROR - 2017-09-20 16:45:44 --> 404 Page Not Found: Assets/images
ERROR - 2017-09-20 16:45:59 --> 404 Page Not Found: Assets/images
ERROR - 2017-09-20 16:46:38 --> 404 Page Not Found: Notificacao/notificacao
ERROR - 2017-09-20 16:57:15 --> 404 Page Not Found: Assets/images
ERROR - 2017-09-20 16:57:15 --> 404 Page Not Found: Assets/images
ERROR - 2017-09-20 16:57:15 --> 404 Page Not Found: Assets/images
ERROR - 2017-09-20 16:57:15 --> 404 Page Not Found: Assets/images
ERROR - 2017-09-20 16:58:21 --> 404 Page Not Found: Assets/images
ERROR - 2017-09-20 16:58:21 --> 404 Page Not Found: Assets/images
ERROR - 2017-09-20 16:58:21 --> 404 Page Not Found: Assets/images
ERROR - 2017-09-20 16:58:22 --> 404 Page Not Found: Assets/images
ERROR - 2017-09-20 16:58:22 --> 404 Page Not Found: Assets/images
ERROR - 2017-09-20 16:58:22 --> 404 Page Not Found: Assets/images
ERROR - 2017-09-20 16:58:22 --> 404 Page Not Found: Assets/images
ERROR - 2017-09-20 16:58:22 --> 404 Page Not Found: Assets/images
ERROR - 2017-09-20 16:58:22 --> 404 Page Not Found: Assets/images
ERROR - 2017-09-20 16:58:22 --> 404 Page Not Found: Assets/images
ERROR - 2017-09-20 16:58:23 --> 404 Page Not Found: Assets/images
ERROR - 2017-09-20 16:58:23 --> 404 Page Not Found: Assets/images
ERROR - 2017-09-20 16:58:23 --> 404 Page Not Found: Assets/images
ERROR - 2017-09-20 16:58:24 --> 404 Page Not Found: Assets/images
ERROR - 2017-09-20 16:58:24 --> 404 Page Not Found: Assets/images
ERROR - 2017-09-20 16:58:25 --> 404 Page Not Found: Assets/images
ERROR - 2017-09-20 16:58:27 --> 404 Page Not Found: Assets/images
ERROR - 2017-09-20 16:58:27 --> 404 Page Not Found: Assets/images
ERROR - 2017-09-20 16:58:28 --> 404 Page Not Found: Assets/images
ERROR - 2017-09-20 16:58:28 --> 404 Page Not Found: Assets/images
ERROR - 2017-09-20 16:58:28 --> 404 Page Not Found: Assets/images
ERROR - 2017-09-20 16:58:28 --> 404 Page Not Found: Assets/images
ERROR - 2017-09-20 16:58:28 --> 404 Page Not Found: Assets/images
ERROR - 2017-09-20 16:58:28 --> 404 Page Not Found: Assets/images
ERROR - 2017-09-20 16:58:28 --> 404 Page Not Found: Assets/images
ERROR - 2017-09-20 16:58:28 --> 404 Page Not Found: Assets/images
ERROR - 2017-09-20 16:58:28 --> 404 Page Not Found: Assets/images
ERROR - 2017-09-20 16:58:28 --> 404 Page Not Found: Assets/images
ERROR - 2017-09-20 16:58:28 --> 404 Page Not Found: Assets/images
ERROR - 2017-09-20 16:58:30 --> 404 Page Not Found: Assets/images
ERROR - 2017-09-20 16:58:30 --> 404 Page Not Found: Assets/images
ERROR - 2017-09-20 16:58:30 --> 404 Page Not Found: Assets/images
ERROR - 2017-09-20 16:58:30 --> 404 Page Not Found: Assets/images
ERROR - 2017-09-20 16:58:30 --> 404 Page Not Found: Assets/images
ERROR - 2017-09-20 16:58:30 --> 404 Page Not Found: Assets/images
ERROR - 2017-09-20 16:58:30 --> 404 Page Not Found: Assets/images
ERROR - 2017-09-20 16:58:30 --> 404 Page Not Found: Assets/images
ERROR - 2017-09-20 16:58:30 --> 404 Page Not Found: Assets/images
ERROR - 2017-09-20 16:58:30 --> 404 Page Not Found: Assets/images
ERROR - 2017-09-20 16:58:30 --> 404 Page Not Found: Assets/images
ERROR - 2017-09-20 16:58:31 --> 404 Page Not Found: Assets/images
ERROR - 2017-09-20 16:58:32 --> 404 Page Not Found: Assets/images
ERROR - 2017-09-20 16:58:32 --> 404 Page Not Found: Assets/images
ERROR - 2017-09-20 16:58:32 --> 404 Page Not Found: Assets/images
ERROR - 2017-09-20 16:58:32 --> 404 Page Not Found: Assets/images
ERROR - 2017-09-20 16:58:32 --> 404 Page Not Found: Assets/images
ERROR - 2017-09-20 16:58:32 --> 404 Page Not Found: Assets/images
ERROR - 2017-09-20 16:58:33 --> 404 Page Not Found: Assets/images
ERROR - 2017-09-20 16:58:33 --> 404 Page Not Found: Assets/images
ERROR - 2017-09-20 16:58:34 --> 404 Page Not Found: Assets/images
ERROR - 2017-09-20 16:58:34 --> 404 Page Not Found: Assets/images
ERROR - 2017-09-20 16:58:34 --> 404 Page Not Found: Assets/images
ERROR - 2017-09-20 16:58:34 --> 404 Page Not Found: Assets/images
ERROR - 2017-09-20 16:58:34 --> 404 Page Not Found: Assets/images
ERROR - 2017-09-20 16:58:34 --> 404 Page Not Found: Assets/images
ERROR - 2017-09-20 16:58:34 --> 404 Page Not Found: Assets/images
ERROR - 2017-09-20 16:58:34 --> 404 Page Not Found: Assets/images
ERROR - 2017-09-20 16:58:34 --> 404 Page Not Found: Assets/images
ERROR - 2017-09-20 16:58:35 --> 404 Page Not Found: Assets/images
ERROR - 2017-09-20 16:58:35 --> 404 Page Not Found: Assets/images
ERROR - 2017-09-20 16:58:36 --> 404 Page Not Found: Assets/images
ERROR - 2017-09-20 16:58:36 --> 404 Page Not Found: Assets/images
ERROR - 2017-09-20 16:58:36 --> 404 Page Not Found: Assets/images
ERROR - 2017-09-20 16:58:36 --> 404 Page Not Found: Assets/images
ERROR - 2017-09-20 16:58:36 --> 404 Page Not Found: Assets/images
ERROR - 2017-09-20 16:58:36 --> 404 Page Not Found: Assets/images
ERROR - 2017-09-20 16:58:42 --> 404 Page Not Found: Assets/images
ERROR - 2017-09-20 16:58:42 --> 404 Page Not Found: Assets/images
ERROR - 2017-09-20 16:58:42 --> 404 Page Not Found: Assets/images
ERROR - 2017-09-20 16:58:42 --> 404 Page Not Found: Assets/images
ERROR - 2017-09-20 16:58:42 --> 404 Page Not Found: Assets/images
ERROR - 2017-09-20 16:58:42 --> 404 Page Not Found: Assets/images
ERROR - 2017-09-20 16:58:42 --> 404 Page Not Found: Assets/images
ERROR - 2017-09-20 16:58:42 --> 404 Page Not Found: Assets/images
ERROR - 2017-09-20 16:58:42 --> 404 Page Not Found: Assets/images
ERROR - 2017-09-20 16:58:42 --> 404 Page Not Found: Assets/images
ERROR - 2017-09-20 16:58:42 --> 404 Page Not Found: Assets/images
ERROR - 2017-09-20 16:58:44 --> 404 Page Not Found: Assets/images
ERROR - 2017-09-20 16:58:44 --> 404 Page Not Found: Assets/images
ERROR - 2017-09-20 16:58:44 --> 404 Page Not Found: Assets/images
ERROR - 2017-09-20 16:58:44 --> 404 Page Not Found: Assets/images
ERROR - 2017-09-20 16:58:44 --> 404 Page Not Found: Assets/images
ERROR - 2017-09-20 16:58:44 --> 404 Page Not Found: Assets/images
ERROR - 2017-09-20 16:58:44 --> 404 Page Not Found: Assets/images
ERROR - 2017-09-20 16:58:44 --> 404 Page Not Found: Assets/images
ERROR - 2017-09-20 16:58:44 --> 404 Page Not Found: Assets/images
ERROR - 2017-09-20 16:58:44 --> 404 Page Not Found: Assets/images
ERROR - 2017-09-20 16:58:44 --> 404 Page Not Found: Assets/images
ERROR - 2017-09-20 16:58:47 --> 404 Page Not Found: Assets/images
ERROR - 2017-09-20 16:58:47 --> 404 Page Not Found: Assets/images
ERROR - 2017-09-20 16:58:47 --> 404 Page Not Found: Assets/images
ERROR - 2017-09-20 16:58:47 --> 404 Page Not Found: Assets/images
ERROR - 2017-09-20 16:58:47 --> 404 Page Not Found: Assets/images
ERROR - 2017-09-20 16:58:47 --> 404 Page Not Found: Assets/images
ERROR - 2017-09-20 16:58:47 --> 404 Page Not Found: Assets/images
ERROR - 2017-09-20 16:58:47 --> 404 Page Not Found: Assets/images
ERROR - 2017-09-20 16:58:47 --> 404 Page Not Found: Assets/images
ERROR - 2017-09-20 16:58:47 --> 404 Page Not Found: Assets/images
ERROR - 2017-09-20 16:58:47 --> 404 Page Not Found: Assets/images
ERROR - 2017-09-20 16:58:54 --> 404 Page Not Found: Assets/images
ERROR - 2017-09-20 16:58:54 --> 404 Page Not Found: Assets/images
ERROR - 2017-09-20 16:58:54 --> 404 Page Not Found: Assets/images
ERROR - 2017-09-20 16:58:54 --> 404 Page Not Found: Assets/images
ERROR - 2017-09-20 16:58:54 --> 404 Page Not Found: Assets/images
ERROR - 2017-09-20 16:58:54 --> 404 Page Not Found: Assets/images
ERROR - 2017-09-20 16:58:54 --> 404 Page Not Found: Assets/images
ERROR - 2017-09-20 16:58:54 --> 404 Page Not Found: Assets/images
ERROR - 2017-09-20 16:58:54 --> 404 Page Not Found: Assets/images
ERROR - 2017-09-20 16:58:55 --> 404 Page Not Found: Assets/images
ERROR - 2017-09-20 16:58:55 --> 404 Page Not Found: Assets/images
ERROR - 2017-09-20 16:59:05 --> 404 Page Not Found: Assets/images
ERROR - 2017-09-20 16:59:05 --> 404 Page Not Found: Assets/images
ERROR - 2017-09-20 16:59:05 --> 404 Page Not Found: Assets/images
ERROR - 2017-09-20 16:59:05 --> 404 Page Not Found: Assets/images
ERROR - 2017-09-20 16:59:05 --> 404 Page Not Found: Assets/images
ERROR - 2017-09-20 16:59:05 --> 404 Page Not Found: Assets/images
ERROR - 2017-09-20 16:59:05 --> 404 Page Not Found: Assets/images
ERROR - 2017-09-20 16:59:05 --> 404 Page Not Found: Assets/images
ERROR - 2017-09-20 16:59:05 --> 404 Page Not Found: Assets/images
ERROR - 2017-09-20 16:59:05 --> 404 Page Not Found: Assets/images
ERROR - 2017-09-20 16:59:05 --> 404 Page Not Found: Assets/images
ERROR - 2017-09-20 16:59:06 --> 404 Page Not Found: Assets/images
ERROR - 2017-09-20 16:59:06 --> 404 Page Not Found: Assets/images
ERROR - 2017-09-20 16:59:06 --> 404 Page Not Found: Assets/images
ERROR - 2017-09-20 16:59:06 --> 404 Page Not Found: Assets/images
ERROR - 2017-09-20 16:59:06 --> 404 Page Not Found: Assets/images
ERROR - 2017-09-20 16:59:06 --> 404 Page Not Found: Assets/images
ERROR - 2017-09-20 16:59:06 --> 404 Page Not Found: Assets/images
ERROR - 2017-09-20 16:59:06 --> 404 Page Not Found: Assets/images
ERROR - 2017-09-20 16:59:06 --> 404 Page Not Found: Assets/images
ERROR - 2017-09-20 16:59:06 --> 404 Page Not Found: Assets/images
ERROR - 2017-09-20 16:59:06 --> 404 Page Not Found: Assets/images
ERROR - 2017-09-20 16:59:14 --> 404 Page Not Found: Assets/images
ERROR - 2017-09-20 16:59:14 --> 404 Page Not Found: Assets/images
ERROR - 2017-09-20 16:59:14 --> 404 Page Not Found: Assets/images
ERROR - 2017-09-20 16:59:14 --> 404 Page Not Found: Assets/images
ERROR - 2017-09-20 16:59:14 --> 404 Page Not Found: Assets/images
ERROR - 2017-09-20 16:59:14 --> 404 Page Not Found: Assets/images
ERROR - 2017-09-20 16:59:14 --> 404 Page Not Found: Assets/images
ERROR - 2017-09-20 16:59:14 --> 404 Page Not Found: Assets/images
ERROR - 2017-09-20 16:59:14 --> 404 Page Not Found: Assets/images
ERROR - 2017-09-20 16:59:14 --> 404 Page Not Found: Assets/images
ERROR - 2017-09-20 16:59:14 --> 404 Page Not Found: Assets/images
ERROR - 2017-09-20 16:59:15 --> 404 Page Not Found: Assets/images
ERROR - 2017-09-20 16:59:15 --> 404 Page Not Found: Assets/images
ERROR - 2017-09-20 16:59:15 --> 404 Page Not Found: Assets/images
ERROR - 2017-09-20 16:59:15 --> 404 Page Not Found: Assets/images
ERROR - 2017-09-20 16:59:15 --> 404 Page Not Found: Assets/images
ERROR - 2017-09-20 16:59:15 --> 404 Page Not Found: Assets/images
ERROR - 2017-09-20 16:59:15 --> 404 Page Not Found: Assets/images
ERROR - 2017-09-20 16:59:15 --> 404 Page Not Found: Assets/images
ERROR - 2017-09-20 16:59:15 --> 404 Page Not Found: Assets/images
ERROR - 2017-09-20 16:59:15 --> 404 Page Not Found: Assets/images
ERROR - 2017-09-20 16:59:16 --> 404 Page Not Found: Assets/images
ERROR - 2017-09-20 16:59:16 --> 404 Page Not Found: Assets/images
ERROR - 2017-09-20 16:59:16 --> 404 Page Not Found: Assets/images
ERROR - 2017-09-20 16:59:16 --> 404 Page Not Found: Assets/images
ERROR - 2017-09-20 16:59:16 --> 404 Page Not Found: Assets/images
ERROR - 2017-09-20 16:59:16 --> 404 Page Not Found: Assets/images
ERROR - 2017-09-20 16:59:16 --> 404 Page Not Found: Assets/images
ERROR - 2017-09-20 16:59:16 --> 404 Page Not Found: Assets/images
ERROR - 2017-09-20 16:59:16 --> 404 Page Not Found: Assets/images
ERROR - 2017-09-20 16:59:16 --> 404 Page Not Found: Assets/images
ERROR - 2017-09-20 16:59:17 --> 404 Page Not Found: Assets/images
ERROR - 2017-09-20 16:59:17 --> 404 Page Not Found: Assets/images
ERROR - 2017-09-20 16:59:17 --> 404 Page Not Found: Assets/images
ERROR - 2017-09-20 16:59:17 --> 404 Page Not Found: Assets/images
ERROR - 2017-09-20 16:59:17 --> 404 Page Not Found: Assets/images
ERROR - 2017-09-20 16:59:17 --> 404 Page Not Found: Assets/images
ERROR - 2017-09-20 16:59:17 --> 404 Page Not Found: Assets/images
ERROR - 2017-09-20 16:59:17 --> 404 Page Not Found: Assets/images
ERROR - 2017-09-20 16:59:17 --> 404 Page Not Found: Assets/images
ERROR - 2017-09-20 16:59:17 --> 404 Page Not Found: Assets/images
ERROR - 2017-09-20 16:59:17 --> 404 Page Not Found: Assets/images
ERROR - 2017-09-20 16:59:17 --> 404 Page Not Found: Assets/images
ERROR - 2017-09-20 16:59:17 --> 404 Page Not Found: Assets/images
ERROR - 2017-09-20 16:59:18 --> 404 Page Not Found: Assets/images
ERROR - 2017-09-20 16:59:18 --> 404 Page Not Found: Assets/images
ERROR - 2017-09-20 16:59:18 --> 404 Page Not Found: Assets/images
ERROR - 2017-09-20 16:59:18 --> 404 Page Not Found: Assets/images
ERROR - 2017-09-20 16:59:18 --> 404 Page Not Found: Assets/images
ERROR - 2017-09-20 16:59:18 --> 404 Page Not Found: Assets/images
ERROR - 2017-09-20 16:59:18 --> 404 Page Not Found: Assets/images
ERROR - 2017-09-20 16:59:18 --> 404 Page Not Found: Assets/images
ERROR - 2017-09-20 16:59:18 --> 404 Page Not Found: Assets/images
ERROR - 2017-09-20 16:59:19 --> 404 Page Not Found: Assets/images
ERROR - 2017-09-20 16:59:19 --> 404 Page Not Found: Assets/images
ERROR - 2017-09-20 16:59:21 --> 404 Page Not Found: Assets/images
ERROR - 2017-09-20 16:59:21 --> 404 Page Not Found: Assets/images
ERROR - 2017-09-20 16:59:21 --> 404 Page Not Found: Assets/images
ERROR - 2017-09-20 16:59:21 --> 404 Page Not Found: Assets/images
ERROR - 2017-09-20 16:59:21 --> 404 Page Not Found: Assets/images
ERROR - 2017-09-20 16:59:21 --> 404 Page Not Found: Assets/images
ERROR - 2017-09-20 16:59:21 --> 404 Page Not Found: Assets/images
ERROR - 2017-09-20 16:59:21 --> 404 Page Not Found: Assets/images
ERROR - 2017-09-20 16:59:21 --> 404 Page Not Found: Assets/images
ERROR - 2017-09-20 16:59:21 --> 404 Page Not Found: Assets/images
ERROR - 2017-09-20 16:59:21 --> 404 Page Not Found: Assets/images
ERROR - 2017-09-20 16:59:21 --> 404 Page Not Found: Assets/images
ERROR - 2017-09-20 16:59:22 --> 404 Page Not Found: Assets/images
ERROR - 2017-09-20 16:59:22 --> 404 Page Not Found: Assets/images
ERROR - 2017-09-20 16:59:22 --> 404 Page Not Found: Assets/images
ERROR - 2017-09-20 16:59:22 --> 404 Page Not Found: Assets/images
ERROR - 2017-09-20 16:59:22 --> 404 Page Not Found: Assets/images
ERROR - 2017-09-20 16:59:22 --> 404 Page Not Found: Assets/images
ERROR - 2017-09-20 16:59:22 --> 404 Page Not Found: Assets/images
ERROR - 2017-09-20 16:59:22 --> 404 Page Not Found: Assets/images
ERROR - 2017-09-20 16:59:22 --> 404 Page Not Found: Assets/images
ERROR - 2017-09-20 16:59:22 --> 404 Page Not Found: Assets/images
ERROR - 2017-09-20 16:59:24 --> 404 Page Not Found: Assets/images
ERROR - 2017-09-20 16:59:24 --> 404 Page Not Found: Assets/images
ERROR - 2017-09-20 16:59:24 --> 404 Page Not Found: Assets/images
ERROR - 2017-09-20 16:59:25 --> 404 Page Not Found: Assets/images
ERROR - 2017-09-20 16:59:25 --> 404 Page Not Found: Assets/images
ERROR - 2017-09-20 16:59:25 --> 404 Page Not Found: Assets/images
ERROR - 2017-09-20 16:59:26 --> 404 Page Not Found: Assets/images
ERROR - 2017-09-20 16:59:26 --> 404 Page Not Found: Assets/images
ERROR - 2017-09-20 16:59:26 --> 404 Page Not Found: Assets/images
ERROR - 2017-09-20 16:59:37 --> 404 Page Not Found: Assets/images
ERROR - 2017-09-20 16:59:37 --> 404 Page Not Found: Assets/images
ERROR - 2017-09-20 16:59:37 --> 404 Page Not Found: Assets/images
ERROR - 2017-09-20 16:59:39 --> 404 Page Not Found: Assets/images
ERROR - 2017-09-20 16:59:40 --> 404 Page Not Found: Assets/images
ERROR - 2017-09-20 16:59:40 --> 404 Page Not Found: Assets/images
ERROR - 2017-09-20 16:59:41 --> 404 Page Not Found: Assets/images
ERROR - 2017-09-20 16:59:42 --> 404 Page Not Found: Assets/images
ERROR - 2017-09-20 16:59:42 --> 404 Page Not Found: Assets/images
ERROR - 2017-09-20 16:59:44 --> 404 Page Not Found: Assets/images
ERROR - 2017-09-20 16:59:45 --> 404 Page Not Found: Assets/images
ERROR - 2017-09-20 17:41:33 --> 404 Page Not Found: Notificacao/notificacao
ERROR - 2017-09-20 17:45:46 --> Severity: Notice --> Array to string conversion C:\Apache24\htdocs\developement\webpedidos\application\controllers\funcionario\Funcionario.php 25
ERROR - 2017-09-20 17:45:46 --> Severity: Notice --> Array to string conversion C:\Apache24\htdocs\developement\webpedidos\application\controllers\funcionario\Funcionario.php 25
ERROR - 2017-09-20 17:45:46 --> Severity: Notice --> Array to string conversion C:\Apache24\htdocs\developement\webpedidos\application\controllers\funcionario\Funcionario.php 25
ERROR - 2017-09-20 17:45:46 --> Severity: Notice --> Array to string conversion C:\Apache24\htdocs\developement\webpedidos\application\controllers\funcionario\Funcionario.php 25
ERROR - 2017-09-20 17:45:46 --> Severity: Notice --> Array to string conversion C:\Apache24\htdocs\developement\webpedidos\application\controllers\funcionario\Funcionario.php 25
ERROR - 2017-09-20 17:45:46 --> Severity: Notice --> Array to string conversion C:\Apache24\htdocs\developement\webpedidos\application\controllers\funcionario\Funcionario.php 25
ERROR - 2017-09-20 17:45:46 --> Severity: Notice --> Array to string conversion C:\Apache24\htdocs\developement\webpedidos\application\controllers\funcionario\Funcionario.php 25
ERROR - 2017-09-20 17:45:46 --> Severity: Notice --> Array to string conversion C:\Apache24\htdocs\developement\webpedidos\application\controllers\funcionario\Funcionario.php 25
ERROR - 2017-09-20 17:45:46 --> Severity: Notice --> Array to string conversion C:\Apache24\htdocs\developement\webpedidos\application\controllers\funcionario\Funcionario.php 25
ERROR - 2017-09-20 17:45:46 --> Severity: Notice --> Array to string conversion C:\Apache24\htdocs\developement\webpedidos\application\controllers\funcionario\Funcionario.php 25
ERROR - 2017-09-20 17:45:46 --> Severity: Notice --> Array to string conversion C:\Apache24\htdocs\developement\webpedidos\application\controllers\funcionario\Funcionario.php 25
ERROR - 2017-09-20 17:45:46 --> Severity: Notice --> Array to string conversion C:\Apache24\htdocs\developement\webpedidos\application\controllers\funcionario\Funcionario.php 25
ERROR - 2017-09-20 17:45:46 --> Severity: Notice --> Array to string conversion C:\Apache24\htdocs\developement\webpedidos\application\controllers\funcionario\Funcionario.php 25
ERROR - 2017-09-20 17:45:46 --> Severity: Notice --> Array to string conversion C:\Apache24\htdocs\developement\webpedidos\application\controllers\funcionario\Funcionario.php 25
ERROR - 2017-09-20 17:45:46 --> Severity: Notice --> Array to string conversion C:\Apache24\htdocs\developement\webpedidos\application\controllers\funcionario\Funcionario.php 25
ERROR - 2017-09-20 17:45:46 --> Severity: Notice --> Array to string conversion C:\Apache24\htdocs\developement\webpedidos\application\controllers\funcionario\Funcionario.php 25
ERROR - 2017-09-20 17:45:46 --> Severity: Notice --> Array to string conversion C:\Apache24\htdocs\developement\webpedidos\application\controllers\funcionario\Funcionario.php 25
ERROR - 2017-09-20 17:45:46 --> Severity: Notice --> Array to string conversion C:\Apache24\htdocs\developement\webpedidos\application\controllers\funcionario\Funcionario.php 25
ERROR - 2017-09-20 17:45:46 --> Severity: Notice --> Array to string conversion C:\Apache24\htdocs\developement\webpedidos\application\controllers\funcionario\Funcionario.php 25
ERROR - 2017-09-20 17:45:46 --> Severity: Notice --> Array to string conversion C:\Apache24\htdocs\developement\webpedidos\application\controllers\funcionario\Funcionario.php 25
ERROR - 2017-09-20 17:53:55 --> 404 Page Not Found: Assets/images
ERROR - 2017-09-20 17:53:55 --> 404 Page Not Found: Assets/images
ERROR - 2017-09-20 17:53:55 --> 404 Page Not Found: Assets/images
ERROR - 2017-09-20 17:53:55 --> 404 Page Not Found: Assets/images
ERROR - 2017-09-20 17:53:55 --> 404 Page Not Found: Assets/images
ERROR - 2017-09-20 17:53:55 --> 404 Page Not Found: Assets/images
ERROR - 2017-09-20 17:53:56 --> 404 Page Not Found: Assets/images
ERROR - 2017-09-20 17:53:56 --> 404 Page Not Found: Assets/images
ERROR - 2017-09-20 17:53:56 --> 404 Page Not Found: Assets/images
ERROR - 2017-09-20 17:53:56 --> 404 Page Not Found: Assets/images
ERROR - 2017-09-20 17:53:57 --> 404 Page Not Found: Assets/images
ERROR - 2017-09-20 17:53:57 --> 404 Page Not Found: Assets/images
ERROR - 2017-09-20 17:53:57 --> 404 Page Not Found: Assets/images
ERROR - 2017-09-20 17:53:57 --> 404 Page Not Found: Assets/images
ERROR - 2017-09-20 17:54:31 --> 404 Page Not Found: Notificacao/notificacao
ERROR - 2017-09-20 17:55:03 --> Query error: ERRO:  função fc_web_produtos_permitidos_ghe(unknown, unknown) não existe
LINE 2: FROM fc_web_produtos_permitidos_ghe('60.892.403/0018-62', 'V...
             ^
HINT:  Nenhuma função corresponde com o nome e os tipos de argumentos informados. Você precisa adicionar conversões de tipo explícitas. - Invalid query: SELECT "key_produtos" AS "codigo", "key_partnumber" AS "partnumber", "unidade", "descricao", "op_ca" AS "ca", "preco"
FROM fc_web_produtos_permitidos_ghe('60.892.403/0018-62', 'VSBM-03-GAC.MANUT-01')
WHERE "descricao" LIKE  '%'
 LIMIT 10
ERROR - 2017-09-20 17:55:11 --> Query error: ERRO:  função fc_web_produtos_permitidos_ghe(unknown, unknown) não existe
LINE 2: FROM fc_web_produtos_permitidos_ghe('60.892.403/0018-62', 'V...
             ^
HINT:  Nenhuma função corresponde com o nome e os tipos de argumentos informados. Você precisa adicionar conversões de tipo explícitas. - Invalid query: SELECT "key_produtos" AS "codigo", "key_partnumber" AS "partnumber", "unidade", "descricao", "op_ca" AS "ca", "preco"
FROM fc_web_produtos_permitidos_ghe('60.892.403/0018-62', 'VSBM-03-GAC.MANUT-01')
WHERE "descricao" LIKE  '%'
 LIMIT 10
ERROR - 2017-09-20 17:56:04 --> Query error: ERRO:  função fc_web_produtos_permitidos_ghe(unknown, unknown) não existe
LINE 2: FROM fc_web_produtos_permitidos_ghe('60.892.403/0018-62', 'V...
             ^
HINT:  Nenhuma função corresponde com o nome e os tipos de argumentos informados. Você precisa adicionar conversões de tipo explícitas. - Invalid query: SELECT "key_produtos" AS "codigo", "key_partnumber" AS "partnumber", "unidade", "descricao", "op_ca" AS "ca", "preco"
FROM fc_web_produtos_permitidos_ghe('60.892.403/0018-62', 'VSBM-03-GAC.MANUT-01')
WHERE "descricao" LIKE  '%'
 LIMIT 10
ERROR - 2017-09-20 17:57:37 --> Query error: ERRO:  função fc_web_produtos_permitidos_ghe(unknown, unknown) não existe
LINE 2: FROM fc_web_produtos_permitidos_ghe('60.892.403/0018-62', 'V...
             ^
HINT:  Nenhuma função corresponde com o nome e os tipos de argumentos informados. Você precisa adicionar conversões de tipo explícitas. - Invalid query: SELECT "key_produtos" AS "codigo", "key_partnumber" AS "partnumber", "unidade", "descricao", "op_ca" AS "ca", "preco"
FROM fc_web_produtos_permitidos_ghe('60.892.403/0018-62', 'VSBM-03-GAC.MANUT-01')
WHERE "descricao" LIKE  '%'
 LIMIT 10
ERROR - 2017-09-20 17:57:49 --> Query error: ERRO:  função fc_web_produtos_permitidos_ghe(unknown, unknown) não existe
LINE 2: FROM fc_web_produtos_permitidos_ghe('60.892.403/0018-62', 'V...
             ^
HINT:  Nenhuma função corresponde com o nome e os tipos de argumentos informados. Você precisa adicionar conversões de tipo explícitas. - Invalid query: SELECT "key_produtos" AS "codigo", "key_partnumber" AS "partnumber", "unidade", "descricao", "op_ca" AS "ca", "preco"
FROM fc_web_produtos_permitidos_ghe('60.892.403/0018-62', 'VSBM-03-GAC.MANUT-01')
WHERE "descricao" LIKE  '%'
 LIMIT 10
ERROR - 2017-09-20 18:03:29 --> 404 Page Not Found: Notificacao/notificacao
ERROR - 2017-09-20 18:03:51 --> 404 Page Not Found: Assets/images
ERROR - 2017-09-20 18:03:51 --> 404 Page Not Found: Assets/images
ERROR - 2017-09-20 18:03:51 --> 404 Page Not Found: Assets/images
ERROR - 2017-09-20 18:03:51 --> 404 Page Not Found: Assets/images
ERROR - 2017-09-20 18:03:51 --> 404 Page Not Found: Assets/images
ERROR - 2017-09-20 18:03:51 --> 404 Page Not Found: Assets/images
ERROR - 2017-09-20 18:03:51 --> 404 Page Not Found: Assets/images
ERROR - 2017-09-20 18:03:51 --> 404 Page Not Found: Assets/images
ERROR - 2017-09-20 18:03:51 --> 404 Page Not Found: Assets/images
ERROR - 2017-09-20 18:03:51 --> 404 Page Not Found: Assets/images
ERROR - 2017-09-20 18:03:51 --> 404 Page Not Found: Assets/images
ERROR - 2017-09-20 18:03:52 --> 404 Page Not Found: Assets/images
ERROR - 2017-09-20 18:03:52 --> 404 Page Not Found: Assets/images
ERROR - 2017-09-20 18:04:08 --> 404 Page Not Found: Notificacao/notificacao
ERROR - 2017-09-20 18:08:13 --> 404 Page Not Found: Assets/images
ERROR - 2017-09-20 18:08:13 --> 404 Page Not Found: Assets/images
ERROR - 2017-09-20 18:08:13 --> 404 Page Not Found: Assets/images
ERROR - 2017-09-20 18:08:13 --> 404 Page Not Found: Assets/images
ERROR - 2017-09-20 18:08:13 --> 404 Page Not Found: Assets/images
ERROR - 2017-09-20 18:08:13 --> 404 Page Not Found: Assets/images
ERROR - 2017-09-20 18:08:13 --> 404 Page Not Found: Assets/images
ERROR - 2017-09-20 18:08:13 --> 404 Page Not Found: Assets/images
ERROR - 2017-09-20 18:08:13 --> 404 Page Not Found: Assets/images
ERROR - 2017-09-20 18:08:13 --> 404 Page Not Found: Assets/images
ERROR - 2017-09-20 18:08:30 --> 404 Page Not Found: Assets/images
ERROR - 2017-09-20 18:08:33 --> 404 Page Not Found: Assets/images
ERROR - 2017-09-20 18:08:40 --> 404 Page Not Found: Assets/images
ERROR - 2017-09-20 18:08:40 --> 404 Page Not Found: Assets/images
ERROR - 2017-09-20 18:08:41 --> 404 Page Not Found: Assets/images
ERROR - 2017-09-20 18:08:41 --> 404 Page Not Found: Assets/images
ERROR - 2017-09-20 18:08:42 --> 404 Page Not Found: Assets/images
ERROR - 2017-09-20 18:08:46 --> 404 Page Not Found: Assets/images
ERROR - 2017-09-20 18:08:46 --> 404 Page Not Found: Assets/images
ERROR - 2017-09-20 18:08:47 --> 404 Page Not Found: Assets/images
ERROR - 2017-09-20 18:08:47 --> 404 Page Not Found: Assets/images
ERROR - 2017-09-20 18:08:48 --> 404 Page Not Found: Assets/images
ERROR - 2017-09-20 18:08:58 --> 404 Page Not Found: Assets/images
ERROR - 2017-09-20 18:08:58 --> 404 Page Not Found: Assets/images
ERROR - 2017-09-20 18:08:58 --> 404 Page Not Found: Assets/images
ERROR - 2017-09-20 18:08:58 --> 404 Page Not Found: Assets/images
ERROR - 2017-09-20 18:08:58 --> 404 Page Not Found: Assets/images
ERROR - 2017-09-20 18:08:59 --> 404 Page Not Found: Assets/images
ERROR - 2017-09-20 18:08:59 --> 404 Page Not Found: Assets/images
ERROR - 2017-09-20 18:09:02 --> 404 Page Not Found: Assets/images
ERROR - 2017-09-20 18:09:04 --> 404 Page Not Found: Assets/images
ERROR - 2017-09-20 18:09:05 --> 404 Page Not Found: Assets/images
ERROR - 2017-09-20 18:09:05 --> 404 Page Not Found: Assets/images
ERROR - 2017-09-20 18:09:07 --> 404 Page Not Found: Assets/images
ERROR - 2017-09-20 18:09:09 --> 404 Page Not Found: Assets/images
ERROR - 2017-09-20 18:09:18 --> 404 Page Not Found: Assets/images
ERROR - 2017-09-20 18:09:33 --> 404 Page Not Found: Assets/images
ERROR - 2017-09-20 18:24:07 --> 404 Page Not Found: Assets/images
ERROR - 2017-09-20 18:24:07 --> 404 Page Not Found: Assets/images
ERROR - 2017-09-20 18:24:07 --> 404 Page Not Found: Assets/images
ERROR - 2017-09-20 18:24:07 --> 404 Page Not Found: Assets/images
ERROR - 2017-09-20 18:24:07 --> 404 Page Not Found: Assets/images
ERROR - 2017-09-20 18:24:07 --> 404 Page Not Found: Assets/images
ERROR - 2017-09-20 18:24:07 --> 404 Page Not Found: Assets/images
ERROR - 2017-09-20 18:24:07 --> 404 Page Not Found: Assets/images
ERROR - 2017-09-20 18:24:07 --> 404 Page Not Found: Assets/images
ERROR - 2017-09-20 18:24:07 --> 404 Page Not Found: Assets/images
ERROR - 2017-09-20 18:24:08 --> 404 Page Not Found: Assets/images
ERROR - 2017-09-20 18:24:08 --> 404 Page Not Found: Assets/images
ERROR - 2017-09-20 18:24:09 --> 404 Page Not Found: Assets/images
ERROR - 2017-09-20 18:24:09 --> 404 Page Not Found: Assets/images
ERROR - 2017-09-20 18:24:09 --> 404 Page Not Found: Assets/images
ERROR - 2017-09-20 18:24:09 --> 404 Page Not Found: Assets/images
ERROR - 2017-09-20 18:24:12 --> 404 Page Not Found: Assets/images
ERROR - 2017-09-20 18:24:23 --> 404 Page Not Found: Assets/images
ERROR - 2017-09-20 18:24:23 --> 404 Page Not Found: Assets/images
ERROR - 2017-09-20 18:24:25 --> 404 Page Not Found: Assets/images
ERROR - 2017-09-20 18:24:26 --> 404 Page Not Found: Assets/images
ERROR - 2017-09-20 18:24:28 --> 404 Page Not Found: Assets/images
ERROR - 2017-09-20 18:24:29 --> 404 Page Not Found: Assets/images
ERROR - 2017-09-20 18:24:30 --> 404 Page Not Found: Assets/images
ERROR - 2017-09-20 18:24:32 --> 404 Page Not Found: Assets/images
ERROR - 2017-09-20 18:24:33 --> 404 Page Not Found: Assets/images
ERROR - 2017-09-20 18:24:33 --> 404 Page Not Found: Assets/images
ERROR - 2017-09-20 18:24:34 --> 404 Page Not Found: Assets/images
ERROR - 2017-09-20 18:24:34 --> 404 Page Not Found: Assets/images
ERROR - 2017-09-20 18:24:34 --> 404 Page Not Found: Assets/images
ERROR - 2017-09-20 18:24:34 --> 404 Page Not Found: Assets/images
ERROR - 2017-09-20 18:24:34 --> 404 Page Not Found: Assets/images
ERROR - 2017-09-20 18:24:34 --> 404 Page Not Found: Assets/images
ERROR - 2017-09-20 18:24:34 --> 404 Page Not Found: Assets/images
ERROR - 2017-09-20 18:24:35 --> 404 Page Not Found: Assets/images
ERROR - 2017-09-20 18:24:35 --> 404 Page Not Found: Assets/images
ERROR - 2017-09-20 18:24:47 --> 404 Page Not Found: Assets/images
ERROR - 2017-09-20 18:24:48 --> 404 Page Not Found: Assets/images
ERROR - 2017-09-20 18:24:48 --> 404 Page Not Found: Assets/images
ERROR - 2017-09-20 18:24:48 --> 404 Page Not Found: Assets/images
ERROR - 2017-09-20 18:24:48 --> 404 Page Not Found: Assets/images
ERROR - 2017-09-20 18:24:48 --> 404 Page Not Found: Assets/images
ERROR - 2017-09-20 18:24:50 --> 404 Page Not Found: Assets/images
ERROR - 2017-09-20 18:24:52 --> 404 Page Not Found: Assets/images
ERROR - 2017-09-20 18:24:54 --> 404 Page Not Found: Assets/images
ERROR - 2017-09-20 18:24:54 --> 404 Page Not Found: Assets/images
ERROR - 2017-09-20 18:24:55 --> 404 Page Not Found: Assets/images
ERROR - 2017-09-20 18:26:55 --> 404 Page Not Found: Assets/images
ERROR - 2017-09-20 18:26:55 --> 404 Page Not Found: Assets/images
ERROR - 2017-09-20 18:26:56 --> 404 Page Not Found: Assets/images
ERROR - 2017-09-20 18:26:56 --> 404 Page Not Found: Assets/images
ERROR - 2017-09-20 18:26:56 --> 404 Page Not Found: Assets/images
ERROR - 2017-09-20 18:26:56 --> 404 Page Not Found: Assets/images
ERROR - 2017-09-20 18:26:56 --> 404 Page Not Found: Assets/images
ERROR - 2017-09-20 18:26:56 --> 404 Page Not Found: Assets/images
ERROR - 2017-09-20 18:26:56 --> 404 Page Not Found: Assets/images
ERROR - 2017-09-20 18:26:56 --> 404 Page Not Found: Assets/images
ERROR - 2017-09-20 18:27:00 --> 404 Page Not Found: Assets/images
ERROR - 2017-09-20 18:27:00 --> 404 Page Not Found: Assets/images
ERROR - 2017-09-20 18:27:00 --> 404 Page Not Found: Assets/images
ERROR - 2017-09-20 18:27:07 --> 404 Page Not Found: Assets/images
ERROR - 2017-09-20 18:27:18 --> 404 Page Not Found: Assets/images
ERROR - 2017-09-20 18:27:21 --> 404 Page Not Found: Assets/images
ERROR - 2017-09-20 18:27:27 --> 404 Page Not Found: Assets/images
ERROR - 2017-09-20 18:27:34 --> 404 Page Not Found: Assets/images
ERROR - 2017-09-20 18:27:34 --> 404 Page Not Found: Assets/images
ERROR - 2017-09-20 18:29:40 --> 404 Page Not Found: Assets/images
ERROR - 2017-09-20 18:29:40 --> 404 Page Not Found: Assets/images
ERROR - 2017-09-20 18:29:40 --> 404 Page Not Found: Assets/images
ERROR - 2017-09-20 18:29:40 --> 404 Page Not Found: Assets/images
ERROR - 2017-09-20 18:29:40 --> 404 Page Not Found: Assets/images
ERROR - 2017-09-20 18:29:40 --> 404 Page Not Found: Assets/images
ERROR - 2017-09-20 18:29:40 --> 404 Page Not Found: Assets/images
ERROR - 2017-09-20 18:29:40 --> 404 Page Not Found: Assets/images
ERROR - 2017-09-20 18:29:40 --> 404 Page Not Found: Assets/images
ERROR - 2017-09-20 18:29:40 --> 404 Page Not Found: Assets/images
ERROR - 2017-09-20 18:29:40 --> 404 Page Not Found: Assets/images
ERROR - 2017-09-20 18:29:40 --> 404 Page Not Found: Assets/images
ERROR - 2017-09-20 18:29:41 --> 404 Page Not Found: Assets/images
ERROR - 2017-09-20 18:29:42 --> 404 Page Not Found: Assets/images
ERROR - 2017-09-20 18:29:42 --> 404 Page Not Found: Assets/images
ERROR - 2017-09-20 18:29:47 --> 404 Page Not Found: Assets/images
ERROR - 2017-09-20 18:29:53 --> 404 Page Not Found: Assets/images
ERROR - 2017-09-20 18:29:57 --> 404 Page Not Found: Assets/images
ERROR - 2017-09-20 18:31:24 --> 404 Page Not Found: Assets/images
ERROR - 2017-09-20 18:31:24 --> 404 Page Not Found: Assets/images
ERROR - 2017-09-20 18:31:24 --> 404 Page Not Found: Assets/images
ERROR - 2017-09-20 18:31:24 --> 404 Page Not Found: Assets/images
ERROR - 2017-09-20 18:31:24 --> 404 Page Not Found: Assets/images
ERROR - 2017-09-20 18:31:24 --> 404 Page Not Found: Assets/images
ERROR - 2017-09-20 18:31:24 --> 404 Page Not Found: Assets/images
ERROR - 2017-09-20 18:31:24 --> 404 Page Not Found: Assets/images
ERROR - 2017-09-20 18:31:24 --> 404 Page Not Found: Assets/images
ERROR - 2017-09-20 18:31:24 --> 404 Page Not Found: Assets/images
ERROR - 2017-09-20 18:33:34 --> 404 Page Not Found: Assets/images
ERROR - 2017-09-20 18:33:34 --> 404 Page Not Found: Assets/images
ERROR - 2017-09-20 18:33:34 --> 404 Page Not Found: Assets/images
ERROR - 2017-09-20 18:33:49 --> 404 Page Not Found: Assets/images
ERROR - 2017-09-20 18:33:49 --> 404 Page Not Found: Assets/images
ERROR - 2017-09-20 18:33:49 --> 404 Page Not Found: Assets/images
ERROR - 2017-09-20 18:33:49 --> 404 Page Not Found: Assets/images
ERROR - 2017-09-20 18:33:49 --> 404 Page Not Found: Assets/images
ERROR - 2017-09-20 18:33:49 --> 404 Page Not Found: Assets/images
ERROR - 2017-09-20 18:33:49 --> 404 Page Not Found: Assets/images
ERROR - 2017-09-20 18:33:49 --> 404 Page Not Found: Assets/images
ERROR - 2017-09-20 18:33:49 --> 404 Page Not Found: Assets/images
ERROR - 2017-09-20 18:33:49 --> 404 Page Not Found: Assets/images
ERROR - 2017-09-20 18:33:49 --> 404 Page Not Found: Assets/images
ERROR - 2017-09-20 18:33:50 --> 404 Page Not Found: Assets/images
ERROR - 2017-09-20 18:33:51 --> 404 Page Not Found: Assets/images
ERROR - 2017-09-20 18:33:51 --> 404 Page Not Found: Assets/images
ERROR - 2017-09-20 18:33:51 --> 404 Page Not Found: Assets/images
ERROR - 2017-09-20 18:33:51 --> 404 Page Not Found: Assets/images
ERROR - 2017-09-20 18:33:51 --> 404 Page Not Found: Assets/images
ERROR - 2017-09-20 18:34:45 --> 404 Page Not Found: Assets/images
ERROR - 2017-09-20 18:34:45 --> 404 Page Not Found: Assets/images
ERROR - 2017-09-20 18:34:45 --> 404 Page Not Found: Assets/images
ERROR - 2017-09-20 18:34:45 --> 404 Page Not Found: Assets/images
ERROR - 2017-09-20 18:34:45 --> 404 Page Not Found: Assets/images
ERROR - 2017-09-20 18:34:45 --> 404 Page Not Found: Assets/images
ERROR - 2017-09-20 18:34:45 --> 404 Page Not Found: Assets/images
ERROR - 2017-09-20 18:34:45 --> 404 Page Not Found: Assets/images
ERROR - 2017-09-20 18:34:45 --> 404 Page Not Found: Assets/images
ERROR - 2017-09-20 18:34:45 --> 404 Page Not Found: Assets/images
ERROR - 2017-09-20 18:34:59 --> 404 Page Not Found: Assets/images
ERROR - 2017-09-20 18:35:03 --> 404 Page Not Found: Assets/images
ERROR - 2017-09-20 18:35:06 --> 404 Page Not Found: Assets/images
ERROR - 2017-09-20 18:35:07 --> 404 Page Not Found: Assets/images
ERROR - 2017-09-20 18:35:07 --> 404 Page Not Found: Assets/images
ERROR - 2017-09-20 18:35:07 --> 404 Page Not Found: Assets/images
ERROR - 2017-09-20 18:35:07 --> 404 Page Not Found: Assets/images
ERROR - 2017-09-20 18:35:07 --> 404 Page Not Found: Assets/images
ERROR - 2017-09-20 18:35:07 --> 404 Page Not Found: Assets/images
ERROR - 2017-09-20 18:35:07 --> 404 Page Not Found: Assets/images
ERROR - 2017-09-20 18:35:07 --> 404 Page Not Found: Assets/images
ERROR - 2017-09-20 18:35:07 --> 404 Page Not Found: Assets/images
ERROR - 2017-09-20 18:35:21 --> 404 Page Not Found: Assets/images
ERROR - 2017-09-20 18:35:21 --> 404 Page Not Found: Assets/images
ERROR - 2017-09-20 18:35:21 --> 404 Page Not Found: Assets/images
ERROR - 2017-09-20 18:35:21 --> 404 Page Not Found: Assets/images
ERROR - 2017-09-20 18:35:21 --> 404 Page Not Found: Assets/images
ERROR - 2017-09-20 18:35:21 --> 404 Page Not Found: Assets/images
ERROR - 2017-09-20 18:35:21 --> 404 Page Not Found: Assets/images
ERROR - 2017-09-20 18:35:21 --> 404 Page Not Found: Assets/images
ERROR - 2017-09-20 18:35:21 --> 404 Page Not Found: Assets/images
ERROR - 2017-09-20 18:35:21 --> 404 Page Not Found: Assets/images
ERROR - 2017-09-20 18:35:24 --> 404 Page Not Found: Assets/images
ERROR - 2017-09-20 18:35:25 --> 404 Page Not Found: Assets/images
ERROR - 2017-09-20 18:35:27 --> 404 Page Not Found: Assets/images
ERROR - 2017-09-20 18:35:28 --> 404 Page Not Found: Assets/images
ERROR - 2017-09-20 18:35:30 --> 404 Page Not Found: Assets/images
ERROR - 2017-09-20 18:35:31 --> 404 Page Not Found: Assets/images
ERROR - 2017-09-20 18:35:34 --> 404 Page Not Found: Assets/images
ERROR - 2017-09-20 18:35:34 --> 404 Page Not Found: Assets/images
ERROR - 2017-09-20 18:35:34 --> 404 Page Not Found: Assets/images
ERROR - 2017-09-20 18:35:34 --> 404 Page Not Found: Assets/images
ERROR - 2017-09-20 18:35:34 --> 404 Page Not Found: Assets/images
ERROR - 2017-09-20 18:35:34 --> 404 Page Not Found: Assets/images
ERROR - 2017-09-20 18:35:34 --> 404 Page Not Found: Assets/images
ERROR - 2017-09-20 18:35:34 --> 404 Page Not Found: Assets/images
ERROR - 2017-09-20 18:35:34 --> 404 Page Not Found: Assets/images
ERROR - 2017-09-20 18:35:34 --> 404 Page Not Found: Assets/images
ERROR - 2017-09-20 18:35:39 --> 404 Page Not Found: Assets/images
ERROR - 2017-09-20 18:35:39 --> 404 Page Not Found: Assets/images
ERROR - 2017-09-20 18:35:39 --> 404 Page Not Found: Assets/images
ERROR - 2017-09-20 18:35:39 --> 404 Page Not Found: Assets/images
ERROR - 2017-09-20 18:35:39 --> 404 Page Not Found: Assets/images
ERROR - 2017-09-20 18:35:39 --> 404 Page Not Found: Assets/images
ERROR - 2017-09-20 18:35:39 --> 404 Page Not Found: Assets/images
ERROR - 2017-09-20 18:35:39 --> 404 Page Not Found: Assets/images
ERROR - 2017-09-20 18:35:39 --> 404 Page Not Found: Assets/images
ERROR - 2017-09-20 18:35:39 --> 404 Page Not Found: Assets/images
