ERROR - 2018-09-19 10:12:42 --> 404 Page Not Found: Assets/js
ERROR - 2018-09-19 10:12:42 --> 404 Page Not Found: Assets/js
ERROR - 2018-09-19 10:13:45 --> 404 Page Not Found: Assets/js
ERROR - 2018-09-19 10:13:45 --> 404 Page Not Found: Assets/js
ERROR - 2018-09-19 10:21:16 --> 404 Page Not Found: Assets/js
ERROR - 2018-09-19 10:21:16 --> 404 Page Not Found: Assets/js
ERROR - 2018-09-19 10:36:17 --> 404 Page Not Found: Assets/images
ERROR - 2018-09-19 10:36:17 --> 404 Page Not Found: Assets/images
ERROR - 2018-09-19 10:36:17 --> 404 Page Not Found: Assets/images
ERROR - 2018-09-19 10:36:17 --> 404 Page Not Found: Assets/images
ERROR - 2018-09-19 10:37:26 --> 404 Page Not Found: Assets/images
ERROR - 2018-09-19 10:37:26 --> 404 Page Not Found: Assets/images
ERROR - 2018-09-19 10:37:26 --> 404 Page Not Found: Assets/images
ERROR - 2018-09-19 10:37:26 --> 404 Page Not Found: Assets/images
ERROR - 2018-09-19 10:38:32 --> 404 Page Not Found: Assets/images
ERROR - 2018-09-19 10:38:32 --> 404 Page Not Found: Assets/images
ERROR - 2018-09-19 10:38:32 --> 404 Page Not Found: Assets/images
ERROR - 2018-09-19 10:38:32 --> 404 Page Not Found: Assets/images
ERROR - 2018-09-19 10:43:43 --> 404 Page Not Found: Assets/js
ERROR - 2018-09-19 10:43:43 --> 404 Page Not Found: Assets/js
ERROR - 2018-09-19 10:45:11 --> 404 Page Not Found: Assets/js
ERROR - 2018-09-19 10:45:11 --> 404 Page Not Found: Assets/js
ERROR - 2018-09-19 10:58:40 --> 404 Page Not Found: Assets/js
ERROR - 2018-09-19 10:58:40 --> 404 Page Not Found: Assets/js
ERROR - 2018-09-19 11:01:08 --> 404 Page Not Found: Assets/js
ERROR - 2018-09-19 11:01:08 --> 404 Page Not Found: Assets/js
ERROR - 2018-09-19 11:01:51 --> 404 Page Not Found: Assets/images
ERROR - 2018-09-19 11:01:51 --> 404 Page Not Found: Assets/images
ERROR - 2018-09-19 11:01:51 --> 404 Page Not Found: Assets/images
ERROR - 2018-09-19 11:01:51 --> 404 Page Not Found: Assets/images
ERROR - 2018-09-19 11:07:25 --> 404 Page Not Found: Atualizar_template/setor
ERROR - 2018-09-19 11:07:59 --> 404 Page Not Found: Assets/js
ERROR - 2018-09-19 11:07:59 --> 404 Page Not Found: Assets/js
ERROR - 2018-09-19 11:08:38 --> 404 Page Not Found: Atualizar_template/setor
ERROR - 2018-09-19 11:09:05 --> 404 Page Not Found: Assets/js
ERROR - 2018-09-19 11:09:05 --> 404 Page Not Found: Assets/js
ERROR - 2018-09-19 11:13:44 --> 404 Page Not Found: Assets/js
ERROR - 2018-09-19 11:13:44 --> 404 Page Not Found: Assets/js
ERROR - 2018-09-19 11:29:39 --> 404 Page Not Found: Assets/js
ERROR - 2018-09-19 11:29:39 --> 404 Page Not Found: Assets/js
ERROR - 2018-09-19 11:38:54 --> 404 Page Not Found: Assets/js
ERROR - 2018-09-19 11:38:54 --> 404 Page Not Found: Assets/js
ERROR - 2018-09-19 11:39:29 --> 404 Page Not Found: Atualizar_template/setor
ERROR - 2018-09-19 11:51:39 --> 404 Page Not Found: Assets/js
ERROR - 2018-09-19 11:51:39 --> 404 Page Not Found: Assets/js
ERROR - 2018-09-19 11:53:47 --> 404 Page Not Found: Assets/js
ERROR - 2018-09-19 11:53:47 --> 404 Page Not Found: Assets/js
ERROR - 2018-09-19 11:55:39 --> 404 Page Not Found: Assets/js
ERROR - 2018-09-19 11:55:39 --> 404 Page Not Found: Assets/js
ERROR - 2018-09-19 13:55:01 --> 404 Page Not Found: Assets/js
ERROR - 2018-09-19 13:55:01 --> 404 Page Not Found: Assets/js
ERROR - 2018-09-19 13:58:22 --> 404 Page Not Found: Assets/js
ERROR - 2018-09-19 13:58:22 --> 404 Page Not Found: Assets/js
ERROR - 2018-09-19 14:07:40 --> 404 Page Not Found: Assets/js
ERROR - 2018-09-19 14:07:41 --> 404 Page Not Found: Assets/js
ERROR - 2018-09-19 14:09:48 --> 404 Page Not Found: Assets/js
ERROR - 2018-09-19 14:09:48 --> 404 Page Not Found: Assets/js
ERROR - 2018-09-19 14:10:48 --> 404 Page Not Found: Assets/js
ERROR - 2018-09-19 14:10:48 --> 404 Page Not Found: Assets/js
ERROR - 2018-09-19 14:14:44 --> 404 Page Not Found: Assets/js
ERROR - 2018-09-19 14:14:44 --> 404 Page Not Found: Assets/js
ERROR - 2018-09-19 14:16:48 --> 404 Page Not Found: Assets/js
ERROR - 2018-09-19 14:16:49 --> 404 Page Not Found: Assets/js
ERROR - 2018-09-19 14:17:50 --> 404 Page Not Found: Assets/js
ERROR - 2018-09-19 14:17:50 --> 404 Page Not Found: Assets/js
ERROR - 2018-09-19 14:19:58 --> 404 Page Not Found: Assets/js
ERROR - 2018-09-19 14:19:58 --> 404 Page Not Found: Assets/js
ERROR - 2018-09-19 14:29:28 --> 404 Page Not Found: Assets/js
ERROR - 2018-09-19 14:29:28 --> 404 Page Not Found: Assets/js
ERROR - 2018-09-19 14:30:34 --> 404 Page Not Found: Assets/js
ERROR - 2018-09-19 14:30:34 --> 404 Page Not Found: Assets/js
ERROR - 2018-09-19 14:36:38 --> 404 Page Not Found: Assets/js
ERROR - 2018-09-19 14:36:38 --> 404 Page Not Found: Assets/js
ERROR - 2018-09-19 14:40:13 --> 404 Page Not Found: Assets/js
ERROR - 2018-09-19 14:40:14 --> 404 Page Not Found: Assets/js
ERROR - 2018-09-19 14:46:27 --> 404 Page Not Found: Assets/js
ERROR - 2018-09-19 14:46:27 --> 404 Page Not Found: Assets/js
ERROR - 2018-09-19 14:48:10 --> 404 Page Not Found: Assets/js
ERROR - 2018-09-19 14:48:10 --> 404 Page Not Found: Assets/js
ERROR - 2018-09-19 14:48:24 --> 404 Page Not Found: Atualizar_template/setor
ERROR - 2018-09-19 14:48:25 --> 404 Page Not Found: Atualizar_template/setor
ERROR - 2018-09-19 14:48:34 --> 404 Page Not Found: Atualizar_template/setor
ERROR - 2018-09-19 14:55:29 --> 404 Page Not Found: Atualizar_template/setor
ERROR - 2018-09-19 14:56:01 --> 404 Page Not Found: Assets/js
ERROR - 2018-09-19 14:56:01 --> 404 Page Not Found: Assets/js
ERROR - 2018-09-19 14:57:06 --> 404 Page Not Found: Assets/js
ERROR - 2018-09-19 14:57:06 --> 404 Page Not Found: Assets/js
ERROR - 2018-09-19 14:57:31 --> 404 Page Not Found: Atualizar_template/setor
ERROR - 2018-09-19 14:59:18 --> 404 Page Not Found: Atualizar_template/setor
ERROR - 2018-09-19 14:59:18 --> 404 Page Not Found: Assets/js
ERROR - 2018-09-19 14:59:18 --> 404 Page Not Found: Assets/js
ERROR - 2018-09-19 15:03:51 --> 404 Page Not Found: Assets/js
ERROR - 2018-09-19 15:03:51 --> 404 Page Not Found: Assets/js
ERROR - 2018-09-19 15:04:03 --> 404 Page Not Found: Atualizar_template/setor
ERROR - 2018-09-19 15:04:49 --> 404 Page Not Found: Atualizar_template/funcionario
ERROR - 2018-09-19 15:06:12 --> 404 Page Not Found: Assets/js
ERROR - 2018-09-19 15:06:12 --> 404 Page Not Found: Assets/js
ERROR - 2018-09-19 15:06:59 --> 404 Page Not Found: Atualizar_template/funcionario
ERROR - 2018-09-19 15:12:18 --> 404 Page Not Found: Assets/js
ERROR - 2018-09-19 15:12:18 --> 404 Page Not Found: Assets/js
ERROR - 2018-09-19 15:13:03 --> 404 Page Not Found: Listar/75008280
ERROR - 2018-09-19 15:17:33 --> 404 Page Not Found: Assets/js
ERROR - 2018-09-19 15:17:33 --> 404 Page Not Found: Assets/js
ERROR - 2018-09-19 15:47:29 --> 404 Page Not Found: Assets/js
ERROR - 2018-09-19 15:47:29 --> 404 Page Not Found: Assets/js
ERROR - 2018-09-19 15:49:20 --> 404 Page Not Found: Assets/js
ERROR - 2018-09-19 15:49:20 --> 404 Page Not Found: Assets/js
ERROR - 2018-09-19 15:58:58 --> 404 Page Not Found: Assets/js
ERROR - 2018-09-19 15:58:59 --> 404 Page Not Found: Assets/js
ERROR - 2018-09-19 16:00:06 --> 404 Page Not Found: Assets/js
ERROR - 2018-09-19 16:00:06 --> 404 Page Not Found: Assets/js
ERROR - 2018-09-19 16:04:48 --> 404 Page Not Found: Assets/js
ERROR - 2018-09-19 16:04:48 --> 404 Page Not Found: Assets/js
ERROR - 2018-09-19 16:05:48 --> 404 Page Not Found: Assets/js
ERROR - 2018-09-19 16:05:48 --> 404 Page Not Found: Assets/js
ERROR - 2018-09-19 16:08:48 --> 404 Page Not Found: Assets/js
ERROR - 2018-09-19 16:08:48 --> 404 Page Not Found: Assets/js
ERROR - 2018-09-19 16:09:53 --> 404 Page Not Found: Assets/js
ERROR - 2018-09-19 16:09:53 --> 404 Page Not Found: Assets/js
