ERROR - 2020-02-18 12:45:11 --> 404 Page Not Found: Assets/js
ERROR - 2020-02-18 12:45:11 --> 404 Page Not Found: Assets/js
ERROR - 2020-02-18 12:46:20 --> 404 Page Not Found: Assets/js
ERROR - 2020-02-18 12:46:20 --> 404 Page Not Found: Assets/js
ERROR - 2020-02-18 12:46:39 --> 404 Page Not Found: Assets/js
ERROR - 2020-02-18 12:46:39 --> 404 Page Not Found: Assets/js
ERROR - 2020-02-18 12:48:32 --> 404 Page Not Found: Assets/js
ERROR - 2020-02-18 12:48:32 --> 404 Page Not Found: Assets/js
ERROR - 2020-02-18 12:51:03 --> 404 Page Not Found: Assets/js
ERROR - 2020-02-18 12:51:03 --> 404 Page Not Found: Assets/js
ERROR - 2020-02-18 12:51:42 --> 404 Page Not Found: Assets/js
ERROR - 2020-02-18 12:51:42 --> 404 Page Not Found: Assets/js
ERROR - 2020-02-18 12:51:43 --> Severity: Notice --> Array to string conversion C:\wamp64\www\webpedidos\application\controllers\local\Local.php 15
ERROR - 2020-02-18 12:51:48 --> Severity: Notice --> Array to string conversion C:\wamp64\www\webpedidos\application\controllers\local\Local.php 15
ERROR - 2020-02-18 12:52:23 --> 404 Page Not Found: Assets/js
ERROR - 2020-02-18 12:52:24 --> 404 Page Not Found: Assets/js
ERROR - 2020-02-18 13:23:07 --> 404 Page Not Found: Assets/js
ERROR - 2020-02-18 13:23:07 --> 404 Page Not Found: Assets/js
ERROR - 2020-02-18 13:23:14 --> 404 Page Not Found: Assets/js
ERROR - 2020-02-18 13:23:14 --> 404 Page Not Found: Assets/js
ERROR - 2020-02-18 13:25:16 --> 404 Page Not Found: Assets/js
ERROR - 2020-02-18 13:25:16 --> 404 Page Not Found: Assets/js
ERROR - 2020-02-18 13:55:35 --> 404 Page Not Found: Assets/js
ERROR - 2020-02-18 13:55:35 --> 404 Page Not Found: Assets/js
ERROR - 2020-02-18 13:56:40 --> 404 Page Not Found: Assets/js
ERROR - 2020-02-18 13:56:40 --> 404 Page Not Found: Assets/js
ERROR - 2020-02-18 14:01:19 --> 404 Page Not Found: Assets/js
ERROR - 2020-02-18 14:01:19 --> 404 Page Not Found: Assets/js
ERROR - 2020-02-18 14:01:53 --> 404 Page Not Found: Assets/js
ERROR - 2020-02-18 14:01:53 --> 404 Page Not Found: Assets/js
ERROR - 2020-02-18 14:06:55 --> 404 Page Not Found: Assets/js
ERROR - 2020-02-18 14:06:55 --> 404 Page Not Found: Assets/js
ERROR - 2020-02-18 14:07:21 --> 404 Page Not Found: Assets/js
ERROR - 2020-02-18 14:07:21 --> 404 Page Not Found: Assets/js
ERROR - 2020-02-18 14:09:12 --> 404 Page Not Found: Assets/js
ERROR - 2020-02-18 14:09:12 --> 404 Page Not Found: Assets/js
ERROR - 2020-02-18 14:20:43 --> 404 Page Not Found: Assets/js
ERROR - 2020-02-18 14:20:43 --> 404 Page Not Found: Assets/js
ERROR - 2020-02-18 14:55:43 --> 404 Page Not Found: Assets/js
ERROR - 2020-02-18 14:55:43 --> 404 Page Not Found: Assets/js
ERROR - 2020-02-18 14:55:59 --> 404 Page Not Found: Assets/js
ERROR - 2020-02-18 14:55:59 --> 404 Page Not Found: Assets/js
ERROR - 2020-02-18 14:57:19 --> 404 Page Not Found: Assets/js
ERROR - 2020-02-18 14:57:19 --> 404 Page Not Found: Assets/js
ERROR - 2020-02-18 15:04:21 --> 404 Page Not Found: Assets/js
ERROR - 2020-02-18 15:04:21 --> 404 Page Not Found: Assets/js
ERROR - 2020-02-18 15:05:05 --> 404 Page Not Found: Assets/js
ERROR - 2020-02-18 15:05:05 --> 404 Page Not Found: Assets/js
ERROR - 2020-02-18 15:06:27 --> 404 Page Not Found: Assets/js
ERROR - 2020-02-18 15:06:27 --> 404 Page Not Found: Assets/js
ERROR - 2020-02-18 15:07:36 --> 404 Page Not Found: Assets/js
ERROR - 2020-02-18 15:07:36 --> 404 Page Not Found: Assets/js
ERROR - 2020-02-18 15:07:46 --> 404 Page Not Found: Assets/js
ERROR - 2020-02-18 15:07:46 --> 404 Page Not Found: Assets/js
ERROR - 2020-02-18 15:13:18 --> 404 Page Not Found: Assets/js
ERROR - 2020-02-18 15:13:18 --> 404 Page Not Found: Assets/js
ERROR - 2020-02-18 15:13:20 --> 404 Page Not Found: Assets/js
ERROR - 2020-02-18 15:13:20 --> 404 Page Not Found: Assets/js
ERROR - 2020-02-18 15:14:02 --> 404 Page Not Found: Assets/js
ERROR - 2020-02-18 15:14:02 --> 404 Page Not Found: Assets/js
ERROR - 2020-02-18 15:17:25 --> 404 Page Not Found: Assets/js
ERROR - 2020-02-18 15:17:25 --> 404 Page Not Found: Assets/js
ERROR - 2020-02-18 15:18:31 --> 404 Page Not Found: Assets/js
ERROR - 2020-02-18 15:18:31 --> 404 Page Not Found: Assets/js
ERROR - 2020-02-18 15:28:28 --> 404 Page Not Found: Assets/js
ERROR - 2020-02-18 15:28:28 --> 404 Page Not Found: Assets/js
ERROR - 2020-02-18 15:28:56 --> 404 Page Not Found: Assets/js
ERROR - 2020-02-18 15:28:56 --> 404 Page Not Found: Assets/js
ERROR - 2020-02-18 15:28:56 --> Query error: ERRO:  coluna "num34ero" não existe
LINE 1: SELECT "rua" as "local", "num34ero" as "numero", "cidade" as...
                                 ^
HINT:  Perhaps you meant to reference the column "localentrega_externo.numero". - Invalid query: SELECT "rua" as "local", "num34ero" as "numero", "cidade" as "cidade", "bairro" as "bairro", "estado" as "estado"
FROM "localentrega_externo"
WHERE "funcionarioid" = 'ff49693a-37c5-4313-8f2f-ec2f3c51351c'
ERROR - 2020-02-18 15:38:03 --> 404 Page Not Found: Assets/js
ERROR - 2020-02-18 15:38:03 --> 404 Page Not Found: Assets/js
ERROR - 2020-02-18 15:38:04 --> Query error: ERRO:  coluna "num34ero" não existe
LINE 1: SELECT "rua" as "local", "num34ero" as "numero", "cidade" as...
                                 ^
HINT:  Perhaps you meant to reference the column "localentrega_externo.numero". - Invalid query: SELECT "rua" as "local", "num34ero" as "numero", "cidade" as "cidade", "bairro" as "bairro", "estado" as "estado"
FROM "localentrega_externo"
WHERE "funcionarioid" = 'ff49693a-37c5-4313-8f2f-ec2f3c51351c'
ERROR - 2020-02-18 15:38:29 --> 404 Page Not Found: Assets/js
ERROR - 2020-02-18 15:38:29 --> 404 Page Not Found: Assets/js
ERROR - 2020-02-18 15:38:40 --> 404 Page Not Found: Assets/js
ERROR - 2020-02-18 15:38:40 --> 404 Page Not Found: Assets/js
ERROR - 2020-02-18 16:22:24 --> 404 Page Not Found: Assets/js
ERROR - 2020-02-18 16:22:24 --> 404 Page Not Found: Assets/js
ERROR - 2020-02-18 16:27:33 --> 404 Page Not Found: Assets/js
ERROR - 2020-02-18 16:27:33 --> 404 Page Not Found: Assets/js
ERROR - 2020-02-18 16:27:40 --> 404 Page Not Found: Assets/js
ERROR - 2020-02-18 16:27:40 --> 404 Page Not Found: Assets/js
ERROR - 2020-02-18 16:27:41 --> Query error: ERRO:  coluna "cid3ade" não existe
LINE 1: ... DISTINCT "rua" as "local", "numero" as "numero", "cid3ade" ...
                                                             ^
HINT:  Perhaps you meant to reference the column "localentrega_externo.cidade". - Invalid query: SELECT DISTINCT "rua" as "local", "numero" as "numero", "cid3ade" as "cidade", "bairro" as "bairro", "estado" as "estado"
FROM "localentrega_externo"
WHERE "funcionarioid" = 'ff49693a-37c5-4313-8f2f-ec2f3c51351c'
ERROR - 2020-02-18 16:28:09 --> 404 Page Not Found: Assets/js
ERROR - 2020-02-18 16:28:09 --> 404 Page Not Found: Assets/js
ERROR - 2020-02-18 16:28:10 --> Query error: ERRO:  coluna "cid3ade" não existe
LINE 1: SELECT "rua" as "local", "numero" as "numero", "cid3ade" as ...
                                                       ^
HINT:  Perhaps you meant to reference the column "localentrega_externo.cidade". - Invalid query: SELECT "rua" as "local", "numero" as "numero", "cid3ade" as "cidade", "bairro" as "bairro", "estado" as "estado"
FROM "localentrega_externo"
WHERE "funcionarioid" = 'ff49693a-37c5-4313-8f2f-ec2f3c51351c'
ERROR - 2020-02-18 16:30:38 --> 404 Page Not Found: Assets/js
ERROR - 2020-02-18 16:30:38 --> 404 Page Not Found: Assets/js
ERROR - 2020-02-18 16:30:38 --> Query error: ERRO:  coluna "cid3ade" não existe
LINE 1: SELECT "rua" as "local", "numero" as "numero", "cid3ade" as ...
                                                       ^
HINT:  Perhaps you meant to reference the column "localentrega_externo.cidade". - Invalid query: SELECT "rua" as "local", "numero" as "numero", "cid3ade" as "cidade", "bairro" as "bairro", "estado" as "estado"
FROM "localentrega_externo"
WHERE "funcionarioid" = 'ff49693a-37c5-4313-8f2f-ec2f3c51351c'
ERROR - 2020-02-18 16:32:08 --> 404 Page Not Found: Assets/js
ERROR - 2020-02-18 16:32:08 --> 404 Page Not Found: Assets/js
ERROR - 2020-02-18 16:40:57 --> 404 Page Not Found: Assets/js
ERROR - 2020-02-18 16:40:57 --> 404 Page Not Found: Assets/js
ERROR - 2020-02-18 16:41:40 --> 404 Page Not Found: Assets/js
ERROR - 2020-02-18 16:41:40 --> 404 Page Not Found: Assets/js
ERROR - 2020-02-18 16:41:58 --> 404 Page Not Found: Assets/js
ERROR - 2020-02-18 16:41:58 --> 404 Page Not Found: Assets/js
ERROR - 2020-02-18 16:55:49 --> 404 Page Not Found: Assets/js
ERROR - 2020-02-18 16:55:49 --> 404 Page Not Found: Assets/js
ERROR - 2020-02-18 20:36:55 --> 404 Page Not Found: Assets/js
ERROR - 2020-02-18 20:36:55 --> 404 Page Not Found: Assets/js
ERROR - 2020-02-18 20:44:51 --> 404 Page Not Found: Assets/js
ERROR - 2020-02-18 20:44:51 --> 404 Page Not Found: Assets/js
ERROR - 2020-02-18 20:46:52 --> 404 Page Not Found: Assets/js
ERROR - 2020-02-18 20:46:52 --> 404 Page Not Found: Assets/js
ERROR - 2020-02-18 20:47:34 --> 404 Page Not Found: Assets/js
ERROR - 2020-02-18 20:47:34 --> 404 Page Not Found: Assets/js
ERROR - 2020-02-18 20:47:50 --> 404 Page Not Found: Assets/js
ERROR - 2020-02-18 20:47:50 --> 404 Page Not Found: Assets/js
ERROR - 2020-02-18 21:08:29 --> 404 Page Not Found: Assets/js
ERROR - 2020-02-18 21:08:29 --> 404 Page Not Found: Assets/js
ERROR - 2020-02-18 21:09:46 --> 404 Page Not Found: Assets/js
ERROR - 2020-02-18 21:09:46 --> 404 Page Not Found: Assets/js
ERROR - 2020-02-18 21:10:08 --> 404 Page Not Found: Assets/js
ERROR - 2020-02-18 21:10:08 --> 404 Page Not Found: Assets/js
ERROR - 2020-02-18 21:13:02 --> 404 Page Not Found: Assets/js
ERROR - 2020-02-18 21:13:02 --> 404 Page Not Found: Assets/js
ERROR - 2020-02-18 21:33:50 --> 404 Page Not Found: Assets/js
ERROR - 2020-02-18 21:33:50 --> 404 Page Not Found: Assets/js
ERROR - 2020-02-18 21:34:55 --> 404 Page Not Found: Assets/js
ERROR - 2020-02-18 21:34:55 --> 404 Page Not Found: Assets/js
ERROR - 2020-02-18 21:36:14 --> 404 Page Not Found: Assets/js
ERROR - 2020-02-18 21:36:14 --> 404 Page Not Found: Assets/js
ERROR - 2020-02-18 21:36:37 --> 404 Page Not Found: Assets/js
ERROR - 2020-02-18 21:36:37 --> 404 Page Not Found: Assets/js
ERROR - 2020-02-18 21:41:46 --> 404 Page Not Found: Assets/js
ERROR - 2020-02-18 21:41:46 --> 404 Page Not Found: Assets/js
ERROR - 2020-02-18 21:41:57 --> 404 Page Not Found: Assets/js
ERROR - 2020-02-18 21:41:57 --> 404 Page Not Found: Assets/js
ERROR - 2020-02-18 21:42:38 --> 404 Page Not Found: Assets/js
ERROR - 2020-02-18 21:42:38 --> 404 Page Not Found: Assets/js
ERROR - 2020-02-18 21:44:12 --> 404 Page Not Found: Assets/js
ERROR - 2020-02-18 21:44:12 --> 404 Page Not Found: Assets/js
ERROR - 2020-02-18 21:44:29 --> 404 Page Not Found: Assets/js
ERROR - 2020-02-18 21:44:29 --> 404 Page Not Found: Assets/js
ERROR - 2020-02-18 21:45:47 --> 404 Page Not Found: Assets/js
ERROR - 2020-02-18 21:45:47 --> 404 Page Not Found: Assets/js
ERROR - 2020-02-18 21:49:14 --> 404 Page Not Found: Assets/js
ERROR - 2020-02-18 21:49:14 --> 404 Page Not Found: Assets/js
