ERROR - 2018-10-11 11:07:07 --> 404 Page Not Found: Assets/js
ERROR - 2018-10-11 11:07:07 --> 404 Page Not Found: Assets/js
ERROR - 2018-10-11 11:13:38 --> 404 Page Not Found: Assets/js
ERROR - 2018-10-11 11:13:38 --> 404 Page Not Found: Assets/js
ERROR - 2018-10-11 11:16:20 --> 404 Page Not Found: Assets/js
ERROR - 2018-10-11 11:16:20 --> 404 Page Not Found: Assets/js
ERROR - 2018-10-11 11:18:33 --> 404 Page Not Found: Assets/js
ERROR - 2018-10-11 11:18:33 --> 404 Page Not Found: Assets/js
ERROR - 2018-10-11 11:19:21 --> Severity: Notice --> Undefined index: cliente C:\laragon\www\webpedidos\application\controllers\pedido\Template.php 360
ERROR - 2018-10-11 11:19:21 --> Severity: Notice --> Undefined index: cliente C:\laragon\www\webpedidos\application\controllers\pedido\Template.php 362
ERROR - 2018-10-11 11:19:21 --> Severity: Notice --> Undefined index: id C:\laragon\www\webpedidos\application\models\produto\Produto_model.php 130
ERROR - 2018-10-11 11:19:21 --> Severity: Notice --> Undefined index: cliente C:\laragon\www\webpedidos\application\controllers\pedido\Template.php 360
ERROR - 2018-10-11 11:19:21 --> Severity: Notice --> Undefined index: cliente C:\laragon\www\webpedidos\application\controllers\pedido\Template.php 362
ERROR - 2018-10-11 11:19:21 --> Severity: Notice --> Undefined index: id C:\laragon\www\webpedidos\application\models\produto\Produto_model.php 130
ERROR - 2018-10-11 11:19:21 --> Severity: Notice --> Undefined index: cliente C:\laragon\www\webpedidos\application\controllers\pedido\Template.php 360
ERROR - 2018-10-11 11:19:21 --> Severity: Notice --> Undefined index: cliente C:\laragon\www\webpedidos\application\controllers\pedido\Template.php 362
ERROR - 2018-10-11 11:19:21 --> Severity: Notice --> Undefined index: id C:\laragon\www\webpedidos\application\models\produto\Produto_model.php 130
ERROR - 2018-10-11 11:19:21 --> Severity: Notice --> Undefined variable: produto C:\laragon\www\webpedidos\application\controllers\pedido\Template.php 436
ERROR - 2018-10-11 11:19:21 --> Query error: ERRO:  valor nulo na coluna "key_clientes" viola a restriчуo nуo-nula
DETAIL:  Registro que falhou contщm (50296, null, 2018-10-11, 2018-10-11, null, 33021908, 100, null, Aberto, OBS FELIZ 2, null, t, f, null, 2018-10-11 11:19:21, null, null, null, 1, LOJA, 71.340.830/0001-06, 0, 71.340.830/0001-06, 0). - Invalid query: INSERT INTO "pedidos" ("aprovar", "data_emissao", "data_fechado", "dh_aprovacao", "entrega_local", "entrega_turno", "id_centro_custo", "id_depto", "key_clientes", "key_clientes_aprovador", "key_clientes_solicitante", "key_funcionarios", "key_funcionarios_aprovador", "key_funcionarios_solicitante", "numero", "obs") VALUES ('1','2018-10-11',NULL,'2018-10-11 11:19:21','LOJA',1,'100',NULL,NULL,'71.340.830/0001-06','71.340.830/0001-06','33021908','0','0',50296,'OBS FELIZ 2'), ('1','2018-10-11',NULL,'2018-10-11 11:19:21','LOJA',1,'100',NULL,NULL,'71.340.830/0001-06','71.340.830/0001-06','33028762','0','0',50297,'OBS FELIZ 2'), ('1','2018-10-11',NULL,'2018-10-11 11:19:21','LOJA',2,'100',NULL,NULL,'71.340.830/0001-06','71.340.830/0001-06','33007408','0','0',50298,'OBS FELIZ 2')
ERROR - 2018-10-11 11:19:21 --> Severity: Warning --> Cannot modify header information - headers already sent by (output started at C:\laragon\www\system\core\Exceptions.php:271) C:\laragon\www\system\core\Common.php 570
ERROR - 2018-10-11 11:20:18 --> 404 Page Not Found: Assets/js
ERROR - 2018-10-11 11:20:19 --> 404 Page Not Found: Assets/js
ERROR - 2018-10-11 11:20:39 --> Severity: Notice --> Undefined index: cliente C:\laragon\www\webpedidos\application\controllers\pedido\Template.php 360
ERROR - 2018-10-11 11:20:39 --> Severity: Notice --> Undefined index: cliente C:\laragon\www\webpedidos\application\controllers\pedido\Template.php 362
ERROR - 2018-10-11 11:20:39 --> Severity: Notice --> Undefined index: id C:\laragon\www\webpedidos\application\models\produto\Produto_model.php 130
ERROR - 2018-10-11 11:20:39 --> Severity: Notice --> Undefined index: cliente C:\laragon\www\webpedidos\application\controllers\pedido\Template.php 360
ERROR - 2018-10-11 11:20:39 --> Severity: Notice --> Undefined index: cliente C:\laragon\www\webpedidos\application\controllers\pedido\Template.php 362
ERROR - 2018-10-11 11:20:39 --> Severity: Notice --> Undefined index: id C:\laragon\www\webpedidos\application\models\produto\Produto_model.php 130
ERROR - 2018-10-11 11:20:39 --> Severity: Notice --> Undefined index: cliente C:\laragon\www\webpedidos\application\controllers\pedido\Template.php 360
ERROR - 2018-10-11 11:20:39 --> Severity: Notice --> Undefined index: cliente C:\laragon\www\webpedidos\application\controllers\pedido\Template.php 362
ERROR - 2018-10-11 11:20:39 --> Severity: Notice --> Undefined index: id C:\laragon\www\webpedidos\application\models\produto\Produto_model.php 130
ERROR - 2018-10-11 11:20:39 --> Severity: Notice --> Undefined variable: produto C:\laragon\www\webpedidos\application\controllers\pedido\Template.php 436
ERROR - 2018-10-11 11:20:39 --> Query error: ERRO:  valor nulo na coluna "key_clientes" viola a restriчуo nуo-nula
DETAIL:  Registro que falhou contщm (50299, null, 2018-10-11, 2018-10-11, null, 33021908, 100, null, Aberto, OBS FELIZ 2, null, t, f, null, 2018-10-11 11:20:39, null, null, null, 1, LOJA, 71.340.830/0001-06, 0, 71.340.830/0001-06, 0). - Invalid query: INSERT INTO "pedidos" ("aprovar", "data_emissao", "data_fechado", "dh_aprovacao", "entrega_local", "entrega_turno", "id_centro_custo", "id_depto", "key_clientes", "key_clientes_aprovador", "key_clientes_solicitante", "key_funcionarios", "key_funcionarios_aprovador", "key_funcionarios_solicitante", "numero", "obs") VALUES ('1','2018-10-11',NULL,'2018-10-11 11:20:39','LOJA',1,'100',NULL,NULL,'71.340.830/0001-06','71.340.830/0001-06','33021908','0','0',50299,'OBS FELIZ 2'), ('1','2018-10-11',NULL,'2018-10-11 11:20:39','LOJA',2,'100',NULL,NULL,'71.340.830/0001-06','71.340.830/0001-06','33028762','0','0',50300,'OBS FELIZ 2'), ('1','2018-10-11',NULL,'2018-10-11 11:20:39','LOJA',3,'100',NULL,NULL,'71.340.830/0001-06','71.340.830/0001-06','33007408','0','0',50301,'OBS FELIZ 2')
ERROR - 2018-10-11 11:20:39 --> Severity: Warning --> Cannot modify header information - headers already sent by (output started at C:\laragon\www\system\core\Exceptions.php:271) C:\laragon\www\system\core\Common.php 570
ERROR - 2018-10-11 11:50:04 --> Severity: Notice --> Undefined index: cliente C:\laragon\www\webpedidos\application\controllers\pedido\Template.php 360
ERROR - 2018-10-11 11:50:04 --> Severity: Notice --> Undefined index: cliente C:\laragon\www\webpedidos\application\controllers\pedido\Template.php 362
ERROR - 2018-10-11 11:50:04 --> Severity: Notice --> Undefined index: id C:\laragon\www\webpedidos\application\models\produto\Produto_model.php 130
ERROR - 2018-10-11 11:50:04 --> Severity: Notice --> Undefined index: cliente C:\laragon\www\webpedidos\application\controllers\pedido\Template.php 360
ERROR - 2018-10-11 11:50:04 --> Severity: Notice --> Undefined index: cliente C:\laragon\www\webpedidos\application\controllers\pedido\Template.php 362
ERROR - 2018-10-11 11:50:04 --> Severity: Notice --> Undefined index: id C:\laragon\www\webpedidos\application\models\produto\Produto_model.php 130
ERROR - 2018-10-11 11:50:04 --> Severity: Notice --> Undefined index: cliente C:\laragon\www\webpedidos\application\controllers\pedido\Template.php 360
ERROR - 2018-10-11 11:50:04 --> Severity: Notice --> Undefined index: cliente C:\laragon\www\webpedidos\application\controllers\pedido\Template.php 362
ERROR - 2018-10-11 11:50:04 --> Severity: Notice --> Undefined index: id C:\laragon\www\webpedidos\application\models\produto\Produto_model.php 130
ERROR - 2018-10-11 11:50:04 --> Severity: Notice --> Undefined variable: produto C:\laragon\www\webpedidos\application\controllers\pedido\Template.php 436
ERROR - 2018-10-11 11:50:04 --> Query error: ERRO:  valor nulo na coluna "key_clientes" viola a restriчуo nуo-nula
DETAIL:  Registro que falhou contщm (50302, null, 2018-10-11, 2018-10-11, null, 33021908, 100, null, Aberto, OBS FELIZ 2, null, t, f, null, 2018-10-11 11:50:04, null, null, null, 1, LOJA, 71.340.830/0001-06, 0, 71.340.830/0001-06, 0). - Invalid query: INSERT INTO "pedidos" ("aprovar", "data_emissao", "data_fechado", "dh_aprovacao", "entrega_local", "entrega_turno", "id_centro_custo", "id_depto", "key_clientes", "key_clientes_aprovador", "key_clientes_solicitante", "key_funcionarios", "key_funcionarios_aprovador", "key_funcionarios_solicitante", "numero", "obs") VALUES ('1','2018-10-11',NULL,'2018-10-11 11:50:04','LOJA',1,'100',NULL,NULL,'71.340.830/0001-06','71.340.830/0001-06','33021908','0','0',50302,'OBS FELIZ 2'), ('1','2018-10-11',NULL,'2018-10-11 11:50:04','LOJA',2,'100',NULL,NULL,'71.340.830/0001-06','71.340.830/0001-06','33028762','0','0',50303,'OBS FELIZ 2'), ('1','2018-10-11',NULL,'2018-10-11 11:50:04','LOJA',3,'100',NULL,NULL,'71.340.830/0001-06','71.340.830/0001-06','33007408','0','0',50304,'OBS FELIZ 2')
ERROR - 2018-10-11 11:50:04 --> Severity: Warning --> Cannot modify header information - headers already sent by (output started at C:\laragon\www\system\core\Exceptions.php:271) C:\laragon\www\system\core\Common.php 570
ERROR - 2018-10-11 11:51:08 --> 404 Page Not Found: Assets/js
ERROR - 2018-10-11 11:51:08 --> 404 Page Not Found: Assets/js
ERROR - 2018-10-11 11:52:45 --> Severity: Notice --> Undefined index: cliente C:\laragon\www\webpedidos\application\controllers\pedido\Template.php 360
ERROR - 2018-10-11 11:52:45 --> Severity: Notice --> Undefined index: cliente C:\laragon\www\webpedidos\application\controllers\pedido\Template.php 362
ERROR - 2018-10-11 11:52:45 --> Severity: Notice --> Undefined index: id C:\laragon\www\webpedidos\application\models\produto\Produto_model.php 130
ERROR - 2018-10-11 11:52:45 --> Severity: Notice --> Undefined index: cliente C:\laragon\www\webpedidos\application\controllers\pedido\Template.php 360
ERROR - 2018-10-11 11:52:45 --> Severity: Notice --> Undefined index: cliente C:\laragon\www\webpedidos\application\controllers\pedido\Template.php 362
ERROR - 2018-10-11 11:52:45 --> Severity: Notice --> Undefined index: id C:\laragon\www\webpedidos\application\models\produto\Produto_model.php 130
ERROR - 2018-10-11 11:52:45 --> Severity: Notice --> Undefined index: cliente C:\laragon\www\webpedidos\application\controllers\pedido\Template.php 360
ERROR - 2018-10-11 11:52:45 --> Severity: Notice --> Undefined index: cliente C:\laragon\www\webpedidos\application\controllers\pedido\Template.php 362
ERROR - 2018-10-11 11:52:45 --> Severity: Notice --> Undefined index: id C:\laragon\www\webpedidos\application\models\produto\Produto_model.php 130
ERROR - 2018-10-11 11:52:45 --> Severity: Notice --> Undefined variable: produto C:\laragon\www\webpedidos\application\controllers\pedido\Template.php 436
ERROR - 2018-10-11 11:52:45 --> Query error: ERRO:  valor nulo na coluna "key_clientes" viola a restriчуo nуo-nula
DETAIL:  Registro que falhou contщm (50305, null, 2018-10-11, 2018-10-11, null, 33021887, 100, null, Aberto, OBSERVACAO DA FELICIDADE, null, t, f, null, 2018-10-11 11:52:45, null, null, null, 3, LOJA, 71.340.830/0001-06, 0, 71.340.830/0001-06, 0). - Invalid query: INSERT INTO "pedidos" ("aprovar", "data_emissao", "data_fechado", "dh_aprovacao", "entrega_local", "entrega_turno", "id_centro_custo", "id_depto", "key_clientes", "key_clientes_aprovador", "key_clientes_solicitante", "key_funcionarios", "key_funcionarios_aprovador", "key_funcionarios_solicitante", "numero", "obs") VALUES ('1','2018-10-11',NULL,'2018-10-11 11:52:45','LOJA',3,'100',NULL,NULL,'71.340.830/0001-06','71.340.830/0001-06','33021887','0','0',50305,'OBSERVACAO DA FELICIDADE'), ('1','2018-10-11',NULL,'2018-10-11 11:52:45','LOJA',3,'100',NULL,NULL,'71.340.830/0001-06','71.340.830/0001-06','33053863','0','0',50306,'OBSERVACAO DA FELICIDADE'), ('1','2018-10-11',NULL,'2018-10-11 11:52:45','LOJA',1,'100',NULL,NULL,'71.340.830/0001-06','71.340.830/0001-06','33044107','0','0',50307,'OBSERVACAO DA FELICIDADE')
ERROR - 2018-10-11 11:52:45 --> Severity: Warning --> Cannot modify header information - headers already sent by (output started at C:\laragon\www\system\core\Exceptions.php:271) C:\laragon\www\system\core\Common.php 570
ERROR - 2018-10-11 11:53:56 --> 404 Page Not Found: Assets/js
ERROR - 2018-10-11 11:53:56 --> 404 Page Not Found: Assets/js
ERROR - 2018-10-11 11:55:31 --> 404 Page Not Found: Assets/js
ERROR - 2018-10-11 11:55:31 --> 404 Page Not Found: Assets/js
ERROR - 2018-10-11 12:00:59 --> Severity: Notice --> Undefined index: cliente C:\laragon\www\webpedidos\application\controllers\pedido\Template.php 360
ERROR - 2018-10-11 12:00:59 --> Severity: Notice --> Undefined index: cliente C:\laragon\www\webpedidos\application\controllers\pedido\Template.php 362
ERROR - 2018-10-11 12:00:59 --> Severity: Notice --> Undefined index: id C:\laragon\www\webpedidos\application\models\produto\Produto_model.php 130
ERROR - 2018-10-11 12:00:59 --> Severity: Notice --> Undefined index: cliente C:\laragon\www\webpedidos\application\controllers\pedido\Template.php 360
ERROR - 2018-10-11 12:00:59 --> Severity: Notice --> Undefined index: cliente C:\laragon\www\webpedidos\application\controllers\pedido\Template.php 362
ERROR - 2018-10-11 12:00:59 --> Severity: Notice --> Undefined index: id C:\laragon\www\webpedidos\application\models\produto\Produto_model.php 130
ERROR - 2018-10-11 12:00:59 --> Severity: Notice --> Undefined index: cliente C:\laragon\www\webpedidos\application\controllers\pedido\Template.php 360
ERROR - 2018-10-11 12:00:59 --> Severity: Notice --> Undefined index: cliente C:\laragon\www\webpedidos\application\controllers\pedido\Template.php 362
ERROR - 2018-10-11 12:00:59 --> Severity: Notice --> Undefined index: id C:\laragon\www\webpedidos\application\models\produto\Produto_model.php 130
ERROR - 2018-10-11 12:00:59 --> Severity: Notice --> Undefined variable: produto C:\laragon\www\webpedidos\application\controllers\pedido\Template.php 436
ERROR - 2018-10-11 12:00:59 --> Query error: ERRO:  valor nulo na coluna "key_clientes" viola a restriчуo nуo-nula
DETAIL:  Registro que falhou contщm (50308, null, 2018-10-11, 2018-10-11, null, 33021887, 100, null, Aberto, OBSERVACAO DA FELICIDADE, null, t, f, null, 2018-10-11 12:00:59, null, null, null, 1, LOJA, 71.340.830/0001-06, 0, 71.340.830/0001-06, 0). - Invalid query: INSERT INTO "pedidos" ("aprovar", "data_emissao", "data_fechado", "dh_aprovacao", "entrega_local", "entrega_turno", "id_centro_custo", "id_depto", "key_clientes", "key_clientes_aprovador", "key_clientes_solicitante", "key_funcionarios", "key_funcionarios_aprovador", "key_funcionarios_solicitante", "numero", "obs") VALUES ('1','2018-10-11',NULL,'2018-10-11 12:00:59','LOJA',1,'100',NULL,NULL,'71.340.830/0001-06','71.340.830/0001-06','33021887','0','0',50308,'OBSERVACAO DA FELICIDADE'), ('1','2018-10-11',NULL,'2018-10-11 12:00:59','LOJA',2,'100',NULL,NULL,'71.340.830/0001-06','71.340.830/0001-06','33053863','0','0',50309,'OBSERVACAO DA FELICIDADE'), ('1','2018-10-11',NULL,'2018-10-11 12:00:59','LOJA',3,'100',NULL,NULL,'71.340.830/0001-06','71.340.830/0001-06','33044107','0','0',50310,'OBSERVACAO DA FELICIDADE')
ERROR - 2018-10-11 12:00:59 --> Severity: Warning --> Cannot modify header information - headers already sent by (output started at C:\laragon\www\system\core\Exceptions.php:271) C:\laragon\www\system\core\Common.php 570
ERROR - 2018-10-11 12:01:12 --> 404 Page Not Found: Assets/js
ERROR - 2018-10-11 12:01:12 --> 404 Page Not Found: Assets/js
ERROR - 2018-10-11 12:06:30 --> 404 Page Not Found: Assets/js
ERROR - 2018-10-11 12:06:30 --> 404 Page Not Found: Assets/js
ERROR - 2018-10-11 12:07:00 --> Severity: Notice --> Undefined index: cliente C:\laragon\www\webpedidos\application\controllers\pedido\Template.php 360
ERROR - 2018-10-11 12:07:00 --> Severity: Notice --> Undefined index: cliente C:\laragon\www\webpedidos\application\controllers\pedido\Template.php 362
ERROR - 2018-10-11 12:07:00 --> Severity: Notice --> Undefined index: id C:\laragon\www\webpedidos\application\models\produto\Produto_model.php 130
ERROR - 2018-10-11 12:07:00 --> Severity: Notice --> Undefined index: cliente C:\laragon\www\webpedidos\application\controllers\pedido\Template.php 360
ERROR - 2018-10-11 12:07:00 --> Severity: Notice --> Undefined index: cliente C:\laragon\www\webpedidos\application\controllers\pedido\Template.php 362
ERROR - 2018-10-11 12:07:00 --> Severity: Notice --> Undefined index: id C:\laragon\www\webpedidos\application\models\produto\Produto_model.php 130
ERROR - 2018-10-11 12:07:00 --> Severity: Notice --> Undefined index: cliente C:\laragon\www\webpedidos\application\controllers\pedido\Template.php 360
ERROR - 2018-10-11 12:07:00 --> Severity: Notice --> Undefined index: cliente C:\laragon\www\webpedidos\application\controllers\pedido\Template.php 362
ERROR - 2018-10-11 12:07:00 --> Severity: Notice --> Undefined index: id C:\laragon\www\webpedidos\application\models\produto\Produto_model.php 130
ERROR - 2018-10-11 12:07:00 --> Severity: Notice --> Undefined variable: produto C:\laragon\www\webpedidos\application\controllers\pedido\Template.php 436
ERROR - 2018-10-11 12:07:00 --> Query error: ERRO:  valor nulo na coluna "key_clientes" viola a restriчуo nуo-nula
DETAIL:  Registro que falhou contщm (50311, null, 2018-10-11, 2018-10-11, null, 33021908, 100, null, Aberto, OBS FELIZ 2, null, t, f, null, 2018-10-11 12:07:00, null, null, null, 1, LOJA, 71.340.830/0001-06, 0, 71.340.830/0001-06, 0). - Invalid query: INSERT INTO "pedidos" ("aprovar", "data_emissao", "data_fechado", "dh_aprovacao", "entrega_local", "entrega_turno", "id_centro_custo", "id_depto", "key_clientes", "key_clientes_aprovador", "key_clientes_solicitante", "key_funcionarios", "key_funcionarios_aprovador", "key_funcionarios_solicitante", "numero", "obs") VALUES ('1','2018-10-11',NULL,'2018-10-11 12:07:00','LOJA',1,'100',NULL,NULL,'71.340.830/0001-06','71.340.830/0001-06','33021908','0','0',50311,'OBS FELIZ 2'), ('1','2018-10-11',NULL,'2018-10-11 12:07:00','LOJA',2,'100',NULL,NULL,'71.340.830/0001-06','71.340.830/0001-06','33028762','0','0',50312,'OBS FELIZ 2'), ('1','2018-10-11',NULL,'2018-10-11 12:07:00','LOJA',1,'100',NULL,NULL,'71.340.830/0001-06','71.340.830/0001-06','33007408','0','0',50313,'OBS FELIZ 2')
ERROR - 2018-10-11 12:07:00 --> Severity: Warning --> Cannot modify header information - headers already sent by (output started at C:\laragon\www\system\core\Exceptions.php:271) C:\laragon\www\system\core\Common.php 570
ERROR - 2018-10-11 12:26:11 --> Severity: Notice --> Undefined index: cliente C:\laragon\www\webpedidos\application\controllers\pedido\Template.php 360
ERROR - 2018-10-11 12:26:11 --> Severity: Notice --> Undefined index: cliente C:\laragon\www\webpedidos\application\controllers\pedido\Template.php 362
ERROR - 2018-10-11 12:26:11 --> Severity: Notice --> Undefined index: id C:\laragon\www\webpedidos\application\models\produto\Produto_model.php 130
ERROR - 2018-10-11 12:26:11 --> Severity: Notice --> Undefined index: cliente C:\laragon\www\webpedidos\application\controllers\pedido\Template.php 360
ERROR - 2018-10-11 12:26:11 --> Severity: Notice --> Undefined index: cliente C:\laragon\www\webpedidos\application\controllers\pedido\Template.php 362
ERROR - 2018-10-11 12:26:11 --> Severity: Notice --> Undefined index: id C:\laragon\www\webpedidos\application\models\produto\Produto_model.php 130
ERROR - 2018-10-11 12:26:11 --> Severity: Notice --> Undefined index: cliente C:\laragon\www\webpedidos\application\controllers\pedido\Template.php 360
ERROR - 2018-10-11 12:26:11 --> Severity: Notice --> Undefined index: cliente C:\laragon\www\webpedidos\application\controllers\pedido\Template.php 362
ERROR - 2018-10-11 12:26:11 --> Severity: Notice --> Undefined index: id C:\laragon\www\webpedidos\application\models\produto\Produto_model.php 130
ERROR - 2018-10-11 12:26:11 --> Severity: Notice --> Undefined variable: produto C:\laragon\www\webpedidos\application\controllers\pedido\Template.php 436
ERROR - 2018-10-11 12:26:11 --> Query error: ERRO:  valor nulo na coluna "key_clientes" viola a restriчуo nуo-nula
DETAIL:  Registro que falhou contщm (50314, null, 2018-10-11, 2018-10-11, null, 33021887, 100, null, Aberto, OBSERVACAO DA FELICIDADE, null, t, f, null, 2018-10-11 12:26:11, null, null, null, 1, , 71.340.830/0001-06, 0, 71.340.830/0001-06, 0). - Invalid query: INSERT INTO "pedidos" ("aprovar", "data_emissao", "data_fechado", "dh_aprovacao", "entrega_local", "entrega_turno", "id_centro_custo", "id_depto", "key_clientes", "key_clientes_aprovador", "key_clientes_solicitante", "key_funcionarios", "key_funcionarios_aprovador", "key_funcionarios_solicitante", "numero", "obs") VALUES ('1','2018-10-11',NULL,'2018-10-11 12:26:11','',1,'100',NULL,NULL,'71.340.830/0001-06','71.340.830/0001-06','33021887','0','0',50314,'OBSERVACAO DA FELICIDADE'), ('1','2018-10-11',NULL,'2018-10-11 12:26:11','',2,'100',NULL,NULL,'71.340.830/0001-06','71.340.830/0001-06','33053863','0','0',50315,'OBSERVACAO DA FELICIDADE'), ('1','2018-10-11',NULL,'2018-10-11 12:26:11','',1,'100',NULL,NULL,'71.340.830/0001-06','71.340.830/0001-06','33044107','0','0',50316,'OBSERVACAO DA FELICIDADE')
ERROR - 2018-10-11 12:26:11 --> Severity: Warning --> Cannot modify header information - headers already sent by (output started at C:\laragon\www\system\core\Exceptions.php:271) C:\laragon\www\system\core\Common.php 570
ERROR - 2018-10-11 12:31:27 --> 404 Page Not Found: Assets/js
ERROR - 2018-10-11 12:31:27 --> 404 Page Not Found: Assets/js
ERROR - 2018-10-11 12:31:38 --> Severity: Notice --> Undefined index: cliente C:\laragon\www\webpedidos\application\controllers\pedido\Template.php 360
ERROR - 2018-10-11 12:31:38 --> Severity: Notice --> Undefined index: cliente C:\laragon\www\webpedidos\application\controllers\pedido\Template.php 362
ERROR - 2018-10-11 12:31:38 --> Severity: Notice --> Undefined index: id C:\laragon\www\webpedidos\application\models\produto\Produto_model.php 130
ERROR - 2018-10-11 12:31:38 --> Severity: Notice --> Undefined index: cliente C:\laragon\www\webpedidos\application\controllers\pedido\Template.php 360
ERROR - 2018-10-11 12:31:38 --> Severity: Notice --> Undefined index: cliente C:\laragon\www\webpedidos\application\controllers\pedido\Template.php 362
ERROR - 2018-10-11 12:31:38 --> Severity: Notice --> Undefined index: id C:\laragon\www\webpedidos\application\models\produto\Produto_model.php 130
ERROR - 2018-10-11 12:31:38 --> Severity: Notice --> Undefined index: cliente C:\laragon\www\webpedidos\application\controllers\pedido\Template.php 360
ERROR - 2018-10-11 12:31:38 --> Severity: Notice --> Undefined index: cliente C:\laragon\www\webpedidos\application\controllers\pedido\Template.php 362
ERROR - 2018-10-11 12:31:38 --> Severity: Notice --> Undefined index: id C:\laragon\www\webpedidos\application\models\produto\Produto_model.php 130
ERROR - 2018-10-11 12:31:38 --> Severity: Notice --> Undefined variable: produto C:\laragon\www\webpedidos\application\controllers\pedido\Template.php 436
ERROR - 2018-10-11 12:31:38 --> Query error: ERRO:  valor nulo na coluna "key_clientes" viola a restriчуo nуo-nula
DETAIL:  Registro que falhou contщm (50317, null, 2018-10-11, 2018-10-11, null, 33021887, 100, null, Aberto, OBSERVACAO DA FELICIDADE, null, t, f, null, 2018-10-11 12:31:38, null, null, null, 1, , 71.340.830/0001-06, 0, 71.340.830/0001-06, 0). - Invalid query: INSERT INTO "pedidos" ("aprovar", "data_emissao", "data_fechado", "dh_aprovacao", "entrega_local", "entrega_turno", "id_centro_custo", "id_depto", "key_clientes", "key_clientes_aprovador", "key_clientes_solicitante", "key_funcionarios", "key_funcionarios_aprovador", "key_funcionarios_solicitante", "numero", "obs") VALUES ('1','2018-10-11',NULL,'2018-10-11 12:31:38','',1,'100',NULL,NULL,'71.340.830/0001-06','71.340.830/0001-06','33021887','0','0',50317,'OBSERVACAO DA FELICIDADE'), ('1','2018-10-11',NULL,'2018-10-11 12:31:38','',3,'100',NULL,NULL,'71.340.830/0001-06','71.340.830/0001-06','33053863','0','0',50318,'OBSERVACAO DA FELICIDADE'), ('1','2018-10-11',NULL,'2018-10-11 12:31:38','',1,'100',NULL,NULL,'71.340.830/0001-06','71.340.830/0001-06','33044107','0','0',50319,'OBSERVACAO DA FELICIDADE')
ERROR - 2018-10-11 12:31:38 --> Severity: Warning --> Cannot modify header information - headers already sent by (output started at C:\laragon\www\system\core\Exceptions.php:271) C:\laragon\www\system\core\Common.php 570
ERROR - 2018-10-11 12:32:44 --> Severity: Notice --> Undefined index: cliente C:\laragon\www\webpedidos\application\controllers\pedido\Template.php 360
ERROR - 2018-10-11 12:32:44 --> Severity: Notice --> Undefined index: cliente C:\laragon\www\webpedidos\application\controllers\pedido\Template.php 362
ERROR - 2018-10-11 12:32:44 --> Severity: Notice --> Undefined index: id C:\laragon\www\webpedidos\application\models\produto\Produto_model.php 130
ERROR - 2018-10-11 12:32:44 --> Severity: Notice --> Undefined index: cliente C:\laragon\www\webpedidos\application\controllers\pedido\Template.php 360
ERROR - 2018-10-11 12:32:44 --> Severity: Notice --> Undefined index: cliente C:\laragon\www\webpedidos\application\controllers\pedido\Template.php 362
ERROR - 2018-10-11 12:32:44 --> Severity: Notice --> Undefined index: id C:\laragon\www\webpedidos\application\models\produto\Produto_model.php 130
ERROR - 2018-10-11 12:32:44 --> Severity: Notice --> Undefined index: cliente C:\laragon\www\webpedidos\application\controllers\pedido\Template.php 360
ERROR - 2018-10-11 12:32:44 --> Severity: Notice --> Undefined index: cliente C:\laragon\www\webpedidos\application\controllers\pedido\Template.php 362
ERROR - 2018-10-11 12:32:44 --> Severity: Notice --> Undefined index: id C:\laragon\www\webpedidos\application\models\produto\Produto_model.php 130
ERROR - 2018-10-11 12:32:44 --> Severity: Notice --> Undefined variable: produto C:\laragon\www\webpedidos\application\controllers\pedido\Template.php 436
ERROR - 2018-10-11 12:32:44 --> Query error: ERRO:  valor nulo na coluna "key_clientes" viola a restriчуo nуo-nula
DETAIL:  Registro que falhou contщm (50320, null, 2018-10-11, 2018-10-11, null, 33021887, 100, null, Aberto, OBSERVACAO DA FELICIDADE, null, t, f, null, 2018-10-11 12:32:44, null, null, null, 1, , 71.340.830/0001-06, 0, 71.340.830/0001-06, 0). - Invalid query: INSERT INTO "pedidos" ("aprovar", "data_emissao", "data_fechado", "dh_aprovacao", "entrega_local", "entrega_turno", "id_centro_custo", "id_depto", "key_clientes", "key_clientes_aprovador", "key_clientes_solicitante", "key_funcionarios", "key_funcionarios_aprovador", "key_funcionarios_solicitante", "numero", "obs") VALUES ('1','2018-10-11',NULL,'2018-10-11 12:32:44','',1,'100',NULL,NULL,'71.340.830/0001-06','71.340.830/0001-06','33021887','0','0',50320,'OBSERVACAO DA FELICIDADE'), ('1','2018-10-11',NULL,'2018-10-11 12:32:44','',1,'100',NULL,NULL,'71.340.830/0001-06','71.340.830/0001-06','33053863','0','0',50321,'OBSERVACAO DA FELICIDADE'), ('1','2018-10-11',NULL,'2018-10-11 12:32:44','',3,'100',NULL,NULL,'71.340.830/0001-06','71.340.830/0001-06','33044107','0','0',50322,'OBSERVACAO DA FELICIDADE')
ERROR - 2018-10-11 12:32:44 --> Severity: Warning --> Cannot modify header information - headers already sent by (output started at C:\laragon\www\system\core\Exceptions.php:271) C:\laragon\www\system\core\Common.php 570
ERROR - 2018-10-11 12:33:10 --> 404 Page Not Found: Assets/js
ERROR - 2018-10-11 12:33:11 --> 404 Page Not Found: Assets/js
ERROR - 2018-10-11 12:33:17 --> Severity: Notice --> Undefined index: cliente C:\laragon\www\webpedidos\application\controllers\pedido\Template.php 360
ERROR - 2018-10-11 12:33:17 --> Severity: Notice --> Undefined index: cliente C:\laragon\www\webpedidos\application\controllers\pedido\Template.php 362
ERROR - 2018-10-11 12:33:17 --> Severity: Notice --> Undefined index: id C:\laragon\www\webpedidos\application\models\produto\Produto_model.php 130
ERROR - 2018-10-11 12:33:17 --> Severity: Notice --> Undefined index: cliente C:\laragon\www\webpedidos\application\controllers\pedido\Template.php 360
ERROR - 2018-10-11 12:33:17 --> Severity: Notice --> Undefined index: cliente C:\laragon\www\webpedidos\application\controllers\pedido\Template.php 362
ERROR - 2018-10-11 12:33:17 --> Severity: Notice --> Undefined index: id C:\laragon\www\webpedidos\application\models\produto\Produto_model.php 130
ERROR - 2018-10-11 12:33:17 --> Severity: Notice --> Undefined index: cliente C:\laragon\www\webpedidos\application\controllers\pedido\Template.php 360
ERROR - 2018-10-11 12:33:17 --> Severity: Notice --> Undefined index: cliente C:\laragon\www\webpedidos\application\controllers\pedido\Template.php 362
ERROR - 2018-10-11 12:33:17 --> Severity: Notice --> Undefined index: id C:\laragon\www\webpedidos\application\models\produto\Produto_model.php 130
ERROR - 2018-10-11 12:33:17 --> Severity: Notice --> Undefined variable: produto C:\laragon\www\webpedidos\application\controllers\pedido\Template.php 436
ERROR - 2018-10-11 12:33:17 --> Query error: ERRO:  valor nulo na coluna "key_clientes" viola a restriчуo nуo-nula
DETAIL:  Registro que falhou contщm (50323, null, 2018-10-11, 2018-10-11, null, 33021887, 100, null, Aberto, OBSERVACAO DA FELICIDADE, null, t, f, null, 2018-10-11 12:33:17, null, null, null, 1, , 71.340.830/0001-06, 0, 71.340.830/0001-06, 0). - Invalid query: INSERT INTO "pedidos" ("aprovar", "data_emissao", "data_fechado", "dh_aprovacao", "entrega_local", "entrega_turno", "id_centro_custo", "id_depto", "key_clientes", "key_clientes_aprovador", "key_clientes_solicitante", "key_funcionarios", "key_funcionarios_aprovador", "key_funcionarios_solicitante", "numero", "obs") VALUES ('1','2018-10-11',NULL,'2018-10-11 12:33:17','',1,'100',NULL,NULL,'71.340.830/0001-06','71.340.830/0001-06','33021887','0','0',50323,'OBSERVACAO DA FELICIDADE'), ('1','2018-10-11',NULL,'2018-10-11 12:33:17','',1,'100',NULL,NULL,'71.340.830/0001-06','71.340.830/0001-06','33053863','0','0',50324,'OBSERVACAO DA FELICIDADE'), ('1','2018-10-11',NULL,'2018-10-11 12:33:17','',1,'100',NULL,NULL,'71.340.830/0001-06','71.340.830/0001-06','33044107','0','0',50325,'OBSERVACAO DA FELICIDADE')
ERROR - 2018-10-11 12:33:17 --> Severity: Warning --> Cannot modify header information - headers already sent by (output started at C:\laragon\www\system\core\Exceptions.php:271) C:\laragon\www\system\core\Common.php 570
ERROR - 2018-10-11 12:41:07 --> 404 Page Not Found: Assets/js
ERROR - 2018-10-11 12:41:07 --> 404 Page Not Found: Assets/js
ERROR - 2018-10-11 12:41:34 --> Severity: Notice --> Undefined index: cliente C:\laragon\www\webpedidos\application\controllers\pedido\Template.php 360
ERROR - 2018-10-11 12:41:34 --> Severity: Notice --> Undefined index: cliente C:\laragon\www\webpedidos\application\controllers\pedido\Template.php 362
ERROR - 2018-10-11 12:41:34 --> Severity: Notice --> Undefined index: id C:\laragon\www\webpedidos\application\models\produto\Produto_model.php 130
ERROR - 2018-10-11 12:41:34 --> Severity: Notice --> Undefined index: cliente C:\laragon\www\webpedidos\application\controllers\pedido\Template.php 360
ERROR - 2018-10-11 12:41:34 --> Severity: Notice --> Undefined index: cliente C:\laragon\www\webpedidos\application\controllers\pedido\Template.php 362
ERROR - 2018-10-11 12:41:34 --> Severity: Notice --> Undefined index: id C:\laragon\www\webpedidos\application\models\produto\Produto_model.php 130
ERROR - 2018-10-11 12:41:34 --> Severity: Notice --> Undefined index: cliente C:\laragon\www\webpedidos\application\controllers\pedido\Template.php 360
ERROR - 2018-10-11 12:41:34 --> Severity: Notice --> Undefined index: cliente C:\laragon\www\webpedidos\application\controllers\pedido\Template.php 362
ERROR - 2018-10-11 12:41:34 --> Severity: Notice --> Undefined index: id C:\laragon\www\webpedidos\application\models\produto\Produto_model.php 130
ERROR - 2018-10-11 12:41:34 --> Severity: Notice --> Undefined variable: produto C:\laragon\www\webpedidos\application\controllers\pedido\Template.php 436
ERROR - 2018-10-11 12:41:34 --> Query error: ERRO:  valor nulo na coluna "key_clientes" viola a restriчуo nуo-nula
DETAIL:  Registro que falhou contщm (50326, null, 2018-10-11, 2018-10-11, null, 33021908, 100, null, Aberto, OBS FELIZ 2, null, t, f, null, 2018-10-11 12:41:34, null, null, null, 1, , 71.340.830/0001-06, 0, 71.340.830/0001-06, 0). - Invalid query: INSERT INTO "pedidos" ("aprovar", "data_emissao", "data_fechado", "dh_aprovacao", "entrega_local", "entrega_turno", "id_centro_custo", "id_depto", "key_clientes", "key_clientes_aprovador", "key_clientes_solicitante", "key_funcionarios", "key_funcionarios_aprovador", "key_funcionarios_solicitante", "numero", "obs") VALUES ('1','2018-10-11',NULL,'2018-10-11 12:41:34','',1,'100',NULL,NULL,'71.340.830/0001-06','71.340.830/0001-06','33021908','0','0',50326,'OBS FELIZ 2'), ('1','2018-10-11',NULL,'2018-10-11 12:41:34','',1,'100',NULL,NULL,'71.340.830/0001-06','71.340.830/0001-06','33028762','0','0',50327,'OBS FELIZ 2'), ('1','2018-10-11',NULL,'2018-10-11 12:41:34','',3,'100',NULL,NULL,'71.340.830/0001-06','71.340.830/0001-06','33007408','0','0',50328,'OBS FELIZ 2')
ERROR - 2018-10-11 12:41:34 --> Severity: Warning --> Cannot modify header information - headers already sent by (output started at C:\laragon\www\system\core\Exceptions.php:271) C:\laragon\www\system\core\Common.php 570
ERROR - 2018-10-11 12:43:33 --> Severity: Notice --> Undefined index: cliente C:\laragon\www\webpedidos\application\controllers\pedido\Template.php 360
ERROR - 2018-10-11 12:43:33 --> Severity: Notice --> Undefined index: cliente C:\laragon\www\webpedidos\application\controllers\pedido\Template.php 362
ERROR - 2018-10-11 12:43:33 --> Severity: Notice --> Undefined index: id C:\laragon\www\webpedidos\application\models\produto\Produto_model.php 130
ERROR - 2018-10-11 12:43:33 --> Severity: Notice --> Undefined index: cliente C:\laragon\www\webpedidos\application\controllers\pedido\Template.php 360
ERROR - 2018-10-11 12:43:33 --> Severity: Notice --> Undefined index: cliente C:\laragon\www\webpedidos\application\controllers\pedido\Template.php 362
ERROR - 2018-10-11 12:43:33 --> Severity: Notice --> Undefined index: id C:\laragon\www\webpedidos\application\models\produto\Produto_model.php 130
ERROR - 2018-10-11 12:43:33 --> Severity: Notice --> Undefined index: cliente C:\laragon\www\webpedidos\application\controllers\pedido\Template.php 360
ERROR - 2018-10-11 12:43:33 --> Severity: Notice --> Undefined index: cliente C:\laragon\www\webpedidos\application\controllers\pedido\Template.php 362
ERROR - 2018-10-11 12:43:33 --> Severity: Notice --> Undefined index: id C:\laragon\www\webpedidos\application\models\produto\Produto_model.php 130
ERROR - 2018-10-11 12:43:33 --> Severity: Notice --> Undefined variable: produto C:\laragon\www\webpedidos\application\controllers\pedido\Template.php 436
ERROR - 2018-10-11 12:43:33 --> Query error: ERRO:  valor nulo na coluna "key_clientes" viola a restriчуo nуo-nula
DETAIL:  Registro que falhou contщm (50329, null, 2018-10-11, 2018-10-11, null, 33021887, 100, null, Aberto, OBSERVACAO DA FELICIDADE, null, t, f, null, 2018-10-11 12:43:33, null, null, null, 1, , 71.340.830/0001-06, 0, 71.340.830/0001-06, 0). - Invalid query: INSERT INTO "pedidos" ("aprovar", "data_emissao", "data_fechado", "dh_aprovacao", "entrega_local", "entrega_turno", "id_centro_custo", "id_depto", "key_clientes", "key_clientes_aprovador", "key_clientes_solicitante", "key_funcionarios", "key_funcionarios_aprovador", "key_funcionarios_solicitante", "numero", "obs") VALUES ('1','2018-10-11',NULL,'2018-10-11 12:43:33','',1,'100',NULL,NULL,'71.340.830/0001-06','71.340.830/0001-06','33021887','0','0',50329,'OBSERVACAO DA FELICIDADE'), ('1','2018-10-11',NULL,'2018-10-11 12:43:33','',1,'100',NULL,NULL,'71.340.830/0001-06','71.340.830/0001-06','33053863','0','0',50330,'OBSERVACAO DA FELICIDADE'), ('1','2018-10-11',NULL,'2018-10-11 12:43:33','',1,'100',NULL,NULL,'71.340.830/0001-06','71.340.830/0001-06','33044107','0','0',50331,'OBSERVACAO DA FELICIDADE')
ERROR - 2018-10-11 12:43:33 --> Severity: Warning --> Cannot modify header information - headers already sent by (output started at C:\laragon\www\system\core\Exceptions.php:271) C:\laragon\www\system\core\Common.php 570
ERROR - 2018-10-11 12:44:16 --> 404 Page Not Found: Assets/js
ERROR - 2018-10-11 12:44:16 --> 404 Page Not Found: Assets/js
ERROR - 2018-10-11 12:52:02 --> 404 Page Not Found: Assets/js
ERROR - 2018-10-11 12:52:02 --> 404 Page Not Found: Assets/js
ERROR - 2018-10-11 12:52:12 --> Severity: Notice --> Undefined index: cliente C:\laragon\www\webpedidos\application\controllers\pedido\Template.php 363
ERROR - 2018-10-11 12:52:12 --> Severity: Notice --> Undefined index: cliente C:\laragon\www\webpedidos\application\controllers\pedido\Template.php 365
ERROR - 2018-10-11 12:52:12 --> Severity: Notice --> Undefined index: id C:\laragon\www\webpedidos\application\models\produto\Produto_model.php 130
ERROR - 2018-10-11 12:52:12 --> Severity: Notice --> Undefined index: cliente C:\laragon\www\webpedidos\application\controllers\pedido\Template.php 363
ERROR - 2018-10-11 12:52:12 --> Severity: Notice --> Undefined index: cliente C:\laragon\www\webpedidos\application\controllers\pedido\Template.php 365
ERROR - 2018-10-11 12:52:12 --> Severity: Notice --> Undefined index: id C:\laragon\www\webpedidos\application\models\produto\Produto_model.php 130
ERROR - 2018-10-11 12:52:12 --> Severity: Notice --> Undefined index: cliente C:\laragon\www\webpedidos\application\controllers\pedido\Template.php 363
ERROR - 2018-10-11 12:52:12 --> Severity: Notice --> Undefined index: cliente C:\laragon\www\webpedidos\application\controllers\pedido\Template.php 365
ERROR - 2018-10-11 12:52:12 --> Severity: Notice --> Undefined index: id C:\laragon\www\webpedidos\application\models\produto\Produto_model.php 130
ERROR - 2018-10-11 12:52:12 --> Severity: Notice --> Undefined variable: produto C:\laragon\www\webpedidos\application\controllers\pedido\Template.php 439
ERROR - 2018-10-11 12:52:12 --> Query error: ERRO:  valor nulo na coluna "key_clientes" viola a restriчуo nуo-nula
DETAIL:  Registro que falhou contщm (50335, null, 2018-10-11, 2018-10-11, null, 33021887, 100, null, Aberto, OBSERVACAO DA FELICIDADE, null, t, f, null, 2018-10-11 12:52:12, null, null, null, 1, , 71.340.830/0001-06, 0, 71.340.830/0001-06, 0). - Invalid query: INSERT INTO "pedidos" ("aprovar", "data_emissao", "data_fechado", "dh_aprovacao", "entrega_local", "entrega_turno", "id_centro_custo", "id_depto", "key_clientes", "key_clientes_aprovador", "key_clientes_solicitante", "key_funcionarios", "key_funcionarios_aprovador", "key_funcionarios_solicitante", "numero", "obs") VALUES ('1','2018-10-11',NULL,'2018-10-11 12:52:12','',1,'100',NULL,NULL,'71.340.830/0001-06','71.340.830/0001-06','33021887','0','0',50335,'OBSERVACAO DA FELICIDADE'), ('1','2018-10-11',NULL,'2018-10-11 12:52:12','',4,'100',NULL,NULL,'71.340.830/0001-06','71.340.830/0001-06','33053863','0','0',50336,'OBSERVACAO DA FELICIDADE'), ('1','2018-10-11',NULL,'2018-10-11 12:52:12','',1,'100',NULL,NULL,'71.340.830/0001-06','71.340.830/0001-06','33044107','0','0',50337,'OBSERVACAO DA FELICIDADE')
ERROR - 2018-10-11 12:52:12 --> Severity: Warning --> Cannot modify header information - headers already sent by (output started at C:\laragon\www\system\core\Exceptions.php:271) C:\laragon\www\system\core\Common.php 570
ERROR - 2018-10-11 12:52:44 --> Severity: Notice --> Undefined index: cliente C:\laragon\www\webpedidos\application\controllers\pedido\Template.php 363
ERROR - 2018-10-11 12:52:44 --> Severity: Notice --> Undefined index: cliente C:\laragon\www\webpedidos\application\controllers\pedido\Template.php 365
ERROR - 2018-10-11 12:52:44 --> Severity: Notice --> Undefined index: id C:\laragon\www\webpedidos\application\models\produto\Produto_model.php 130
ERROR - 2018-10-11 12:52:44 --> Severity: Notice --> Undefined index: cliente C:\laragon\www\webpedidos\application\controllers\pedido\Template.php 363
ERROR - 2018-10-11 12:52:44 --> Severity: Notice --> Undefined index: cliente C:\laragon\www\webpedidos\application\controllers\pedido\Template.php 365
ERROR - 2018-10-11 12:52:44 --> Severity: Notice --> Undefined index: id C:\laragon\www\webpedidos\application\models\produto\Produto_model.php 130
ERROR - 2018-10-11 12:52:44 --> Severity: Notice --> Undefined index: cliente C:\laragon\www\webpedidos\application\controllers\pedido\Template.php 363
ERROR - 2018-10-11 12:52:44 --> Severity: Notice --> Undefined index: cliente C:\laragon\www\webpedidos\application\controllers\pedido\Template.php 365
ERROR - 2018-10-11 12:52:44 --> Severity: Notice --> Undefined index: id C:\laragon\www\webpedidos\application\models\produto\Produto_model.php 130
ERROR - 2018-10-11 12:52:44 --> Severity: Notice --> Undefined variable: produto C:\laragon\www\webpedidos\application\controllers\pedido\Template.php 439
ERROR - 2018-10-11 12:52:44 --> Query error: ERRO:  valor nulo na coluna "key_clientes" viola a restriчуo nуo-nula
DETAIL:  Registro que falhou contщm (50338, null, 2018-10-11, 2018-10-11, null, 33021887, 100, null, Aberto, OBSERVACAO DA FELICIDADE, null, t, f, null, 2018-10-11 12:52:44, null, null, null, 1, , 71.340.830/0001-06, 0, 71.340.830/0001-06, 0). - Invalid query: INSERT INTO "pedidos" ("aprovar", "data_emissao", "data_fechado", "dh_aprovacao", "entrega_local", "entrega_turno", "id_centro_custo", "id_depto", "key_clientes", "key_clientes_aprovador", "key_clientes_solicitante", "key_funcionarios", "key_funcionarios_aprovador", "key_funcionarios_solicitante", "numero", "obs") VALUES ('1','2018-10-11',NULL,'2018-10-11 12:52:44','',1,'100',NULL,NULL,'71.340.830/0001-06','71.340.830/0001-06','33021887','0','0',50338,'OBSERVACAO DA FELICIDADE'), ('1','2018-10-11',NULL,'2018-10-11 12:52:44','',3,'100',NULL,NULL,'71.340.830/0001-06','71.340.830/0001-06','33053863','0','0',50339,'OBSERVACAO DA FELICIDADE'), ('1','2018-10-11',NULL,'2018-10-11 12:52:44','',1,'100',NULL,NULL,'71.340.830/0001-06','71.340.830/0001-06','33044107','0','0',50340,'OBSERVACAO DA FELICIDADE')
ERROR - 2018-10-11 12:52:44 --> Severity: Warning --> Cannot modify header information - headers already sent by (output started at C:\laragon\www\system\core\Exceptions.php:271) C:\laragon\www\system\core\Common.php 570
ERROR - 2018-10-11 12:53:25 --> 404 Page Not Found: Assets/js
ERROR - 2018-10-11 12:53:25 --> 404 Page Not Found: Assets/js
ERROR - 2018-10-11 12:54:14 --> Severity: Notice --> Undefined index: cliente C:\laragon\www\webpedidos\application\controllers\pedido\Template.php 363
ERROR - 2018-10-11 12:54:14 --> Severity: Notice --> Undefined index: cliente C:\laragon\www\webpedidos\application\controllers\pedido\Template.php 365
ERROR - 2018-10-11 12:54:14 --> Severity: Notice --> Undefined index: id C:\laragon\www\webpedidos\application\models\produto\Produto_model.php 130
ERROR - 2018-10-11 12:54:14 --> Severity: Notice --> Undefined index: cliente C:\laragon\www\webpedidos\application\controllers\pedido\Template.php 363
ERROR - 2018-10-11 12:54:14 --> Severity: Notice --> Undefined index: cliente C:\laragon\www\webpedidos\application\controllers\pedido\Template.php 365
ERROR - 2018-10-11 12:54:14 --> Severity: Notice --> Undefined index: id C:\laragon\www\webpedidos\application\models\produto\Produto_model.php 130
ERROR - 2018-10-11 12:54:14 --> Severity: Notice --> Undefined index: cliente C:\laragon\www\webpedidos\application\controllers\pedido\Template.php 363
ERROR - 2018-10-11 12:54:14 --> Severity: Notice --> Undefined index: cliente C:\laragon\www\webpedidos\application\controllers\pedido\Template.php 365
ERROR - 2018-10-11 12:54:14 --> Severity: Notice --> Undefined index: id C:\laragon\www\webpedidos\application\models\produto\Produto_model.php 130
ERROR - 2018-10-11 12:54:14 --> Severity: Notice --> Undefined variable: produto C:\laragon\www\webpedidos\application\controllers\pedido\Template.php 439
ERROR - 2018-10-11 12:54:14 --> Query error: ERRO:  valor nulo na coluna "key_clientes" viola a restriчуo nуo-nula
DETAIL:  Registro que falhou contщm (50344, null, 2018-10-11, 2018-10-11, null, 33021887, 100, null, Aberto, OBSERVACAO DA FELICIDADE, null, t, f, null, 2018-10-11 12:54:14, null, null, null, 1, , 71.340.830/0001-06, 0, 71.340.830/0001-06, 0). - Invalid query: INSERT INTO "pedidos" ("aprovar", "data_emissao", "data_fechado", "dh_aprovacao", "entrega_local", "entrega_turno", "id_centro_custo", "id_depto", "key_clientes", "key_clientes_aprovador", "key_clientes_solicitante", "key_funcionarios", "key_funcionarios_aprovador", "key_funcionarios_solicitante", "numero", "obs") VALUES ('1','2018-10-11',NULL,'2018-10-11 12:54:14','',1,'100',NULL,NULL,'71.340.830/0001-06','71.340.830/0001-06','33021887','0','0',50344,'OBSERVACAO DA FELICIDADE'), ('1','2018-10-11',NULL,'2018-10-11 12:54:14','',2,'100',NULL,NULL,'71.340.830/0001-06','71.340.830/0001-06','33053863','0','0',50345,'OBSERVACAO DA FELICIDADE'), ('1','2018-10-11',NULL,'2018-10-11 12:54:14','',1,'100',NULL,NULL,'71.340.830/0001-06','71.340.830/0001-06','33044107','0','0',50346,'OBSERVACAO DA FELICIDADE')
ERROR - 2018-10-11 12:54:14 --> Severity: Warning --> Cannot modify header information - headers already sent by (output started at C:\laragon\www\webpedidos\application\controllers\pedido\Template.php:380) C:\laragon\www\system\core\Common.php 570
ERROR - 2018-10-11 14:32:00 --> 404 Page Not Found: Assets/js
ERROR - 2018-10-11 14:32:01 --> 404 Page Not Found: Assets/js
ERROR - 2018-10-11 14:38:07 --> 404 Page Not Found: Assets/js
ERROR - 2018-10-11 14:38:07 --> 404 Page Not Found: Assets/js
ERROR - 2018-10-11 14:38:22 --> Severity: Notice --> Undefined index: cliente C:\laragon\www\webpedidos\application\controllers\pedido\Template.php 363
ERROR - 2018-10-11 14:38:22 --> Severity: Notice --> Undefined index: cliente C:\laragon\www\webpedidos\application\controllers\pedido\Template.php 365
ERROR - 2018-10-11 14:38:22 --> Severity: Notice --> Undefined index: id C:\laragon\www\webpedidos\application\models\produto\Produto_model.php 130
ERROR - 2018-10-11 14:38:22 --> Severity: Notice --> Undefined index: cliente C:\laragon\www\webpedidos\application\controllers\pedido\Template.php 363
ERROR - 2018-10-11 14:38:22 --> Severity: Notice --> Undefined index: cliente C:\laragon\www\webpedidos\application\controllers\pedido\Template.php 365
ERROR - 2018-10-11 14:38:22 --> Severity: Notice --> Undefined index: id C:\laragon\www\webpedidos\application\models\produto\Produto_model.php 130
ERROR - 2018-10-11 14:38:22 --> Severity: Notice --> Undefined index: cliente C:\laragon\www\webpedidos\application\controllers\pedido\Template.php 363
ERROR - 2018-10-11 14:38:22 --> Severity: Notice --> Undefined index: cliente C:\laragon\www\webpedidos\application\controllers\pedido\Template.php 365
ERROR - 2018-10-11 14:38:22 --> Severity: Notice --> Undefined index: id C:\laragon\www\webpedidos\application\models\produto\Produto_model.php 130
ERROR - 2018-10-11 14:38:22 --> Severity: Notice --> Undefined variable: produto C:\laragon\www\webpedidos\application\controllers\pedido\Template.php 439
ERROR - 2018-10-11 14:38:22 --> Query error: ERRO:  valor nulo na coluna "key_clientes" viola a restriчуo nуo-nula
DETAIL:  Registro que falhou contщm (50347, null, 2018-10-11, 2018-10-11, null, 33021887, 100, null, Aberto, OBSERVACAO DA FELICIDADE, null, t, f, null, 2018-10-11 14:38:22, null, null, null, 1, LOJA, 71.340.830/0001-06, 0, 71.340.830/0001-06, 0). - Invalid query: INSERT INTO "pedidos" ("aprovar", "data_emissao", "data_fechado", "dh_aprovacao", "entrega_local", "entrega_turno", "id_centro_custo", "id_depto", "key_clientes", "key_clientes_aprovador", "key_clientes_solicitante", "key_funcionarios", "key_funcionarios_aprovador", "key_funcionarios_solicitante", "numero", "obs") VALUES ('1','2018-10-11',NULL,'2018-10-11 14:38:22','LOJA',1,'100',NULL,NULL,'71.340.830/0001-06','71.340.830/0001-06','33021887','0','0',50347,'OBSERVACAO DA FELICIDADE'), ('1','2018-10-11',NULL,'2018-10-11 14:38:22','LOJA',2,'100',NULL,NULL,'71.340.830/0001-06','71.340.830/0001-06','33053863','0','0',50348,'OBSERVACAO DA FELICIDADE'), ('1','2018-10-11',NULL,'2018-10-11 14:38:22','LOJA',1,'100',NULL,NULL,'71.340.830/0001-06','71.340.830/0001-06','33044107','0','0',50349,'OBSERVACAO DA FELICIDADE')
ERROR - 2018-10-11 14:38:22 --> Severity: Warning --> Cannot modify header information - headers already sent by (output started at C:\laragon\www\webpedidos\application\controllers\pedido\Template.php:380) C:\laragon\www\system\core\Common.php 570
ERROR - 2018-10-11 14:43:06 --> 404 Page Not Found: Assets/js
ERROR - 2018-10-11 14:43:06 --> 404 Page Not Found: Assets/js
ERROR - 2018-10-11 14:51:03 --> 404 Page Not Found: Assets/js
ERROR - 2018-10-11 14:51:04 --> 404 Page Not Found: Assets/js
ERROR - 2018-10-11 14:51:26 --> Severity: Notice --> Undefined index: cliente C:\laragon\www\webpedidos\application\controllers\pedido\Template.php 363
ERROR - 2018-10-11 14:51:26 --> Severity: Notice --> Undefined index: cliente C:\laragon\www\webpedidos\application\controllers\pedido\Template.php 365
ERROR - 2018-10-11 14:51:26 --> Severity: Notice --> Undefined index: id C:\laragon\www\webpedidos\application\models\produto\Produto_model.php 130
ERROR - 2018-10-11 14:51:26 --> Severity: Notice --> Undefined index: cliente C:\laragon\www\webpedidos\application\controllers\pedido\Template.php 363
ERROR - 2018-10-11 14:51:26 --> Severity: Notice --> Undefined index: cliente C:\laragon\www\webpedidos\application\controllers\pedido\Template.php 365
ERROR - 2018-10-11 14:51:26 --> Severity: Notice --> Undefined index: id C:\laragon\www\webpedidos\application\models\produto\Produto_model.php 130
ERROR - 2018-10-11 14:51:26 --> Severity: Notice --> Undefined index: cliente C:\laragon\www\webpedidos\application\controllers\pedido\Template.php 363
ERROR - 2018-10-11 14:51:26 --> Severity: Notice --> Undefined index: cliente C:\laragon\www\webpedidos\application\controllers\pedido\Template.php 365
ERROR - 2018-10-11 14:51:26 --> Severity: Notice --> Undefined index: id C:\laragon\www\webpedidos\application\models\produto\Produto_model.php 130
ERROR - 2018-10-11 14:51:26 --> Severity: Notice --> Undefined variable: produto C:\laragon\www\webpedidos\application\controllers\pedido\Template.php 439
ERROR - 2018-10-11 14:51:26 --> Query error: ERRO:  valor nulo na coluna "key_clientes" viola a restriчуo nуo-nula
DETAIL:  Registro que falhou contщm (50350, null, 2018-10-11, 2018-10-11, null, 33021887, 100, null, Aberto, OBSERVACAO DA FELICIDADE, null, t, f, null, 2018-10-11 14:51:26, null, null, null, 3, LOJA, 71.340.830/0001-06, 0, 71.340.830/0001-06, 0). - Invalid query: INSERT INTO "pedidos" ("aprovar", "data_emissao", "data_fechado", "dh_aprovacao", "entrega_local", "entrega_turno", "id_centro_custo", "id_depto", "key_clientes", "key_clientes_aprovador", "key_clientes_solicitante", "key_funcionarios", "key_funcionarios_aprovador", "key_funcionarios_solicitante", "numero", "obs") VALUES ('1','2018-10-11',NULL,'2018-10-11 14:51:26','LOJA',3,'100',NULL,NULL,'71.340.830/0001-06','71.340.830/0001-06','33021887','0','0',50350,'OBSERVACAO DA FELICIDADE'), ('1','2018-10-11',NULL,'2018-10-11 14:51:26','',3,'100',NULL,NULL,'71.340.830/0001-06','71.340.830/0001-06','33053863','0','0',50351,'OBSERVACAO DA FELICIDADE'), ('1','2018-10-11',NULL,'2018-10-11 14:51:26','',1,'100',NULL,NULL,'71.340.830/0001-06','71.340.830/0001-06','33044107','0','0',50352,'OBSERVACAO DA FELICIDADE')
ERROR - 2018-10-11 14:51:26 --> Severity: Warning --> Cannot modify header information - headers already sent by (output started at C:\laragon\www\webpedidos\application\controllers\pedido\Template.php:380) C:\laragon\www\system\core\Common.php 570
ERROR - 2018-10-11 14:56:59 --> 404 Page Not Found: Assets/js
ERROR - 2018-10-11 14:56:59 --> 404 Page Not Found: Assets/js
ERROR - 2018-10-11 14:57:31 --> Severity: Notice --> Undefined index: cliente C:\laragon\www\webpedidos\application\controllers\pedido\Template.php 363
ERROR - 2018-10-11 14:57:31 --> Severity: Notice --> Undefined index: cliente C:\laragon\www\webpedidos\application\controllers\pedido\Template.php 365
ERROR - 2018-10-11 14:57:31 --> Severity: Notice --> Undefined index: id C:\laragon\www\webpedidos\application\models\produto\Produto_model.php 130
ERROR - 2018-10-11 14:57:31 --> Severity: Notice --> Undefined index: cliente C:\laragon\www\webpedidos\application\controllers\pedido\Template.php 363
ERROR - 2018-10-11 14:57:31 --> Severity: Notice --> Undefined index: cliente C:\laragon\www\webpedidos\application\controllers\pedido\Template.php 365
ERROR - 2018-10-11 14:57:31 --> Severity: Notice --> Undefined index: id C:\laragon\www\webpedidos\application\models\produto\Produto_model.php 130
ERROR - 2018-10-11 14:57:31 --> Severity: Notice --> Undefined index: cliente C:\laragon\www\webpedidos\application\controllers\pedido\Template.php 363
ERROR - 2018-10-11 14:57:31 --> Severity: Notice --> Undefined index: cliente C:\laragon\www\webpedidos\application\controllers\pedido\Template.php 365
ERROR - 2018-10-11 14:57:31 --> Severity: Notice --> Undefined index: id C:\laragon\www\webpedidos\application\models\produto\Produto_model.php 130
ERROR - 2018-10-11 14:57:31 --> Severity: Notice --> Undefined variable: produto C:\laragon\www\webpedidos\application\controllers\pedido\Template.php 439
ERROR - 2018-10-11 14:57:31 --> Query error: ERRO:  valor nulo na coluna "key_clientes" viola a restriчуo nуo-nula
DETAIL:  Registro que falhou contщm (50353, null, 2018-10-11, 2018-10-11, null, 33021887, 100, null, Aberto, OBSERVACAO DA FELICIDADE, null, t, f, null, 2018-10-11 14:57:31, null, null, null, 3, , 71.340.830/0001-06, 0, 71.340.830/0001-06, 0). - Invalid query: INSERT INTO "pedidos" ("aprovar", "data_emissao", "data_fechado", "dh_aprovacao", "entrega_local", "entrega_turno", "id_centro_custo", "id_depto", "key_clientes", "key_clientes_aprovador", "key_clientes_solicitante", "key_funcionarios", "key_funcionarios_aprovador", "key_funcionarios_solicitante", "numero", "obs") VALUES ('1','2018-10-11',NULL,'2018-10-11 14:57:31','',3,'100',NULL,NULL,'71.340.830/0001-06','71.340.830/0001-06','33021887','0','0',50353,'OBSERVACAO DA FELICIDADE'), ('1','2018-10-11',NULL,'2018-10-11 14:57:31','',2,'100',NULL,NULL,'71.340.830/0001-06','71.340.830/0001-06','33053863','0','0',50354,'OBSERVACAO DA FELICIDADE'), ('1','2018-10-11',NULL,'2018-10-11 14:57:31','',4,'100',NULL,NULL,'71.340.830/0001-06','71.340.830/0001-06','33044107','0','0',50355,'OBSERVACAO DA FELICIDADE')
ERROR - 2018-10-11 14:57:31 --> Severity: Warning --> Cannot modify header information - headers already sent by (output started at C:\laragon\www\webpedidos\application\controllers\pedido\Template.php:380) C:\laragon\www\system\core\Common.php 570
ERROR - 2018-10-11 15:00:04 --> 404 Page Not Found: Assets/js
ERROR - 2018-10-11 15:00:05 --> 404 Page Not Found: Assets/js
ERROR - 2018-10-11 15:00:36 --> Severity: Notice --> Undefined index: cliente C:\laragon\www\webpedidos\application\controllers\pedido\Template.php 363
ERROR - 2018-10-11 15:00:36 --> Severity: Notice --> Undefined index: cliente C:\laragon\www\webpedidos\application\controllers\pedido\Template.php 365
ERROR - 2018-10-11 15:00:36 --> Severity: Notice --> Undefined index: id C:\laragon\www\webpedidos\application\models\produto\Produto_model.php 130
ERROR - 2018-10-11 15:00:36 --> Severity: Notice --> Undefined index: cliente C:\laragon\www\webpedidos\application\controllers\pedido\Template.php 363
ERROR - 2018-10-11 15:00:36 --> Severity: Notice --> Undefined index: cliente C:\laragon\www\webpedidos\application\controllers\pedido\Template.php 365
ERROR - 2018-10-11 15:00:36 --> Severity: Notice --> Undefined index: id C:\laragon\www\webpedidos\application\models\produto\Produto_model.php 130
ERROR - 2018-10-11 15:00:36 --> Severity: Notice --> Undefined index: cliente C:\laragon\www\webpedidos\application\controllers\pedido\Template.php 363
ERROR - 2018-10-11 15:00:36 --> Severity: Notice --> Undefined index: cliente C:\laragon\www\webpedidos\application\controllers\pedido\Template.php 365
ERROR - 2018-10-11 15:00:36 --> Severity: Notice --> Undefined index: id C:\laragon\www\webpedidos\application\models\produto\Produto_model.php 130
ERROR - 2018-10-11 15:00:36 --> Severity: Notice --> Undefined variable: produto C:\laragon\www\webpedidos\application\controllers\pedido\Template.php 439
ERROR - 2018-10-11 15:00:36 --> Query error: ERRO:  valor nulo na coluna "key_clientes" viola a restriчуo nуo-nula
DETAIL:  Registro que falhou contщm (50356, null, 2018-10-11, 2018-10-11, null, 33021887, 100, null, Aberto, OBSERVACAO DA FELICIDADE, null, t, f, null, 2018-10-11 15:00:36, null, null, null, 3, LOJA, 71.340.830/0001-06, 0, 71.340.830/0001-06, 0). - Invalid query: INSERT INTO "pedidos" ("aprovar", "data_emissao", "data_fechado", "dh_aprovacao", "entrega_local", "entrega_turno", "id_centro_custo", "id_depto", "key_clientes", "key_clientes_aprovador", "key_clientes_solicitante", "key_funcionarios", "key_funcionarios_aprovador", "key_funcionarios_solicitante", "numero", "obs") VALUES ('1','2018-10-11',NULL,'2018-10-11 15:00:36','LOJA',3,'100',NULL,NULL,'71.340.830/0001-06','71.340.830/0001-06','33021887','0','0',50356,'OBSERVACAO DA FELICIDADE'), ('1','2018-10-11',NULL,'2018-10-11 15:00:36','LOJA',4,'100',NULL,NULL,'71.340.830/0001-06','71.340.830/0001-06','33053863','0','0',50357,'OBSERVACAO DA FELICIDADE'), ('1','2018-10-11',NULL,'2018-10-11 15:00:36','LOJA',3,'100',NULL,NULL,'71.340.830/0001-06','71.340.830/0001-06','33044107','0','0',50358,'OBSERVACAO DA FELICIDADE')
ERROR - 2018-10-11 15:00:36 --> Severity: Warning --> Cannot modify header information - headers already sent by (output started at C:\laragon\www\webpedidos\application\controllers\pedido\Template.php:380) C:\laragon\www\system\core\Common.php 570
ERROR - 2018-10-11 15:15:02 --> 404 Page Not Found: Assets/js
ERROR - 2018-10-11 15:15:02 --> 404 Page Not Found: Assets/js
ERROR - 2018-10-11 15:39:57 --> 404 Page Not Found: Assets/js
ERROR - 2018-10-11 15:39:57 --> 404 Page Not Found: Assets/js
ERROR - 2018-10-11 15:44:04 --> Severity: Notice --> Undefined index: cliente C:\laragon\www\webpedidos\application\controllers\pedido\Template.php 363
ERROR - 2018-10-11 15:44:04 --> Severity: Notice --> Undefined index: cliente C:\laragon\www\webpedidos\application\controllers\pedido\Template.php 365
ERROR - 2018-10-11 15:44:04 --> Severity: Notice --> Undefined index: id C:\laragon\www\webpedidos\application\models\produto\Produto_model.php 130
ERROR - 2018-10-11 15:44:04 --> Severity: Notice --> Undefined index: cliente C:\laragon\www\webpedidos\application\controllers\pedido\Template.php 363
ERROR - 2018-10-11 15:44:04 --> Severity: Notice --> Undefined index: cliente C:\laragon\www\webpedidos\application\controllers\pedido\Template.php 365
ERROR - 2018-10-11 15:44:04 --> Severity: Notice --> Undefined index: id C:\laragon\www\webpedidos\application\models\produto\Produto_model.php 130
ERROR - 2018-10-11 15:44:04 --> Severity: Notice --> Undefined index: cliente C:\laragon\www\webpedidos\application\controllers\pedido\Template.php 363
ERROR - 2018-10-11 15:44:04 --> Severity: Notice --> Undefined index: cliente C:\laragon\www\webpedidos\application\controllers\pedido\Template.php 365
ERROR - 2018-10-11 15:44:04 --> Severity: Notice --> Undefined index: id C:\laragon\www\webpedidos\application\models\produto\Produto_model.php 130
ERROR - 2018-10-11 15:44:04 --> Severity: Notice --> Undefined variable: produto C:\laragon\www\webpedidos\application\controllers\pedido\Template.php 439
ERROR - 2018-10-11 15:44:04 --> Query error: ERRO:  valor nulo na coluna "key_clientes" viola a restriчуo nуo-nula
DETAIL:  Registro que falhou contщm (50359, null, 2018-10-11, 2018-10-11, null, 33021887, 100, null, Aberto, OBSERVACAO DA FELICIDADE, null, t, f, null, 2018-10-11 15:44:04, null, null, null, 3, , 71.340.830/0001-06, 0, 71.340.830/0001-06, 0). - Invalid query: INSERT INTO "pedidos" ("aprovar", "data_emissao", "data_fechado", "dh_aprovacao", "entrega_local", "entrega_turno", "id_centro_custo", "id_depto", "key_clientes", "key_clientes_aprovador", "key_clientes_solicitante", "key_funcionarios", "key_funcionarios_aprovador", "key_funcionarios_solicitante", "numero", "obs") VALUES ('1','2018-10-11',NULL,'2018-10-11 15:44:04','',3,'100',NULL,NULL,'71.340.830/0001-06','71.340.830/0001-06','33021887','0','0',50359,'OBSERVACAO DA FELICIDADE'), ('1','2018-10-11',NULL,'2018-10-11 15:44:04','',1,'100',NULL,NULL,'71.340.830/0001-06','71.340.830/0001-06','33053863','0','0',50360,'OBSERVACAO DA FELICIDADE'), ('1','2018-10-11',NULL,'2018-10-11 15:44:04','',1,'100',NULL,NULL,'71.340.830/0001-06','71.340.830/0001-06','33044107','0','0',50361,'OBSERVACAO DA FELICIDADE')
ERROR - 2018-10-11 15:44:04 --> Severity: Warning --> Cannot modify header information - headers already sent by (output started at C:\laragon\www\webpedidos\application\controllers\pedido\Template.php:380) C:\laragon\www\system\core\Common.php 570
ERROR - 2018-10-11 15:46:15 --> 404 Page Not Found: Assets/js
ERROR - 2018-10-11 15:46:15 --> 404 Page Not Found: Assets/js
ERROR - 2018-10-11 15:46:33 --> Severity: Notice --> Undefined index: cliente C:\laragon\www\webpedidos\application\controllers\pedido\Template.php 363
ERROR - 2018-10-11 15:46:33 --> Severity: Notice --> Undefined index: cliente C:\laragon\www\webpedidos\application\controllers\pedido\Template.php 365
ERROR - 2018-10-11 15:46:33 --> Severity: Notice --> Undefined index: id C:\laragon\www\webpedidos\application\models\produto\Produto_model.php 130
ERROR - 2018-10-11 15:46:33 --> Severity: Notice --> Undefined variable: produto C:\laragon\www\webpedidos\application\controllers\pedido\Template.php 394
ERROR - 2018-10-11 15:46:33 --> Severity: Notice --> Undefined index: cliente C:\laragon\www\webpedidos\application\controllers\pedido\Template.php 363
ERROR - 2018-10-11 15:46:33 --> Severity: Notice --> Undefined index: cliente C:\laragon\www\webpedidos\application\controllers\pedido\Template.php 365
ERROR - 2018-10-11 15:46:33 --> Severity: Notice --> Undefined index: id C:\laragon\www\webpedidos\application\models\produto\Produto_model.php 130
ERROR - 2018-10-11 15:46:33 --> Severity: Notice --> Undefined variable: produto C:\laragon\www\webpedidos\application\controllers\pedido\Template.php 394
ERROR - 2018-10-11 15:46:33 --> Severity: Notice --> Undefined index: cliente C:\laragon\www\webpedidos\application\controllers\pedido\Template.php 363
ERROR - 2018-10-11 15:46:33 --> Severity: Notice --> Undefined index: cliente C:\laragon\www\webpedidos\application\controllers\pedido\Template.php 365
ERROR - 2018-10-11 15:46:33 --> Severity: Notice --> Undefined index: id C:\laragon\www\webpedidos\application\models\produto\Produto_model.php 130
ERROR - 2018-10-11 15:46:33 --> Severity: Notice --> Undefined variable: produto C:\laragon\www\webpedidos\application\controllers\pedido\Template.php 394
ERROR - 2018-10-11 15:46:33 --> Severity: Notice --> Undefined variable: produto C:\laragon\www\webpedidos\application\controllers\pedido\Template.php 439
ERROR - 2018-10-11 15:46:33 --> Query error: ERRO:  valor nulo na coluna "key_clientes" viola a restriчуo nуo-nula
DETAIL:  Registro que falhou contщm (50362, null, 2018-10-11, 2018-10-11, null, 33021887, 100, null, Aberto, OBSERVACAO DA FELICIDADE, null, t, f, null, 2018-10-11 15:46:33, null, null, null, 2, , 71.340.830/0001-06, 0, 71.340.830/0001-06, 0). - Invalid query: INSERT INTO "pedidos" ("aprovar", "data_emissao", "data_fechado", "dh_aprovacao", "entrega_local", "entrega_turno", "id_centro_custo", "id_depto", "key_clientes", "key_clientes_aprovador", "key_clientes_solicitante", "key_funcionarios", "key_funcionarios_aprovador", "key_funcionarios_solicitante", "numero", "obs") VALUES ('1','2018-10-11',NULL,'2018-10-11 15:46:33','',2,'100',NULL,NULL,'71.340.830/0001-06','71.340.830/0001-06','33021887','0','0',50362,'OBSERVACAO DA FELICIDADE'), ('1','2018-10-11',NULL,'2018-10-11 15:46:33','',1,'100',NULL,NULL,'71.340.830/0001-06','71.340.830/0001-06','33053863','0','0',50363,'OBSERVACAO DA FELICIDADE'), ('1','2018-10-11',NULL,'2018-10-11 15:46:33','',1,'100',NULL,NULL,'71.340.830/0001-06','71.340.830/0001-06','33044107','0','0',50364,'OBSERVACAO DA FELICIDADE')
ERROR - 2018-10-11 15:46:33 --> Severity: Warning --> Cannot modify header information - headers already sent by (output started at C:\laragon\www\system\core\Exceptions.php:271) C:\laragon\www\system\core\Common.php 570
ERROR - 2018-10-11 15:53:28 --> 404 Page Not Found: Assets/js
ERROR - 2018-10-11 15:53:28 --> 404 Page Not Found: Assets/js
ERROR - 2018-10-11 15:53:42 --> Severity: Notice --> Undefined index: cliente C:\laragon\www\webpedidos\application\controllers\pedido\Template.php 364
ERROR - 2018-10-11 15:53:42 --> Severity: Notice --> Undefined index: cliente C:\laragon\www\webpedidos\application\controllers\pedido\Template.php 366
ERROR - 2018-10-11 15:53:42 --> Severity: Notice --> Undefined index: id C:\laragon\www\webpedidos\application\models\produto\Produto_model.php 130
ERROR - 2018-10-11 15:53:42 --> Severity: Notice --> Undefined variable: produto C:\laragon\www\webpedidos\application\controllers\pedido\Template.php 395
ERROR - 2018-10-11 15:53:43 --> Severity: Notice --> Undefined index: cliente C:\laragon\www\webpedidos\application\controllers\pedido\Template.php 364
ERROR - 2018-10-11 15:53:43 --> Severity: Notice --> Undefined index: cliente C:\laragon\www\webpedidos\application\controllers\pedido\Template.php 366
ERROR - 2018-10-11 15:53:43 --> Severity: Notice --> Undefined index: id C:\laragon\www\webpedidos\application\models\produto\Produto_model.php 130
ERROR - 2018-10-11 15:53:43 --> Severity: Notice --> Undefined variable: produto C:\laragon\www\webpedidos\application\controllers\pedido\Template.php 395
ERROR - 2018-10-11 15:53:43 --> Severity: Notice --> Undefined index: cliente C:\laragon\www\webpedidos\application\controllers\pedido\Template.php 364
ERROR - 2018-10-11 15:53:43 --> Severity: Notice --> Undefined index: cliente C:\laragon\www\webpedidos\application\controllers\pedido\Template.php 366
ERROR - 2018-10-11 15:53:43 --> Severity: Notice --> Undefined index: id C:\laragon\www\webpedidos\application\models\produto\Produto_model.php 130
ERROR - 2018-10-11 15:53:43 --> Severity: Notice --> Undefined variable: produto C:\laragon\www\webpedidos\application\controllers\pedido\Template.php 395
ERROR - 2018-10-11 15:53:43 --> Severity: Notice --> Undefined variable: produto C:\laragon\www\webpedidos\application\controllers\pedido\Template.php 439
ERROR - 2018-10-11 15:53:43 --> Query error: ERRO:  valor nulo na coluna "key_clientes" viola a restriчуo nуo-nula
DETAIL:  Registro que falhou contщm (50365, null, 2018-10-11, 2018-10-11, null, 33021887, 100, null, Aberto, OBSERVACAO DA FELICIDADE, null, t, f, null, 2018-10-11 15:53:42, null, null, null, 2, , 71.340.830/0001-06, 0, 71.340.830/0001-06, 0). - Invalid query: INSERT INTO "pedidos" ("aprovar", "data_emissao", "data_fechado", "dh_aprovacao", "entrega_local", "entrega_turno", "id_centro_custo", "id_depto", "key_clientes", "key_clientes_aprovador", "key_clientes_solicitante", "key_funcionarios", "key_funcionarios_aprovador", "key_funcionarios_solicitante", "numero", "obs") VALUES ('1','2018-10-11',NULL,'2018-10-11 15:53:42','',2,'100',NULL,NULL,'71.340.830/0001-06','71.340.830/0001-06','33021887','0','0',50365,'OBSERVACAO DA FELICIDADE'), ('1','2018-10-11',NULL,'2018-10-11 15:53:42','',1,'100',NULL,NULL,'71.340.830/0001-06','71.340.830/0001-06','33053863','0','0',50366,'OBSERVACAO DA FELICIDADE'), ('1','2018-10-11',NULL,'2018-10-11 15:53:42','',3,'100',NULL,NULL,'71.340.830/0001-06','71.340.830/0001-06','33044107','0','0',50367,'OBSERVACAO DA FELICIDADE')
ERROR - 2018-10-11 15:53:43 --> Severity: Warning --> Cannot modify header information - headers already sent by (output started at C:\laragon\www\system\core\Exceptions.php:271) C:\laragon\www\system\core\Common.php 570
ERROR - 2018-10-11 16:00:57 --> 404 Page Not Found: Assets/js
ERROR - 2018-10-11 16:00:57 --> 404 Page Not Found: Assets/js
ERROR - 2018-10-11 16:01:51 --> Severity: Notice --> Undefined index: cliente C:\laragon\www\webpedidos\application\controllers\pedido\Template.php 364
ERROR - 2018-10-11 16:01:51 --> Severity: Notice --> Undefined index: cliente C:\laragon\www\webpedidos\application\controllers\pedido\Template.php 366
ERROR - 2018-10-11 16:01:51 --> Severity: Notice --> Undefined index: id C:\laragon\www\webpedidos\application\models\produto\Produto_model.php 130
ERROR - 2018-10-11 16:01:51 --> Severity: Notice --> Undefined index: cliente C:\laragon\www\webpedidos\application\controllers\pedido\Template.php 364
ERROR - 2018-10-11 16:01:51 --> Severity: Notice --> Undefined index: cliente C:\laragon\www\webpedidos\application\controllers\pedido\Template.php 366
ERROR - 2018-10-11 16:01:51 --> Severity: Notice --> Undefined index: id C:\laragon\www\webpedidos\application\models\produto\Produto_model.php 130
ERROR - 2018-10-11 16:01:51 --> Severity: Notice --> Undefined index: cliente C:\laragon\www\webpedidos\application\controllers\pedido\Template.php 364
ERROR - 2018-10-11 16:01:51 --> Severity: Notice --> Undefined index: cliente C:\laragon\www\webpedidos\application\controllers\pedido\Template.php 366
ERROR - 2018-10-11 16:01:51 --> Severity: Notice --> Undefined index: id C:\laragon\www\webpedidos\application\models\produto\Produto_model.php 130
ERROR - 2018-10-11 16:01:51 --> Severity: Notice --> Undefined variable: produto C:\laragon\www\webpedidos\application\controllers\pedido\Template.php 439
ERROR - 2018-10-11 16:01:51 --> Query error: ERRO:  valor nulo na coluna "key_clientes" viola a restriчуo nуo-nula
DETAIL:  Registro que falhou contщm (50374, null, 2018-10-11, 2018-10-11, null, 33021887, 100, null, Aberto, OBSERVACAO DA FELICIDADE, null, t, f, null, 2018-10-11 16:01:51, null, null, null, 4, , 71.340.830/0001-06, 0, 71.340.830/0001-06, 0). - Invalid query: INSERT INTO "pedidos" ("aprovar", "data_emissao", "data_fechado", "dh_aprovacao", "entrega_local", "entrega_turno", "id_centro_custo", "id_depto", "key_clientes", "key_clientes_aprovador", "key_clientes_solicitante", "key_funcionarios", "key_funcionarios_aprovador", "key_funcionarios_solicitante", "numero", "obs") VALUES ('1','2018-10-11',NULL,'2018-10-11 16:01:51','',4,'100',NULL,NULL,'71.340.830/0001-06','71.340.830/0001-06','33021887','0','0',50374,'OBSERVACAO DA FELICIDADE'), ('1','2018-10-11',NULL,'2018-10-11 16:01:51','',3,'100',NULL,NULL,'71.340.830/0001-06','71.340.830/0001-06','33053863','0','0',50375,'OBSERVACAO DA FELICIDADE'), ('1','2018-10-11',NULL,'2018-10-11 16:01:51','LOJA',1,'100',NULL,NULL,'71.340.830/0001-06','71.340.830/0001-06','33044107','0','0',50376,'OBSERVACAO DA FELICIDADE')
ERROR - 2018-10-11 16:01:51 --> Severity: Warning --> Cannot modify header information - headers already sent by (output started at C:\laragon\www\system\core\Exceptions.php:271) C:\laragon\www\system\core\Common.php 570
ERROR - 2018-10-11 16:07:17 --> 404 Page Not Found: Assets/js
ERROR - 2018-10-11 16:07:17 --> 404 Page Not Found: Assets/js
ERROR - 2018-10-11 16:07:40 --> Severity: Notice --> Undefined index: cliente C:\laragon\www\webpedidos\application\controllers\pedido\Template.php 364
ERROR - 2018-10-11 16:07:40 --> Severity: Notice --> Undefined index: cliente C:\laragon\www\webpedidos\application\controllers\pedido\Template.php 366
ERROR - 2018-10-11 16:07:40 --> Severity: Notice --> Undefined index: id C:\laragon\www\webpedidos\application\models\produto\Produto_model.php 130
ERROR - 2018-10-11 16:07:40 --> Severity: Notice --> Undefined index: cliente C:\laragon\www\webpedidos\application\controllers\pedido\Template.php 364
ERROR - 2018-10-11 16:07:40 --> Severity: Notice --> Undefined index: cliente C:\laragon\www\webpedidos\application\controllers\pedido\Template.php 366
ERROR - 2018-10-11 16:07:40 --> Severity: Notice --> Undefined index: id C:\laragon\www\webpedidos\application\models\produto\Produto_model.php 130
ERROR - 2018-10-11 16:07:40 --> Severity: Notice --> Undefined index: cliente C:\laragon\www\webpedidos\application\controllers\pedido\Template.php 364
ERROR - 2018-10-11 16:07:40 --> Severity: Notice --> Undefined index: cliente C:\laragon\www\webpedidos\application\controllers\pedido\Template.php 366
ERROR - 2018-10-11 16:07:40 --> Severity: Notice --> Undefined index: id C:\laragon\www\webpedidos\application\models\produto\Produto_model.php 130
ERROR - 2018-10-11 16:07:40 --> Severity: Notice --> Undefined variable: produto C:\laragon\www\webpedidos\application\controllers\pedido\Template.php 439
ERROR - 2018-10-11 16:07:40 --> Query error: ERRO:  valor nulo na coluna "key_clientes" viola a restriчуo nуo-nula
DETAIL:  Registro que falhou contщm (50380, null, 2018-10-11, 2018-10-11, null, 33021887, 100, null, Aberto, OBSERVACAO DA FELICIDADE, null, t, f, null, 2018-10-11 16:07:40, null, null, null, 1, , 71.340.830/0001-06, 0, 71.340.830/0001-06, 0). - Invalid query: INSERT INTO "pedidos" ("aprovar", "data_emissao", "data_fechado", "dh_aprovacao", "entrega_local", "entrega_turno", "id_centro_custo", "id_depto", "key_clientes", "key_clientes_aprovador", "key_clientes_solicitante", "key_funcionarios", "key_funcionarios_aprovador", "key_funcionarios_solicitante", "numero", "obs") VALUES ('1','2018-10-11',NULL,'2018-10-11 16:07:40','',1,'100',NULL,NULL,'71.340.830/0001-06','71.340.830/0001-06','33021887','0','0',50380,'OBSERVACAO DA FELICIDADE'), ('1','2018-10-11',NULL,'2018-10-11 16:07:40','',2,'100',NULL,NULL,'71.340.830/0001-06','71.340.830/0001-06','33053863','0','0',50381,'OBSERVACAO DA FELICIDADE'), ('1','2018-10-11',NULL,'2018-10-11 16:07:40','',3,'100',NULL,NULL,'71.340.830/0001-06','71.340.830/0001-06','33044107','0','0',50382,'OBSERVACAO DA FELICIDADE')
ERROR - 2018-10-11 16:07:40 --> Severity: Warning --> Cannot modify header information - headers already sent by (output started at C:\laragon\www\system\core\Exceptions.php:271) C:\laragon\www\system\core\Common.php 570
ERROR - 2018-10-11 16:14:10 --> 404 Page Not Found: Assets/js
ERROR - 2018-10-11 16:14:10 --> 404 Page Not Found: Assets/js
ERROR - 2018-10-11 16:14:22 --> Severity: Notice --> Undefined index: cliente C:\laragon\www\webpedidos\application\controllers\pedido\Template.php 364
ERROR - 2018-10-11 16:14:22 --> Severity: Notice --> Undefined index: cliente C:\laragon\www\webpedidos\application\controllers\pedido\Template.php 366
ERROR - 2018-10-11 16:14:22 --> Severity: Notice --> Undefined index: id C:\laragon\www\webpedidos\application\models\produto\Produto_model.php 130
ERROR - 2018-10-11 16:14:22 --> Severity: Notice --> Undefined index: cliente C:\laragon\www\webpedidos\application\controllers\pedido\Template.php 364
ERROR - 2018-10-11 16:14:22 --> Severity: Notice --> Undefined index: cliente C:\laragon\www\webpedidos\application\controllers\pedido\Template.php 366
ERROR - 2018-10-11 16:14:22 --> Severity: Notice --> Undefined index: id C:\laragon\www\webpedidos\application\models\produto\Produto_model.php 130
ERROR - 2018-10-11 16:14:22 --> Severity: Notice --> Undefined index: cliente C:\laragon\www\webpedidos\application\controllers\pedido\Template.php 364
ERROR - 2018-10-11 16:14:22 --> Severity: Notice --> Undefined index: cliente C:\laragon\www\webpedidos\application\controllers\pedido\Template.php 366
ERROR - 2018-10-11 16:14:22 --> Severity: Notice --> Undefined index: id C:\laragon\www\webpedidos\application\models\produto\Produto_model.php 130
ERROR - 2018-10-11 16:14:22 --> Severity: Notice --> Undefined variable: produto C:\laragon\www\webpedidos\application\controllers\pedido\Template.php 439
ERROR - 2018-10-11 16:14:22 --> Query error: ERRO:  valor nulo na coluna "key_clientes" viola a restriчуo nуo-nula
DETAIL:  Registro que falhou contщm (50383, null, 2018-10-11, 2018-10-11, null, 33021887, 100, null, Aberto, OBSERVACAO DA FELICIDADE, null, t, f, null, 2018-10-11 16:14:22, null, null, null, 3, , 71.340.830/0001-06, 0, 71.340.830/0001-06, 0). - Invalid query: INSERT INTO "pedidos" ("aprovar", "data_emissao", "data_fechado", "dh_aprovacao", "entrega_local", "entrega_turno", "id_centro_custo", "id_depto", "key_clientes", "key_clientes_aprovador", "key_clientes_solicitante", "key_funcionarios", "key_funcionarios_aprovador", "key_funcionarios_solicitante", "numero", "obs") VALUES ('1','2018-10-11',NULL,'2018-10-11 16:14:22','',3,'100',NULL,NULL,'71.340.830/0001-06','71.340.830/0001-06','33021887','0','0',50383,'OBSERVACAO DA FELICIDADE'), ('1','2018-10-11',NULL,'2018-10-11 16:14:22','',4,'100',NULL,NULL,'71.340.830/0001-06','71.340.830/0001-06','33053863','0','0',50384,'OBSERVACAO DA FELICIDADE'), ('1','2018-10-11',NULL,'2018-10-11 16:14:22','',1,'100',NULL,NULL,'71.340.830/0001-06','71.340.830/0001-06','33044107','0','0',50385,'OBSERVACAO DA FELICIDADE')
ERROR - 2018-10-11 16:14:22 --> Severity: Warning --> Cannot modify header information - headers already sent by (output started at C:\laragon\www\system\core\Exceptions.php:271) C:\laragon\www\system\core\Common.php 570
ERROR - 2018-10-11 16:24:58 --> 404 Page Not Found: Assets/js
ERROR - 2018-10-11 16:24:58 --> 404 Page Not Found: Assets/js
ERROR - 2018-10-11 16:25:47 --> Severity: Notice --> Undefined index: cliente C:\laragon\www\webpedidos\application\controllers\pedido\Template.php 364
ERROR - 2018-10-11 16:25:47 --> Severity: Notice --> Undefined index: cliente C:\laragon\www\webpedidos\application\controllers\pedido\Template.php 366
ERROR - 2018-10-11 16:25:47 --> Severity: Notice --> Undefined index: id C:\laragon\www\webpedidos\application\models\produto\Produto_model.php 130
ERROR - 2018-10-11 16:25:47 --> Severity: Notice --> Undefined index: cliente C:\laragon\www\webpedidos\application\controllers\pedido\Template.php 364
ERROR - 2018-10-11 16:25:47 --> Severity: Notice --> Undefined index: cliente C:\laragon\www\webpedidos\application\controllers\pedido\Template.php 366
ERROR - 2018-10-11 16:25:47 --> Severity: Notice --> Undefined index: id C:\laragon\www\webpedidos\application\models\produto\Produto_model.php 130
ERROR - 2018-10-11 16:25:47 --> Severity: Notice --> Undefined index: cliente C:\laragon\www\webpedidos\application\controllers\pedido\Template.php 364
ERROR - 2018-10-11 16:25:47 --> Severity: Notice --> Undefined index: cliente C:\laragon\www\webpedidos\application\controllers\pedido\Template.php 366
ERROR - 2018-10-11 16:25:47 --> Severity: Notice --> Undefined index: id C:\laragon\www\webpedidos\application\models\produto\Produto_model.php 130
ERROR - 2018-10-11 16:25:47 --> Severity: Notice --> Undefined variable: produto C:\laragon\www\webpedidos\application\controllers\pedido\Template.php 439
ERROR - 2018-10-11 16:25:47 --> Query error: ERRO:  valor nulo na coluna "key_clientes" viola a restriчуo nуo-nula
DETAIL:  Registro que falhou contщm (50386, null, 2018-10-11, 2018-10-11, null, 33021887, 100, null, Aberto, OBSERVACAO DA FELICIDADE, null, t, f, null, 2018-10-11 16:25:47, null, null, null, 1, , 71.340.830/0001-06, 0, 71.340.830/0001-06, 0). - Invalid query: INSERT INTO "pedidos" ("aprovar", "data_emissao", "data_fechado", "dh_aprovacao", "entrega_local", "entrega_turno", "id_centro_custo", "id_depto", "key_clientes", "key_clientes_aprovador", "key_clientes_solicitante", "key_funcionarios", "key_funcionarios_aprovador", "key_funcionarios_solicitante", "numero", "obs") VALUES ('1','2018-10-11',NULL,'2018-10-11 16:25:47','',1,'100',NULL,NULL,'71.340.830/0001-06','71.340.830/0001-06','33021887','0','0',50386,'OBSERVACAO DA FELICIDADE'), ('1','2018-10-11',NULL,'2018-10-11 16:25:47','',3,'100',NULL,NULL,'71.340.830/0001-06','71.340.830/0001-06','33053863','0','0',50387,'OBSERVACAO DA FELICIDADE'), ('1','2018-10-11',NULL,'2018-10-11 16:25:47','',2,'100',NULL,NULL,'71.340.830/0001-06','71.340.830/0001-06','33044107','0','0',50388,'OBSERVACAO DA FELICIDADE')
ERROR - 2018-10-11 16:25:47 --> Severity: Warning --> Cannot modify header information - headers already sent by (output started at C:\laragon\www\system\core\Exceptions.php:271) C:\laragon\www\system\core\Common.php 570
ERROR - 2018-10-11 16:26:02 --> 404 Page Not Found: Assets/js
ERROR - 2018-10-11 16:26:02 --> 404 Page Not Found: Assets/js
ERROR - 2018-10-11 16:26:31 --> Severity: Notice --> Undefined index: cliente C:\laragon\www\webpedidos\application\controllers\pedido\Template.php 364
ERROR - 2018-10-11 16:26:31 --> Severity: Notice --> Undefined index: cliente C:\laragon\www\webpedidos\application\controllers\pedido\Template.php 366
ERROR - 2018-10-11 16:26:31 --> Severity: Notice --> Undefined index: id C:\laragon\www\webpedidos\application\models\produto\Produto_model.php 130
ERROR - 2018-10-11 16:26:31 --> Severity: Notice --> Undefined index: cliente C:\laragon\www\webpedidos\application\controllers\pedido\Template.php 364
ERROR - 2018-10-11 16:26:31 --> Severity: Notice --> Undefined index: cliente C:\laragon\www\webpedidos\application\controllers\pedido\Template.php 366
ERROR - 2018-10-11 16:26:31 --> Severity: Notice --> Undefined index: id C:\laragon\www\webpedidos\application\models\produto\Produto_model.php 130
ERROR - 2018-10-11 16:26:31 --> Severity: Notice --> Undefined index: cliente C:\laragon\www\webpedidos\application\controllers\pedido\Template.php 364
ERROR - 2018-10-11 16:26:31 --> Severity: Notice --> Undefined index: cliente C:\laragon\www\webpedidos\application\controllers\pedido\Template.php 366
ERROR - 2018-10-11 16:26:31 --> Severity: Notice --> Undefined index: id C:\laragon\www\webpedidos\application\models\produto\Produto_model.php 130
ERROR - 2018-10-11 16:26:31 --> Severity: Notice --> Undefined variable: produto C:\laragon\www\webpedidos\application\controllers\pedido\Template.php 439
ERROR - 2018-10-11 16:26:31 --> Query error: ERRO:  valor nulo na coluna "key_clientes" viola a restriчуo nуo-nula
DETAIL:  Registro que falhou contщm (50392, null, 2018-10-11, 2018-10-11, null, 33021908, 100, null, Aberto, OBS FELIZ 2, null, t, f, null, 2018-10-11 16:26:31, null, null, null, 2, , 71.340.830/0001-06, 0, 71.340.830/0001-06, 0). - Invalid query: INSERT INTO "pedidos" ("aprovar", "data_emissao", "data_fechado", "dh_aprovacao", "entrega_local", "entrega_turno", "id_centro_custo", "id_depto", "key_clientes", "key_clientes_aprovador", "key_clientes_solicitante", "key_funcionarios", "key_funcionarios_aprovador", "key_funcionarios_solicitante", "numero", "obs") VALUES ('1','2018-10-11',NULL,'2018-10-11 16:26:31','',2,'100',NULL,NULL,'71.340.830/0001-06','71.340.830/0001-06','33021908','0','0',50392,'OBS FELIZ 2'), ('1','2018-10-11',NULL,'2018-10-11 16:26:31','',1,'100',NULL,NULL,'71.340.830/0001-06','71.340.830/0001-06','33028762','0','0',50393,'OBS FELIZ 2'), ('1','2018-10-11',NULL,'2018-10-11 16:26:31','',1,'100',NULL,NULL,'71.340.830/0001-06','71.340.830/0001-06','33007408','0','0',50394,'OBS FELIZ 2')
ERROR - 2018-10-11 16:26:31 --> Severity: Warning --> Cannot modify header information - headers already sent by (output started at C:\laragon\www\system\core\Exceptions.php:271) C:\laragon\www\system\core\Common.php 570
ERROR - 2018-10-11 16:50:26 --> 404 Page Not Found: Assets/js
ERROR - 2018-10-11 16:50:26 --> 404 Page Not Found: Assets/js
ERROR - 2018-10-11 16:50:33 --> Severity: Notice --> Undefined index: cliente C:\laragon\www\webpedidos\application\controllers\pedido\Template.php 364
ERROR - 2018-10-11 16:50:33 --> Severity: Notice --> Undefined index: cliente C:\laragon\www\webpedidos\application\controllers\pedido\Template.php 366
ERROR - 2018-10-11 16:50:33 --> Severity: Notice --> Undefined index: id C:\laragon\www\webpedidos\application\models\produto\Produto_model.php 130
ERROR - 2018-10-11 16:50:33 --> Severity: Notice --> Undefined index: cliente C:\laragon\www\webpedidos\application\controllers\pedido\Template.php 364
ERROR - 2018-10-11 16:50:33 --> Severity: Notice --> Undefined index: cliente C:\laragon\www\webpedidos\application\controllers\pedido\Template.php 366
ERROR - 2018-10-11 16:50:33 --> Severity: Notice --> Undefined index: id C:\laragon\www\webpedidos\application\models\produto\Produto_model.php 130
ERROR - 2018-10-11 16:50:33 --> Severity: Notice --> Undefined index: cliente C:\laragon\www\webpedidos\application\controllers\pedido\Template.php 364
ERROR - 2018-10-11 16:50:33 --> Severity: Notice --> Undefined index: cliente C:\laragon\www\webpedidos\application\controllers\pedido\Template.php 366
ERROR - 2018-10-11 16:50:33 --> Severity: Notice --> Undefined index: id C:\laragon\www\webpedidos\application\models\produto\Produto_model.php 130
ERROR - 2018-10-11 16:50:33 --> Severity: Notice --> Undefined variable: produto C:\laragon\www\webpedidos\application\controllers\pedido\Template.php 439
ERROR - 2018-10-11 16:50:33 --> Query error: ERRO:  valor nulo na coluna "key_clientes" viola a restriчуo nуo-nula
DETAIL:  Registro que falhou contщm (50395, null, 2018-10-11, 2018-10-11, null, 33021887, 100, null, Aberto, OBSERVACAO DA FELICIDADE, null, t, f, null, 2018-10-11 16:50:33, null, null, null, 1, , 71.340.830/0001-06, 0, 71.340.830/0001-06, 0). - Invalid query: INSERT INTO "pedidos" ("aprovar", "data_emissao", "data_fechado", "dh_aprovacao", "entrega_local", "entrega_turno", "id_centro_custo", "id_depto", "key_clientes", "key_clientes_aprovador", "key_clientes_solicitante", "key_funcionarios", "key_funcionarios_aprovador", "key_funcionarios_solicitante", "numero", "obs") VALUES ('1','2018-10-11',NULL,'2018-10-11 16:50:33','',1,'100',NULL,NULL,'71.340.830/0001-06','71.340.830/0001-06','33021887','0','0',50395,'OBSERVACAO DA FELICIDADE'), ('1','2018-10-11',NULL,'2018-10-11 16:50:33','',1,'100',NULL,NULL,'71.340.830/0001-06','71.340.830/0001-06','33053863','0','0',50396,'OBSERVACAO DA FELICIDADE'), ('1','2018-10-11',NULL,'2018-10-11 16:50:33','',2,'100',NULL,NULL,'71.340.830/0001-06','71.340.830/0001-06','33044107','0','0',50397,'OBSERVACAO DA FELICIDADE')
ERROR - 2018-10-11 16:50:33 --> Severity: Warning --> Cannot modify header information - headers already sent by (output started at C:\laragon\www\system\core\Exceptions.php:271) C:\laragon\www\system\core\Common.php 570
ERROR - 2018-10-11 16:59:00 --> 404 Page Not Found: Assets/js
ERROR - 2018-10-11 16:59:00 --> 404 Page Not Found: Assets/js
ERROR - 2018-10-11 16:59:26 --> Severity: error --> Exception: Call to undefined function post() C:\laragon\www\webpedidos\application\controllers\pedido\Template.php 320
ERROR - 2018-10-11 17:00:20 --> 404 Page Not Found: Assets/js
ERROR - 2018-10-11 17:00:20 --> 404 Page Not Found: Assets/js
ERROR - 2018-10-11 17:00:39 --> Severity: error --> Exception: Call to undefined function post() C:\laragon\www\webpedidos\application\controllers\pedido\Template.php 320
ERROR - 2018-10-11 17:24:39 --> 404 Page Not Found: Assets/js
ERROR - 2018-10-11 17:24:39 --> 404 Page Not Found: Assets/js
ERROR - 2018-10-11 17:25:00 --> Severity: Notice --> Undefined index: cliente C:\laragon\www\webpedidos\application\controllers\pedido\Template.php 366
ERROR - 2018-10-11 17:25:00 --> Severity: Notice --> Undefined index: cliente C:\laragon\www\webpedidos\application\controllers\pedido\Template.php 368
ERROR - 2018-10-11 17:25:00 --> Severity: Notice --> Undefined index: id C:\laragon\www\webpedidos\application\models\produto\Produto_model.php 130
ERROR - 2018-10-11 17:25:00 --> Severity: Notice --> Undefined index: cliente C:\laragon\www\webpedidos\application\controllers\pedido\Template.php 366
ERROR - 2018-10-11 17:25:00 --> Severity: Notice --> Undefined index: cliente C:\laragon\www\webpedidos\application\controllers\pedido\Template.php 368
ERROR - 2018-10-11 17:25:00 --> Severity: Notice --> Undefined index: id C:\laragon\www\webpedidos\application\models\produto\Produto_model.php 130
ERROR - 2018-10-11 17:25:00 --> Severity: Notice --> Undefined index: cliente C:\laragon\www\webpedidos\application\controllers\pedido\Template.php 366
ERROR - 2018-10-11 17:25:00 --> Severity: Notice --> Undefined index: cliente C:\laragon\www\webpedidos\application\controllers\pedido\Template.php 368
ERROR - 2018-10-11 17:25:00 --> Severity: Notice --> Undefined index: id C:\laragon\www\webpedidos\application\models\produto\Produto_model.php 130
ERROR - 2018-10-11 17:25:00 --> Severity: Notice --> Undefined variable: produto C:\laragon\www\webpedidos\application\controllers\pedido\Template.php 441
ERROR - 2018-10-11 17:25:00 --> Query error: ERRO:  valor nulo na coluna "key_clientes" viola a restriчуo nуo-nula
DETAIL:  Registro que falhou contщm (50398, null, 2018-10-11, 2018-10-11, null, 33021887, 100, null, Aberto, OBSERVACAO DA FELICIDADE, null, t, f, null, 2018-10-11 17:25:00, null, null, null, 2, LOJA, 71.340.830/0001-06, 0, 71.340.830/0001-06, 0). - Invalid query: INSERT INTO "pedidos" ("aprovar", "data_emissao", "data_fechado", "dh_aprovacao", "entrega_local", "entrega_turno", "id_centro_custo", "id_depto", "key_clientes", "key_clientes_aprovador", "key_clientes_solicitante", "key_funcionarios", "key_funcionarios_aprovador", "key_funcionarios_solicitante", "numero", "obs") VALUES ('1','2018-10-11',NULL,'2018-10-11 17:25:00','LOJA',2,'100',NULL,NULL,'71.340.830/0001-06','71.340.830/0001-06','33021887','0','0',50398,'OBSERVACAO DA FELICIDADE'), ('1','2018-10-11',NULL,'2018-10-11 17:25:00','',2,'100',NULL,NULL,'71.340.830/0001-06','71.340.830/0001-06','33053863','0','0',50399,'OBSERVACAO DA FELICIDADE'), ('1','2018-10-11',NULL,'2018-10-11 17:25:00','',1,'100',NULL,NULL,'71.340.830/0001-06','71.340.830/0001-06','33044107','0','0',50400,'OBSERVACAO DA FELICIDADE')
ERROR - 2018-10-11 17:25:00 --> Severity: Warning --> Cannot modify header information - headers already sent by (output started at C:\laragon\www\system\core\Exceptions.php:271) C:\laragon\www\system\core\Common.php 570
ERROR - 2018-10-11 17:28:36 --> 404 Page Not Found: Assets/js
ERROR - 2018-10-11 17:28:36 --> 404 Page Not Found: Assets/js
