ERROR - 2019-11-12 00:36:39 --> 404 Page Not Found: Assets/js
ERROR - 2019-11-12 00:36:39 --> 404 Page Not Found: Assets/js
ERROR - 2019-11-12 00:36:56 --> 404 Page Not Found: Assets/images
ERROR - 2019-11-12 00:36:56 --> 404 Page Not Found: Assets/images
ERROR - 2019-11-12 00:36:56 --> 404 Page Not Found: Assets/images
ERROR - 2019-11-12 00:36:56 --> 404 Page Not Found: Assets/images
ERROR - 2019-11-12 00:37:10 --> 404 Page Not Found: Assets/js
ERROR - 2019-11-12 00:37:10 --> 404 Page Not Found: Assets/js
ERROR - 2019-11-12 00:37:22 --> 404 Page Not Found: Assets/images
ERROR - 2019-11-12 00:37:22 --> 404 Page Not Found: Assets/images
ERROR - 2019-11-12 00:37:22 --> 404 Page Not Found: Assets/images
ERROR - 2019-11-12 00:37:22 --> 404 Page Not Found: Assets/images
ERROR - 2019-11-12 00:37:25 --> 404 Page Not Found: Assets/images
ERROR - 2019-11-12 00:37:25 --> 404 Page Not Found: Assets/images
ERROR - 2019-11-12 00:37:25 --> 404 Page Not Found: Assets/images
ERROR - 2019-11-12 00:37:25 --> 404 Page Not Found: Assets/images
ERROR - 2019-11-12 00:41:16 --> 404 Page Not Found: Assets/images
ERROR - 2019-11-12 00:41:16 --> 404 Page Not Found: Assets/images
ERROR - 2019-11-12 00:41:16 --> 404 Page Not Found: Assets/images
ERROR - 2019-11-12 00:41:16 --> 404 Page Not Found: Assets/images
ERROR - 2019-11-12 00:41:16 --> 404 Page Not Found: Assets/images
ERROR - 2019-11-12 00:41:16 --> 404 Page Not Found: Assets/images
ERROR - 2019-11-12 00:41:16 --> 404 Page Not Found: Assets/images
ERROR - 2019-11-12 00:41:16 --> 404 Page Not Found: Assets/images
ERROR - 2019-11-12 00:41:16 --> 404 Page Not Found: Assets/images
ERROR - 2019-11-12 00:41:16 --> 404 Page Not Found: Assets/images
ERROR - 2019-11-12 00:41:16 --> 404 Page Not Found: Assets/images
ERROR - 2019-11-12 00:41:16 --> 404 Page Not Found: Assets/images
ERROR - 2019-11-12 00:41:16 --> 404 Page Not Found: Assets/images
ERROR - 2019-11-12 00:41:16 --> 404 Page Not Found: Assets/images
ERROR - 2019-11-12 00:41:16 --> 404 Page Not Found: Assets/images
ERROR - 2019-11-12 00:41:16 --> 404 Page Not Found: Assets/images
ERROR - 2019-11-12 00:41:16 --> 404 Page Not Found: Assets/images
ERROR - 2019-11-12 00:41:48 --> 404 Page Not Found: Assets/images
ERROR - 2019-11-12 00:41:48 --> 404 Page Not Found: Assets/images
ERROR - 2019-11-12 00:41:48 --> 404 Page Not Found: Assets/images
ERROR - 2019-11-12 00:41:48 --> 404 Page Not Found: Assets/images
ERROR - 2019-11-12 00:41:51 --> 404 Page Not Found: Assets/images
ERROR - 2019-11-12 00:41:51 --> 404 Page Not Found: Assets/images
ERROR - 2019-11-12 00:41:51 --> 404 Page Not Found: Assets/images
ERROR - 2019-11-12 00:41:51 --> 404 Page Not Found: Assets/images
ERROR - 2019-11-12 10:51:11 --> 404 Page Not Found: Assets/images
ERROR - 2019-11-12 10:51:11 --> 404 Page Not Found: Assets/images
ERROR - 2019-11-12 10:51:11 --> 404 Page Not Found: Assets/images
ERROR - 2019-11-12 10:51:11 --> 404 Page Not Found: Assets/images
ERROR - 2019-11-12 10:51:11 --> 404 Page Not Found: Assets/images
ERROR - 2019-11-12 10:51:11 --> 404 Page Not Found: Assets/images
ERROR - 2019-11-12 10:51:11 --> 404 Page Not Found: Assets/images
ERROR - 2019-11-12 10:51:11 --> 404 Page Not Found: Assets/images
ERROR - 2019-11-12 10:51:11 --> 404 Page Not Found: Assets/images
ERROR - 2019-11-12 10:51:12 --> 404 Page Not Found: Assets/images
ERROR - 2019-11-12 10:51:13 --> 404 Page Not Found: Assets/images
ERROR - 2019-11-12 10:51:13 --> 404 Page Not Found: Assets/images
ERROR - 2019-11-12 10:51:13 --> 404 Page Not Found: Assets/images
ERROR - 2019-11-12 10:51:13 --> 404 Page Not Found: Assets/images
ERROR - 2019-11-12 10:51:17 --> 404 Page Not Found: Assets/images
ERROR - 2019-11-12 10:51:17 --> 404 Page Not Found: Assets/images
ERROR - 2019-11-12 10:52:00 --> 404 Page Not Found: Assets/images
ERROR - 2019-11-12 10:52:00 --> 404 Page Not Found: Assets/images
ERROR - 2019-11-12 10:52:00 --> 404 Page Not Found: Assets/images
ERROR - 2019-11-12 10:52:00 --> 404 Page Not Found: Assets/images
ERROR - 2019-11-12 10:52:00 --> 404 Page Not Found: Assets/images
ERROR - 2019-11-12 10:52:00 --> 404 Page Not Found: Assets/images
ERROR - 2019-11-12 10:52:00 --> 404 Page Not Found: Assets/images
ERROR - 2019-11-12 10:52:00 --> 404 Page Not Found: Assets/images
ERROR - 2019-11-12 10:52:00 --> 404 Page Not Found: Assets/images
ERROR - 2019-11-12 10:52:00 --> 404 Page Not Found: Assets/images
ERROR - 2019-11-12 10:52:00 --> 404 Page Not Found: Assets/images
ERROR - 2019-11-12 10:52:00 --> 404 Page Not Found: Assets/images
ERROR - 2019-11-12 10:52:00 --> 404 Page Not Found: Assets/images
ERROR - 2019-11-12 10:52:01 --> 404 Page Not Found: Assets/images
ERROR - 2019-11-12 10:52:01 --> 404 Page Not Found: Assets/images
ERROR - 2019-11-12 10:52:03 --> 404 Page Not Found: Assets/images
ERROR - 2019-11-12 10:52:03 --> 404 Page Not Found: Assets/images
ERROR - 2019-11-12 10:52:03 --> 404 Page Not Found: Assets/images
ERROR - 2019-11-12 10:52:03 --> 404 Page Not Found: Assets/images
ERROR - 2019-11-12 10:52:03 --> 404 Page Not Found: Assets/images
ERROR - 2019-11-12 10:52:04 --> 404 Page Not Found: Assets/images
ERROR - 2019-11-12 10:52:04 --> 404 Page Not Found: Assets/images
ERROR - 2019-11-12 10:52:04 --> 404 Page Not Found: Assets/images
ERROR - 2019-11-12 10:52:05 --> 404 Page Not Found: Assets/images
ERROR - 2019-11-12 10:52:10 --> 404 Page Not Found: Assets/images
ERROR - 2019-11-12 10:52:10 --> 404 Page Not Found: Assets/images
ERROR - 2019-11-12 10:52:10 --> 404 Page Not Found: Assets/images
ERROR - 2019-11-12 10:52:10 --> 404 Page Not Found: Assets/images
ERROR - 2019-11-12 10:52:10 --> 404 Page Not Found: Assets/images
ERROR - 2019-11-12 10:52:10 --> 404 Page Not Found: Assets/images
ERROR - 2019-11-12 10:52:10 --> 404 Page Not Found: Assets/images
ERROR - 2019-11-12 10:52:10 --> 404 Page Not Found: Assets/images
ERROR - 2019-11-12 10:52:10 --> 404 Page Not Found: Assets/images
ERROR - 2019-11-12 10:52:10 --> 404 Page Not Found: Assets/images
ERROR - 2019-11-12 10:52:11 --> 404 Page Not Found: Assets/images
ERROR - 2019-11-12 10:52:11 --> 404 Page Not Found: Assets/images
ERROR - 2019-11-12 10:52:11 --> 404 Page Not Found: Assets/images
ERROR - 2019-11-12 10:52:11 --> 404 Page Not Found: Assets/images
ERROR - 2019-11-12 10:52:11 --> 404 Page Not Found: Assets/images
ERROR - 2019-11-12 10:52:11 --> 404 Page Not Found: Assets/images
ERROR - 2019-11-12 10:52:11 --> 404 Page Not Found: Assets/images
ERROR - 2019-11-12 10:52:11 --> 404 Page Not Found: Assets/images
ERROR - 2019-11-12 10:52:11 --> 404 Page Not Found: Assets/images
ERROR - 2019-11-12 10:54:55 --> 404 Page Not Found: Assets/images
ERROR - 2019-11-12 10:54:55 --> 404 Page Not Found: Assets/images
ERROR - 2019-11-12 10:54:55 --> 404 Page Not Found: Assets/images
ERROR - 2019-11-12 10:54:55 --> 404 Page Not Found: Assets/images
ERROR - 2019-11-12 11:02:09 --> 404 Page Not Found: Assets/js
ERROR - 2019-11-12 11:02:09 --> 404 Page Not Found: Assets/js
ERROR - 2019-11-12 11:02:14 --> 404 Page Not Found: Assets/js
ERROR - 2019-11-12 11:02:14 --> 404 Page Not Found: Assets/js
ERROR - 2019-11-12 11:02:15 --> Query error: ERRO:  relação "funcion2arios" não existe
LINE 3: JOIN "funcion2arios" "f" ON "f"."matricula" = "pe"."key_func...
             ^ - Invalid query: SELECT CAST(pe.numero AS INTEGER) as numero, "f"."nome", "pe"."data_emissao", "pe"."status", "pe"."obs", "pe"."aprovar", "pe"."entrega_turno" AS "turno", "pe"."entrega_local" AS "entrega", "fs"."nome" AS "solicitante", "fa"."nome" AS "aprovador", "pe"."id_centro_custo" AS "cc", "s"."nome" AS "setor"
FROM "pedidos" "pe"
JOIN "funcion2arios" "f" ON "f"."matricula" = "pe"."key_funcionarios"
JOIN "funcionarios" "fa" ON "fa"."matricula" = "pe"."key_funcionarios_aprovador"
JOIN "funcionarios" "fs" ON "fs"."matricula" = "pe"."key_funcionarios_solicitante"
JOIN "setor" "s" ON "s"."id_centro_custo" = "pe"."id_centro_custo" AND "s"."id_depto" = "pe"."id_depto"
WHERE "pe"."key_funcionarios_solicitante" = '33100093'
ORDER BY "numero" DESC
 LIMIT 10
ERROR - 2019-11-12 11:27:51 --> 404 Page Not Found: Assets/js
ERROR - 2019-11-12 11:27:51 --> 404 Page Not Found: Assets/js
ERROR - 2019-11-12 11:28:35 --> 404 Page Not Found: Assets/js
ERROR - 2019-11-12 11:28:35 --> 404 Page Not Found: Assets/js
ERROR - 2019-11-12 11:28:55 --> Query error: ERRO:  relação "ven2das_item" não existe
LINE 3: JOIN "ven2das_item" "vi" ON "v"."rm" = "vi"."key_vendas" AND...
             ^ - Invalid query: SELECT DISTINCT "v"."rm" as "requisicao", (cast(v.data_emissao as date), 2019-11-12) as Data_Entrega, (cast(nf.emissao as date), 2019-11-12) AS Data_Faturamento, "v"."id_centro_custo" as "CC", "f"."nome" as "funcionario", "v"."key_funcionarios" as "matricula", "po"."descricao" as "Produto", "vi"."key_partnumber" as "Partnumber", "po"."op_ca" as "CA", "vi"."quantidade", (vi.valor) as Vl_Unit, "pe"."data_emissao" as "Data_Emissao", "fu"."nome" as "Solicitante", "fu"."matricula" as "smatricula", "pl"."localentrega" as "Local_Entrega"
FROM "vendas" "v"
JOIN "ven2das_item" "vi" ON "v"."rm" = "vi"."key_vendas" AND "v"."item" = "vi"."key_vendas_item"
JOIN "funcionarios" "f" ON "v"."key_funcionarios" = "f"."matricula"
JOIN "produtos" "po" ON "vi"."key_produtos" = "po"."codigo"
JOIN "setor" "s" ON "s"."id_centro_custo" = "v"."id_centro_custo"
JOIN "pedidos" "pe" ON (pe.numero, pe.key_clientes) = (v.rm, v.key_clientes)
JOIN "pedidos_local" "pl" ON "pe"."numero" = "pl"."key_pedidos"
JOIN "usuario" "u" ON "pe"."key_usuario" = "u"."codigo"
JOIN "funcionarios" "fu" ON "fu"."matricula" = "u"."key_funcionarios" AND "pe"."id_depto" = "s"."id_depto"
JOIN "nota_fiscal" "nf" ON "v"."key_nota_fiscal" = "nf"."codigo" and "nf"."status" = 'EM'
WHERE "v"."id_centro_custo" = '75000318'
AND "f"."matricula" = '33029639'
ORDER BY 2
 LIMIT 1000
ERROR - 2019-11-12 11:32:00 --> 404 Page Not Found: Assets/js
ERROR - 2019-11-12 11:32:00 --> 404 Page Not Found: Assets/js
ERROR - 2019-11-12 11:45:06 --> 404 Page Not Found: Assets/js
ERROR - 2019-11-12 11:45:06 --> 404 Page Not Found: Assets/js
ERROR - 2019-11-12 11:45:16 --> 404 Page Not Found: Assets/js
ERROR - 2019-11-12 11:45:16 --> 404 Page Not Found: Assets/js
ERROR - 2019-11-12 11:45:21 --> 404 Page Not Found: Assets/js
ERROR - 2019-11-12 11:45:21 --> 404 Page Not Found: Assets/js
ERROR - 2019-11-12 11:45:32 --> Query error: ERRO:  relação "ven2das_item" não existe
LINE 3: JOIN "ven2das_item" "vi" ON "v"."rm" = "vi"."key_vendas" AND...
             ^ - Invalid query: SELECT DISTINCT "v"."rm" as "requisicao", (cast(v.data_emissao as date), 2019-11-12) as Data_Entrega, (cast(nf.emissao as date), 2019-11-12) AS Data_Faturamento, "v"."id_centro_custo" as "CC", "f"."nome" as "funcionario", "v"."key_funcionarios" as "matricula", "po"."descricao" as "Produto", "vi"."key_partnumber" as "Partnumber", "po"."op_ca" as "CA", "vi"."quantidade", (vi.valor) as Vl_Unit, "pe"."data_emissao" as "Data_Emissao", "fu"."nome" as "Solicitante", "fu"."matricula" as "smatricula", "pl"."localentrega" as "Local_Entrega"
FROM "vendas" "v"
JOIN "ven2das_item" "vi" ON "v"."rm" = "vi"."key_vendas" AND "v"."item" = "vi"."key_vendas_item"
JOIN "funcionarios" "f" ON "v"."key_funcionarios" = "f"."matricula"
JOIN "produtos" "po" ON "vi"."key_produtos" = "po"."codigo"
JOIN "setor" "s" ON "s"."id_centro_custo" = "v"."id_centro_custo"
JOIN "pedidos" "pe" ON (pe.numero, pe.key_clientes) = (v.rm, v.key_clientes)
JOIN "pedidos_local" "pl" ON "pe"."numero" = "pl"."key_pedidos"
JOIN "usuario" "u" ON "pe"."key_usuario" = "u"."codigo"
JOIN "funcionarios" "fu" ON "fu"."matricula" = "u"."key_funcionarios" AND "pe"."id_depto" = "s"."id_depto"
JOIN "nota_fiscal" "nf" ON "v"."key_nota_fiscal" = "nf"."codigo" and "nf"."status" = 'EM'
WHERE "v"."id_centro_custo" = '75000318'
ORDER BY 2
 LIMIT 1000
ERROR - 2019-11-12 11:45:40 --> 404 Page Not Found: Assets/js
ERROR - 2019-11-12 11:45:40 --> 404 Page Not Found: Assets/js
ERROR - 2019-11-12 12:07:57 --> 404 Page Not Found: Assets/js
ERROR - 2019-11-12 12:07:57 --> 404 Page Not Found: Assets/js
ERROR - 2019-11-12 12:09:16 --> 404 Page Not Found: Assets/js
ERROR - 2019-11-12 12:09:16 --> 404 Page Not Found: Assets/js
ERROR - 2019-11-12 12:09:26 --> 404 Page Not Found: Assets/js
ERROR - 2019-11-12 12:09:26 --> 404 Page Not Found: Assets/js
ERROR - 2019-11-12 12:11:42 --> 404 Page Not Found: Assets/js
ERROR - 2019-11-12 12:11:42 --> 404 Page Not Found: Assets/js
ERROR - 2019-11-12 12:15:48 --> 404 Page Not Found: Assets/js
ERROR - 2019-11-12 12:15:48 --> 404 Page Not Found: Assets/js
ERROR - 2019-11-12 12:15:50 --> 404 Page Not Found: Assets/js
ERROR - 2019-11-12 12:15:50 --> 404 Page Not Found: Assets/js
ERROR - 2019-11-12 16:37:32 --> 404 Page Not Found: Assets/js
ERROR - 2019-11-12 16:37:32 --> 404 Page Not Found: Assets/js
ERROR - 2019-11-12 16:38:02 --> Query error: ERRO:  relação "vensdas_item" não existe
LINE 3: JOIN "vensdas_item" "vi" ON "v"."rm" = "vi"."key_vendas" AND...
             ^ - Invalid query: SELECT DISTINCT "v"."rm" as "requisicao", (cast(v.data_emissao as date), 2019-11-12) as Data_Entrega, (cast(nf.emissao as date), 2019-11-12) AS Data_Faturamento, "v"."id_centro_custo" as "CC", "f"."nome" as "funcionario", "v"."key_funcionarios" as "matricula", "po"."descricao" as "Produto", "vi"."key_partnumber" as "Partnumber", "po"."op_ca" as "CA", "vi"."quantidade", (vi.valor) as Vl_Unit, "pe"."data_emissao" as "Data_Emissao", "fu"."nome" as "Solicitante", "fu"."matricula" as "smatricula", "pl"."localentrega" as "Local_Entrega"
FROM "vendas" "v"
JOIN "vensdas_item" "vi" ON "v"."rm" = "vi"."key_vendas" AND "v"."item" = "vi"."key_vendas_item"
JOIN "funcionarios" "f" ON "v"."key_funcionarios" = "f"."matricula"
JOIN "produtos" "po" ON "vi"."key_produtos" = "po"."codigo"
JOIN "setor" "s" ON "s"."id_centro_custo" = "v"."id_centro_custo"
JOIN "pedidos" "pe" ON (pe.numero, pe.key_clientes) = (v.rm, v.key_clientes)
JOIN "pedidos_local" "pl" ON "pe"."numero" = "pl"."key_pedidos"
JOIN "usuario" "u" ON "pe"."key_usuario" = "u"."codigo"
JOIN "funcionarios" "fu" ON "fu"."matricula" = "u"."key_funcionarios" AND "pe"."id_depto" = "s"."id_depto"
JOIN "nota_fiscal" "nf" ON "v"."key_nota_fiscal" = "nf"."codigo" and "nf"."status" = 'EM'
WHERE "v"."data_emissao" >= '01/02/2019'
AND "v"."data_emissao" <= '01/11/2019'
AND "v"."id_centro_custo" = '75000318'
AND "f"."matricula" = '33029639'
ORDER BY 2
 LIMIT 1000
ERROR - 2019-11-12 16:53:46 --> 404 Page Not Found: Assets/js
ERROR - 2019-11-12 16:53:46 --> 404 Page Not Found: Assets/js
ERROR - 2019-11-12 16:53:57 --> 404 Page Not Found: Assets/js
ERROR - 2019-11-12 16:53:57 --> 404 Page Not Found: Assets/js
ERROR - 2019-11-12 16:54:05 --> Query error: ERRO:  relação "vensdas_item" não existe
LINE 3: JOIN "vensdas_item" "vi" ON "v"."rm" = "vi"."key_vendas" AND...
             ^ - Invalid query: SELECT DISTINCT "v"."rm" as "requisicao", (cast(v.data_emissao as date), 2019-11-12) as Data_Entrega, (cast(nf.emissao as date), 2019-11-12) AS Data_Faturamento, "v"."id_centro_custo" as "CC", "f"."nome" as "funcionario", "v"."key_funcionarios" as "matricula", "po"."descricao" as "Produto", "vi"."key_partnumber" as "Partnumber", "po"."op_ca" as "CA", "vi"."quantidade", (vi.valor) as Vl_Unit, "pe"."data_emissao" as "Data_Emissao", "fu"."nome" as "Solicitante", "fu"."matricula" as "smatricula", "pl"."localentrega" as "Local_Entrega"
FROM "vendas" "v"
JOIN "vensdas_item" "vi" ON "v"."rm" = "vi"."key_vendas" AND "v"."item" = "vi"."key_vendas_item"
JOIN "funcionarios" "f" ON "v"."key_funcionarios" = "f"."matricula"
JOIN "produtos" "po" ON "vi"."key_produtos" = "po"."codigo"
JOIN "setor" "s" ON "s"."id_centro_custo" = "v"."id_centro_custo"
JOIN "pedidos" "pe" ON (pe.numero, pe.key_clientes) = (v.rm, v.key_clientes)
JOIN "pedidos_local" "pl" ON "pe"."numero" = "pl"."key_pedidos"
JOIN "usuario" "u" ON "pe"."key_usuario" = "u"."codigo"
JOIN "funcionarios" "fu" ON "fu"."matricula" = "u"."key_funcionarios" AND "pe"."id_depto" = "s"."id_depto"
JOIN "nota_fiscal" "nf" ON "v"."key_nota_fiscal" = "nf"."codigo" and "nf"."status" = 'EM'
WHERE "v"."id_centro_custo" = '75000318'
AND "f"."matricula" = '33029639'
ORDER BY 2
 LIMIT 1000
ERROR - 2019-11-12 16:54:12 --> 404 Page Not Found: Assets/js
ERROR - 2019-11-12 16:54:12 --> 404 Page Not Found: Assets/js
ERROR - 2019-11-12 16:59:20 --> 404 Page Not Found: Assets/js
ERROR - 2019-11-12 16:59:20 --> 404 Page Not Found: Assets/js
ERROR - 2019-11-12 17:08:21 --> 404 Page Not Found: Assets/js
ERROR - 2019-11-12 17:08:21 --> 404 Page Not Found: Assets/js
ERROR - 2019-11-12 17:08:32 --> 404 Page Not Found: Assets/js
ERROR - 2019-11-12 17:08:32 --> 404 Page Not Found: Assets/js
ERROR - 2019-11-12 17:08:32 --> Severity: Notice --> Undefined property: Requisicao::$db C:\wamp64\www\system\core\Model.php 77
ERROR - 2019-11-12 17:08:33 --> Severity: error --> Exception: Call to a member function distinct() on null C:\wamp64\www\webpedidos\application\models\pedido\Requisicao_model.php 139
ERROR - 2019-11-12 17:09:06 --> 404 Page Not Found: Assets/js
ERROR - 2019-11-12 17:09:06 --> 404 Page Not Found: Assets/js
ERROR - 2019-11-12 17:09:18 --> 404 Page Not Found: Assets/js
ERROR - 2019-11-12 17:09:18 --> 404 Page Not Found: Assets/js
ERROR - 2019-11-12 17:10:38 --> 404 Page Not Found: Assets/js
ERROR - 2019-11-12 17:10:38 --> 404 Page Not Found: Assets/js
ERROR - 2019-11-12 17:22:26 --> 404 Page Not Found: Assets/js
ERROR - 2019-11-12 17:22:26 --> 404 Page Not Found: Assets/js
ERROR - 2019-11-12 20:24:18 --> 404 Page Not Found: Assets/js
ERROR - 2019-11-12 20:24:18 --> 404 Page Not Found: Assets/js
