ERROR - 2018-09-02 17:41:44 --> 404 Page Not Found: Assets/js
ERROR - 2018-09-02 17:41:44 --> 404 Page Not Found: Assets/js
ERROR - 2018-09-02 17:42:23 --> 404 Page Not Found: Assets/images
ERROR - 2018-09-02 17:42:23 --> 404 Page Not Found: Assets/images
ERROR - 2018-09-02 17:42:23 --> 404 Page Not Found: Assets/images
ERROR - 2018-09-02 17:42:23 --> 404 Page Not Found: Assets/images
ERROR - 2018-09-02 17:42:40 --> Severity: Notice --> Undefined offset: 0 C:\laragon\www\webpedidos\application\controllers\pedido\Requisicao.php 117
ERROR - 2018-09-02 17:42:40 --> Severity: Notice --> Trying to get property of non-object C:\laragon\www\webpedidos\application\controllers\pedido\Requisicao.php 117
ERROR - 2018-09-02 17:42:40 --> Severity: Notice --> Undefined index: key_clientes C:\laragon\www\webpedidos\application\controllers\pedido\Requisicao.php 118
ERROR - 2018-09-02 17:52:48 --> Severity: error --> Exception: syntax error, unexpected '{' C:\laragon\www\webpedidos\application\controllers\pedido\Requisicao.php 197
ERROR - 2018-09-02 17:53:08 --> Severity: error --> Exception: syntax error, unexpected ':' C:\laragon\www\webpedidos\application\controllers\pedido\Requisicao.php 198
ERROR - 2018-09-02 17:53:09 --> Severity: error --> Exception: syntax error, unexpected ':' C:\laragon\www\webpedidos\application\controllers\pedido\Requisicao.php 198
ERROR - 2018-09-02 17:55:43 --> 404 Page Not Found: Assets/images
ERROR - 2018-09-02 17:55:43 --> 404 Page Not Found: Assets/images
ERROR - 2018-09-02 17:55:43 --> 404 Page Not Found: Assets/images
ERROR - 2018-09-02 17:55:43 --> 404 Page Not Found: Assets/images
ERROR - 2018-09-02 17:55:54 --> 404 Page Not Found: Assets/js
ERROR - 2018-09-02 17:55:55 --> 404 Page Not Found: Assets/js
ERROR - 2018-09-02 17:56:02 --> Severity: Notice --> Undefined variable: cliente_solicitante C:\laragon\www\webpedidos\application\controllers\pedido\Requisicao.php 149
ERROR - 2018-09-02 17:56:02 --> Severity: Notice --> Undefined variable: funcionario_solicitante C:\laragon\www\webpedidos\application\controllers\pedido\Requisicao.php 150
ERROR - 2018-09-02 17:56:02 --> Severity: Notice --> Undefined variable: cliente_aprovador C:\laragon\www\webpedidos\application\controllers\pedido\Requisicao.php 153
ERROR - 2018-09-02 17:56:02 --> Severity: Notice --> Undefined variable: funcionario_aprovador C:\laragon\www\webpedidos\application\controllers\pedido\Requisicao.php 154
ERROR - 2018-09-02 17:56:52 --> 404 Page Not Found: Assets/images
ERROR - 2018-09-02 17:56:52 --> 404 Page Not Found: Assets/images
ERROR - 2018-09-02 17:56:52 --> 404 Page Not Found: Assets/images
ERROR - 2018-09-02 17:56:52 --> 404 Page Not Found: Assets/images
ERROR - 2018-09-02 17:57:05 --> Severity: Notice --> Undefined offset: 0 C:\laragon\www\webpedidos\application\controllers\pedido\Requisicao.php 117
ERROR - 2018-09-02 17:57:05 --> Severity: Notice --> Trying to get property of non-object C:\laragon\www\webpedidos\application\controllers\pedido\Requisicao.php 117
ERROR - 2018-09-02 17:57:05 --> Severity: Notice --> Undefined index: key_clientes C:\laragon\www\webpedidos\application\controllers\pedido\Requisicao.php 118
ERROR - 2018-09-02 18:02:32 --> 404 Page Not Found: Assets/js
ERROR - 2018-09-02 18:02:32 --> 404 Page Not Found: Assets/js
ERROR - 2018-09-02 18:03:16 --> 404 Page Not Found: Assets/images
ERROR - 2018-09-02 18:03:16 --> 404 Page Not Found: Assets/images
ERROR - 2018-09-02 18:03:16 --> 404 Page Not Found: Assets/images
ERROR - 2018-09-02 18:03:16 --> 404 Page Not Found: Assets/images
