ERROR - 2018-08-29 13:54:54 --> 404 Page Not Found: Assets/js
ERROR - 2018-08-29 13:54:55 --> 404 Page Not Found: Assets/js
ERROR - 2018-08-29 13:55:45 --> 404 Page Not Found: Assets/images
ERROR - 2018-08-29 13:55:45 --> 404 Page Not Found: Assets/images
ERROR - 2018-08-29 13:55:45 --> 404 Page Not Found: Assets/images
ERROR - 2018-08-29 13:55:45 --> 404 Page Not Found: Assets/images
ERROR - 2018-08-29 13:56:38 --> Severity: Notice --> Undefined offset: 0 C:\laragon\www\webpedidos\application\controllers\pedido\Requisicao.php 77
ERROR - 2018-08-29 13:56:38 --> Severity: Notice --> Trying to get property of non-object C:\laragon\www\webpedidos\application\controllers\pedido\Requisicao.php 77
ERROR - 2018-08-29 13:56:39 --> Severity: Notice --> Undefined offset: 0 C:\laragon\www\webpedidos\application\controllers\pedido\Requisicao.php 113
ERROR - 2018-08-29 13:56:39 --> Severity: Notice --> Trying to get property of non-object C:\laragon\www\webpedidos\application\controllers\pedido\Requisicao.php 113
ERROR - 2018-08-29 13:56:39 --> Query error: ERRO:  inserção ou atualização em tabela "pedidos" viola restrição de chave estrangeira "aprovador_fk"
DETAIL:  Chave (key_clientes_aprovador, key_funcionarios_aprovador)=(, 0) não está presente na tabela "funcionarios". - Invalid query: INSERT INTO "pedidos" ("aprovar", "data_emissao", "data_fechado", "dh_aprovacao", "entrega_local", "entrega_turno", "id_centro_custo", "id_depto", "key_clientes", "key_clientes_aprovador", "key_clientes_solicitante", "key_funcionarios", "key_funcionarios_aprovador", "key_funcionarios_solicitante", "numero", "obs") VALUES ('1','2018-08-29',NULL,'2018-08-29 13:56:38','LOJA',1,'75008280','44.013.159/0031-31','44.013.159/0031-31','','','33021887','0','0',49471,'')
ERROR - 2018-08-29 14:00:07 --> 404 Page Not Found: Assets/js
ERROR - 2018-08-29 14:00:07 --> 404 Page Not Found: Assets/js
ERROR - 2018-08-29 14:00:23 --> 404 Page Not Found: Assets/images
ERROR - 2018-08-29 14:00:23 --> 404 Page Not Found: Assets/images
ERROR - 2018-08-29 14:00:23 --> 404 Page Not Found: Assets/images
ERROR - 2018-08-29 14:00:23 --> 404 Page Not Found: Assets/images
ERROR - 2018-08-29 14:01:17 --> Severity: Notice --> Undefined offset: 0 C:\laragon\www\webpedidos\application\controllers\pedido\Requisicao.php 77
ERROR - 2018-08-29 14:01:17 --> Severity: Notice --> Trying to get property of non-object C:\laragon\www\webpedidos\application\controllers\pedido\Requisicao.php 77
ERROR - 2018-08-29 14:01:17 --> Severity: Notice --> Undefined offset: 0 C:\laragon\www\webpedidos\application\controllers\pedido\Requisicao.php 113
ERROR - 2018-08-29 14:01:17 --> Severity: Notice --> Trying to get property of non-object C:\laragon\www\webpedidos\application\controllers\pedido\Requisicao.php 113
ERROR - 2018-08-29 14:01:17 --> Query error: ERRO:  inserção ou atualização em tabela "pedidos" viola restrição de chave estrangeira "aprovador_fk"
DETAIL:  Chave (key_clientes_aprovador, key_funcionarios_aprovador)=(, 0) não está presente na tabela "funcionarios". - Invalid query: INSERT INTO "pedidos" ("aprovar", "data_emissao", "data_fechado", "dh_aprovacao", "entrega_local", "entrega_turno", "id_centro_custo", "id_depto", "key_clientes", "key_clientes_aprovador", "key_clientes_solicitante", "key_funcionarios", "key_funcionarios_aprovador", "key_funcionarios_solicitante", "numero", "obs") VALUES ('1','2018-08-29',NULL,'2018-08-29 14:01:17','',1,'75008280','44.013.159/0031-31','44.013.159/0031-31','','','33021887','0','0',49472,'')
ERROR - 2018-08-29 14:01:29 --> Severity: Notice --> Undefined offset: 0 C:\laragon\www\webpedidos\application\controllers\pedido\Requisicao.php 77
ERROR - 2018-08-29 14:01:29 --> Severity: Notice --> Trying to get property of non-object C:\laragon\www\webpedidos\application\controllers\pedido\Requisicao.php 77
ERROR - 2018-08-29 14:01:29 --> Severity: Notice --> Undefined offset: 0 C:\laragon\www\webpedidos\application\controllers\pedido\Requisicao.php 113
ERROR - 2018-08-29 14:01:29 --> Severity: Notice --> Trying to get property of non-object C:\laragon\www\webpedidos\application\controllers\pedido\Requisicao.php 113
ERROR - 2018-08-29 14:01:29 --> Query error: ERRO:  inserção ou atualização em tabela "pedidos" viola restrição de chave estrangeira "aprovador_fk"
DETAIL:  Chave (key_clientes_aprovador, key_funcionarios_aprovador)=(, 0) não está presente na tabela "funcionarios". - Invalid query: INSERT INTO "pedidos" ("aprovar", "data_emissao", "data_fechado", "dh_aprovacao", "entrega_local", "entrega_turno", "id_centro_custo", "id_depto", "key_clientes", "key_clientes_aprovador", "key_clientes_solicitante", "key_funcionarios", "key_funcionarios_aprovador", "key_funcionarios_solicitante", "numero", "obs") VALUES ('1','2018-08-29',NULL,'2018-08-29 14:01:29','',1,'75008280','44.013.159/0031-31','44.013.159/0031-31','','','33021887','0','0',49473,'')
ERROR - 2018-08-29 14:04:55 --> Severity: Notice --> Undefined offset: 0 C:\laragon\www\webpedidos\application\controllers\pedido\Requisicao.php 77
ERROR - 2018-08-29 14:04:55 --> Severity: Notice --> Trying to get property of non-object C:\laragon\www\webpedidos\application\controllers\pedido\Requisicao.php 77
ERROR - 2018-08-29 14:04:55 --> Severity: Notice --> Undefined offset: 0 C:\laragon\www\webpedidos\application\controllers\pedido\Requisicao.php 113
ERROR - 2018-08-29 14:04:55 --> Severity: Notice --> Trying to get property of non-object C:\laragon\www\webpedidos\application\controllers\pedido\Requisicao.php 113
ERROR - 2018-08-29 14:04:55 --> Query error: ERRO:  inserção ou atualização em tabela "pedidos" viola restrição de chave estrangeira "aprovador_fk"
DETAIL:  Chave (key_clientes_aprovador, key_funcionarios_aprovador)=(, 0) não está presente na tabela "funcionarios". - Invalid query: INSERT INTO "pedidos" ("aprovar", "data_emissao", "data_fechado", "dh_aprovacao", "entrega_local", "entrega_turno", "id_centro_custo", "id_depto", "key_clientes", "key_clientes_aprovador", "key_clientes_solicitante", "key_funcionarios", "key_funcionarios_aprovador", "key_funcionarios_solicitante", "numero", "obs") VALUES ('1','2018-08-29',NULL,'2018-08-29 14:04:55','',1,'75008280','44.013.159/0031-31','44.013.159/0031-31','','','33021887','0','0',49474,'')
ERROR - 2018-08-29 14:05:15 --> 404 Page Not Found: Assets/js
ERROR - 2018-08-29 14:05:15 --> 404 Page Not Found: Assets/js
ERROR - 2018-08-29 14:05:40 --> 404 Page Not Found: Assets/images
ERROR - 2018-08-29 14:05:40 --> 404 Page Not Found: Assets/images
ERROR - 2018-08-29 14:05:40 --> 404 Page Not Found: Assets/images
ERROR - 2018-08-29 14:05:40 --> 404 Page Not Found: Assets/images
ERROR - 2018-08-29 14:05:54 --> Severity: Notice --> Undefined offset: 0 C:\laragon\www\webpedidos\application\controllers\pedido\Requisicao.php 77
ERROR - 2018-08-29 14:05:54 --> Severity: Notice --> Trying to get property of non-object C:\laragon\www\webpedidos\application\controllers\pedido\Requisicao.php 77
ERROR - 2018-08-29 14:05:54 --> Severity: Notice --> Undefined offset: 0 C:\laragon\www\webpedidos\application\controllers\pedido\Requisicao.php 113
ERROR - 2018-08-29 14:05:54 --> Severity: Notice --> Trying to get property of non-object C:\laragon\www\webpedidos\application\controllers\pedido\Requisicao.php 113
ERROR - 2018-08-29 14:05:54 --> Query error: ERRO:  inserção ou atualização em tabela "pedidos" viola restrição de chave estrangeira "aprovador_fk"
DETAIL:  Chave (key_clientes_aprovador, key_funcionarios_aprovador)=(, 0) não está presente na tabela "funcionarios". - Invalid query: INSERT INTO "pedidos" ("aprovar", "data_emissao", "data_fechado", "dh_aprovacao", "entrega_local", "entrega_turno", "id_centro_custo", "id_depto", "key_clientes", "key_clientes_aprovador", "key_clientes_solicitante", "key_funcionarios", "key_funcionarios_aprovador", "key_funcionarios_solicitante", "numero", "obs") VALUES ('1','2018-08-29',NULL,'2018-08-29 14:05:54','',1,'75008280','44.013.159/0031-31','44.013.159/0031-31','','','33021887','0','0',49475,'')
ERROR - 2018-08-29 14:10:01 --> 404 Page Not Found: Assets/js
ERROR - 2018-08-29 14:10:02 --> 404 Page Not Found: Assets/js
ERROR - 2018-08-29 14:10:14 --> 404 Page Not Found: Assets/images
ERROR - 2018-08-29 14:10:14 --> 404 Page Not Found: Assets/images
ERROR - 2018-08-29 14:10:14 --> 404 Page Not Found: Assets/images
ERROR - 2018-08-29 14:10:14 --> 404 Page Not Found: Assets/images
ERROR - 2018-08-29 14:10:26 --> Severity: Notice --> Undefined offset: 0 C:\laragon\www\webpedidos\application\controllers\pedido\Requisicao.php 77
ERROR - 2018-08-29 14:10:26 --> Severity: Notice --> Trying to get property of non-object C:\laragon\www\webpedidos\application\controllers\pedido\Requisicao.php 77
ERROR - 2018-08-29 14:10:26 --> Severity: Notice --> Undefined offset: 0 C:\laragon\www\webpedidos\application\controllers\pedido\Requisicao.php 113
ERROR - 2018-08-29 14:10:26 --> Severity: Notice --> Trying to get property of non-object C:\laragon\www\webpedidos\application\controllers\pedido\Requisicao.php 113
ERROR - 2018-08-29 14:10:26 --> Query error: ERRO:  inserção ou atualização em tabela "pedidos" viola restrição de chave estrangeira "aprovador_fk"
DETAIL:  Chave (key_clientes_aprovador, key_funcionarios_aprovador)=(, 0) não está presente na tabela "funcionarios". - Invalid query: INSERT INTO "pedidos" ("aprovar", "data_emissao", "data_fechado", "dh_aprovacao", "entrega_local", "entrega_turno", "id_centro_custo", "id_depto", "key_clientes", "key_clientes_aprovador", "key_clientes_solicitante", "key_funcionarios", "key_funcionarios_aprovador", "key_funcionarios_solicitante", "numero", "obs") VALUES ('1','2018-08-29',NULL,'2018-08-29 14:10:26','',1,'75008280','44.013.159/0031-31','44.013.159/0031-31','','','33021887','0','0',49476,'')
ERROR - 2018-08-29 14:26:02 --> 404 Page Not Found: Assets/js
ERROR - 2018-08-29 14:26:02 --> 404 Page Not Found: Assets/js
ERROR - 2018-08-29 14:28:42 --> 404 Page Not Found: Assets/images
ERROR - 2018-08-29 14:28:42 --> 404 Page Not Found: Assets/images
ERROR - 2018-08-29 14:28:43 --> 404 Page Not Found: Assets/images
ERROR - 2018-08-29 14:28:43 --> 404 Page Not Found: Assets/images
ERROR - 2018-08-29 14:28:50 --> Severity: Notice --> Undefined offset: 0 C:\laragon\www\webpedidos\application\controllers\pedido\Requisicao.php 77
ERROR - 2018-08-29 14:28:50 --> Severity: Notice --> Trying to get property of non-object C:\laragon\www\webpedidos\application\controllers\pedido\Requisicao.php 77
ERROR - 2018-08-29 14:28:50 --> Severity: Notice --> Undefined offset: 0 C:\laragon\www\webpedidos\application\controllers\pedido\Requisicao.php 113
ERROR - 2018-08-29 14:28:50 --> Severity: Notice --> Trying to get property of non-object C:\laragon\www\webpedidos\application\controllers\pedido\Requisicao.php 113
ERROR - 2018-08-29 14:28:50 --> Query error: ERRO:  inserção ou atualização em tabela "pedidos" viola restrição de chave estrangeira "aprovador_fk"
DETAIL:  Chave (key_clientes_aprovador, key_funcionarios_aprovador)=(, 0) não está presente na tabela "funcionarios". - Invalid query: INSERT INTO "pedidos" ("aprovar", "data_emissao", "data_fechado", "dh_aprovacao", "entrega_local", "entrega_turno", "id_centro_custo", "id_depto", "key_clientes", "key_clientes_aprovador", "key_clientes_solicitante", "key_funcionarios", "key_funcionarios_aprovador", "key_funcionarios_solicitante", "numero", "obs") VALUES ('1','2018-08-29',NULL,'2018-08-29 14:28:50','',1,'75008280','44.013.159/0031-31','44.013.159/0031-31','','','33021887','0','0',49477,'')
ERROR - 2018-08-29 14:31:57 --> 404 Page Not Found: Assets/js
ERROR - 2018-08-29 14:31:57 --> 404 Page Not Found: Assets/js
ERROR - 2018-08-29 14:32:13 --> 404 Page Not Found: Assets/images
ERROR - 2018-08-29 14:32:13 --> 404 Page Not Found: Assets/images
ERROR - 2018-08-29 14:32:13 --> 404 Page Not Found: Assets/images
ERROR - 2018-08-29 14:32:13 --> 404 Page Not Found: Assets/images
ERROR - 2018-08-29 14:32:35 --> Severity: Notice --> Undefined offset: 0 C:\laragon\www\webpedidos\application\controllers\pedido\Requisicao.php 77
ERROR - 2018-08-29 14:32:35 --> Severity: Notice --> Trying to get property of non-object C:\laragon\www\webpedidos\application\controllers\pedido\Requisicao.php 77
ERROR - 2018-08-29 14:32:35 --> Severity: Notice --> Undefined offset: 0 C:\laragon\www\webpedidos\application\controllers\pedido\Requisicao.php 113
ERROR - 2018-08-29 14:32:35 --> Severity: Notice --> Trying to get property of non-object C:\laragon\www\webpedidos\application\controllers\pedido\Requisicao.php 113
ERROR - 2018-08-29 14:32:35 --> Query error: ERRO:  inserção ou atualização em tabela "pedidos" viola restrição de chave estrangeira "aprovador_fk"
DETAIL:  Chave (key_clientes_aprovador, key_funcionarios_aprovador)=(, 0) não está presente na tabela "funcionarios". - Invalid query: INSERT INTO "pedidos" ("aprovar", "data_emissao", "data_fechado", "dh_aprovacao", "entrega_local", "entrega_turno", "id_centro_custo", "id_depto", "key_clientes", "key_clientes_aprovador", "key_clientes_solicitante", "key_funcionarios", "key_funcionarios_aprovador", "key_funcionarios_solicitante", "numero", "obs") VALUES ('1','2018-08-29',NULL,'2018-08-29 14:32:35','',1,'75008280','44.013.159/0031-31','44.013.159/0031-31','','','33021887','0','0',49478,'')
ERROR - 2018-08-29 14:33:00 --> 404 Page Not Found: Assets/js
ERROR - 2018-08-29 14:33:00 --> 404 Page Not Found: Assets/js
ERROR - 2018-08-29 14:33:18 --> Severity: Notice --> Undefined offset: 0 C:\laragon\www\webpedidos\application\controllers\pedido\Requisicao.php 77
ERROR - 2018-08-29 14:33:18 --> Severity: Notice --> Trying to get property of non-object C:\laragon\www\webpedidos\application\controllers\pedido\Requisicao.php 77
ERROR - 2018-08-29 14:33:18 --> Severity: Notice --> Undefined offset: 0 C:\laragon\www\webpedidos\application\controllers\pedido\Requisicao.php 113
ERROR - 2018-08-29 14:33:18 --> Severity: Notice --> Trying to get property of non-object C:\laragon\www\webpedidos\application\controllers\pedido\Requisicao.php 113
ERROR - 2018-08-29 14:33:18 --> Query error: ERRO:  inserção ou atualização em tabela "pedidos" viola restrição de chave estrangeira "aprovador_fk"
DETAIL:  Chave (key_clientes_aprovador, key_funcionarios_aprovador)=(, 0) não está presente na tabela "funcionarios". - Invalid query: INSERT INTO "pedidos" ("aprovar", "data_emissao", "data_fechado", "dh_aprovacao", "entrega_local", "entrega_turno", "id_centro_custo", "id_depto", "key_clientes", "key_clientes_aprovador", "key_clientes_solicitante", "key_funcionarios", "key_funcionarios_aprovador", "key_funcionarios_solicitante", "numero", "obs") VALUES ('1','2018-08-29',NULL,'2018-08-29 14:33:18','',1,'75008280','44.013.159/0031-31','44.013.159/0031-31','','','33021887','0','0',49479,'')
ERROR - 2018-08-29 14:46:23 --> 404 Page Not Found: Assets/js
ERROR - 2018-08-29 14:46:23 --> 404 Page Not Found: Assets/js
ERROR - 2018-08-29 14:46:41 --> 404 Page Not Found: Assets/images
ERROR - 2018-08-29 14:46:41 --> 404 Page Not Found: Assets/images
ERROR - 2018-08-29 14:46:41 --> 404 Page Not Found: Assets/images
ERROR - 2018-08-29 14:46:41 --> 404 Page Not Found: Assets/images
ERROR - 2018-08-29 14:46:52 --> Severity: Notice --> Undefined offset: 0 C:\laragon\www\webpedidos\application\controllers\pedido\Requisicao.php 77
ERROR - 2018-08-29 14:46:52 --> Severity: Notice --> Trying to get property of non-object C:\laragon\www\webpedidos\application\controllers\pedido\Requisicao.php 77
ERROR - 2018-08-29 14:46:52 --> Severity: Notice --> Undefined offset: 0 C:\laragon\www\webpedidos\application\controllers\pedido\Requisicao.php 113
ERROR - 2018-08-29 14:46:52 --> Severity: Notice --> Trying to get property of non-object C:\laragon\www\webpedidos\application\controllers\pedido\Requisicao.php 113
ERROR - 2018-08-29 14:46:52 --> Query error: ERRO:  inserção ou atualização em tabela "pedidos" viola restrição de chave estrangeira "aprovador_fk"
DETAIL:  Chave (key_clientes_aprovador, key_funcionarios_aprovador)=(, 0) não está presente na tabela "funcionarios". - Invalid query: INSERT INTO "pedidos" ("aprovar", "data_emissao", "data_fechado", "dh_aprovacao", "entrega_local", "entrega_turno", "id_centro_custo", "id_depto", "key_clientes", "key_clientes_aprovador", "key_clientes_solicitante", "key_funcionarios", "key_funcionarios_aprovador", "key_funcionarios_solicitante", "numero", "obs") VALUES ('1','2018-08-29',NULL,'2018-08-29 14:46:52','',4,'75008280','44.013.159/0031-31','44.013.159/0031-31','','','33021887','0','0',49480,'')
ERROR - 2018-08-29 14:49:09 --> Severity: error --> Exception: syntax error, unexpected ''key_funcionarios_aprovador'' (T_CONSTANT_ENCAPSED_STRING), expecting ')' C:\laragon\www\webpedidos\application\controllers\pedido\Requisicao.php 116
ERROR - 2018-08-29 14:49:09 --> Severity: error --> Exception: syntax error, unexpected ''key_funcionarios_aprovador'' (T_CONSTANT_ENCAPSED_STRING), expecting ')' C:\laragon\www\webpedidos\application\controllers\pedido\Requisicao.php 116
ERROR - 2018-08-29 14:49:11 --> Severity: error --> Exception: syntax error, unexpected ''key_funcionarios_aprovador'' (T_CONSTANT_ENCAPSED_STRING), expecting ')' C:\laragon\www\webpedidos\application\controllers\pedido\Requisicao.php 116
ERROR - 2018-08-29 14:49:11 --> Severity: error --> Exception: syntax error, unexpected ''key_funcionarios_aprovador'' (T_CONSTANT_ENCAPSED_STRING), expecting ')' C:\laragon\www\webpedidos\application\controllers\pedido\Requisicao.php 116
ERROR - 2018-08-29 14:49:48 --> 404 Page Not Found: Assets/js
ERROR - 2018-08-29 14:49:48 --> 404 Page Not Found: Assets/js
ERROR - 2018-08-29 14:50:02 --> 404 Page Not Found: Assets/images
ERROR - 2018-08-29 14:50:02 --> 404 Page Not Found: Assets/images
ERROR - 2018-08-29 14:50:02 --> 404 Page Not Found: Assets/images
ERROR - 2018-08-29 14:50:02 --> 404 Page Not Found: Assets/images
ERROR - 2018-08-29 14:51:33 --> Severity: Notice --> Undefined offset: 0 C:\laragon\www\webpedidos\application\controllers\pedido\Requisicao.php 77
ERROR - 2018-08-29 14:51:33 --> Severity: Notice --> Trying to get property of non-object C:\laragon\www\webpedidos\application\controllers\pedido\Requisicao.php 77
ERROR - 2018-08-29 14:51:33 --> Severity: Notice --> Undefined offset: 0 C:\laragon\www\webpedidos\application\controllers\pedido\Requisicao.php 113
ERROR - 2018-08-29 14:51:33 --> Severity: Notice --> Trying to get property of non-object C:\laragon\www\webpedidos\application\controllers\pedido\Requisicao.php 113
ERROR - 2018-08-29 14:51:33 --> Query error: ERRO:  inserção ou atualização em tabela "pedidos" viola restrição de chave estrangeira "aprovador_fk"
DETAIL:  Chave (key_clientes_aprovador, key_funcionarios_aprovador)=(teste1, teste1) não está presente na tabela "funcionarios". - Invalid query: INSERT INTO "pedidos" ("aprovar", "data_emissao", "data_fechado", "dh_aprovacao", "entrega_local", "entrega_turno", "id_centro_custo", "id_depto", "key_clientes", "key_clientes_aprovador", "key_clientes_solicitante", "key_funcionarios", "key_funcionarios_aprovador", "key_funcionarios_solicitante", "numero", "obs") VALUES ('1','2018-08-29',NULL,'2018-08-29 14:51:33','',1,'75008280','44.013.159/0031-31','44.013.159/0031-31','teste1','','33021887','teste1','0',49481,'')
ERROR - 2018-08-29 15:48:32 --> 404 Page Not Found: Assets/js
ERROR - 2018-08-29 15:48:32 --> 404 Page Not Found: Assets/js
ERROR - 2018-08-29 15:48:45 --> 404 Page Not Found: Assets/images
ERROR - 2018-08-29 15:48:46 --> 404 Page Not Found: Assets/images
ERROR - 2018-08-29 15:48:46 --> 404 Page Not Found: Assets/images
ERROR - 2018-08-29 15:48:46 --> 404 Page Not Found: Assets/images
ERROR - 2018-08-29 15:50:10 --> Severity: Notice --> Undefined offset: 0 C:\laragon\www\webpedidos\application\controllers\pedido\Requisicao.php 77
ERROR - 2018-08-29 15:50:10 --> Severity: Notice --> Trying to get property of non-object C:\laragon\www\webpedidos\application\controllers\pedido\Requisicao.php 77
ERROR - 2018-08-29 15:50:10 --> Severity: Notice --> Undefined offset: 0 C:\laragon\www\webpedidos\application\controllers\pedido\Requisicao.php 113
ERROR - 2018-08-29 15:50:10 --> Severity: Notice --> Trying to get property of non-object C:\laragon\www\webpedidos\application\controllers\pedido\Requisicao.php 113
ERROR - 2018-08-29 15:50:10 --> Query error: ERRO:  inserção ou atualização em tabela "pedidos" viola restrição de chave estrangeira "aprovador_fk"
DETAIL:  Chave (key_clientes_aprovador, key_funcionarios_aprovador)=(, 0) não está presente na tabela "funcionarios". - Invalid query: INSERT INTO "pedidos" ("aprovar", "data_emissao", "data_fechado", "dh_aprovacao", "entrega_local", "entrega_turno", "id_centro_custo", "id_depto", "key_clientes", "key_clientes_aprovador", "key_clientes_solicitante", "key_funcionarios", "key_funcionarios_aprovador", "key_funcionarios_solicitante", "numero", "obs") VALUES ('1','2018-08-29',NULL,'2018-08-29 15:50:10','',1,'75008280','44.013.159/0031-31','44.013.159/0031-31','','','33021887','0','0',49482,'')
ERROR - 2018-08-29 16:01:15 --> 404 Page Not Found: Assets/js
ERROR - 2018-08-29 16:01:15 --> 404 Page Not Found: Assets/js
ERROR - 2018-08-29 16:02:48 --> 404 Page Not Found: Assets/images
ERROR - 2018-08-29 16:02:48 --> 404 Page Not Found: Assets/images
ERROR - 2018-08-29 16:02:48 --> 404 Page Not Found: Assets/images
ERROR - 2018-08-29 16:02:51 --> 404 Page Not Found: Assets/images
ERROR - 2018-08-29 16:03:02 --> Severity: Notice --> Undefined offset: 0 C:\laragon\www\webpedidos\application\controllers\pedido\Requisicao.php 77
ERROR - 2018-08-29 16:03:02 --> Severity: Notice --> Trying to get property of non-object C:\laragon\www\webpedidos\application\controllers\pedido\Requisicao.php 77
ERROR - 2018-08-29 16:03:02 --> Severity: Notice --> Undefined offset: 0 C:\laragon\www\webpedidos\application\controllers\pedido\Requisicao.php 113
ERROR - 2018-08-29 16:03:02 --> Severity: Notice --> Trying to get property of non-object C:\laragon\www\webpedidos\application\controllers\pedido\Requisicao.php 113
ERROR - 2018-08-29 16:03:02 --> Query error: ERRO:  inserção ou atualização em tabela "pedidos" viola restrição de chave estrangeira "aprovador_fk"
DETAIL:  Chave (key_clientes_aprovador, key_funcionarios_aprovador)=(, 0) não está presente na tabela "funcionarios". - Invalid query: INSERT INTO "pedidos" ("aprovar", "data_emissao", "data_fechado", "dh_aprovacao", "entrega_local", "entrega_turno", "id_centro_custo", "id_depto", "key_clientes", "key_clientes_aprovador", "key_clientes_solicitante", "key_funcionarios", "key_funcionarios_aprovador", "key_funcionarios_solicitante", "numero", "obs") VALUES ('1','2018-08-29',NULL,'2018-08-29 16:03:02','',1,'75008280','44.013.159/0031-31','44.013.159/0031-31','',NULL,'33021887','0','0',49483,'')
ERROR - 2018-08-29 16:43:44 --> 404 Page Not Found: Assets/js
ERROR - 2018-08-29 16:43:45 --> 404 Page Not Found: Assets/js
ERROR - 2018-08-29 17:04:03 --> 404 Page Not Found: Assets/js
ERROR - 2018-08-29 17:04:03 --> 404 Page Not Found: Assets/js
ERROR - 2018-08-29 17:17:02 --> 404 Page Not Found: Assets/images
ERROR - 2018-08-29 17:17:03 --> 404 Page Not Found: Assets/images
ERROR - 2018-08-29 17:17:03 --> 404 Page Not Found: Assets/images
ERROR - 2018-08-29 17:17:03 --> 404 Page Not Found: Assets/images
ERROR - 2018-08-29 17:17:10 --> Severity: Notice --> Undefined offset: 0 C:\laragon\www\webpedidos\application\controllers\pedido\Requisicao.php 77
ERROR - 2018-08-29 17:17:10 --> Severity: Notice --> Trying to get property of non-object C:\laragon\www\webpedidos\application\controllers\pedido\Requisicao.php 77
ERROR - 2018-08-29 17:17:10 --> Severity: Notice --> Undefined offset: 0 C:\laragon\www\webpedidos\application\controllers\pedido\Requisicao.php 113
ERROR - 2018-08-29 17:17:10 --> Severity: Notice --> Trying to get property of non-object C:\laragon\www\webpedidos\application\controllers\pedido\Requisicao.php 113
ERROR - 2018-08-29 17:17:11 --> Query error: ERRO:  inserção ou atualização em tabela "pedidos" viola restrição de chave estrangeira "aprovador_fk"
DETAIL:  Chave (key_clientes_aprovador, key_funcionarios_aprovador)=(, 0) não está presente na tabela "funcionarios". - Invalid query: INSERT INTO "pedidos" ("aprovar", "data_emissao", "data_fechado", "dh_aprovacao", "entrega_local", "entrega_turno", "id_centro_custo", "id_depto", "key_clientes", "key_clientes_aprovador", "key_clientes_solicitante", "key_funcionarios", "key_funcionarios_aprovador", "key_funcionarios_solicitante", "numero", "obs") VALUES ('1','2018-08-29',NULL,'2018-08-29 17:17:10','',1,'75008280','44.013.159/0031-31','44.013.159/0031-31','',NULL,'33021887','0','0',49484,'')
ERROR - 2018-08-29 17:26:36 --> 404 Page Not Found: Assets/js
ERROR - 2018-08-29 17:26:36 --> 404 Page Not Found: Assets/js
ERROR - 2018-08-29 17:26:50 --> 404 Page Not Found: Assets/images
ERROR - 2018-08-29 17:26:50 --> 404 Page Not Found: Assets/images
ERROR - 2018-08-29 17:26:50 --> 404 Page Not Found: Assets/images
ERROR - 2018-08-29 17:26:50 --> 404 Page Not Found: Assets/images
ERROR - 2018-08-29 17:26:58 --> Severity: Notice --> Undefined offset: 0 C:\laragon\www\webpedidos\application\controllers\pedido\Requisicao.php 77
ERROR - 2018-08-29 17:26:58 --> Severity: Notice --> Trying to get property of non-object C:\laragon\www\webpedidos\application\controllers\pedido\Requisicao.php 77
ERROR - 2018-08-29 17:26:58 --> Severity: Notice --> Undefined offset: 0 C:\laragon\www\webpedidos\application\controllers\pedido\Requisicao.php 113
ERROR - 2018-08-29 17:26:58 --> Severity: Notice --> Trying to get property of non-object C:\laragon\www\webpedidos\application\controllers\pedido\Requisicao.php 113
ERROR - 2018-08-29 17:26:58 --> Severity: Notice --> Undefined offset: 0 C:\laragon\www\webpedidos\application\controllers\pedido\Requisicao.php 114
ERROR - 2018-08-29 17:26:58 --> Severity: Notice --> Trying to get property of non-object C:\laragon\www\webpedidos\application\controllers\pedido\Requisicao.php 114
ERROR - 2018-08-29 17:26:58 --> Severity: Notice --> Undefined index: key_clientes C:\laragon\www\webpedidos\application\controllers\pedido\Requisicao.php 118
ERROR - 2018-08-29 17:26:58 --> Query error: ERRO:  inserção ou atualização em tabela "pedidos" viola restrição de chave estrangeira "solicitante_fk"
DETAIL:  Chave (key_clientes_solicitante, key_funcionarios_solicitante)=(, 0) não está presente na tabela "funcionarios". - Invalid query: INSERT INTO "pedidos" ("aprovar", "data_emissao", "data_fechado", "dh_aprovacao", "entrega_local", "entrega_turno", "id_centro_custo", "id_depto", "key_clientes", "key_clientes_aprovador", "key_clientes_solicitante", "key_funcionarios", "key_funcionarios_aprovador", "key_funcionarios_solicitante", "numero", "obs") VALUES ('1','2018-08-29',NULL,'2018-08-29 17:26:58','',1,'75008280','44.013.159/0031-31','44.013.159/0031-31',NULL,'','33021887','33021887','0',49485,'')
ERROR - 2018-08-29 17:26:58 --> Severity: Warning --> Cannot modify header information - headers already sent by (output started at C:\laragon\www\system\core\Exceptions.php:271) C:\laragon\www\system\core\Common.php 570
ERROR - 2018-08-29 17:27:40 --> 404 Page Not Found: Assets/js
ERROR - 2018-08-29 17:27:40 --> 404 Page Not Found: Assets/js
ERROR - 2018-08-29 17:27:56 --> Severity: Notice --> Undefined offset: 0 C:\laragon\www\webpedidos\application\controllers\pedido\Requisicao.php 77
ERROR - 2018-08-29 17:27:56 --> Severity: Notice --> Trying to get property of non-object C:\laragon\www\webpedidos\application\controllers\pedido\Requisicao.php 77
ERROR - 2018-08-29 17:27:56 --> Severity: Notice --> Undefined offset: 0 C:\laragon\www\webpedidos\application\controllers\pedido\Requisicao.php 113
ERROR - 2018-08-29 17:27:56 --> Severity: Notice --> Trying to get property of non-object C:\laragon\www\webpedidos\application\controllers\pedido\Requisicao.php 113
ERROR - 2018-08-29 17:27:56 --> Severity: Notice --> Undefined offset: 0 C:\laragon\www\webpedidos\application\controllers\pedido\Requisicao.php 114
ERROR - 2018-08-29 17:27:56 --> Severity: Notice --> Trying to get property of non-object C:\laragon\www\webpedidos\application\controllers\pedido\Requisicao.php 114
ERROR - 2018-08-29 17:27:56 --> Query error: ERRO:  inserção ou atualização em tabela "pedidos" viola restrição de chave estrangeira "aprovador_fk"
DETAIL:  Chave (key_clientes_aprovador, key_funcionarios_aprovador)=(, 0) não está presente na tabela "funcionarios". - Invalid query: INSERT INTO "pedidos" ("aprovar", "data_emissao", "data_fechado", "dh_aprovacao", "entrega_local", "entrega_turno", "id_centro_custo", "id_depto", "key_clientes", "key_clientes_aprovador", "key_clientes_solicitante", "key_funcionarios", "key_funcionarios_aprovador", "key_funcionarios_solicitante", "numero", "obs") VALUES ('1','2018-08-29',NULL,'2018-08-29 17:27:56','',1,'75008280','44.013.159/0031-31','44.013.159/0031-31','','','33021887','0','0',49486,'')
ERROR - 2018-08-29 17:29:39 --> 404 Page Not Found: Assets/js
ERROR - 2018-08-29 17:29:39 --> 404 Page Not Found: Assets/js
ERROR - 2018-08-29 17:29:49 --> 404 Page Not Found: Assets/images
ERROR - 2018-08-29 17:29:49 --> 404 Page Not Found: Assets/images
ERROR - 2018-08-29 17:29:49 --> 404 Page Not Found: Assets/images
ERROR - 2018-08-29 17:29:49 --> 404 Page Not Found: Assets/images
ERROR - 2018-08-29 17:29:56 --> Severity: Notice --> Undefined offset: 0 C:\laragon\www\webpedidos\application\controllers\pedido\Requisicao.php 77
ERROR - 2018-08-29 17:29:56 --> Severity: Notice --> Trying to get property of non-object C:\laragon\www\webpedidos\application\controllers\pedido\Requisicao.php 77
ERROR - 2018-08-29 17:29:56 --> Severity: Notice --> Undefined offset: 0 C:\laragon\www\webpedidos\application\controllers\pedido\Requisicao.php 113
ERROR - 2018-08-29 17:29:56 --> Severity: Notice --> Trying to get property of non-object C:\laragon\www\webpedidos\application\controllers\pedido\Requisicao.php 113
ERROR - 2018-08-29 17:29:56 --> Severity: Notice --> Undefined index: key_clientes C:\laragon\www\webpedidos\application\controllers\pedido\Requisicao.php 117
ERROR - 2018-08-29 17:29:56 --> Query error: ERRO:  inserção ou atualização em tabela "pedidos" viola restrição de chave estrangeira "solicitante_fk"
DETAIL:  Chave (key_clientes_solicitante, key_funcionarios_solicitante)=(, 0) não está presente na tabela "funcionarios". - Invalid query: INSERT INTO "pedidos" ("aprovar", "data_emissao", "data_fechado", "dh_aprovacao", "entrega_local", "entrega_turno", "id_centro_custo", "id_depto", "key_clientes", "key_clientes_aprovador", "key_clientes_solicitante", "key_funcionarios", "key_funcionarios_aprovador", "key_funcionarios_solicitante", "numero", "obs") VALUES ('1','2018-08-29',NULL,'2018-08-29 17:29:56','',1,'75008280','44.013.159/0031-31','44.013.159/0031-31',NULL,'','33021887','33021887','0',49487,'')
ERROR - 2018-08-29 17:30:01 --> Severity: Notice --> Undefined offset: 0 C:\laragon\www\webpedidos\application\controllers\pedido\Requisicao.php 77
ERROR - 2018-08-29 17:30:01 --> Severity: Notice --> Trying to get property of non-object C:\laragon\www\webpedidos\application\controllers\pedido\Requisicao.php 77
ERROR - 2018-08-29 17:30:01 --> Severity: Notice --> Undefined offset: 0 C:\laragon\www\webpedidos\application\controllers\pedido\Requisicao.php 113
ERROR - 2018-08-29 17:30:01 --> Severity: Notice --> Trying to get property of non-object C:\laragon\www\webpedidos\application\controllers\pedido\Requisicao.php 113
ERROR - 2018-08-29 17:30:01 --> Severity: Notice --> Undefined index: key_clientes C:\laragon\www\webpedidos\application\controllers\pedido\Requisicao.php 117
ERROR - 2018-08-29 17:30:01 --> Query error: ERRO:  inserção ou atualização em tabela "pedidos" viola restrição de chave estrangeira "solicitante_fk"
DETAIL:  Chave (key_clientes_solicitante, key_funcionarios_solicitante)=(, 0) não está presente na tabela "funcionarios". - Invalid query: INSERT INTO "pedidos" ("aprovar", "data_emissao", "data_fechado", "dh_aprovacao", "entrega_local", "entrega_turno", "id_centro_custo", "id_depto", "key_clientes", "key_clientes_aprovador", "key_clientes_solicitante", "key_funcionarios", "key_funcionarios_aprovador", "key_funcionarios_solicitante", "numero", "obs") VALUES ('1','2018-08-29',NULL,'2018-08-29 17:30:01','',1,'75008280','44.013.159/0031-31','44.013.159/0031-31',NULL,'','33021887','33021887','0',49488,'')
ERROR - 2018-08-29 17:30:42 --> 404 Page Not Found: Assets/js
ERROR - 2018-08-29 17:30:42 --> 404 Page Not Found: Assets/js
ERROR - 2018-08-29 17:30:58 --> 404 Page Not Found: Assets/images
ERROR - 2018-08-29 17:30:58 --> 404 Page Not Found: Assets/images
ERROR - 2018-08-29 17:30:58 --> 404 Page Not Found: Assets/images
ERROR - 2018-08-29 17:30:58 --> 404 Page Not Found: Assets/images
ERROR - 2018-08-29 17:31:06 --> Severity: Notice --> Undefined offset: 0 C:\laragon\www\webpedidos\application\controllers\pedido\Requisicao.php 77
ERROR - 2018-08-29 17:31:06 --> Severity: Notice --> Trying to get property of non-object C:\laragon\www\webpedidos\application\controllers\pedido\Requisicao.php 77
ERROR - 2018-08-29 17:31:06 --> Severity: Notice --> Undefined offset: 0 C:\laragon\www\webpedidos\application\controllers\pedido\Requisicao.php 113
ERROR - 2018-08-29 17:31:06 --> Severity: Notice --> Trying to get property of non-object C:\laragon\www\webpedidos\application\controllers\pedido\Requisicao.php 113
ERROR - 2018-08-29 17:31:06 --> Severity: Notice --> Undefined index: key_clientes C:\laragon\www\webpedidos\application\controllers\pedido\Requisicao.php 118
ERROR - 2018-08-29 17:31:06 --> Query error: ERRO:  inserção ou atualização em tabela "pedidos" viola restrição de chave estrangeira "solicitante_fk"
DETAIL:  Chave (key_clientes_solicitante, key_funcionarios_solicitante)=(, 0) não está presente na tabela "funcionarios". - Invalid query: INSERT INTO "pedidos" ("aprovar", "data_emissao", "data_fechado", "dh_aprovacao", "entrega_local", "entrega_turno", "id_centro_custo", "id_depto", "key_clientes", "key_clientes_aprovador", "key_clientes_solicitante", "key_funcionarios", "key_funcionarios_aprovador", "key_funcionarios_solicitante", "numero", "obs") VALUES ('1','2018-08-29',NULL,'2018-08-29 17:31:06','',1,'75008280','44.013.159/0031-31','44.013.159/0031-31','33021887','','33021887',NULL,'0',49489,'')
ERROR - 2018-08-29 17:31:12 --> Severity: Notice --> Undefined offset: 0 C:\laragon\www\webpedidos\application\controllers\pedido\Requisicao.php 77
ERROR - 2018-08-29 17:31:12 --> Severity: Notice --> Trying to get property of non-object C:\laragon\www\webpedidos\application\controllers\pedido\Requisicao.php 77
ERROR - 2018-08-29 17:31:12 --> Severity: Notice --> Undefined offset: 0 C:\laragon\www\webpedidos\application\controllers\pedido\Requisicao.php 113
ERROR - 2018-08-29 17:31:12 --> Severity: Notice --> Trying to get property of non-object C:\laragon\www\webpedidos\application\controllers\pedido\Requisicao.php 113
ERROR - 2018-08-29 17:31:12 --> Severity: Notice --> Undefined index: key_clientes C:\laragon\www\webpedidos\application\controllers\pedido\Requisicao.php 118
ERROR - 2018-08-29 17:31:12 --> Query error: ERRO:  inserção ou atualização em tabela "pedidos" viola restrição de chave estrangeira "solicitante_fk"
DETAIL:  Chave (key_clientes_solicitante, key_funcionarios_solicitante)=(, 0) não está presente na tabela "funcionarios". - Invalid query: INSERT INTO "pedidos" ("aprovar", "data_emissao", "data_fechado", "dh_aprovacao", "entrega_local", "entrega_turno", "id_centro_custo", "id_depto", "key_clientes", "key_clientes_aprovador", "key_clientes_solicitante", "key_funcionarios", "key_funcionarios_aprovador", "key_funcionarios_solicitante", "numero", "obs") VALUES ('1','2018-08-29',NULL,'2018-08-29 17:31:12','',1,'75008280','44.013.159/0031-31','44.013.159/0031-31','33021887','','33021887',NULL,'0',49490,'')
ERROR - 2018-08-29 17:34:42 --> 404 Page Not Found: Assets/js
ERROR - 2018-08-29 17:34:42 --> 404 Page Not Found: Assets/js
ERROR - 2018-08-29 17:36:29 --> 404 Page Not Found: Assets/images
ERROR - 2018-08-29 17:36:29 --> 404 Page Not Found: Assets/images
ERROR - 2018-08-29 17:36:29 --> 404 Page Not Found: Assets/images
ERROR - 2018-08-29 17:36:29 --> 404 Page Not Found: Assets/images
ERROR - 2018-08-29 17:36:43 --> Severity: Notice --> Undefined offset: 0 C:\laragon\www\webpedidos\application\controllers\pedido\Requisicao.php 77
ERROR - 2018-08-29 17:36:43 --> Severity: Notice --> Trying to get property of non-object C:\laragon\www\webpedidos\application\controllers\pedido\Requisicao.php 77
ERROR - 2018-08-29 17:36:43 --> Severity: Notice --> Undefined index: key_clientes C:\laragon\www\webpedidos\application\controllers\pedido\Requisicao.php 115
ERROR - 2018-08-29 17:36:43 --> Severity: Notice --> Undefined index: key_clientes C:\laragon\www\webpedidos\application\controllers\pedido\Requisicao.php 119
ERROR - 2018-08-29 17:37:30 --> Severity: Notice --> Undefined offset: 0 C:\laragon\www\webpedidos\application\controllers\pedido\Requisicao.php 77
ERROR - 2018-08-29 17:37:30 --> Severity: Notice --> Trying to get property of non-object C:\laragon\www\webpedidos\application\controllers\pedido\Requisicao.php 77
ERROR - 2018-08-29 17:37:30 --> Severity: Notice --> Undefined index: key_clientes C:\laragon\www\webpedidos\application\controllers\pedido\Requisicao.php 115
ERROR - 2018-08-29 17:37:30 --> Severity: Notice --> Undefined index: key_clientes C:\laragon\www\webpedidos\application\controllers\pedido\Requisicao.php 119
