ERROR - 2018-07-24 13:56:09 --> Query error: ERRO:  relação "vw_web_login" não existe
LINE 2: FROM "vw_web_login"
             ^ - Invalid query: SELECT *
FROM "vw_web_login"
WHERE "usuario" = 'FITASSUL2'
AND "senha" = 'f0d8a8acce6c612fce13c3db993a65ef'
ERROR - 2018-07-24 13:56:14 --> Query error: ERRO:  relação "vw_web_login" não existe
LINE 2: FROM "vw_web_login"
             ^ - Invalid query: SELECT *
FROM "vw_web_login"
WHERE "usuario" = 'FITASSUL2'
AND "senha" = 'f0d8a8acce6c612fce13c3db993a65ef'
ERROR - 2018-07-24 13:56:15 --> Query error: ERRO:  relação "vw_web_login" não existe
LINE 2: FROM "vw_web_login"
             ^ - Invalid query: SELECT *
FROM "vw_web_login"
WHERE "usuario" = 'FITASSUL2'
AND "senha" = 'f0d8a8acce6c612fce13c3db993a65ef'
ERROR - 2018-07-24 13:56:23 --> Query error: ERRO:  relação "vw_web_login" não existe
LINE 2: FROM "vw_web_login"
             ^ - Invalid query: SELECT *
FROM "vw_web_login"
WHERE "usuario" = 'FITASSUL2'
AND "senha" = 'f0d8a8acce6c612fce13c3db993a65ef'
ERROR - 2018-07-24 14:12:49 --> Query error: ERRO:  relação "vw_web_login" não existe
LINE 2: FROM "vw_web_login"
             ^ - Invalid query: SELECT *
FROM "vw_web_login"
WHERE "usuario" = 'FITASSUL2'
AND "senha" = 'f0d8a8acce6c612fce13c3db993a65ef'
ERROR - 2018-07-24 14:12:51 --> Query error: ERRO:  relação "vw_web_login" não existe
LINE 2: FROM "vw_web_login"
             ^ - Invalid query: SELECT *
FROM "vw_web_login"
WHERE "usuario" = 'FITASSUL2'
AND "senha" = 'f0d8a8acce6c612fce13c3db993a65ef'
ERROR - 2018-07-24 14:13:00 --> Query error: ERRO:  relação "vw_web_login" não existe
LINE 2: FROM "vw_web_login"
             ^ - Invalid query: SELECT *
FROM "vw_web_login"
WHERE "usuario" = 'FITASSUL2'
AND "senha" = 'f0d8a8acce6c612fce13c3db993a65ef'
ERROR - 2018-07-24 14:13:01 --> Query error: ERRO:  relação "vw_web_login" não existe
LINE 2: FROM "vw_web_login"
             ^ - Invalid query: SELECT *
FROM "vw_web_login"
WHERE "usuario" = 'FITASSUL2'
AND "senha" = 'f0d8a8acce6c612fce13c3db993a65ef'
ERROR - 2018-07-24 14:13:15 --> Query error: ERRO:  relação "vw_web_login" não existe
LINE 2: FROM "vw_web_login"
             ^ - Invalid query: SELECT *
FROM "vw_web_login"
WHERE "usuario" = 'FITASSUL2'
AND "senha" = 'f0d8a8acce6c612fce13c3db993a65ef'
ERROR - 2018-07-24 14:31:12 --> Query error: ERRO:  relação "web_mensagens" não existe
LINE 2: FROM "web_mensagens"
             ^ - Invalid query: SELECT "mensagem", "dtpublicacao", "dtexpiracao"
FROM "web_mensagens"
WHERE "empresasiteid" = 2
AND "dtexpiracao" <= '2018-07-24'
ORDER BY "dtpublicacao" DESC
 LIMIT 1
ERROR - 2018-07-24 14:31:17 --> Query error: ERRO:  relação "vw_web_login" não existe
LINE 2: FROM "vw_web_login"
             ^ - Invalid query: SELECT *
FROM "vw_web_login"
WHERE "usuario" = 'FITASSUL2'
AND "senha" = 'f0d8a8acce6c612fce13c3db993a65ef'
ERROR - 2018-07-24 14:31:20 --> Query error: ERRO:  relação "vw_web_login" não existe
LINE 2: FROM "vw_web_login"
             ^ - Invalid query: SELECT *
FROM "vw_web_login"
WHERE "usuario" = 'FITASSUL2'
AND "senha" = 'f0d8a8acce6c612fce13c3db993a65ef'
