ERROR - 2019-08-08 09:27:47 --> 404 Page Not Found: Assets/js
ERROR - 2019-08-08 09:27:47 --> 404 Page Not Found: Assets/js
ERROR - 2019-08-08 09:28:04 --> 404 Page Not Found: Assets/images
ERROR - 2019-08-08 09:28:04 --> 404 Page Not Found: Assets/images
ERROR - 2019-08-08 09:29:20 --> 404 Page Not Found: Assets/images
ERROR - 2019-08-08 09:29:20 --> 404 Page Not Found: Assets/images
ERROR - 2019-08-08 09:29:55 --> 404 Page Not Found: Assets/js
ERROR - 2019-08-08 09:29:55 --> 404 Page Not Found: Assets/js
ERROR - 2019-08-08 09:31:38 --> 404 Page Not Found: Assets/js
ERROR - 2019-08-08 09:31:38 --> 404 Page Not Found: Assets/js
ERROR - 2019-08-08 09:33:22 --> 404 Page Not Found: Assets/js
ERROR - 2019-08-08 09:33:22 --> 404 Page Not Found: Assets/js
ERROR - 2019-08-08 09:33:23 --> 404 Page Not Found: Assets/js
ERROR - 2019-08-08 09:33:23 --> 404 Page Not Found: Assets/js
ERROR - 2019-08-08 09:34:30 --> 404 Page Not Found: Assets/js
ERROR - 2019-08-08 09:34:30 --> 404 Page Not Found: Assets/js
ERROR - 2019-08-08 09:40:53 --> 404 Page Not Found: Assets/js
ERROR - 2019-08-08 09:40:53 --> 404 Page Not Found: Assets/js
ERROR - 2019-08-08 09:41:38 --> 404 Page Not Found: Assets/js
ERROR - 2019-08-08 09:41:38 --> 404 Page Not Found: Assets/js
ERROR - 2019-08-08 09:42:27 --> 404 Page Not Found: Assets/js
ERROR - 2019-08-08 09:42:27 --> 404 Page Not Found: Assets/js
ERROR - 2019-08-08 09:42:55 --> 404 Page Not Found: Assets/js
ERROR - 2019-08-08 09:42:55 --> 404 Page Not Found: Assets/js
ERROR - 2019-08-08 09:43:03 --> 404 Page Not Found: Assets/images
ERROR - 2019-08-08 09:43:03 --> 404 Page Not Found: Assets/images
ERROR - 2019-08-08 09:43:03 --> 404 Page Not Found: Assets/images
ERROR - 2019-08-08 09:44:15 --> 404 Page Not Found: Assets/js
ERROR - 2019-08-08 09:44:15 --> 404 Page Not Found: Assets/js
ERROR - 2019-08-08 09:44:26 --> 404 Page Not Found: Assets/images
ERROR - 2019-08-08 09:44:26 --> 404 Page Not Found: Assets/images
ERROR - 2019-08-08 09:45:13 --> 404 Page Not Found: Assets/js
ERROR - 2019-08-08 09:45:13 --> 404 Page Not Found: Assets/js
ERROR - 2019-08-08 09:47:53 --> 404 Page Not Found: Assets/images
ERROR - 2019-08-08 09:47:53 --> 404 Page Not Found: Assets/images
ERROR - 2019-08-08 09:50:45 --> 404 Page Not Found: Assets/js
ERROR - 2019-08-08 09:50:45 --> 404 Page Not Found: Assets/js
ERROR - 2019-08-08 09:51:00 --> 404 Page Not Found: Assets/images
ERROR - 2019-08-08 09:51:00 --> 404 Page Not Found: Assets/images
ERROR - 2019-08-08 09:51:14 --> 404 Page Not Found: Assets/js
ERROR - 2019-08-08 09:51:14 --> 404 Page Not Found: Assets/js
ERROR - 2019-08-08 09:51:16 --> 404 Page Not Found: Assets/js
ERROR - 2019-08-08 09:51:16 --> 404 Page Not Found: Assets/js
ERROR - 2019-08-08 09:51:20 --> 404 Page Not Found: Assets/js
ERROR - 2019-08-08 09:51:20 --> 404 Page Not Found: Assets/js
ERROR - 2019-08-08 09:52:31 --> 404 Page Not Found: Assets/js
ERROR - 2019-08-08 09:52:32 --> 404 Page Not Found: Assets/js
ERROR - 2019-08-08 09:53:55 --> 404 Page Not Found: Assets/js
ERROR - 2019-08-08 09:53:55 --> 404 Page Not Found: Assets/js
ERROR - 2019-08-08 09:54:03 --> 404 Page Not Found: Assets/js
ERROR - 2019-08-08 09:54:03 --> 404 Page Not Found: Assets/js
ERROR - 2019-08-08 09:55:18 --> 404 Page Not Found: Assets/js
ERROR - 2019-08-08 09:55:18 --> 404 Page Not Found: Assets/js
ERROR - 2019-08-08 09:55:26 --> 404 Page Not Found: Assets/images
ERROR - 2019-08-08 09:55:26 --> 404 Page Not Found: Assets/images
ERROR - 2019-08-08 09:55:29 --> 404 Page Not Found: Assets/images
ERROR - 2019-08-08 09:56:09 --> 404 Page Not Found: Assets/js
ERROR - 2019-08-08 09:56:09 --> 404 Page Not Found: Assets/js
ERROR - 2019-08-08 09:56:19 --> 404 Page Not Found: Assets/images
ERROR - 2019-08-08 09:56:19 --> 404 Page Not Found: Assets/images
ERROR - 2019-08-08 09:56:55 --> 404 Page Not Found: Assets/js
ERROR - 2019-08-08 09:56:55 --> 404 Page Not Found: Assets/js
ERROR - 2019-08-08 09:57:09 --> 404 Page Not Found: Assets/images
ERROR - 2019-08-08 09:57:09 --> 404 Page Not Found: Assets/images
ERROR - 2019-08-08 09:58:03 --> 404 Page Not Found: Assets/images
ERROR - 2019-08-08 09:58:03 --> 404 Page Not Found: Assets/images
ERROR - 2019-08-08 09:58:03 --> 404 Page Not Found: Assets/images
ERROR - 2019-08-08 10:00:09 --> 404 Page Not Found: Assets/images
ERROR - 2019-08-08 10:00:10 --> 404 Page Not Found: Assets/images
ERROR - 2019-08-08 10:00:10 --> 404 Page Not Found: Assets/images
ERROR - 2019-08-08 10:01:21 --> 404 Page Not Found: Assets/images
ERROR - 2019-08-08 10:01:22 --> 404 Page Not Found: Assets/js
ERROR - 2019-08-08 10:01:22 --> 404 Page Not Found: Assets/js
ERROR - 2019-08-08 10:01:37 --> 404 Page Not Found: Assets/js
ERROR - 2019-08-08 10:01:37 --> 404 Page Not Found: Assets/js
ERROR - 2019-08-08 10:01:46 --> 404 Page Not Found: Assets/images
ERROR - 2019-08-08 10:01:46 --> 404 Page Not Found: Assets/images
ERROR - 2019-08-08 10:01:51 --> 404 Page Not Found: Assets/images
ERROR - 2019-08-08 10:01:51 --> 404 Page Not Found: Assets/images
ERROR - 2019-08-08 10:01:53 --> 404 Page Not Found: Assets/images
ERROR - 2019-08-08 10:01:53 --> 404 Page Not Found: Assets/images
ERROR - 2019-08-08 10:02:41 --> 404 Page Not Found: Assets/js
ERROR - 2019-08-08 10:02:41 --> 404 Page Not Found: Assets/js
ERROR - 2019-08-08 10:04:19 --> 404 Page Not Found: Assets/js
ERROR - 2019-08-08 10:04:19 --> 404 Page Not Found: Assets/js
ERROR - 2019-08-08 10:04:38 --> 404 Page Not Found: Assets/js
ERROR - 2019-08-08 10:04:38 --> 404 Page Not Found: Assets/js
ERROR - 2019-08-08 10:05:30 --> 404 Page Not Found: Assets/js
ERROR - 2019-08-08 10:05:30 --> 404 Page Not Found: Assets/js
ERROR - 2019-08-08 10:05:55 --> 404 Page Not Found: Assets/js
ERROR - 2019-08-08 10:05:55 --> 404 Page Not Found: Assets/js
ERROR - 2019-08-08 10:07:25 --> 404 Page Not Found: Assets/js
ERROR - 2019-08-08 10:07:25 --> 404 Page Not Found: Assets/js
ERROR - 2019-08-08 10:07:26 --> 404 Page Not Found: Assets/js
ERROR - 2019-08-08 10:07:26 --> 404 Page Not Found: Assets/js
ERROR - 2019-08-08 10:08:11 --> 404 Page Not Found: Assets/js
ERROR - 2019-08-08 10:08:11 --> 404 Page Not Found: Assets/js
ERROR - 2019-08-08 10:12:35 --> 404 Page Not Found: Assets/js
ERROR - 2019-08-08 10:12:35 --> 404 Page Not Found: Assets/js
ERROR - 2019-08-08 10:15:01 --> 404 Page Not Found: Assets/js
ERROR - 2019-08-08 10:15:02 --> 404 Page Not Found: Assets/js
ERROR - 2019-08-08 10:21:24 --> 404 Page Not Found: Assets/js
ERROR - 2019-08-08 10:21:24 --> 404 Page Not Found: Assets/js
ERROR - 2019-08-08 10:29:26 --> 404 Page Not Found: Assets/js
ERROR - 2019-08-08 10:29:26 --> 404 Page Not Found: Assets/js
ERROR - 2019-08-08 10:41:16 --> 404 Page Not Found: Assets/js
ERROR - 2019-08-08 10:41:16 --> 404 Page Not Found: Assets/js
ERROR - 2019-08-08 10:41:29 --> 404 Page Not Found: Assets/js
ERROR - 2019-08-08 10:41:29 --> 404 Page Not Found: Assets/js
ERROR - 2019-08-08 10:42:35 --> 404 Page Not Found: Assets/js
ERROR - 2019-08-08 10:42:35 --> 404 Page Not Found: Assets/js
ERROR - 2019-08-08 10:47:02 --> 404 Page Not Found: Assets/js
ERROR - 2019-08-08 10:47:02 --> 404 Page Not Found: Assets/js
ERROR - 2019-08-08 10:48:40 --> 404 Page Not Found: Assets/js
ERROR - 2019-08-08 10:48:40 --> 404 Page Not Found: Assets/js
ERROR - 2019-08-08 10:50:17 --> 404 Page Not Found: Assets/js
ERROR - 2019-08-08 10:50:17 --> 404 Page Not Found: Assets/js
ERROR - 2019-08-08 10:57:15 --> 404 Page Not Found: Assets/js
ERROR - 2019-08-08 10:57:15 --> 404 Page Not Found: Assets/js
ERROR - 2019-08-08 10:57:16 --> 404 Page Not Found: Assets/js
ERROR - 2019-08-08 10:57:16 --> 404 Page Not Found: Assets/js
ERROR - 2019-08-08 10:58:12 --> 404 Page Not Found: Assets/js
ERROR - 2019-08-08 10:58:12 --> 404 Page Not Found: Assets/js
ERROR - 2019-08-08 10:58:13 --> 404 Page Not Found: Assets/js
ERROR - 2019-08-08 10:58:13 --> 404 Page Not Found: Assets/js
ERROR - 2019-08-08 11:00:12 --> 404 Page Not Found: Assets/js
ERROR - 2019-08-08 11:00:12 --> 404 Page Not Found: Assets/js
ERROR - 2019-08-08 11:04:46 --> 404 Page Not Found: Assets/js
ERROR - 2019-08-08 11:04:46 --> 404 Page Not Found: Assets/js
ERROR - 2019-08-08 13:51:38 --> 404 Page Not Found: Assets/js
ERROR - 2019-08-08 13:51:38 --> 404 Page Not Found: Assets/js
ERROR - 2019-08-08 14:01:08 --> 404 Page Not Found: Assets/js
ERROR - 2019-08-08 14:01:08 --> 404 Page Not Found: Assets/js
ERROR - 2019-08-08 14:01:12 --> 404 Page Not Found: Assets/js
ERROR - 2019-08-08 14:01:12 --> 404 Page Not Found: Assets/js
ERROR - 2019-08-08 14:01:54 --> 404 Page Not Found: Assets/js
ERROR - 2019-08-08 14:01:54 --> 404 Page Not Found: Assets/js
ERROR - 2019-08-08 14:07:04 --> 404 Page Not Found: Assets/js
ERROR - 2019-08-08 14:07:04 --> 404 Page Not Found: Assets/js
ERROR - 2019-08-08 14:08:57 --> 404 Page Not Found: Assets/js
ERROR - 2019-08-08 14:08:57 --> 404 Page Not Found: Assets/js
ERROR - 2019-08-08 14:09:12 --> 404 Page Not Found: Assets/js
ERROR - 2019-08-08 14:09:12 --> 404 Page Not Found: Assets/js
ERROR - 2019-08-08 14:10:02 --> 404 Page Not Found: Assets/js
ERROR - 2019-08-08 14:10:02 --> 404 Page Not Found: Assets/js
ERROR - 2019-08-08 14:13:43 --> 404 Page Not Found: Assets/js
ERROR - 2019-08-08 14:13:43 --> 404 Page Not Found: Assets/js
ERROR - 2019-08-08 14:16:11 --> 404 Page Not Found: Assets/js
ERROR - 2019-08-08 14:16:11 --> 404 Page Not Found: Assets/js
ERROR - 2019-08-08 14:17:04 --> 404 Page Not Found: Assets/js
ERROR - 2019-08-08 14:17:04 --> 404 Page Not Found: Assets/js
ERROR - 2019-08-08 14:17:17 --> 404 Page Not Found: Assets/js
ERROR - 2019-08-08 14:17:17 --> 404 Page Not Found: Assets/js
ERROR - 2019-08-08 14:17:31 --> 404 Page Not Found: Assets/js
ERROR - 2019-08-08 14:17:31 --> 404 Page Not Found: Assets/js
ERROR - 2019-08-08 14:18:22 --> 404 Page Not Found: Assets/js
ERROR - 2019-08-08 14:18:23 --> 404 Page Not Found: Assets/js
ERROR - 2019-08-08 14:19:31 --> 404 Page Not Found: Assets/js
ERROR - 2019-08-08 14:19:31 --> 404 Page Not Found: Assets/js
ERROR - 2019-08-08 14:19:32 --> 404 Page Not Found: Assets/js
ERROR - 2019-08-08 14:19:32 --> 404 Page Not Found: Assets/js
ERROR - 2019-08-08 14:20:36 --> 404 Page Not Found: Assets/js
ERROR - 2019-08-08 14:20:36 --> 404 Page Not Found: Assets/js
ERROR - 2019-08-08 14:21:21 --> 404 Page Not Found: Assets/js
ERROR - 2019-08-08 14:21:21 --> 404 Page Not Found: Assets/js
ERROR - 2019-08-08 14:21:22 --> 404 Page Not Found: Assets/js
ERROR - 2019-08-08 14:21:22 --> 404 Page Not Found: Assets/js
ERROR - 2019-08-08 14:27:44 --> 404 Page Not Found: Assets/js
ERROR - 2019-08-08 14:27:45 --> 404 Page Not Found: Assets/js
ERROR - 2019-08-08 14:32:02 --> 404 Page Not Found: Assets/js
ERROR - 2019-08-08 14:32:02 --> 404 Page Not Found: Assets/js
ERROR - 2019-08-08 14:33:46 --> 404 Page Not Found: Assets/js
ERROR - 2019-08-08 14:33:46 --> 404 Page Not Found: Assets/js
ERROR - 2019-08-08 14:34:29 --> 404 Page Not Found: Assets/js
ERROR - 2019-08-08 14:34:29 --> 404 Page Not Found: Assets/js
ERROR - 2019-08-08 14:35:20 --> 404 Page Not Found: Assets/js
ERROR - 2019-08-08 14:35:20 --> 404 Page Not Found: Assets/js
ERROR - 2019-08-08 14:35:59 --> 404 Page Not Found: Assets/js
ERROR - 2019-08-08 14:35:59 --> 404 Page Not Found: Assets/js
ERROR - 2019-08-08 14:38:18 --> 404 Page Not Found: Assets/js
ERROR - 2019-08-08 14:38:18 --> 404 Page Not Found: Assets/js
ERROR - 2019-08-08 14:41:44 --> 404 Page Not Found: Assets/js
ERROR - 2019-08-08 14:41:44 --> 404 Page Not Found: Assets/js
ERROR - 2019-08-08 14:48:29 --> 404 Page Not Found: Assets/js
ERROR - 2019-08-08 14:48:29 --> 404 Page Not Found: Assets/js
ERROR - 2019-08-08 14:48:48 --> 404 Page Not Found: Assets/js
ERROR - 2019-08-08 14:48:48 --> 404 Page Not Found: Assets/js
ERROR - 2019-08-08 14:53:54 --> 404 Page Not Found: Assets/js
ERROR - 2019-08-08 14:53:54 --> 404 Page Not Found: Assets/js
ERROR - 2019-08-08 14:58:02 --> 404 Page Not Found: Assets/js
ERROR - 2019-08-08 14:58:02 --> 404 Page Not Found: Assets/js
ERROR - 2019-08-08 15:00:13 --> 404 Page Not Found: Assets/js
ERROR - 2019-08-08 15:00:13 --> 404 Page Not Found: Assets/js
ERROR - 2019-08-08 15:00:14 --> 404 Page Not Found: Assets/js
ERROR - 2019-08-08 15:00:14 --> 404 Page Not Found: Assets/js
ERROR - 2019-08-08 15:04:00 --> 404 Page Not Found: Assets/js
ERROR - 2019-08-08 15:04:00 --> 404 Page Not Found: Assets/js
ERROR - 2019-08-08 15:07:46 --> 404 Page Not Found: Assets/js
ERROR - 2019-08-08 15:07:46 --> 404 Page Not Found: Assets/js
ERROR - 2019-08-08 15:07:59 --> 404 Page Not Found: Assets/js
ERROR - 2019-08-08 15:07:59 --> 404 Page Not Found: Assets/js
ERROR - 2019-08-08 15:08:55 --> 404 Page Not Found: Assets/js
ERROR - 2019-08-08 15:08:56 --> 404 Page Not Found: Assets/js
ERROR - 2019-08-08 15:09:05 --> Severity: error --> Exception: syntax error, unexpected '$query' (T_VARIABLE) C:\wamp64\www\webpedidos\application\models\funcionario\Funcionario_model.php 67
ERROR - 2019-08-08 15:09:25 --> 404 Page Not Found: Assets/js
ERROR - 2019-08-08 15:09:25 --> 404 Page Not Found: Assets/js
ERROR - 2019-08-08 15:09:36 --> 404 Page Not Found: Assets/js
ERROR - 2019-08-08 15:09:36 --> 404 Page Not Found: Assets/js
ERROR - 2019-08-08 15:09:37 --> 404 Page Not Found: Assets/js
ERROR - 2019-08-08 15:09:37 --> 404 Page Not Found: Assets/js
ERROR - 2019-08-08 15:10:57 --> 404 Page Not Found: Assets/js
ERROR - 2019-08-08 15:10:57 --> 404 Page Not Found: Assets/js
ERROR - 2019-08-08 15:11:46 --> 404 Page Not Found: Assets/js
ERROR - 2019-08-08 15:11:46 --> 404 Page Not Found: Assets/js
ERROR - 2019-08-08 15:12:07 --> 404 Page Not Found: Assets/js
ERROR - 2019-08-08 15:12:07 --> 404 Page Not Found: Assets/js
ERROR - 2019-08-08 15:15:49 --> 404 Page Not Found: Assets/js
ERROR - 2019-08-08 15:15:49 --> 404 Page Not Found: Assets/js
ERROR - 2019-08-08 15:16:51 --> 404 Page Not Found: Assets/js
ERROR - 2019-08-08 15:16:51 --> 404 Page Not Found: Assets/js
ERROR - 2019-08-08 15:17:29 --> 404 Page Not Found: Assets/js
ERROR - 2019-08-08 15:17:29 --> 404 Page Not Found: Assets/js
ERROR - 2019-08-08 15:17:59 --> 404 Page Not Found: Assets/js
ERROR - 2019-08-08 15:17:59 --> 404 Page Not Found: Assets/js
ERROR - 2019-08-08 15:23:06 --> 404 Page Not Found: Assets/js
ERROR - 2019-08-08 15:23:06 --> 404 Page Not Found: Assets/js
ERROR - 2019-08-08 15:25:33 --> 404 Page Not Found: Assets/js
ERROR - 2019-08-08 15:25:33 --> 404 Page Not Found: Assets/js
ERROR - 2019-08-08 15:29:45 --> 404 Page Not Found: Assets/js
ERROR - 2019-08-08 15:29:45 --> 404 Page Not Found: Assets/js
ERROR - 2019-08-08 15:35:50 --> 404 Page Not Found: Assets/js
ERROR - 2019-08-08 15:35:50 --> 404 Page Not Found: Assets/js
ERROR - 2019-08-08 15:36:19 --> 404 Page Not Found: Assets/js
ERROR - 2019-08-08 15:36:19 --> 404 Page Not Found: Assets/js
ERROR - 2019-08-08 15:38:37 --> 404 Page Not Found: Assets/js
ERROR - 2019-08-08 15:38:37 --> 404 Page Not Found: Assets/js
ERROR - 2019-08-08 15:39:29 --> 404 Page Not Found: Assets/js
ERROR - 2019-08-08 15:39:29 --> 404 Page Not Found: Assets/js
ERROR - 2019-08-08 15:39:34 --> Severity: Notice --> Undefined property: stdClass::$key_ghe C:\wamp64\www\webpedidos\application\controllers\funcionario\Funcionario.php 64
ERROR - 2019-08-08 15:39:34 --> Severity: Notice --> Undefined property: stdClass::$key_ghe C:\wamp64\www\webpedidos\application\controllers\funcionario\Funcionario.php 64
ERROR - 2019-08-08 15:39:34 --> Severity: Notice --> Undefined property: stdClass::$key_ghe C:\wamp64\www\webpedidos\application\controllers\funcionario\Funcionario.php 64
ERROR - 2019-08-08 15:39:34 --> Severity: Notice --> Undefined property: stdClass::$key_ghe C:\wamp64\www\webpedidos\application\controllers\funcionario\Funcionario.php 64
ERROR - 2019-08-08 15:39:34 --> Severity: Notice --> Undefined property: stdClass::$key_ghe C:\wamp64\www\webpedidos\application\controllers\funcionario\Funcionario.php 64
ERROR - 2019-08-08 15:40:33 --> 404 Page Not Found: Assets/js
ERROR - 2019-08-08 15:40:33 --> 404 Page Not Found: Assets/js
ERROR - 2019-08-08 15:46:38 --> 404 Page Not Found: Assets/js
ERROR - 2019-08-08 15:46:38 --> 404 Page Not Found: Assets/js
ERROR - 2019-08-08 15:46:59 --> 404 Page Not Found: Assets/js
ERROR - 2019-08-08 15:46:59 --> 404 Page Not Found: Assets/js
ERROR - 2019-08-08 15:53:00 --> 404 Page Not Found: Assets/js
ERROR - 2019-08-08 15:53:00 --> 404 Page Not Found: Assets/js
ERROR - 2019-08-08 15:53:52 --> 404 Page Not Found: Assets/js
ERROR - 2019-08-08 15:53:52 --> 404 Page Not Found: Assets/js
ERROR - 2019-08-08 15:54:07 --> 404 Page Not Found: Assets/js
ERROR - 2019-08-08 15:54:07 --> 404 Page Not Found: Assets/js
ERROR - 2019-08-08 15:54:56 --> 404 Page Not Found: Assets/js
ERROR - 2019-08-08 15:54:56 --> 404 Page Not Found: Assets/js
ERROR - 2019-08-08 15:56:21 --> 404 Page Not Found: Assets/js
ERROR - 2019-08-08 15:56:21 --> 404 Page Not Found: Assets/js
ERROR - 2019-08-08 15:57:50 --> 404 Page Not Found: Assets/js
ERROR - 2019-08-08 15:57:50 --> 404 Page Not Found: Assets/js
ERROR - 2019-08-08 15:57:59 --> 404 Page Not Found: Assets/images
ERROR - 2019-08-08 15:57:59 --> 404 Page Not Found: Assets/images
ERROR - 2019-08-08 15:58:19 --> 404 Page Not Found: Assets/images
ERROR - 2019-08-08 15:58:22 --> 404 Page Not Found: Assets/images
ERROR - 2019-08-08 15:59:14 --> 404 Page Not Found: Assets/images
ERROR - 2019-08-08 15:59:14 --> 404 Page Not Found: Assets/images
ERROR - 2019-08-08 15:59:14 --> 404 Page Not Found: Assets/images
ERROR - 2019-08-08 15:59:14 --> 404 Page Not Found: Assets/images
ERROR - 2019-08-08 15:59:15 --> 404 Page Not Found: Assets/images
ERROR - 2019-08-08 16:01:01 --> 404 Page Not Found: Assets/js
ERROR - 2019-08-08 16:01:01 --> 404 Page Not Found: Assets/js
ERROR - 2019-08-08 16:01:12 --> 404 Page Not Found: Assets/images
ERROR - 2019-08-08 16:01:12 --> 404 Page Not Found: Assets/images
ERROR - 2019-08-08 16:01:12 --> 404 Page Not Found: Assets/images
ERROR - 2019-08-08 16:01:53 --> 404 Page Not Found: Assets/js
ERROR - 2019-08-08 16:01:53 --> 404 Page Not Found: Assets/js
ERROR - 2019-08-08 16:02:02 --> 404 Page Not Found: Assets/images
ERROR - 2019-08-08 16:02:02 --> 404 Page Not Found: Assets/images
ERROR - 2019-08-08 16:03:01 --> 404 Page Not Found: Assets/images
ERROR - 2019-08-08 16:04:37 --> 404 Page Not Found: Assets/js
ERROR - 2019-08-08 16:04:37 --> 404 Page Not Found: Assets/js
ERROR - 2019-08-08 16:04:47 --> 404 Page Not Found: Assets/images
ERROR - 2019-08-08 16:04:47 --> 404 Page Not Found: Assets/images
ERROR - 2019-08-08 16:04:48 --> 404 Page Not Found: Assets/images
ERROR - 2019-08-08 16:04:48 --> 404 Page Not Found: Assets/images
ERROR - 2019-08-08 16:04:49 --> 404 Page Not Found: Assets/images
ERROR - 2019-08-08 16:04:49 --> 404 Page Not Found: Assets/images
ERROR - 2019-08-08 16:05:42 --> 404 Page Not Found: Assets/js
ERROR - 2019-08-08 16:05:42 --> 404 Page Not Found: Assets/js
ERROR - 2019-08-08 16:05:53 --> 404 Page Not Found: Assets/images
ERROR - 2019-08-08 16:05:53 --> 404 Page Not Found: Assets/images
ERROR - 2019-08-08 16:05:53 --> 404 Page Not Found: Assets/images
ERROR - 2019-08-08 16:05:53 --> 404 Page Not Found: Assets/images
ERROR - 2019-08-08 16:05:53 --> 404 Page Not Found: Assets/images
ERROR - 2019-08-08 16:05:54 --> 404 Page Not Found: Assets/images
ERROR - 2019-08-08 16:05:54 --> 404 Page Not Found: Assets/images
ERROR - 2019-08-08 16:05:58 --> 404 Page Not Found: Assets/images
ERROR - 2019-08-08 16:05:58 --> 404 Page Not Found: Assets/images
ERROR - 2019-08-08 16:06:04 --> 404 Page Not Found: Assets/images
ERROR - 2019-08-08 16:06:04 --> 404 Page Not Found: Assets/images
ERROR - 2019-08-08 16:06:12 --> 404 Page Not Found: Assets/images
ERROR - 2019-08-08 16:06:12 --> 404 Page Not Found: Assets/images
ERROR - 2019-08-08 16:06:12 --> 404 Page Not Found: Assets/images
ERROR - 2019-08-08 16:06:12 --> 404 Page Not Found: Assets/images
ERROR - 2019-08-08 16:06:13 --> 404 Page Not Found: Assets/images
ERROR - 2019-08-08 16:06:13 --> 404 Page Not Found: Assets/images
ERROR - 2019-08-08 16:06:22 --> 404 Page Not Found: Assets/js
ERROR - 2019-08-08 16:06:22 --> 404 Page Not Found: Assets/js
ERROR - 2019-08-08 16:10:05 --> 404 Page Not Found: Assets/js
ERROR - 2019-08-08 16:10:06 --> 404 Page Not Found: Assets/js
ERROR - 2019-08-08 16:10:54 --> 404 Page Not Found: Assets/images
ERROR - 2019-08-08 16:10:54 --> 404 Page Not Found: Assets/images
ERROR - 2019-08-08 16:10:54 --> 404 Page Not Found: Assets/images
ERROR - 2019-08-08 16:10:56 --> 404 Page Not Found: Assets/images
ERROR - 2019-08-08 16:11:00 --> 404 Page Not Found: Assets/images
ERROR - 2019-08-08 16:11:00 --> 404 Page Not Found: Assets/images
ERROR - 2019-08-08 16:11:01 --> 404 Page Not Found: Assets/images
ERROR - 2019-08-08 16:11:02 --> 404 Page Not Found: Assets/images
ERROR - 2019-08-08 16:11:03 --> 404 Page Not Found: Assets/images
ERROR - 2019-08-08 16:11:08 --> 404 Page Not Found: Assets/images
ERROR - 2019-08-08 16:11:08 --> 404 Page Not Found: Assets/images
ERROR - 2019-08-08 16:11:08 --> 404 Page Not Found: Assets/images
ERROR - 2019-08-08 16:11:09 --> 404 Page Not Found: Assets/images
ERROR - 2019-08-08 16:11:11 --> 404 Page Not Found: Assets/images
ERROR - 2019-08-08 16:11:11 --> 404 Page Not Found: Assets/images
ERROR - 2019-08-08 16:11:23 --> Could not find the language line "insert_batch() called with no data"
ERROR - 2019-08-08 16:13:02 --> 404 Page Not Found: Assets/images
ERROR - 2019-08-08 16:13:02 --> 404 Page Not Found: Assets/images
ERROR - 2019-08-08 16:13:02 --> 404 Page Not Found: Assets/images
ERROR - 2019-08-08 16:13:05 --> 404 Page Not Found: Assets/images
ERROR - 2019-08-08 16:13:05 --> 404 Page Not Found: Assets/images
ERROR - 2019-08-08 16:13:06 --> 404 Page Not Found: Assets/images
ERROR - 2019-08-08 16:13:25 --> 404 Page Not Found: Assets/js
ERROR - 2019-08-08 16:13:25 --> 404 Page Not Found: Assets/js
ERROR - 2019-08-08 16:13:56 --> 404 Page Not Found: Assets/images
ERROR - 2019-08-08 16:13:56 --> 404 Page Not Found: Assets/images
ERROR - 2019-08-08 16:13:57 --> 404 Page Not Found: Assets/images
ERROR - 2019-08-08 16:13:57 --> 404 Page Not Found: Assets/images
ERROR - 2019-08-08 16:13:58 --> 404 Page Not Found: Assets/images
ERROR - 2019-08-08 16:14:00 --> 404 Page Not Found: Assets/images
ERROR - 2019-08-08 16:14:46 --> 404 Page Not Found: Assets/images
ERROR - 2019-08-08 16:15:46 --> 404 Page Not Found: Assets/images
ERROR - 2019-08-08 16:15:46 --> 404 Page Not Found: Assets/images
ERROR - 2019-08-08 16:16:23 --> 404 Page Not Found: Assets/images
ERROR - 2019-08-08 16:16:23 --> 404 Page Not Found: Assets/images
ERROR - 2019-08-08 16:16:23 --> 404 Page Not Found: Assets/images
ERROR - 2019-08-08 16:16:37 --> 404 Page Not Found: Assets/js
ERROR - 2019-08-08 16:16:37 --> 404 Page Not Found: Assets/js
ERROR - 2019-08-08 16:17:43 --> 404 Page Not Found: Assets/js
ERROR - 2019-08-08 16:17:43 --> 404 Page Not Found: Assets/js
ERROR - 2019-08-08 16:19:18 --> 404 Page Not Found: Assets/js
ERROR - 2019-08-08 16:19:18 --> 404 Page Not Found: Assets/js
ERROR - 2019-08-08 16:19:35 --> 404 Page Not Found: Assets/js
ERROR - 2019-08-08 16:19:35 --> 404 Page Not Found: Assets/js
ERROR - 2019-08-08 16:21:13 --> 404 Page Not Found: Assets/js
ERROR - 2019-08-08 16:21:13 --> 404 Page Not Found: Assets/js
ERROR - 2019-08-08 16:23:03 --> 404 Page Not Found: Assets/js
ERROR - 2019-08-08 16:23:03 --> 404 Page Not Found: Assets/js
ERROR - 2019-08-08 16:23:22 --> 404 Page Not Found: Assets/images
ERROR - 2019-08-08 16:23:22 --> 404 Page Not Found: Assets/images
ERROR - 2019-08-08 16:23:23 --> 404 Page Not Found: Assets/images
ERROR - 2019-08-08 16:23:28 --> 404 Page Not Found: Assets/images
ERROR - 2019-08-08 16:23:28 --> 404 Page Not Found: Assets/images
ERROR - 2019-08-08 16:23:29 --> 404 Page Not Found: Assets/images
ERROR - 2019-08-08 16:23:47 --> 404 Page Not Found: Assets/images
ERROR - 2019-08-08 16:23:47 --> 404 Page Not Found: Assets/images
ERROR - 2019-08-08 16:24:00 --> 404 Page Not Found: Assets/js
ERROR - 2019-08-08 16:24:00 --> 404 Page Not Found: Assets/js
ERROR - 2019-08-08 16:24:34 --> 404 Page Not Found: Assets/images
ERROR - 2019-08-08 16:24:34 --> 404 Page Not Found: Assets/images
ERROR - 2019-08-08 16:24:36 --> 404 Page Not Found: Assets/images
ERROR - 2019-08-08 16:24:36 --> 404 Page Not Found: Assets/images
ERROR - 2019-08-08 16:24:38 --> 404 Page Not Found: Assets/images
ERROR - 2019-08-08 16:24:38 --> 404 Page Not Found: Assets/images
ERROR - 2019-08-08 16:24:38 --> 404 Page Not Found: Assets/images
ERROR - 2019-08-08 16:24:39 --> 404 Page Not Found: Assets/images
ERROR - 2019-08-08 16:24:39 --> 404 Page Not Found: Assets/images
ERROR - 2019-08-08 16:24:39 --> 404 Page Not Found: Assets/images
ERROR - 2019-08-08 16:24:59 --> 404 Page Not Found: Assets/js
ERROR - 2019-08-08 16:24:59 --> 404 Page Not Found: Assets/js
ERROR - 2019-08-08 16:26:05 --> 404 Page Not Found: Assets/images
ERROR - 2019-08-08 16:26:05 --> 404 Page Not Found: Assets/images
ERROR - 2019-08-08 16:26:10 --> 404 Page Not Found: Assets/images
ERROR - 2019-08-08 16:26:10 --> 404 Page Not Found: Assets/images
ERROR - 2019-08-08 16:26:15 --> 404 Page Not Found: Assets/images
ERROR - 2019-08-08 16:26:16 --> 404 Page Not Found: Assets/images
ERROR - 2019-08-08 16:26:16 --> 404 Page Not Found: Assets/images
ERROR - 2019-08-08 16:26:20 --> 404 Page Not Found: Assets/js
ERROR - 2019-08-08 16:26:20 --> 404 Page Not Found: Assets/js
ERROR - 2019-08-08 16:26:29 --> 404 Page Not Found: Assets/images
ERROR - 2019-08-08 16:26:29 --> 404 Page Not Found: Assets/images
ERROR - 2019-08-08 16:26:30 --> 404 Page Not Found: Assets/images
ERROR - 2019-08-08 16:26:30 --> 404 Page Not Found: Assets/images
ERROR - 2019-08-08 16:26:34 --> 404 Page Not Found: Assets/images
ERROR - 2019-08-08 16:26:34 --> 404 Page Not Found: Assets/images
ERROR - 2019-08-08 16:26:36 --> 404 Page Not Found: Assets/images
ERROR - 2019-08-08 16:26:36 --> 404 Page Not Found: Assets/images
ERROR - 2019-08-08 16:26:37 --> 404 Page Not Found: Assets/images
ERROR - 2019-08-08 16:26:37 --> 404 Page Not Found: Assets/images
ERROR - 2019-08-08 16:26:47 --> 404 Page Not Found: Assets/js
ERROR - 2019-08-08 16:26:47 --> 404 Page Not Found: Assets/js
ERROR - 2019-08-08 16:26:50 --> 404 Page Not Found: Assets/js
ERROR - 2019-08-08 16:26:50 --> 404 Page Not Found: Assets/js
ERROR - 2019-08-08 16:27:06 --> 404 Page Not Found: Assets/js
ERROR - 2019-08-08 16:27:06 --> 404 Page Not Found: Assets/js
ERROR - 2019-08-08 16:29:02 --> 404 Page Not Found: Assets/images
ERROR - 2019-08-08 16:29:02 --> 404 Page Not Found: Assets/images
ERROR - 2019-08-08 16:29:02 --> 404 Page Not Found: Assets/images
ERROR - 2019-08-08 16:29:02 --> 404 Page Not Found: Assets/images
ERROR - 2019-08-08 16:29:02 --> 404 Page Not Found: Assets/images
ERROR - 2019-08-08 16:29:02 --> 404 Page Not Found: Assets/images
ERROR - 2019-08-08 16:29:06 --> 404 Page Not Found: Assets/images
ERROR - 2019-08-08 16:29:06 --> 404 Page Not Found: Assets/images
ERROR - 2019-08-08 16:29:06 --> 404 Page Not Found: Assets/images
ERROR - 2019-08-08 16:29:11 --> 404 Page Not Found: Assets/images
ERROR - 2019-08-08 16:29:11 --> 404 Page Not Found: Assets/images
ERROR - 2019-08-08 16:29:11 --> 404 Page Not Found: Assets/images
ERROR - 2019-08-08 16:29:25 --> 404 Page Not Found: Assets/images
ERROR - 2019-08-08 16:29:25 --> 404 Page Not Found: Assets/images
ERROR - 2019-08-08 16:29:25 --> 404 Page Not Found: Assets/images
ERROR - 2019-08-08 16:29:27 --> 404 Page Not Found: Assets/images
ERROR - 2019-08-08 16:29:27 --> 404 Page Not Found: Assets/images
ERROR - 2019-08-08 16:29:27 --> 404 Page Not Found: Assets/images
ERROR - 2019-08-08 16:29:28 --> 404 Page Not Found: Assets/images
ERROR - 2019-08-08 16:29:28 --> 404 Page Not Found: Assets/images
ERROR - 2019-08-08 16:29:31 --> 404 Page Not Found: Assets/images
ERROR - 2019-08-08 16:29:31 --> 404 Page Not Found: Assets/images
ERROR - 2019-08-08 16:29:31 --> 404 Page Not Found: Assets/images
ERROR - 2019-08-08 16:31:05 --> 404 Page Not Found: Assets/js
ERROR - 2019-08-08 16:31:05 --> 404 Page Not Found: Assets/js
ERROR - 2019-08-08 16:32:28 --> 404 Page Not Found: Assets/js
ERROR - 2019-08-08 16:32:28 --> 404 Page Not Found: Assets/js
ERROR - 2019-08-08 16:33:48 --> 404 Page Not Found: Assets/js
ERROR - 2019-08-08 16:33:48 --> 404 Page Not Found: Assets/js
ERROR - 2019-08-08 16:33:58 --> 404 Page Not Found: Assets/images
ERROR - 2019-08-08 16:33:58 --> 404 Page Not Found: Assets/images
ERROR - 2019-08-08 16:47:10 --> 404 Page Not Found: Assets/images
ERROR - 2019-08-08 16:47:10 --> 404 Page Not Found: Assets/images
ERROR - 2019-08-08 16:47:11 --> 404 Page Not Found: Assets/images
