ERROR - 2020-01-21 13:39:41 --> Query error: ERRO:  relação "vendas" não existe
LINE 2: FROM "vendas" "v"
             ^ - Invalid query: SELECT DISTINCT "rm", "recebido"
FROM "vendas" "v"
WHERE "v"."key_funcionarios" = ''
AND "v"."key_clientes" = ''
ERROR - 2020-01-21 13:56:36 --> Query error: ERRO:  relação "vendas" não existe
LINE 2: FROM "vendas" "v"
             ^ - Invalid query: SELECT DISTINCT "rm", "recebido"
FROM "vendas" "v"
WHERE "v"."key_funcionarios" = ''
AND "v"."key_clientes" = ''
ERROR - 2020-01-21 13:56:38 --> 404 Page Not Found: Receebimento/index
ERROR - 2020-01-21 13:56:44 --> 404 Page Not Found: Receebimento/index
ERROR - 2020-01-21 13:56:47 --> Query error: ERRO:  relação "vendas" não existe
LINE 2: FROM "vendas" "v"
             ^ - Invalid query: SELECT DISTINCT "rm", "recebido"
FROM "vendas" "v"
WHERE "v"."key_funcionarios" = ''
AND "v"."key_clientes" = ''
ERROR - 2020-01-21 13:56:57 --> Query error: ERRO:  relação "vendas" não existe
LINE 2: FROM "vendas" "v"
             ^ - Invalid query: SELECT DISTINCT "rm", "recebido"
FROM "vendas" "v"
WHERE "v"."key_funcionarios" = ''
AND "v"."key_clientes" = ''
ERROR - 2020-01-21 14:01:22 --> Query error: ERRO:  relação "vendas" não existe
LINE 2: FROM "vendas" "v"
             ^ - Invalid query: SELECT DISTINCT "rm", "recebido"
FROM "vendas" "v"
WHERE "v"."key_funcionarios" = ''
AND "v"."key_clientes" = ''
ERROR - 2020-01-21 14:01:28 --> Query error: ERRO:  relação "vendas" não existe
LINE 2: FROM "vendas" "v"
             ^ - Invalid query: SELECT DISTINCT "rm", "recebido"
FROM "vendas" "v"
WHERE "v"."key_funcionarios" = ''
AND "v"."key_clientes" = ''
ERROR - 2020-01-21 14:02:59 --> Query error: ERRO:  relação "vendas" não existe
LINE 2: FROM "vendas" "v"
             ^ - Invalid query: SELECT DISTINCT "rm", "recebido"
FROM "vendas" "v"
WHERE "v"."key_funcionarios" = ''
AND "v"."key_clientes" = ''
ERROR - 2020-01-21 14:04:59 --> Severity: Notice --> Undefined index: _Access C:\wamp64\www\webpedidos\application\controllers\recebimento\Recebimento.php 175
ERROR - 2020-01-21 14:05:03 --> Severity: Notice --> Undefined index: _Access C:\wamp64\www\webpedidos\application\controllers\recebimento\Recebimento.php 175
ERROR - 2020-01-21 14:05:38 --> Severity: Notice --> Undefined index: _Access C:\wamp64\www\webpedidos\application\controllers\recebimento\Recebimento.php 175
ERROR - 2020-01-21 14:06:26 --> Severity: Notice --> Undefined index: _Token_Access C:\wamp64\www\webpedidos\application\controllers\recebimento\Recebimento.php 175
ERROR - 2020-01-21 14:06:32 --> Severity: Notice --> Undefined index: _Token_Access C:\wamp64\www\webpedidos\application\controllers\recebimento\Recebimento.php 175
