ERROR - 2020-02-06 10:35:49 --> 404 Page Not Found: Assets/js
ERROR - 2020-02-06 10:35:49 --> 404 Page Not Found: Assets/js
ERROR - 2020-02-06 10:37:13 --> 404 Page Not Found: Assets/js
ERROR - 2020-02-06 10:37:13 --> 404 Page Not Found: Assets/js
ERROR - 2020-02-06 10:41:46 --> 404 Page Not Found: Assets/js
ERROR - 2020-02-06 10:41:46 --> 404 Page Not Found: Assets/js
ERROR - 2020-02-06 10:42:07 --> 404 Page Not Found: Assets/js
ERROR - 2020-02-06 10:42:07 --> 404 Page Not Found: Assets/js
ERROR - 2020-02-06 10:43:09 --> 404 Page Not Found: Assets/js
ERROR - 2020-02-06 10:43:09 --> 404 Page Not Found: Assets/js
ERROR - 2020-02-06 10:43:28 --> 404 Page Not Found: Assets/js
ERROR - 2020-02-06 10:43:28 --> 404 Page Not Found: Assets/js
ERROR - 2020-02-06 10:45:32 --> 404 Page Not Found: Assets/js
ERROR - 2020-02-06 10:45:32 --> 404 Page Not Found: Assets/js
ERROR - 2020-02-06 10:47:38 --> 404 Page Not Found: Assets/js
ERROR - 2020-02-06 10:47:38 --> 404 Page Not Found: Assets/js
ERROR - 2020-02-06 10:55:50 --> 404 Page Not Found: Assets/js
ERROR - 2020-02-06 10:55:50 --> 404 Page Not Found: Assets/js
ERROR - 2020-02-06 10:55:54 --> 404 Page Not Found: Assets/js
ERROR - 2020-02-06 10:55:54 --> 404 Page Not Found: Assets/js
ERROR - 2020-02-06 10:56:10 --> 404 Page Not Found: Assets/js
ERROR - 2020-02-06 10:56:10 --> 404 Page Not Found: Assets/js
ERROR - 2020-02-06 10:56:34 --> 404 Page Not Found: Assets/js
ERROR - 2020-02-06 10:56:34 --> 404 Page Not Found: Assets/js
ERROR - 2020-02-06 11:14:18 --> 404 Page Not Found: Assets/js
ERROR - 2020-02-06 11:14:18 --> 404 Page Not Found: Assets/js
ERROR - 2020-02-06 11:14:40 --> 404 Page Not Found: Assets/js
ERROR - 2020-02-06 11:14:40 --> 404 Page Not Found: Assets/js
ERROR - 2020-02-06 11:14:54 --> 404 Page Not Found: Assets/js
ERROR - 2020-02-06 11:14:54 --> 404 Page Not Found: Assets/js
ERROR - 2020-02-06 11:15:12 --> 404 Page Not Found: Assets/js
ERROR - 2020-02-06 11:15:12 --> 404 Page Not Found: Assets/js
ERROR - 2020-02-06 11:16:11 --> 404 Page Not Found: Assets/js
ERROR - 2020-02-06 11:16:11 --> 404 Page Not Found: Assets/js
ERROR - 2020-02-06 11:16:23 --> 404 Page Not Found: Assets/js
ERROR - 2020-02-06 11:16:23 --> 404 Page Not Found: Assets/js
ERROR - 2020-02-06 11:46:18 --> 404 Page Not Found: Assets/js
ERROR - 2020-02-06 11:46:18 --> 404 Page Not Found: Assets/js
ERROR - 2020-02-06 11:46:29 --> 404 Page Not Found: Assets/js
ERROR - 2020-02-06 11:46:30 --> 404 Page Not Found: Assets/js
ERROR - 2020-02-06 11:46:34 --> 404 Page Not Found: Assets/js
ERROR - 2020-02-06 11:46:34 --> 404 Page Not Found: Assets/js
ERROR - 2020-02-06 11:46:38 --> 404 Page Not Found: Assets/js
ERROR - 2020-02-06 11:46:38 --> 404 Page Not Found: Assets/js
ERROR - 2020-02-06 15:08:30 --> Severity: 4096 --> Object of class CI_DB_pdo_result could not be converted to string C:\wamp64\www\webpedidos\application\models\pedido\Requisicao_model.php 338
ERROR - 2020-02-06 15:08:31 --> Severity: 4096 --> Object of class CI_DB_pdo_result could not be converted to string C:\wamp64\www\webpedidos\application\models\pedido\Requisicao_model.php 338
ERROR - 2020-02-06 15:08:32 --> Severity: 4096 --> Object of class CI_DB_pdo_result could not be converted to string C:\wamp64\www\webpedidos\application\models\pedido\Requisicao_model.php 338
ERROR - 2020-02-06 15:08:32 --> Severity: 4096 --> Object of class CI_DB_pdo_result could not be converted to string C:\wamp64\www\webpedidos\application\models\pedido\Requisicao_model.php 338
ERROR - 2020-02-06 15:08:33 --> Severity: 4096 --> Object of class CI_DB_pdo_result could not be converted to string C:\wamp64\www\webpedidos\application\models\pedido\Requisicao_model.php 338
ERROR - 2020-02-06 15:08:33 --> Severity: 4096 --> Object of class CI_DB_pdo_result could not be converted to string C:\wamp64\www\webpedidos\application\models\pedido\Requisicao_model.php 338
ERROR - 2020-02-06 15:13:59 --> Severity: Notice --> Array to string conversion C:\wamp64\www\webpedidos\application\models\pedido\Requisicao_model.php 337
ERROR - 2020-02-06 15:13:59 --> Severity: Notice --> Array to string conversion C:\wamp64\www\webpedidos\application\models\pedido\Requisicao_model.php 337
ERROR - 2020-02-06 15:14:00 --> Severity: Notice --> Array to string conversion C:\wamp64\www\webpedidos\application\models\pedido\Requisicao_model.php 337
ERROR - 2020-02-06 15:14:00 --> Severity: Notice --> Array to string conversion C:\wamp64\www\webpedidos\application\models\pedido\Requisicao_model.php 337
ERROR - 2020-02-06 15:14:00 --> Severity: Notice --> Array to string conversion C:\wamp64\www\webpedidos\application\models\pedido\Requisicao_model.php 337
ERROR - 2020-02-06 15:14:00 --> Severity: Notice --> Array to string conversion C:\wamp64\www\webpedidos\application\models\pedido\Requisicao_model.php 337
ERROR - 2020-02-06 15:14:54 --> Severity: error --> Exception: Call to undefined method CI_DB_pdo_pgsql_driver::result() C:\wamp64\www\webpedidos\application\models\pedido\Requisicao_model.php 335
ERROR - 2020-02-06 15:14:55 --> Severity: error --> Exception: Call to undefined method CI_DB_pdo_pgsql_driver::result() C:\wamp64\www\webpedidos\application\models\pedido\Requisicao_model.php 335
ERROR - 2020-02-06 15:14:55 --> Severity: error --> Exception: Call to undefined method CI_DB_pdo_pgsql_driver::result() C:\wamp64\www\webpedidos\application\models\pedido\Requisicao_model.php 335
ERROR - 2020-02-06 15:14:55 --> Severity: error --> Exception: Call to undefined method CI_DB_pdo_pgsql_driver::result() C:\wamp64\www\webpedidos\application\models\pedido\Requisicao_model.php 335
ERROR - 2020-02-06 15:14:55 --> Severity: error --> Exception: Call to undefined method CI_DB_pdo_pgsql_driver::result() C:\wamp64\www\webpedidos\application\models\pedido\Requisicao_model.php 335
ERROR - 2020-02-06 15:14:55 --> Severity: error --> Exception: Call to undefined method CI_DB_pdo_pgsql_driver::result() C:\wamp64\www\webpedidos\application\models\pedido\Requisicao_model.php 335
ERROR - 2020-02-06 15:36:32 --> Query error: ERRO:  coluna "key_fun2cionarios_solicitante" não existe
LINE 3: WHERE "key_fun2cionarios_solicitante" = '33100093'
              ^
HINT:  Perhaps you meant to reference the column "pedidos.key_funcionarios_solicitante". - Invalid query: SELECT "numero"
FROM "pedidos"
WHERE "key_fun2cionarios_solicitante" = '33100093'
AND "key_funcionarios" = '33100093'
AND extract (month from data_emissao) = '2'
AND extract (year from data_emissao) = '2020'
ERROR - 2020-02-06 15:36:33 --> Query error: ERRO:  coluna "key_fun2cionarios_solicitante" não existe
LINE 3: WHERE "key_fun2cionarios_solicitante" = '33100093'
              ^
HINT:  Perhaps you meant to reference the column "pedidos.key_funcionarios_solicitante". - Invalid query: SELECT "numero"
FROM "pedidos"
WHERE "key_fun2cionarios_solicitante" = '33100093'
AND "key_funcionarios" = '33100093'
AND extract (month from data_emissao) = '1'
AND extract (year from data_emissao) = '2020'
ERROR - 2020-02-06 15:36:33 --> Query error: ERRO:  coluna "key_fun2cionarios_solicitante" não existe
LINE 3: WHERE "key_fun2cionarios_solicitante" = '33100093'
              ^
HINT:  Perhaps you meant to reference the column "pedidos.key_funcionarios_solicitante". - Invalid query: SELECT "numero"
FROM "pedidos"
WHERE "key_fun2cionarios_solicitante" = '33100093'
AND "key_funcionarios" = '33100093'
AND extract (month from data_emissao) = '12'
AND extract (year from data_emissao) = '2019'
ERROR - 2020-02-06 15:36:33 --> Query error: ERRO:  coluna "key_fun2cionarios_solicitante" não existe
LINE 3: WHERE "key_fun2cionarios_solicitante" = '33100093'
              ^
HINT:  Perhaps you meant to reference the column "pedidos.key_funcionarios_solicitante". - Invalid query: SELECT "numero"
FROM "pedidos"
WHERE "key_fun2cionarios_solicitante" = '33100093'
AND "key_funcionarios" = '33100093'
AND extract (month from data_emissao) = '11'
AND extract (year from data_emissao) = '2019'
ERROR - 2020-02-06 15:36:33 --> Query error: ERRO:  coluna "key_fun2cionarios_solicitante" não existe
LINE 3: WHERE "key_fun2cionarios_solicitante" = '33100093'
              ^
HINT:  Perhaps you meant to reference the column "pedidos.key_funcionarios_solicitante". - Invalid query: SELECT "numero"
FROM "pedidos"
WHERE "key_fun2cionarios_solicitante" = '33100093'
AND "key_funcionarios" = '33100093'
AND extract (month from data_emissao) = '10'
AND extract (year from data_emissao) = '2019'
ERROR - 2020-02-06 15:36:34 --> Query error: ERRO:  coluna "key_fun2cionarios_solicitante" não existe
LINE 3: WHERE "key_fun2cionarios_solicitante" = '33100093'
              ^
HINT:  Perhaps you meant to reference the column "pedidos.key_funcionarios_solicitante". - Invalid query: SELECT "numero"
FROM "pedidos"
WHERE "key_fun2cionarios_solicitante" = '33100093'
AND "key_funcionarios" = '33100093'
AND extract (month from data_emissao) = '9'
AND extract (year from data_emissao) = '2019'
ERROR - 2020-02-06 15:51:52 --> 404 Page Not Found: Assets/js
ERROR - 2020-02-06 15:51:52 --> 404 Page Not Found: Assets/js
ERROR - 2020-02-06 15:53:12 --> 404 Page Not Found: Assets/js
ERROR - 2020-02-06 15:53:12 --> 404 Page Not Found: Assets/js
ERROR - 2020-02-06 15:53:16 --> 404 Page Not Found: Assets/js
ERROR - 2020-02-06 15:53:16 --> 404 Page Not Found: Assets/js
ERROR - 2020-02-06 15:53:35 --> 404 Page Not Found: Assets/js
ERROR - 2020-02-06 15:53:35 --> 404 Page Not Found: Assets/js
ERROR - 2020-02-06 16:03:40 --> 404 Page Not Found: Assets/js
ERROR - 2020-02-06 16:03:40 --> 404 Page Not Found: Assets/js
ERROR - 2020-02-06 16:04:07 --> 404 Page Not Found: Assets/js
ERROR - 2020-02-06 16:04:07 --> 404 Page Not Found: Assets/js
ERROR - 2020-02-06 16:05:19 --> 404 Page Not Found: Assets/js
ERROR - 2020-02-06 16:05:19 --> 404 Page Not Found: Assets/js
ERROR - 2020-02-06 16:05:37 --> 404 Page Not Found: Assets/js
ERROR - 2020-02-06 16:05:37 --> 404 Page Not Found: Assets/js
ERROR - 2020-02-06 16:07:37 --> 404 Page Not Found: Assets/js
ERROR - 2020-02-06 16:07:37 --> 404 Page Not Found: Assets/js
ERROR - 2020-02-06 16:07:45 --> 404 Page Not Found: Assets/js
ERROR - 2020-02-06 16:07:45 --> 404 Page Not Found: Assets/js
ERROR - 2020-02-06 16:08:00 --> 404 Page Not Found: Assets/js
ERROR - 2020-02-06 16:08:00 --> 404 Page Not Found: Assets/js
ERROR - 2020-02-06 16:08:25 --> 404 Page Not Found: Assets/js
ERROR - 2020-02-06 16:08:25 --> 404 Page Not Found: Assets/js
ERROR - 2020-02-06 16:12:24 --> 404 Page Not Found: Assets/js
ERROR - 2020-02-06 16:12:24 --> 404 Page Not Found: Assets/js
ERROR - 2020-02-06 16:12:26 --> 404 Page Not Found: Assets/js
ERROR - 2020-02-06 16:12:27 --> 404 Page Not Found: Assets/js
ERROR - 2020-02-06 16:12:29 --> 404 Page Not Found: Assets/js
ERROR - 2020-02-06 16:12:29 --> 404 Page Not Found: Assets/js
ERROR - 2020-02-06 16:12:31 --> 404 Page Not Found: Assets/js
ERROR - 2020-02-06 16:12:31 --> 404 Page Not Found: Assets/js
ERROR - 2020-02-06 16:12:36 --> 404 Page Not Found: Assets/js
ERROR - 2020-02-06 16:12:36 --> 404 Page Not Found: Assets/js
ERROR - 2020-02-06 16:12:46 --> 404 Page Not Found: Assets/js
ERROR - 2020-02-06 16:12:46 --> 404 Page Not Found: Assets/js
ERROR - 2020-02-06 16:12:49 --> 404 Page Not Found: Assets/js
ERROR - 2020-02-06 16:12:49 --> 404 Page Not Found: Assets/js
ERROR - 2020-02-06 16:13:14 --> 404 Page Not Found: Assets/js
ERROR - 2020-02-06 16:13:14 --> 404 Page Not Found: Assets/js
ERROR - 2020-02-06 16:13:56 --> 404 Page Not Found: Assets/js
ERROR - 2020-02-06 16:13:56 --> 404 Page Not Found: Assets/js
ERROR - 2020-02-06 16:14:06 --> 404 Page Not Found: Assets/js
ERROR - 2020-02-06 16:14:06 --> 404 Page Not Found: Assets/js
ERROR - 2020-02-06 16:14:27 --> 404 Page Not Found: Assets/js
ERROR - 2020-02-06 16:14:27 --> 404 Page Not Found: Assets/js
ERROR - 2020-02-06 16:15:06 --> 404 Page Not Found: Assets/js
ERROR - 2020-02-06 16:15:06 --> 404 Page Not Found: Assets/js
ERROR - 2020-02-06 16:15:36 --> 404 Page Not Found: Assets/js
ERROR - 2020-02-06 16:15:36 --> 404 Page Not Found: Assets/js
ERROR - 2020-02-06 16:15:44 --> 404 Page Not Found: Assets/js
ERROR - 2020-02-06 16:15:44 --> 404 Page Not Found: Assets/js
ERROR - 2020-02-06 16:16:01 --> 404 Page Not Found: Assets/js
ERROR - 2020-02-06 16:16:01 --> 404 Page Not Found: Assets/js
ERROR - 2020-02-06 16:16:18 --> 404 Page Not Found: Assets/js
ERROR - 2020-02-06 16:16:18 --> 404 Page Not Found: Assets/js
ERROR - 2020-02-06 16:16:47 --> 404 Page Not Found: Assets/js
ERROR - 2020-02-06 16:16:47 --> 404 Page Not Found: Assets/js
ERROR - 2020-02-06 16:16:57 --> 404 Page Not Found: Assets/js
ERROR - 2020-02-06 16:16:57 --> 404 Page Not Found: Assets/js
ERROR - 2020-02-06 16:17:03 --> 404 Page Not Found: Assets/js
ERROR - 2020-02-06 16:17:03 --> 404 Page Not Found: Assets/js
ERROR - 2020-02-06 16:18:21 --> 404 Page Not Found: Assets/js
ERROR - 2020-02-06 16:18:21 --> 404 Page Not Found: Assets/js
ERROR - 2020-02-06 16:19:08 --> 404 Page Not Found: Assets/js
ERROR - 2020-02-06 16:19:08 --> 404 Page Not Found: Assets/js
ERROR - 2020-02-06 16:19:56 --> 404 Page Not Found: Assets/js
ERROR - 2020-02-06 16:19:56 --> 404 Page Not Found: Assets/js
ERROR - 2020-02-06 16:20:33 --> 404 Page Not Found: Assets/js
ERROR - 2020-02-06 16:20:33 --> 404 Page Not Found: Assets/js
ERROR - 2020-02-06 16:21:28 --> 404 Page Not Found: Assets/js
ERROR - 2020-02-06 16:21:28 --> 404 Page Not Found: Assets/js
ERROR - 2020-02-06 17:21:49 --> 404 Page Not Found: Assets/js
ERROR - 2020-02-06 17:21:49 --> 404 Page Not Found: Assets/js
ERROR - 2020-02-06 17:26:57 --> 404 Page Not Found: Assets/js
ERROR - 2020-02-06 17:26:57 --> 404 Page Not Found: Assets/js
ERROR - 2020-02-06 17:28:22 --> 404 Page Not Found: Assets/js
ERROR - 2020-02-06 17:28:22 --> 404 Page Not Found: Assets/js
ERROR - 2020-02-06 17:29:45 --> 404 Page Not Found: Assets/js
ERROR - 2020-02-06 17:29:45 --> 404 Page Not Found: Assets/js
ERROR - 2020-02-06 17:30:43 --> 404 Page Not Found: Assets/js
ERROR - 2020-02-06 17:30:43 --> 404 Page Not Found: Assets/js
ERROR - 2020-02-06 17:31:38 --> 404 Page Not Found: Assets/js
ERROR - 2020-02-06 17:31:38 --> 404 Page Not Found: Assets/js
ERROR - 2020-02-06 18:04:37 --> 404 Page Not Found: Assets/js
ERROR - 2020-02-06 18:04:37 --> 404 Page Not Found: Assets/js
ERROR - 2020-02-06 18:04:47 --> 404 Page Not Found: Assets/js
ERROR - 2020-02-06 18:04:47 --> 404 Page Not Found: Assets/js
ERROR - 2020-02-06 18:04:50 --> 404 Page Not Found: Assets/js
ERROR - 2020-02-06 18:04:50 --> 404 Page Not Found: Assets/js
