ERROR - 2020-02-17 00:02:36 --> 404 Page Not Found: Assets/js
ERROR - 2020-02-17 00:02:36 --> 404 Page Not Found: Assets/js
ERROR - 2020-02-17 00:19:41 --> Query error: ERRO:  SELECT * sem tabelas especificadas não é válido
LINE 1: SELECT *
               ^ - Invalid query: SELECT *
ERROR - 2020-02-17 00:19:47 --> 404 Page Not Found: Assets/images
ERROR - 2020-02-17 00:19:47 --> 404 Page Not Found: Assets/images
ERROR - 2020-02-17 00:19:47 --> 404 Page Not Found: Assets/images
ERROR - 2020-02-17 00:19:47 --> 404 Page Not Found: Assets/images
ERROR - 2020-02-17 00:19:47 --> 404 Page Not Found: Assets/images
ERROR - 2020-02-17 00:19:47 --> 404 Page Not Found: Assets/images
ERROR - 2020-02-17 00:19:47 --> 404 Page Not Found: Assets/images
ERROR - 2020-02-17 00:19:47 --> 404 Page Not Found: Assets/images
ERROR - 2020-02-17 00:19:47 --> 404 Page Not Found: Assets/images
ERROR - 2020-02-17 00:19:47 --> 404 Page Not Found: Assets/images
ERROR - 2020-02-17 00:19:48 --> 404 Page Not Found: Assets/images
ERROR - 2020-02-17 00:19:48 --> 404 Page Not Found: Assets/images
ERROR - 2020-02-17 00:19:48 --> 404 Page Not Found: Assets/images
ERROR - 2020-02-17 00:19:53 --> 404 Page Not Found: Assets/images
ERROR - 2020-02-17 00:19:56 --> Severity: Warning --> array_push() expects parameter 1 to be array, null given C:\wamp64\www\webpedidos\application\models\pedido\Requisicao_model.php 84
ERROR - 2020-02-17 00:20:02 --> 404 Page Not Found: Assets/js
ERROR - 2020-02-17 00:20:02 --> 404 Page Not Found: Assets/js
ERROR - 2020-02-17 00:20:19 --> Severity: Warning --> array_push() expects parameter 1 to be array, null given C:\wamp64\www\webpedidos\application\models\pedido\Requisicao_model.php 84
ERROR - 2020-02-17 00:24:15 --> Query error: ERRO:  SELECT * sem tabelas especificadas não é válido
LINE 1: SELECT *
               ^ - Invalid query: SELECT *
ERROR - 2020-02-17 00:24:52 --> 404 Page Not Found: Assets/js
ERROR - 2020-02-17 00:24:52 --> 404 Page Not Found: Assets/js
ERROR - 2020-02-17 00:26:54 --> Query error: ERRO:  SELECT * sem tabelas especificadas não é válido
LINE 1: SELECT *
               ^ - Invalid query: SELECT *
ERROR - 2020-02-17 00:36:21 --> 404 Page Not Found: Assets/js
ERROR - 2020-02-17 00:36:21 --> 404 Page Not Found: Assets/js
ERROR - 2020-02-17 00:36:40 --> 404 Page Not Found: Assets/js
ERROR - 2020-02-17 00:36:40 --> 404 Page Not Found: Assets/js
ERROR - 2020-02-17 00:38:20 --> 404 Page Not Found: Assets/js
ERROR - 2020-02-17 00:38:20 --> 404 Page Not Found: Assets/js
ERROR - 2020-02-17 00:38:43 --> 404 Page Not Found: Assets/js
ERROR - 2020-02-17 00:38:43 --> 404 Page Not Found: Assets/js
ERROR - 2020-02-17 00:40:08 --> 404 Page Not Found: Assets/js
ERROR - 2020-02-17 00:40:08 --> 404 Page Not Found: Assets/js
ERROR - 2020-02-17 00:43:00 --> 404 Page Not Found: Assets/js
ERROR - 2020-02-17 00:43:00 --> 404 Page Not Found: Assets/js
ERROR - 2020-02-17 00:43:07 --> Query error: ERRO:  coluna "rua" não existe
LINE 1: SELECT "rua" as "local", "numero" as "numero", "cidade" as "...
               ^ - Invalid query: SELECT "rua" as "local", "numero" as "numero", "cidade" as "cidade", "bairro" as "bairro", "estado" as "estado"
FROM "localentrega"
WHERE "funcionarioid" = 'E36CED7D-3BC3-42DB-9236-3175E12A14FA'
ERROR - 2020-02-17 00:43:34 --> 404 Page Not Found: Assets/js
ERROR - 2020-02-17 00:43:34 --> 404 Page Not Found: Assets/js
ERROR - 2020-02-17 00:44:47 --> 404 Page Not Found: Assets/js
ERROR - 2020-02-17 00:44:47 --> 404 Page Not Found: Assets/js
ERROR - 2020-02-17 00:44:53 --> Query error: ERRO:  sintaxe de entrada é inválida para uuid: ""
LINE 3: WHERE "funcionarioid" = ''
                                ^ - Invalid query: SELECT "rua" as "local", "numero" as "numero", "cidade" as "cidade", "bairro" as "bairro", "estado" as "estado"
FROM "localentrega_externo"
WHERE "funcionarioid" = ''
ERROR - 2020-02-17 00:46:44 --> 404 Page Not Found: Assets/js
ERROR - 2020-02-17 00:46:44 --> 404 Page Not Found: Assets/js
ERROR - 2020-02-17 00:46:52 --> Query error: ERRO:  sintaxe de entrada é inválida para uuid: ""
LINE 3: WHERE "funcionarioid" = ''
                                ^ - Invalid query: SELECT "rua" as "local", "numero" as "numero", "cidade" as "cidade", "bairro" as "bairro", "estado" as "estado"
FROM "localentrega_externo"
WHERE "funcionarioid" = ''
ERROR - 2020-02-17 00:49:05 --> 404 Page Not Found: Assets/js
ERROR - 2020-02-17 00:49:05 --> 404 Page Not Found: Assets/js
ERROR - 2020-02-17 00:49:11 --> Query error: ERRO:  relação "locale2ntrega_externo" não existe
LINE 2: FROM "locale2ntrega_externo"
             ^ - Invalid query: SELECT "rua" as "local", "numero" as "numero", "cidade" as "cidade", "bairro" as "bairro", "estado" as "estado"
FROM "locale2ntrega_externo"
WHERE "funcionarioid" = ''
ERROR - 2020-02-17 00:51:02 --> 404 Page Not Found: Assets/js
ERROR - 2020-02-17 00:51:02 --> 404 Page Not Found: Assets/js
ERROR - 2020-02-17 00:51:07 --> Query error: ERRO:  relação "locale2ntrega_externo" não existe
LINE 2: FROM "locale2ntrega_externo"
             ^ - Invalid query: SELECT "rua" as "local", "numero" as "numero", "cidade" as "cidade", "bairro" as "bairro", "estado" as "estado"
FROM "locale2ntrega_externo"
WHERE "funcionarioid" = ''
ERROR - 2020-02-17 00:52:10 --> 404 Page Not Found: Assets/js
ERROR - 2020-02-17 00:52:10 --> 404 Page Not Found: Assets/js
ERROR - 2020-02-17 00:52:15 --> Query error: ERRO:  relação "locale2ntrega_externo" não existe
LINE 2: FROM "locale2ntrega_externo"
             ^ - Invalid query: SELECT "rua" as "local", "numero" as "numero", "cidade" as "cidade", "bairro" as "bairro", "estado" as "estado"
FROM "locale2ntrega_externo"
WHERE "funcionarioid" = 'E36CED7D-3BC3-42DB-9236-3175E12A14FA'
ERROR - 2020-02-17 00:52:27 --> 404 Page Not Found: Assets/js
ERROR - 2020-02-17 00:52:27 --> 404 Page Not Found: Assets/js
ERROR - 2020-02-17 00:53:41 --> Query error: ERRO:  relação "locale2ntrega_externo" não existe
LINE 2: FROM "locale2ntrega_externo"
             ^ - Invalid query: SELECT "rua" as "local", "numero" as "numero", "cidade" as "cidade", "bairro" as "bairro", "estado" as "estado"
FROM "locale2ntrega_externo"
WHERE "funcionarioid" = 'E36CED7D-3BC3-42DB-9236-3175E12A14FA'
ERROR - 2020-02-17 00:53:44 --> 404 Page Not Found: Assets/js
ERROR - 2020-02-17 00:53:44 --> 404 Page Not Found: Assets/js
ERROR - 2020-02-17 00:53:45 --> 404 Page Not Found: Assets/js
ERROR - 2020-02-17 00:53:45 --> 404 Page Not Found: Assets/js
ERROR - 2020-02-17 00:53:51 --> Query error: ERRO:  relação "locale2ntrega_externo" não existe
LINE 2: FROM "locale2ntrega_externo"
             ^ - Invalid query: SELECT "rua" as "local", "numero" as "numero", "cidade" as "cidade", "bairro" as "bairro", "estado" as "estado"
FROM "locale2ntrega_externo"
WHERE "funcionarioid" = 'E36CED7D-3BC3-42DB-9236-3175E12A14FA'
ERROR - 2020-02-17 00:56:05 --> 404 Page Not Found: Assets/js
ERROR - 2020-02-17 00:56:05 --> 404 Page Not Found: Assets/js
ERROR - 2020-02-17 00:57:55 --> 404 Page Not Found: Assets/js
ERROR - 2020-02-17 00:57:55 --> 404 Page Not Found: Assets/js
ERROR - 2020-02-17 00:58:54 --> 404 Page Not Found: Assets/js
ERROR - 2020-02-17 00:58:54 --> 404 Page Not Found: Assets/js
ERROR - 2020-02-17 01:00:00 --> 404 Page Not Found: Assets/js
ERROR - 2020-02-17 01:00:00 --> 404 Page Not Found: Assets/js
ERROR - 2020-02-17 01:00:56 --> 404 Page Not Found: Assets/js
ERROR - 2020-02-17 01:00:56 --> 404 Page Not Found: Assets/js
ERROR - 2020-02-17 01:02:23 --> 404 Page Not Found: Assets/js
ERROR - 2020-02-17 01:02:23 --> 404 Page Not Found: Assets/js
ERROR - 2020-02-17 01:04:51 --> 404 Page Not Found: Assets/js
ERROR - 2020-02-17 01:04:51 --> 404 Page Not Found: Assets/js
ERROR - 2020-02-17 10:04:38 --> 404 Page Not Found: Assets/js
ERROR - 2020-02-17 10:04:38 --> 404 Page Not Found: Assets/js
ERROR - 2020-02-17 10:05:10 --> 404 Page Not Found: Assets/js
ERROR - 2020-02-17 10:05:10 --> 404 Page Not Found: Assets/js
ERROR - 2020-02-17 10:06:24 --> 404 Page Not Found: Assets/js
ERROR - 2020-02-17 10:06:24 --> 404 Page Not Found: Assets/js
ERROR - 2020-02-17 10:08:51 --> 404 Page Not Found: Assets/js
ERROR - 2020-02-17 10:08:51 --> 404 Page Not Found: Assets/js
ERROR - 2020-02-17 10:10:29 --> 404 Page Not Found: Assets/js
ERROR - 2020-02-17 10:10:29 --> 404 Page Not Found: Assets/js
ERROR - 2020-02-17 10:17:19 --> 404 Page Not Found: Assets/js
ERROR - 2020-02-17 10:17:19 --> 404 Page Not Found: Assets/js
ERROR - 2020-02-17 10:21:16 --> 404 Page Not Found: Assets/js
ERROR - 2020-02-17 10:21:16 --> 404 Page Not Found: Assets/js
ERROR - 2020-02-17 10:22:24 --> 404 Page Not Found: Assets/js
ERROR - 2020-02-17 10:22:24 --> 404 Page Not Found: Assets/js
ERROR - 2020-02-17 10:26:53 --> 404 Page Not Found: Assets/js
ERROR - 2020-02-17 10:26:53 --> 404 Page Not Found: Assets/js
ERROR - 2020-02-17 10:45:08 --> 404 Page Not Found: Assets/js
ERROR - 2020-02-17 10:45:08 --> 404 Page Not Found: Assets/js
ERROR - 2020-02-17 10:45:32 --> 404 Page Not Found: Assets/js
ERROR - 2020-02-17 10:45:32 --> 404 Page Not Found: Assets/js
ERROR - 2020-02-17 10:46:19 --> 404 Page Not Found: Assets/js
ERROR - 2020-02-17 10:46:19 --> 404 Page Not Found: Assets/js
ERROR - 2020-02-17 10:46:57 --> 404 Page Not Found: Assets/js
ERROR - 2020-02-17 10:46:57 --> 404 Page Not Found: Assets/js
ERROR - 2020-02-17 10:50:08 --> 404 Page Not Found: Assets/js
ERROR - 2020-02-17 10:50:08 --> 404 Page Not Found: Assets/js
ERROR - 2020-02-17 10:50:13 --> Severity: Warning --> json_decode() expects parameter 1 to be string, array given C:\wamp64\www\webpedidos\application\controllers\local\Local.php 15
ERROR - 2020-02-17 10:50:30 --> 404 Page Not Found: Assets/js
ERROR - 2020-02-17 10:50:31 --> 404 Page Not Found: Assets/js
ERROR - 2020-02-17 10:50:34 --> Severity: Notice --> Array to string conversion C:\wamp64\www\system\core\Output.php 538
ERROR - 2020-02-17 10:51:43 --> 404 Page Not Found: Assets/js
ERROR - 2020-02-17 10:51:43 --> 404 Page Not Found: Assets/js
ERROR - 2020-02-17 10:51:56 --> 404 Page Not Found: Assets/js
ERROR - 2020-02-17 10:51:56 --> 404 Page Not Found: Assets/js
ERROR - 2020-02-17 10:58:43 --> 404 Page Not Found: Assets/js
ERROR - 2020-02-17 10:58:43 --> 404 Page Not Found: Assets/js
ERROR - 2020-02-17 11:00:00 --> 404 Page Not Found: Assets/js
ERROR - 2020-02-17 11:00:00 --> 404 Page Not Found: Assets/js
ERROR - 2020-02-17 11:02:03 --> 404 Page Not Found: Assets/js
ERROR - 2020-02-17 11:02:03 --> 404 Page Not Found: Assets/js
ERROR - 2020-02-17 11:03:29 --> 404 Page Not Found: Assets/js
ERROR - 2020-02-17 11:03:29 --> 404 Page Not Found: Assets/js
ERROR - 2020-02-17 11:13:33 --> 404 Page Not Found: Assets/js
ERROR - 2020-02-17 11:13:33 --> 404 Page Not Found: Assets/js
ERROR - 2020-02-17 11:19:52 --> 404 Page Not Found: Assets/js
ERROR - 2020-02-17 11:19:52 --> 404 Page Not Found: Assets/js
ERROR - 2020-02-17 11:20:26 --> 404 Page Not Found: Assets/js
ERROR - 2020-02-17 11:20:26 --> 404 Page Not Found: Assets/js
ERROR - 2020-02-17 11:27:35 --> 404 Page Not Found: Assets/js
ERROR - 2020-02-17 11:27:35 --> 404 Page Not Found: Assets/js
ERROR - 2020-02-17 11:28:17 --> 404 Page Not Found: Assets/js
ERROR - 2020-02-17 11:28:17 --> 404 Page Not Found: Assets/js
ERROR - 2020-02-17 11:29:02 --> 404 Page Not Found: Assets/js
ERROR - 2020-02-17 11:29:02 --> 404 Page Not Found: Assets/js
ERROR - 2020-02-17 11:29:34 --> 404 Page Not Found: Assets/js
ERROR - 2020-02-17 11:29:34 --> 404 Page Not Found: Assets/js
ERROR - 2020-02-17 13:36:21 --> 404 Page Not Found: Assets/js
ERROR - 2020-02-17 13:36:21 --> 404 Page Not Found: Assets/js
ERROR - 2020-02-17 13:36:38 --> 404 Page Not Found: Assets/js
ERROR - 2020-02-17 13:36:38 --> 404 Page Not Found: Assets/js
ERROR - 2020-02-17 13:38:44 --> 404 Page Not Found: Assets/js
ERROR - 2020-02-17 13:38:44 --> 404 Page Not Found: Assets/js
ERROR - 2020-02-17 13:47:07 --> 404 Page Not Found: Assets/js
ERROR - 2020-02-17 13:47:07 --> 404 Page Not Found: Assets/js
ERROR - 2020-02-17 13:49:19 --> 404 Page Not Found: Assets/js
ERROR - 2020-02-17 13:49:19 --> 404 Page Not Found: Assets/js
ERROR - 2020-02-17 13:52:43 --> 404 Page Not Found: Assets/js
ERROR - 2020-02-17 13:52:43 --> 404 Page Not Found: Assets/js
ERROR - 2020-02-17 13:57:21 --> 404 Page Not Found: Assets/js
ERROR - 2020-02-17 13:57:21 --> 404 Page Not Found: Assets/js
ERROR - 2020-02-17 14:01:15 --> 404 Page Not Found: Assets/js
ERROR - 2020-02-17 14:01:15 --> 404 Page Not Found: Assets/js
ERROR - 2020-02-17 14:01:59 --> 404 Page Not Found: Assets/js
ERROR - 2020-02-17 14:01:59 --> 404 Page Not Found: Assets/js
ERROR - 2020-02-17 14:08:18 --> 404 Page Not Found: Assets/js
ERROR - 2020-02-17 14:08:18 --> 404 Page Not Found: Assets/js
ERROR - 2020-02-17 14:11:16 --> 404 Page Not Found: Assets/js
ERROR - 2020-02-17 14:11:16 --> 404 Page Not Found: Assets/js
ERROR - 2020-02-17 14:11:28 --> 404 Page Not Found: Assets/js
ERROR - 2020-02-17 14:11:28 --> 404 Page Not Found: Assets/js
ERROR - 2020-02-17 14:16:42 --> 404 Page Not Found: Assets/js
ERROR - 2020-02-17 14:16:42 --> 404 Page Not Found: Assets/js
ERROR - 2020-02-17 14:16:45 --> 404 Page Not Found: Assets/js
ERROR - 2020-02-17 14:16:45 --> 404 Page Not Found: Assets/js
ERROR - 2020-02-17 14:21:45 --> 404 Page Not Found: Assets/js
ERROR - 2020-02-17 14:21:45 --> 404 Page Not Found: Assets/js
ERROR - 2020-02-17 14:22:02 --> 404 Page Not Found: Assets/js
ERROR - 2020-02-17 14:22:02 --> 404 Page Not Found: Assets/js
ERROR - 2020-02-17 14:22:57 --> 404 Page Not Found: Assets/js
ERROR - 2020-02-17 14:22:57 --> 404 Page Not Found: Assets/js
ERROR - 2020-02-17 14:23:33 --> 404 Page Not Found: Assets/js
ERROR - 2020-02-17 14:23:33 --> 404 Page Not Found: Assets/js
ERROR - 2020-02-17 14:24:49 --> 404 Page Not Found: Assets/js
ERROR - 2020-02-17 14:24:49 --> 404 Page Not Found: Assets/js
ERROR - 2020-02-17 14:24:50 --> 404 Page Not Found: Assets/js
ERROR - 2020-02-17 14:24:50 --> 404 Page Not Found: Assets/js
ERROR - 2020-02-17 14:25:07 --> 404 Page Not Found: Assets/js
ERROR - 2020-02-17 14:25:07 --> 404 Page Not Found: Assets/js
ERROR - 2020-02-17 14:25:40 --> 404 Page Not Found: Assets/js
ERROR - 2020-02-17 14:25:40 --> 404 Page Not Found: Assets/js
ERROR - 2020-02-17 14:30:48 --> 404 Page Not Found: Assets/js
ERROR - 2020-02-17 14:30:48 --> 404 Page Not Found: Assets/js
ERROR - 2020-02-17 14:31:44 --> 404 Page Not Found: Assets/js
ERROR - 2020-02-17 14:31:44 --> 404 Page Not Found: Assets/js
ERROR - 2020-02-17 14:31:51 --> 404 Page Not Found: Assets/js
ERROR - 2020-02-17 14:31:51 --> 404 Page Not Found: Assets/js
ERROR - 2020-02-17 14:37:48 --> 404 Page Not Found: Assets/js
ERROR - 2020-02-17 14:37:48 --> 404 Page Not Found: Assets/js
ERROR - 2020-02-17 14:37:51 --> 404 Page Not Found: Assets/js
ERROR - 2020-02-17 14:37:51 --> 404 Page Not Found: Assets/js
ERROR - 2020-02-17 14:38:20 --> 404 Page Not Found: Assets/js
ERROR - 2020-02-17 14:38:20 --> 404 Page Not Found: Assets/js
ERROR - 2020-02-17 15:26:36 --> 404 Page Not Found: Assets/js
ERROR - 2020-02-17 15:26:36 --> 404 Page Not Found: Assets/js
ERROR - 2020-02-17 15:26:41 --> Severity: error --> Exception: syntax error, unexpected ',' C:\wamp64\www\webpedidos\application\controllers\local\Local.php 24
ERROR - 2020-02-17 15:26:54 --> 404 Page Not Found: Assets/js
ERROR - 2020-02-17 15:26:54 --> 404 Page Not Found: Assets/js
ERROR - 2020-02-17 15:27:43 --> 404 Page Not Found: Assets/js
ERROR - 2020-02-17 15:27:43 --> 404 Page Not Found: Assets/js
ERROR - 2020-02-17 15:28:01 --> 404 Page Not Found: Assets/js
ERROR - 2020-02-17 15:28:01 --> 404 Page Not Found: Assets/js
ERROR - 2020-02-17 15:31:05 --> 404 Page Not Found: Assets/js
ERROR - 2020-02-17 15:31:05 --> 404 Page Not Found: Assets/js
ERROR - 2020-02-17 15:31:25 --> 404 Page Not Found: Assets/js
ERROR - 2020-02-17 15:31:25 --> 404 Page Not Found: Assets/js
ERROR - 2020-02-17 15:36:06 --> 404 Page Not Found: Assets/js
ERROR - 2020-02-17 15:36:06 --> 404 Page Not Found: Assets/js
ERROR - 2020-02-17 15:37:43 --> 404 Page Not Found: Assets/js
ERROR - 2020-02-17 15:37:43 --> 404 Page Not Found: Assets/js
ERROR - 2020-02-17 15:38:14 --> 404 Page Not Found: Assets/js
ERROR - 2020-02-17 15:38:15 --> 404 Page Not Found: Assets/js
ERROR - 2020-02-17 15:41:02 --> 404 Page Not Found: Assets/js
ERROR - 2020-02-17 15:41:02 --> 404 Page Not Found: Assets/js
ERROR - 2020-02-17 15:41:08 --> Severity: Warning --> json_decode() expects parameter 1 to be string, array given C:\wamp64\www\webpedidos\application\controllers\local\Local.php 17
ERROR - 2020-02-17 15:41:33 --> 404 Page Not Found: Assets/js
ERROR - 2020-02-17 15:41:33 --> 404 Page Not Found: Assets/js
ERROR - 2020-02-17 15:42:10 --> 404 Page Not Found: Assets/js
ERROR - 2020-02-17 15:42:10 --> 404 Page Not Found: Assets/js
ERROR - 2020-02-17 15:42:15 --> Severity: Notice --> Trying to get property 'responseText' of non-object C:\wamp64\www\webpedidos\application\controllers\local\Local.php 16
ERROR - 2020-02-17 15:42:35 --> 404 Page Not Found: Assets/js
ERROR - 2020-02-17 15:42:35 --> 404 Page Not Found: Assets/js
ERROR - 2020-02-17 15:42:49 --> 404 Page Not Found: Assets/js
ERROR - 2020-02-17 15:42:49 --> 404 Page Not Found: Assets/js
ERROR - 2020-02-17 15:43:43 --> 404 Page Not Found: Assets/js
ERROR - 2020-02-17 15:43:43 --> 404 Page Not Found: Assets/js
ERROR - 2020-02-17 15:44:30 --> 404 Page Not Found: Assets/js
ERROR - 2020-02-17 15:44:30 --> 404 Page Not Found: Assets/js
ERROR - 2020-02-17 15:47:24 --> 404 Page Not Found: Assets/js
ERROR - 2020-02-17 15:47:24 --> 404 Page Not Found: Assets/js
ERROR - 2020-02-17 15:47:29 --> Severity: Notice --> Array to string conversion C:\wamp64\www\system\core\Output.php 538
ERROR - 2020-02-17 15:48:43 --> 404 Page Not Found: Assets/js
ERROR - 2020-02-17 15:48:43 --> 404 Page Not Found: Assets/js
ERROR - 2020-02-17 15:48:48 --> Query error: ERRO:  coluna "estad2o" não existe
LINE 1: ...ero", "cidade" as "cidade", "bairro" as "bairro", "estad2o" ...
                                                             ^
HINT:  Perhaps you meant to reference the column "localentrega_externo.estado". - Invalid query: SELECT "rua" as "local", "numero" as "numero", "cidade" as "cidade", "bairro" as "bairro", "estad2o" as "estado"
FROM "localentrega_externo"
WHERE "funcionarioid" = 'E36CED7D-3BC3-42DB-9236-3175E12A14FA'
ERROR - 2020-02-17 15:50:16 --> 404 Page Not Found: Assets/js
ERROR - 2020-02-17 15:50:16 --> 404 Page Not Found: Assets/js
ERROR - 2020-02-17 15:51:16 --> 404 Page Not Found: Assets/js
ERROR - 2020-02-17 15:51:16 --> 404 Page Not Found: Assets/js
ERROR - 2020-02-17 15:53:09 --> 404 Page Not Found: Assets/js
ERROR - 2020-02-17 15:53:09 --> 404 Page Not Found: Assets/js
ERROR - 2020-02-17 15:54:44 --> 404 Page Not Found: Assets/js
ERROR - 2020-02-17 15:54:44 --> 404 Page Not Found: Assets/js
ERROR - 2020-02-17 15:54:49 --> Severity: error --> Exception: Call to undefined method Usuario_model::buscar() C:\wamp64\www\webpedidos\application\controllers\usuario\Usuario.php 487
ERROR - 2020-02-17 15:54:52 --> 404 Page Not Found: Assets/js
ERROR - 2020-02-17 15:54:52 --> 404 Page Not Found: Assets/js
ERROR - 2020-02-17 15:54:54 --> Severity: error --> Exception: Call to undefined method Usuario_model::buscar() C:\wamp64\www\webpedidos\application\controllers\usuario\Usuario.php 487
ERROR - 2020-02-17 15:54:55 --> Severity: error --> Exception: Call to undefined method Usuario_model::buscar() C:\wamp64\www\webpedidos\application\controllers\usuario\Usuario.php 487
ERROR - 2020-02-17 15:54:58 --> 404 Page Not Found: Assets/js
ERROR - 2020-02-17 15:54:58 --> 404 Page Not Found: Assets/js
ERROR - 2020-02-17 15:55:38 --> 404 Page Not Found: Assets/js
ERROR - 2020-02-17 15:55:38 --> 404 Page Not Found: Assets/js
ERROR - 2020-02-17 15:55:43 --> Severity: Notice --> Array to string conversion C:\wamp64\www\webpedidos\application\models\usuario\Usuario_model.php 85
ERROR - 2020-02-17 15:56:20 --> 404 Page Not Found: Assets/js
ERROR - 2020-02-17 15:56:20 --> 404 Page Not Found: Assets/js
ERROR - 2020-02-17 15:58:12 --> 404 Page Not Found: Assets/js
ERROR - 2020-02-17 15:58:12 --> 404 Page Not Found: Assets/js
ERROR - 2020-02-17 16:00:38 --> 404 Page Not Found: Assets/js
ERROR - 2020-02-17 16:00:38 --> 404 Page Not Found: Assets/js
ERROR - 2020-02-17 16:05:21 --> 404 Page Not Found: Assets/js
ERROR - 2020-02-17 16:05:21 --> 404 Page Not Found: Assets/js
ERROR - 2020-02-17 16:09:30 --> 404 Page Not Found: Assets/js
ERROR - 2020-02-17 16:09:30 --> 404 Page Not Found: Assets/js
ERROR - 2020-02-17 16:10:16 --> 404 Page Not Found: Assets/js
ERROR - 2020-02-17 16:10:16 --> 404 Page Not Found: Assets/js
ERROR - 2020-02-17 16:10:26 --> 404 Page Not Found: Assets/js
ERROR - 2020-02-17 16:10:26 --> 404 Page Not Found: Assets/js
ERROR - 2020-02-17 16:11:36 --> 404 Page Not Found: Assets/js
ERROR - 2020-02-17 16:11:36 --> 404 Page Not Found: Assets/js
ERROR - 2020-02-17 16:18:51 --> 404 Page Not Found: Assets/js
ERROR - 2020-02-17 16:18:51 --> 404 Page Not Found: Assets/js
ERROR - 2020-02-17 16:18:58 --> 404 Page Not Found: Assets/js
ERROR - 2020-02-17 16:18:58 --> 404 Page Not Found: Assets/js
ERROR - 2020-02-17 16:18:59 --> Severity: Notice --> Undefined variable: buscaEmpresa C:\wamp64\www\webpedidos\application\controllers\usuario\Usuario.php 487
ERROR - 2020-02-17 16:19:18 --> 404 Page Not Found: Assets/js
ERROR - 2020-02-17 16:19:18 --> 404 Page Not Found: Assets/js
ERROR - 2020-02-17 16:20:04 --> 404 Page Not Found: Assets/js
ERROR - 2020-02-17 16:20:04 --> 404 Page Not Found: Assets/js
ERROR - 2020-02-17 16:22:54 --> 404 Page Not Found: Assets/js
ERROR - 2020-02-17 16:22:54 --> 404 Page Not Found: Assets/js
ERROR - 2020-02-17 16:23:00 --> 404 Page Not Found: Assets/js
ERROR - 2020-02-17 16:23:00 --> 404 Page Not Found: Assets/js
ERROR - 2020-02-17 16:25:01 --> 404 Page Not Found: Assets/js
ERROR - 2020-02-17 16:25:01 --> 404 Page Not Found: Assets/js
ERROR - 2020-02-17 16:27:13 --> 404 Page Not Found: Assets/js
ERROR - 2020-02-17 16:27:13 --> 404 Page Not Found: Assets/js
ERROR - 2020-02-17 16:27:15 --> Query error: ERRO:  relação "vw_we4b_login" não existe
LINE 2: FROM "vw_we4b_login"
             ^ - Invalid query: SELECT *
FROM "vw_we4b_login"
WHERE "empresasiteid" = 2
ERROR - 2020-02-17 16:40:42 --> 404 Page Not Found: Assets/js
ERROR - 2020-02-17 16:40:42 --> 404 Page Not Found: Assets/js
ERROR - 2020-02-17 16:43:03 --> 404 Page Not Found: Assets/js
ERROR - 2020-02-17 16:43:03 --> 404 Page Not Found: Assets/js
ERROR - 2020-02-17 16:43:05 --> 404 Page Not Found: Assets/js
ERROR - 2020-02-17 16:43:05 --> 404 Page Not Found: Assets/js
ERROR - 2020-02-17 16:50:27 --> 404 Page Not Found: Assets/js
ERROR - 2020-02-17 16:50:27 --> 404 Page Not Found: Assets/js
ERROR - 2020-02-17 16:50:29 --> 404 Page Not Found: Assets/js
ERROR - 2020-02-17 16:50:29 --> 404 Page Not Found: Assets/js
ERROR - 2020-02-17 16:50:31 --> 404 Page Not Found: Assets/js
ERROR - 2020-02-17 16:50:31 --> 404 Page Not Found: Assets/js
ERROR - 2020-02-17 16:59:25 --> 404 Page Not Found: Assets/js
ERROR - 2020-02-17 16:59:25 --> 404 Page Not Found: Assets/js
ERROR - 2020-02-17 17:07:25 --> 404 Page Not Found: Assets/js
ERROR - 2020-02-17 17:07:25 --> 404 Page Not Found: Assets/js
ERROR - 2020-02-17 17:09:27 --> 404 Page Not Found: Assets/js
ERROR - 2020-02-17 17:09:27 --> 404 Page Not Found: Assets/js
ERROR - 2020-02-17 17:09:29 --> 404 Page Not Found: Assets/js
ERROR - 2020-02-17 17:09:29 --> 404 Page Not Found: Assets/js
ERROR - 2020-02-17 17:10:35 --> 404 Page Not Found: Assets/js
ERROR - 2020-02-17 17:10:35 --> 404 Page Not Found: Assets/js
ERROR - 2020-02-17 17:12:40 --> 404 Page Not Found: Assets/js
ERROR - 2020-02-17 17:12:40 --> 404 Page Not Found: Assets/js
