ERROR - 2020-02-19 13:56:38 --> 404 Page Not Found: Assets/js
ERROR - 2020-02-19 13:56:38 --> 404 Page Not Found: Assets/js
ERROR - 2020-02-19 14:55:17 --> 404 Page Not Found: Assets/js
ERROR - 2020-02-19 14:55:17 --> 404 Page Not Found: Assets/js
ERROR - 2020-02-19 15:06:54 --> 404 Page Not Found: Assets/js
ERROR - 2020-02-19 15:06:54 --> 404 Page Not Found: Assets/js
ERROR - 2020-02-19 15:07:15 --> 404 Page Not Found: Assets/js
ERROR - 2020-02-19 15:07:15 --> 404 Page Not Found: Assets/js
ERROR - 2020-02-19 15:16:09 --> 404 Page Not Found: Assets/js
ERROR - 2020-02-19 15:16:09 --> 404 Page Not Found: Assets/js
ERROR - 2020-02-19 15:17:50 --> 404 Page Not Found: Assets/js
ERROR - 2020-02-19 15:17:50 --> 404 Page Not Found: Assets/js
ERROR - 2020-02-19 15:26:06 --> 404 Page Not Found: Assets/js
ERROR - 2020-02-19 15:26:06 --> 404 Page Not Found: Assets/js
ERROR - 2020-02-19 15:26:46 --> 404 Page Not Found: Assets/js
ERROR - 2020-02-19 15:26:46 --> 404 Page Not Found: Assets/js
ERROR - 2020-02-19 15:27:45 --> 404 Page Not Found: Assets/js
ERROR - 2020-02-19 15:27:45 --> 404 Page Not Found: Assets/js
ERROR - 2020-02-19 15:27:46 --> Query error: ERRO:  relação "local_entrega" não existe
LINE 2: FROM "local_entrega" "le"
             ^ - Invalid query: SELECT DISTINCT "le"."localent" AS "local"
FROM "local_entrega" "le"
ORDER BY "le"."localent" ASC
ERROR - 2020-02-19 15:29:57 --> 404 Page Not Found: Assets/js
ERROR - 2020-02-19 15:29:57 --> 404 Page Not Found: Assets/js
ERROR - 2020-02-19 15:29:57 --> Query error: ERRO:  relação "local_entrega" não existe
LINE 2: FROM "local_entrega" "le"
             ^ - Invalid query: SELECT DISTINCT "le"."localent" AS "local"
FROM "local_entrega" "le"
ORDER BY "le"."localent" ASC
ERROR - 2020-02-19 15:30:13 --> 404 Page Not Found: Assets/js
ERROR - 2020-02-19 15:30:13 --> 404 Page Not Found: Assets/js
ERROR - 2020-02-19 15:31:46 --> 404 Page Not Found: Assets/js
ERROR - 2020-02-19 15:31:46 --> 404 Page Not Found: Assets/js
ERROR - 2020-02-19 15:31:47 --> Query error: ERRO:  para SELECT DISTINCT, expressões ORDER BY devem aparecer na lista de seleção
LINE 4: ORDER BY "lex"."numero" ASC
                 ^ - Invalid query: SELECT DISTINCT "lex"."rua" AS "local"
FROM "localentrega_externo" "lex"
WHERE "funcionarioid" = 'ff49693a-37c5-4313-8f2f-ec2f3c51351c'
ORDER BY "lex"."numero" ASC
ERROR - 2020-02-19 15:32:17 --> 404 Page Not Found: Assets/js
ERROR - 2020-02-19 15:32:17 --> 404 Page Not Found: Assets/js
ERROR - 2020-02-19 15:58:33 --> 404 Page Not Found: Assets/js
ERROR - 2020-02-19 15:58:33 --> 404 Page Not Found: Assets/js
ERROR - 2020-02-19 15:58:40 --> 404 Page Not Found: Assets/js
ERROR - 2020-02-19 15:58:40 --> 404 Page Not Found: Assets/js
ERROR - 2020-02-19 15:58:51 --> 404 Page Not Found: Assets/js
ERROR - 2020-02-19 15:58:51 --> 404 Page Not Found: Assets/js
ERROR - 2020-02-19 15:58:56 --> 404 Page Not Found: Assets/js
ERROR - 2020-02-19 15:58:56 --> 404 Page Not Found: Assets/js
ERROR - 2020-02-19 16:09:48 --> 404 Page Not Found: Assets/js
ERROR - 2020-02-19 16:09:48 --> 404 Page Not Found: Assets/js
ERROR - 2020-02-19 16:10:10 --> 404 Page Not Found: Assets/js
ERROR - 2020-02-19 16:10:10 --> 404 Page Not Found: Assets/js
ERROR - 2020-02-19 16:10:51 --> 404 Page Not Found: Assets/js
ERROR - 2020-02-19 16:10:51 --> 404 Page Not Found: Assets/js
ERROR - 2020-02-19 16:10:56 --> 404 Page Not Found: Assets/js
ERROR - 2020-02-19 16:10:56 --> 404 Page Not Found: Assets/js
ERROR - 2020-02-19 16:10:56 --> Query error: ERRO:  coluna "funcion3arioid" não existe
LINE 3: WHERE "funcion3arioid" = 'ff49693a-37c5-4313-8f2f-ec2f3c5135...
              ^
HINT:  Perhaps you meant to reference the column "lex.funcionarioid". - Invalid query: SELECT "rua", "numero", "cidade", "bairro", "estado"
FROM "localentrega_externo" "lex"
WHERE "funcion3arioid" = 'ff49693a-37c5-4313-8f2f-ec2f3c51351c'
ERROR - 2020-02-19 18:30:58 --> Query error: ERRO:  coluna "funcion3arioid" não existe
LINE 3: WHERE "funcion3arioid" = 'ff49693a-37c5-4313-8f2f-ec2f3c5135...
              ^
HINT:  Perhaps you meant to reference the column "lex.funcionarioid". - Invalid query: SELECT "rua", "numero", "cidade", "bairro", "estado"
FROM "localentrega_externo" "lex"
WHERE "funcion3arioid" = 'ff49693a-37c5-4313-8f2f-ec2f3c51351c'
ERROR - 2020-02-19 19:05:08 --> Query error: ERRO:  coluna "funcion3arioid" não existe
LINE 3: WHERE "funcion3arioid" = 'ff49693a-37c5-4313-8f2f-ec2f3c5135...
              ^
HINT:  Perhaps you meant to reference the column "lex.funcionarioid". - Invalid query: SELECT "localent" AS "rua", "numero", "cidade", "bairro", "estado"
FROM "localentrega_externo" "lex"
WHERE "funcion3arioid" = 'ff49693a-37c5-4313-8f2f-ec2f3c51351c'
ORDER BY "lex"."numero" ASC
ERROR - 2020-02-19 19:05:11 --> 404 Page Not Found: Assets/js
ERROR - 2020-02-19 19:05:11 --> 404 Page Not Found: Assets/js
ERROR - 2020-02-19 19:05:19 --> 404 Page Not Found: Assets/js
ERROR - 2020-02-19 19:05:19 --> 404 Page Not Found: Assets/js
ERROR - 2020-02-19 19:05:19 --> Query error: ERRO:  coluna "funcion3arioid" não existe
LINE 3: WHERE "funcion3arioid" = 'ff49693a-37c5-4313-8f2f-ec2f3c5135...
              ^
HINT:  Perhaps you meant to reference the column "lex.funcionarioid". - Invalid query: SELECT "localent" AS "rua", "numero", "cidade", "bairro", "estado"
FROM "localentrega_externo" "lex"
WHERE "funcion3arioid" = 'ff49693a-37c5-4313-8f2f-ec2f3c51351c'
ORDER BY "lex"."numero" ASC
ERROR - 2020-02-19 19:05:47 --> 404 Page Not Found: Assets/js
ERROR - 2020-02-19 19:05:47 --> 404 Page Not Found: Assets/js
ERROR - 2020-02-19 19:10:24 --> 404 Page Not Found: Assets/js
ERROR - 2020-02-19 19:10:24 --> 404 Page Not Found: Assets/js
ERROR - 2020-02-19 19:10:28 --> 404 Page Not Found: Assets/js
ERROR - 2020-02-19 19:10:28 --> 404 Page Not Found: Assets/js
ERROR - 2020-02-19 19:11:16 --> 404 Page Not Found: Assets/js
ERROR - 2020-02-19 19:11:16 --> 404 Page Not Found: Assets/js
ERROR - 2020-02-19 19:12:46 --> 404 Page Not Found: Assets/js
ERROR - 2020-02-19 19:12:46 --> 404 Page Not Found: Assets/js
ERROR - 2020-02-19 19:13:39 --> 404 Page Not Found: Assets/js
ERROR - 2020-02-19 19:13:39 --> 404 Page Not Found: Assets/js
ERROR - 2020-02-19 19:14:06 --> 404 Page Not Found: Assets/js
ERROR - 2020-02-19 19:14:06 --> 404 Page Not Found: Assets/js
