ERROR - 2019-08-16 10:40:12 --> 404 Page Not Found: Assets/js
ERROR - 2019-08-16 10:40:14 --> 404 Page Not Found: Assets/js
ERROR - 2019-08-16 10:40:47 --> 404 Page Not Found: Assets/js
ERROR - 2019-08-16 10:40:47 --> 404 Page Not Found: Assets/js
ERROR - 2019-08-16 10:42:58 --> 404 Page Not Found: Assets/js
ERROR - 2019-08-16 10:42:59 --> 404 Page Not Found: Assets/js
ERROR - 2019-08-16 10:45:30 --> 404 Page Not Found: Assets/js
ERROR - 2019-08-16 10:45:30 --> 404 Page Not Found: Assets/js
ERROR - 2019-08-16 10:45:32 --> 404 Page Not Found: Assets/js
ERROR - 2019-08-16 10:45:32 --> 404 Page Not Found: Assets/js
ERROR - 2019-08-16 10:49:00 --> 404 Page Not Found: Assets/js
ERROR - 2019-08-16 10:49:00 --> 404 Page Not Found: Assets/js
ERROR - 2019-08-16 10:49:24 --> 404 Page Not Found: Assets/js
ERROR - 2019-08-16 10:49:24 --> 404 Page Not Found: Assets/js
ERROR - 2019-08-16 10:49:29 --> 404 Page Not Found: Assets/js
ERROR - 2019-08-16 10:49:29 --> 404 Page Not Found: Assets/js
ERROR - 2019-08-16 10:49:35 --> 404 Page Not Found: Assets/js
ERROR - 2019-08-16 10:49:35 --> 404 Page Not Found: Assets/js
ERROR - 2019-08-16 10:54:09 --> Severity: Notice --> Undefined property: Usuario::$form_valitadion C:\wamp64\www\webpedidos\application\controllers\usuario\Usuario.php 35
ERROR - 2019-08-16 10:54:09 --> Severity: error --> Exception: Call to a member function set_rules() on null C:\wamp64\www\webpedidos\application\controllers\usuario\Usuario.php 35
ERROR - 2019-08-16 10:55:11 --> 404 Page Not Found: usuario//index
ERROR - 2019-08-16 10:58:11 --> 404 Page Not Found: Assets/js
ERROR - 2019-08-16 10:58:11 --> 404 Page Not Found: Assets/js
ERROR - 2019-08-16 11:00:37 --> 404 Page Not Found: Assets/js
ERROR - 2019-08-16 11:00:37 --> 404 Page Not Found: Assets/js
ERROR - 2019-08-16 11:00:56 --> Severity: Notice --> Undefined property: Usuario::$form_valitadion C:\wamp64\www\webpedidos\application\controllers\usuario\Usuario.php 35
ERROR - 2019-08-16 11:00:56 --> Severity: error --> Exception: Call to a member function set_rules() on null C:\wamp64\www\webpedidos\application\controllers\usuario\Usuario.php 35
ERROR - 2019-08-16 11:01:02 --> 404 Page Not Found: Assets/js
ERROR - 2019-08-16 11:01:02 --> 404 Page Not Found: Assets/js
ERROR - 2019-08-16 11:01:10 --> 404 Page Not Found: Assets/js
ERROR - 2019-08-16 11:01:10 --> 404 Page Not Found: Assets/js
ERROR - 2019-08-16 11:03:43 --> 404 Page Not Found: Assets/js
ERROR - 2019-08-16 11:03:43 --> 404 Page Not Found: Assets/js
ERROR - 2019-08-16 11:05:20 --> 404 Page Not Found: Assets/js
ERROR - 2019-08-16 11:05:20 --> 404 Page Not Found: Assets/js
ERROR - 2019-08-16 11:06:43 --> 404 Page Not Found: Assets/js
ERROR - 2019-08-16 11:06:43 --> 404 Page Not Found: Assets/js
ERROR - 2019-08-16 11:06:46 --> Severity: Notice --> Undefined property: Usuario::$form_valitadion C:\wamp64\www\webpedidos\application\controllers\usuario\Usuario.php 35
ERROR - 2019-08-16 11:06:46 --> Severity: error --> Exception: Call to a member function set_rules() on null C:\wamp64\www\webpedidos\application\controllers\usuario\Usuario.php 35
ERROR - 2019-08-16 11:07:34 --> 404 Page Not Found: Assets/js
ERROR - 2019-08-16 11:07:34 --> 404 Page Not Found: Assets/js
ERROR - 2019-08-16 11:07:51 --> 404 Page Not Found: Assets/js
ERROR - 2019-08-16 11:07:51 --> 404 Page Not Found: Assets/js
ERROR - 2019-08-16 11:07:53 --> 404 Page Not Found: Assets/js
ERROR - 2019-08-16 11:07:53 --> 404 Page Not Found: Assets/js
ERROR - 2019-08-16 11:19:06 --> 404 Page Not Found: Assets/js
ERROR - 2019-08-16 11:19:06 --> 404 Page Not Found: Assets/js
ERROR - 2019-08-16 11:19:49 --> Severity: Notice --> Undefined variable: data C:\wamp64\www\webpedidos\application\controllers\usuario\Usuario.php 54
ERROR - 2019-08-16 11:19:49 --> Severity: Notice --> Undefined variable: title C:\wamp64\www\webpedidos\application\views\templates\header.php 10
ERROR - 2019-08-16 11:19:49 --> Severity: Notice --> Undefined variable: relatorios C:\wamp64\www\webpedidos\application\views\templates\header.php 139
ERROR - 2019-08-16 11:19:49 --> Severity: Warning --> in_array() expects parameter 2 to be array, null given C:\wamp64\www\webpedidos\application\views\templates\header.php 139
ERROR - 2019-08-16 11:19:51 --> Severity: Notice --> Undefined variable: data C:\wamp64\www\webpedidos\application\controllers\usuario\Usuario.php 54
ERROR - 2019-08-16 11:19:51 --> Severity: Notice --> Undefined variable: title C:\wamp64\www\webpedidos\application\views\templates\header.php 10
ERROR - 2019-08-16 11:19:51 --> Severity: Notice --> Undefined variable: relatorios C:\wamp64\www\webpedidos\application\views\templates\header.php 139
ERROR - 2019-08-16 11:19:51 --> Severity: Warning --> in_array() expects parameter 2 to be array, null given C:\wamp64\www\webpedidos\application\views\templates\header.php 139
ERROR - 2019-08-16 11:20:04 --> Severity: Notice --> Undefined variable: data C:\wamp64\www\webpedidos\application\controllers\usuario\Usuario.php 54
ERROR - 2019-08-16 11:20:04 --> Severity: Notice --> Undefined variable: title C:\wamp64\www\webpedidos\application\views\templates\header.php 10
ERROR - 2019-08-16 11:20:04 --> Severity: Notice --> Undefined variable: relatorios C:\wamp64\www\webpedidos\application\views\templates\header.php 139
ERROR - 2019-08-16 11:20:04 --> Severity: Warning --> in_array() expects parameter 2 to be array, null given C:\wamp64\www\webpedidos\application\views\templates\header.php 139
ERROR - 2019-08-16 11:20:18 --> Severity: Notice --> Undefined variable: title C:\wamp64\www\webpedidos\application\views\templates\header.php 10
ERROR - 2019-08-16 11:20:18 --> Severity: Notice --> Undefined variable: relatorios C:\wamp64\www\webpedidos\application\views\templates\header.php 139
ERROR - 2019-08-16 11:20:18 --> Severity: Warning --> in_array() expects parameter 2 to be array, null given C:\wamp64\www\webpedidos\application\views\templates\header.php 139
ERROR - 2019-08-16 11:20:24 --> 404 Page Not Found: Assets/js
ERROR - 2019-08-16 11:20:24 --> 404 Page Not Found: Assets/js
ERROR - 2019-08-16 11:20:27 --> Severity: Notice --> Undefined variable: title C:\wamp64\www\webpedidos\application\views\templates\header.php 10
ERROR - 2019-08-16 11:20:27 --> Severity: Notice --> Undefined variable: relatorios C:\wamp64\www\webpedidos\application\views\templates\header.php 139
ERROR - 2019-08-16 11:20:27 --> Severity: Warning --> in_array() expects parameter 2 to be array, null given C:\wamp64\www\webpedidos\application\views\templates\header.php 139
ERROR - 2019-08-16 11:21:07 --> Severity: Notice --> Undefined variable: title C:\wamp64\www\webpedidos\application\views\templates\header.php 10
ERROR - 2019-08-16 11:21:07 --> Severity: Notice --> Undefined variable: relatorios C:\wamp64\www\webpedidos\application\views\templates\header.php 139
ERROR - 2019-08-16 11:21:07 --> Severity: Warning --> in_array() expects parameter 2 to be array, null given C:\wamp64\www\webpedidos\application\views\templates\header.php 139
ERROR - 2019-08-16 11:21:09 --> Severity: Notice --> Undefined variable: title C:\wamp64\www\webpedidos\application\views\templates\header.php 10
ERROR - 2019-08-16 11:21:09 --> Severity: Notice --> Undefined variable: relatorios C:\wamp64\www\webpedidos\application\views\templates\header.php 139
ERROR - 2019-08-16 11:21:09 --> Severity: Warning --> in_array() expects parameter 2 to be array, null given C:\wamp64\www\webpedidos\application\views\templates\header.php 139
ERROR - 2019-08-16 11:21:12 --> 404 Page Not Found: Assets/js
ERROR - 2019-08-16 11:21:12 --> 404 Page Not Found: Assets/js
ERROR - 2019-08-16 11:21:17 --> 404 Page Not Found: Assets/js
ERROR - 2019-08-16 11:21:17 --> 404 Page Not Found: Assets/js
ERROR - 2019-08-16 11:21:34 --> 404 Page Not Found: Assets/js
ERROR - 2019-08-16 11:21:34 --> 404 Page Not Found: Assets/js
ERROR - 2019-08-16 11:21:38 --> 404 Page Not Found: Assets/js
ERROR - 2019-08-16 11:21:38 --> 404 Page Not Found: Assets/js
ERROR - 2019-08-16 11:31:19 --> 404 Page Not Found: Assets/js
ERROR - 2019-08-16 11:31:20 --> 404 Page Not Found: Assets/js
ERROR - 2019-08-16 11:31:22 --> 404 Page Not Found: Assets/js
ERROR - 2019-08-16 11:31:22 --> 404 Page Not Found: Assets/js
ERROR - 2019-08-16 11:31:25 --> 404 Page Not Found: Assets/js
ERROR - 2019-08-16 11:31:25 --> 404 Page Not Found: Assets/js
ERROR - 2019-08-16 11:32:49 --> Severity: Notice --> Undefined variable: relatorios C:\wamp64\www\webpedidos\application\views\templates\header.php 139
ERROR - 2019-08-16 11:32:49 --> Severity: Warning --> in_array() expects parameter 2 to be array, null given C:\wamp64\www\webpedidos\application\views\templates\header.php 139
ERROR - 2019-08-16 11:37:14 --> Severity: Notice --> Undefined variable: relatorios C:\wamp64\www\webpedidos\application\views\templates\header.php 139
ERROR - 2019-08-16 11:37:14 --> Severity: Warning --> in_array() expects parameter 2 to be array, null given C:\wamp64\www\webpedidos\application\views\templates\header.php 139
ERROR - 2019-08-16 11:40:00 --> Severity: Notice --> Undefined variable: relatorios C:\wamp64\www\webpedidos\application\views\templates\header.php 139
ERROR - 2019-08-16 11:40:00 --> Severity: Warning --> in_array() expects parameter 2 to be array, null given C:\wamp64\www\webpedidos\application\views\templates\header.php 139
ERROR - 2019-08-16 11:41:46 --> Severity: Notice --> Undefined variable: relatorios C:\wamp64\www\webpedidos\application\views\templates\header.php 139
ERROR - 2019-08-16 11:41:46 --> Severity: Warning --> in_array() expects parameter 2 to be array, null given C:\wamp64\www\webpedidos\application\views\templates\header.php 139
ERROR - 2019-08-16 13:58:40 --> Severity: Notice --> Undefined variable: relatorios C:\wamp64\www\webpedidos\application\views\templates\header.php 139
ERROR - 2019-08-16 13:58:40 --> Severity: Warning --> in_array() expects parameter 2 to be array, null given C:\wamp64\www\webpedidos\application\views\templates\header.php 139
ERROR - 2019-08-16 13:59:46 --> Severity: Notice --> Undefined variable: relatorios C:\wamp64\www\webpedidos\application\views\templates\header.php 139
ERROR - 2019-08-16 13:59:46 --> Severity: Warning --> in_array() expects parameter 2 to be array, null given C:\wamp64\www\webpedidos\application\views\templates\header.php 139
ERROR - 2019-08-16 13:59:47 --> Severity: Notice --> Undefined variable: relatorios C:\wamp64\www\webpedidos\application\views\templates\header.php 139
ERROR - 2019-08-16 13:59:47 --> Severity: Warning --> in_array() expects parameter 2 to be array, null given C:\wamp64\www\webpedidos\application\views\templates\header.php 139
ERROR - 2019-08-16 14:00:34 --> Severity: Notice --> Undefined variable: relatorios C:\wamp64\www\webpedidos\application\views\templates\header.php 139
ERROR - 2019-08-16 14:00:34 --> Severity: Warning --> in_array() expects parameter 2 to be array, null given C:\wamp64\www\webpedidos\application\views\templates\header.php 139
ERROR - 2019-08-16 14:01:07 --> Severity: Notice --> Undefined variable: relatorios C:\wamp64\www\webpedidos\application\views\templates\header.php 139
ERROR - 2019-08-16 14:01:07 --> Severity: Warning --> in_array() expects parameter 2 to be array, null given C:\wamp64\www\webpedidos\application\views\templates\header.php 139
ERROR - 2019-08-16 14:01:21 --> Severity: Notice --> Undefined variable: relatorios C:\wamp64\www\webpedidos\application\views\templates\header.php 139
ERROR - 2019-08-16 14:01:21 --> Severity: Warning --> in_array() expects parameter 2 to be array, null given C:\wamp64\www\webpedidos\application\views\templates\header.php 139
ERROR - 2019-08-16 14:03:20 --> Severity: Notice --> Undefined variable: relatorios C:\wamp64\www\webpedidos\application\views\templates\header.php 139
ERROR - 2019-08-16 14:03:20 --> Severity: Warning --> in_array() expects parameter 2 to be array, null given C:\wamp64\www\webpedidos\application\views\templates\header.php 139
ERROR - 2019-08-16 14:03:21 --> Severity: Notice --> Undefined variable: relatorios C:\wamp64\www\webpedidos\application\views\templates\header.php 139
ERROR - 2019-08-16 14:03:21 --> Severity: Warning --> in_array() expects parameter 2 to be array, null given C:\wamp64\www\webpedidos\application\views\templates\header.php 139
ERROR - 2019-08-16 14:12:23 --> 404 Page Not Found: usuario//index
ERROR - 2019-08-16 14:12:24 --> 404 Page Not Found: usuario//index
ERROR - 2019-08-16 14:12:31 --> 404 Page Not Found: usuario/Usuario/nova
ERROR - 2019-08-16 14:12:33 --> 404 Page Not Found: usuario/Usuario/nova
ERROR - 2019-08-16 14:12:34 --> 404 Page Not Found: usuario/Usuario/nova
ERROR - 2019-08-16 14:12:34 --> 404 Page Not Found: usuario/Usuario/nova
ERROR - 2019-08-16 14:12:35 --> 404 Page Not Found: usuario/Usuario/nova
ERROR - 2019-08-16 14:12:35 --> 404 Page Not Found: usuario/Usuario/nova
ERROR - 2019-08-16 14:12:35 --> 404 Page Not Found: usuario/Usuario/nova
ERROR - 2019-08-16 14:12:35 --> 404 Page Not Found: usuario/Usuario/nova
ERROR - 2019-08-16 14:12:35 --> 404 Page Not Found: usuario/Usuario/nova
ERROR - 2019-08-16 14:16:38 --> 404 Page Not Found: Assets/js
ERROR - 2019-08-16 14:16:38 --> 404 Page Not Found: Assets/js
ERROR - 2019-08-16 14:16:59 --> 404 Page Not Found: Assets/js
ERROR - 2019-08-16 14:16:59 --> 404 Page Not Found: Assets/js
ERROR - 2019-08-16 14:17:24 --> 404 Page Not Found: Assets/js
ERROR - 2019-08-16 14:17:24 --> 404 Page Not Found: Assets/js
ERROR - 2019-08-16 14:17:50 --> 404 Page Not Found: Assets/js
ERROR - 2019-08-16 14:17:50 --> 404 Page Not Found: Assets/js
ERROR - 2019-08-16 14:40:03 --> Severity: error --> Exception: syntax error, unexpected ''<script src="'' (T_CONSTANT_ENCAPSED_STRING), expecting ')' C:\wamp64\www\webpedidos\application\controllers\usuario\Usuario.php 23
ERROR - 2019-08-16 14:40:04 --> Severity: error --> Exception: syntax error, unexpected ''<script src="'' (T_CONSTANT_ENCAPSED_STRING), expecting ')' C:\wamp64\www\webpedidos\application\controllers\usuario\Usuario.php 23
ERROR - 2019-08-16 14:53:01 --> 404 Page Not Found: Assets/js
ERROR - 2019-08-16 14:53:01 --> 404 Page Not Found: Assets/js
ERROR - 2019-08-16 14:53:31 --> 404 Page Not Found: Assets/js
ERROR - 2019-08-16 14:53:31 --> 404 Page Not Found: Assets/js
ERROR - 2019-08-16 14:53:51 --> 404 Page Not Found: Assets/js
ERROR - 2019-08-16 14:53:51 --> 404 Page Not Found: Assets/js
ERROR - 2019-08-16 14:53:51 --> 404 Page Not Found: Assets/js
ERROR - 2019-08-16 14:53:51 --> 404 Page Not Found: Assets/js
ERROR - 2019-08-16 14:54:38 --> 404 Page Not Found: Assets/js
ERROR - 2019-08-16 14:54:38 --> 404 Page Not Found: Assets/js
ERROR - 2019-08-16 14:54:45 --> 404 Page Not Found: Assets/js
ERROR - 2019-08-16 14:54:45 --> 404 Page Not Found: Assets/js
ERROR - 2019-08-16 14:54:46 --> 404 Page Not Found: Assets/js
ERROR - 2019-08-16 14:54:46 --> 404 Page Not Found: Assets/js
ERROR - 2019-08-16 14:54:54 --> 404 Page Not Found: Assets/js
ERROR - 2019-08-16 14:54:54 --> 404 Page Not Found: Assets/js
ERROR - 2019-08-16 14:55:27 --> 404 Page Not Found: Assets/images
ERROR - 2019-08-16 14:55:27 --> 404 Page Not Found: Assets/images
ERROR - 2019-08-16 14:55:27 --> 404 Page Not Found: Assets/images
ERROR - 2019-08-16 14:55:27 --> 404 Page Not Found: Assets/images
ERROR - 2019-08-16 14:58:17 --> 404 Page Not Found: Assets/js
ERROR - 2019-08-16 14:58:17 --> 404 Page Not Found: Assets/js
ERROR - 2019-08-16 15:01:36 --> 404 Page Not Found: Assets/js
ERROR - 2019-08-16 15:01:36 --> 404 Page Not Found: Assets/js
