ERROR - 2020-01-20 11:24:43 --> Query error: ERRO:  relação "vendas" não existe
LINE 2: FROM "vendas" "v"
             ^ - Invalid query: SELECT DISTINCT "rm", "recebido"
FROM "vendas" "v"
WHERE "v"."key_funcionarios" = ''
AND "v"."key_clientes" = ''
ERROR - 2020-01-20 11:27:29 --> Query error: ERRO:  relação "vendas" não existe
LINE 2: FROM "vendas" "v"
             ^ - Invalid query: SELECT DISTINCT "rm", "recebido"
FROM "vendas" "v"
WHERE "v"."key_funcionarios" = ''
AND "v"."key_clientes" = ''
ERROR - 2020-01-20 11:27:35 --> Query error: ERRO:  relação "vendas" não existe
LINE 2: FROM "vendas" "v"
             ^ - Invalid query: SELECT DISTINCT "rm", "recebido"
FROM "vendas" "v"
WHERE "v"."key_funcionarios" = ''
AND "v"."key_clientes" = ''
ERROR - 2020-01-20 11:48:05 --> Severity: error --> Exception: Call to undefined function alert() C:\wamp64\www\webpedidos\application\controllers\recebimento\Recebimento.php 310
ERROR - 2020-01-20 11:48:52 --> Severity: error --> Exception: Call to undefined function alert() C:\wamp64\www\webpedidos\application\controllers\recebimento\Recebimento.php 310
ERROR - 2020-01-20 11:51:59 --> Severity: error --> Exception: Call to undefined function alert() C:\wamp64\www\webpedidos\application\controllers\recebimento\Recebimento.php 310
ERROR - 2020-01-20 11:53:22 --> Severity: Notice --> Array to string conversion C:\wamp64\www\webpedidos\application\controllers\recebimento\Recebimento.php 310
ERROR - 2020-01-20 11:56:01 --> Severity: error --> Exception: Call to undefined function string() C:\wamp64\www\webpedidos\application\controllers\recebimento\Recebimento.php 310
ERROR - 2020-01-20 16:01:26 --> Query error: ERRO:  SELECT * sem tabelas especificadas não é válido
LINE 1: SELECT *
               ^ - Invalid query: SELECT *
ERROR - 2020-01-20 16:02:06 --> Query error: ERRO:  SELECT * sem tabelas especificadas não é válido
LINE 1: SELECT *
               ^ - Invalid query: SELECT *
ERROR - 2020-01-20 16:03:43 --> Query error: ERRO:  SELECT * sem tabelas especificadas não é válido
LINE 1: SELECT *
               ^ - Invalid query: SELECT *
ERROR - 2020-01-20 16:03:54 --> Query error: ERRO:  SELECT * sem tabelas especificadas não é válido
LINE 1: SELECT *
               ^ - Invalid query: SELECT *
ERROR - 2020-01-20 16:04:38 --> Query error: ERRO:  SELECT * sem tabelas especificadas não é válido
LINE 1: SELECT *
               ^ - Invalid query: SELECT *
ERROR - 2020-01-20 16:04:56 --> Query error: ERRO:  SELECT * sem tabelas especificadas não é válido
LINE 1: SELECT *
               ^ - Invalid query: SELECT *
ERROR - 2020-01-20 16:09:44 --> Query error: ERRO:  SELECT * sem tabelas especificadas não é válido
LINE 1: SELECT *
               ^ - Invalid query: SELECT *
ERROR - 2020-01-20 16:11:44 --> Severity: error --> Exception: syntax error, unexpected '"');"' (T_CONSTANT_ENCAPSED_STRING), expecting ',' or ';' C:\wamp64\www\webpedidos\application\controllers\recebimento\recebe.php 41
ERROR - 2020-01-20 16:13:19 --> Query error: ERRO:  SELECT * sem tabelas especificadas não é válido
LINE 1: SELECT *
               ^ - Invalid query: SELECT *
ERROR - 2020-01-20 16:13:30 --> Query error: ERRO:  SELECT * sem tabelas especificadas não é válido
LINE 1: SELECT *
               ^ - Invalid query: SELECT *
ERROR - 2020-01-20 16:18:20 --> Query error: ERRO:  SELECT * sem tabelas especificadas não é válido
LINE 1: SELECT *
               ^ - Invalid query: SELECT *
ERROR - 2020-01-20 16:19:47 --> Query error: ERRO:  SELECT * sem tabelas especificadas não é válido
LINE 1: SELECT *
               ^ - Invalid query: SELECT *
ERROR - 2020-01-20 16:20:20 --> Query error: ERRO:  SELECT * sem tabelas especificadas não é válido
LINE 1: SELECT *
               ^ - Invalid query: SELECT *
ERROR - 2020-01-20 16:20:38 --> Severity: Notice --> Undefined variable: recebeu C:\wamp64\www\webpedidos\application\models\recebimento\Recebimento_model.php 108
ERROR - 2020-01-20 16:21:18 --> Severity: error --> Exception: Call to undefined method CI_DB_pdo_pgsql_driver::result() C:\wamp64\www\webpedidos\application\models\recebimento\Recebimento_model.php 107
ERROR - 2020-01-20 16:21:44 --> Query error: ERRO:  SELECT * sem tabelas especificadas não é válido
LINE 1: SELECT *
               ^ - Invalid query: SELECT *
