ERROR - 2020-01-29 10:44:26 --> Severity: Notice --> Undefined variable: filial C:\wamp64\www\webpedidos\application\controllers\dashboard\Dashboard.php 33
ERROR - 2020-01-29 16:27:29 --> 404 Page Not Found: Assets/js
ERROR - 2020-01-29 16:27:30 --> 404 Page Not Found: Assets/js
ERROR - 2020-01-29 16:40:24 --> 404 Page Not Found: Assets/js
ERROR - 2020-01-29 16:40:24 --> 404 Page Not Found: Assets/js
ERROR - 2020-01-29 16:48:07 --> 404 Page Not Found: Assets/js
ERROR - 2020-01-29 16:48:07 --> 404 Page Not Found: Assets/js
ERROR - 2020-01-29 16:48:31 --> 404 Page Not Found: Assets/js
ERROR - 2020-01-29 16:48:31 --> 404 Page Not Found: Assets/js
ERROR - 2020-01-29 16:48:45 --> 404 Page Not Found: Assets/images
ERROR - 2020-01-29 16:48:45 --> 404 Page Not Found: Assets/images
ERROR - 2020-01-29 16:48:45 --> 404 Page Not Found: Assets/images
ERROR - 2020-01-29 16:48:45 --> 404 Page Not Found: Assets/images
ERROR - 2020-01-29 16:48:45 --> 404 Page Not Found: Assets/images
ERROR - 2020-01-29 16:48:45 --> 404 Page Not Found: Assets/images
ERROR - 2020-01-29 16:48:45 --> 404 Page Not Found: Assets/images
ERROR - 2020-01-29 16:48:45 --> 404 Page Not Found: Assets/images
ERROR - 2020-01-29 16:48:45 --> 404 Page Not Found: Assets/images
ERROR - 2020-01-29 16:48:46 --> 404 Page Not Found: Assets/images
ERROR - 2020-01-29 16:48:46 --> 404 Page Not Found: Assets/images
ERROR - 2020-01-29 16:48:46 --> 404 Page Not Found: Assets/images
ERROR - 2020-01-29 16:48:46 --> 404 Page Not Found: Assets/images
ERROR - 2020-01-29 16:48:46 --> 404 Page Not Found: Assets/images
ERROR - 2020-01-29 16:48:48 --> 404 Page Not Found: Assets/images
ERROR - 2020-01-29 16:48:49 --> 404 Page Not Found: Assets/images
ERROR - 2020-01-29 16:48:49 --> 404 Page Not Found: Assets/images
ERROR - 2020-01-29 16:48:49 --> 404 Page Not Found: Assets/images
ERROR - 2020-01-29 16:48:50 --> 404 Page Not Found: Assets/images
ERROR - 2020-01-29 16:48:51 --> 404 Page Not Found: Assets/images
ERROR - 2020-01-29 16:48:54 --> 404 Page Not Found: Assets/images
ERROR - 2020-01-29 16:49:00 --> 404 Page Not Found: Assets/js
ERROR - 2020-01-29 16:49:00 --> 404 Page Not Found: Assets/js
ERROR - 2020-01-29 16:49:13 --> 404 Page Not Found: Assets/js
ERROR - 2020-01-29 16:49:13 --> 404 Page Not Found: Assets/js
ERROR - 2020-01-29 16:49:21 --> 404 Page Not Found: Assets/js
ERROR - 2020-01-29 16:49:21 --> 404 Page Not Found: Assets/js
ERROR - 2020-01-29 16:51:06 --> 404 Page Not Found: Assets/js
ERROR - 2020-01-29 16:51:06 --> 404 Page Not Found: Assets/js
ERROR - 2020-01-29 16:51:23 --> 404 Page Not Found: Assets/images
ERROR - 2020-01-29 16:51:23 --> 404 Page Not Found: Assets/images
ERROR - 2020-01-29 16:51:24 --> 404 Page Not Found: Assets/images
ERROR - 2020-01-29 16:51:25 --> 404 Page Not Found: Assets/images
ERROR - 2020-01-29 16:51:28 --> 404 Page Not Found: Assets/images
ERROR - 2020-01-29 16:51:29 --> 404 Page Not Found: Assets/images
ERROR - 2020-01-29 16:51:30 --> 404 Page Not Found: Assets/images
ERROR - 2020-01-29 16:51:32 --> 404 Page Not Found: Assets/images
ERROR - 2020-01-29 16:51:42 --> 404 Page Not Found: Assets/images
ERROR - 2020-01-29 16:51:49 --> 404 Page Not Found: Assets/js
ERROR - 2020-01-29 16:51:49 --> 404 Page Not Found: Assets/js
ERROR - 2020-01-29 16:52:11 --> 404 Page Not Found: Assets/js
ERROR - 2020-01-29 16:52:11 --> 404 Page Not Found: Assets/js
ERROR - 2020-01-29 16:57:31 --> 404 Page Not Found: Assets/js
ERROR - 2020-01-29 16:57:31 --> 404 Page Not Found: Assets/js
ERROR - 2020-01-29 16:59:42 --> 404 Page Not Found: Assets/js
ERROR - 2020-01-29 16:59:42 --> 404 Page Not Found: Assets/js
ERROR - 2020-01-29 16:59:43 --> Query error: ERRO:  coluna pe.nume2ro não existe
LINE 1: SELECT CAST(pe.nume2ro AS INTEGER) as numero, "f"."nome", "p...
                    ^
HINT:  Perhaps you meant to reference the column "pe.numero". - Invalid query: SELECT CAST(pe.nume2ro AS INTEGER) as numero, "f"."nome", "pe"."data_emissao", "pe"."status", "pe"."obs", "pe"."aprovar", "pe"."entrega_turno" AS "turno", "pe"."entrega_local" AS "entrega", "fs"."nome" AS "solicitante", "fa"."nome" AS "aprovador", "pe"."id_centro_custo" AS "cc", "s"."nome" AS "setor"
FROM "pedidos" "pe"
JOIN "funcionarios" "f" ON (f.matricula, f.key_clientes) = (pe.key_funcionarios, pe.key_clientes)
JOIN "funcionarios" "fa" ON (fa.matricula, fa.key_clientes) = (pe.key_funcionarios_aprovador, pe.key_clientes)
JOIN "funcionarios" "fs" ON (fs.matricula, fs.key_clientes) = (pe.key_funcionarios_solicitante, pe.key_clientes)
JOIN "setor" "s" ON "s"."id_centro_custo" = "pe"."id_centro_custo" AND "s"."id_depto" = "pe"."id_depto"
WHERE "pe"."key_funcionarios_solicitante" = '33100093'
ORDER BY "numero" DESC
 LIMIT 10
ERROR - 2020-01-29 17:00:07 --> 404 Page Not Found: Assets/js
ERROR - 2020-01-29 17:00:07 --> 404 Page Not Found: Assets/js
ERROR - 2020-01-29 17:00:07 --> Query error: ERRO:  coluna pe.nume2ro não existe
LINE 1: SELECT CAST(pe.nume2ro AS INTEGER) as numero, "f"."nome", "p...
                    ^
HINT:  Perhaps you meant to reference the column "pe.numero". - Invalid query: SELECT CAST(pe.nume2ro AS INTEGER) as numero, "f"."nome", "pe"."data_emissao", "pe"."status", "pe"."obs", "pe"."aprovar", "pe"."entrega_turno" AS "turno", "pe"."entrega_local" AS "entrega", "fs"."nome" AS "solicitante", "fa"."nome" AS "aprovador", "pe"."id_centro_custo" AS "cc", "s"."nome" AS "setor"
FROM "pedidos" "pe"
JOIN "funcionarios" "f" ON (f.matricula, f.key_clientes) = (pe.key_funcionarios, pe.key_clientes)
JOIN "funcionarios" "fa" ON (fa.matricula, fa.key_clientes) = (pe.key_funcionarios_aprovador, pe.key_clientes)
JOIN "funcionarios" "fs" ON (fs.matricula, fs.key_clientes) = (pe.key_funcionarios_solicitante, pe.key_clientes)
JOIN "setor" "s" ON "s"."id_centro_custo" = "pe"."id_centro_custo" AND "s"."id_depto" = "pe"."id_depto"
WHERE "pe"."key_funcionarios_solicitante" = '33100093'
ORDER BY "numero" DESC
 LIMIT 10
ERROR - 2020-01-29 17:00:10 --> 404 Page Not Found: Assets/js
ERROR - 2020-01-29 17:00:11 --> 404 Page Not Found: Assets/js
ERROR - 2020-01-29 17:00:24 --> 404 Page Not Found: Assets/js
ERROR - 2020-01-29 17:00:24 --> 404 Page Not Found: Assets/js
ERROR - 2020-01-29 17:00:36 --> 404 Page Not Found: Assets/images
ERROR - 2020-01-29 17:00:36 --> 404 Page Not Found: Assets/images
ERROR - 2020-01-29 17:00:36 --> 404 Page Not Found: Assets/images
ERROR - 2020-01-29 17:00:36 --> 404 Page Not Found: Assets/images
ERROR - 2020-01-29 17:00:36 --> 404 Page Not Found: Assets/images
ERROR - 2020-01-29 17:00:57 --> 404 Page Not Found: Assets/js
ERROR - 2020-01-29 17:00:57 --> 404 Page Not Found: Assets/js
ERROR - 2020-01-29 17:01:18 --> 404 Page Not Found: Assets/js
ERROR - 2020-01-29 17:01:18 --> 404 Page Not Found: Assets/js
ERROR - 2020-01-29 17:01:38 --> 404 Page Not Found: Assets/images
ERROR - 2020-01-29 17:01:38 --> 404 Page Not Found: Assets/images
ERROR - 2020-01-29 17:01:38 --> 404 Page Not Found: Assets/images
ERROR - 2020-01-29 17:01:44 --> 404 Page Not Found: Assets/js
ERROR - 2020-01-29 17:01:44 --> 404 Page Not Found: Assets/js
ERROR - 2020-01-29 17:01:56 --> 404 Page Not Found: Assets/images
ERROR - 2020-01-29 17:01:56 --> 404 Page Not Found: Assets/images
ERROR - 2020-01-29 17:01:56 --> 404 Page Not Found: Assets/images
ERROR - 2020-01-29 17:01:56 --> 404 Page Not Found: Assets/images
ERROR - 2020-01-29 17:01:56 --> 404 Page Not Found: Assets/images
ERROR - 2020-01-29 17:01:56 --> 404 Page Not Found: Assets/images
ERROR - 2020-01-29 17:01:56 --> 404 Page Not Found: Assets/images
ERROR - 2020-01-29 17:01:56 --> 404 Page Not Found: Assets/images
ERROR - 2020-01-29 17:01:56 --> 404 Page Not Found: Assets/images
ERROR - 2020-01-29 17:01:57 --> 404 Page Not Found: Assets/images
ERROR - 2020-01-29 17:01:57 --> 404 Page Not Found: Assets/images
ERROR - 2020-01-29 17:02:06 --> 404 Page Not Found: Assets/js
ERROR - 2020-01-29 17:02:06 --> 404 Page Not Found: Assets/js
ERROR - 2020-01-29 17:02:38 --> 404 Page Not Found: Assets/js
ERROR - 2020-01-29 17:02:38 --> 404 Page Not Found: Assets/js
ERROR - 2020-01-29 17:04:19 --> 404 Page Not Found: Assets/images
ERROR - 2020-01-29 17:04:19 --> 404 Page Not Found: Assets/images
ERROR - 2020-01-29 17:04:19 --> 404 Page Not Found: Assets/images
ERROR - 2020-01-29 17:04:36 --> 404 Page Not Found: Assets/js
ERROR - 2020-01-29 17:04:36 --> 404 Page Not Found: Assets/js
ERROR - 2020-01-29 17:15:10 --> 404 Page Not Found: Assets/js
ERROR - 2020-01-29 17:15:10 --> 404 Page Not Found: Assets/js
ERROR - 2020-01-29 17:15:12 --> Severity: error --> Exception: syntax error, unexpected ';', expecting ',' or ')' C:\wamp64\www\webpedidos\application\models\pedido\Requisicao_model.php 159
ERROR - 2020-01-29 17:15:28 --> 404 Page Not Found: Assets/js
ERROR - 2020-01-29 17:15:28 --> 404 Page Not Found: Assets/js
