ERROR - 2018-09-28 10:57:12 --> 404 Page Not Found: Assets/js
ERROR - 2018-09-28 10:57:12 --> 404 Page Not Found: Assets/js
ERROR - 2018-09-28 10:57:19 --> Severity: Notice --> Undefined property: stdClass::$nome C:\laragon\www\webpedidos\application\controllers\pedido\Template.php 233
ERROR - 2018-09-28 10:57:20 --> Severity: Notice --> Array to string conversion C:\laragon\www\webpedidos\application\controllers\pedido\Template.php 238
ERROR - 2018-09-28 10:57:20 --> Severity: Notice --> Undefined property: stdClass::$nome C:\laragon\www\webpedidos\application\controllers\pedido\Template.php 233
ERROR - 2018-09-28 10:57:20 --> Severity: Notice --> Array to string conversion C:\laragon\www\webpedidos\application\controllers\pedido\Template.php 238
ERROR - 2018-09-28 11:01:27 --> 404 Page Not Found: Assets/js
ERROR - 2018-09-28 11:01:28 --> 404 Page Not Found: Assets/js
ERROR - 2018-09-28 11:02:48 --> 404 Page Not Found: Assets/js
ERROR - 2018-09-28 11:02:48 --> 404 Page Not Found: Assets/js
ERROR - 2018-09-28 11:03:02 --> Severity: Notice --> Undefined property: stdClass::$nome C:\laragon\www\webpedidos\application\controllers\pedido\Template.php 233
ERROR - 2018-09-28 11:03:02 --> Severity: Notice --> Array to string conversion C:\laragon\www\webpedidos\application\controllers\pedido\Template.php 238
ERROR - 2018-09-28 11:03:02 --> Severity: Notice --> Undefined property: stdClass::$nome C:\laragon\www\webpedidos\application\controllers\pedido\Template.php 233
ERROR - 2018-09-28 11:03:02 --> Severity: Notice --> Array to string conversion C:\laragon\www\webpedidos\application\controllers\pedido\Template.php 238
ERROR - 2018-09-28 11:04:01 --> Severity: Notice --> Undefined property: stdClass::$nome C:\laragon\www\webpedidos\application\controllers\pedido\Template.php 233
ERROR - 2018-09-28 11:04:01 --> Severity: Notice --> Array to string conversion C:\laragon\www\webpedidos\application\controllers\pedido\Template.php 238
ERROR - 2018-09-28 11:04:02 --> Severity: Notice --> Undefined property: stdClass::$nome C:\laragon\www\webpedidos\application\controllers\pedido\Template.php 233
ERROR - 2018-09-28 11:04:02 --> Severity: Notice --> Array to string conversion C:\laragon\www\webpedidos\application\controllers\pedido\Template.php 238
ERROR - 2018-09-28 11:04:30 --> 404 Page Not Found: Assets/js
ERROR - 2018-09-28 11:04:30 --> 404 Page Not Found: Assets/js
ERROR - 2018-09-28 11:04:42 --> Severity: Notice --> Array to string conversion C:\laragon\www\webpedidos\application\controllers\pedido\Template.php 238
ERROR - 2018-09-28 11:04:42 --> Severity: Notice --> Array to string conversion C:\laragon\www\webpedidos\application\controllers\pedido\Template.php 238
ERROR - 2018-09-28 11:07:03 --> Severity: Notice --> Undefined property: stdClass::$nome C:\laragon\www\webpedidos\application\controllers\pedido\Template.php 233
ERROR - 2018-09-28 11:07:03 --> Severity: Notice --> Array to string conversion C:\laragon\www\webpedidos\application\controllers\pedido\Template.php 238
ERROR - 2018-09-28 11:07:04 --> Severity: Notice --> Undefined property: stdClass::$nome C:\laragon\www\webpedidos\application\controllers\pedido\Template.php 233
ERROR - 2018-09-28 11:07:04 --> Severity: Notice --> Array to string conversion C:\laragon\www\webpedidos\application\controllers\pedido\Template.php 238
ERROR - 2018-09-28 11:08:00 --> 404 Page Not Found: Assets/js
ERROR - 2018-09-28 11:08:00 --> 404 Page Not Found: Assets/js
ERROR - 2018-09-28 11:08:07 --> Severity: Notice --> Undefined property: stdClass::$nome C:\laragon\www\webpedidos\application\controllers\pedido\Template.php 233
ERROR - 2018-09-28 11:08:07 --> Severity: Notice --> Array to string conversion C:\laragon\www\webpedidos\application\controllers\pedido\Template.php 238
ERROR - 2018-09-28 11:08:07 --> Severity: Notice --> Undefined property: stdClass::$nome C:\laragon\www\webpedidos\application\controllers\pedido\Template.php 233
ERROR - 2018-09-28 11:08:07 --> Severity: Notice --> Array to string conversion C:\laragon\www\webpedidos\application\controllers\pedido\Template.php 238
ERROR - 2018-09-28 11:09:34 --> 404 Page Not Found: Assets/js
ERROR - 2018-09-28 11:09:34 --> 404 Page Not Found: Assets/js
ERROR - 2018-09-28 11:09:41 --> Severity: Notice --> Undefined property: stdClass::$nome C:\laragon\www\webpedidos\application\controllers\pedido\Template.php 233
ERROR - 2018-09-28 11:09:41 --> Severity: Notice --> Array to string conversion C:\laragon\www\webpedidos\application\controllers\pedido\Template.php 238
ERROR - 2018-09-28 11:09:41 --> Severity: Notice --> Undefined property: stdClass::$nome C:\laragon\www\webpedidos\application\controllers\pedido\Template.php 233
ERROR - 2018-09-28 11:09:41 --> Severity: Notice --> Array to string conversion C:\laragon\www\webpedidos\application\controllers\pedido\Template.php 238
ERROR - 2018-09-28 11:16:14 --> 404 Page Not Found: Assets/js
ERROR - 2018-09-28 11:16:14 --> 404 Page Not Found: Assets/js
ERROR - 2018-09-28 11:16:21 --> Severity: Notice --> Undefined property: stdClass::$nome C:\laragon\www\webpedidos\application\controllers\pedido\Template.php 233
ERROR - 2018-09-28 11:16:21 --> Severity: Notice --> Array to string conversion C:\laragon\www\webpedidos\application\controllers\pedido\Template.php 238
ERROR - 2018-09-28 11:16:21 --> Severity: Notice --> Undefined property: stdClass::$nome C:\laragon\www\webpedidos\application\controllers\pedido\Template.php 233
ERROR - 2018-09-28 11:16:21 --> Severity: Notice --> Array to string conversion C:\laragon\www\webpedidos\application\controllers\pedido\Template.php 238
ERROR - 2018-09-28 11:20:45 --> 404 Page Not Found: Assets/js
ERROR - 2018-09-28 11:20:45 --> 404 Page Not Found: Assets/js
ERROR - 2018-09-28 11:25:34 --> Severity: error --> Exception: syntax error, unexpected 'AS' (T_AS), expecting ',' or ')' C:\laragon\www\webpedidos\application\controllers\pedido\Template.php 229
ERROR - 2018-09-28 11:25:41 --> 404 Page Not Found: Assets/js
ERROR - 2018-09-28 11:25:41 --> 404 Page Not Found: Assets/js
ERROR - 2018-09-28 11:25:49 --> Severity: error --> Exception: syntax error, unexpected 'AS' (T_AS), expecting ',' or ')' C:\laragon\www\webpedidos\application\controllers\pedido\Template.php 229
ERROR - 2018-09-28 11:26:28 --> Query error: ERRO:  operador não existe: character varying = integer
LINE 5: WHERE "tf"."key_templates" = 69
                                   ^
HINT:  Nenhum operador corresponde com o nome e o(s) tipo(s) de argumento(s) informados. Você precisa adicionar conversões de tipo explícitas. - Invalid query: SELECT "tf"."codigo", "tf"."key_clientes", "tf"."key_funcionarios", "tf"."nome" AS "setor"
FROM "templates_funcionarios" "tf"
JOIN "funcionarios" "f" ON "f"."matricula" = "tf"."key_funcionarios" AND "f"."key_clientes" = "tf"."key_clientes"
JOIN "setor" "s" ON "s"."id_centro_custo" = "f"."key_setor" AND "s"."id_depto" = "f"."key_clientes"
WHERE "tf"."key_templates" = 69
ORDER BY "f"."nome" ASC
ERROR - 2018-09-28 11:26:28 --> Query error: ERRO:  operador não existe: character varying = integer
LINE 5: WHERE "tf"."key_templates" = 69
                                   ^
HINT:  Nenhum operador corresponde com o nome e o(s) tipo(s) de argumento(s) informados. Você precisa adicionar conversões de tipo explícitas. - Invalid query: SELECT "tf"."codigo", "tf"."key_clientes", "tf"."key_funcionarios", "tf"."nome" AS "setor"
FROM "templates_funcionarios" "tf"
JOIN "funcionarios" "f" ON "f"."matricula" = "tf"."key_funcionarios" AND "f"."key_clientes" = "tf"."key_clientes"
JOIN "setor" "s" ON "s"."id_centro_custo" = "f"."key_setor" AND "s"."id_depto" = "f"."key_clientes"
WHERE "tf"."key_templates" = 69
ORDER BY "f"."nome" ASC
ERROR - 2018-09-28 11:28:03 --> 404 Page Not Found: Assets/js
ERROR - 2018-09-28 11:28:03 --> 404 Page Not Found: Assets/js
ERROR - 2018-09-28 11:28:11 --> Severity: Notice --> Array to string conversion C:\laragon\www\webpedidos\application\controllers\pedido\Template.php 238
ERROR - 2018-09-28 11:28:11 --> Severity: Notice --> Array to string conversion C:\laragon\www\webpedidos\application\controllers\pedido\Template.php 238
ERROR - 2018-09-28 11:29:16 --> 404 Page Not Found: Assets/js
ERROR - 2018-09-28 11:29:16 --> 404 Page Not Found: Assets/js
ERROR - 2018-09-28 11:29:21 --> Severity: Notice --> Array to string conversion C:\laragon\www\webpedidos\application\controllers\pedido\Template.php 238
ERROR - 2018-09-28 11:29:21 --> Severity: Notice --> Array to string conversion C:\laragon\www\webpedidos\application\controllers\pedido\Template.php 238
ERROR - 2018-09-28 11:30:03 --> Severity: Notice --> Array to string conversion C:\laragon\www\webpedidos\application\controllers\pedido\Template.php 238
ERROR - 2018-09-28 11:30:03 --> Severity: Notice --> Array to string conversion C:\laragon\www\webpedidos\application\controllers\pedido\Template.php 238
ERROR - 2018-09-28 11:30:25 --> 404 Page Not Found: Assets/js
ERROR - 2018-09-28 11:30:25 --> 404 Page Not Found: Assets/js
ERROR - 2018-09-28 11:30:30 --> Severity: Notice --> Array to string conversion C:\laragon\www\webpedidos\application\controllers\pedido\Template.php 238
ERROR - 2018-09-28 11:30:30 --> Severity: Notice --> Array to string conversion C:\laragon\www\webpedidos\application\controllers\pedido\Template.php 238
ERROR - 2018-09-28 11:34:07 --> 404 Page Not Found: Assets/js
ERROR - 2018-09-28 11:34:07 --> 404 Page Not Found: Assets/js
ERROR - 2018-09-28 11:34:15 --> Severity: Notice --> Array to string conversion C:\laragon\www\webpedidos\application\controllers\pedido\Template.php 238
ERROR - 2018-09-28 11:34:15 --> Severity: Notice --> Array to string conversion C:\laragon\www\webpedidos\application\controllers\pedido\Template.php 238
ERROR - 2018-09-28 11:36:48 --> 404 Page Not Found: Assets/js
ERROR - 2018-09-28 11:36:48 --> 404 Page Not Found: Assets/js
ERROR - 2018-09-28 11:41:37 --> 404 Page Not Found: Assets/js
ERROR - 2018-09-28 11:41:37 --> 404 Page Not Found: Assets/js
ERROR - 2018-09-28 11:41:45 --> Severity: Notice --> Array to string conversion C:\laragon\www\webpedidos\application\controllers\pedido\Template.php 238
ERROR - 2018-09-28 11:41:45 --> Severity: Notice --> Array to string conversion C:\laragon\www\webpedidos\application\controllers\pedido\Template.php 238
ERROR - 2018-09-28 11:42:19 --> Severity: Compile Error --> Cannot use [] for reading C:\laragon\www\webpedidos\application\controllers\pedido\Template.php 238
ERROR - 2018-09-28 11:42:51 --> 404 Page Not Found: Assets/js
ERROR - 2018-09-28 11:42:51 --> 404 Page Not Found: Assets/js
ERROR - 2018-09-28 16:45:00 --> 404 Page Not Found: Assets/js
ERROR - 2018-09-28 16:45:00 --> 404 Page Not Found: Assets/js
ERROR - 2018-09-28 16:47:50 --> 404 Page Not Found: Assets/js
ERROR - 2018-09-28 16:47:51 --> 404 Page Not Found: Assets/js
ERROR - 2018-09-28 16:47:57 --> Severity: Notice --> Array to string conversion C:\laragon\www\webpedidos\application\controllers\pedido\Template.php 238
ERROR - 2018-09-28 16:47:57 --> Severity: Notice --> Array to string conversion C:\laragon\www\webpedidos\application\controllers\pedido\Template.php 238
ERROR - 2018-09-28 16:55:52 --> 404 Page Not Found: Assets/js
ERROR - 2018-09-28 16:55:55 --> 404 Page Not Found: Assets/js
ERROR - 2018-09-28 16:57:20 --> 404 Page Not Found: Assets/js
ERROR - 2018-09-28 16:57:24 --> 404 Page Not Found: Assets/js
ERROR - 2018-09-28 16:57:32 --> Severity: Notice --> Array to string conversion C:\laragon\www\webpedidos\application\controllers\pedido\Template.php 238
ERROR - 2018-09-28 16:57:33 --> Severity: Notice --> Array to string conversion C:\laragon\www\webpedidos\application\controllers\pedido\Template.php 238
ERROR - 2018-09-28 17:02:54 --> 404 Page Not Found: Assets/js
ERROR - 2018-09-28 17:02:54 --> 404 Page Not Found: Assets/js
