ERROR - 2020-01-30 11:03:19 --> Query error: ERRO:  coluna pe.nume2ro não existe
LINE 1: SELECT CAST(pe.nume2ro AS INTEGER) as numero, "f"."nome", "p...
                    ^
HINT:  Perhaps you meant to reference the column "pe.numero". - Invalid query: SELECT CAST(pe.nume2ro AS INTEGER) as numero, "f"."nome", "pe"."data_emissao", "pe"."status", "pe"."obs", "pe"."aprovar", "pe"."entrega_turno" AS "turno", "pe"."entrega_local" AS "entrega", "fs"."nome" AS "solicitante", "fa"."nome" AS "aprovador", "pe"."id_centro_custo" AS "cc", "s"."nome" AS "setor"
FROM "pedidos" "pe"
JOIN "funcionarios" "f" ON (f.matricula, f.key_clientes) = (pe.key_funcionarios, pe.key_clientes)
JOIN "funcionarios" "fa" ON (fa.matricula, fa.key_clientes) = (pe.key_funcionarios_aprovador, pe.key_clientes)
JOIN "funcionarios" "fs" ON (fs.matricula, fs.key_clientes) = (pe.key_funcionarios_solicitante, pe.key_clientes)
JOIN "setor" "s" ON "s"."id_centro_custo" = "pe"."id_centro_custo" AND "s"."id_depto" = "pe"."id_depto"
WHERE "pe"."key_funcionarios_solicitante" = '33100093'
ORDER BY "numero" DESC
 LIMIT 10
ERROR - 2020-01-30 11:03:28 --> 404 Page Not Found: Assets/js
ERROR - 2020-01-30 11:03:28 --> 404 Page Not Found: Assets/js
ERROR - 2020-01-30 11:05:43 --> 404 Page Not Found: Assets/js
ERROR - 2020-01-30 11:05:43 --> 404 Page Not Found: Assets/js
ERROR - 2020-01-30 11:05:44 --> Query error: ERRO:  coluna pe.nume2ro não existe
LINE 1: SELECT CAST(pe.nume2ro AS INTEGER) as numero, "f"."nome", "p...
                    ^
HINT:  Perhaps you meant to reference the column "pe.numero". - Invalid query: SELECT CAST(pe.nume2ro AS INTEGER) as numero, "f"."nome", "pe"."data_emissao", "pe"."status", "pe"."obs", "pe"."aprovar", "pe"."entrega_turno" AS "turno", "pe"."entrega_local" AS "entrega", "fs"."nome" AS "solicitante", "fa"."nome" AS "aprovador", "pe"."id_centro_custo" AS "cc", "s"."nome" AS "setor"
FROM "pedidos" "pe"
JOIN "funcionarios" "f" ON (f.matricula, f.key_clientes) = (pe.key_funcionarios, pe.key_clientes)
JOIN "funcionarios" "fa" ON (fa.matricula, fa.key_clientes) = (pe.key_funcionarios_aprovador, pe.key_clientes)
JOIN "funcionarios" "fs" ON (fs.matricula, fs.key_clientes) = (pe.key_funcionarios_solicitante, pe.key_clientes)
JOIN "setor" "s" ON "s"."id_centro_custo" = "pe"."id_centro_custo" AND "s"."id_depto" = "pe"."id_depto"
WHERE "pe"."key_funcionarios_solicitante" = '33100093'
ORDER BY "numero" DESC
 LIMIT 10
