ERROR - 2018-09-14 13:13:41 --> 404 Page Not Found: Assets/js
ERROR - 2018-09-14 13:13:41 --> 404 Page Not Found: Assets/js
ERROR - 2018-09-14 13:14:57 --> 404 Page Not Found: Assets/js
ERROR - 2018-09-14 13:14:57 --> 404 Page Not Found: Assets/js
ERROR - 2018-09-14 13:16:16 --> 404 Page Not Found: Assets/js
ERROR - 2018-09-14 13:16:16 --> 404 Page Not Found: Assets/js
ERROR - 2018-09-14 13:16:24 --> Query error: ERRO:  operador não existe: character varying = integer
LINE 3: WHERE "key_templates" = 63
                              ^
HINT:  Nenhum operador corresponde com o nome e o(s) tipo(s) de argumento(s) informados. Você precisa adicionar conversões de tipo explícitas. - Invalid query: SELECT "codigo"
FROM "templates_funcionarios"
WHERE "key_templates" = 63
ERROR - 2018-09-14 13:16:36 --> Query error: ERRO:  operador não existe: character varying = integer
LINE 3: WHERE "key_templates" = 63
                              ^
HINT:  Nenhum operador corresponde com o nome e o(s) tipo(s) de argumento(s) informados. Você precisa adicionar conversões de tipo explícitas. - Invalid query: SELECT "codigo"
FROM "templates_funcionarios"
WHERE "key_templates" = 63
ERROR - 2018-09-14 13:22:02 --> 404 Page Not Found: Assets/js
ERROR - 2018-09-14 13:22:02 --> 404 Page Not Found: Assets/js
ERROR - 2018-09-14 13:22:12 --> Query error: ERRO:  operador não existe: character varying = integer
LINE 3: WHERE "key_templates" = 63
                              ^
HINT:  Nenhum operador corresponde com o nome e o(s) tipo(s) de argumento(s) informados. Você precisa adicionar conversões de tipo explícitas. - Invalid query: SELECT "codigo"
FROM "templates_funcionarios"
WHERE "key_templates" = 63
ERROR - 2018-09-14 13:47:28 --> 404 Page Not Found: Assets/js
ERROR - 2018-09-14 13:47:28 --> 404 Page Not Found: Assets/js
ERROR - 2018-09-14 13:47:43 --> Query error: ERRO:  erro de sintaxe em ou próximo a ")"
LINE 2: WHERE "key_templates_funcionarios" IN()
                                              ^ - Invalid query: DELETE FROM "templates_funcionarios_itens"
WHERE "key_templates_funcionarios" IN()
ERROR - 2018-09-14 13:48:36 --> 404 Page Not Found: Assets/js
ERROR - 2018-09-14 13:48:36 --> 404 Page Not Found: Assets/js
ERROR - 2018-09-14 13:48:45 --> Query error: ERRO:  operador não existe: character varying = integer
LINE 3: WHERE "key_templates" = 63
                              ^
HINT:  Nenhum operador corresponde com o nome e o(s) tipo(s) de argumento(s) informados. Você precisa adicionar conversões de tipo explícitas. - Invalid query: SELECT "codigo"
FROM "templates_funcionarios"
WHERE "key_templates" = 63
ERROR - 2018-09-14 13:49:25 --> Query error: ERRO:  erro de sintaxe em ou próximo a ")"
LINE 2: WHERE "key_templates_funcionarios" IN()
                                              ^ - Invalid query: DELETE FROM "templates_funcionarios_itens"
WHERE "key_templates_funcionarios" IN()
ERROR - 2018-09-14 13:50:54 --> 404 Page Not Found: Assets/js
ERROR - 2018-09-14 13:50:54 --> 404 Page Not Found: Assets/js
ERROR - 2018-09-14 13:52:03 --> 404 Page Not Found: Assets/js
ERROR - 2018-09-14 13:52:03 --> 404 Page Not Found: Assets/js
ERROR - 2018-09-14 13:52:10 --> Query error: ERRO:  relação "templates_funcionarios_itens" não existe
LINE 1: DELETE FROM "templates_funcionarios_itens"
                    ^ - Invalid query: DELETE FROM "templates_funcionarios_itens"
WHERE "key_templates_funcionarios" IN(176)
ERROR - 2018-09-14 13:53:01 --> Query error: ERRO:  operador não existe: character varying = integer
LINE 3: WHERE "key_templates" = 63
                              ^
HINT:  Nenhum operador corresponde com o nome e o(s) tipo(s) de argumento(s) informados. Você precisa adicionar conversões de tipo explícitas. - Invalid query: SELECT "codigo"
FROM "templates_funcionarios"
WHERE "key_templates" = 63
ERROR - 2018-09-14 13:54:17 --> 404 Page Not Found: Assets/js
ERROR - 2018-09-14 13:54:17 --> 404 Page Not Found: Assets/js
ERROR - 2018-09-14 13:54:24 --> Query error: ERRO:  relação "templates_funcionarios_itens" não existe
LINE 1: DELETE FROM "templates_funcionarios_itens"
                    ^ - Invalid query: DELETE FROM "templates_funcionarios_itens"
WHERE "key_templates_funcionarios" IN(176)
ERROR - 2018-09-14 13:55:27 --> 404 Page Not Found: Assets/js
ERROR - 2018-09-14 13:55:27 --> 404 Page Not Found: Assets/js
ERROR - 2018-09-14 13:56:39 --> 404 Page Not Found: Assets/js
ERROR - 2018-09-14 13:56:39 --> 404 Page Not Found: Assets/js
ERROR - 2018-09-14 13:59:22 --> 404 Page Not Found: Assets/js
ERROR - 2018-09-14 13:59:22 --> 404 Page Not Found: Assets/js
ERROR - 2018-09-14 14:00:59 --> 404 Page Not Found: Assets/js
ERROR - 2018-09-14 14:00:59 --> 404 Page Not Found: Assets/js
ERROR - 2018-09-14 14:07:21 --> 404 Page Not Found: Assets/js
ERROR - 2018-09-14 14:07:21 --> 404 Page Not Found: Assets/js
ERROR - 2018-09-14 14:12:29 --> 404 Page Not Found: Assets/js
ERROR - 2018-09-14 14:12:30 --> 404 Page Not Found: Assets/js
ERROR - 2018-09-14 14:13:01 --> 404 Page Not Found: Assets/images
ERROR - 2018-09-14 14:13:01 --> 404 Page Not Found: Assets/images
ERROR - 2018-09-14 14:13:01 --> 404 Page Not Found: Assets/images
ERROR - 2018-09-14 14:13:01 --> 404 Page Not Found: Assets/images
ERROR - 2018-09-14 14:13:26 --> Query error: ERRO:  duplicar valor da chave viola a restrição de unicidade "templates_pkey"
DETAIL:  Chave (numero, key_clientes)=(95, 71.340.830/0001-06) já existe. - Invalid query: INSERT INTO "templates" ("numero", "descricao", "codigo", "key_funcionarios", "key_clientes", "nome", "obs") VALUES ('95', 'asdasda', 64, '0', '71.340.830/0001-06', 'TTT2', '123123')
ERROR - 2018-09-14 14:15:31 --> 404 Page Not Found: Assets/js
ERROR - 2018-09-14 14:15:31 --> 404 Page Not Found: Assets/js
ERROR - 2018-09-14 14:15:43 --> 404 Page Not Found: Assets/images
ERROR - 2018-09-14 14:15:43 --> 404 Page Not Found: Assets/images
ERROR - 2018-09-14 14:15:43 --> 404 Page Not Found: Assets/images
ERROR - 2018-09-14 14:15:43 --> 404 Page Not Found: Assets/images
ERROR - 2018-09-14 14:16:58 --> 404 Page Not Found: Assets/images
ERROR - 2018-09-14 14:16:58 --> 404 Page Not Found: Assets/images
ERROR - 2018-09-14 14:16:58 --> 404 Page Not Found: Assets/images
ERROR - 2018-09-14 14:16:58 --> 404 Page Not Found: Assets/images
ERROR - 2018-09-14 14:17:02 --> Query error: ERRO:  duplicar valor da chave viola a restrição de unicidade "templates_pkey"
DETAIL:  Chave (numero, key_clientes)=(96, 71.340.830/0001-06) já existe. - Invalid query: INSERT INTO "templates" ("numero", "descricao", "codigo", "key_funcionarios", "key_clientes", "nome", "obs") VALUES ('96', 'asdasda', 66, '0', '71.340.830/0001-06', '31231', '123123')
ERROR - 2018-09-14 14:17:08 --> 404 Page Not Found: Assets/js
ERROR - 2018-09-14 14:17:08 --> 404 Page Not Found: Assets/js
ERROR - 2018-09-14 14:25:14 --> 404 Page Not Found: Assets/js
ERROR - 2018-09-14 14:25:14 --> 404 Page Not Found: Assets/js
ERROR - 2018-09-14 14:25:40 --> 404 Page Not Found: Assets/images
ERROR - 2018-09-14 14:25:40 --> 404 Page Not Found: Assets/images
ERROR - 2018-09-14 14:25:40 --> 404 Page Not Found: Assets/images
ERROR - 2018-09-14 14:25:40 --> 404 Page Not Found: Assets/images
ERROR - 2018-09-14 14:38:18 --> 404 Page Not Found: Assets/js
ERROR - 2018-09-14 14:38:18 --> 404 Page Not Found: Assets/js
ERROR - 2018-09-14 14:50:40 --> 404 Page Not Found: Assets/js
ERROR - 2018-09-14 14:50:40 --> 404 Page Not Found: Assets/js
ERROR - 2018-09-14 14:51:40 --> 404 Page Not Found: Assets/images
ERROR - 2018-09-14 14:51:41 --> 404 Page Not Found: Assets/images
