ERROR - 2018-09-25 11:10:54 --> 404 Page Not Found: Assets/js
ERROR - 2018-09-25 11:10:56 --> 404 Page Not Found: Assets/js
ERROR - 2018-09-25 11:57:28 --> 404 Page Not Found: Assets/js
ERROR - 2018-09-25 11:57:28 --> 404 Page Not Found: Assets/js
ERROR - 2018-09-25 11:58:47 --> 404 Page Not Found: Assets/js
ERROR - 2018-09-25 11:58:47 --> 404 Page Not Found: Assets/js
ERROR - 2018-09-25 12:01:07 --> 404 Page Not Found: Assets/js
ERROR - 2018-09-25 12:01:07 --> 404 Page Not Found: Assets/js
ERROR - 2018-09-25 12:02:09 --> 404 Page Not Found: Assets/js
ERROR - 2018-09-25 12:02:10 --> 404 Page Not Found: Assets/js
ERROR - 2018-09-25 12:04:51 --> 404 Page Not Found: Assets/js
ERROR - 2018-09-25 12:04:51 --> 404 Page Not Found: Assets/js
ERROR - 2018-09-25 12:09:50 --> 404 Page Not Found: Assets/js
ERROR - 2018-09-25 12:09:50 --> 404 Page Not Found: Assets/js
ERROR - 2018-09-25 12:10:03 --> Severity: 4096 --> Object of class CI_Output could not be converted to string C:\laragon\www\webpedidos\application\controllers\pedido\Template.php 267
ERROR - 2018-09-25 12:10:03 --> Severity: 4096 --> Object of class CI_Output could not be converted to string C:\laragon\www\webpedidos\application\controllers\pedido\Template.php 267
ERROR - 2018-09-25 12:10:50 --> 404 Page Not Found: Assets/js
ERROR - 2018-09-25 12:10:50 --> 404 Page Not Found: Assets/js
ERROR - 2018-09-25 12:10:55 --> Severity: 4096 --> Object of class CI_Output could not be converted to string C:\laragon\www\webpedidos\application\controllers\pedido\Template.php 268
ERROR - 2018-09-25 12:10:55 --> Severity: 4096 --> Object of class CI_Output could not be converted to string C:\laragon\www\webpedidos\application\controllers\pedido\Template.php 268
ERROR - 2018-09-25 12:12:34 --> 404 Page Not Found: Assets/js
ERROR - 2018-09-25 12:12:34 --> 404 Page Not Found: Assets/js
ERROR - 2018-09-25 12:12:43 --> Severity: Notice --> Array to string conversion C:\laragon\www\webpedidos\application\controllers\pedido\Template.php 268
ERROR - 2018-09-25 12:12:44 --> Severity: Notice --> Array to string conversion C:\laragon\www\webpedidos\application\controllers\pedido\Template.php 268
ERROR - 2018-09-25 12:13:16 --> Severity: Warning --> A non-numeric value encountered C:\laragon\www\webpedidos\application\controllers\pedido\Template.php 268
ERROR - 2018-09-25 12:13:16 --> Severity: error --> Exception: Unsupported operand types C:\laragon\www\webpedidos\application\controllers\pedido\Template.php 268
ERROR - 2018-09-25 12:13:16 --> Severity: Warning --> A non-numeric value encountered C:\laragon\www\webpedidos\application\controllers\pedido\Template.php 268
ERROR - 2018-09-25 12:13:16 --> Severity: error --> Exception: Unsupported operand types C:\laragon\www\webpedidos\application\controllers\pedido\Template.php 268
ERROR - 2018-09-25 12:13:35 --> Severity: Notice --> Array to string conversion C:\laragon\www\webpedidos\application\controllers\pedido\Template.php 268
ERROR - 2018-09-25 12:13:35 --> Severity: Notice --> Array to string conversion C:\laragon\www\webpedidos\application\controllers\pedido\Template.php 268
ERROR - 2018-09-25 12:27:58 --> 404 Page Not Found: Assets/js
ERROR - 2018-09-25 12:27:58 --> 404 Page Not Found: Assets/js
ERROR - 2018-09-25 12:28:02 --> Severity: Notice --> Array to string conversion C:\laragon\www\webpedidos\application\controllers\pedido\Template.php 257
ERROR - 2018-09-25 12:28:02 --> Severity: Notice --> Array to string conversion C:\laragon\www\webpedidos\application\controllers\pedido\Template.php 271
ERROR - 2018-09-25 12:28:02 --> Severity: Notice --> Array to string conversion C:\laragon\www\webpedidos\application\controllers\pedido\Template.php 257
ERROR - 2018-09-25 12:28:02 --> Severity: Notice --> Array to string conversion C:\laragon\www\webpedidos\application\controllers\pedido\Template.php 271
ERROR - 2018-09-25 12:29:39 --> 404 Page Not Found: Assets/js
ERROR - 2018-09-25 12:29:39 --> 404 Page Not Found: Assets/js
ERROR - 2018-09-25 12:31:18 --> 404 Page Not Found: Assets/js
ERROR - 2018-09-25 12:31:18 --> 404 Page Not Found: Assets/js
ERROR - 2018-09-25 12:31:21 --> Query error: ERRO:  operador não existe: character varying = integer
LINE 5: WHERE "tf"."key_templates" = 69
                                   ^
HINT:  Nenhum operador corresponde com o nome e o(s) tipo(s) de argumento(s) informados. Você precisa adicionar conversões de tipo explícitas. - Invalid query: SELECT "tf"."codigo", "tf"."key_clientes", "f"."nome", "tf"."key_funcionarios", "s"."nome" AS "setor"
FROM "templates_funcionarios" "tf"
JOIN "funcionarios" "f" ON ("f"."matricula" = "tf"."key_funcionarios" AND "f"."key_clientes" = tf.key_clientes)
JOIN "setor" "s" ON ("s"."id_centro_custo" = "f"."key_setor" AND "s"."id_depto" = f.key_clientes)
WHERE "tf"."key_templates" = 69
ORDER BY "f"."nome" ASC
ERROR - 2018-09-25 12:31:21 --> Query error: ERRO:  operador não existe: character varying = integer
LINE 5: WHERE "tf"."key_templates" = 69
                                   ^
HINT:  Nenhum operador corresponde com o nome e o(s) tipo(s) de argumento(s) informados. Você precisa adicionar conversões de tipo explícitas. - Invalid query: SELECT "tf"."codigo", "tf"."key_clientes", "f"."nome", "tf"."key_funcionarios", "s"."nome" AS "setor"
FROM "templates_funcionarios" "tf"
JOIN "funcionarios" "f" ON ("f"."matricula" = "tf"."key_funcionarios" AND "f"."key_clientes" = tf.key_clientes)
JOIN "setor" "s" ON ("s"."id_centro_custo" = "f"."key_setor" AND "s"."id_depto" = f.key_clientes)
WHERE "tf"."key_templates" = 69
ORDER BY "f"."nome" ASC
ERROR - 2018-09-25 14:27:17 --> 404 Page Not Found: Assets/js
ERROR - 2018-09-25 14:27:17 --> 404 Page Not Found: Assets/js
ERROR - 2018-09-25 14:27:19 --> Severity: error --> Exception: syntax error, unexpected 'echo' (T_ECHO), expecting ';' C:\laragon\www\webpedidos\application\models\pedido\Template_model.php 111
ERROR - 2018-09-25 14:28:39 --> 404 Page Not Found: Assets/js
ERROR - 2018-09-25 14:28:39 --> 404 Page Not Found: Assets/js
ERROR - 2018-09-25 14:29:35 --> Severity: error --> Exception: syntax error, unexpected 'echo' (T_ECHO) C:\laragon\www\webpedidos\application\models\pedido\Template_model.php 111
ERROR - 2018-09-25 14:30:12 --> 404 Page Not Found: Assets/js
ERROR - 2018-09-25 14:30:12 --> 404 Page Not Found: Assets/js
ERROR - 2018-09-25 14:30:14 --> Severity: error --> Exception: syntax error, unexpected 'var' (T_VAR) C:\laragon\www\webpedidos\application\models\pedido\Template_model.php 103
ERROR - 2018-09-25 14:30:19 --> Severity: error --> Exception: syntax error, unexpected 'var' (T_VAR) C:\laragon\www\webpedidos\application\models\pedido\Template_model.php 103
ERROR - 2018-09-25 14:31:22 --> Severity: Warning --> Invalid argument supplied for foreach() C:\laragon\www\webpedidos\application\controllers\pedido\Template.php 260
ERROR - 2018-09-25 14:31:22 --> Severity: Warning --> Invalid argument supplied for foreach() C:\laragon\www\webpedidos\application\controllers\pedido\Template.php 260
ERROR - 2018-09-25 14:32:25 --> 404 Page Not Found: Assets/js
ERROR - 2018-09-25 14:32:25 --> 404 Page Not Found: Assets/js
ERROR - 2018-09-25 14:32:30 --> Severity: Warning --> Invalid argument supplied for foreach() C:\laragon\www\webpedidos\application\controllers\pedido\Template.php 260
ERROR - 2018-09-25 14:32:31 --> Severity: Warning --> Invalid argument supplied for foreach() C:\laragon\www\webpedidos\application\controllers\pedido\Template.php 260
ERROR - 2018-09-25 14:36:07 --> 404 Page Not Found: Assets/js
ERROR - 2018-09-25 14:36:07 --> 404 Page Not Found: Assets/js
ERROR - 2018-09-25 14:37:24 --> 404 Page Not Found: Assets/js
ERROR - 2018-09-25 14:37:24 --> 404 Page Not Found: Assets/js
ERROR - 2018-09-25 14:39:17 --> 404 Page Not Found: Assets/js
ERROR - 2018-09-25 14:39:17 --> 404 Page Not Found: Assets/js
ERROR - 2018-09-25 15:26:15 --> 404 Page Not Found: Assets/js
ERROR - 2018-09-25 15:26:15 --> 404 Page Not Found: Assets/js
ERROR - 2018-09-25 15:28:34 --> 404 Page Not Found: Assets/js
ERROR - 2018-09-25 15:28:34 --> 404 Page Not Found: Assets/js
ERROR - 2018-09-25 15:44:19 --> 404 Page Not Found: Assets/js
ERROR - 2018-09-25 15:44:19 --> 404 Page Not Found: Assets/js
ERROR - 2018-09-25 15:45:30 --> 404 Page Not Found: Assets/js
ERROR - 2018-09-25 15:45:30 --> 404 Page Not Found: Assets/js
ERROR - 2018-09-25 15:45:33 --> Severity: error --> Exception: syntax error, unexpected 'AS' (T_AS) C:\laragon\www\webpedidos\application\controllers\pedido\Template.php 260
ERROR - 2018-09-25 15:46:17 --> Severity: error --> Exception: syntax error, unexpected 'AS' (T_AS) C:\laragon\www\webpedidos\application\controllers\pedido\Template.php 260
ERROR - 2018-09-25 15:46:48 --> 404 Page Not Found: Assets/js
ERROR - 2018-09-25 15:46:48 --> 404 Page Not Found: Assets/js
ERROR - 2018-09-25 15:52:48 --> 404 Page Not Found: Assets/js
ERROR - 2018-09-25 15:52:48 --> 404 Page Not Found: Assets/js
ERROR - 2018-09-25 15:56:14 --> 404 Page Not Found: Assets/js
ERROR - 2018-09-25 15:56:14 --> 404 Page Not Found: Assets/js
ERROR - 2018-09-25 16:12:07 --> 404 Page Not Found: Assets/js
ERROR - 2018-09-25 16:12:07 --> 404 Page Not Found: Assets/js
ERROR - 2018-09-25 16:13:55 --> 404 Page Not Found: Assets/js
ERROR - 2018-09-25 16:13:55 --> 404 Page Not Found: Assets/js
ERROR - 2018-09-25 16:14:58 --> 404 Page Not Found: Assets/js
ERROR - 2018-09-25 16:14:58 --> 404 Page Not Found: Assets/js
ERROR - 2018-09-25 16:15:27 --> Severity: Compile Error --> Cannot use [] for reading C:\laragon\www\webpedidos\application\controllers\pedido\Template.php 274
ERROR - 2018-09-25 16:17:59 --> 404 Page Not Found: Assets/js
ERROR - 2018-09-25 16:17:59 --> 404 Page Not Found: Assets/js
ERROR - 2018-09-25 16:20:06 --> 404 Page Not Found: Assets/js
ERROR - 2018-09-25 16:20:06 --> 404 Page Not Found: Assets/js
ERROR - 2018-09-25 17:02:19 --> 404 Page Not Found: Assets/js
ERROR - 2018-09-25 17:02:19 --> 404 Page Not Found: Assets/js
ERROR - 2018-09-25 17:11:45 --> 404 Page Not Found: Assets/js
ERROR - 2018-09-25 17:11:45 --> 404 Page Not Found: Assets/js
ERROR - 2018-09-25 17:11:46 --> Severity: error --> Exception: syntax error, unexpected ':' C:\laragon\www\webpedidos\application\controllers\pedido\Template.php 263
ERROR - 2018-09-25 17:12:06 --> Severity: error --> Exception: syntax error, unexpected ':' C:\laragon\www\webpedidos\application\controllers\pedido\Template.php 263
ERROR - 2018-09-25 17:16:36 --> 404 Page Not Found: Assets/js
ERROR - 2018-09-25 17:16:36 --> 404 Page Not Found: Assets/js
ERROR - 2018-09-25 17:16:39 --> Severity: error --> Exception: syntax error, unexpected ':' C:\laragon\www\webpedidos\application\controllers\pedido\Template.php 263
ERROR - 2018-09-25 17:16:41 --> Severity: error --> Exception: syntax error, unexpected ':' C:\laragon\www\webpedidos\application\controllers\pedido\Template.php 263
ERROR - 2018-09-25 17:16:42 --> Severity: error --> Exception: syntax error, unexpected ':' C:\laragon\www\webpedidos\application\controllers\pedido\Template.php 263
ERROR - 2018-09-25 17:18:48 --> 404 Page Not Found: Assets/js
ERROR - 2018-09-25 17:18:48 --> 404 Page Not Found: Assets/js
ERROR - 2018-09-25 17:19:10 --> Severity: error --> Exception: syntax error, unexpected ':' C:\laragon\www\webpedidos\application\controllers\pedido\Template.php 263
ERROR - 2018-09-25 17:23:23 --> 404 Page Not Found: Assets/js
ERROR - 2018-09-25 17:23:23 --> 404 Page Not Found: Assets/js
ERROR - 2018-09-25 17:23:25 --> Severity: error --> Exception: syntax error, unexpected ')' C:\laragon\www\webpedidos\application\controllers\pedido\Template.php 264
ERROR - 2018-09-25 17:23:46 --> Severity: error --> Exception: syntax error, unexpected ')' C:\laragon\www\webpedidos\application\controllers\pedido\Template.php 264
ERROR - 2018-09-25 17:24:10 --> Severity: error --> Exception: syntax error, unexpected ')' C:\laragon\www\webpedidos\application\controllers\pedido\Template.php 264
ERROR - 2018-09-25 17:25:56 --> 404 Page Not Found: Assets/js
ERROR - 2018-09-25 17:25:56 --> 404 Page Not Found: Assets/js
ERROR - 2018-09-25 17:27:24 --> 404 Page Not Found: Assets/js
ERROR - 2018-09-25 17:27:25 --> 404 Page Not Found: Assets/js
ERROR - 2018-09-25 17:29:21 --> 404 Page Not Found: Assets/js
ERROR - 2018-09-25 17:29:21 --> 404 Page Not Found: Assets/js
ERROR - 2018-09-25 17:33:51 --> 404 Page Not Found: Assets/js
ERROR - 2018-09-25 17:33:51 --> 404 Page Not Found: Assets/js
ERROR - 2018-09-25 17:34:13 --> Severity: Notice --> Array to string conversion C:\laragon\www\webpedidos\application\controllers\pedido\Template.php 273
ERROR - 2018-09-25 17:34:13 --> Severity: Notice --> Array to string conversion C:\laragon\www\webpedidos\application\controllers\pedido\Template.php 273
ERROR - 2018-09-25 17:37:13 --> 404 Page Not Found: Assets/js
ERROR - 2018-09-25 17:37:13 --> 404 Page Not Found: Assets/js
ERROR - 2018-09-25 17:38:45 --> 404 Page Not Found: Assets/js
ERROR - 2018-09-25 17:38:45 --> 404 Page Not Found: Assets/js
ERROR - 2018-09-25 17:38:49 --> Severity: Notice --> Array to string conversion C:\laragon\www\webpedidos\application\controllers\pedido\Template.php 273
ERROR - 2018-09-25 17:38:49 --> Severity: Notice --> Array to string conversion C:\laragon\www\webpedidos\application\controllers\pedido\Template.php 273
ERROR - 2018-09-25 17:38:59 --> Severity: Notice --> Array to string conversion C:\laragon\www\webpedidos\application\controllers\pedido\Template.php 273
ERROR - 2018-09-25 17:38:59 --> Severity: Notice --> Array to string conversion C:\laragon\www\webpedidos\application\controllers\pedido\Template.php 273
ERROR - 2018-09-25 17:42:03 --> 404 Page Not Found: Assets/js
ERROR - 2018-09-25 17:42:03 --> 404 Page Not Found: Assets/js
ERROR - 2018-09-25 17:42:04 --> Severity: error --> Exception: syntax error, unexpected '69' (T_LNUMBER), expecting variable (T_VARIABLE) C:\laragon\www\webpedidos\application\models\pedido\Template_model.php 88
ERROR - 2018-09-25 17:42:24 --> Severity: error --> Exception: syntax error, unexpected ''69'' (T_CONSTANT_ENCAPSED_STRING), expecting variable (T_VARIABLE) C:\laragon\www\webpedidos\application\models\pedido\Template_model.php 88
