ERROR - 2019-10-07 09:15:58 --> 404 Page Not Found: Assets/js
ERROR - 2019-10-07 09:15:58 --> 404 Page Not Found: Assets/js
ERROR - 2019-10-07 09:21:36 --> 404 Page Not Found: Assets/js
ERROR - 2019-10-07 09:21:36 --> 404 Page Not Found: Assets/js
ERROR - 2019-10-07 09:21:37 --> 404 Page Not Found: Assets/js
ERROR - 2019-10-07 09:21:37 --> 404 Page Not Found: Assets/js
ERROR - 2019-10-07 09:21:47 --> 404 Page Not Found: Assets/js
ERROR - 2019-10-07 09:21:47 --> 404 Page Not Found: Assets/js
ERROR - 2019-10-07 09:22:08 --> Severity: Warning --> mail(): SMTP server response: 530 5.7.0 Must issue a STARTTLS command first. l48sm9027998qtb.50 - gsmtp C:\wamp64\www\webpedidos\application\controllers\usuario\Usuario.php 268
ERROR - 2019-10-07 09:25:38 --> 404 Page Not Found: Assets/js
ERROR - 2019-10-07 09:25:38 --> 404 Page Not Found: Assets/js
ERROR - 2019-10-07 09:30:03 --> 404 Page Not Found: Assets/js
ERROR - 2019-10-07 09:30:03 --> 404 Page Not Found: Assets/js
ERROR - 2019-10-07 09:30:17 --> 404 Page Not Found: Assets/js
ERROR - 2019-10-07 09:30:17 --> 404 Page Not Found: Assets/js
ERROR - 2019-10-07 09:30:34 --> Severity: Warning --> mail(): SMTP server response: 530 5.7.0 Must issue a STARTTLS command first. s17sm7332262qkg.79 - gsmtp C:\wamp64\www\webpedidos\application\controllers\usuario\Usuario.php 268
ERROR - 2019-10-07 09:32:58 --> 404 Page Not Found: Assets/js
ERROR - 2019-10-07 09:32:58 --> 404 Page Not Found: Assets/js
ERROR - 2019-10-07 09:33:15 --> Severity: Warning --> mail(): SMTP server response: 530 5.7.0 Must issue a STARTTLS command first. 44sm10574653qtt.13 - gsmtp C:\wamp64\www\webpedidos\application\controllers\usuario\Usuario.php 268
ERROR - 2019-10-07 09:44:23 --> 404 Page Not Found: Assets/js
ERROR - 2019-10-07 09:44:23 --> 404 Page Not Found: Assets/js
ERROR - 2019-10-07 09:44:49 --> Severity: Warning --> mail(): SMTP server response: 530 5.7.0 Must issue a STARTTLS command first. c8sm7250832qko.102 - gsmtp C:\wamp64\www\webpedidos\application\controllers\usuario\Usuario.php 268
ERROR - 2019-10-07 09:47:38 --> 404 Page Not Found: Assets/js
ERROR - 2019-10-07 09:47:38 --> 404 Page Not Found: Assets/js
ERROR - 2019-10-07 09:47:38 --> 404 Page Not Found: Assets/js
ERROR - 2019-10-07 09:47:38 --> 404 Page Not Found: Assets/js
ERROR - 2019-10-07 09:47:45 --> 404 Page Not Found: Assets/js
ERROR - 2019-10-07 09:47:45 --> 404 Page Not Found: Assets/js
ERROR - 2019-10-07 09:48:42 --> 404 Page Not Found: Assets/js
ERROR - 2019-10-07 09:48:42 --> 404 Page Not Found: Assets/js
ERROR - 2019-10-07 09:48:43 --> 404 Page Not Found: Assets/js
ERROR - 2019-10-07 09:48:43 --> 404 Page Not Found: Assets/js
ERROR - 2019-10-07 09:48:49 --> 404 Page Not Found: Assets/js
ERROR - 2019-10-07 09:48:49 --> 404 Page Not Found: Assets/js
ERROR - 2019-10-07 09:49:53 --> 404 Page Not Found: Assets/js
ERROR - 2019-10-07 09:49:53 --> 404 Page Not Found: Assets/js
ERROR - 2019-10-07 09:49:54 --> 404 Page Not Found: Assets/js
ERROR - 2019-10-07 09:49:54 --> 404 Page Not Found: Assets/js
ERROR - 2019-10-07 09:50:01 --> 404 Page Not Found: Assets/js
ERROR - 2019-10-07 09:50:01 --> 404 Page Not Found: Assets/js
ERROR - 2019-10-07 09:53:19 --> 404 Page Not Found: Assets/js
ERROR - 2019-10-07 09:53:19 --> 404 Page Not Found: Assets/js
ERROR - 2019-10-07 09:53:20 --> 404 Page Not Found: Assets/js
ERROR - 2019-10-07 09:53:20 --> 404 Page Not Found: Assets/js
ERROR - 2019-10-07 09:53:43 --> 404 Page Not Found: Assets/js
ERROR - 2019-10-07 09:53:43 --> 404 Page Not Found: Assets/js
ERROR - 2019-10-07 09:58:02 --> 404 Page Not Found: Assets/js
ERROR - 2019-10-07 09:58:02 --> 404 Page Not Found: Assets/js
ERROR - 2019-10-07 09:58:02 --> 404 Page Not Found: Assets/js
ERROR - 2019-10-07 09:58:02 --> 404 Page Not Found: Assets/js
ERROR - 2019-10-07 09:58:12 --> 404 Page Not Found: Assets/js
ERROR - 2019-10-07 09:58:13 --> 404 Page Not Found: Assets/js
ERROR - 2019-10-07 09:58:13 --> 404 Page Not Found: Assets/js
ERROR - 2019-10-07 09:58:13 --> 404 Page Not Found: Assets/js
ERROR - 2019-10-07 09:58:24 --> Severity: Warning --> mail(): SMTP server response: 530 5.7.0 Must issue a STARTTLS command first. b130sm7843200qkc.100 - gsmtp C:\wamp64\www\webpedidos\application\controllers\usuario\Usuario.php 270
ERROR - 2019-10-07 10:02:43 --> 404 Page Not Found: Assets/js
ERROR - 2019-10-07 10:02:43 --> 404 Page Not Found: Assets/js
ERROR - 2019-10-07 10:02:58 --> 404 Page Not Found: Assets/js
ERROR - 2019-10-07 10:02:58 --> 404 Page Not Found: Assets/js
ERROR - 2019-10-07 10:02:59 --> 404 Page Not Found: Assets/js
ERROR - 2019-10-07 10:02:59 --> 404 Page Not Found: Assets/js
ERROR - 2019-10-07 10:03:32 --> Severity: Warning --> mail(): SMTP server response: 530 5.7.0 Must issue a STARTTLS command first. j17sm7056428qki.99 - gsmtp C:\wamp64\www\webpedidos\application\controllers\usuario\Usuario.php 270
ERROR - 2019-10-07 10:05:39 --> 404 Page Not Found: Assets/js
ERROR - 2019-10-07 10:05:39 --> 404 Page Not Found: Assets/js
ERROR - 2019-10-07 10:06:22 --> Severity: Warning --> mail(): SMTP server response: 530 5.7.0 Must issue a STARTTLS command first. q6sm7067562qkj.108 - gsmtp C:\wamp64\www\webpedidos\application\controllers\usuario\Usuario.php 270
ERROR - 2019-10-07 15:33:42 --> 404 Page Not Found: Assets/js
ERROR - 2019-10-07 15:33:42 --> 404 Page Not Found: Assets/js
ERROR - 2019-10-07 16:39:44 --> 404 Page Not Found: Assets/js
ERROR - 2019-10-07 16:39:44 --> 404 Page Not Found: Assets/js
ERROR - 2019-10-07 17:05:04 --> 404 Page Not Found: Assets/js
ERROR - 2019-10-07 17:05:04 --> 404 Page Not Found: Assets/js
