ERROR - 2019-09-27 10:38:56 --> Query error: ERRO:  sintaxe de entrada é inválida para uuid: ""
LINE 2: WHERE "funcionarioid" = ''
                                ^ - Invalid query: DELETE FROM "web_login"
WHERE "funcionarioid" = ''
ERROR - 2019-09-27 10:39:12 --> Query error: ERRO:  sintaxe de entrada é inválida para uuid: ""
LINE 2: WHERE "funcionarioid" = ''
                                ^ - Invalid query: DELETE FROM "web_login"
WHERE "funcionarioid" = ''
ERROR - 2019-09-27 10:40:57 --> Query error: ERRO:  sintaxe de entrada é inválida para uuid: ""
LINE 2: WHERE "funcionarioid" = ''
                                ^ - Invalid query: DELETE FROM "web_login"
WHERE "funcionarioid" = ''
ERROR - 2019-09-27 10:41:04 --> 404 Page Not Found: Assets/js
ERROR - 2019-09-27 10:41:04 --> 404 Page Not Found: Assets/js
ERROR - 2019-09-27 10:42:05 --> Query error: ERRO:  sintaxe de entrada é inválida para uuid: ""
LINE 2: WHERE "funcionarioid" = ''
                                ^ - Invalid query: DELETE FROM "web_login"
WHERE "funcionarioid" = ''
ERROR - 2019-09-27 10:46:21 --> 404 Page Not Found: Assets/js
ERROR - 2019-09-27 10:46:21 --> 404 Page Not Found: Assets/js
ERROR - 2019-09-27 10:53:10 --> Query error: ERRO:  sintaxe de entrada é inválida para uuid: ""
LINE 2: WHERE "funcionarioid" = ''
                                ^ - Invalid query: DELETE FROM "web_login"
WHERE "funcionarioid" = ''
ERROR - 2019-09-27 10:53:48 --> 404 Page Not Found: Assets/js
ERROR - 2019-09-27 10:53:49 --> 404 Page Not Found: Assets/js
ERROR - 2019-09-27 10:53:55 --> Query error: ERRO:  sintaxe de entrada é inválida para uuid: ""
LINE 2: WHERE "funcionarioid" = ''
                                ^ - Invalid query: DELETE FROM "web_login"
WHERE "funcionarioid" = ''
ERROR - 2019-09-27 10:54:37 --> 404 Page Not Found: Assets/js
ERROR - 2019-09-27 10:54:38 --> 404 Page Not Found: Assets/js
ERROR - 2019-09-27 10:54:43 --> Query error: ERRO:  sintaxe de entrada é inválida para uuid: ""
LINE 2: WHERE "funcionarioid" = ''
                                ^ - Invalid query: DELETE FROM "web_login"
WHERE "funcionarioid" = ''
ERROR - 2019-09-27 10:55:42 --> 404 Page Not Found: Assets/js
ERROR - 2019-09-27 10:55:42 --> 404 Page Not Found: Assets/js
ERROR - 2019-09-27 10:55:47 --> Query error: ERRO:  sintaxe de entrada é inválida para uuid: ""
LINE 2: WHERE "funcionarioid" = ''
                                ^ - Invalid query: DELETE FROM "web_login"
WHERE "funcionarioid" = ''
ERROR - 2019-09-27 10:56:48 --> 404 Page Not Found: Assets/js
ERROR - 2019-09-27 10:56:48 --> 404 Page Not Found: Assets/js
ERROR - 2019-09-27 10:56:53 --> 404 Page Not Found: Assets/js
ERROR - 2019-09-27 10:56:53 --> 404 Page Not Found: Assets/js
ERROR - 2019-09-27 10:57:19 --> Query error: ERRO:  sintaxe de entrada é inválida para uuid: ""
LINE 2: WHERE "funcionarioid" = ''
                                ^ - Invalid query: DELETE FROM "web_login"
WHERE "funcionarioid" = ''
ERROR - 2019-09-27 10:57:32 --> Query error: ERRO:  sintaxe de entrada é inválida para uuid: ""
LINE 2: WHERE "funcionarioid" = ''
                                ^ - Invalid query: DELETE FROM "web_login"
WHERE "funcionarioid" = ''
