ERROR - 2019-09-22 16:29:30 --> Severity: error --> Exception: syntax error, unexpected '$data' (T_VARIABLE), expecting ';' or '{' C:\wamp64\www\webpedidos\application\models\grupoacesso\GrupoAcesso_model.php 198
ERROR - 2019-09-22 16:29:42 --> 404 Page Not Found: Assets/js
ERROR - 2019-09-22 16:29:42 --> 404 Page Not Found: Assets/js
ERROR - 2019-09-22 16:30:04 --> Severity: error --> Exception: syntax error, unexpected '$data' (T_VARIABLE), expecting ';' or '{' C:\wamp64\www\webpedidos\application\models\grupoacesso\GrupoAcesso_model.php 198
ERROR - 2019-09-22 16:30:08 --> Severity: error --> Exception: syntax error, unexpected '$data' (T_VARIABLE), expecting ';' or '{' C:\wamp64\www\webpedidos\application\models\grupoacesso\GrupoAcesso_model.php 198
ERROR - 2019-09-22 16:30:11 --> 404 Page Not Found: Assets/js
ERROR - 2019-09-22 16:30:11 --> 404 Page Not Found: Assets/js
ERROR - 2019-09-22 16:30:21 --> Severity: error --> Exception: syntax error, unexpected '$data' (T_VARIABLE), expecting ';' or '{' C:\wamp64\www\webpedidos\application\models\grupoacesso\GrupoAcesso_model.php 198
ERROR - 2019-09-22 16:33:28 --> Severity: error --> Exception: syntax error, unexpected '$data' (T_VARIABLE), expecting ';' or '{' C:\wamp64\www\webpedidos\application\models\grupoacesso\GrupoAcesso_model.php 198
ERROR - 2019-09-22 16:35:19 --> 404 Page Not Found: Assets/js
ERROR - 2019-09-22 16:35:19 --> 404 Page Not Found: Assets/js
ERROR - 2019-09-22 16:35:50 --> 404 Page Not Found: Assets/js
ERROR - 2019-09-22 16:35:50 --> 404 Page Not Found: Assets/js
ERROR - 2019-09-22 16:35:52 --> Severity: error --> Exception: syntax error, unexpected '$data' (T_VARIABLE), expecting ';' or '{' C:\wamp64\www\webpedidos\application\models\grupoacesso\GrupoAcesso_model.php 198
ERROR - 2019-09-22 16:36:31 --> 404 Page Not Found: Assets/js
ERROR - 2019-09-22 16:36:31 --> 404 Page Not Found: Assets/js
ERROR - 2019-09-22 16:37:28 --> 404 Page Not Found: Assets/js
ERROR - 2019-09-22 16:37:28 --> 404 Page Not Found: Assets/js
ERROR - 2019-09-22 16:42:22 --> 404 Page Not Found: Assets/js
ERROR - 2019-09-22 16:42:22 --> 404 Page Not Found: Assets/js
ERROR - 2019-09-22 16:43:34 --> 404 Page Not Found: Assets/js
ERROR - 2019-09-22 16:43:34 --> 404 Page Not Found: Assets/js
ERROR - 2019-09-22 16:43:47 --> 404 Page Not Found: Assets/js
ERROR - 2019-09-22 16:43:47 --> 404 Page Not Found: Assets/js
ERROR - 2019-09-22 16:46:23 --> 404 Page Not Found: Assets/js
ERROR - 2019-09-22 16:46:23 --> 404 Page Not Found: Assets/js
ERROR - 2019-09-22 16:47:24 --> 404 Page Not Found: Assets/js
ERROR - 2019-09-22 16:47:24 --> 404 Page Not Found: Assets/js
ERROR - 2019-09-22 16:48:10 --> 404 Page Not Found: Assets/js
ERROR - 2019-09-22 16:48:10 --> 404 Page Not Found: Assets/js
ERROR - 2019-09-22 16:48:55 --> 404 Page Not Found: Assets/js
ERROR - 2019-09-22 16:48:55 --> 404 Page Not Found: Assets/js
ERROR - 2019-09-22 16:49:49 --> 404 Page Not Found: Assets/js
ERROR - 2019-09-22 16:49:49 --> 404 Page Not Found: Assets/js
ERROR - 2019-09-22 16:50:29 --> 404 Page Not Found: Assets/js
ERROR - 2019-09-22 16:50:29 --> 404 Page Not Found: Assets/js
ERROR - 2019-09-22 16:50:49 --> 404 Page Not Found: Assets/js
ERROR - 2019-09-22 16:50:49 --> 404 Page Not Found: Assets/js
ERROR - 2019-09-22 16:51:53 --> 404 Page Not Found: Assets/js
ERROR - 2019-09-22 16:51:53 --> 404 Page Not Found: Assets/js
ERROR - 2019-09-22 16:52:11 --> 404 Page Not Found: Assets/js
ERROR - 2019-09-22 16:52:11 --> 404 Page Not Found: Assets/js
ERROR - 2019-09-22 16:52:28 --> Query error: ERRO:  relação "web_grupoacesso" não existe
LINE 1: UPDATE "web_grupoacesso" SET "relpedidosaprovados" = 'false'
               ^ - Invalid query: UPDATE "web_grupoacesso" SET "relpedidosaprovados" = 'false'
ERROR - 2019-09-22 16:53:03 --> 404 Page Not Found: Assets/js
ERROR - 2019-09-22 16:53:03 --> 404 Page Not Found: Assets/js
ERROR - 2019-09-22 17:01:02 --> 404 Page Not Found: Assets/js
ERROR - 2019-09-22 17:01:02 --> 404 Page Not Found: Assets/js
ERROR - 2019-09-22 17:01:15 --> 404 Page Not Found: Assets/js
ERROR - 2019-09-22 17:01:15 --> 404 Page Not Found: Assets/js
ERROR - 2019-09-22 17:03:24 --> 404 Page Not Found: Assets/js
ERROR - 2019-09-22 17:03:24 --> 404 Page Not Found: Assets/js
ERROR - 2019-09-22 17:05:07 --> 404 Page Not Found: Assets/js
ERROR - 2019-09-22 17:05:07 --> 404 Page Not Found: Assets/js
ERROR - 2019-09-22 17:09:19 --> 404 Page Not Found: Assets/js
ERROR - 2019-09-22 17:09:19 --> 404 Page Not Found: Assets/js
ERROR - 2019-09-22 17:09:39 --> 404 Page Not Found: Assets/js
ERROR - 2019-09-22 17:09:39 --> 404 Page Not Found: Assets/js
ERROR - 2019-09-22 17:10:05 --> 404 Page Not Found: Assets/js
ERROR - 2019-09-22 17:10:05 --> 404 Page Not Found: Assets/js
ERROR - 2019-09-22 17:18:15 --> 404 Page Not Found: Assets/js
ERROR - 2019-09-22 17:18:15 --> 404 Page Not Found: Assets/js
ERROR - 2019-09-22 17:21:54 --> 404 Page Not Found: Assets/js
ERROR - 2019-09-22 17:21:54 --> 404 Page Not Found: Assets/js
ERROR - 2019-09-22 17:22:16 --> 404 Page Not Found: Assets/js
ERROR - 2019-09-22 17:22:16 --> 404 Page Not Found: Assets/js
ERROR - 2019-09-22 17:22:38 --> 404 Page Not Found: Assets/js
ERROR - 2019-09-22 17:22:38 --> 404 Page Not Found: Assets/js
ERROR - 2019-09-22 17:23:11 --> 404 Page Not Found: Assets/js
ERROR - 2019-09-22 17:23:11 --> 404 Page Not Found: Assets/js
ERROR - 2019-09-22 17:23:31 --> 404 Page Not Found: Assets/js
ERROR - 2019-09-22 17:23:31 --> 404 Page Not Found: Assets/js
ERROR - 2019-09-22 17:24:11 --> Query error: ERRO:  duplicar valor da chave viola a restrição de unicidade "webgrupoacesso_unique"
DETAIL:  Chave (empresasiteid, grupoacessonome)=(2, MESTRE2) já existe. - Invalid query: UPDATE "web_grupos_acesso" SET "grupoacessonome" = 'MESTRE2', "relpedidosaprovados" = 'true', "criausuario" = 'true', "criagrupoacesso" = 'true', "criaaviso" = 'true'
ERROR - 2019-09-22 17:26:44 --> 404 Page Not Found: Assets/js
ERROR - 2019-09-22 17:26:44 --> 404 Page Not Found: Assets/js
ERROR - 2019-09-22 17:27:24 --> 404 Page Not Found: Assets/js
ERROR - 2019-09-22 17:27:24 --> 404 Page Not Found: Assets/js
ERROR - 2019-09-22 17:29:02 --> 404 Page Not Found: Assets/js
ERROR - 2019-09-22 17:29:02 --> 404 Page Not Found: Assets/js
ERROR - 2019-09-22 17:32:09 --> 404 Page Not Found: Assets/js
ERROR - 2019-09-22 17:32:09 --> 404 Page Not Found: Assets/js
ERROR - 2019-09-22 17:32:44 --> 404 Page Not Found: Assets/js
ERROR - 2019-09-22 17:32:44 --> 404 Page Not Found: Assets/js
ERROR - 2019-09-22 17:32:57 --> 404 Page Not Found: Assets/js
ERROR - 2019-09-22 17:32:57 --> 404 Page Not Found: Assets/js
ERROR - 2019-09-22 17:37:54 --> 404 Page Not Found: Assets/js
ERROR - 2019-09-22 17:37:54 --> 404 Page Not Found: Assets/js
ERROR - 2019-09-22 17:38:09 --> Query error: ERRO:  duplicar valor da chave viola a restrição de unicidade "webgrupoacesso_unique"
DETAIL:  Chave (empresasiteid, grupoacessonome)=(2, MESTRE) já existe. - Invalid query: UPDATE "web_grupos_acesso" SET "grupoacessonome" = 'MESTRE'
ERROR - 2019-09-22 17:38:36 --> 404 Page Not Found: Assets/js
ERROR - 2019-09-22 17:38:36 --> 404 Page Not Found: Assets/js
ERROR - 2019-09-22 17:40:13 --> 404 Page Not Found: Assets/js
ERROR - 2019-09-22 17:40:13 --> 404 Page Not Found: Assets/js
ERROR - 2019-09-22 17:43:06 --> 404 Page Not Found: Assets/js
ERROR - 2019-09-22 17:43:06 --> 404 Page Not Found: Assets/js
ERROR - 2019-09-22 17:43:48 --> 404 Page Not Found: Assets/js
ERROR - 2019-09-22 17:43:48 --> 404 Page Not Found: Assets/js
ERROR - 2019-09-22 17:44:47 --> 404 Page Not Found: Assets/js
ERROR - 2019-09-22 17:44:47 --> 404 Page Not Found: Assets/js
ERROR - 2019-09-22 17:45:11 --> 404 Page Not Found: Assets/js
ERROR - 2019-09-22 17:45:11 --> 404 Page Not Found: Assets/js
ERROR - 2019-09-22 17:52:02 --> 404 Page Not Found: Assets/js
ERROR - 2019-09-22 17:52:02 --> 404 Page Not Found: Assets/js
ERROR - 2019-09-22 18:14:26 --> 404 Page Not Found: Assets/js
ERROR - 2019-09-22 18:14:26 --> 404 Page Not Found: Assets/js
ERROR - 2019-09-22 18:14:41 --> 404 Page Not Found: Assets/js
ERROR - 2019-09-22 18:14:41 --> 404 Page Not Found: Assets/js
ERROR - 2019-09-22 18:41:09 --> Severity: error --> Exception: syntax error, unexpected end of file, expecting function (T_FUNCTION) or const (T_CONST) C:\wamp64\www\webpedidos\application\models\grupoacesso\GrupoAcesso_model.php 229
ERROR - 2019-09-22 18:41:15 --> 404 Page Not Found: Assets/js
ERROR - 2019-09-22 18:41:15 --> 404 Page Not Found: Assets/js
ERROR - 2019-09-22 18:41:23 --> 404 Page Not Found: Assets/js
ERROR - 2019-09-22 18:41:23 --> 404 Page Not Found: Assets/js
ERROR - 2019-09-22 18:41:26 --> Severity: error --> Exception: syntax error, unexpected end of file, expecting function (T_FUNCTION) or const (T_CONST) C:\wamp64\www\webpedidos\application\models\grupoacesso\GrupoAcesso_model.php 229
ERROR - 2019-09-22 18:42:21 --> 404 Page Not Found: Assets/js
ERROR - 2019-09-22 18:42:21 --> 404 Page Not Found: Assets/js
ERROR - 2019-09-22 18:44:43 --> 404 Page Not Found: Assets/js
ERROR - 2019-09-22 18:44:43 --> 404 Page Not Found: Assets/js
ERROR - 2019-09-22 18:45:11 --> 404 Page Not Found: Assets/js
ERROR - 2019-09-22 18:45:11 --> 404 Page Not Found: Assets/js
ERROR - 2019-09-22 19:02:48 --> 404 Page Not Found: Assets/js
ERROR - 2019-09-22 19:02:48 --> 404 Page Not Found: Assets/js
ERROR - 2019-09-22 19:03:38 --> 404 Page Not Found: Assets/js
ERROR - 2019-09-22 19:03:38 --> 404 Page Not Found: Assets/js
ERROR - 2019-09-22 19:03:55 --> 404 Page Not Found: Assets/js
ERROR - 2019-09-22 19:03:55 --> 404 Page Not Found: Assets/js
ERROR - 2019-09-22 19:04:36 --> 404 Page Not Found: Assets/js
ERROR - 2019-09-22 19:04:36 --> 404 Page Not Found: Assets/js
ERROR - 2019-09-22 19:05:42 --> 404 Page Not Found: Assets/js
ERROR - 2019-09-22 19:05:42 --> 404 Page Not Found: Assets/js
ERROR - 2019-09-22 19:07:50 --> 404 Page Not Found: Assets/js
ERROR - 2019-09-22 19:07:50 --> 404 Page Not Found: Assets/js
ERROR - 2019-09-22 19:07:59 --> Query error: ERRO:  atualização ou exclusão em tabela "web_grupos_acesso" viola restrição de chave estrangeira "web_login_grupoacessoid_fkey" em "web_login"
DETAIL:  Chave (grupoacessoid)=(1) ainda é referenciada pela tabela "web_login". - Invalid query: DELETE FROM "web_grupos_acesso"
WHERE "grupoacessonome" = 'TESTE2'
ERROR - 2019-09-22 20:33:48 --> 404 Page Not Found: Assets/js
ERROR - 2019-09-22 20:33:48 --> 404 Page Not Found: Assets/js
ERROR - 2019-09-22 20:43:09 --> 404 Page Not Found: Assets/js
ERROR - 2019-09-22 20:43:09 --> 404 Page Not Found: Assets/js
ERROR - 2019-09-22 20:45:59 --> 404 Page Not Found: Assets/js
ERROR - 2019-09-22 20:45:59 --> 404 Page Not Found: Assets/js
ERROR - 2019-09-22 20:46:09 --> Query error: ERRO:  atualização ou exclusão em tabela "web_grupos_acesso" viola restrição de chave estrangeira "web_login_grupoacessoid_fkey" em "web_login"
DETAIL:  Chave (grupoacessoid)=(1) ainda é referenciada pela tabela "web_login". - Invalid query: DELETE FROM "web_grupos_acesso"
WHERE "grupoacessonome" = 'MASTER'
ERROR - 2019-09-22 21:04:33 --> 404 Page Not Found: Assets/js
ERROR - 2019-09-22 21:04:33 --> 404 Page Not Found: Assets/js
ERROR - 2019-09-22 21:04:43 --> Query error: ERRO:  atualização ou exclusão em tabela "web_grupos_acesso" viola restrição de chave estrangeira "web_login_grupoacessoid_fkey" em "web_login"
DETAIL:  Chave (grupoacessoid)=(1) ainda é referenciada pela tabela "web_login". - Invalid query: DELETE FROM "web_grupos_acesso"
WHERE "grupoacessonome" = 'MASTER'
ERROR - 2019-09-22 21:05:48 --> Query error: ERRO:  atualização ou exclusão em tabela "web_grupos_acesso" viola restrição de chave estrangeira "web_login_grupoacessoid_fkey" em "web_login"
DETAIL:  Chave (grupoacessoid)=(1) ainda é referenciada pela tabela "web_login". - Invalid query: DELETE FROM "web_grupos_acesso"
WHERE "grupoacessonome" = 'MASTER'
ERROR - 2019-09-22 21:11:44 --> 404 Page Not Found: Assets/js
ERROR - 2019-09-22 21:11:44 --> 404 Page Not Found: Assets/js
ERROR - 2019-09-22 21:11:56 --> Query error: ERRO:  atualização ou exclusão em tabela "web_grupos_acesso" viola restrição de chave estrangeira "web_login_grupoacessoid_fkey" em "web_login"
DETAIL:  Chave (grupoacessoid)=(1) ainda é referenciada pela tabela "web_login". - Invalid query: DELETE FROM "web_grupos_acesso"
WHERE "grupoacessonome" = 'MASTER'
ERROR - 2019-09-22 21:13:18 --> 404 Page Not Found: Assets/js
ERROR - 2019-09-22 21:13:18 --> 404 Page Not Found: Assets/js
ERROR - 2019-09-22 21:13:26 --> Query error: ERRO:  atualização ou exclusão em tabela "web_grupos_acesso" viola restrição de chave estrangeira "web_login_grupoacessoid_fkey" em "web_login"
DETAIL:  Chave (grupoacessoid)=(1) ainda é referenciada pela tabela "web_login". - Invalid query: DELETE FROM "web_grupos_acesso"
WHERE "grupoacessonome" = 'MASTER'
ERROR - 2019-09-22 21:48:50 --> 404 Page Not Found: Assets/js
ERROR - 2019-09-22 21:48:50 --> 404 Page Not Found: Assets/js
ERROR - 2019-09-22 21:48:52 --> Severity: error --> Exception: syntax error, unexpected ';', expecting ')' C:\wamp64\www\webpedidos\application\models\grupoacesso\GrupoAcesso_model.php 213
ERROR - 2019-09-22 21:49:06 --> 404 Page Not Found: Assets/js
ERROR - 2019-09-22 21:49:06 --> 404 Page Not Found: Assets/js
ERROR - 2019-09-22 21:49:11 --> Query error: ERRO:  atualização ou exclusão em tabela "web_grupos_acesso" viola restrição de chave estrangeira "web_login_grupoacessoid_fkey" em "web_login"
DETAIL:  Chave (grupoacessoid)=(1) ainda é referenciada pela tabela "web_login". - Invalid query: DELETE FROM "web_grupos_acesso"
WHERE "grupoacessonome" = 'MASTER'
ERROR - 2019-09-22 21:50:16 --> 404 Page Not Found: Assets/js
ERROR - 2019-09-22 21:50:16 --> 404 Page Not Found: Assets/js
ERROR - 2019-09-22 21:50:21 --> Query error: ERRO:  atualização ou exclusão em tabela "web_grupos_acesso" viola restrição de chave estrangeira "web_login_grupoacessoid_fkey" em "web_login"
DETAIL:  Chave (grupoacessoid)=(1) ainda é referenciada pela tabela "web_login". - Invalid query: DELETE FROM "web_grupos_acesso"
WHERE "grupoacessonome" = 'MASTER'
ERROR - 2019-09-22 22:19:31 --> 404 Page Not Found: Assets/js
ERROR - 2019-09-22 22:19:31 --> 404 Page Not Found: Assets/js
ERROR - 2019-09-22 22:21:01 --> 404 Page Not Found: Assets/js
ERROR - 2019-09-22 22:21:01 --> 404 Page Not Found: Assets/js
ERROR - 2019-09-22 22:21:14 --> Query error: ERRO:  atualização ou exclusão em tabela "web_grupos_acesso" viola restrição de chave estrangeira "web_login_grupoacessoid_fkey" em "web_login"
DETAIL:  Chave (grupoacessoid)=(1) ainda é referenciada pela tabela "web_login". - Invalid query: DELETE FROM "web_grupos_acesso"
WHERE "grupoacessonome" = 'MASTER'
ERROR - 2019-09-22 22:21:44 --> 404 Page Not Found: Assets/js
ERROR - 2019-09-22 22:21:44 --> 404 Page Not Found: Assets/js
ERROR - 2019-09-22 22:21:53 --> Query error: ERRO:  atualização ou exclusão em tabela "web_grupos_acesso" viola restrição de chave estrangeira "web_login_grupoacessoid_fkey" em "web_login"
DETAIL:  Chave (grupoacessoid)=(1) ainda é referenciada pela tabela "web_login". - Invalid query: DELETE FROM "web_grupos_acesso"
WHERE "grupoacessonome" = 'MASTER'
ERROR - 2019-09-22 22:33:14 --> 404 Page Not Found: Assets/js
ERROR - 2019-09-22 22:33:14 --> 404 Page Not Found: Assets/js
ERROR - 2019-09-22 22:33:26 --> Query error: ERRO:  atualização ou exclusão em tabela "web_grupos_acesso" viola restrição de chave estrangeira "web_login_grupoacessoid_fkey" em "web_login"
DETAIL:  Chave (grupoacessoid)=(1) ainda é referenciada pela tabela "web_login". - Invalid query: DELETE FROM "web_grupos_acesso"
WHERE "grupoacessonome" = 'MASTER'
ERROR - 2019-09-22 22:34:42 --> 404 Page Not Found: Assets/js
ERROR - 2019-09-22 22:34:42 --> 404 Page Not Found: Assets/js
ERROR - 2019-09-22 22:47:29 --> 404 Page Not Found: Assets/js
ERROR - 2019-09-22 22:47:29 --> 404 Page Not Found: Assets/js
ERROR - 2019-09-22 22:50:06 --> 404 Page Not Found: Assets/js
ERROR - 2019-09-22 22:50:06 --> 404 Page Not Found: Assets/js
ERROR - 2019-09-22 22:52:02 --> 404 Page Not Found: Assets/js
ERROR - 2019-09-22 22:52:02 --> 404 Page Not Found: Assets/js
ERROR - 2019-09-22 22:52:05 --> 404 Page Not Found: Assets/js
ERROR - 2019-09-22 22:52:05 --> 404 Page Not Found: Assets/js
ERROR - 2019-09-22 23:31:58 --> 404 Page Not Found: Assets/js
ERROR - 2019-09-22 23:31:58 --> 404 Page Not Found: Assets/js
ERROR - 2019-09-22 23:32:09 --> 404 Page Not Found: Assets/js
ERROR - 2019-09-22 23:32:09 --> 404 Page Not Found: Assets/js
ERROR - 2019-09-22 23:32:14 --> 404 Page Not Found: Assets/js
ERROR - 2019-09-22 23:32:14 --> 404 Page Not Found: Assets/js
ERROR - 2019-09-22 23:39:53 --> 404 Page Not Found: Assets/js
ERROR - 2019-09-22 23:39:53 --> 404 Page Not Found: Assets/js
ERROR - 2019-09-22 23:42:53 --> 404 Page Not Found: Assets/js
ERROR - 2019-09-22 23:42:53 --> 404 Page Not Found: Assets/js
ERROR - 2019-09-22 23:44:06 --> 404 Page Not Found: Assets/js
ERROR - 2019-09-22 23:44:06 --> 404 Page Not Found: Assets/js
ERROR - 2019-09-22 23:45:01 --> 404 Page Not Found: Assets/js
ERROR - 2019-09-22 23:45:01 --> 404 Page Not Found: Assets/js
ERROR - 2019-09-22 23:50:04 --> 404 Page Not Found: Assets/js
ERROR - 2019-09-22 23:50:04 --> 404 Page Not Found: Assets/js
ERROR - 2019-09-22 23:51:00 --> 404 Page Not Found: Assets/js
ERROR - 2019-09-22 23:51:00 --> 404 Page Not Found: Assets/js
ERROR - 2019-09-22 23:51:52 --> 404 Page Not Found: Assets/js
ERROR - 2019-09-22 23:51:52 --> 404 Page Not Found: Assets/js
