ERROR - 2019-11-26 12:24:06 --> Severity: Warning --> include_once(C:\wamp64\www\webpedidos\application\controllers\recebimento/usuario/phpmailer/phpMailerAutoload.php): failed to open stream: No such file or directory C:\wamp64\www\webpedidos\application\controllers\recebimento\Recebimento.php 73
ERROR - 2019-11-26 12:24:06 --> Severity: Warning --> include_once(): Failed opening 'C:\wamp64\www\webpedidos\application\controllers\recebimento/usuario/phpmailer/phpMailerAutoload.php' for inclusion (include_path='.;C:\php\pear') C:\wamp64\www\webpedidos\application\controllers\recebimento\Recebimento.php 73
ERROR - 2019-11-26 12:24:11 --> Severity: Notice --> Undefined variable: resultado C:\wamp64\www\webpedidos\application\controllers\recebimento\Recebimento.php 184
ERROR - 2019-11-26 14:55:44 --> Severity: Warning --> include_once(C:\wamp64\www\webpedidos\application\controllers\recebimento/usuario/phpmailer/phpMailerAutoload.php): failed to open stream: No such file or directory C:\wamp64\www\webpedidos\application\controllers\recebimento\Recebimento.php 73
ERROR - 2019-11-26 14:55:44 --> Severity: Warning --> include_once(): Failed opening 'C:\wamp64\www\webpedidos\application\controllers\recebimento/usuario/phpmailer/phpMailerAutoload.php' for inclusion (include_path='.;C:\php\pear') C:\wamp64\www\webpedidos\application\controllers\recebimento\Recebimento.php 73
ERROR - 2019-11-26 14:56:01 --> Severity: Notice --> Undefined variable: resultado C:\wamp64\www\webpedidos\application\controllers\recebimento\Recebimento.php 184
ERROR - 2019-11-26 14:56:02 --> Severity: Warning --> include_once(C:\wamp64\www\webpedidos\application\controllers\recebimento/usuario/phpmailer/phpMailerAutoload.php): failed to open stream: No such file or directory C:\wamp64\www\webpedidos\application\controllers\recebimento\Recebimento.php 73
ERROR - 2019-11-26 14:56:02 --> Severity: Warning --> include_once(): Failed opening 'C:\wamp64\www\webpedidos\application\controllers\recebimento/usuario/phpmailer/phpMailerAutoload.php' for inclusion (include_path='.;C:\php\pear') C:\wamp64\www\webpedidos\application\controllers\recebimento\Recebimento.php 73
ERROR - 2019-11-26 14:56:09 --> Severity: Notice --> Undefined variable: resultado C:\wamp64\www\webpedidos\application\controllers\recebimento\Recebimento.php 184
ERROR - 2019-11-26 14:57:28 --> Severity: Warning --> include_once(C:\wamp64\www\webpedidos\application\controllers\recebimento/usuario/phpmailer/phpMailerAutoload.php): failed to open stream: No such file or directory C:\wamp64\www\webpedidos\application\controllers\recebimento\Recebimento.php 73
ERROR - 2019-11-26 14:57:28 --> Severity: Warning --> include_once(): Failed opening 'C:\wamp64\www\webpedidos\application\controllers\recebimento/usuario/phpmailer/phpMailerAutoload.php' for inclusion (include_path='.;C:\php\pear') C:\wamp64\www\webpedidos\application\controllers\recebimento\Recebimento.php 73
ERROR - 2019-11-26 14:57:37 --> Severity: Notice --> Undefined variable: resultado C:\wamp64\www\webpedidos\application\controllers\recebimento\Recebimento.php 184
ERROR - 2019-11-26 14:58:59 --> Severity: Warning --> include_once(C:\wamp64\www\webpedidos\application\controllers\recebimento/usuario/phpmailer/phpMailerAutoload.php): failed to open stream: No such file or directory C:\wamp64\www\webpedidos\application\controllers\recebimento\Recebimento.php 73
ERROR - 2019-11-26 14:58:59 --> Severity: Warning --> include_once(): Failed opening 'C:\wamp64\www\webpedidos\application\controllers\recebimento/usuario/phpmailer/phpMailerAutoload.php' for inclusion (include_path='.;C:\php\pear') C:\wamp64\www\webpedidos\application\controllers\recebimento\Recebimento.php 73
ERROR - 2019-11-26 14:59:02 --> Severity: Notice --> Undefined variable: resultado C:\wamp64\www\webpedidos\application\controllers\recebimento\Recebimento.php 184
ERROR - 2019-11-26 14:59:27 --> Severity: Warning --> include_once(C:\wamp64\www\webpedidos\application\controllers\recebimento/usuario/phpmailer/phpMailerAutoload.php): failed to open stream: No such file or directory C:\wamp64\www\webpedidos\application\controllers\recebimento\Recebimento.php 73
ERROR - 2019-11-26 14:59:27 --> Severity: Warning --> include_once(): Failed opening 'C:\wamp64\www\webpedidos\application\controllers\recebimento/usuario/phpmailer/phpMailerAutoload.php' for inclusion (include_path='.;C:\php\pear') C:\wamp64\www\webpedidos\application\controllers\recebimento\Recebimento.php 73
ERROR - 2019-11-26 14:59:29 --> Severity: Notice --> Undefined variable: resultado C:\wamp64\www\webpedidos\application\controllers\recebimento\Recebimento.php 186
ERROR - 2019-11-26 15:05:43 --> Severity: Warning --> include_once(C:\wamp64\www\webpedidos\application\controllers\recebimento/usuario/phpmailer/phpMailerAutoload.php): failed to open stream: No such file or directory C:\wamp64\www\webpedidos\application\controllers\recebimento\Recebimento.php 73
ERROR - 2019-11-26 15:05:43 --> Severity: Warning --> include_once(): Failed opening 'C:\wamp64\www\webpedidos\application\controllers\recebimento/usuario/phpmailer/phpMailerAutoload.php' for inclusion (include_path='.;C:\php\pear') C:\wamp64\www\webpedidos\application\controllers\recebimento\Recebimento.php 73
ERROR - 2019-11-26 15:12:07 --> Severity: Warning --> include_once(C:\wamp64\www\webpedidos\application\controllers\recebimento/usuario/phpmailer/phpMailerAutoload.php): failed to open stream: No such file or directory C:\wamp64\www\webpedidos\application\controllers\recebimento\Recebimento.php 73
ERROR - 2019-11-26 15:12:07 --> Severity: Warning --> include_once(): Failed opening 'C:\wamp64\www\webpedidos\application\controllers\recebimento/usuario/phpmailer/phpMailerAutoload.php' for inclusion (include_path='.;C:\php\pear') C:\wamp64\www\webpedidos\application\controllers\recebimento\Recebimento.php 73
ERROR - 2019-11-26 15:14:52 --> Severity: Warning --> include_once(C:\wamp64\www\webpedidos\application\controllers\recebimento/usuario/phpmailer/phpMailerAutoload.php): failed to open stream: No such file or directory C:\wamp64\www\webpedidos\application\controllers\recebimento\Recebimento.php 73
ERROR - 2019-11-26 15:14:52 --> Severity: Warning --> include_once(): Failed opening 'C:\wamp64\www\webpedidos\application\controllers\recebimento/usuario/phpmailer/phpMailerAutoload.php' for inclusion (include_path='.;C:\php\pear') C:\wamp64\www\webpedidos\application\controllers\recebimento\Recebimento.php 73
ERROR - 2019-11-26 15:19:04 --> Severity: Warning --> include_once(C:\wamp64\www\webpedidos\application\controllers\recebimento/usuario/phpmailer/phpMailerAutoload.php): failed to open stream: No such file or directory C:\wamp64\www\webpedidos\application\controllers\recebimento\Recebimento.php 73
ERROR - 2019-11-26 15:19:04 --> Severity: Warning --> include_once(): Failed opening 'C:\wamp64\www\webpedidos\application\controllers\recebimento/usuario/phpmailer/phpMailerAutoload.php' for inclusion (include_path='.;C:\php\pear') C:\wamp64\www\webpedidos\application\controllers\recebimento\Recebimento.php 73
ERROR - 2019-11-26 15:19:18 --> Severity: Notice --> Undefined offset: 0 C:\wamp64\www\webpedidos\application\models\recebimento\Recebimento_model.php 103
ERROR - 2019-11-26 15:19:18 --> Severity: Notice --> Trying to get property 'email' of non-object C:\wamp64\www\webpedidos\application\models\recebimento\Recebimento_model.php 103
ERROR - 2019-11-26 15:20:17 --> Severity: Notice --> Undefined offset: 0 C:\wamp64\www\webpedidos\application\models\recebimento\Recebimento_model.php 103
ERROR - 2019-11-26 15:20:17 --> Severity: Notice --> Trying to get property 'email' of non-object C:\wamp64\www\webpedidos\application\models\recebimento\Recebimento_model.php 103
ERROR - 2019-11-26 15:20:30 --> Severity: Notice --> Undefined offset: 0 C:\wamp64\www\webpedidos\application\models\recebimento\Recebimento_model.php 103
ERROR - 2019-11-26 15:20:30 --> Severity: Notice --> Trying to get property 'email' of non-object C:\wamp64\www\webpedidos\application\models\recebimento\Recebimento_model.php 103
ERROR - 2019-11-26 15:21:13 --> Severity: Notice --> Undefined offset: 0 C:\wamp64\www\webpedidos\application\models\recebimento\Recebimento_model.php 103
ERROR - 2019-11-26 15:21:13 --> Severity: Notice --> Trying to get property 'email' of non-object C:\wamp64\www\webpedidos\application\models\recebimento\Recebimento_model.php 103
ERROR - 2019-11-26 15:22:47 --> Severity: Notice --> Undefined offset: 0 C:\wamp64\www\webpedidos\application\models\recebimento\Recebimento_model.php 103
ERROR - 2019-11-26 15:22:47 --> Severity: Notice --> Trying to get property 'email' of non-object C:\wamp64\www\webpedidos\application\models\recebimento\Recebimento_model.php 103
ERROR - 2019-11-26 15:23:45 --> Severity: Notice --> Undefined offset: 0 C:\wamp64\www\webpedidos\application\models\recebimento\Recebimento_model.php 103
ERROR - 2019-11-26 15:23:45 --> Severity: Notice --> Trying to get property 'email' of non-object C:\wamp64\www\webpedidos\application\models\recebimento\Recebimento_model.php 103
ERROR - 2019-11-26 15:24:57 --> Severity: Notice --> Undefined offset: 0 C:\wamp64\www\webpedidos\application\models\recebimento\Recebimento_model.php 103
ERROR - 2019-11-26 15:24:57 --> Severity: Notice --> Trying to get property 'email' of non-object C:\wamp64\www\webpedidos\application\models\recebimento\Recebimento_model.php 103
ERROR - 2019-11-26 15:27:58 --> Severity: Notice --> Undefined offset: 0 C:\wamp64\www\webpedidos\application\models\recebimento\Recebimento_model.php 106
ERROR - 2019-11-26 15:27:58 --> Severity: Notice --> Trying to get property 'email' of non-object C:\wamp64\www\webpedidos\application\models\recebimento\Recebimento_model.php 106
ERROR - 2019-11-26 15:28:43 --> Severity: Notice --> Undefined offset: 0 C:\wamp64\www\webpedidos\application\models\recebimento\Recebimento_model.php 106
ERROR - 2019-11-26 15:28:43 --> Severity: Notice --> Trying to get property 'email' of non-object C:\wamp64\www\webpedidos\application\models\recebimento\Recebimento_model.php 106
ERROR - 2019-11-26 15:34:40 --> Severity: Notice --> Undefined offset: 0 C:\wamp64\www\webpedidos\application\models\recebimento\Recebimento_model.php 106
ERROR - 2019-11-26 15:34:40 --> Severity: Notice --> Trying to get property 'email' of non-object C:\wamp64\www\webpedidos\application\models\recebimento\Recebimento_model.php 106
ERROR - 2019-11-26 15:34:40 --> Severity: Warning --> Creating default object from empty value C:\wamp64\www\webpedidos\application\controllers\recebimento\Recebimento.php 194
ERROR - 2019-11-26 15:35:06 --> Severity: Notice --> Undefined offset: 0 C:\wamp64\www\webpedidos\application\models\recebimento\Recebimento_model.php 106
ERROR - 2019-11-26 15:35:06 --> Severity: Notice --> Trying to get property 'email' of non-object C:\wamp64\www\webpedidos\application\models\recebimento\Recebimento_model.php 106
ERROR - 2019-11-26 15:40:34 --> Severity: error --> Exception: syntax error, unexpected ';', expecting ')' C:\wamp64\www\webpedidos\application\controllers\recebimento\Recebimento.php 157
ERROR - 2019-11-26 15:41:06 --> Severity: Notice --> Undefined offset: 0 C:\wamp64\www\webpedidos\application\models\recebimento\Recebimento_model.php 106
ERROR - 2019-11-26 15:41:06 --> Severity: Notice --> Trying to get property 'email' of non-object C:\wamp64\www\webpedidos\application\models\recebimento\Recebimento_model.php 106
ERROR - 2019-11-26 15:41:23 --> Severity: Warning --> include_once(C:\wamp64\www\webpedidos\application\controllers\recebimento/usuario/phpmailer/phpMailerAutoload.php): failed to open stream: No such file or directory C:\wamp64\www\webpedidos\application\controllers\recebimento\Recebimento.php 74
ERROR - 2019-11-26 15:41:23 --> Severity: Warning --> include_once(): Failed opening 'C:\wamp64\www\webpedidos\application\controllers\recebimento/usuario/phpmailer/phpMailerAutoload.php' for inclusion (include_path='.;C:\php\pear') C:\wamp64\www\webpedidos\application\controllers\recebimento\Recebimento.php 74
ERROR - 2019-11-26 15:41:41 --> Severity: Warning --> include_once(C:\wamp64\www\webpedidos\application\controllers\recebimento/usuario/phpmailer/phpMailerAutoload.php): failed to open stream: No such file or directory C:\wamp64\www\webpedidos\application\controllers\recebimento\Recebimento.php 74
ERROR - 2019-11-26 15:41:41 --> Severity: Warning --> include_once(): Failed opening 'C:\wamp64\www\webpedidos\application\controllers\recebimento/usuario/phpmailer/phpMailerAutoload.php' for inclusion (include_path='.;C:\php\pear') C:\wamp64\www\webpedidos\application\controllers\recebimento\Recebimento.php 74
ERROR - 2019-11-26 15:46:29 --> Severity: Warning --> include_once(C:\wamp64\www\webpedidos\application\controllers\recebimento/usuario/phpmailer/phpMailerAutoload.php): failed to open stream: No such file or directory C:\wamp64\www\webpedidos\application\controllers\recebimento\Recebimento.php 74
ERROR - 2019-11-26 15:46:29 --> Severity: Warning --> include_once(): Failed opening 'C:\wamp64\www\webpedidos\application\controllers\recebimento/usuario/phpmailer/phpMailerAutoload.php' for inclusion (include_path='.;C:\php\pear') C:\wamp64\www\webpedidos\application\controllers\recebimento\Recebimento.php 74
ERROR - 2019-11-26 15:47:23 --> Severity: Warning --> include_once(C:\wamp64\www\webpedidos\application\controllers\recebimento/usuario/phpmailer/phpMailerAutoload.php): failed to open stream: No such file or directory C:\wamp64\www\webpedidos\application\controllers\recebimento\Recebimento.php 74
ERROR - 2019-11-26 15:47:23 --> Severity: Warning --> include_once(): Failed opening 'C:\wamp64\www\webpedidos\application\controllers\recebimento/usuario/phpmailer/phpMailerAutoload.php' for inclusion (include_path='.;C:\php\pear') C:\wamp64\www\webpedidos\application\controllers\recebimento\Recebimento.php 74
ERROR - 2019-11-26 15:49:16 --> Severity: Warning --> include_once(C:\wamp64\www\webpedidos\application\controllers\recebimento/usuario/phpmailer/phpMailerAutoload.php): failed to open stream: No such file or directory C:\wamp64\www\webpedidos\application\controllers\recebimento\Recebimento.php 74
ERROR - 2019-11-26 15:49:16 --> Severity: Warning --> include_once(): Failed opening 'C:\wamp64\www\webpedidos\application\controllers\recebimento/usuario/phpmailer/phpMailerAutoload.php' for inclusion (include_path='.;C:\php\pear') C:\wamp64\www\webpedidos\application\controllers\recebimento\Recebimento.php 74
ERROR - 2019-11-26 15:53:32 --> Severity: error --> Exception: syntax error, unexpected ';', expecting ',' or ')' C:\wamp64\www\webpedidos\application\controllers\recebimento\Recebimento.php 166
ERROR - 2019-11-26 15:54:13 --> Severity: error --> Exception: syntax error, unexpected ';', expecting ',' or ')' C:\wamp64\www\webpedidos\application\controllers\recebimento\Recebimento.php 166
ERROR - 2019-11-26 15:54:15 --> Severity: error --> Exception: syntax error, unexpected ';', expecting ',' or ')' C:\wamp64\www\webpedidos\application\controllers\recebimento\Recebimento.php 166
ERROR - 2019-11-26 15:54:15 --> Severity: error --> Exception: syntax error, unexpected ';', expecting ',' or ')' C:\wamp64\www\webpedidos\application\controllers\recebimento\Recebimento.php 166
ERROR - 2019-11-26 15:54:57 --> Severity: error --> Exception: syntax error, unexpected ';', expecting ',' or ')' C:\wamp64\www\webpedidos\application\controllers\recebimento\Recebimento.php 163
ERROR - 2019-11-26 15:55:12 --> Severity: Warning --> include_once(C:\wamp64\www\webpedidos\application\controllers\recebimento/usuario/phpmailer/phpMailerAutoload.php): failed to open stream: No such file or directory C:\wamp64\www\webpedidos\application\controllers\recebimento\Recebimento.php 74
ERROR - 2019-11-26 15:55:12 --> Severity: Warning --> include_once(): Failed opening 'C:\wamp64\www\webpedidos\application\controllers\recebimento/usuario/phpmailer/phpMailerAutoload.php' for inclusion (include_path='.;C:\php\pear') C:\wamp64\www\webpedidos\application\controllers\recebimento\Recebimento.php 74
ERROR - 2019-11-26 15:58:52 --> Severity: Warning --> include_once(C:\wamp64\www\webpedidos\application\controllers\recebimento/usuario/phpmailer/phpMailerAutoload.php): failed to open stream: No such file or directory C:\wamp64\www\webpedidos\application\controllers\recebimento\Recebimento.php 74
ERROR - 2019-11-26 15:58:52 --> Severity: Warning --> include_once(): Failed opening 'C:\wamp64\www\webpedidos\application\controllers\recebimento/usuario/phpmailer/phpMailerAutoload.php' for inclusion (include_path='.;C:\php\pear') C:\wamp64\www\webpedidos\application\controllers\recebimento\Recebimento.php 74
ERROR - 2019-11-26 16:02:11 --> Severity: Warning --> include_once(C:\wamp64\www\webpedidos\application\controllers\recebimento/usuario/phpmailer/phpMailerAutoload.php): failed to open stream: No such file or directory C:\wamp64\www\webpedidos\application\controllers\recebimento\Recebimento.php 76
ERROR - 2019-11-26 16:02:11 --> Severity: Warning --> include_once(): Failed opening 'C:\wamp64\www\webpedidos\application\controllers\recebimento/usuario/phpmailer/phpMailerAutoload.php' for inclusion (include_path='.;C:\php\pear') C:\wamp64\www\webpedidos\application\controllers\recebimento\Recebimento.php 76
ERROR - 2019-11-26 16:04:43 --> Severity: Warning --> include_once(C:\wamp64\www\webpedidos\application\controllers\recebimento/usuario/phpmailer/phpMailerAutoload.php): failed to open stream: No such file or directory C:\wamp64\www\webpedidos\application\controllers\recebimento\Recebimento.php 75
ERROR - 2019-11-26 16:04:43 --> Severity: Warning --> include_once(): Failed opening 'C:\wamp64\www\webpedidos\application\controllers\recebimento/usuario/phpmailer/phpMailerAutoload.php' for inclusion (include_path='.;C:\php\pear') C:\wamp64\www\webpedidos\application\controllers\recebimento\Recebimento.php 75
ERROR - 2019-11-26 16:07:14 --> Severity: Warning --> include_once(C:\wamp64\www\webpedidos\application\controllers\recebimento/usuario/phpmailer/phpMailerAutoload.php): failed to open stream: No such file or directory C:\wamp64\www\webpedidos\application\controllers\recebimento\Recebimento.php 75
ERROR - 2019-11-26 16:07:14 --> Severity: Warning --> include_once(): Failed opening 'C:\wamp64\www\webpedidos\application\controllers\recebimento/usuario/phpmailer/phpMailerAutoload.php' for inclusion (include_path='.;C:\php\pear') C:\wamp64\www\webpedidos\application\controllers\recebimento\Recebimento.php 75
ERROR - 2019-11-26 16:10:44 --> Severity: Warning --> include_once(C:\wamp64\www\webpedidos\application\controllers\recebimento/usuario/phpmailer/phpMailerAutoload.php): failed to open stream: No such file or directory C:\wamp64\www\webpedidos\application\controllers\recebimento\Recebimento.php 75
ERROR - 2019-11-26 16:10:44 --> Severity: Warning --> include_once(): Failed opening 'C:\wamp64\www\webpedidos\application\controllers\recebimento/usuario/phpmailer/phpMailerAutoload.php' for inclusion (include_path='.;C:\php\pear') C:\wamp64\www\webpedidos\application\controllers\recebimento\Recebimento.php 75
ERROR - 2019-11-26 16:14:56 --> Severity: Warning --> include_once(C:\wamp64\www\webpedidos\application\controllers\recebimento/usuario/phpmailer/phpMailerAutoload.php): failed to open stream: No such file or directory C:\wamp64\www\webpedidos\application\controllers\recebimento\Recebimento.php 75
ERROR - 2019-11-26 16:14:56 --> Severity: Warning --> include_once(): Failed opening 'C:\wamp64\www\webpedidos\application\controllers\recebimento/usuario/phpmailer/phpMailerAutoload.php' for inclusion (include_path='.;C:\php\pear') C:\wamp64\www\webpedidos\application\controllers\recebimento\Recebimento.php 75
ERROR - 2019-11-26 16:15:33 --> Severity: Warning --> include_once(C:\wamp64\www\webpedidos\application\controllers\recebimento/usuario/phpmailer/phpMailerAutoload.php): failed to open stream: No such file or directory C:\wamp64\www\webpedidos\application\controllers\recebimento\Recebimento.php 75
ERROR - 2019-11-26 16:15:33 --> Severity: Warning --> include_once(): Failed opening 'C:\wamp64\www\webpedidos\application\controllers\recebimento/usuario/phpmailer/phpMailerAutoload.php' for inclusion (include_path='.;C:\php\pear') C:\wamp64\www\webpedidos\application\controllers\recebimento\Recebimento.php 75
ERROR - 2019-11-26 16:16:25 --> Severity: Warning --> include_once(C:\wamp64\www\webpedidos\application\controllers\recebimento/usuario/phpmailer/phpMailerAutoload.php): failed to open stream: No such file or directory C:\wamp64\www\webpedidos\application\controllers\recebimento\Recebimento.php 75
ERROR - 2019-11-26 16:16:25 --> Severity: Warning --> include_once(): Failed opening 'C:\wamp64\www\webpedidos\application\controllers\recebimento/usuario/phpmailer/phpMailerAutoload.php' for inclusion (include_path='.;C:\php\pear') C:\wamp64\www\webpedidos\application\controllers\recebimento\Recebimento.php 75
ERROR - 2019-11-26 16:17:22 --> Severity: Warning --> include_once(C:\wamp64\www\webpedidos\application\controllers\recebimento/usuario/phpmailer/phpMailerAutoload.php): failed to open stream: No such file or directory C:\wamp64\www\webpedidos\application\controllers\recebimento\Recebimento.php 75
ERROR - 2019-11-26 16:17:22 --> Severity: Warning --> include_once(): Failed opening 'C:\wamp64\www\webpedidos\application\controllers\recebimento/usuario/phpmailer/phpMailerAutoload.php' for inclusion (include_path='.;C:\php\pear') C:\wamp64\www\webpedidos\application\controllers\recebimento\Recebimento.php 75
ERROR - 2019-11-26 16:19:04 --> Severity: Warning --> include_once(C:\wamp64\www\webpedidos\application\controllers\recebimento/usuario/phpmailer/phpMailerAutoload.php): failed to open stream: No such file or directory C:\wamp64\www\webpedidos\application\controllers\recebimento\Recebimento.php 75
ERROR - 2019-11-26 16:19:04 --> Severity: Warning --> include_once(): Failed opening 'C:\wamp64\www\webpedidos\application\controllers\recebimento/usuario/phpmailer/phpMailerAutoload.php' for inclusion (include_path='.;C:\php\pear') C:\wamp64\www\webpedidos\application\controllers\recebimento\Recebimento.php 75
ERROR - 2019-11-26 16:19:35 --> Severity: Warning --> include_once(C:\wamp64\www\webpedidos\application\controllers\recebimento/usuario/phpmailer/phpMailerAutoload.php): failed to open stream: No such file or directory C:\wamp64\www\webpedidos\application\controllers\recebimento\Recebimento.php 75
ERROR - 2019-11-26 16:19:35 --> Severity: Warning --> include_once(): Failed opening 'C:\wamp64\www\webpedidos\application\controllers\recebimento/usuario/phpmailer/phpMailerAutoload.php' for inclusion (include_path='.;C:\php\pear') C:\wamp64\www\webpedidos\application\controllers\recebimento\Recebimento.php 75
ERROR - 2019-11-26 16:22:53 --> Severity: Warning --> include_once(C:\wamp64\www\webpedidos\application\controllers\recebimento/usuario/phpmailer/phpMailerAutoload.php): failed to open stream: No such file or directory C:\wamp64\www\webpedidos\application\controllers\recebimento\Recebimento.php 75
ERROR - 2019-11-26 16:22:53 --> Severity: Warning --> include_once(): Failed opening 'C:\wamp64\www\webpedidos\application\controllers\recebimento/usuario/phpmailer/phpMailerAutoload.php' for inclusion (include_path='.;C:\php\pear') C:\wamp64\www\webpedidos\application\controllers\recebimento\Recebimento.php 75
ERROR - 2019-11-26 16:37:13 --> Severity: Warning --> include_once(C:\wamp64\www\webpedidos\application\controllers\recebimento/usuario/phpmailer/phpMailerAutoload.php): failed to open stream: No such file or directory C:\wamp64\www\webpedidos\application\controllers\recebimento\Recebimento.php 75
ERROR - 2019-11-26 16:37:13 --> Severity: Warning --> include_once(): Failed opening 'C:\wamp64\www\webpedidos\application\controllers\recebimento/usuario/phpmailer/phpMailerAutoload.php' for inclusion (include_path='.;C:\php\pear') C:\wamp64\www\webpedidos\application\controllers\recebimento\Recebimento.php 75
ERROR - 2019-11-26 16:47:36 --> Severity: Notice --> Undefined offset: 0 C:\wamp64\www\webpedidos\application\models\recebimento\Recebimento_model.php 107
ERROR - 2019-11-26 16:47:36 --> Severity: Notice --> Trying to get property 'email' of non-object C:\wamp64\www\webpedidos\application\models\recebimento\Recebimento_model.php 107
ERROR - 2019-11-26 16:47:46 --> Severity: Notice --> Undefined offset: 0 C:\wamp64\www\webpedidos\application\models\recebimento\Recebimento_model.php 107
ERROR - 2019-11-26 16:47:46 --> Severity: Notice --> Trying to get property 'email' of non-object C:\wamp64\www\webpedidos\application\models\recebimento\Recebimento_model.php 107
ERROR - 2019-11-26 16:49:19 --> Severity: Notice --> Undefined offset: 0 C:\wamp64\www\webpedidos\application\models\recebimento\Recebimento_model.php 107
ERROR - 2019-11-26 16:49:19 --> Severity: Notice --> Trying to get property 'email' of non-object C:\wamp64\www\webpedidos\application\models\recebimento\Recebimento_model.php 107
ERROR - 2019-11-26 16:51:08 --> Severity: Notice --> Undefined offset: 0 C:\wamp64\www\webpedidos\application\models\recebimento\Recebimento_model.php 107
ERROR - 2019-11-26 16:51:08 --> Severity: Notice --> Trying to get property 'email' of non-object C:\wamp64\www\webpedidos\application\models\recebimento\Recebimento_model.php 107
ERROR - 2019-11-26 16:52:19 --> Severity: Notice --> Undefined offset: 0 C:\wamp64\www\webpedidos\application\models\recebimento\Recebimento_model.php 107
ERROR - 2019-11-26 16:52:19 --> Severity: Notice --> Trying to get property 'email' of non-object C:\wamp64\www\webpedidos\application\models\recebimento\Recebimento_model.php 107
ERROR - 2019-11-26 16:54:32 --> Severity: error --> Exception: syntax error, unexpected '}', expecting ';' C:\wamp64\www\webpedidos\application\models\recebimento\Recebimento_model.php 119
ERROR - 2019-11-26 16:54:53 --> Severity: error --> Exception: syntax error, unexpected '}', expecting ';' C:\wamp64\www\webpedidos\application\models\recebimento\Recebimento_model.php 112
ERROR - 2019-11-26 16:55:46 --> Severity: error --> Exception: syntax error, unexpected '}', expecting ';' C:\wamp64\www\webpedidos\application\models\recebimento\Recebimento_model.php 112
ERROR - 2019-11-26 16:56:15 --> Severity: error --> Exception: Call to undefined function set_content_type() C:\wamp64\www\webpedidos\application\models\recebimento\Recebimento_model.php 110
ERROR - 2019-11-26 16:56:50 --> Severity: error --> Exception: syntax error, unexpected ')' C:\wamp64\www\webpedidos\application\models\recebimento\Recebimento_model.php 112
ERROR - 2019-11-26 16:56:54 --> Severity: error --> Exception: syntax error, unexpected ')' C:\wamp64\www\webpedidos\application\models\recebimento\Recebimento_model.php 112
ERROR - 2019-11-26 16:57:29 --> Severity: error --> Exception: Call to undefined function set_content_type() C:\wamp64\www\webpedidos\application\models\recebimento\Recebimento_model.php 109
ERROR - 2019-11-26 17:01:50 --> Severity: Notice --> Trying to get property 'email' of non-object C:\wamp64\www\webpedidos\application\models\recebimento\Recebimento_model.php 109
ERROR - 2019-11-26 17:03:12 --> Severity: Warning --> Illegal string offset 'email' C:\wamp64\www\webpedidos\application\controllers\recebimento\Recebimento.php 50
ERROR - 2019-11-26 17:04:58 --> Severity: Warning --> Illegal string offset 'email' C:\wamp64\www\webpedidos\application\controllers\recebimento\Recebimento.php 50
ERROR - 2019-11-26 17:12:38 --> Severity: Warning --> trim() expects parameter 1 to be string, array given C:\wamp64\www\webpedidos\application\vendor\phpmailer\phpmailer\class.phpmailer.php 861
ERROR - 2019-11-26 17:19:58 --> Severity: Notice --> Trying to get property 'email' of non-object C:\wamp64\www\webpedidos\application\controllers\recebimento\Recebimento.php 50
ERROR - 2019-11-26 17:20:51 --> Severity: Warning --> Illegal string offset 'email' C:\wamp64\www\webpedidos\application\controllers\recebimento\Recebimento.php 50
ERROR - 2019-11-26 17:28:17 --> Severity: Warning --> Use of undefined constant JSON - assumed 'JSON' (this will throw an Error in a future version of PHP) C:\wamp64\www\webpedidos\application\controllers\recebimento\Recebimento.php 52
ERROR - 2019-11-26 17:28:17 --> Severity: error --> Exception: Call to undefined function stringify() C:\wamp64\www\webpedidos\application\controllers\recebimento\Recebimento.php 52
ERROR - 2019-11-26 17:31:31 --> Severity: Warning --> Use of undefined constant JSON - assumed 'JSON' (this will throw an Error in a future version of PHP) C:\wamp64\www\webpedidos\application\controllers\recebimento\Recebimento.php 52
ERROR - 2019-11-26 17:31:31 --> Severity: error --> Exception: Call to undefined function stringify() C:\wamp64\www\webpedidos\application\controllers\recebimento\Recebimento.php 52
ERROR - 2019-11-26 17:32:16 --> Severity: Warning --> trim() expects parameter 1 to be string, array given C:\wamp64\www\webpedidos\application\vendor\phpmailer\phpmailer\class.phpmailer.php 861
ERROR - 2019-11-26 17:38:33 --> Severity: error --> Exception: Call to undefined function json_implode() C:\wamp64\www\webpedidos\application\controllers\recebimento\Recebimento.php 53
ERROR - 2019-11-26 17:39:03 --> Severity: error --> Exception: Call to undefined function json_explode() C:\wamp64\www\webpedidos\application\controllers\recebimento\Recebimento.php 55
ERROR - 2019-11-26 17:39:21 --> Severity: Warning --> json_decode() expects parameter 1 to be string, array given C:\wamp64\www\webpedidos\application\controllers\recebimento\Recebimento.php 57
ERROR - 2019-11-26 17:39:21 --> Severity: Warning --> trim() expects parameter 1 to be string, array given C:\wamp64\www\webpedidos\application\vendor\phpmailer\phpmailer\class.phpmailer.php 861
ERROR - 2019-11-26 17:39:49 --> Severity: Warning --> trim() expects parameter 1 to be string, array given C:\wamp64\www\webpedidos\application\vendor\phpmailer\phpmailer\class.phpmailer.php 861
ERROR - 2019-11-26 17:40:12 --> Severity: error --> Exception: Call to undefined function json_explode() C:\wamp64\www\webpedidos\application\controllers\recebimento\Recebimento.php 55
ERROR - 2019-11-26 17:40:33 --> Severity: Warning --> json_decode() expects parameter 1 to be string, array given C:\wamp64\www\webpedidos\application\controllers\recebimento\Recebimento.php 57
ERROR - 2019-11-26 17:40:33 --> Severity: Warning --> trim() expects parameter 1 to be string, array given C:\wamp64\www\webpedidos\application\vendor\phpmailer\phpmailer\class.phpmailer.php 861
ERROR - 2019-11-26 17:40:51 --> Severity: Warning --> trim() expects parameter 1 to be string, array given C:\wamp64\www\webpedidos\application\vendor\phpmailer\phpmailer\class.phpmailer.php 861
ERROR - 2019-11-26 17:44:29 --> Severity: Notice --> Trying to get property 'email' of non-object C:\wamp64\www\webpedidos\application\controllers\recebimento\Recebimento.php 59
ERROR - 2019-11-26 17:44:29 --> Severity: Warning --> trim() expects parameter 1 to be string, array given C:\wamp64\www\webpedidos\application\vendor\phpmailer\phpmailer\class.phpmailer.php 861
ERROR - 2019-11-26 17:47:13 --> Severity: Notice --> Trying to get property 'email' of non-object C:\wamp64\www\webpedidos\application\controllers\recebimento\Recebimento.php 59
ERROR - 2019-11-26 17:47:13 --> Severity: Warning --> trim() expects parameter 1 to be string, array given C:\wamp64\www\webpedidos\application\vendor\phpmailer\phpmailer\class.phpmailer.php 861
ERROR - 2019-11-26 17:47:45 --> Severity: error --> Exception: syntax error, unexpected ')', expecting ',' or ';' C:\wamp64\www\webpedidos\application\controllers\recebimento\Recebimento.php 59
ERROR - 2019-11-26 17:48:12 --> Severity: error --> Exception: syntax error, unexpected ')', expecting ',' or ';' C:\wamp64\www\webpedidos\application\controllers\recebimento\Recebimento.php 59
ERROR - 2019-11-26 17:48:19 --> Severity: Warning --> json_decode() expects parameter 1 to be string, array given C:\wamp64\www\webpedidos\application\controllers\recebimento\Recebimento.php 59
ERROR - 2019-11-26 17:48:19 --> Severity: Warning --> trim() expects parameter 1 to be string, array given C:\wamp64\www\webpedidos\application\vendor\phpmailer\phpmailer\class.phpmailer.php 861
ERROR - 2019-11-26 18:01:04 --> Severity: Warning --> json_decode() expects parameter 1 to be string, array given C:\wamp64\www\webpedidos\application\models\recebimento\Recebimento_model.php 107
ERROR - 2019-11-26 18:01:04 --> Severity: Notice --> Trying to get property 'email' of non-object C:\wamp64\www\webpedidos\application\controllers\recebimento\Recebimento.php 53
ERROR - 2019-11-26 18:01:56 --> Severity: Warning --> json_decode() expects parameter 1 to be string, array given C:\wamp64\www\webpedidos\application\models\recebimento\Recebimento_model.php 107
ERROR - 2019-11-26 18:01:56 --> Severity: Notice --> Trying to get property 'email' of non-object C:\wamp64\www\webpedidos\application\controllers\recebimento\Recebimento.php 53
ERROR - 2019-11-26 18:02:38 --> Severity: error --> Exception: syntax error, unexpected ';', expecting ',' or ')' C:\wamp64\www\webpedidos\application\models\recebimento\Recebimento_model.php 107
ERROR - 2019-11-26 18:02:43 --> Severity: error --> Exception: syntax error, unexpected ';', expecting ',' or ')' C:\wamp64\www\webpedidos\application\models\recebimento\Recebimento_model.php 107
ERROR - 2019-11-26 18:03:03 --> Severity: Notice --> Trying to get property 'email' of non-object C:\wamp64\www\webpedidos\application\controllers\recebimento\Recebimento.php 53
ERROR - 2019-11-26 18:03:03 --> Severity: Warning --> trim() expects parameter 1 to be string, array given C:\wamp64\www\webpedidos\application\vendor\phpmailer\phpmailer\class.phpmailer.php 861
ERROR - 2019-11-26 18:04:17 --> Severity: Notice --> Trying to get property 'email' of non-object C:\wamp64\www\webpedidos\application\controllers\recebimento\Recebimento.php 53
ERROR - 2019-11-26 18:05:02 --> Severity: Notice --> Trying to get property 'email' of non-object C:\wamp64\www\webpedidos\application\controllers\recebimento\Recebimento.php 53
ERROR - 2019-11-26 18:06:05 --> Severity: Notice --> Trying to get property 'email' of non-object C:\wamp64\www\webpedidos\application\controllers\recebimento\Recebimento.php 53
ERROR - 2019-11-26 18:06:28 --> Severity: Notice --> Trying to get property 'email' of non-object C:\wamp64\www\webpedidos\application\controllers\recebimento\Recebimento.php 53
ERROR - 2019-11-26 18:14:54 --> Severity: Warning --> json_decode() expects parameter 1 to be string, object given C:\wamp64\www\webpedidos\application\controllers\recebimento\Recebimento.php 53
ERROR - 2019-11-26 18:14:54 --> Severity: Warning --> trim() expects parameter 1 to be string, object given C:\wamp64\www\webpedidos\application\vendor\phpmailer\phpmailer\class.phpmailer.php 861
ERROR - 2019-11-26 18:15:15 --> Severity: 4096 --> Object of class stdClass could not be converted to string C:\wamp64\www\webpedidos\application\controllers\recebimento\Recebimento.php 53
ERROR - 2019-11-26 18:15:15 --> Severity: Warning --> trim() expects parameter 1 to be string, object given C:\wamp64\www\webpedidos\application\vendor\phpmailer\phpmailer\class.phpmailer.php 861
ERROR - 2019-11-26 18:15:37 --> Severity: Warning --> trim() expects parameter 1 to be string, object given C:\wamp64\www\webpedidos\application\vendor\phpmailer\phpmailer\class.phpmailer.php 861
ERROR - 2019-11-26 18:16:17 --> Severity: Warning --> json_decode() expects parameter 1 to be string, object given C:\wamp64\www\webpedidos\application\controllers\recebimento\Recebimento.php 49
ERROR - 2019-11-26 18:16:17 --> Severity: Warning --> trim() expects parameter 1 to be string, object given C:\wamp64\www\webpedidos\application\vendor\phpmailer\phpmailer\class.phpmailer.php 861
ERROR - 2019-11-26 18:16:31 --> Severity: Warning --> trim() expects parameter 1 to be string, object given C:\wamp64\www\webpedidos\application\vendor\phpmailer\phpmailer\class.phpmailer.php 861
ERROR - 2019-11-26 18:17:08 --> Severity: Warning --> trim() expects parameter 1 to be string, array given C:\wamp64\www\webpedidos\application\vendor\phpmailer\phpmailer\class.phpmailer.php 861
ERROR - 2019-11-26 18:22:46 --> Severity: Warning --> Use of undefined constant JSON - assumed 'JSON' (this will throw an Error in a future version of PHP) C:\wamp64\www\webpedidos\application\controllers\recebimento\Recebimento.php 54
ERROR - 2019-11-26 18:22:46 --> Severity: error --> Exception: Call to undefined function stringify() C:\wamp64\www\webpedidos\application\controllers\recebimento\Recebimento.php 54
ERROR - 2019-11-26 18:23:54 --> Severity: Warning --> Use of undefined constant JSON - assumed 'JSON' (this will throw an Error in a future version of PHP) C:\wamp64\www\webpedidos\application\models\recebimento\Recebimento_model.php 106
ERROR - 2019-11-26 18:23:54 --> Severity: error --> Exception: Call to undefined function stringify() C:\wamp64\www\webpedidos\application\models\recebimento\Recebimento_model.php 106
ERROR - 2019-11-26 18:24:40 --> Severity: Warning --> Use of undefined constant JSON - assumed 'JSON' (this will throw an Error in a future version of PHP) C:\wamp64\www\webpedidos\application\models\recebimento\Recebimento_model.php 105
ERROR - 2019-11-26 18:24:40 --> Severity: error --> Exception: Call to undefined function stringify() C:\wamp64\www\webpedidos\application\models\recebimento\Recebimento_model.php 105
ERROR - 2019-11-26 18:25:45 --> Severity: Warning --> Use of undefined constant JSON - assumed 'JSON' (this will throw an Error in a future version of PHP) C:\wamp64\www\webpedidos\application\models\recebimento\Recebimento_model.php 105
ERROR - 2019-11-26 18:25:45 --> Severity: error --> Exception: Call to undefined function parse() C:\wamp64\www\webpedidos\application\models\recebimento\Recebimento_model.php 105
ERROR - 2019-11-26 18:27:55 --> Severity: 4096 --> Object of class stdClass could not be converted to string C:\wamp64\www\webpedidos\application\controllers\recebimento\Recebimento.php 54
ERROR - 2019-11-26 18:27:55 --> Severity: Warning --> trim() expects parameter 1 to be string, object given C:\wamp64\www\webpedidos\application\vendor\phpmailer\phpmailer\class.phpmailer.php 861
ERROR - 2019-11-26 18:28:20 --> Severity: Warning --> trim() expects parameter 1 to be string, object given C:\wamp64\www\webpedidos\application\vendor\phpmailer\phpmailer\class.phpmailer.php 861
ERROR - 2019-11-26 18:28:56 --> Severity: error --> Exception: syntax error, unexpected 'print_r' (T_STRING), expecting ',' or ';' C:\wamp64\www\webpedidos\application\controllers\recebimento\Recebimento.php 55
ERROR - 2019-11-26 18:29:04 --> Severity: Warning --> trim() expects parameter 1 to be string, object given C:\wamp64\www\webpedidos\application\vendor\phpmailer\phpmailer\class.phpmailer.php 861
ERROR - 2019-11-26 18:29:29 --> Severity: Warning --> trim() expects parameter 1 to be string, array given C:\wamp64\www\webpedidos\application\vendor\phpmailer\phpmailer\class.phpmailer.php 861
ERROR - 2019-11-26 22:03:51 --> Severity: Notice --> Trying to get property 'email' of non-object C:\wamp64\www\webpedidos\application\controllers\recebimento\Recebimento.php 50
ERROR - 2019-11-26 22:04:16 --> Severity: Notice --> Trying to get property 'email' of non-object C:\wamp64\www\webpedidos\application\controllers\recebimento\Recebimento.php 50
ERROR - 2019-11-26 22:05:29 --> Severity: Notice --> Trying to get property 'email' of non-object C:\wamp64\www\webpedidos\application\controllers\recebimento\Recebimento.php 50
ERROR - 2019-11-26 22:06:39 --> Severity: Notice --> Trying to get property 'email' of non-object C:\wamp64\www\webpedidos\application\controllers\recebimento\Recebimento.php 50
ERROR - 2019-11-26 22:08:25 --> Severity: Notice --> Trying to get property 'email' of non-object C:\wamp64\www\webpedidos\application\controllers\recebimento\Recebimento.php 54
ERROR - 2019-11-26 22:08:56 --> Severity: Warning --> Illegal string offset 'email' C:\wamp64\www\webpedidos\application\controllers\recebimento\Recebimento.php 50
ERROR - 2019-11-26 22:12:33 --> Severity: Warning --> Illegal string offset 'email' C:\wamp64\www\webpedidos\application\controllers\recebimento\Recebimento.php 54
ERROR - 2019-11-26 22:17:15 --> Severity: Warning --> json_decode() expects parameter 1 to be string, object given C:\wamp64\www\webpedidos\application\controllers\recebimento\Recebimento.php 49
ERROR - 2019-11-26 22:17:15 --> Severity: Notice --> Trying to get property 'email' of non-object C:\wamp64\www\webpedidos\application\controllers\recebimento\Recebimento.php 54
ERROR - 2019-11-26 22:17:42 --> Severity: Warning --> json_decode() expects parameter 1 to be string, array given C:\wamp64\www\webpedidos\application\controllers\recebimento\Recebimento.php 49
ERROR - 2019-11-26 22:17:42 --> Severity: Notice --> Trying to get property 'email' of non-object C:\wamp64\www\webpedidos\application\controllers\recebimento\Recebimento.php 54
ERROR - 2019-11-26 22:34:25 --> Severity: Warning --> include_once(C:\wamp64\www\webpedidos\application\controllers\recebimento../usuario/phpmailer/phpMailerAutoload.php): failed to open stream: No such file or directory C:\wamp64\www\webpedidos\application\controllers\recebimento\Recebimento.php 77
ERROR - 2019-11-26 22:34:25 --> Severity: Warning --> include_once(): Failed opening 'C:\wamp64\www\webpedidos\application\controllers\recebimento../usuario/phpmailer/phpMailerAutoload.php' for inclusion (include_path='.;C:\php\pear') C:\wamp64\www\webpedidos\application\controllers\recebimento\Recebimento.php 77
ERROR - 2019-11-26 22:37:33 --> Severity: Warning --> include_once(C:\wamp64\www\webpedidos\application\controllers\recebimento./usuario/phpmailer/phpMailerAutoload.php): failed to open stream: No such file or directory C:\wamp64\www\webpedidos\application\controllers\recebimento\Recebimento.php 77
ERROR - 2019-11-26 22:37:33 --> Severity: Warning --> include_once(): Failed opening 'C:\wamp64\www\webpedidos\application\controllers\recebimento./usuario/phpmailer/phpMailerAutoload.php' for inclusion (include_path='.;C:\php\pear') C:\wamp64\www\webpedidos\application\controllers\recebimento\Recebimento.php 77
ERROR - 2019-11-26 22:39:40 --> Severity: Warning --> include_once(C:\wamp64\www\webpedidos\application\controllers\recebimento../usuario/phpmailer/phpMailerAutoload.php): failed to open stream: No such file or directory C:\wamp64\www\webpedidos\application\controllers\recebimento\Recebimento.php 77
ERROR - 2019-11-26 22:39:40 --> Severity: Warning --> include_once(): Failed opening 'C:\wamp64\www\webpedidos\application\controllers\recebimento../usuario/phpmailer/phpMailerAutoload.php' for inclusion (include_path='.;C:\php\pear') C:\wamp64\www\webpedidos\application\controllers\recebimento\Recebimento.php 77
ERROR - 2019-11-26 22:42:55 --> 404 Page Not Found: Assets/js
ERROR - 2019-11-26 22:42:55 --> 404 Page Not Found: Assets/js
ERROR - 2019-11-26 22:46:20 --> 404 Page Not Found: Assets/js
ERROR - 2019-11-26 22:46:20 --> 404 Page Not Found: Assets/js
ERROR - 2019-11-26 22:47:39 --> 404 Page Not Found: Assets/js
ERROR - 2019-11-26 22:47:39 --> 404 Page Not Found: Assets/js
ERROR - 2019-11-26 22:50:45 --> 404 Page Not Found: Assets/js
ERROR - 2019-11-26 22:50:45 --> 404 Page Not Found: Assets/js
