ERROR - 2019-11-18 00:04:33 --> Severity: error --> Exception: Too few arguments to function Usuario::atualizar(), 0 passed in C:\wamp64\www\system\core\CodeIgniter.php on line 532 and exactly 2 expected C:\wamp64\www\webpedidos\application\controllers\usuario\Usuario.php 300
ERROR - 2019-11-18 00:11:16 --> Severity: error --> Exception: Too few arguments to function Usuario::atualizar(), 0 passed in C:\wamp64\www\system\core\CodeIgniter.php on line 532 and exactly 2 expected C:\wamp64\www\webpedidos\application\controllers\usuario\Usuario.php 300
ERROR - 2019-11-18 00:11:49 --> Severity: error --> Exception: Too few arguments to function Usuario::atualizar(), 0 passed in C:\wamp64\www\system\core\CodeIgniter.php on line 532 and exactly 2 expected C:\wamp64\www\webpedidos\application\controllers\usuario\Usuario.php 300
ERROR - 2019-11-18 00:13:17 --> Severity: error --> Exception: Too few arguments to function Usuario::atualizar(), 0 passed in C:\wamp64\www\system\core\CodeIgniter.php on line 532 and exactly 2 expected C:\wamp64\www\webpedidos\application\controllers\usuario\Usuario.php 300
ERROR - 2019-11-18 00:13:19 --> Severity: error --> Exception: Too few arguments to function Usuario::atualizar(), 0 passed in C:\wamp64\www\system\core\CodeIgniter.php on line 532 and exactly 2 expected C:\wamp64\www\webpedidos\application\controllers\usuario\Usuario.php 300
ERROR - 2019-11-18 00:14:21 --> Severity: error --> Exception: Too few arguments to function Usuario::atualizar(), 0 passed in C:\wamp64\www\system\core\CodeIgniter.php on line 532 and exactly 2 expected C:\wamp64\www\webpedidos\application\controllers\usuario\Usuario.php 300
ERROR - 2019-11-18 00:17:11 --> Severity: error --> Exception: Too few arguments to function Usuario::atualizar(), 0 passed in C:\wamp64\www\system\core\CodeIgniter.php on line 532 and exactly 2 expected C:\wamp64\www\webpedidos\application\controllers\usuario\Usuario.php 300
ERROR - 2019-11-18 00:20:34 --> Severity: error --> Exception: Too few arguments to function Usuario::atualizar(), 0 passed in C:\wamp64\www\system\core\CodeIgniter.php on line 532 and exactly 2 expected C:\wamp64\www\webpedidos\application\controllers\usuario\Usuario.php 300
ERROR - 2019-11-18 00:24:28 --> Severity: error --> Exception: Too few arguments to function Usuario::atualizar(), 0 passed in C:\wamp64\www\system\core\CodeIgniter.php on line 532 and exactly 2 expected C:\wamp64\www\webpedidos\application\controllers\usuario\Usuario.php 300
ERROR - 2019-11-18 00:25:49 --> Severity: error --> Exception: Too few arguments to function Usuario::atualizar(), 0 passed in C:\wamp64\www\system\core\CodeIgniter.php on line 532 and exactly 2 expected C:\wamp64\www\webpedidos\application\controllers\usuario\Usuario.php 300
ERROR - 2019-11-18 00:26:07 --> Severity: Notice --> Undefined variable: login C:\wamp64\www\webpedidos\application\controllers\usuario\Usuario.php 308
ERROR - 2019-11-18 00:26:07 --> Severity: Notice --> Undefined variable: dados C:\wamp64\www\webpedidos\application\controllers\usuario\Usuario.php 309
ERROR - 2019-11-18 00:26:07 --> Severity: Notice --> Undefined variable: login C:\wamp64\www\webpedidos\application\controllers\usuario\Usuario.php 311
ERROR - 2019-11-18 00:26:07 --> Severity: Notice --> Trying to get property 'webloginid' of non-object C:\wamp64\www\webpedidos\application\models\usuario\Usuario_model.php 455
ERROR - 2019-11-18 00:26:07 --> Query error: ERRO:  sintaxe de entrada é inválida para integer: "null"
LINE 3: WHERE "webloginid" = 'null'
                             ^ - Invalid query: SELECT COUNT(*) AS "numrows"
FROM "web_login_senhas_anteriores"
WHERE "webloginid" = 'null'
AND "senha" = 'd4342cab0a1777e02fa8b8cd6076f02e'
ERROR - 2019-11-18 00:27:46 --> Severity: error --> Exception: syntax error, unexpected '$usuarioId' (T_VARIABLE) C:\wamp64\www\webpedidos\application\controllers\usuario\Usuario.php 311
ERROR - 2019-11-18 00:28:17 --> Severity: Notice --> Trying to get property 'webloginid' of non-object C:\wamp64\www\webpedidos\application\models\usuario\Usuario_model.php 455
ERROR - 2019-11-18 00:28:17 --> Query error: ERRO:  sintaxe de entrada é inválida para integer: "null"
LINE 3: WHERE "webloginid" = 'null'
                             ^ - Invalid query: SELECT COUNT(*) AS "numrows"
FROM "web_login_senhas_anteriores"
WHERE "webloginid" = 'null'
AND "senha" = 'd4342cab0a1777e02fa8b8cd6076f02e'
ERROR - 2019-11-18 00:32:18 --> Severity: Notice --> Trying to get property 'webloginid' of non-object C:\wamp64\www\webpedidos\application\models\usuario\Usuario_model.php 455
ERROR - 2019-11-18 00:32:18 --> Query error: ERRO:  sintaxe de entrada é inválida para integer: "null"
LINE 3: WHERE "webloginid" = 'null'
                             ^ - Invalid query: SELECT COUNT(*) AS "numrows"
FROM "web_login_senhas_anteriores"
WHERE "webloginid" = 'null'
AND "senha" = 'd4342cab0a1777e02fa8b8cd6076f02e'
ERROR - 2019-11-18 00:33:09 --> Severity: Notice --> Trying to get property 'webloginid' of non-object C:\wamp64\www\webpedidos\application\models\usuario\Usuario_model.php 455
ERROR - 2019-11-18 00:33:09 --> Query error: ERRO:  sintaxe de entrada é inválida para integer: "null"
LINE 3: WHERE "webloginid" = 'null'
                             ^ - Invalid query: SELECT COUNT(*) AS "numrows"
FROM "web_login_senhas_anteriores"
WHERE "webloginid" = 'null'
AND "senha" = 'd4342cab0a1777e02fa8b8cd6076f02e'
ERROR - 2019-11-18 00:38:02 --> Severity: Notice --> Trying to get property 'webloginid' of non-object C:\wamp64\www\webpedidos\application\models\usuario\Usuario_model.php 455
ERROR - 2019-11-18 00:38:02 --> Query error: ERRO:  sintaxe de entrada é inválida para integer: "null"
LINE 3: WHERE "webloginid" = 'null'
                             ^ - Invalid query: SELECT COUNT(*) AS "numrows"
FROM "web_login_senhas_anteriores"
WHERE "webloginid" = 'null'
AND "senha" = 'd4342cab0a1777e02fa8b8cd6076f02e'
ERROR - 2019-11-18 00:38:03 --> Severity: Notice --> Trying to get property 'webloginid' of non-object C:\wamp64\www\webpedidos\application\models\usuario\Usuario_model.php 455
ERROR - 2019-11-18 00:38:03 --> Query error: ERRO:  sintaxe de entrada é inválida para integer: "null"
LINE 3: WHERE "webloginid" = 'null'
                             ^ - Invalid query: SELECT COUNT(*) AS "numrows"
FROM "web_login_senhas_anteriores"
WHERE "webloginid" = 'null'
AND "senha" = 'd4342cab0a1777e02fa8b8cd6076f02e'
ERROR - 2019-11-18 00:38:47 --> Severity: Notice --> Trying to get property 'webloginid' of non-object C:\wamp64\www\webpedidos\application\models\usuario\Usuario_model.php 455
ERROR - 2019-11-18 00:38:47 --> Query error: ERRO:  sintaxe de entrada é inválida para integer: "null"
LINE 3: WHERE "webloginid" = 'null'
                             ^ - Invalid query: SELECT COUNT(*) AS "numrows"
FROM "web_login_senhas_anteriores"
WHERE "webloginid" = 'null'
AND "senha" = 'd4342cab0a1777e02fa8b8cd6076f02e'
ERROR - 2019-11-18 00:42:45 --> Severity: Notice --> Trying to get property 'webloginid' of non-object C:\wamp64\www\webpedidos\application\models\usuario\Usuario_model.php 455
ERROR - 2019-11-18 00:42:45 --> Query error: ERRO:  sintaxe de entrada é inválida para integer: "null"
LINE 3: WHERE "webloginid" = 'null'
                             ^ - Invalid query: SELECT COUNT(*) AS "numrows"
FROM "web_login_senhas_anteriores"
WHERE "webloginid" = 'null'
AND "senha" = 'd4342cab0a1777e02fa8b8cd6076f02e'
ERROR - 2019-11-18 00:45:42 --> Severity: Notice --> Trying to get property 'webloginid' of non-object C:\wamp64\www\webpedidos\application\models\usuario\Usuario_model.php 455
ERROR - 2019-11-18 00:45:42 --> Query error: ERRO:  sintaxe de entrada é inválida para integer: "null"
LINE 3: WHERE "webloginid" = 'null'
                             ^ - Invalid query: SELECT COUNT(*) AS "numrows"
FROM "web_login_senhas_anteriores"
WHERE "webloginid" = 'null'
AND "senha" = 'd4342cab0a1777e02fa8b8cd6076f02e'
ERROR - 2019-11-18 00:50:40 --> Severity: Notice --> Trying to get property 'webloginid' of non-object C:\wamp64\www\webpedidos\application\models\usuario\Usuario_model.php 455
ERROR - 2019-11-18 00:50:40 --> Query error: ERRO:  sintaxe de entrada é inválida para integer: "null"
LINE 3: WHERE "webloginid" = 'null'
                             ^ - Invalid query: SELECT COUNT(*) AS "numrows"
FROM "web_login_senhas_anteriores"
WHERE "webloginid" = 'null'
AND "senha" = 'd4342cab0a1777e02fa8b8cd6076f02e'
ERROR - 2019-11-18 00:52:27 --> Severity: Notice --> Trying to get property 'webloginid' of non-object C:\wamp64\www\webpedidos\application\models\usuario\Usuario_model.php 455
ERROR - 2019-11-18 00:52:27 --> Query error: ERRO:  sintaxe de entrada é inválida para integer: "null"
LINE 3: WHERE "webloginid" = 'null'
                             ^ - Invalid query: SELECT COUNT(*) AS "numrows"
FROM "web_login_senhas_anteriores"
WHERE "webloginid" = 'null'
AND "senha" = 'd4342cab0a1777e02fa8b8cd6076f02e'
ERROR - 2019-11-18 01:12:33 --> Severity: Notice --> Trying to get property 'webloginid' of non-object C:\wamp64\www\webpedidos\application\models\usuario\Usuario_model.php 455
ERROR - 2019-11-18 01:12:33 --> Query error: ERRO:  sintaxe de entrada é inválida para integer: "null"
LINE 3: WHERE "webloginid" = 'null'
                             ^ - Invalid query: SELECT COUNT(*) AS "numrows"
FROM "web_login_senhas_anteriores"
WHERE "webloginid" = 'null'
AND "senha" = 'd4342cab0a1777e02fa8b8cd6076f02e'
ERROR - 2019-11-18 01:17:08 --> Severity: Notice --> Trying to get property 'webloginid' of non-object C:\wamp64\www\webpedidos\application\models\usuario\Usuario_model.php 455
ERROR - 2019-11-18 01:17:08 --> Query error: ERRO:  sintaxe de entrada é inválida para integer: "null"
LINE 3: WHERE "webloginid" = 'null'
                             ^ - Invalid query: SELECT COUNT(*) AS "numrows"
FROM "web_login_senhas_anteriores"
WHERE "webloginid" = 'null'
AND "senha" = 'd4342cab0a1777e02fa8b8cd6076f02e'
ERROR - 2019-11-18 01:19:15 --> Severity: error --> Exception: Too few arguments to function Usuario::atualizar(), 0 passed in C:\wamp64\www\system\core\CodeIgniter.php on line 532 and exactly 2 expected C:\wamp64\www\webpedidos\application\controllers\usuario\Usuario.php 300
ERROR - 2019-11-18 01:20:41 --> Severity: error --> Exception: Too few arguments to function Usuario::atualizar(), 0 passed in C:\wamp64\www\system\core\CodeIgniter.php on line 532 and exactly 2 expected C:\wamp64\www\webpedidos\application\controllers\usuario\Usuario.php 300
ERROR - 2019-11-18 01:22:05 --> Severity: Notice --> Trying to get property 'webloginid' of non-object C:\wamp64\www\webpedidos\application\models\usuario\Usuario_model.php 455
ERROR - 2019-11-18 01:22:05 --> Query error: ERRO:  sintaxe de entrada é inválida para integer: "null"
LINE 3: WHERE "webloginid" = 'null'
                             ^ - Invalid query: SELECT COUNT(*) AS "numrows"
FROM "web_login_senhas_anteriores"
WHERE "webloginid" = 'null'
AND "senha" = 'e33633e0567f8688f077eff00184ee93'
ERROR - 2019-11-18 01:23:28 --> Severity: Notice --> Trying to get property 'webloginid' of non-object C:\wamp64\www\webpedidos\application\models\usuario\Usuario_model.php 455
ERROR - 2019-11-18 01:23:28 --> Query error: ERRO:  sintaxe de entrada é inválida para integer: "null"
LINE 3: WHERE "webloginid" = 'null'
                             ^ - Invalid query: SELECT COUNT(*) AS "numrows"
FROM "web_login_senhas_anteriores"
WHERE "webloginid" = 'null'
AND "senha" = 'e33633e0567f8688f077eff00184ee93'
ERROR - 2019-11-18 01:24:13 --> Severity: Notice --> Trying to get property 'webloginid' of non-object C:\wamp64\www\webpedidos\application\controllers\usuario\Usuario.php 309
ERROR - 2019-11-18 01:24:13 --> Severity: Notice --> Trying to get property 'webloginid' of non-object C:\wamp64\www\webpedidos\application\models\usuario\Usuario_model.php 455
ERROR - 2019-11-18 01:24:13 --> Query error: ERRO:  sintaxe de entrada é inválida para integer: "null"
LINE 3: WHERE "webloginid" = 'null'
                             ^ - Invalid query: SELECT COUNT(*) AS "numrows"
FROM "web_login_senhas_anteriores"
WHERE "webloginid" = 'null'
AND "senha" = 'e33633e0567f8688f077eff00184ee93'
ERROR - 2019-11-18 01:24:57 --> Severity: Notice --> Trying to get property 'webloginid' of non-object C:\wamp64\www\webpedidos\application\models\usuario\Usuario_model.php 455
ERROR - 2019-11-18 01:24:57 --> Query error: ERRO:  sintaxe de entrada é inválida para integer: "null"
LINE 3: WHERE "webloginid" = 'null'
                             ^ - Invalid query: SELECT COUNT(*) AS "numrows"
FROM "web_login_senhas_anteriores"
WHERE "webloginid" = 'null'
AND "senha" = 'e33633e0567f8688f077eff00184ee93'
ERROR - 2019-11-18 01:26:07 --> Severity: Notice --> Trying to get property 'webloginid' of non-object C:\wamp64\www\webpedidos\application\models\usuario\Usuario_model.php 456
ERROR - 2019-11-18 01:26:07 --> Query error: ERRO:  sintaxe de entrada é inválida para integer: "null"
LINE 3: WHERE "webloginid" = 'null'
                             ^ - Invalid query: SELECT COUNT(*) AS "numrows"
FROM "web_login_senhas_anteriores"
WHERE "webloginid" = 'null'
AND "senha" = 'e33633e0567f8688f077eff00184ee93'
ERROR - 2019-11-18 01:27:45 --> Severity: Notice --> Trying to get property 'webloginid' of non-object C:\wamp64\www\webpedidos\application\models\usuario\Usuario_model.php 456
ERROR - 2019-11-18 01:27:45 --> Query error: ERRO:  sintaxe de entrada é inválida para integer: "null"
LINE 3: WHERE "webloginid" = 'null'
                             ^ - Invalid query: SELECT COUNT(*) AS "numrows"
FROM "web_login_senhas_anteriores"
WHERE "webloginid" = 'null'
AND "senha" = 'e33633e0567f8688f077eff00184ee93'
ERROR - 2019-11-18 01:28:17 --> Severity: error --> Exception: syntax error, unexpected ')' C:\wamp64\www\webpedidos\application\models\usuario\Usuario_model.php 456
ERROR - 2019-11-18 01:28:23 --> Severity: error --> Exception: syntax error, unexpected ')' C:\wamp64\www\webpedidos\application\models\usuario\Usuario_model.php 456
ERROR - 2019-11-18 01:28:26 --> Severity: error --> Exception: syntax error, unexpected ')' C:\wamp64\www\webpedidos\application\models\usuario\Usuario_model.php 456
ERROR - 2019-11-18 01:39:29 --> Severity: error --> Exception: syntax error, unexpected ';', expecting ')' C:\wamp64\www\webpedidos\application\models\usuario\Usuario_model.php 170
ERROR - 2019-11-18 03:24:49 --> 404 Page Not Found: Assets/images
ERROR - 2019-11-18 03:24:49 --> 404 Page Not Found: Assets/images
ERROR - 2019-11-18 03:24:49 --> 404 Page Not Found: Assets/images
ERROR - 2019-11-18 03:24:49 --> 404 Page Not Found: Assets/images
ERROR - 2019-11-18 03:24:49 --> 404 Page Not Found: Assets/images
ERROR - 2019-11-18 03:24:49 --> 404 Page Not Found: Assets/images
ERROR - 2019-11-18 03:24:49 --> 404 Page Not Found: Assets/images
ERROR - 2019-11-18 03:24:49 --> 404 Page Not Found: Assets/images
ERROR - 2019-11-18 03:24:49 --> 404 Page Not Found: Assets/images
ERROR - 2019-11-18 03:24:50 --> 404 Page Not Found: Assets/images
ERROR - 2019-11-18 03:24:50 --> 404 Page Not Found: Assets/images
ERROR - 2019-11-18 03:24:50 --> 404 Page Not Found: Assets/images
ERROR - 2019-11-18 03:33:39 --> Severity: Notice --> Undefined offset: 0 C:\wamp64\www\webpedidos\application\controllers\usuario\Usuario.php 499
ERROR - 2019-11-18 03:33:39 --> Severity: Notice --> Trying to get property 'nome' of non-object C:\wamp64\www\webpedidos\application\controllers\usuario\Usuario.php 499
ERROR - 2019-11-18 03:33:47 --> 404 Page Not Found: Assets/js
ERROR - 2019-11-18 03:33:47 --> 404 Page Not Found: Assets/js
ERROR - 2019-11-18 03:33:50 --> 404 Page Not Found: Assets/js
ERROR - 2019-11-18 03:33:50 --> 404 Page Not Found: Assets/js
ERROR - 2019-11-18 03:33:57 --> Severity: Notice --> Undefined offset: 0 C:\wamp64\www\webpedidos\application\controllers\usuario\Usuario.php 499
ERROR - 2019-11-18 03:33:57 --> Severity: Notice --> Trying to get property 'nome' of non-object C:\wamp64\www\webpedidos\application\controllers\usuario\Usuario.php 499
ERROR - 2019-11-18 03:34:52 --> 404 Page Not Found: Assets/js
ERROR - 2019-11-18 03:34:52 --> 404 Page Not Found: Assets/js
ERROR - 2019-11-18 03:34:53 --> Severity: Notice --> Undefined offset: 0 C:\wamp64\www\webpedidos\application\controllers\usuario\Usuario.php 499
ERROR - 2019-11-18 03:34:53 --> Severity: Notice --> Trying to get property 'nome' of non-object C:\wamp64\www\webpedidos\application\controllers\usuario\Usuario.php 499
ERROR - 2019-11-18 03:35:29 --> 404 Page Not Found: Assets/js
ERROR - 2019-11-18 03:35:29 --> 404 Page Not Found: Assets/js
ERROR - 2019-11-18 03:35:49 --> 404 Page Not Found: Assets/js
ERROR - 2019-11-18 03:35:49 --> 404 Page Not Found: Assets/js
ERROR - 2019-11-18 03:36:18 --> 404 Page Not Found: Assets/js
ERROR - 2019-11-18 03:36:18 --> 404 Page Not Found: Assets/js
ERROR - 2019-11-18 03:36:20 --> Severity: Notice --> Undefined offset: 0 C:\wamp64\www\webpedidos\application\controllers\usuario\Usuario.php 499
ERROR - 2019-11-18 03:36:20 --> Severity: Notice --> Trying to get property 'nome' of non-object C:\wamp64\www\webpedidos\application\controllers\usuario\Usuario.php 499
ERROR - 2019-11-18 03:37:28 --> 404 Page Not Found: Assets/js
ERROR - 2019-11-18 03:37:28 --> 404 Page Not Found: Assets/js
ERROR - 2019-11-18 03:37:30 --> Severity: Notice --> Undefined offset: 0 C:\wamp64\www\webpedidos\application\controllers\usuario\Usuario.php 500
ERROR - 2019-11-18 03:37:30 --> Severity: Notice --> Trying to get property 'nome' of non-object C:\wamp64\www\webpedidos\application\controllers\usuario\Usuario.php 500
ERROR - 2019-11-18 03:39:11 --> 404 Page Not Found: Assets/js
ERROR - 2019-11-18 03:39:11 --> 404 Page Not Found: Assets/js
ERROR - 2019-11-18 03:39:18 --> 404 Page Not Found: Assets/js
ERROR - 2019-11-18 03:39:18 --> 404 Page Not Found: Assets/js
ERROR - 2019-11-18 03:39:40 --> 404 Page Not Found: Assets/js
ERROR - 2019-11-18 03:39:40 --> 404 Page Not Found: Assets/js
ERROR - 2019-11-18 03:40:23 --> 404 Page Not Found: Assets/js
ERROR - 2019-11-18 03:40:23 --> 404 Page Not Found: Assets/js
ERROR - 2019-11-18 03:41:05 --> 404 Page Not Found: Assets/js
ERROR - 2019-11-18 03:41:05 --> 404 Page Not Found: Assets/js
ERROR - 2019-11-18 03:41:07 --> Severity: Notice --> Undefined offset: 0 C:\wamp64\www\webpedidos\application\controllers\usuario\Usuario.php 501
ERROR - 2019-11-18 03:41:07 --> Severity: Notice --> Trying to get property 'nome' of non-object C:\wamp64\www\webpedidos\application\controllers\usuario\Usuario.php 501
ERROR - 2019-11-18 03:41:34 --> 404 Page Not Found: Assets/js
ERROR - 2019-11-18 03:41:34 --> 404 Page Not Found: Assets/js
ERROR - 2019-11-18 03:41:35 --> Severity: Notice --> Undefined offset: 0 C:\wamp64\www\webpedidos\application\controllers\usuario\Usuario.php 501
ERROR - 2019-11-18 03:41:35 --> Severity: Notice --> Trying to get property 'nome' of non-object C:\wamp64\www\webpedidos\application\controllers\usuario\Usuario.php 501
ERROR - 2019-11-18 03:43:12 --> 404 Page Not Found: Assets/js
ERROR - 2019-11-18 03:43:12 --> 404 Page Not Found: Assets/js
ERROR - 2019-11-18 03:43:53 --> 404 Page Not Found: Assets/js
ERROR - 2019-11-18 03:43:53 --> 404 Page Not Found: Assets/js
ERROR - 2019-11-18 03:43:54 --> Severity: Notice --> Undefined offset: 0 C:\wamp64\www\webpedidos\application\controllers\usuario\Usuario.php 501
ERROR - 2019-11-18 03:43:54 --> Severity: Notice --> Trying to get property 'nome' of non-object C:\wamp64\www\webpedidos\application\controllers\usuario\Usuario.php 501
ERROR - 2019-11-18 03:46:25 --> 404 Page Not Found: Assets/js
ERROR - 2019-11-18 03:46:25 --> 404 Page Not Found: Assets/js
ERROR - 2019-11-18 03:46:26 --> Severity: Notice --> Trying to get property 'nome' of non-object C:\wamp64\www\webpedidos\application\controllers\usuario\Usuario.php 501
ERROR - 2019-11-18 03:46:27 --> Severity: Notice --> Trying to get property 'nome' of non-object C:\wamp64\www\webpedidos\application\controllers\usuario\Usuario.php 501
ERROR - 2019-11-18 03:46:51 --> 404 Page Not Found: Assets/js
ERROR - 2019-11-18 03:46:51 --> 404 Page Not Found: Assets/js
ERROR - 2019-11-18 03:46:52 --> Severity: Notice --> Undefined offset: 0 C:\wamp64\www\webpedidos\application\controllers\usuario\Usuario.php 501
ERROR - 2019-11-18 03:47:14 --> 404 Page Not Found: Assets/js
ERROR - 2019-11-18 03:47:14 --> 404 Page Not Found: Assets/js
ERROR - 2019-11-18 03:47:16 --> Severity: Notice --> Undefined offset: 0 C:\wamp64\www\webpedidos\application\controllers\usuario\Usuario.php 501
ERROR - 2019-11-18 03:47:54 --> 404 Page Not Found: Assets/js
ERROR - 2019-11-18 03:47:54 --> 404 Page Not Found: Assets/js
ERROR - 2019-11-18 03:47:56 --> Severity: Notice --> Undefined offset: 0 C:\wamp64\www\webpedidos\application\controllers\usuario\Usuario.php 501
ERROR - 2019-11-18 03:47:56 --> Severity: Notice --> Trying to get property 'nome' of non-object C:\wamp64\www\webpedidos\application\controllers\usuario\Usuario.php 501
ERROR - 2019-11-18 03:48:00 --> 404 Page Not Found: Assets/js
ERROR - 2019-11-18 03:48:00 --> 404 Page Not Found: Assets/js
ERROR - 2019-11-18 03:48:02 --> Severity: Notice --> Undefined offset: 0 C:\wamp64\www\webpedidos\application\controllers\usuario\Usuario.php 501
ERROR - 2019-11-18 03:48:02 --> Severity: Notice --> Trying to get property 'nome' of non-object C:\wamp64\www\webpedidos\application\controllers\usuario\Usuario.php 501
ERROR - 2019-11-18 03:48:20 --> 404 Page Not Found: Assets/js
ERROR - 2019-11-18 03:48:20 --> 404 Page Not Found: Assets/js
ERROR - 2019-11-18 03:48:26 --> 404 Page Not Found: Assets/js
ERROR - 2019-11-18 03:48:26 --> 404 Page Not Found: Assets/js
ERROR - 2019-11-18 03:48:27 --> Severity: Notice --> Undefined offset: 0 C:\wamp64\www\webpedidos\application\controllers\usuario\Usuario.php 501
ERROR - 2019-11-18 03:48:27 --> Severity: Notice --> Trying to get property 'nome' of non-object C:\wamp64\www\webpedidos\application\controllers\usuario\Usuario.php 501
ERROR - 2019-11-18 03:49:14 --> 404 Page Not Found: Assets/js
ERROR - 2019-11-18 03:49:14 --> 404 Page Not Found: Assets/js
ERROR - 2019-11-18 03:49:15 --> Severity: Notice --> Undefined offset: 0 C:\wamp64\www\webpedidos\application\controllers\usuario\Usuario.php 502
ERROR - 2019-11-18 03:49:15 --> Severity: Notice --> Trying to get property 'nome' of non-object C:\wamp64\www\webpedidos\application\controllers\usuario\Usuario.php 502
ERROR - 2019-11-18 03:50:02 --> 404 Page Not Found: Assets/js
ERROR - 2019-11-18 03:50:02 --> 404 Page Not Found: Assets/js
ERROR - 2019-11-18 03:51:02 --> 404 Page Not Found: Assets/js
ERROR - 2019-11-18 03:51:02 --> 404 Page Not Found: Assets/js
ERROR - 2019-11-18 03:51:09 --> 404 Page Not Found: Assets/js
ERROR - 2019-11-18 03:51:09 --> 404 Page Not Found: Assets/js
ERROR - 2019-11-18 03:51:11 --> Severity: Notice --> Undefined offset: 0 C:\wamp64\www\webpedidos\application\controllers\usuario\Usuario.php 502
ERROR - 2019-11-18 03:51:11 --> Severity: Notice --> Trying to get property 'nome' of non-object C:\wamp64\www\webpedidos\application\controllers\usuario\Usuario.php 502
ERROR - 2019-11-18 03:52:27 --> 404 Page Not Found: Assets/js
ERROR - 2019-11-18 03:52:27 --> 404 Page Not Found: Assets/js
ERROR - 2019-11-18 03:52:28 --> 404 Page Not Found: Assets/js
ERROR - 2019-11-18 03:52:28 --> 404 Page Not Found: Assets/js
ERROR - 2019-11-18 03:52:32 --> Severity: Notice --> Undefined offset: 0 C:\wamp64\www\webpedidos\application\controllers\usuario\Usuario.php 502
ERROR - 2019-11-18 03:52:32 --> Severity: Notice --> Trying to get property 'nome' of non-object C:\wamp64\www\webpedidos\application\controllers\usuario\Usuario.php 502
ERROR - 2019-11-18 03:55:41 --> Severity: Notice --> Undefined offset: 0 C:\wamp64\www\webpedidos\application\controllers\usuario\Usuario.php 502
ERROR - 2019-11-18 03:55:41 --> Severity: Notice --> Trying to get property 'nome' of non-object C:\wamp64\www\webpedidos\application\controllers\usuario\Usuario.php 502
ERROR - 2019-11-18 03:55:45 --> 404 Page Not Found: Assets/js
ERROR - 2019-11-18 03:55:45 --> 404 Page Not Found: Assets/js
ERROR - 2019-11-18 03:55:46 --> Severity: Notice --> Undefined offset: 0 C:\wamp64\www\webpedidos\application\controllers\usuario\Usuario.php 502
ERROR - 2019-11-18 03:55:46 --> Severity: Notice --> Trying to get property 'nome' of non-object C:\wamp64\www\webpedidos\application\controllers\usuario\Usuario.php 502
ERROR - 2019-11-18 03:56:37 --> 404 Page Not Found: Assets/js
ERROR - 2019-11-18 03:56:37 --> 404 Page Not Found: Assets/js
ERROR - 2019-11-18 03:56:38 --> Severity: Notice --> Undefined offset: 0 C:\wamp64\www\webpedidos\application\controllers\usuario\Usuario.php 499
ERROR - 2019-11-18 03:56:38 --> Severity: Notice --> Trying to get property 'nome' of non-object C:\wamp64\www\webpedidos\application\controllers\usuario\Usuario.php 499
ERROR - 2019-11-18 04:00:20 --> 404 Page Not Found: Assets/js
ERROR - 2019-11-18 04:00:20 --> 404 Page Not Found: Assets/js
ERROR - 2019-11-18 04:01:02 --> 404 Page Not Found: Assets/js
ERROR - 2019-11-18 04:01:02 --> 404 Page Not Found: Assets/js
ERROR - 2019-11-18 04:01:03 --> Severity: Warning --> json_decode() expects parameter 1 to be string, array given C:\wamp64\www\webpedidos\application\controllers\usuario\Usuario.php 499
ERROR - 2019-11-18 04:01:03 --> Severity: Warning --> json_decode() expects parameter 1 to be string, array given C:\wamp64\www\webpedidos\application\controllers\usuario\Usuario.php 499
ERROR - 2019-11-18 04:01:27 --> 404 Page Not Found: Assets/js
ERROR - 2019-11-18 04:01:27 --> 404 Page Not Found: Assets/js
ERROR - 2019-11-18 04:01:28 --> Severity: Notice --> Undefined offset: 0 C:\wamp64\www\webpedidos\application\controllers\usuario\Usuario.php 499
ERROR - 2019-11-18 04:01:28 --> Severity: Notice --> Trying to get property 'nome' of non-object C:\wamp64\www\webpedidos\application\controllers\usuario\Usuario.php 499
ERROR - 2019-11-18 04:03:07 --> 404 Page Not Found: Assets/js
ERROR - 2019-11-18 04:03:07 --> 404 Page Not Found: Assets/js
ERROR - 2019-11-18 04:03:07 --> 404 Page Not Found: Assets/js
ERROR - 2019-11-18 04:03:07 --> 404 Page Not Found: Assets/js
ERROR - 2019-11-18 04:03:08 --> Severity: Notice --> Undefined offset: 0 C:\wamp64\www\webpedidos\application\controllers\usuario\Usuario.php 499
ERROR - 2019-11-18 04:03:08 --> Severity: Notice --> Trying to get property 'nome' of non-object C:\wamp64\www\webpedidos\application\controllers\usuario\Usuario.php 499
ERROR - 2019-11-18 04:05:15 --> 404 Page Not Found: Assets/js
ERROR - 2019-11-18 04:05:15 --> 404 Page Not Found: Assets/js
ERROR - 2019-11-18 04:05:25 --> 404 Page Not Found: Assets/js
ERROR - 2019-11-18 04:05:25 --> 404 Page Not Found: Assets/js
ERROR - 2019-11-18 04:05:38 --> Query error: ERRO:  duplicar valor da chave viola a restrição de unicidade "web_login_usuario_key"
DETAIL:  Chave (usuario)=(FITASSUL21) já existe. - Invalid query: UPDATE "web_login" SET "usuario" = 'FITASSUL21'
WHERE "funcionarioid" = '8e3fa351-2edf-4a8b-8779-1d3586344331'
ERROR - 2019-11-18 04:06:20 --> Query error: ERRO:  duplicar valor da chave viola a restrição de unicidade "web_login_usuario_key"
DETAIL:  Chave (usuario)=(FITASSULM) já existe. - Invalid query: UPDATE "web_login" SET "usuario" = 'FITASSULM'
WHERE "funcionarioid" = '8e3fa351-2edf-4a8b-8779-1d3586344331'
ERROR - 2019-11-18 04:08:19 --> 404 Page Not Found: Assets/js
ERROR - 2019-11-18 04:08:19 --> 404 Page Not Found: Assets/js
ERROR - 2019-11-18 04:12:52 --> 404 Page Not Found: Assets/js
ERROR - 2019-11-18 04:12:52 --> 404 Page Not Found: Assets/js
ERROR - 2019-11-18 04:13:02 --> 404 Page Not Found: Assets/js
ERROR - 2019-11-18 04:13:02 --> 404 Page Not Found: Assets/js
ERROR - 2019-11-18 04:13:50 --> 404 Page Not Found: Assets/js
ERROR - 2019-11-18 04:13:50 --> 404 Page Not Found: Assets/js
ERROR - 2019-11-18 04:14:03 --> Query error: ERRO:  duplicar valor da chave viola a restrição de unicidade "web_login_usuario_key"
DETAIL:  Chave (usuario)=(FITASSUL88) já existe. - Invalid query: UPDATE "web_login" SET "usuario" = 'FITASSUL88'
WHERE "funcionarioid" = '8e3fa351-2edf-4a8b-8779-1d3586344331'
ERROR - 2019-11-18 04:14:43 --> 404 Page Not Found: Assets/js
ERROR - 2019-11-18 04:14:43 --> 404 Page Not Found: Assets/js
ERROR - 2019-11-18 04:15:02 --> 404 Page Not Found: Assets/js
ERROR - 2019-11-18 04:15:02 --> 404 Page Not Found: Assets/js
ERROR - 2019-11-18 04:15:07 --> 404 Page Not Found: Assets/js
ERROR - 2019-11-18 04:15:07 --> 404 Page Not Found: Assets/js
ERROR - 2019-11-18 04:15:08 --> 404 Page Not Found: Assets/js
ERROR - 2019-11-18 04:15:08 --> 404 Page Not Found: Assets/js
ERROR - 2019-11-18 04:15:12 --> 404 Page Not Found: Assets/js
ERROR - 2019-11-18 04:15:12 --> 404 Page Not Found: Assets/js
ERROR - 2019-11-18 04:15:18 --> 404 Page Not Found: Assets/js
ERROR - 2019-11-18 04:15:18 --> 404 Page Not Found: Assets/js
ERROR - 2019-11-18 04:24:21 --> 404 Page Not Found: Assets/js
ERROR - 2019-11-18 04:24:21 --> 404 Page Not Found: Assets/js
ERROR - 2019-11-18 04:24:37 --> 404 Page Not Found: Assets/js
ERROR - 2019-11-18 04:24:37 --> 404 Page Not Found: Assets/js
ERROR - 2019-11-18 04:24:39 --> 404 Page Not Found: Assets/js
ERROR - 2019-11-18 04:24:39 --> 404 Page Not Found: Assets/js
ERROR - 2019-11-18 04:24:44 --> 404 Page Not Found: Assets/js
ERROR - 2019-11-18 04:24:44 --> 404 Page Not Found: Assets/js
ERROR - 2019-11-18 04:24:50 --> 404 Page Not Found: Assets/js
ERROR - 2019-11-18 04:24:50 --> 404 Page Not Found: Assets/js
ERROR - 2019-11-18 04:25:51 --> 404 Page Not Found: Assets/js
ERROR - 2019-11-18 04:25:51 --> 404 Page Not Found: Assets/js
ERROR - 2019-11-18 04:28:42 --> 404 Page Not Found: Assets/js
ERROR - 2019-11-18 04:28:42 --> 404 Page Not Found: Assets/js
ERROR - 2019-11-18 11:28:21 --> 404 Page Not Found: Assets/js
ERROR - 2019-11-18 11:28:21 --> 404 Page Not Found: Assets/js
ERROR - 2019-11-18 11:28:38 --> 404 Page Not Found: Assets/js
ERROR - 2019-11-18 11:28:38 --> 404 Page Not Found: Assets/js
ERROR - 2019-11-18 11:43:45 --> 404 Page Not Found: Assets/js
ERROR - 2019-11-18 11:43:45 --> 404 Page Not Found: Assets/js
ERROR - 2019-11-18 12:04:54 --> 404 Page Not Found: Assets/js
ERROR - 2019-11-18 12:04:54 --> 404 Page Not Found: Assets/js
ERROR - 2019-11-18 12:05:00 --> 404 Page Not Found: Assets/js
ERROR - 2019-11-18 12:05:00 --> 404 Page Not Found: Assets/js
ERROR - 2019-11-18 12:07:17 --> 404 Page Not Found: Assets/js
ERROR - 2019-11-18 12:07:17 --> 404 Page Not Found: Assets/js
ERROR - 2019-11-18 12:08:50 --> 404 Page Not Found: Assets/js
ERROR - 2019-11-18 12:08:50 --> 404 Page Not Found: Assets/js
ERROR - 2019-11-18 12:09:51 --> 404 Page Not Found: Assets/js
ERROR - 2019-11-18 12:09:51 --> 404 Page Not Found: Assets/js
ERROR - 2019-11-18 12:09:57 --> 404 Page Not Found: Assets/js
ERROR - 2019-11-18 12:09:57 --> 404 Page Not Found: Assets/js
ERROR - 2019-11-18 12:11:49 --> 404 Page Not Found: Assets/js
ERROR - 2019-11-18 12:11:49 --> 404 Page Not Found: Assets/js
ERROR - 2019-11-18 12:12:00 --> 404 Page Not Found: Assets/js
ERROR - 2019-11-18 12:12:00 --> 404 Page Not Found: Assets/js
ERROR - 2019-11-18 12:14:32 --> 404 Page Not Found: Assets/js
ERROR - 2019-11-18 12:14:32 --> 404 Page Not Found: Assets/js
ERROR - 2019-11-18 12:17:35 --> 404 Page Not Found: Assets/js
ERROR - 2019-11-18 12:17:35 --> 404 Page Not Found: Assets/js
ERROR - 2019-11-18 12:18:02 --> 404 Page Not Found: Assets/js
ERROR - 2019-11-18 12:18:02 --> 404 Page Not Found: Assets/js
ERROR - 2019-11-18 12:31:17 --> 404 Page Not Found: Assets/js
ERROR - 2019-11-18 12:31:17 --> 404 Page Not Found: Assets/js
ERROR - 2019-11-18 12:36:40 --> 404 Page Not Found: Assets/js
ERROR - 2019-11-18 12:36:40 --> 404 Page Not Found: Assets/js
ERROR - 2019-11-18 12:37:20 --> 404 Page Not Found: Assets/js
ERROR - 2019-11-18 12:37:20 --> 404 Page Not Found: Assets/js
ERROR - 2019-11-18 15:11:15 --> 404 Page Not Found: Assets/js
ERROR - 2019-11-18 15:11:15 --> 404 Page Not Found: Assets/js
ERROR - 2019-11-18 15:11:54 --> 404 Page Not Found: Assets/js
ERROR - 2019-11-18 15:11:54 --> 404 Page Not Found: Assets/js
ERROR - 2019-11-18 15:12:15 --> 404 Page Not Found: Assets/js
ERROR - 2019-11-18 15:12:15 --> 404 Page Not Found: Assets/js
ERROR - 2019-11-18 15:12:16 --> Query error: ERRO:  relação "pedido2s" não existe
LINE 2: FROM "pedido2s" "pe"
             ^ - Invalid query: SELECT DISTINCT CAST(pe.numero AS INTEGER) as numero, "f"."nome", "pe"."data_emissao", "pe"."status", "pe"."obs", "pe"."aprovar", "pe"."entrega_turno" AS "turno", "pe"."entrega_local" AS "entrega", "fs"."nome" AS "solicitante", "fa"."nome" AS "aprovador", "pe"."id_centro_custo" AS "cc", "s"."nome" AS "setor"
FROM "pedido2s" "pe"
JOIN "funcionarios" "f" ON "f"."matricula" = "pe"."key_funcionarios"
JOIN "funcionarios" "fa" ON "fa"."matricula" = "pe"."key_funcionarios_aprovador"
JOIN "funcionarios" "fs" ON "fs"."matricula" = "pe"."key_funcionarios_solicitante"
JOIN "setor" "s" ON "s"."id_centro_custo" = "pe"."id_centro_custo" AND "s"."id_depto" = "pe"."id_depto"
WHERE "pe"."key_funcionarios_solicitante" = '33100093'
ORDER BY "numero" DESC
 LIMIT 10
ERROR - 2019-11-18 15:14:09 --> 404 Page Not Found: Assets/js
ERROR - 2019-11-18 15:14:09 --> 404 Page Not Found: Assets/js
ERROR - 2019-11-18 15:14:09 --> Query error: ERRO:  relação "pediddos" não existe
LINE 2: FROM "pediddos" "pe"
             ^ - Invalid query: SELECT DISTINCT CAST(pe.numero AS INTEGER) as numero, "f"."nome", "pe"."data_emissao", "pe"."status", "pe"."obs", "pe"."aprovar", "pe"."entrega_turno" AS "turno", "pe"."entrega_local" AS "entrega", "fs"."nome" AS "solicitante", "fa"."nome" AS "aprovador", "pe"."id_centro_custo" AS "cc", "s"."nome" AS "setor"
FROM "pediddos" "pe"
JOIN "funcionarios" "f" ON "f"."matricula" = "pe"."key_funcionarios"
JOIN "funcionarios" "fa" ON "fa"."matricula" = "pe"."key_funcionarios_aprovador"
JOIN "funcionarios" "fs" ON "fs"."matricula" = "pe"."key_funcionarios_solicitante"
JOIN "setor" "s" ON "s"."id_centro_custo" = "pe"."id_centro_custo" AND "s"."id_depto" = "pe"."id_depto"
WHERE "pe"."key_funcionarios_solicitante" = '33100093'
ORDER BY "numero" DESC
 LIMIT 10
ERROR - 2019-11-18 15:16:34 --> 404 Page Not Found: Assets/js
ERROR - 2019-11-18 15:16:34 --> 404 Page Not Found: Assets/js
ERROR - 2019-11-18 15:16:34 --> Query error: ERRO:  coluna "f.nome" deve aparecer na cláusula GROUP BY ou ser utilizada em uma função de agregação
LINE 1: SELECT CAST(pe.numero AS INTEGER) as numero, "f"."nome", "pe...
                                                     ^ - Invalid query: SELECT CAST(pe.numero AS INTEGER) as numero, "f"."nome", "pe"."data_emissao", "pe"."status", "pe"."obs", "pe"."aprovar", "pe"."entrega_turno" AS "turno", "pe"."entrega_local" AS "entrega", "fs"."nome" AS "solicitante", "fa"."nome" AS "aprovador", "pe"."id_centro_custo" AS "cc", "s"."nome" AS "setor"
FROM "pedidos" "pe"
JOIN "funcionarios" "f" ON "f"."matricula" = "pe"."key_funcionarios"
JOIN "funcionarios" "fa" ON "fa"."matricula" = "pe"."key_funcionarios_aprovador"
JOIN "funcionarios" "fs" ON "fs"."matricula" = "pe"."key_funcionarios_solicitante"
JOIN "setor" "s" ON "s"."id_centro_custo" = "pe"."id_centro_custo" AND "s"."id_depto" = "pe"."id_depto"
WHERE "pe"."key_funcionarios_solicitante" = '33100093'
GROUP BY "numero"
ORDER BY "numero" DESC
 LIMIT 10
ERROR - 2019-11-18 15:16:35 --> 404 Page Not Found: Assets/js
ERROR - 2019-11-18 15:16:35 --> 404 Page Not Found: Assets/js
ERROR - 2019-11-18 15:16:35 --> Query error: ERRO:  coluna "f.nome" deve aparecer na cláusula GROUP BY ou ser utilizada em uma função de agregação
LINE 1: SELECT CAST(pe.numero AS INTEGER) as numero, "f"."nome", "pe...
                                                     ^ - Invalid query: SELECT CAST(pe.numero AS INTEGER) as numero, "f"."nome", "pe"."data_emissao", "pe"."status", "pe"."obs", "pe"."aprovar", "pe"."entrega_turno" AS "turno", "pe"."entrega_local" AS "entrega", "fs"."nome" AS "solicitante", "fa"."nome" AS "aprovador", "pe"."id_centro_custo" AS "cc", "s"."nome" AS "setor"
FROM "pedidos" "pe"
JOIN "funcionarios" "f" ON "f"."matricula" = "pe"."key_funcionarios"
JOIN "funcionarios" "fa" ON "fa"."matricula" = "pe"."key_funcionarios_aprovador"
JOIN "funcionarios" "fs" ON "fs"."matricula" = "pe"."key_funcionarios_solicitante"
JOIN "setor" "s" ON "s"."id_centro_custo" = "pe"."id_centro_custo" AND "s"."id_depto" = "pe"."id_depto"
WHERE "pe"."key_funcionarios_solicitante" = '33100093'
GROUP BY "numero"
ORDER BY "numero" DESC
 LIMIT 10
ERROR - 2019-11-18 15:21:25 --> 404 Page Not Found: Assets/js
ERROR - 2019-11-18 15:21:25 --> 404 Page Not Found: Assets/js
ERROR - 2019-11-18 15:21:51 --> 404 Page Not Found: Assets/js
ERROR - 2019-11-18 15:21:51 --> 404 Page Not Found: Assets/js
ERROR - 2019-11-18 15:22:46 --> 404 Page Not Found: Assets/js
ERROR - 2019-11-18 15:22:46 --> 404 Page Not Found: Assets/js
ERROR - 2019-11-18 15:22:46 --> Severity: Warning --> Use of undefined constant pe - assumed 'pe' (this will throw an Error in a future version of PHP) C:\wamp64\www\webpedidos\application\models\pedido\Requisicao_model.php 140
ERROR - 2019-11-18 15:22:46 --> Severity: Warning --> Use of undefined constant numero - assumed 'numero' (this will throw an Error in a future version of PHP) C:\wamp64\www\webpedidos\application\models\pedido\Requisicao_model.php 140
ERROR - 2019-11-18 15:22:54 --> 404 Page Not Found: Assets/js
ERROR - 2019-11-18 15:22:54 --> 404 Page Not Found: Assets/js
ERROR - 2019-11-18 15:22:55 --> Severity: Warning --> Use of undefined constant numero - assumed 'numero' (this will throw an Error in a future version of PHP) C:\wamp64\www\webpedidos\application\models\pedido\Requisicao_model.php 140
ERROR - 2019-11-18 15:23:12 --> 404 Page Not Found: Assets/js
ERROR - 2019-11-18 15:23:12 --> 404 Page Not Found: Assets/js
ERROR - 2019-11-18 15:25:07 --> 404 Page Not Found: Assets/js
ERROR - 2019-11-18 15:25:07 --> 404 Page Not Found: Assets/js
ERROR - 2019-11-18 15:28:30 --> 404 Page Not Found: Assets/js
ERROR - 2019-11-18 15:28:30 --> 404 Page Not Found: Assets/js
ERROR - 2019-11-18 15:28:32 --> 404 Page Not Found: Assets/js
ERROR - 2019-11-18 15:28:32 --> 404 Page Not Found: Assets/js
ERROR - 2019-11-18 15:28:32 --> Query error: ERRO:  erro de sintaxe em ou próximo a "as"
LINE 1: SELECT DISTINCT(CAST(pe.numero AS INTEGER) as numero), "f"."...
                                                   ^ - Invalid query: SELECT DISTINCT(CAST(pe.numero AS INTEGER) as numero), "f"."nome", "pe"."data_emissao", "pe"."status", "pe"."obs", "pe"."aprovar", "pe"."entrega_turno" AS "turno", "pe"."entrega_local" AS "entrega", "fs"."nome" AS "solicitante", "fa"."nome" AS "aprovador", "pe"."id_centro_custo" AS "cc", "s"."nome" AS "setor"
FROM "pedidos" "pe"
JOIN "funcionarios" "f" ON "f"."matricula" = "pe"."key_funcionarios"
JOIN "funcionarios" "fa" ON "fa"."matricula" = "pe"."key_funcionarios_aprovador"
JOIN "funcionarios" "fs" ON "fs"."matricula" = "pe"."key_funcionarios_solicitante"
JOIN "setor" "s" ON "s"."id_centro_custo" = "pe"."id_centro_custo" AND "s"."id_depto" = "pe"."id_depto"
WHERE "pe"."key_funcionarios_solicitante" = '33100093'
ORDER BY "numero" DESC
 LIMIT 10
ERROR - 2019-11-18 15:29:16 --> 404 Page Not Found: Assets/js
ERROR - 2019-11-18 15:29:16 --> 404 Page Not Found: Assets/js
ERROR - 2019-11-18 15:29:17 --> Query error: ERRO:  erro de sintaxe em ou próximo a "as"
LINE 1: SELECT DISTINCT(pe.numero as numero), "f"."nome", "pe"."data...
                                  ^ - Invalid query: SELECT DISTINCT(pe.numero as numero), "f"."nome", "pe"."data_emissao", "pe"."status", "pe"."obs", "pe"."aprovar", "pe"."entrega_turno" AS "turno", "pe"."entrega_local" AS "entrega", "fs"."nome" AS "solicitante", "fa"."nome" AS "aprovador", "pe"."id_centro_custo" AS "cc", "s"."nome" AS "setor"
FROM "pedidos" "pe"
JOIN "funcionarios" "f" ON "f"."matricula" = "pe"."key_funcionarios"
JOIN "funcionarios" "fa" ON "fa"."matricula" = "pe"."key_funcionarios_aprovador"
JOIN "funcionarios" "fs" ON "fs"."matricula" = "pe"."key_funcionarios_solicitante"
JOIN "setor" "s" ON "s"."id_centro_custo" = "pe"."id_centro_custo" AND "s"."id_depto" = "pe"."id_depto"
WHERE "pe"."key_funcionarios_solicitante" = '33100093'
ORDER BY "numero" DESC
 LIMIT 10
ERROR - 2019-11-18 15:29:47 --> 404 Page Not Found: Assets/js
ERROR - 2019-11-18 15:29:47 --> 404 Page Not Found: Assets/js
ERROR - 2019-11-18 15:30:22 --> 404 Page Not Found: Assets/js
ERROR - 2019-11-18 15:30:22 --> 404 Page Not Found: Assets/js
ERROR - 2019-11-18 15:30:33 --> 404 Page Not Found: Assets/images
ERROR - 2019-11-18 15:30:33 --> 404 Page Not Found: Assets/images
ERROR - 2019-11-18 15:30:34 --> 404 Page Not Found: Assets/images
ERROR - 2019-11-18 15:30:34 --> 404 Page Not Found: Assets/images
ERROR - 2019-11-18 15:30:42 --> 404 Page Not Found: Assets/js
ERROR - 2019-11-18 15:30:42 --> 404 Page Not Found: Assets/js
ERROR - 2019-11-18 15:37:15 --> 404 Page Not Found: Assets/js
ERROR - 2019-11-18 15:37:15 --> 404 Page Not Found: Assets/js
ERROR - 2019-11-18 15:37:44 --> 404 Page Not Found: Assets/js
ERROR - 2019-11-18 15:37:44 --> 404 Page Not Found: Assets/js
ERROR - 2019-11-18 15:38:45 --> 404 Page Not Found: Assets/js
ERROR - 2019-11-18 15:38:45 --> 404 Page Not Found: Assets/js
ERROR - 2019-11-18 15:42:35 --> 404 Page Not Found: Assets/js
ERROR - 2019-11-18 15:42:35 --> 404 Page Not Found: Assets/js
ERROR - 2019-11-18 15:44:40 --> 404 Page Not Found: Assets/js
ERROR - 2019-11-18 15:44:40 --> 404 Page Not Found: Assets/js
ERROR - 2019-11-18 15:47:10 --> 404 Page Not Found: Assets/js
ERROR - 2019-11-18 15:47:10 --> 404 Page Not Found: Assets/js
ERROR - 2019-11-18 15:47:11 --> 404 Page Not Found: Assets/js
ERROR - 2019-11-18 15:47:11 --> 404 Page Not Found: Assets/js
ERROR - 2019-11-18 15:47:24 --> Query error: ERRO:  relação "vend2as" não existe
LINE 2: FROM "vend2as" "v"
             ^ - Invalid query: SELECT DISTINCT "v"."rm" as "requisicao", (cast(v.data_emissao as date)) as Data_Entrega, (cast(nf.emissao as date)) AS Data_Faturamento, "v"."id_centro_custo" as "CC", "f"."nome" as "funcionario", "v"."key_funcionarios" as "matricula", "po"."descricao" as "Produto", "vi"."key_partnumber" as "Partnumber", "po"."op_ca" as "CA", "vi"."quantidade", (vi.valor) as Vl_Unit, "pe"."data_emissao" as "Data_Emissao", "fu"."nome" as "Solicitante", "fu"."matricula" as "smatricula", "pl"."localentrega" as "Local_Entrega"
FROM "vend2as" "v"
JOIN "vendas_item" "vi" ON "v"."rm" = "vi"."key_vendas" AND "v"."item" = "vi"."key_vendas_item"
JOIN "funcionarios" "f" ON "v"."key_funcionarios" = "f"."matricula"
JOIN "produtos" "po" ON "vi"."key_produtos" = "po"."codigo"
JOIN "setor" "s" ON "s"."id_centro_custo" = "v"."id_centro_custo"
JOIN "pedidos" "pe" ON (pe.numero, pe.key_clientes) = (v.rm, v.key_clientes)
JOIN "pedidos_local" "pl" ON "pe"."numero" = "pl"."key_pedidos"
JOIN "usuario" "u" ON "pe"."key_usuario" = "u"."codigo"
JOIN "funcionarios" "fu" ON "fu"."matricula" = "u"."key_funcionarios" AND "pe"."id_depto" = "s"."id_depto"
JOIN "nota_fiscal" "nf" ON "v"."key_nota_fiscal" = "nf"."codigo" and "nf"."status" = 'EM'
WHERE "v"."id_centro_custo" = '75000318'
AND "f"."matricula" = '33029639'
ORDER BY 2
 LIMIT 1000
ERROR - 2019-11-18 15:57:56 --> 404 Page Not Found: Assets/js
ERROR - 2019-11-18 15:57:56 --> 404 Page Not Found: Assets/js
ERROR - 2019-11-18 16:19:46 --> 404 Page Not Found: Assets/js
ERROR - 2019-11-18 16:19:46 --> 404 Page Not Found: Assets/js
ERROR - 2019-11-18 16:19:46 --> Query error: ERRO:  faltando entrada para tabela "s" na cláusula FROM
LINE 1: ..." AS "aprovador", "pe"."id_centro_custo" AS "cc", "s"."nome"...
                                                             ^ - Invalid query: SELECT DISTINCT CAST(pe.numero AS INTEGER) as numero, "f"."nome", "pe"."data_emissao", "pe"."status", "pe"."obs", "pe"."aprovar", "pe"."entrega_turno" AS "turno", "pe"."entrega_local" AS "entrega", "fs"."nome" AS "solicitante", "fa"."nome" AS "aprovador", "pe"."id_centro_custo" AS "cc", "s"."nome" AS "setor"
FROM "pedidos" "pe"
JOIN "funcionarios" "f" ON "f"."matricula" = "pe"."key_funcionarios"
JOIN "funcionarios" "fa" ON "fa"."matricula" = "pe"."key_funcionarios_aprovador"
JOIN "funcionarios" "fs" ON "fs"."matricula" = "pe"."key_funcionarios_solicitante"
WHERE "pe"."key_funcionarios_solicitante" = '33100093'
ORDER BY "numero" DESC
 LIMIT 10
ERROR - 2019-11-18 16:21:57 --> 404 Page Not Found: Assets/js
ERROR - 2019-11-18 16:21:57 --> 404 Page Not Found: Assets/js
ERROR - 2019-11-18 16:22:14 --> 404 Page Not Found: Assets/js
ERROR - 2019-11-18 16:22:14 --> 404 Page Not Found: Assets/js
ERROR - 2019-11-18 16:22:15 --> Query error: ERRO:  relação "pedi21dos" não existe
LINE 2: FROM "pedi21dos" "pe"
             ^ - Invalid query: SELECT CAST(pe.numero AS INTEGER) as numero, "f"."nome", "pe"."data_emissao", "pe"."status", "pe"."obs", "pe"."aprovar", "pe"."entrega_turno" AS "turno", "pe"."entrega_local" AS "entrega", "fs"."nome" AS "solicitante", "fa"."nome" AS "aprovador", "pe"."id_centro_custo" AS "cc", "s"."nome" AS "setor"
FROM "pedi21dos" "pe"
JOIN "funcionarios" "f" ON "f"."matricula" = "pe"."key_funcionarios"
JOIN "funcionarios" "fa" ON "fa"."matricula" = "pe"."key_funcionarios_aprovador"
JOIN "funcionarios" "fs" ON "fs"."matricula" = "pe"."key_funcionarios_solicitante"
JOIN "setor" "s" ON "s"."id_centro_custo" = "pe"."id_centro_custo" AND "s"."id_depto" = "pe"."id_depto"
WHERE "pe"."key_funcionarios_solicitante" = '33100093'
ORDER BY "numero" DESC
 LIMIT 10
ERROR - 2019-11-18 16:25:06 --> 404 Page Not Found: Assets/js
ERROR - 2019-11-18 16:25:06 --> 404 Page Not Found: Assets/js
ERROR - 2019-11-18 17:16:32 --> Severity: error --> Exception: syntax error, unexpected ',' C:\wamp64\www\webpedidos\application\models\pedido\Requisicao_model.php 142
ERROR - 2019-11-18 17:16:36 --> 404 Page Not Found: Assets/js
ERROR - 2019-11-18 17:16:36 --> 404 Page Not Found: Assets/js
ERROR - 2019-11-18 17:17:36 --> 404 Page Not Found: Assets/js
ERROR - 2019-11-18 17:17:36 --> 404 Page Not Found: Assets/js
ERROR - 2019-11-18 17:17:36 --> Severity: error --> Exception: syntax error, unexpected ',' C:\wamp64\www\webpedidos\application\models\pedido\Requisicao_model.php 142
ERROR - 2019-11-18 17:20:20 --> 404 Page Not Found: Assets/js
ERROR - 2019-11-18 17:20:20 --> 404 Page Not Found: Assets/js
ERROR - 2019-11-18 17:20:20 --> Query error: ERRO:  erro de sintaxe em ou próximo a "JOIN"
LINE 4: JOIN "funcionarios" "fa" ON (fa.matricula, fa.key_clientes) ...
        ^ - Invalid query: SELECT CAST(pe.numero AS INTEGER) as numero, "f"."nome", "pe"."data_emissao", "pe"."status", "pe"."obs", "pe"."aprovar", "pe"."entrega_turno" AS "turno", "pe"."entrega_local" AS "entrega", "fs"."nome" AS "solicitante", "fa"."nome" AS "aprovador", "pe"."id_centro_custo" AS "cc", "s"."nome" AS "setor"
FROM "pedidos" "pe"
JOIN "funcionarios" "f" ON (f.matricula, f.key_clientes) = (pe.key_funcionarios, pe.key_clientes
JOIN "funcionarios" "fa" ON (fa.matricula, fa.key_clientes) = (pe.key_funcionarios_aprovador, pe.key_clientes
JOIN "funcionarios" "fs" ON (fs.matricula, fs.key_clientes) = (pe.key_funcionarios_solicitante, pe.key_clientes
JOIN "setor" "s" ON "s"."id_centro_custo" = "pe"."id_centro_custo" AND "s"."id_depto" = "pe"."id_depto"
WHERE "pe"."key_funcionarios_solicitante" = '33100093'
ORDER BY "numero" DESC
 LIMIT 10
ERROR - 2019-11-18 17:21:17 --> 404 Page Not Found: Assets/js
ERROR - 2019-11-18 17:21:17 --> 404 Page Not Found: Assets/js
ERROR - 2019-11-18 17:21:18 --> Query error: ERRO:  erro de sintaxe em ou próximo a "JOIN"
LINE 4: JOIN "funcionarios" "fa" ON (fa.matricula, fa.key_clientes) ...
        ^ - Invalid query: SELECT CAST(pe.numero AS INTEGER) as numero, "f"."nome", "pe"."data_emissao", "pe"."status", "pe"."obs", "pe"."aprovar", "pe"."entrega_turno" AS "turno", "pe"."entrega_local" AS "entrega", "fs"."nome" AS "solicitante", "fa"."nome" AS "aprovador", "pe"."id_centro_custo" AS "cc", "s"."nome" AS "setor"
FROM "pedidos" "pe"
JOIN "funcionarios" "f" ON (f.matricula, f.key_clientes) = (pe.key_funcionarios, pe.key_clientes
JOIN "funcionarios" "fa" ON (fa.matricula, fa.key_clientes) = (pe.key_funcionarios_aprovador, pe.key_clientes
JOIN "funcionarios" "fs" ON (fs.matricula, fs.key_clientes) = (pe.key_funcionarios_solicitante, pe.key_clientes
JOIN "setor" "s" ON "s"."id_centro_custo" = "pe"."id_centro_custo" AND "s"."id_depto" = "pe"."id_depto"
WHERE "pe"."key_funcionarios_solicitante" = '33100093'
ORDER BY "numero" DESC
 LIMIT 10
ERROR - 2019-11-18 17:22:56 --> 404 Page Not Found: Assets/js
ERROR - 2019-11-18 17:22:56 --> 404 Page Not Found: Assets/js
ERROR - 2019-11-18 17:23:27 --> 404 Page Not Found: Assets/js
ERROR - 2019-11-18 17:23:27 --> 404 Page Not Found: Assets/js
ERROR - 2019-11-18 17:23:28 --> Severity: error --> Exception: syntax error, unexpected ';', expecting ',' or ')' C:\wamp64\www\webpedidos\application\models\pedido\Requisicao_model.php 142
ERROR - 2019-11-18 17:23:55 --> 404 Page Not Found: Assets/js
ERROR - 2019-11-18 17:23:55 --> 404 Page Not Found: Assets/js
ERROR - 2019-11-18 17:24:08 --> 404 Page Not Found: Assets/js
ERROR - 2019-11-18 17:24:09 --> 404 Page Not Found: Assets/js
ERROR - 2019-11-18 17:24:19 --> 404 Page Not Found: Assets/images
ERROR - 2019-11-18 17:24:19 --> 404 Page Not Found: Assets/images
ERROR - 2019-11-18 17:24:19 --> 404 Page Not Found: Assets/images
ERROR - 2019-11-18 17:24:29 --> 404 Page Not Found: Assets/js
ERROR - 2019-11-18 17:24:29 --> 404 Page Not Found: Assets/js
ERROR - 2019-11-18 17:44:23 --> 404 Page Not Found: Assets/js
ERROR - 2019-11-18 17:44:23 --> 404 Page Not Found: Assets/js
ERROR - 2019-11-18 17:44:46 --> Query error: ERRO:  relação "vend2as" não existe
LINE 2: FROM "vend2as" "v"
             ^ - Invalid query: SELECT DISTINCT "v"."rm" as "requisicao", (cast(v.data_emissao as date)) as Data_Entrega, (cast(nf.emissao as date)) AS Data_Faturamento, "v"."id_centro_custo" as "CC", "f"."nome" as "funcionario", "v"."key_funcionarios" as "matricula", "po"."descricao" as "Produto", "vi"."key_partnumber" as "Partnumber", "po"."op_ca" as "CA", "vi"."quantidade", (vi.valor) as Vl_Unit, "pe"."data_emissao" as "Data_Emissao", "fu"."nome" as "Solicitante", "fu"."matricula" as "smatricula", "pl"."localentrega" as "Local_Entrega"
FROM "vend2as" "v"
JOIN "vendas_item" "vi" ON "v"."rm" = "vi"."key_vendas" AND "v"."item" = "vi"."key_vendas_item"
JOIN "funcionarios" "f" ON "v"."key_funcionarios" = "f"."matricula"
JOIN "produtos" "po" ON "vi"."key_produtos" = "po"."codigo"
JOIN "setor" "s" ON "s"."id_centro_custo" = "v"."id_centro_custo"
JOIN "pedidos" "pe" ON (pe.numero, pe.key_clientes) = (v.rm, v.key_clientes)
JOIN "pedidos_local" "pl" ON "pe"."numero" = "pl"."key_pedidos"
JOIN "usuario" "u" ON "pe"."key_usuario" = "u"."codigo"
JOIN "funcionarios" "fu" ON "fu"."matricula" = "u"."key_funcionarios" AND "pe"."id_depto" = "s"."id_depto"
JOIN "nota_fiscal" "nf" ON "v"."key_nota_fiscal" = "nf"."codigo" and "nf"."status" = 'EM'
WHERE "v"."id_centro_custo" = '75000318'
AND "f"."matricula" = '33029639'
ORDER BY 2
 LIMIT 1000
ERROR - 2019-11-18 17:44:59 --> 404 Page Not Found: Assets/js
ERROR - 2019-11-18 17:44:59 --> 404 Page Not Found: Assets/js
