ERROR - 2019-08-20 09:57:16 --> Severity: Notice --> Undefined property: Usuario::$database C:\wamp64\www\system\core\Model.php 77
ERROR - 2019-08-20 09:57:16 --> Severity: error --> Exception: Call to a member function trans_start() on null C:\wamp64\www\webpedidos\application\models\usuario\Usuario_model.php 134
ERROR - 2019-08-20 10:21:06 --> Severity: error --> Exception: Call to undefined function AbrirDB() C:\wamp64\www\webpedidos\application\models\usuario\Usuario_model.php 154
ERROR - 2019-08-20 10:47:55 --> 404 Page Not Found: Assets/js
ERROR - 2019-08-20 10:47:55 --> 404 Page Not Found: Assets/js
ERROR - 2019-08-20 10:57:01 --> 404 Page Not Found: Assets/js
ERROR - 2019-08-20 10:57:01 --> 404 Page Not Found: Assets/js
ERROR - 2019-08-20 10:58:44 --> 404 Page Not Found: Assets/js
ERROR - 2019-08-20 10:58:44 --> 404 Page Not Found: Assets/js
ERROR - 2019-08-20 10:58:48 --> 404 Page Not Found: Assets/js
ERROR - 2019-08-20 10:58:48 --> 404 Page Not Found: Assets/js
ERROR - 2019-08-20 11:03:40 --> 404 Page Not Found: Assets/js
ERROR - 2019-08-20 11:03:40 --> 404 Page Not Found: Assets/js
ERROR - 2019-08-20 11:06:17 --> 404 Page Not Found: Assets/js
ERROR - 2019-08-20 11:06:17 --> 404 Page Not Found: Assets/js
ERROR - 2019-08-20 11:09:51 --> 404 Page Not Found: Assets/js
ERROR - 2019-08-20 11:09:51 --> 404 Page Not Found: Assets/js
ERROR - 2019-08-20 11:09:52 --> 404 Page Not Found: Assets/js
ERROR - 2019-08-20 11:09:52 --> 404 Page Not Found: Assets/js
ERROR - 2019-08-20 11:10:02 --> 404 Page Not Found: Assets/js
ERROR - 2019-08-20 11:10:02 --> 404 Page Not Found: Assets/js
ERROR - 2019-08-20 11:10:03 --> 404 Page Not Found: Assets/js
ERROR - 2019-08-20 11:10:03 --> 404 Page Not Found: Assets/js
ERROR - 2019-08-20 11:11:39 --> 404 Page Not Found: Assets/js
ERROR - 2019-08-20 11:11:40 --> 404 Page Not Found: Assets/js
ERROR - 2019-08-20 11:11:58 --> 404 Page Not Found: Assets/js
ERROR - 2019-08-20 11:11:58 --> 404 Page Not Found: Assets/js
ERROR - 2019-08-20 11:12:26 --> 404 Page Not Found: Assets/js
ERROR - 2019-08-20 11:12:26 --> 404 Page Not Found: Assets/js
ERROR - 2019-08-20 11:14:41 --> 404 Page Not Found: Assets/js
ERROR - 2019-08-20 11:14:41 --> 404 Page Not Found: Assets/js
ERROR - 2019-08-20 11:14:48 --> 404 Page Not Found: Assets/js
ERROR - 2019-08-20 11:14:48 --> 404 Page Not Found: Assets/js
ERROR - 2019-08-20 11:14:52 --> 404 Page Not Found: Assets/js
ERROR - 2019-08-20 11:14:52 --> 404 Page Not Found: Assets/js
ERROR - 2019-08-20 11:18:06 --> 404 Page Not Found: Assets/js
ERROR - 2019-08-20 11:18:06 --> 404 Page Not Found: Assets/js
ERROR - 2019-08-20 11:36:47 --> 404 Page Not Found: Assets/js
ERROR - 2019-08-20 11:36:47 --> 404 Page Not Found: Assets/js
ERROR - 2019-08-20 11:57:45 --> 404 Page Not Found: Assets/js
ERROR - 2019-08-20 11:57:45 --> 404 Page Not Found: Assets/js
ERROR - 2019-08-20 14:43:11 --> 404 Page Not Found: Assets/js
ERROR - 2019-08-20 14:43:11 --> 404 Page Not Found: Assets/js
ERROR - 2019-08-20 14:43:41 --> 404 Page Not Found: Assets/js
ERROR - 2019-08-20 14:43:41 --> 404 Page Not Found: Assets/js
ERROR - 2019-08-20 14:47:12 --> 404 Page Not Found: Assets/js
ERROR - 2019-08-20 14:47:12 --> 404 Page Not Found: Assets/js
ERROR - 2019-08-20 14:47:23 --> 404 Page Not Found: Assets/js
ERROR - 2019-08-20 14:47:23 --> 404 Page Not Found: Assets/js
ERROR - 2019-08-20 14:47:31 --> 404 Page Not Found: Assets/js
ERROR - 2019-08-20 14:47:31 --> 404 Page Not Found: Assets/js
ERROR - 2019-08-20 14:47:48 --> 404 Page Not Found: Assets/js
ERROR - 2019-08-20 14:47:48 --> 404 Page Not Found: Assets/js
ERROR - 2019-08-20 14:53:17 --> 404 Page Not Found: Assets/js
ERROR - 2019-08-20 14:53:17 --> 404 Page Not Found: Assets/js
ERROR - 2019-08-20 14:56:27 --> 404 Page Not Found: Assets/js
ERROR - 2019-08-20 14:56:27 --> 404 Page Not Found: Assets/js
ERROR - 2019-08-20 14:58:50 --> 404 Page Not Found: Assets/js
ERROR - 2019-08-20 14:58:50 --> 404 Page Not Found: Assets/js
ERROR - 2019-08-20 15:07:24 --> 404 Page Not Found: Assets/js
ERROR - 2019-08-20 15:07:24 --> 404 Page Not Found: Assets/js
ERROR - 2019-08-20 15:07:25 --> 404 Page Not Found: Assets/js
ERROR - 2019-08-20 15:07:25 --> 404 Page Not Found: Assets/js
ERROR - 2019-08-20 15:07:31 --> 404 Page Not Found: Assets/js
ERROR - 2019-08-20 15:07:31 --> 404 Page Not Found: Assets/js
ERROR - 2019-08-20 15:12:08 --> 404 Page Not Found: Assets/js
ERROR - 2019-08-20 15:12:08 --> 404 Page Not Found: Assets/js
ERROR - 2019-08-20 15:13:46 --> 404 Page Not Found: Assets/js
ERROR - 2019-08-20 15:13:46 --> 404 Page Not Found: Assets/js
ERROR - 2019-08-20 15:18:58 --> 404 Page Not Found: Assets/js
ERROR - 2019-08-20 15:18:58 --> 404 Page Not Found: Assets/js
ERROR - 2019-08-20 15:18:59 --> 404 Page Not Found: Assets/js
ERROR - 2019-08-20 15:18:59 --> 404 Page Not Found: Assets/js
ERROR - 2019-08-20 15:32:55 --> 404 Page Not Found: Assets/js
ERROR - 2019-08-20 15:32:55 --> 404 Page Not Found: Assets/js
ERROR - 2019-08-20 15:33:29 --> 404 Page Not Found: Assets/js
ERROR - 2019-08-20 15:33:29 --> 404 Page Not Found: Assets/js
ERROR - 2019-08-20 15:40:19 --> 404 Page Not Found: Assets/js
ERROR - 2019-08-20 15:40:19 --> 404 Page Not Found: Assets/js
ERROR - 2019-08-20 15:42:02 --> 404 Page Not Found: Assets/js
ERROR - 2019-08-20 15:42:02 --> 404 Page Not Found: Assets/js
ERROR - 2019-08-20 15:43:57 --> 404 Page Not Found: Assets/js
ERROR - 2019-08-20 15:43:57 --> 404 Page Not Found: Assets/js
ERROR - 2019-08-20 15:46:32 --> 404 Page Not Found: Assets/js
ERROR - 2019-08-20 15:46:32 --> 404 Page Not Found: Assets/js
ERROR - 2019-08-20 15:46:33 --> 404 Page Not Found: Assets/js
ERROR - 2019-08-20 15:46:33 --> 404 Page Not Found: Assets/js
ERROR - 2019-08-20 15:47:03 --> 404 Page Not Found: Assets/js
ERROR - 2019-08-20 15:47:03 --> 404 Page Not Found: Assets/js
ERROR - 2019-08-20 15:47:03 --> 404 Page Not Found: Assets/js
ERROR - 2019-08-20 15:47:03 --> 404 Page Not Found: Assets/js
ERROR - 2019-08-20 15:47:58 --> 404 Page Not Found: Assets/js
ERROR - 2019-08-20 15:47:58 --> 404 Page Not Found: Assets/js
ERROR - 2019-08-20 15:48:46 --> 404 Page Not Found: Assets/js
ERROR - 2019-08-20 15:48:46 --> 404 Page Not Found: Assets/js
ERROR - 2019-08-20 15:48:50 --> 404 Page Not Found: Assets/js
ERROR - 2019-08-20 15:48:50 --> 404 Page Not Found: Assets/js
ERROR - 2019-08-20 15:49:31 --> 404 Page Not Found: Assets/js
ERROR - 2019-08-20 15:49:31 --> 404 Page Not Found: Assets/js
ERROR - 2019-08-20 15:49:31 --> 404 Page Not Found: Assets/js
ERROR - 2019-08-20 15:49:32 --> 404 Page Not Found: Assets/js
ERROR - 2019-08-20 15:51:09 --> 404 Page Not Found: Assets/js
ERROR - 2019-08-20 15:51:09 --> 404 Page Not Found: Assets/js
ERROR - 2019-08-20 15:56:50 --> 404 Page Not Found: Assets/js
ERROR - 2019-08-20 15:56:50 --> 404 Page Not Found: Assets/js
ERROR - 2019-08-20 15:57:52 --> 404 Page Not Found: Assets/js
ERROR - 2019-08-20 15:57:52 --> 404 Page Not Found: Assets/js
ERROR - 2019-08-20 16:23:36 --> 404 Page Not Found: Assets/js
ERROR - 2019-08-20 16:23:36 --> 404 Page Not Found: Assets/js
ERROR - 2019-08-20 16:32:45 --> 404 Page Not Found: Assets/js
ERROR - 2019-08-20 16:32:45 --> 404 Page Not Found: Assets/js
ERROR - 2019-08-20 16:33:58 --> 404 Page Not Found: Assets/js
ERROR - 2019-08-20 16:33:58 --> 404 Page Not Found: Assets/js
ERROR - 2019-08-20 16:33:59 --> 404 Page Not Found: Assets/js
ERROR - 2019-08-20 16:33:59 --> 404 Page Not Found: Assets/js
ERROR - 2019-08-20 18:26:25 --> Severity: error --> Exception: syntax error, unexpected ')', expecting variable (T_VARIABLE) C:\wamp64\www\webpedidos\application\controllers\notificacao\Notificacao.php 32
ERROR - 2019-08-20 18:27:14 --> Severity: error --> Exception: syntax error, unexpected ')', expecting variable (T_VARIABLE) C:\wamp64\www\webpedidos\application\controllers\notificacao\Notificacao.php 32
ERROR - 2019-08-20 18:27:15 --> Severity: error --> Exception: syntax error, unexpected ')', expecting variable (T_VARIABLE) C:\wamp64\www\webpedidos\application\controllers\notificacao\Notificacao.php 32
ERROR - 2019-08-20 18:27:31 --> Severity: error --> Exception: syntax error, unexpected ')', expecting variable (T_VARIABLE) C:\wamp64\www\webpedidos\application\controllers\notificacao\Notificacao.php 32
ERROR - 2019-08-20 18:27:32 --> Severity: error --> Exception: syntax error, unexpected ')', expecting variable (T_VARIABLE) C:\wamp64\www\webpedidos\application\controllers\notificacao\Notificacao.php 32
ERROR - 2019-08-20 18:27:55 --> Severity: error --> Exception: syntax error, unexpected ')', expecting variable (T_VARIABLE) C:\wamp64\www\webpedidos\application\controllers\notificacao\Notificacao.php 32
ERROR - 2019-08-20 18:28:59 --> Severity: error --> Exception: syntax error, unexpected ')', expecting variable (T_VARIABLE) C:\wamp64\www\webpedidos\application\controllers\notificacao\Notificacao.php 32
ERROR - 2019-08-20 18:29:36 --> Severity: error --> Exception: syntax error, unexpected ')', expecting variable (T_VARIABLE) C:\wamp64\www\webpedidos\application\controllers\notificacao\Notificacao.php 32
ERROR - 2019-08-20 18:30:51 --> Severity: error --> Exception: syntax error, unexpected ')', expecting variable (T_VARIABLE) C:\wamp64\www\webpedidos\application\controllers\notificacao\Notificacao.php 32
ERROR - 2019-08-20 18:36:47 --> Severity: error --> Exception: Call to undefined method Notificacao_model::salvar() C:\wamp64\www\webpedidos\application\controllers\notificacao\Notificacao.php 36
ERROR - 2019-08-20 18:40:37 --> Severity: Warning --> Use of undefined constant data - assumed 'data' (this will throw an Error in a future version of PHP) C:\wamp64\www\webpedidos\application\controllers\notificacao\Notificacao.php 8
ERROR - 2019-08-20 18:40:44 --> Severity: error --> Exception: Call to undefined method Notificacao_model::salvar() C:\wamp64\www\webpedidos\application\controllers\notificacao\Notificacao.php 37
ERROR - 2019-08-20 18:47:29 --> Severity: error --> Exception: syntax error, unexpected ')', expecting variable (T_VARIABLE) C:\wamp64\www\webpedidos\application\models\notificacao\Notificacao_model.php 21
ERROR - 2019-08-20 18:47:30 --> Severity: error --> Exception: syntax error, unexpected ')', expecting variable (T_VARIABLE) C:\wamp64\www\webpedidos\application\models\notificacao\Notificacao_model.php 21
ERROR - 2019-08-20 18:48:13 --> Severity: error --> Exception: syntax error, unexpected ')', expecting variable (T_VARIABLE) C:\wamp64\www\webpedidos\application\models\notificacao\Notificacao_model.php 21
ERROR - 2019-08-20 18:50:18 --> Severity: Notice --> Undefined property: Notificacao::$database C:\wamp64\www\system\core\Model.php 77
ERROR - 2019-08-20 18:50:18 --> Severity: error --> Exception: Call to a member function trans_start() on null C:\wamp64\www\webpedidos\application\models\notificacao\Notificacao_model.php 25
ERROR - 2019-08-20 18:50:59 --> Severity: Notice --> Undefined property: Notificacao::$database C:\wamp64\www\system\core\Model.php 77
ERROR - 2019-08-20 18:50:59 --> Severity: error --> Exception: Call to a member function trans_start() on null C:\wamp64\www\webpedidos\application\models\notificacao\Notificacao_model.php 25
ERROR - 2019-08-20 18:51:44 --> Severity: Notice --> Undefined property: Notificacao::$database C:\wamp64\www\system\core\Model.php 77
ERROR - 2019-08-20 18:51:44 --> Severity: error --> Exception: Call to a member function trans_start() on null C:\wamp64\www\webpedidos\application\models\notificacao\Notificacao_model.php 25
ERROR - 2019-08-20 19:22:26 --> Severity: Notice --> Undefined property: Notificacao::$database C:\wamp64\www\system\core\Model.php 77
ERROR - 2019-08-20 19:22:26 --> Severity: error --> Exception: Call to a member function trans_start() on null C:\wamp64\www\webpedidos\application\models\notificacao\Notificacao_model.php 25
ERROR - 2019-08-20 19:23:19 --> Severity: Notice --> Undefined property: Notificacao::$database C:\wamp64\www\system\core\Model.php 77
ERROR - 2019-08-20 19:23:19 --> Severity: error --> Exception: Call to a member function trans_start() on null C:\wamp64\www\webpedidos\application\models\notificacao\Notificacao_model.php 25
ERROR - 2019-08-20 19:26:12 --> Severity: Notice --> Undefined property: Notificacao::$database C:\wamp64\www\system\core\Model.php 77
ERROR - 2019-08-20 19:26:12 --> Severity: error --> Exception: Call to a member function insert() on null C:\wamp64\www\webpedidos\application\models\notificacao\Notificacao_model.php 28
ERROR - 2019-08-20 19:26:31 --> Severity: Notice --> Undefined property: Notificacao::$database C:\wamp64\www\system\core\Model.php 77
ERROR - 2019-08-20 19:26:31 --> Severity: error --> Exception: Call to a member function trans_start() on null C:\wamp64\www\webpedidos\application\models\notificacao\Notificacao_model.php 27
ERROR - 2019-08-20 19:28:24 --> Severity: Notice --> Undefined property: Notificacao::$db C:\wamp64\www\system\core\Model.php 77
ERROR - 2019-08-20 19:28:24 --> Severity: error --> Exception: Call to a member function select() on null C:\wamp64\www\webpedidos\application\models\notificacao\Notificacao_model.php 12
ERROR - 2019-08-20 19:29:23 --> Severity: Notice --> Undefined property: Notificacao::$database C:\wamp64\www\system\core\Model.php 77
ERROR - 2019-08-20 19:29:23 --> Severity: error --> Exception: Call to a member function trans_start() on null C:\wamp64\www\webpedidos\application\models\notificacao\Notificacao_model.php 27
ERROR - 2019-08-20 19:30:11 --> Severity: error --> Exception: syntax error, unexpected end of file, expecting function (T_FUNCTION) or const (T_CONST) C:\wamp64\www\webpedidos\application\models\notificacao\Notificacao_model.php 48
ERROR - 2019-08-20 19:30:24 --> Severity: error --> Exception: syntax error, unexpected end of file, expecting function (T_FUNCTION) or const (T_CONST) C:\wamp64\www\webpedidos\application\models\notificacao\Notificacao_model.php 47
ERROR - 2019-08-20 19:30:25 --> Severity: error --> Exception: syntax error, unexpected end of file, expecting function (T_FUNCTION) or const (T_CONST) C:\wamp64\www\webpedidos\application\models\notificacao\Notificacao_model.php 47
ERROR - 2019-08-20 19:30:53 --> Severity: Notice --> Undefined property: Notificacao::$database C:\wamp64\www\system\core\Model.php 77
ERROR - 2019-08-20 19:30:53 --> Severity: error --> Exception: Call to a member function trans_start() on null C:\wamp64\www\webpedidos\application\models\notificacao\Notificacao_model.php 27
ERROR - 2019-08-20 19:31:08 --> Severity: Notice --> Undefined property: Notificacao::$database C:\wamp64\www\system\core\Model.php 77
ERROR - 2019-08-20 19:31:08 --> Severity: error --> Exception: Call to a member function trans_start() on null C:\wamp64\www\webpedidos\application\models\notificacao\Notificacao_model.php 27
ERROR - 2019-08-20 19:31:30 --> Severity: Notice --> Undefined property: Notificacao::$database C:\wamp64\www\system\core\Model.php 77
ERROR - 2019-08-20 19:31:30 --> Severity: error --> Exception: Call to a member function trans_start() on null C:\wamp64\www\webpedidos\application\models\notificacao\Notificacao_model.php 27
ERROR - 2019-08-20 19:32:25 --> Severity: error --> Exception: Too few arguments to function Notificacao::enviar_msg(), 0 passed in C:\wamp64\www\system\core\CodeIgniter.php on line 532 and exactly 1 expected C:\wamp64\www\webpedidos\application\controllers\notificacao\Notificacao.php 32
ERROR - 2019-08-20 19:36:57 --> Severity: Notice --> Undefined property: Notificacao::$database C:\wamp64\www\system\core\Model.php 77
ERROR - 2019-08-20 19:36:57 --> Severity: error --> Exception: Call to a member function trans_start() on null C:\wamp64\www\webpedidos\application\models\notificacao\Notificacao_model.php 27
ERROR - 2019-08-20 19:37:49 --> Severity: Notice --> Undefined property: Notificacao::$database C:\wamp64\www\system\core\Model.php 77
ERROR - 2019-08-20 19:37:49 --> Severity: error --> Exception: Call to a member function insert() on null C:\wamp64\www\webpedidos\application\models\notificacao\Notificacao_model.php 28
ERROR - 2019-08-20 19:41:11 --> Severity: Notice --> Undefined property: Notificacao::$db C:\wamp64\www\system\core\Model.php 77
ERROR - 2019-08-20 19:41:11 --> Severity: error --> Exception: Call to a member function select() on null C:\wamp64\www\webpedidos\application\models\notificacao\Notificacao_model.php 21
ERROR - 2019-08-20 19:57:38 --> Severity: error --> Exception: syntax error, unexpected 'catch' (T_CATCH), expecting function (T_FUNCTION) or const (T_CONST) C:\wamp64\www\webpedidos\application\models\notificacao\Notificacao_model.php 52
ERROR - 2019-08-20 19:57:49 --> Severity: Notice --> Undefined property: Notificacao::$db C:\wamp64\www\system\core\Model.php 77
ERROR - 2019-08-20 19:57:49 --> Severity: error --> Exception: Call to a member function select() on null C:\wamp64\www\webpedidos\application\models\notificacao\Notificacao_model.php 21
ERROR - 2019-08-20 19:58:03 --> Severity: Notice --> Undefined property: Notificacao::$db C:\wamp64\www\system\core\Model.php 77
ERROR - 2019-08-20 19:58:03 --> Severity: error --> Exception: Call to a member function select() on null C:\wamp64\www\webpedidos\application\models\notificacao\Notificacao_model.php 21
ERROR - 2019-08-20 19:58:04 --> Severity: Notice --> Undefined property: Notificacao::$db C:\wamp64\www\system\core\Model.php 77
ERROR - 2019-08-20 19:58:04 --> Severity: error --> Exception: Call to a member function select() on null C:\wamp64\www\webpedidos\application\models\notificacao\Notificacao_model.php 21
ERROR - 2019-08-20 19:58:17 --> Severity: Notice --> Undefined property: Notificacao::$db C:\wamp64\www\system\core\Model.php 77
ERROR - 2019-08-20 19:58:17 --> Severity: error --> Exception: Call to a member function select() on null C:\wamp64\www\webpedidos\application\models\notificacao\Notificacao_model.php 21
ERROR - 2019-08-20 19:58:45 --> Severity: Notice --> Undefined property: Notificacao::$database C:\wamp64\www\system\core\Model.php 77
ERROR - 2019-08-20 19:58:45 --> Severity: error --> Exception: Call to a member function insert() on null C:\wamp64\www\webpedidos\application\models\notificacao\Notificacao_model.php 38
ERROR - 2019-08-20 20:52:51 --> Severity: Notice --> Undefined property: Notificacao::$database C:\wamp64\www\system\core\Model.php 77
ERROR - 2019-08-20 20:52:51 --> Severity: error --> Exception: Call to a member function insert() on null C:\wamp64\www\webpedidos\application\models\notificacao\Notificacao_model.php 22
ERROR - 2019-08-20 23:30:26 --> Severity: Notice --> Undefined property: Notificacao::$db C:\wamp64\www\system\core\Model.php 77
ERROR - 2019-08-20 23:30:26 --> Severity: error --> Exception: Call to a member function select() on null C:\wamp64\www\webpedidos\application\models\notificacao\Notificacao_model.php 19
ERROR - 2019-08-20 23:31:12 --> Severity: Notice --> Undefined property: Notificacao::$database C:\wamp64\www\system\core\Model.php 77
ERROR - 2019-08-20 23:31:12 --> Severity: error --> Exception: Call to a member function trans_start() on null C:\wamp64\www\webpedidos\application\models\notificacao\Notificacao_model.php 35
ERROR - 2019-08-20 23:32:02 --> Severity: Notice --> Undefined property: Notificacao::$database C:\wamp64\www\system\core\Model.php 77
ERROR - 2019-08-20 23:32:02 --> Severity: Notice --> Undefined property: Notificacao::$database C:\wamp64\www\system\core\Model.php 77
ERROR - 2019-08-20 23:32:02 --> Severity: error --> Exception: Call to a member function trans_start() on null C:\wamp64\www\webpedidos\application\models\notificacao\Notificacao_model.php 35
ERROR - 2019-08-20 23:32:23 --> Severity: Notice --> Undefined property: Notificacao::$database C:\wamp64\www\system\core\Model.php 77
ERROR - 2019-08-20 23:32:23 --> Severity: Notice --> Undefined property: Notificacao::$database C:\wamp64\www\system\core\Model.php 77
ERROR - 2019-08-20 23:32:23 --> Severity: error --> Exception: Call to a member function trans_start() on null C:\wamp64\www\webpedidos\application\models\notificacao\Notificacao_model.php 36
ERROR - 2019-08-20 23:33:32 --> Severity: Notice --> Undefined property: Notificacao::$db C:\wamp64\www\system\core\Model.php 77
ERROR - 2019-08-20 23:33:32 --> Severity: error --> Exception: Call to a member function select() on null C:\wamp64\www\webpedidos\application\models\notificacao\Notificacao_model.php 19
ERROR - 2019-08-20 23:33:32 --> Severity: Notice --> Undefined property: Notificacao::$db C:\wamp64\www\system\core\Model.php 77
ERROR - 2019-08-20 23:33:32 --> Severity: error --> Exception: Call to a member function select() on null C:\wamp64\www\webpedidos\application\models\notificacao\Notificacao_model.php 19
