ERROR - 2019-10-29 12:23:11 --> 404 Page Not Found: Assets/js
ERROR - 2019-10-29 12:23:11 --> 404 Page Not Found: Assets/js
ERROR - 2019-10-29 12:27:44 --> 404 Page Not Found: Assets/js
ERROR - 2019-10-29 12:27:44 --> 404 Page Not Found: Assets/js
ERROR - 2019-10-29 12:28:29 --> 404 Page Not Found: Assets/js
ERROR - 2019-10-29 12:28:30 --> 404 Page Not Found: Assets/js
ERROR - 2019-10-29 12:28:32 --> 404 Page Not Found: Assets/js
ERROR - 2019-10-29 12:28:33 --> 404 Page Not Found: Assets/js
ERROR - 2019-10-29 13:04:28 --> 404 Page Not Found: Assets/js
ERROR - 2019-10-29 13:04:28 --> 404 Page Not Found: Assets/js
ERROR - 2019-10-29 13:18:46 --> 404 Page Not Found: Assets/js
ERROR - 2019-10-29 13:18:46 --> 404 Page Not Found: Assets/js
ERROR - 2019-10-29 13:18:54 --> 404 Page Not Found: Assets/js
ERROR - 2019-10-29 13:18:54 --> 404 Page Not Found: Assets/js
ERROR - 2019-10-29 13:19:23 --> 404 Page Not Found: Assets/js
ERROR - 2019-10-29 13:19:23 --> 404 Page Not Found: Assets/js
ERROR - 2019-10-29 13:19:26 --> 404 Page Not Found: Assets/js
ERROR - 2019-10-29 13:19:26 --> 404 Page Not Found: Assets/js
ERROR - 2019-10-29 13:24:25 --> 404 Page Not Found: Assets/js
ERROR - 2019-10-29 13:24:25 --> 404 Page Not Found: Assets/js
ERROR - 2019-10-29 13:24:26 --> Query error: ERRO:  relação "funci3onarios" não existe
LINE 3: JOIN "funci3onarios" "f" ON "f"."matricula" = "pe"."key_func...
             ^ - Invalid query: SELECT CAST(pe.numero AS INTEGER) as numero, "f"."nome", "pe"."data_emissao", "pe"."status", "pe"."obs", "pe"."aprovar", "pe"."entrega_turno" AS "turno", "pe"."entrega_local" AS "entrega", "fs"."nome" AS "solicitante", "fa"."nome" AS "aprovador", "pe"."id_centro_custo" AS "cc", "s"."nome" AS "setor"
FROM "pedidos" "pe"
JOIN "funci3onarios" "f" ON "f"."matricula" = "pe"."key_funcionarios"
JOIN "funcionarios" "fa" ON "fa"."matricula" = "pe"."key_funcionarios_aprovador"
JOIN "funcionarios" "fs" ON "fs"."matricula" = "pe"."key_funcionarios_solicitante"
JOIN "setor" "s" ON "s"."id_centro_custo" = "pe"."id_centro_custo" AND "s"."id_depto" = "pe"."id_depto"
WHERE "pe"."key_funcionarios_solicitante" = '33017702'
ORDER BY "numero" DESC
 LIMIT 10
ERROR - 2019-10-29 13:26:14 --> Query error: ERRO:  relação "funci3onarios" não existe
LINE 3: JOIN "funci3onarios" "f" ON "f"."matricula" = "pe"."key_func...
             ^ - Invalid query: SELECT CAST(pe.numero AS INTEGER) as numero, "f"."nome", "pe"."data_emissao", "pe"."status", "pe"."obs", "pe"."aprovar", "pe"."entrega_turno" AS "turno", "pe"."entrega_local" AS "entrega", "fs"."nome" AS "solicitante", "fa"."nome" AS "aprovador", "pe"."id_centro_custo" AS "cc", "s"."nome" AS "setor"
FROM "pedidos" "pe"
JOIN "funci3onarios" "f" ON "f"."matricula" = "pe"."key_funcionarios"
JOIN "funcionarios" "fa" ON "fa"."matricula" = "pe"."key_funcionarios_aprovador"
JOIN "funcionarios" "fs" ON "fs"."matricula" = "pe"."key_funcionarios_solicitante"
JOIN "setor" "s" ON "s"."id_centro_custo" = "pe"."id_centro_custo" AND "s"."id_depto" = "pe"."id_depto"
WHERE CAST(numero AS INTEGER) >= '10'
AND CAST(numero AS INTEGER) <= '1000'
AND "pe"."key_funcionarios_solicitante" = '33017702'
ORDER BY "numero" DESC
 LIMIT 10
ERROR - 2019-10-29 13:31:47 --> 404 Page Not Found: Assets/js
ERROR - 2019-10-29 13:31:47 --> 404 Page Not Found: Assets/js
ERROR - 2019-10-29 13:31:48 --> Query error: ERRO:  relação "funci3onarios" não existe
LINE 3: JOIN "funci3onarios" "f" ON "f"."matricula" = "pe"."key_func...
             ^ - Invalid query: SELECT CAST(pe.numero AS INTEGER) as numero, "f"."nome", "pe"."data_emissao", "pe"."status", "pe"."obs", "pe"."aprovar", "pe"."entrega_turno" AS "turno", "pe"."entrega_local" AS "entrega", "fs"."nome" AS "solicitante", "fa"."nome" AS "aprovador", "pe"."id_centro_custo" AS "cc", "s"."nome" AS "setor"
FROM "pedidos" "pe"
JOIN "funci3onarios" "f" ON "f"."matricula" = "pe"."key_funcionarios"
JOIN "funcionarios" "fa" ON "fa"."matricula" = "pe"."key_funcionarios_aprovador"
JOIN "funcionarios" "fs" ON "fs"."matricula" = "pe"."key_funcionarios_solicitante"
JOIN "setor" "s" ON "s"."id_centro_custo" = "pe"."id_centro_custo" AND "s"."id_depto" = "pe"."id_depto"
WHERE "pe"."key_funcionarios_solicitante" = '33017702'
ORDER BY "numero" DESC
 LIMIT 10
ERROR - 2019-10-29 13:31:57 --> 404 Page Not Found: Assets/js
ERROR - 2019-10-29 13:31:57 --> 404 Page Not Found: Assets/js
ERROR - 2019-10-29 13:31:58 --> Query error: ERRO:  relação "funci3onarios" não existe
LINE 3: JOIN "funci3onarios" "f" ON "f"."matricula" = "pe"."key_func...
             ^ - Invalid query: SELECT CAST(pe.numero AS INTEGER) as numero, "f"."nome", "pe"."data_emissao", "pe"."status", "pe"."obs", "pe"."aprovar", "pe"."entrega_turno" AS "turno", "pe"."entrega_local" AS "entrega", "fs"."nome" AS "solicitante", "fa"."nome" AS "aprovador", "pe"."id_centro_custo" AS "cc", "s"."nome" AS "setor"
FROM "pedidos" "pe"
JOIN "funci3onarios" "f" ON "f"."matricula" = "pe"."key_funcionarios"
JOIN "funcionarios" "fa" ON "fa"."matricula" = "pe"."key_funcionarios_aprovador"
JOIN "funcionarios" "fs" ON "fs"."matricula" = "pe"."key_funcionarios_solicitante"
JOIN "setor" "s" ON "s"."id_centro_custo" = "pe"."id_centro_custo" AND "s"."id_depto" = "pe"."id_depto"
WHERE "pe"."key_funcionarios_solicitante" = '33017702'
ORDER BY "numero" DESC
 LIMIT 10
ERROR - 2019-10-29 13:32:16 --> Query error: ERRO:  relação "funci3onarios" não existe
LINE 3: JOIN "funci3onarios" "f" ON "f"."matricula" = "pe"."key_func...
             ^ - Invalid query: SELECT CAST(pe.numero AS INTEGER) as numero, "f"."nome", "pe"."data_emissao", "pe"."status", "pe"."obs", "pe"."aprovar", "pe"."entrega_turno" AS "turno", "pe"."entrega_local" AS "entrega", "fs"."nome" AS "solicitante", "fa"."nome" AS "aprovador", "pe"."id_centro_custo" AS "cc", "s"."nome" AS "setor"
FROM "pedidos" "pe"
JOIN "funci3onarios" "f" ON "f"."matricula" = "pe"."key_funcionarios"
JOIN "funcionarios" "fa" ON "fa"."matricula" = "pe"."key_funcionarios_aprovador"
JOIN "funcionarios" "fs" ON "fs"."matricula" = "pe"."key_funcionarios_solicitante"
JOIN "setor" "s" ON "s"."id_centro_custo" = "pe"."id_centro_custo" AND "s"."id_depto" = "pe"."id_depto"
WHERE CAST(numero AS INTEGER) >= '0'
AND CAST(numero AS INTEGER) <= '1000'
AND "pe"."key_funcionarios_solicitante" = '33017702'
ORDER BY "numero" DESC
 LIMIT 10
ERROR - 2019-10-29 13:33:00 --> 404 Page Not Found: Assets/js
ERROR - 2019-10-29 13:33:00 --> 404 Page Not Found: Assets/js
ERROR - 2019-10-29 13:33:01 --> Query error: ERRO:  relação "funci3onarios" não existe
LINE 3: JOIN "funci3onarios" "f" ON "f"."matricula" = "pe"."key_func...
             ^ - Invalid query: SELECT CAST(pe.numero AS INTEGER) as numero, "f"."nome", "pe"."data_emissao", "pe"."status", "pe"."obs", "pe"."aprovar", "pe"."entrega_turno" AS "turno", "pe"."entrega_local" AS "entrega", "fs"."nome" AS "solicitante", "fa"."nome" AS "aprovador", "pe"."id_centro_custo" AS "cc", "s"."nome" AS "setor"
FROM "pedidos" "pe"
JOIN "funci3onarios" "f" ON "f"."matricula" = "pe"."key_funcionarios"
JOIN "funcionarios" "fa" ON "fa"."matricula" = "pe"."key_funcionarios_aprovador"
JOIN "funcionarios" "fs" ON "fs"."matricula" = "pe"."key_funcionarios_solicitante"
JOIN "setor" "s" ON "s"."id_centro_custo" = "pe"."id_centro_custo" AND "s"."id_depto" = "pe"."id_depto"
WHERE "pe"."key_funcionarios_solicitante" = '33017702'
ORDER BY "numero" DESC
 LIMIT 10
ERROR - 2019-10-29 13:33:15 --> Query error: ERRO:  relação "funci3onarios" não existe
LINE 3: JOIN "funci3onarios" "f" ON "f"."matricula" = "pe"."key_func...
             ^ - Invalid query: SELECT CAST(pe.numero AS INTEGER) as numero, "f"."nome", "pe"."data_emissao", "pe"."status", "pe"."obs", "pe"."aprovar", "pe"."entrega_turno" AS "turno", "pe"."entrega_local" AS "entrega", "fs"."nome" AS "solicitante", "fa"."nome" AS "aprovador", "pe"."id_centro_custo" AS "cc", "s"."nome" AS "setor"
FROM "pedidos" "pe"
JOIN "funci3onarios" "f" ON "f"."matricula" = "pe"."key_funcionarios"
JOIN "funcionarios" "fa" ON "fa"."matricula" = "pe"."key_funcionarios_aprovador"
JOIN "funcionarios" "fs" ON "fs"."matricula" = "pe"."key_funcionarios_solicitante"
JOIN "setor" "s" ON "s"."id_centro_custo" = "pe"."id_centro_custo" AND "s"."id_depto" = "pe"."id_depto"
WHERE CAST(numero AS INTEGER) >= '0'
AND CAST(numero AS INTEGER) <= '1000'
AND "pe"."key_funcionarios_solicitante" = '33017702'
ORDER BY "numero" DESC
 LIMIT 10
ERROR - 2019-10-29 13:40:06 --> 404 Page Not Found: Assets/js
ERROR - 2019-10-29 13:40:06 --> 404 Page Not Found: Assets/js
ERROR - 2019-10-29 13:47:59 --> 404 Page Not Found: Assets/js
ERROR - 2019-10-29 13:47:59 --> 404 Page Not Found: Assets/js
ERROR - 2019-10-29 13:48:01 --> Query error: ERRO:  relação "funci4onarios" não existe
LINE 3: JOIN "funci4onarios" "f" ON "f"."matricula" = "pe"."key_func...
             ^ - Invalid query: SELECT CAST(pe.numero AS INTEGER) as numero, "f"."nome", "pe"."data_emissao", "pe"."status", "pe"."obs", "pe"."aprovar", "pe"."entrega_turno" AS "turno", "pe"."entrega_local" AS "entrega", "fs"."nome" AS "solicitante", "fa"."nome" AS "aprovador", "pe"."id_centro_custo" AS "cc", "s"."nome" AS "setor"
FROM "pedidos" "pe"
JOIN "funci4onarios" "f" ON "f"."matricula" = "pe"."key_funcionarios"
JOIN "funcionarios" "fa" ON "fa"."matricula" = "pe"."key_funcionarios_aprovador"
JOIN "funcionarios" "fs" ON "fs"."matricula" = "pe"."key_funcionarios_solicitante"
JOIN "setor" "s" ON "s"."id_centro_custo" = "pe"."id_centro_custo" AND "s"."id_depto" = "pe"."id_depto"
WHERE "pe"."key_funcionarios_solicitante" = '33017702'
ORDER BY "numero" DESC
 LIMIT 10
ERROR - 2019-10-29 13:50:07 --> Query error: ERRO:  relação "funci4onarios" não existe
LINE 3: JOIN "funci4onarios" "f" ON "f"."matricula" = "pe"."key_func...
             ^ - Invalid query: SELECT CAST(pe.numero AS INTEGER) as numero, "f"."nome", "pe"."data_emissao", "pe"."status", "pe"."obs", "pe"."aprovar", "pe"."entrega_turno" AS "turno", "pe"."entrega_local" AS "entrega", "fs"."nome" AS "solicitante", "fa"."nome" AS "aprovador", "pe"."id_centro_custo" AS "cc", "s"."nome" AS "setor"
FROM "pedidos" "pe"
JOIN "funci4onarios" "f" ON "f"."matricula" = "pe"."key_funcionarios"
JOIN "funcionarios" "fa" ON "fa"."matricula" = "pe"."key_funcionarios_aprovador"
JOIN "funcionarios" "fs" ON "fs"."matricula" = "pe"."key_funcionarios_solicitante"
JOIN "setor" "s" ON "s"."id_centro_custo" = "pe"."id_centro_custo" AND "s"."id_depto" = "pe"."id_depto"
WHERE "data_emissao" = '2019-10-10'
AND "pe"."key_funcionarios_solicitante" = '33017702'
ORDER BY "numero" DESC
 LIMIT 10
ERROR - 2019-10-29 13:50:12 --> Query error: ERRO:  relação "funci4onarios" não existe
LINE 3: JOIN "funci4onarios" "f" ON "f"."matricula" = "pe"."key_func...
             ^ - Invalid query: SELECT CAST(pe.numero AS INTEGER) as numero, "f"."nome", "pe"."data_emissao", "pe"."status", "pe"."obs", "pe"."aprovar", "pe"."entrega_turno" AS "turno", "pe"."entrega_local" AS "entrega", "fs"."nome" AS "solicitante", "fa"."nome" AS "aprovador", "pe"."id_centro_custo" AS "cc", "s"."nome" AS "setor"
FROM "pedidos" "pe"
JOIN "funci4onarios" "f" ON "f"."matricula" = "pe"."key_funcionarios"
JOIN "funcionarios" "fa" ON "fa"."matricula" = "pe"."key_funcionarios_aprovador"
JOIN "funcionarios" "fs" ON "fs"."matricula" = "pe"."key_funcionarios_solicitante"
JOIN "setor" "s" ON "s"."id_centro_custo" = "pe"."id_centro_custo" AND "s"."id_depto" = "pe"."id_depto"
WHERE "pe"."key_funcionarios_solicitante" = '33017702'
ORDER BY "numero" DESC
 LIMIT 10
ERROR - 2019-10-29 13:50:18 --> 404 Page Not Found: Assets/js
ERROR - 2019-10-29 13:50:18 --> 404 Page Not Found: Assets/js
ERROR - 2019-10-29 13:51:00 --> 404 Page Not Found: Assets/js
ERROR - 2019-10-29 13:51:00 --> 404 Page Not Found: Assets/js
ERROR - 2019-10-29 13:52:56 --> 404 Page Not Found: Assets/js
ERROR - 2019-10-29 13:52:56 --> 404 Page Not Found: Assets/js
ERROR - 2019-10-29 13:53:00 --> 404 Page Not Found: Assets/js
ERROR - 2019-10-29 13:53:00 --> 404 Page Not Found: Assets/js
ERROR - 2019-10-29 13:53:02 --> 404 Page Not Found: Assets/js
ERROR - 2019-10-29 13:53:02 --> 404 Page Not Found: Assets/js
ERROR - 2019-10-29 13:53:02 --> 404 Page Not Found: Assets/js
ERROR - 2019-10-29 13:53:02 --> 404 Page Not Found: Assets/js
ERROR - 2019-10-29 13:53:10 --> 404 Page Not Found: Assets/js
ERROR - 2019-10-29 13:53:10 --> 404 Page Not Found: Assets/js
ERROR - 2019-10-29 13:53:27 --> 404 Page Not Found: Assets/js
ERROR - 2019-10-29 13:53:27 --> 404 Page Not Found: Assets/js
ERROR - 2019-10-29 13:53:48 --> Query error: ERRO:  operador não existe: character varying >= integer
LINE 12: WHERE "v"."rm" BETWEEN 344 AND 350
                        ^
HINT:  Nenhum operador corresponde com o nome e o(s) tipo(s) de argumento(s) informados. Você precisa adicionar conversões de tipo explícitas. - Invalid query: SELECT DISTINCT "v"."rm" as "requisicao", (cast(v.data_emissao as date), 2019-10-29) as Data_Entrega, (cast(nf.emissao as date), 2019-10-29) AS Data_Faturamento, "v"."id_centro_custo" as "CC", "f"."nome" as "funcionario", "v"."key_funcionarios" as "matricula", "po"."descricao" as "Produto", "vi"."key_partnumber" as "Partnumber", "po"."op_ca" as "CA", "vi"."quantidade", (vi.valor) as Vl_Unit, "pe"."data_emissao" as "Data_Emissao", "fu"."nome" as "Solicitante", "fu"."matricula" as "smatricula", "pl"."localentrega" as "Local_Entrega"
FROM "vendas" "v"
JOIN "vendas_item" "vi" ON "v"."rm" = "vi"."key_vendas" AND "v"."item" = "vi"."key_vendas_item"
JOIN "funcionarios" "f" ON "v"."key_funcionarios" = "f"."matricula"
JOIN "produtos" "po" ON "vi"."key_produtos" = "po"."codigo"
JOIN "setor" "s" ON "s"."id_centro_custo" = "v"."id_centro_custo"
JOIN "pedidos" "pe" ON (pe.numero, pe.key_clientes) = (v.rm, v.key_clientes)
JOIN "pedidos_local" "pl" ON "pe"."numero" = "pl"."key_pedidos"
JOIN "usuario" "u" ON "pe"."key_usuario" = "u"."codigo"
JOIN "funcionarios" "fu" ON "fu"."matricula" = "u"."key_funcionarios" AND "pe"."id_depto" = "s"."id_depto"
JOIN "nota_fiscal" "nf" ON "v"."key_nota_fiscal" = "nf"."codigo" and "nf"."status" = 'EM'
WHERE "v"."rm" BETWEEN 344 AND 350
ORDER BY 2
 LIMIT 10
ERROR - 2019-10-29 13:53:53 --> 404 Page Not Found: Assets/js
ERROR - 2019-10-29 13:53:53 --> 404 Page Not Found: Assets/js
ERROR - 2019-10-29 13:54:43 --> 404 Page Not Found: Assets/js
ERROR - 2019-10-29 13:54:43 --> 404 Page Not Found: Assets/js
ERROR - 2019-10-29 13:55:12 --> Query error: ERRO:  operador não existe: character varying >= integer
LINE 12: WHERE "v"."rm" BETWEEN 100 AND 200
                        ^
HINT:  Nenhum operador corresponde com o nome e o(s) tipo(s) de argumento(s) informados. Você precisa adicionar conversões de tipo explícitas. - Invalid query: SELECT DISTINCT "v"."rm" as "requisicao", (cast(v.data_emissao as date), 2019-10-29) as Data_Entrega, (cast(nf.emissao as date), 2019-10-29) AS Data_Faturamento, "v"."id_centro_custo" as "CC", "f"."nome" as "funcionario", "v"."key_funcionarios" as "matricula", "po"."descricao" as "Produto", "vi"."key_partnumber" as "Partnumber", "po"."op_ca" as "CA", "vi"."quantidade", (vi.valor) as Vl_Unit, "pe"."data_emissao" as "Data_Emissao", "fu"."nome" as "Solicitante", "fu"."matricula" as "smatricula", "pl"."localentrega" as "Local_Entrega"
FROM "vendas" "v"
JOIN "vendas_item" "vi" ON "v"."rm" = "vi"."key_vendas" AND "v"."item" = "vi"."key_vendas_item"
JOIN "funcionarios" "f" ON "v"."key_funcionarios" = "f"."matricula"
JOIN "produtos" "po" ON "vi"."key_produtos" = "po"."codigo"
JOIN "setor" "s" ON "s"."id_centro_custo" = "v"."id_centro_custo"
JOIN "pedidos" "pe" ON (pe.numero, pe.key_clientes) = (v.rm, v.key_clientes)
JOIN "pedidos_local" "pl" ON "pe"."numero" = "pl"."key_pedidos"
JOIN "usuario" "u" ON "pe"."key_usuario" = "u"."codigo"
JOIN "funcionarios" "fu" ON "fu"."matricula" = "u"."key_funcionarios" AND "pe"."id_depto" = "s"."id_depto"
JOIN "nota_fiscal" "nf" ON "v"."key_nota_fiscal" = "nf"."codigo" and "nf"."status" = 'EM'
WHERE "v"."rm" BETWEEN 100 AND 200
ORDER BY 2
 LIMIT 10
ERROR - 2019-10-29 13:57:33 --> 404 Page Not Found: Assets/js
ERROR - 2019-10-29 13:57:33 --> 404 Page Not Found: Assets/js
ERROR - 2019-10-29 13:57:36 --> 404 Page Not Found: Assets/js
ERROR - 2019-10-29 13:57:36 --> 404 Page Not Found: Assets/js
ERROR - 2019-10-29 13:59:50 --> 404 Page Not Found: Assets/js
ERROR - 2019-10-29 13:59:50 --> 404 Page Not Found: Assets/js
ERROR - 2019-10-29 14:02:18 --> Query error: ERRO:  operador não existe: character varying >= integer
LINE 12: WHERE "v"."rm" BETWEEN 1000 AND 1500
                        ^
HINT:  Nenhum operador corresponde com o nome e o(s) tipo(s) de argumento(s) informados. Você precisa adicionar conversões de tipo explícitas. - Invalid query: SELECT DISTINCT "v"."rm" as "requisicao", (cast(v.data_emissao as date), 2019-10-29) as Data_Entrega, (cast(nf.emissao as date), 2019-10-29) AS Data_Faturamento, "v"."id_centro_custo" as "CC", "f"."nome" as "funcionario", "v"."key_funcionarios" as "matricula", "po"."descricao" as "Produto", "vi"."key_partnumber" as "Partnumber", "po"."op_ca" as "CA", "vi"."quantidade", (vi.valor) as Vl_Unit, "pe"."data_emissao" as "Data_Emissao", "fu"."nome" as "Solicitante", "fu"."matricula" as "smatricula", "pl"."localentrega" as "Local_Entrega"
FROM "vendas" "v"
JOIN "vendas_item" "vi" ON "v"."rm" = "vi"."key_vendas" AND "v"."item" = "vi"."key_vendas_item"
JOIN "funcionarios" "f" ON "v"."key_funcionarios" = "f"."matricula"
JOIN "produtos" "po" ON "vi"."key_produtos" = "po"."codigo"
JOIN "setor" "s" ON "s"."id_centro_custo" = "v"."id_centro_custo"
JOIN "pedidos" "pe" ON (pe.numero, pe.key_clientes) = (v.rm, v.key_clientes)
JOIN "pedidos_local" "pl" ON "pe"."numero" = "pl"."key_pedidos"
JOIN "usuario" "u" ON "pe"."key_usuario" = "u"."codigo"
JOIN "funcionarios" "fu" ON "fu"."matricula" = "u"."key_funcionarios" AND "pe"."id_depto" = "s"."id_depto"
JOIN "nota_fiscal" "nf" ON "v"."key_nota_fiscal" = "nf"."codigo" and "nf"."status" = 'EM'
WHERE "v"."rm" BETWEEN 1000 AND 1500
ORDER BY 2
 LIMIT 10
ERROR - 2019-10-29 14:02:41 --> Query error: ERRO:  operador não existe: character varying >= integer
LINE 12: WHERE "v"."rm" BETWEEN 100 AND 1500
                        ^
HINT:  Nenhum operador corresponde com o nome e o(s) tipo(s) de argumento(s) informados. Você precisa adicionar conversões de tipo explícitas. - Invalid query: SELECT DISTINCT "v"."rm" as "requisicao", (cast(v.data_emissao as date), 2019-10-29) as Data_Entrega, (cast(nf.emissao as date), 2019-10-29) AS Data_Faturamento, "v"."id_centro_custo" as "CC", "f"."nome" as "funcionario", "v"."key_funcionarios" as "matricula", "po"."descricao" as "Produto", "vi"."key_partnumber" as "Partnumber", "po"."op_ca" as "CA", "vi"."quantidade", (vi.valor) as Vl_Unit, "pe"."data_emissao" as "Data_Emissao", "fu"."nome" as "Solicitante", "fu"."matricula" as "smatricula", "pl"."localentrega" as "Local_Entrega"
FROM "vendas" "v"
JOIN "vendas_item" "vi" ON "v"."rm" = "vi"."key_vendas" AND "v"."item" = "vi"."key_vendas_item"
JOIN "funcionarios" "f" ON "v"."key_funcionarios" = "f"."matricula"
JOIN "produtos" "po" ON "vi"."key_produtos" = "po"."codigo"
JOIN "setor" "s" ON "s"."id_centro_custo" = "v"."id_centro_custo"
JOIN "pedidos" "pe" ON (pe.numero, pe.key_clientes) = (v.rm, v.key_clientes)
JOIN "pedidos_local" "pl" ON "pe"."numero" = "pl"."key_pedidos"
JOIN "usuario" "u" ON "pe"."key_usuario" = "u"."codigo"
JOIN "funcionarios" "fu" ON "fu"."matricula" = "u"."key_funcionarios" AND "pe"."id_depto" = "s"."id_depto"
JOIN "nota_fiscal" "nf" ON "v"."key_nota_fiscal" = "nf"."codigo" and "nf"."status" = 'EM'
WHERE "v"."rm" BETWEEN 100 AND 1500
ORDER BY 2
 LIMIT 10
ERROR - 2019-10-29 14:03:17 --> Query error: ERRO:  operador não existe: character varying >= integer
LINE 12: WHERE "v"."rm" BETWEEN 100 AND 1000
                        ^
HINT:  Nenhum operador corresponde com o nome e o(s) tipo(s) de argumento(s) informados. Você precisa adicionar conversões de tipo explícitas. - Invalid query: SELECT DISTINCT "v"."rm" as "requisicao", (cast(v.data_emissao as date), 2019-10-29) as Data_Entrega, (cast(nf.emissao as date), 2019-10-29) AS Data_Faturamento, "v"."id_centro_custo" as "CC", "f"."nome" as "funcionario", "v"."key_funcionarios" as "matricula", "po"."descricao" as "Produto", "vi"."key_partnumber" as "Partnumber", "po"."op_ca" as "CA", "vi"."quantidade", (vi.valor) as Vl_Unit, "pe"."data_emissao" as "Data_Emissao", "fu"."nome" as "Solicitante", "fu"."matricula" as "smatricula", "pl"."localentrega" as "Local_Entrega"
FROM "vendas" "v"
JOIN "vendas_item" "vi" ON "v"."rm" = "vi"."key_vendas" AND "v"."item" = "vi"."key_vendas_item"
JOIN "funcionarios" "f" ON "v"."key_funcionarios" = "f"."matricula"
JOIN "produtos" "po" ON "vi"."key_produtos" = "po"."codigo"
JOIN "setor" "s" ON "s"."id_centro_custo" = "v"."id_centro_custo"
JOIN "pedidos" "pe" ON (pe.numero, pe.key_clientes) = (v.rm, v.key_clientes)
JOIN "pedidos_local" "pl" ON "pe"."numero" = "pl"."key_pedidos"
JOIN "usuario" "u" ON "pe"."key_usuario" = "u"."codigo"
JOIN "funcionarios" "fu" ON "fu"."matricula" = "u"."key_funcionarios" AND "pe"."id_depto" = "s"."id_depto"
JOIN "nota_fiscal" "nf" ON "v"."key_nota_fiscal" = "nf"."codigo" and "nf"."status" = 'EM'
WHERE "v"."rm" BETWEEN 100 AND 1000
ORDER BY 2
 LIMIT 10
ERROR - 2019-10-29 14:05:17 --> 404 Page Not Found: Assets/js
ERROR - 2019-10-29 14:05:17 --> 404 Page Not Found: Assets/js
ERROR - 2019-10-29 14:05:47 --> 404 Page Not Found: Assets/js
ERROR - 2019-10-29 14:05:47 --> 404 Page Not Found: Assets/js
ERROR - 2019-10-29 14:05:54 --> 404 Page Not Found: Assets/js
ERROR - 2019-10-29 14:05:54 --> 404 Page Not Found: Assets/js
ERROR - 2019-10-29 14:06:05 --> Query error: ERRO:  erro de sintaxe em ou próximo a "BETW2EEN"
LINE 12: WHERE v.rm BETW2EEN '02' AND '10'
                    ^ - Invalid query: SELECT DISTINCT "v"."rm" as "requisicao", (cast(v.data_emissao as date), 2019-10-29) as Data_Entrega, (cast(nf.emissao as date), 2019-10-29) AS Data_Faturamento, "v"."id_centro_custo" as "CC", "f"."nome" as "funcionario", "v"."key_funcionarios" as "matricula", "po"."descricao" as "Produto", "vi"."key_partnumber" as "Partnumber", "po"."op_ca" as "CA", "vi"."quantidade", (vi.valor) as Vl_Unit, "pe"."data_emissao" as "Data_Emissao", "fu"."nome" as "Solicitante", "fu"."matricula" as "smatricula", "pl"."localentrega" as "Local_Entrega"
FROM "vendas" "v"
JOIN "vendas_item" "vi" ON "v"."rm" = "vi"."key_vendas" AND "v"."item" = "vi"."key_vendas_item"
JOIN "funcionarios" "f" ON "v"."key_funcionarios" = "f"."matricula"
JOIN "produtos" "po" ON "vi"."key_produtos" = "po"."codigo"
JOIN "setor" "s" ON "s"."id_centro_custo" = "v"."id_centro_custo"
JOIN "pedidos" "pe" ON (pe.numero, pe.key_clientes) = (v.rm, v.key_clientes)
JOIN "pedidos_local" "pl" ON "pe"."numero" = "pl"."key_pedidos"
JOIN "usuario" "u" ON "pe"."key_usuario" = "u"."codigo"
JOIN "funcionarios" "fu" ON "fu"."matricula" = "u"."key_funcionarios" AND "pe"."id_depto" = "s"."id_depto"
JOIN "nota_fiscal" "nf" ON "v"."key_nota_fiscal" = "nf"."codigo" and "nf"."status" = 'EM'
WHERE v.rm BETW2EEN '02' AND '10'
ORDER BY 2
 LIMIT 10
ERROR - 2019-10-29 14:08:29 --> 404 Page Not Found: Assets/js
ERROR - 2019-10-29 14:08:29 --> 404 Page Not Found: Assets/js
ERROR - 2019-10-29 14:09:06 --> 404 Page Not Found: Assets/js
ERROR - 2019-10-29 14:09:06 --> 404 Page Not Found: Assets/js
ERROR - 2019-10-29 14:09:09 --> 404 Page Not Found: Assets/js
ERROR - 2019-10-29 14:09:09 --> 404 Page Not Found: Assets/js
ERROR - 2019-10-29 14:09:15 --> 404 Page Not Found: Assets/js
ERROR - 2019-10-29 14:09:15 --> 404 Page Not Found: Assets/js
ERROR - 2019-10-29 14:20:31 --> 404 Page Not Found: Assets/js
ERROR - 2019-10-29 14:20:31 --> 404 Page Not Found: Assets/js
ERROR - 2019-10-29 14:20:36 --> Query error: ERRO:  relação "vend2as_item" não existe
LINE 3: JOIN "vend2as_item" "vi" ON "v"."rm" = "vi"."key_vendas" AND...
             ^ - Invalid query: SELECT DISTINCT "v"."rm" as "requisicao", (cast(v.data_emissao as date), 2019-10-29) as Data_Entrega, (cast(nf.emissao as date), 2019-10-29) AS Data_Faturamento, "v"."id_centro_custo" as "CC", "f"."nome" as "funcionario", "v"."key_funcionarios" as "matricula", "po"."descricao" as "Produto", "vi"."key_partnumber" as "Partnumber", "po"."op_ca" as "CA", "vi"."quantidade", (vi.valor) as Vl_Unit, "pe"."data_emissao" as "Data_Emissao", "fu"."nome" as "Solicitante", "fu"."matricula" as "smatricula", "pl"."localentrega" as "Local_Entrega"
FROM "vendas" "v"
JOIN "vend2as_item" "vi" ON "v"."rm" = "vi"."key_vendas" AND "v"."item" = "vi"."key_vendas_item"
JOIN "funcionarios" "f" ON "v"."key_funcionarios" = "f"."matricula"
JOIN "produtos" "po" ON "vi"."key_produtos" = "po"."codigo"
JOIN "setor" "s" ON "s"."id_centro_custo" = "v"."id_centro_custo"
JOIN "pedidos" "pe" ON (pe.numero, pe.key_clientes) = (v.rm, v.key_clientes)
JOIN "pedidos_local" "pl" ON "pe"."numero" = "pl"."key_pedidos"
JOIN "usuario" "u" ON "pe"."key_usuario" = "u"."codigo"
JOIN "funcionarios" "fu" ON "fu"."matricula" = "u"."key_funcionarios" AND "pe"."id_depto" = "s"."id_depto"
JOIN "nota_fiscal" "nf" ON "v"."key_nota_fiscal" = "nf"."codigo" and "nf"."status" = 'EM'
WHERE "v"."rm" BETWEEN '344' AND '345'
ORDER BY 2
 LIMIT 10
ERROR - 2019-10-29 14:22:49 --> 404 Page Not Found: Assets/js
ERROR - 2019-10-29 14:22:49 --> 404 Page Not Found: Assets/js
ERROR - 2019-10-29 14:30:35 --> 404 Page Not Found: Assets/js
ERROR - 2019-10-29 14:30:35 --> 404 Page Not Found: Assets/js
ERROR - 2019-10-29 14:30:38 --> 404 Page Not Found: Assets/js
ERROR - 2019-10-29 14:30:38 --> 404 Page Not Found: Assets/js
ERROR - 2019-10-29 14:32:48 --> 404 Page Not Found: Assets/js
ERROR - 2019-10-29 14:32:48 --> 404 Page Not Found: Assets/js
ERROR - 2019-10-29 14:33:22 --> 404 Page Not Found: Assets/js
ERROR - 2019-10-29 14:33:22 --> 404 Page Not Found: Assets/js
ERROR - 2019-10-29 14:33:36 --> Query error: ERRO:  relação "vend2as_item" não existe
LINE 3: JOIN "vend2as_item" "vi" ON "v"."rm" = "vi"."key_vendas" AND...
             ^ - Invalid query: SELECT DISTINCT "v"."rm" as "requisicao", (cast(v.data_emissao as date), 2019-10-29) as Data_Entrega, (cast(nf.emissao as date), 2019-10-29) AS Data_Faturamento, "v"."id_centro_custo" as "CC", "f"."nome" as "funcionario", "v"."key_funcionarios" as "matricula", "po"."descricao" as "Produto", "vi"."key_partnumber" as "Partnumber", "po"."op_ca" as "CA", "vi"."quantidade", (vi.valor) as Vl_Unit, "pe"."data_emissao" as "Data_Emissao", "fu"."nome" as "Solicitante", "fu"."matricula" as "smatricula", "pl"."localentrega" as "Local_Entrega"
FROM "vendas" "v"
JOIN "vend2as_item" "vi" ON "v"."rm" = "vi"."key_vendas" AND "v"."item" = "vi"."key_vendas_item"
JOIN "funcionarios" "f" ON "v"."key_funcionarios" = "f"."matricula"
JOIN "produtos" "po" ON "vi"."key_produtos" = "po"."codigo"
JOIN "setor" "s" ON "s"."id_centro_custo" = "v"."id_centro_custo"
JOIN "pedidos" "pe" ON (pe.numero, pe.key_clientes) = (v.rm, v.key_clientes)
JOIN "pedidos_local" "pl" ON "pe"."numero" = "pl"."key_pedidos"
JOIN "usuario" "u" ON "pe"."key_usuario" = "u"."codigo"
JOIN "funcionarios" "fu" ON "fu"."matricula" = "u"."key_funcionarios" AND "pe"."id_depto" = "s"."id_depto"
JOIN "nota_fiscal" "nf" ON "v"."key_nota_fiscal" = "nf"."codigo" and "nf"."status" = 'EM'
ORDER BY 2
 LIMIT 10
ERROR - 2019-10-29 14:34:49 --> 404 Page Not Found: Assets/js
ERROR - 2019-10-29 14:34:49 --> 404 Page Not Found: Assets/js
ERROR - 2019-10-29 14:35:04 --> Query error: ERRO:  operador não existe: character varying >= integer
LINE 12: WHERE "v"."rm" BETWEEN 344 AND 345
                        ^
HINT:  Nenhum operador corresponde com o nome e o(s) tipo(s) de argumento(s) informados. Você precisa adicionar conversões de tipo explícitas. - Invalid query: SELECT DISTINCT "v"."rm" as "requisicao", (cast(v.data_emissao as date), 2019-10-29) as Data_Entrega, (cast(nf.emissao as date), 2019-10-29) AS Data_Faturamento, "v"."id_centro_custo" as "CC", "f"."nome" as "funcionario", "v"."key_funcionarios" as "matricula", "po"."descricao" as "Produto", "vi"."key_partnumber" as "Partnumber", "po"."op_ca" as "CA", "vi"."quantidade", (vi.valor) as Vl_Unit, "pe"."data_emissao" as "Data_Emissao", "fu"."nome" as "Solicitante", "fu"."matricula" as "smatricula", "pl"."localentrega" as "Local_Entrega"
FROM "vendas" "v"
JOIN "vendas_item" "vi" ON "v"."rm" = "vi"."key_vendas" AND "v"."item" = "vi"."key_vendas_item"
JOIN "funcionarios" "f" ON "v"."key_funcionarios" = "f"."matricula"
JOIN "produtos" "po" ON "vi"."key_produtos" = "po"."codigo"
JOIN "setor" "s" ON "s"."id_centro_custo" = "v"."id_centro_custo"
JOIN "pedidos" "pe" ON (pe.numero, pe.key_clientes) = (v.rm, v.key_clientes)
JOIN "pedidos_local" "pl" ON "pe"."numero" = "pl"."key_pedidos"
JOIN "usuario" "u" ON "pe"."key_usuario" = "u"."codigo"
JOIN "funcionarios" "fu" ON "fu"."matricula" = "u"."key_funcionarios" AND "pe"."id_depto" = "s"."id_depto"
JOIN "nota_fiscal" "nf" ON "v"."key_nota_fiscal" = "nf"."codigo" and "nf"."status" = 'EM'
WHERE "v"."rm" BETWEEN 344 AND 345
ORDER BY 2
 LIMIT 10
ERROR - 2019-10-29 14:40:17 --> 404 Page Not Found: Assets/js
ERROR - 2019-10-29 14:40:17 --> 404 Page Not Found: Assets/js
ERROR - 2019-10-29 14:40:25 --> Query error: ERRO:  erro de sintaxe em ou próximo a "v"
LINE 12: WHERE (int) v.rm >= '0'
                     ^ - Invalid query: SELECT DISTINCT "v"."rm" as "requisicao", (cast(v.data_emissao as date), 2019-10-29) as Data_Entrega, (cast(nf.emissao as date), 2019-10-29) AS Data_Faturamento, "v"."id_centro_custo" as "CC", "f"."nome" as "funcionario", "v"."key_funcionarios" as "matricula", "po"."descricao" as "Produto", "vi"."key_partnumber" as "Partnumber", "po"."op_ca" as "CA", "vi"."quantidade", (vi.valor) as Vl_Unit, "pe"."data_emissao" as "Data_Emissao", "fu"."nome" as "Solicitante", "fu"."matricula" as "smatricula", "pl"."localentrega" as "Local_Entrega"
FROM "vendas" "v"
JOIN "vendas_item" "vi" ON "v"."rm" = "vi"."key_vendas" AND "v"."item" = "vi"."key_vendas_item"
JOIN "funcionarios" "f" ON "v"."key_funcionarios" = "f"."matricula"
JOIN "produtos" "po" ON "vi"."key_produtos" = "po"."codigo"
JOIN "setor" "s" ON "s"."id_centro_custo" = "v"."id_centro_custo"
JOIN "pedidos" "pe" ON (pe.numero, pe.key_clientes) = (v.rm, v.key_clientes)
JOIN "pedidos_local" "pl" ON "pe"."numero" = "pl"."key_pedidos"
JOIN "usuario" "u" ON "pe"."key_usuario" = "u"."codigo"
JOIN "funcionarios" "fu" ON "fu"."matricula" = "u"."key_funcionarios" AND "pe"."id_depto" = "s"."id_depto"
JOIN "nota_fiscal" "nf" ON "v"."key_nota_fiscal" = "nf"."codigo" and "nf"."status" = 'EM'
WHERE (int) v.rm >= '0'
ORDER BY 2
 LIMIT 10
ERROR - 2019-10-29 14:40:45 --> 404 Page Not Found: Assets/js
ERROR - 2019-10-29 14:40:45 --> 404 Page Not Found: Assets/js
ERROR - 2019-10-29 14:40:50 --> Query error: ERRO:  erro de sintaxe em ou próximo a "BETWEEN0"
LINE 12: WHERE "v"."rm" BETWEEN0 AND 100
                        ^ - Invalid query: SELECT DISTINCT "v"."rm" as "requisicao", (cast(v.data_emissao as date), 2019-10-29) as Data_Entrega, (cast(nf.emissao as date), 2019-10-29) AS Data_Faturamento, "v"."id_centro_custo" as "CC", "f"."nome" as "funcionario", "v"."key_funcionarios" as "matricula", "po"."descricao" as "Produto", "vi"."key_partnumber" as "Partnumber", "po"."op_ca" as "CA", "vi"."quantidade", (vi.valor) as Vl_Unit, "pe"."data_emissao" as "Data_Emissao", "fu"."nome" as "Solicitante", "fu"."matricula" as "smatricula", "pl"."localentrega" as "Local_Entrega"
FROM "vendas" "v"
JOIN "vendas_item" "vi" ON "v"."rm" = "vi"."key_vendas" AND "v"."item" = "vi"."key_vendas_item"
JOIN "funcionarios" "f" ON "v"."key_funcionarios" = "f"."matricula"
JOIN "produtos" "po" ON "vi"."key_produtos" = "po"."codigo"
JOIN "setor" "s" ON "s"."id_centro_custo" = "v"."id_centro_custo"
JOIN "pedidos" "pe" ON (pe.numero, pe.key_clientes) = (v.rm, v.key_clientes)
JOIN "pedidos_local" "pl" ON "pe"."numero" = "pl"."key_pedidos"
JOIN "usuario" "u" ON "pe"."key_usuario" = "u"."codigo"
JOIN "funcionarios" "fu" ON "fu"."matricula" = "u"."key_funcionarios" AND "pe"."id_depto" = "s"."id_depto"
JOIN "nota_fiscal" "nf" ON "v"."key_nota_fiscal" = "nf"."codigo" and "nf"."status" = 'EM'
WHERE "v"."rm" BETWEEN0 AND 100
ORDER BY 2
 LIMIT 10
ERROR - 2019-10-29 14:41:11 --> 404 Page Not Found: Assets/js
ERROR - 2019-10-29 14:41:11 --> 404 Page Not Found: Assets/js
ERROR - 2019-10-29 14:41:27 --> Query error: ERRO:  operador não existe: character varying >= integer
LINE 12: WHERE "v"."rm" BETWEEN 344 AND 345
                        ^
HINT:  Nenhum operador corresponde com o nome e o(s) tipo(s) de argumento(s) informados. Você precisa adicionar conversões de tipo explícitas. - Invalid query: SELECT DISTINCT "v"."rm" as "requisicao", (cast(v.data_emissao as date), 2019-10-29) as Data_Entrega, (cast(nf.emissao as date), 2019-10-29) AS Data_Faturamento, "v"."id_centro_custo" as "CC", "f"."nome" as "funcionario", "v"."key_funcionarios" as "matricula", "po"."descricao" as "Produto", "vi"."key_partnumber" as "Partnumber", "po"."op_ca" as "CA", "vi"."quantidade", (vi.valor) as Vl_Unit, "pe"."data_emissao" as "Data_Emissao", "fu"."nome" as "Solicitante", "fu"."matricula" as "smatricula", "pl"."localentrega" as "Local_Entrega"
FROM "vendas" "v"
JOIN "vendas_item" "vi" ON "v"."rm" = "vi"."key_vendas" AND "v"."item" = "vi"."key_vendas_item"
JOIN "funcionarios" "f" ON "v"."key_funcionarios" = "f"."matricula"
JOIN "produtos" "po" ON "vi"."key_produtos" = "po"."codigo"
JOIN "setor" "s" ON "s"."id_centro_custo" = "v"."id_centro_custo"
JOIN "pedidos" "pe" ON (pe.numero, pe.key_clientes) = (v.rm, v.key_clientes)
JOIN "pedidos_local" "pl" ON "pe"."numero" = "pl"."key_pedidos"
JOIN "usuario" "u" ON "pe"."key_usuario" = "u"."codigo"
JOIN "funcionarios" "fu" ON "fu"."matricula" = "u"."key_funcionarios" AND "pe"."id_depto" = "s"."id_depto"
JOIN "nota_fiscal" "nf" ON "v"."key_nota_fiscal" = "nf"."codigo" and "nf"."status" = 'EM'
WHERE "v"."rm" BETWEEN 344 AND 345
ORDER BY 2
 LIMIT 10
ERROR - 2019-10-29 14:41:38 --> 404 Page Not Found: Assets/js
ERROR - 2019-10-29 14:41:38 --> 404 Page Not Found: Assets/js
ERROR - 2019-10-29 14:41:43 --> Query error: ERRO:  operador não existe: character varying >= integer
LINE 12: WHERE "v"."rm" BETWEEN 344 AND 345
                        ^
HINT:  Nenhum operador corresponde com o nome e o(s) tipo(s) de argumento(s) informados. Você precisa adicionar conversões de tipo explícitas. - Invalid query: SELECT DISTINCT "v"."rm" as "requisicao", (cast(v.data_emissao as date), 2019-10-29) as Data_Entrega, (cast(nf.emissao as date), 2019-10-29) AS Data_Faturamento, "v"."id_centro_custo" as "CC", "f"."nome" as "funcionario", "v"."key_funcionarios" as "matricula", "po"."descricao" as "Produto", "vi"."key_partnumber" as "Partnumber", "po"."op_ca" as "CA", "vi"."quantidade", (vi.valor) as Vl_Unit, "pe"."data_emissao" as "Data_Emissao", "fu"."nome" as "Solicitante", "fu"."matricula" as "smatricula", "pl"."localentrega" as "Local_Entrega"
FROM "vendas" "v"
JOIN "vendas_item" "vi" ON "v"."rm" = "vi"."key_vendas" AND "v"."item" = "vi"."key_vendas_item"
JOIN "funcionarios" "f" ON "v"."key_funcionarios" = "f"."matricula"
JOIN "produtos" "po" ON "vi"."key_produtos" = "po"."codigo"
JOIN "setor" "s" ON "s"."id_centro_custo" = "v"."id_centro_custo"
JOIN "pedidos" "pe" ON (pe.numero, pe.key_clientes) = (v.rm, v.key_clientes)
JOIN "pedidos_local" "pl" ON "pe"."numero" = "pl"."key_pedidos"
JOIN "usuario" "u" ON "pe"."key_usuario" = "u"."codigo"
JOIN "funcionarios" "fu" ON "fu"."matricula" = "u"."key_funcionarios" AND "pe"."id_depto" = "s"."id_depto"
JOIN "nota_fiscal" "nf" ON "v"."key_nota_fiscal" = "nf"."codigo" and "nf"."status" = 'EM'
WHERE "v"."rm" BETWEEN 344 AND 345
ORDER BY 2
 LIMIT 10
ERROR - 2019-10-29 14:53:40 --> 404 Page Not Found: Assets/js
ERROR - 2019-10-29 14:53:40 --> 404 Page Not Found: Assets/js
ERROR - 2019-10-29 14:56:44 --> 404 Page Not Found: Assets/js
ERROR - 2019-10-29 14:56:44 --> 404 Page Not Found: Assets/js
ERROR - 2019-10-29 14:56:50 --> Query error: ERRO:  erro de sintaxe em ou próximo a "BETWEEN0"
LINE 12: WHERE CAST(v.rm AS int) BETWEEN0 AND 300
                                 ^ - Invalid query: SELECT DISTINCT "v"."rm" as "requisicao", (cast(v.data_emissao as date), 2019-10-29) as Data_Entrega, (cast(nf.emissao as date), 2019-10-29) AS Data_Faturamento, "v"."id_centro_custo" as "CC", "f"."nome" as "funcionario", "v"."key_funcionarios" as "matricula", "po"."descricao" as "Produto", "vi"."key_partnumber" as "Partnumber", "po"."op_ca" as "CA", "vi"."quantidade", (vi.valor) as Vl_Unit, "pe"."data_emissao" as "Data_Emissao", "fu"."nome" as "Solicitante", "fu"."matricula" as "smatricula", "pl"."localentrega" as "Local_Entrega"
FROM "vendas" "v"
JOIN "vendas_item" "vi" ON "v"."rm" = "vi"."key_vendas" AND "v"."item" = "vi"."key_vendas_item"
JOIN "funcionarios" "f" ON "v"."key_funcionarios" = "f"."matricula"
JOIN "produtos" "po" ON "vi"."key_produtos" = "po"."codigo"
JOIN "setor" "s" ON "s"."id_centro_custo" = "v"."id_centro_custo"
JOIN "pedidos" "pe" ON (pe.numero, pe.key_clientes) = (v.rm, v.key_clientes)
JOIN "pedidos_local" "pl" ON "pe"."numero" = "pl"."key_pedidos"
JOIN "usuario" "u" ON "pe"."key_usuario" = "u"."codigo"
JOIN "funcionarios" "fu" ON "fu"."matricula" = "u"."key_funcionarios" AND "pe"."id_depto" = "s"."id_depto"
JOIN "nota_fiscal" "nf" ON "v"."key_nota_fiscal" = "nf"."codigo" and "nf"."status" = 'EM'
WHERE CAST(v.rm AS int) BETWEEN0 AND 300
ORDER BY 2
 LIMIT 10
ERROR - 2019-10-29 14:57:40 --> 404 Page Not Found: Assets/js
ERROR - 2019-10-29 14:57:40 --> 404 Page Not Found: Assets/js
ERROR - 2019-10-29 14:57:45 --> Query error: ERRO:  erro de sintaxe em ou próximo a "BETWEEN0"
LINE 12: WHERE CAST(v.rm AS int) BETWEEN0 AND 300
                                 ^ - Invalid query: SELECT DISTINCT "v"."rm" as "requisicao", (cast(v.data_emissao as date), 2019-10-29) as Data_Entrega, (cast(nf.emissao as date), 2019-10-29) AS Data_Faturamento, "v"."id_centro_custo" as "CC", "f"."nome" as "funcionario", "v"."key_funcionarios" as "matricula", "po"."descricao" as "Produto", "vi"."key_partnumber" as "Partnumber", "po"."op_ca" as "CA", "vi"."quantidade", (vi.valor) as Vl_Unit, "pe"."data_emissao" as "Data_Emissao", "fu"."nome" as "Solicitante", "fu"."matricula" as "smatricula", "pl"."localentrega" as "Local_Entrega"
FROM "vendas" "v"
JOIN "vendas_item" "vi" ON "v"."rm" = "vi"."key_vendas" AND "v"."item" = "vi"."key_vendas_item"
JOIN "funcionarios" "f" ON "v"."key_funcionarios" = "f"."matricula"
JOIN "produtos" "po" ON "vi"."key_produtos" = "po"."codigo"
JOIN "setor" "s" ON "s"."id_centro_custo" = "v"."id_centro_custo"
JOIN "pedidos" "pe" ON (pe.numero, pe.key_clientes) = (v.rm, v.key_clientes)
JOIN "pedidos_local" "pl" ON "pe"."numero" = "pl"."key_pedidos"
JOIN "usuario" "u" ON "pe"."key_usuario" = "u"."codigo"
JOIN "funcionarios" "fu" ON "fu"."matricula" = "u"."key_funcionarios" AND "pe"."id_depto" = "s"."id_depto"
JOIN "nota_fiscal" "nf" ON "v"."key_nota_fiscal" = "nf"."codigo" and "nf"."status" = 'EM'
WHERE CAST(v.rm AS int) BETWEEN0 AND 300
ORDER BY 2
 LIMIT 10
ERROR - 2019-10-29 14:58:04 --> 404 Page Not Found: Assets/js
ERROR - 2019-10-29 14:58:04 --> 404 Page Not Found: Assets/js
ERROR - 2019-10-29 14:58:10 --> Query error: ERRO:  erro de sintaxe em ou próximo a "BETWEEN0"
LINE 12: WHERE CAST(v.rm AS int) BETWEEN0 AND 300
                                 ^ - Invalid query: SELECT DISTINCT "v"."rm" as "requisicao", (cast(v.data_emissao as date), 2019-10-29) as Data_Entrega, (cast(nf.emissao as date), 2019-10-29) AS Data_Faturamento, "v"."id_centro_custo" as "CC", "f"."nome" as "funcionario", "v"."key_funcionarios" as "matricula", "po"."descricao" as "Produto", "vi"."key_partnumber" as "Partnumber", "po"."op_ca" as "CA", "vi"."quantidade", (vi.valor) as Vl_Unit, "pe"."data_emissao" as "Data_Emissao", "fu"."nome" as "Solicitante", "fu"."matricula" as "smatricula", "pl"."localentrega" as "Local_Entrega"
FROM "vendas" "v"
JOIN "vendas_item" "vi" ON "v"."rm" = "vi"."key_vendas" AND "v"."item" = "vi"."key_vendas_item"
JOIN "funcionarios" "f" ON "v"."key_funcionarios" = "f"."matricula"
JOIN "produtos" "po" ON "vi"."key_produtos" = "po"."codigo"
JOIN "setor" "s" ON "s"."id_centro_custo" = "v"."id_centro_custo"
JOIN "pedidos" "pe" ON (pe.numero, pe.key_clientes) = (v.rm, v.key_clientes)
JOIN "pedidos_local" "pl" ON "pe"."numero" = "pl"."key_pedidos"
JOIN "usuario" "u" ON "pe"."key_usuario" = "u"."codigo"
JOIN "funcionarios" "fu" ON "fu"."matricula" = "u"."key_funcionarios" AND "pe"."id_depto" = "s"."id_depto"
JOIN "nota_fiscal" "nf" ON "v"."key_nota_fiscal" = "nf"."codigo" and "nf"."status" = 'EM'
WHERE CAST(v.rm AS int) BETWEEN0 AND 300
ORDER BY 2
 LIMIT 10
ERROR - 2019-10-29 14:58:47 --> 404 Page Not Found: Assets/js
ERROR - 2019-10-29 14:58:47 --> 404 Page Not Found: Assets/js
ERROR - 2019-10-29 14:58:49 --> Query error: ERRO:  erro de sintaxe em ou próximo a "BETWEEN0"
LINE 12: WHERE CAST(v.rm AS int) BETWEEN0 AND 300
                                 ^ - Invalid query: SELECT DISTINCT "v"."rm" as "requisicao", (cast(v.data_emissao as date), 2019-10-29) as Data_Entrega, (cast(nf.emissao as date), 2019-10-29) AS Data_Faturamento, "v"."id_centro_custo" as "CC", "f"."nome" as "funcionario", "v"."key_funcionarios" as "matricula", "po"."descricao" as "Produto", "vi"."key_partnumber" as "Partnumber", "po"."op_ca" as "CA", "vi"."quantidade", (vi.valor) as Vl_Unit, "pe"."data_emissao" as "Data_Emissao", "fu"."nome" as "Solicitante", "fu"."matricula" as "smatricula", "pl"."localentrega" as "Local_Entrega"
FROM "vendas" "v"
JOIN "vendas_item" "vi" ON "v"."rm" = "vi"."key_vendas" AND "v"."item" = "vi"."key_vendas_item"
JOIN "funcionarios" "f" ON "v"."key_funcionarios" = "f"."matricula"
JOIN "produtos" "po" ON "vi"."key_produtos" = "po"."codigo"
JOIN "setor" "s" ON "s"."id_centro_custo" = "v"."id_centro_custo"
JOIN "pedidos" "pe" ON (pe.numero, pe.key_clientes) = (v.rm, v.key_clientes)
JOIN "pedidos_local" "pl" ON "pe"."numero" = "pl"."key_pedidos"
JOIN "usuario" "u" ON "pe"."key_usuario" = "u"."codigo"
JOIN "funcionarios" "fu" ON "fu"."matricula" = "u"."key_funcionarios" AND "pe"."id_depto" = "s"."id_depto"
JOIN "nota_fiscal" "nf" ON "v"."key_nota_fiscal" = "nf"."codigo" and "nf"."status" = 'EM'
WHERE CAST(v.rm AS int) BETWEEN0 AND 300
ORDER BY 2
 LIMIT 10
ERROR - 2019-10-29 14:59:13 --> 404 Page Not Found: Assets/js
ERROR - 2019-10-29 14:59:13 --> 404 Page Not Found: Assets/js
ERROR - 2019-10-29 14:59:15 --> Query error: ERRO:  erro de sintaxe em ou próximo a "BETWEEN0"
LINE 12: WHERE CAST(v.rm AS int) BETWEEN0 AND 300
                                 ^ - Invalid query: SELECT DISTINCT "v"."rm" as "requisicao", (cast(v.data_emissao as date), 2019-10-29) as Data_Entrega, (cast(nf.emissao as date), 2019-10-29) AS Data_Faturamento, "v"."id_centro_custo" as "CC", "f"."nome" as "funcionario", "v"."key_funcionarios" as "matricula", "po"."descricao" as "Produto", "vi"."key_partnumber" as "Partnumber", "po"."op_ca" as "CA", "vi"."quantidade", (vi.valor) as Vl_Unit, "pe"."data_emissao" as "Data_Emissao", "fu"."nome" as "Solicitante", "fu"."matricula" as "smatricula", "pl"."localentrega" as "Local_Entrega"
FROM "vendas" "v"
JOIN "vendas_item" "vi" ON "v"."rm" = "vi"."key_vendas" AND "v"."item" = "vi"."key_vendas_item"
JOIN "funcionarios" "f" ON "v"."key_funcionarios" = "f"."matricula"
JOIN "produtos" "po" ON "vi"."key_produtos" = "po"."codigo"
JOIN "setor" "s" ON "s"."id_centro_custo" = "v"."id_centro_custo"
JOIN "pedidos" "pe" ON (pe.numero, pe.key_clientes) = (v.rm, v.key_clientes)
JOIN "pedidos_local" "pl" ON "pe"."numero" = "pl"."key_pedidos"
JOIN "usuario" "u" ON "pe"."key_usuario" = "u"."codigo"
JOIN "funcionarios" "fu" ON "fu"."matricula" = "u"."key_funcionarios" AND "pe"."id_depto" = "s"."id_depto"
JOIN "nota_fiscal" "nf" ON "v"."key_nota_fiscal" = "nf"."codigo" and "nf"."status" = 'EM'
WHERE CAST(v.rm AS int) BETWEEN0 AND 300
ORDER BY 2
 LIMIT 10
ERROR - 2019-10-29 14:59:55 --> 404 Page Not Found: Assets/js
ERROR - 2019-10-29 14:59:55 --> 404 Page Not Found: Assets/js
ERROR - 2019-10-29 14:59:56 --> 404 Page Not Found: Assets/js
ERROR - 2019-10-29 14:59:56 --> 404 Page Not Found: Assets/js
ERROR - 2019-10-29 15:00:01 --> Query error: ERRO:  sintaxe de entrada é inválida para integer: "" - Invalid query: SELECT DISTINCT "v"."rm" as "requisicao", (cast(v.data_emissao as date), 2019-10-29) as Data_Entrega, (cast(nf.emissao as date), 2019-10-29) AS Data_Faturamento, "v"."id_centro_custo" as "CC", "f"."nome" as "funcionario", "v"."key_funcionarios" as "matricula", "po"."descricao" as "Produto", "vi"."key_partnumber" as "Partnumber", "po"."op_ca" as "CA", "vi"."quantidade", (vi.valor) as Vl_Unit, "pe"."data_emissao" as "Data_Emissao", "fu"."nome" as "Solicitante", "fu"."matricula" as "smatricula", "pl"."localentrega" as "Local_Entrega"
FROM "vendas" "v"
JOIN "vendas_item" "vi" ON "v"."rm" = "vi"."key_vendas" AND "v"."item" = "vi"."key_vendas_item"
JOIN "funcionarios" "f" ON "v"."key_funcionarios" = "f"."matricula"
JOIN "produtos" "po" ON "vi"."key_produtos" = "po"."codigo"
JOIN "setor" "s" ON "s"."id_centro_custo" = "v"."id_centro_custo"
JOIN "pedidos" "pe" ON (pe.numero, pe.key_clientes) = (v.rm, v.key_clientes)
JOIN "pedidos_local" "pl" ON "pe"."numero" = "pl"."key_pedidos"
JOIN "usuario" "u" ON "pe"."key_usuario" = "u"."codigo"
JOIN "funcionarios" "fu" ON "fu"."matricula" = "u"."key_funcionarios" AND "pe"."id_depto" = "s"."id_depto"
JOIN "nota_fiscal" "nf" ON "v"."key_nota_fiscal" = "nf"."codigo" and "nf"."status" = 'EM'
WHERE CAST(v.rm AS int) BETWEEN 100 AND 300
ORDER BY 2
 LIMIT 10
ERROR - 2019-10-29 15:00:39 --> 404 Page Not Found: Assets/js
ERROR - 2019-10-29 15:00:39 --> 404 Page Not Found: Assets/js
ERROR - 2019-10-29 15:00:42 --> 404 Page Not Found: Assets/js
ERROR - 2019-10-29 15:00:42 --> 404 Page Not Found: Assets/js
ERROR - 2019-10-29 15:02:06 --> 404 Page Not Found: Assets/js
ERROR - 2019-10-29 15:02:06 --> 404 Page Not Found: Assets/js
ERROR - 2019-10-29 15:02:13 --> Query error: ERRO:  erro de sintaxe em ou próximo a "BETWEEN0"
LINE 12: WHERE CAST(v.rm AS int) BETWEEN0 AND 300
                                 ^ - Invalid query: SELECT DISTINCT "v"."rm" as "requisicao", (cast(v.data_emissao as date), 2019-10-29) as Data_Entrega, (cast(nf.emissao as date), 2019-10-29) AS Data_Faturamento, "v"."id_centro_custo" as "CC", "f"."nome" as "funcionario", "v"."key_funcionarios" as "matricula", "po"."descricao" as "Produto", "vi"."key_partnumber" as "Partnumber", "po"."op_ca" as "CA", "vi"."quantidade", (vi.valor) as Vl_Unit, "pe"."data_emissao" as "Data_Emissao", "fu"."nome" as "Solicitante", "fu"."matricula" as "smatricula", "pl"."localentrega" as "Local_Entrega"
FROM "vendas" "v"
JOIN "vendas_item" "vi" ON "v"."rm" = "vi"."key_vendas" AND "v"."item" = "vi"."key_vendas_item"
JOIN "funcionarios" "f" ON "v"."key_funcionarios" = "f"."matricula"
JOIN "produtos" "po" ON "vi"."key_produtos" = "po"."codigo"
JOIN "setor" "s" ON "s"."id_centro_custo" = "v"."id_centro_custo"
JOIN "pedidos" "pe" ON (pe.numero, pe.key_clientes) = (v.rm, v.key_clientes)
JOIN "pedidos_local" "pl" ON "pe"."numero" = "pl"."key_pedidos"
JOIN "usuario" "u" ON "pe"."key_usuario" = "u"."codigo"
JOIN "funcionarios" "fu" ON "fu"."matricula" = "u"."key_funcionarios" AND "pe"."id_depto" = "s"."id_depto"
JOIN "nota_fiscal" "nf" ON "v"."key_nota_fiscal" = "nf"."codigo" and "nf"."status" = 'EM'
WHERE CAST(v.rm AS int) BETWEEN0 AND 300
ORDER BY 2
 LIMIT 10
ERROR - 2019-10-29 15:02:29 --> 404 Page Not Found: Assets/js
ERROR - 2019-10-29 15:02:29 --> 404 Page Not Found: Assets/js
ERROR - 2019-10-29 15:02:34 --> Query error: ERRO:  erro de sintaxe em ou próximo a "BETWEEN0"
LINE 12: WHERE CAST(v.rm AS int) BETWEEN0 AND 300
                                 ^ - Invalid query: SELECT DISTINCT "v"."rm" as "requisicao", (cast(v.data_emissao as date), 2019-10-29) as Data_Entrega, (cast(nf.emissao as date), 2019-10-29) AS Data_Faturamento, "v"."id_centro_custo" as "CC", "f"."nome" as "funcionario", "v"."key_funcionarios" as "matricula", "po"."descricao" as "Produto", "vi"."key_partnumber" as "Partnumber", "po"."op_ca" as "CA", "vi"."quantidade", (vi.valor) as Vl_Unit, "pe"."data_emissao" as "Data_Emissao", "fu"."nome" as "Solicitante", "fu"."matricula" as "smatricula", "pl"."localentrega" as "Local_Entrega"
FROM "vendas" "v"
JOIN "vendas_item" "vi" ON "v"."rm" = "vi"."key_vendas" AND "v"."item" = "vi"."key_vendas_item"
JOIN "funcionarios" "f" ON "v"."key_funcionarios" = "f"."matricula"
JOIN "produtos" "po" ON "vi"."key_produtos" = "po"."codigo"
JOIN "setor" "s" ON "s"."id_centro_custo" = "v"."id_centro_custo"
JOIN "pedidos" "pe" ON (pe.numero, pe.key_clientes) = (v.rm, v.key_clientes)
JOIN "pedidos_local" "pl" ON "pe"."numero" = "pl"."key_pedidos"
JOIN "usuario" "u" ON "pe"."key_usuario" = "u"."codigo"
JOIN "funcionarios" "fu" ON "fu"."matricula" = "u"."key_funcionarios" AND "pe"."id_depto" = "s"."id_depto"
JOIN "nota_fiscal" "nf" ON "v"."key_nota_fiscal" = "nf"."codigo" and "nf"."status" = 'EM'
WHERE CAST(v.rm AS int) BETWEEN0 AND 300
ORDER BY 2
 LIMIT 10
ERROR - 2019-10-29 15:02:47 --> 404 Page Not Found: Assets/js
ERROR - 2019-10-29 15:02:47 --> 404 Page Not Found: Assets/js
ERROR - 2019-10-29 15:02:51 --> Query error: ERRO:  erro de sintaxe em ou próximo a "BETWEEN0"
LINE 12: WHERE CAST(v.rm AS int) BETWEEN0 AND 300
                                 ^ - Invalid query: SELECT DISTINCT "v"."rm" as "requisicao", (cast(v.data_emissao as date), 2019-10-29) as Data_Entrega, (cast(nf.emissao as date), 2019-10-29) AS Data_Faturamento, "v"."id_centro_custo" as "CC", "f"."nome" as "funcionario", "v"."key_funcionarios" as "matricula", "po"."descricao" as "Produto", "vi"."key_partnumber" as "Partnumber", "po"."op_ca" as "CA", "vi"."quantidade", (vi.valor) as Vl_Unit, "pe"."data_emissao" as "Data_Emissao", "fu"."nome" as "Solicitante", "fu"."matricula" as "smatricula", "pl"."localentrega" as "Local_Entrega"
FROM "vendas" "v"
JOIN "vendas_item" "vi" ON "v"."rm" = "vi"."key_vendas" AND "v"."item" = "vi"."key_vendas_item"
JOIN "funcionarios" "f" ON "v"."key_funcionarios" = "f"."matricula"
JOIN "produtos" "po" ON "vi"."key_produtos" = "po"."codigo"
JOIN "setor" "s" ON "s"."id_centro_custo" = "v"."id_centro_custo"
JOIN "pedidos" "pe" ON (pe.numero, pe.key_clientes) = (v.rm, v.key_clientes)
JOIN "pedidos_local" "pl" ON "pe"."numero" = "pl"."key_pedidos"
JOIN "usuario" "u" ON "pe"."key_usuario" = "u"."codigo"
JOIN "funcionarios" "fu" ON "fu"."matricula" = "u"."key_funcionarios" AND "pe"."id_depto" = "s"."id_depto"
JOIN "nota_fiscal" "nf" ON "v"."key_nota_fiscal" = "nf"."codigo" and "nf"."status" = 'EM'
WHERE CAST(v.rm AS int) BETWEEN0 AND 300
ORDER BY 2
 LIMIT 10
ERROR - 2019-10-29 15:03:02 --> 404 Page Not Found: Assets/js
ERROR - 2019-10-29 15:03:02 --> 404 Page Not Found: Assets/js
ERROR - 2019-10-29 15:03:08 --> 404 Page Not Found: Assets/js
ERROR - 2019-10-29 15:03:08 --> 404 Page Not Found: Assets/js
ERROR - 2019-10-29 15:03:13 --> Query error: ERRO:  erro de sintaxe em ou próximo a "BETWEEN0"
LINE 12: WHERE CAST(v.rm AS int) BETWEEN0  AND 300
                                 ^ - Invalid query: SELECT DISTINCT "v"."rm" as "requisicao", (cast(v.data_emissao as date), 2019-10-29) as Data_Entrega, (cast(nf.emissao as date), 2019-10-29) AS Data_Faturamento, "v"."id_centro_custo" as "CC", "f"."nome" as "funcionario", "v"."key_funcionarios" as "matricula", "po"."descricao" as "Produto", "vi"."key_partnumber" as "Partnumber", "po"."op_ca" as "CA", "vi"."quantidade", (vi.valor) as Vl_Unit, "pe"."data_emissao" as "Data_Emissao", "fu"."nome" as "Solicitante", "fu"."matricula" as "smatricula", "pl"."localentrega" as "Local_Entrega"
FROM "vendas" "v"
JOIN "vendas_item" "vi" ON "v"."rm" = "vi"."key_vendas" AND "v"."item" = "vi"."key_vendas_item"
JOIN "funcionarios" "f" ON "v"."key_funcionarios" = "f"."matricula"
JOIN "produtos" "po" ON "vi"."key_produtos" = "po"."codigo"
JOIN "setor" "s" ON "s"."id_centro_custo" = "v"."id_centro_custo"
JOIN "pedidos" "pe" ON (pe.numero, pe.key_clientes) = (v.rm, v.key_clientes)
JOIN "pedidos_local" "pl" ON "pe"."numero" = "pl"."key_pedidos"
JOIN "usuario" "u" ON "pe"."key_usuario" = "u"."codigo"
JOIN "funcionarios" "fu" ON "fu"."matricula" = "u"."key_funcionarios" AND "pe"."id_depto" = "s"."id_depto"
JOIN "nota_fiscal" "nf" ON "v"."key_nota_fiscal" = "nf"."codigo" and "nf"."status" = 'EM'
WHERE CAST(v.rm AS int) BETWEEN0  AND 300
ORDER BY 2
 LIMIT 10
ERROR - 2019-10-29 15:03:48 --> 404 Page Not Found: Assets/js
ERROR - 2019-10-29 15:03:48 --> 404 Page Not Found: Assets/js
ERROR - 2019-10-29 15:03:52 --> Query error: ERRO:  erro de sintaxe em ou próximo a "BETWEEN0"
LINE 12: WHERE CAST(v.rm AS int) BETWEEN0 AND 300
                                 ^ - Invalid query: SELECT DISTINCT "v"."rm" as "requisicao", (cast(v.data_emissao as date), 2019-10-29) as Data_Entrega, (cast(nf.emissao as date), 2019-10-29) AS Data_Faturamento, "v"."id_centro_custo" as "CC", "f"."nome" as "funcionario", "v"."key_funcionarios" as "matricula", "po"."descricao" as "Produto", "vi"."key_partnumber" as "Partnumber", "po"."op_ca" as "CA", "vi"."quantidade", (vi.valor) as Vl_Unit, "pe"."data_emissao" as "Data_Emissao", "fu"."nome" as "Solicitante", "fu"."matricula" as "smatricula", "pl"."localentrega" as "Local_Entrega"
FROM "vendas" "v"
JOIN "vendas_item" "vi" ON "v"."rm" = "vi"."key_vendas" AND "v"."item" = "vi"."key_vendas_item"
JOIN "funcionarios" "f" ON "v"."key_funcionarios" = "f"."matricula"
JOIN "produtos" "po" ON "vi"."key_produtos" = "po"."codigo"
JOIN "setor" "s" ON "s"."id_centro_custo" = "v"."id_centro_custo"
JOIN "pedidos" "pe" ON (pe.numero, pe.key_clientes) = (v.rm, v.key_clientes)
JOIN "pedidos_local" "pl" ON "pe"."numero" = "pl"."key_pedidos"
JOIN "usuario" "u" ON "pe"."key_usuario" = "u"."codigo"
JOIN "funcionarios" "fu" ON "fu"."matricula" = "u"."key_funcionarios" AND "pe"."id_depto" = "s"."id_depto"
JOIN "nota_fiscal" "nf" ON "v"."key_nota_fiscal" = "nf"."codigo" and "nf"."status" = 'EM'
WHERE CAST(v.rm AS int) BETWEEN0 AND 300
ORDER BY 2
 LIMIT 10
ERROR - 2019-10-29 15:04:23 --> 404 Page Not Found: Assets/js
ERROR - 2019-10-29 15:04:23 --> 404 Page Not Found: Assets/js
ERROR - 2019-10-29 15:04:26 --> Query error: ERRO:  erro de sintaxe em ou próximo a "BETWEEN0"
LINE 12: WHERE CAST(v.rm AS int) BETWEEN0 AND 300
                                 ^ - Invalid query: SELECT DISTINCT "v"."rm" as "requisicao", (cast(v.data_emissao as date), 2019-10-29) as Data_Entrega, (cast(nf.emissao as date), 2019-10-29) AS Data_Faturamento, "v"."id_centro_custo" as "CC", "f"."nome" as "funcionario", "v"."key_funcionarios" as "matricula", "po"."descricao" as "Produto", "vi"."key_partnumber" as "Partnumber", "po"."op_ca" as "CA", "vi"."quantidade", (vi.valor) as Vl_Unit, "pe"."data_emissao" as "Data_Emissao", "fu"."nome" as "Solicitante", "fu"."matricula" as "smatricula", "pl"."localentrega" as "Local_Entrega"
FROM "vendas" "v"
JOIN "vendas_item" "vi" ON "v"."rm" = "vi"."key_vendas" AND "v"."item" = "vi"."key_vendas_item"
JOIN "funcionarios" "f" ON "v"."key_funcionarios" = "f"."matricula"
JOIN "produtos" "po" ON "vi"."key_produtos" = "po"."codigo"
JOIN "setor" "s" ON "s"."id_centro_custo" = "v"."id_centro_custo"
JOIN "pedidos" "pe" ON (pe.numero, pe.key_clientes) = (v.rm, v.key_clientes)
JOIN "pedidos_local" "pl" ON "pe"."numero" = "pl"."key_pedidos"
JOIN "usuario" "u" ON "pe"."key_usuario" = "u"."codigo"
JOIN "funcionarios" "fu" ON "fu"."matricula" = "u"."key_funcionarios" AND "pe"."id_depto" = "s"."id_depto"
JOIN "nota_fiscal" "nf" ON "v"."key_nota_fiscal" = "nf"."codigo" and "nf"."status" = 'EM'
WHERE CAST(v.rm AS int) BETWEEN0 AND 300
ORDER BY 2
 LIMIT 10
ERROR - 2019-10-29 15:07:19 --> 404 Page Not Found: Assets/js
ERROR - 2019-10-29 15:07:19 --> 404 Page Not Found: Assets/js
ERROR - 2019-10-29 15:07:20 --> 404 Page Not Found: Assets/js
ERROR - 2019-10-29 15:07:20 --> 404 Page Not Found: Assets/js
ERROR - 2019-10-29 15:07:24 --> Query error: ERRO:  erro de sintaxe em ou próximo a "BETWEEN20"
LINE 12: WHERE CAST(v.rm AS int) BETWEEN20 AND 300
                                 ^ - Invalid query: SELECT DISTINCT "v"."rm" as "requisicao", (cast(v.data_emissao as date), 2019-10-29) as Data_Entrega, (cast(nf.emissao as date), 2019-10-29) AS Data_Faturamento, "v"."id_centro_custo" as "CC", "f"."nome" as "funcionario", "v"."key_funcionarios" as "matricula", "po"."descricao" as "Produto", "vi"."key_partnumber" as "Partnumber", "po"."op_ca" as "CA", "vi"."quantidade", (vi.valor) as Vl_Unit, "pe"."data_emissao" as "Data_Emissao", "fu"."nome" as "Solicitante", "fu"."matricula" as "smatricula", "pl"."localentrega" as "Local_Entrega"
FROM "vendas" "v"
JOIN "vendas_item" "vi" ON "v"."rm" = "vi"."key_vendas" AND "v"."item" = "vi"."key_vendas_item"
JOIN "funcionarios" "f" ON "v"."key_funcionarios" = "f"."matricula"
JOIN "produtos" "po" ON "vi"."key_produtos" = "po"."codigo"
JOIN "setor" "s" ON "s"."id_centro_custo" = "v"."id_centro_custo"
JOIN "pedidos" "pe" ON (pe.numero, pe.key_clientes) = (v.rm, v.key_clientes)
JOIN "pedidos_local" "pl" ON "pe"."numero" = "pl"."key_pedidos"
JOIN "usuario" "u" ON "pe"."key_usuario" = "u"."codigo"
JOIN "funcionarios" "fu" ON "fu"."matricula" = "u"."key_funcionarios" AND "pe"."id_depto" = "s"."id_depto"
JOIN "nota_fiscal" "nf" ON "v"."key_nota_fiscal" = "nf"."codigo" and "nf"."status" = 'EM'
WHERE CAST(v.rm AS int) BETWEEN20 AND 300
ORDER BY 2
 LIMIT 10
ERROR - 2019-10-29 15:07:40 --> 404 Page Not Found: Assets/js
ERROR - 2019-10-29 15:07:40 --> 404 Page Not Found: Assets/js
ERROR - 2019-10-29 15:07:41 --> 404 Page Not Found: Assets/js
ERROR - 2019-10-29 15:07:41 --> 404 Page Not Found: Assets/js
ERROR - 2019-10-29 15:07:42 --> 404 Page Not Found: Assets/js
ERROR - 2019-10-29 15:07:42 --> 404 Page Not Found: Assets/js
ERROR - 2019-10-29 15:07:43 --> 404 Page Not Found: Assets/js
ERROR - 2019-10-29 15:07:43 --> 404 Page Not Found: Assets/js
ERROR - 2019-10-29 15:07:47 --> 404 Page Not Found: Assets/js
ERROR - 2019-10-29 15:07:47 --> 404 Page Not Found: Assets/js
ERROR - 2019-10-29 15:07:48 --> 404 Page Not Found: Assets/js
ERROR - 2019-10-29 15:07:48 --> 404 Page Not Found: Assets/js
ERROR - 2019-10-29 15:07:51 --> Query error: ERRO:  erro de sintaxe em ou próximo a "BETWEEN0"
LINE 12: WHERE CAST(v.rm AS int) BETWEEN0 AND 300
                                 ^ - Invalid query: SELECT DISTINCT "v"."rm" as "requisicao", (cast(v.data_emissao as date), 2019-10-29) as Data_Entrega, (cast(nf.emissao as date), 2019-10-29) AS Data_Faturamento, "v"."id_centro_custo" as "CC", "f"."nome" as "funcionario", "v"."key_funcionarios" as "matricula", "po"."descricao" as "Produto", "vi"."key_partnumber" as "Partnumber", "po"."op_ca" as "CA", "vi"."quantidade", (vi.valor) as Vl_Unit, "pe"."data_emissao" as "Data_Emissao", "fu"."nome" as "Solicitante", "fu"."matricula" as "smatricula", "pl"."localentrega" as "Local_Entrega"
FROM "vendas" "v"
JOIN "vendas_item" "vi" ON "v"."rm" = "vi"."key_vendas" AND "v"."item" = "vi"."key_vendas_item"
JOIN "funcionarios" "f" ON "v"."key_funcionarios" = "f"."matricula"
JOIN "produtos" "po" ON "vi"."key_produtos" = "po"."codigo"
JOIN "setor" "s" ON "s"."id_centro_custo" = "v"."id_centro_custo"
JOIN "pedidos" "pe" ON (pe.numero, pe.key_clientes) = (v.rm, v.key_clientes)
JOIN "pedidos_local" "pl" ON "pe"."numero" = "pl"."key_pedidos"
JOIN "usuario" "u" ON "pe"."key_usuario" = "u"."codigo"
JOIN "funcionarios" "fu" ON "fu"."matricula" = "u"."key_funcionarios" AND "pe"."id_depto" = "s"."id_depto"
JOIN "nota_fiscal" "nf" ON "v"."key_nota_fiscal" = "nf"."codigo" and "nf"."status" = 'EM'
WHERE CAST(v.rm AS int) BETWEEN0 AND 300
ORDER BY 2
 LIMIT 10
ERROR - 2019-10-29 15:10:07 --> 404 Page Not Found: Assets/js
ERROR - 2019-10-29 15:10:07 --> 404 Page Not Found: Assets/js
ERROR - 2019-10-29 15:10:10 --> Query error: ERRO:  erro de sintaxe em ou próximo a "BETWEEN0"
LINE 12: WHERE CAST(v.rm AS int) BETWEEN0 AND 300
                                 ^ - Invalid query: SELECT DISTINCT "v"."rm" as "requisicao", (cast(v.data_emissao as date), 2019-10-29) as Data_Entrega, (cast(nf.emissao as date), 2019-10-29) AS Data_Faturamento, "v"."id_centro_custo" as "CC", "f"."nome" as "funcionario", "v"."key_funcionarios" as "matricula", "po"."descricao" as "Produto", "vi"."key_partnumber" as "Partnumber", "po"."op_ca" as "CA", "vi"."quantidade", (vi.valor) as Vl_Unit, "pe"."data_emissao" as "Data_Emissao", "fu"."nome" as "Solicitante", "fu"."matricula" as "smatricula", "pl"."localentrega" as "Local_Entrega"
FROM "vendas" "v"
JOIN "vendas_item" "vi" ON "v"."rm" = "vi"."key_vendas" AND "v"."item" = "vi"."key_vendas_item"
JOIN "funcionarios" "f" ON "v"."key_funcionarios" = "f"."matricula"
JOIN "produtos" "po" ON "vi"."key_produtos" = "po"."codigo"
JOIN "setor" "s" ON "s"."id_centro_custo" = "v"."id_centro_custo"
JOIN "pedidos" "pe" ON (pe.numero, pe.key_clientes) = (v.rm, v.key_clientes)
JOIN "pedidos_local" "pl" ON "pe"."numero" = "pl"."key_pedidos"
JOIN "usuario" "u" ON "pe"."key_usuario" = "u"."codigo"
JOIN "funcionarios" "fu" ON "fu"."matricula" = "u"."key_funcionarios" AND "pe"."id_depto" = "s"."id_depto"
JOIN "nota_fiscal" "nf" ON "v"."key_nota_fiscal" = "nf"."codigo" and "nf"."status" = 'EM'
WHERE CAST(v.rm AS int) BETWEEN0 AND 300
ORDER BY 2
 LIMIT 10
ERROR - 2019-10-29 15:10:37 --> 404 Page Not Found: Assets/js
ERROR - 2019-10-29 15:10:37 --> 404 Page Not Found: Assets/js
ERROR - 2019-10-29 15:10:42 --> Query error: ERRO:  erro de sintaxe em ou próximo a "BETWEEN0"
LINE 12: WHERE CAST(v.rm AS int) BETWEEN0 AND 300
                                 ^ - Invalid query: SELECT DISTINCT "v"."rm" as "requisicao", (cast(v.data_emissao as date), 2019-10-29) as Data_Entrega, (cast(nf.emissao as date), 2019-10-29) AS Data_Faturamento, "v"."id_centro_custo" as "CC", "f"."nome" as "funcionario", "v"."key_funcionarios" as "matricula", "po"."descricao" as "Produto", "vi"."key_partnumber" as "Partnumber", "po"."op_ca" as "CA", "vi"."quantidade", (vi.valor) as Vl_Unit, "pe"."data_emissao" as "Data_Emissao", "fu"."nome" as "Solicitante", "fu"."matricula" as "smatricula", "pl"."localentrega" as "Local_Entrega"
FROM "vendas" "v"
JOIN "vendas_item" "vi" ON "v"."rm" = "vi"."key_vendas" AND "v"."item" = "vi"."key_vendas_item"
JOIN "funcionarios" "f" ON "v"."key_funcionarios" = "f"."matricula"
JOIN "produtos" "po" ON "vi"."key_produtos" = "po"."codigo"
JOIN "setor" "s" ON "s"."id_centro_custo" = "v"."id_centro_custo"
JOIN "pedidos" "pe" ON (pe.numero, pe.key_clientes) = (v.rm, v.key_clientes)
JOIN "pedidos_local" "pl" ON "pe"."numero" = "pl"."key_pedidos"
JOIN "usuario" "u" ON "pe"."key_usuario" = "u"."codigo"
JOIN "funcionarios" "fu" ON "fu"."matricula" = "u"."key_funcionarios" AND "pe"."id_depto" = "s"."id_depto"
JOIN "nota_fiscal" "nf" ON "v"."key_nota_fiscal" = "nf"."codigo" and "nf"."status" = 'EM'
WHERE CAST(v.rm AS int) BETWEEN0 AND 300
ORDER BY 2
 LIMIT 10
ERROR - 2019-10-29 15:10:56 --> 404 Page Not Found: Assets/js
ERROR - 2019-10-29 15:10:56 --> 404 Page Not Found: Assets/js
ERROR - 2019-10-29 15:11:00 --> Query error: ERRO:  erro de sintaxe em ou próximo a ")"
LINE 12: WHERE CAST(v.rm) BETWEEN0 AND 300
                        ^ - Invalid query: SELECT DISTINCT "v"."rm" as "requisicao", (cast(v.data_emissao as date), 2019-10-29) as Data_Entrega, (cast(nf.emissao as date), 2019-10-29) AS Data_Faturamento, "v"."id_centro_custo" as "CC", "f"."nome" as "funcionario", "v"."key_funcionarios" as "matricula", "po"."descricao" as "Produto", "vi"."key_partnumber" as "Partnumber", "po"."op_ca" as "CA", "vi"."quantidade", (vi.valor) as Vl_Unit, "pe"."data_emissao" as "Data_Emissao", "fu"."nome" as "Solicitante", "fu"."matricula" as "smatricula", "pl"."localentrega" as "Local_Entrega"
FROM "vendas" "v"
JOIN "vendas_item" "vi" ON "v"."rm" = "vi"."key_vendas" AND "v"."item" = "vi"."key_vendas_item"
JOIN "funcionarios" "f" ON "v"."key_funcionarios" = "f"."matricula"
JOIN "produtos" "po" ON "vi"."key_produtos" = "po"."codigo"
JOIN "setor" "s" ON "s"."id_centro_custo" = "v"."id_centro_custo"
JOIN "pedidos" "pe" ON (pe.numero, pe.key_clientes) = (v.rm, v.key_clientes)
JOIN "pedidos_local" "pl" ON "pe"."numero" = "pl"."key_pedidos"
JOIN "usuario" "u" ON "pe"."key_usuario" = "u"."codigo"
JOIN "funcionarios" "fu" ON "fu"."matricula" = "u"."key_funcionarios" AND "pe"."id_depto" = "s"."id_depto"
JOIN "nota_fiscal" "nf" ON "v"."key_nota_fiscal" = "nf"."codigo" and "nf"."status" = 'EM'
WHERE CAST(v.rm) BETWEEN0 AND 300
ORDER BY 2
 LIMIT 10
ERROR - 2019-10-29 15:11:29 --> 404 Page Not Found: Assets/js
ERROR - 2019-10-29 15:11:29 --> 404 Page Not Found: Assets/js
ERROR - 2019-10-29 15:11:34 --> Query error: ERRO:  sintaxe de entrada é inválida para integer: "" - Invalid query: SELECT DISTINCT "v"."rm" as "requisicao", (cast(v.data_emissao as date), 2019-10-29) as Data_Entrega, (cast(nf.emissao as date), 2019-10-29) AS Data_Faturamento, "v"."id_centro_custo" as "CC", "f"."nome" as "funcionario", "v"."key_funcionarios" as "matricula", "po"."descricao" as "Produto", "vi"."key_partnumber" as "Partnumber", "po"."op_ca" as "CA", "vi"."quantidade", (vi.valor) as Vl_Unit, "pe"."data_emissao" as "Data_Emissao", "fu"."nome" as "Solicitante", "fu"."matricula" as "smatricula", "pl"."localentrega" as "Local_Entrega"
FROM "vendas" "v"
JOIN "vendas_item" "vi" ON "v"."rm" = "vi"."key_vendas" AND "v"."item" = "vi"."key_vendas_item"
JOIN "funcionarios" "f" ON "v"."key_funcionarios" = "f"."matricula"
JOIN "produtos" "po" ON "vi"."key_produtos" = "po"."codigo"
JOIN "setor" "s" ON "s"."id_centro_custo" = "v"."id_centro_custo"
JOIN "pedidos" "pe" ON (pe.numero, pe.key_clientes) = (v.rm, v.key_clientes)
JOIN "pedidos_local" "pl" ON "pe"."numero" = "pl"."key_pedidos"
JOIN "usuario" "u" ON "pe"."key_usuario" = "u"."codigo"
JOIN "funcionarios" "fu" ON "fu"."matricula" = "u"."key_funcionarios" AND "pe"."id_depto" = "s"."id_depto"
JOIN "nota_fiscal" "nf" ON "v"."key_nota_fiscal" = "nf"."codigo" and "nf"."status" = 'EM'
WHERE CAST(v.rm AS int) >= '0'
ORDER BY 2
 LIMIT 10
ERROR - 2019-10-29 15:12:16 --> 404 Page Not Found: Assets/js
ERROR - 2019-10-29 15:12:16 --> 404 Page Not Found: Assets/js
ERROR - 2019-10-29 15:12:19 --> Query error: ERRO:  sintaxe de entrada é inválida para integer: "" - Invalid query: SELECT DISTINCT "v"."rm" as "requisicao", (cast(v.data_emissao as date), 2019-10-29) as Data_Entrega, (cast(nf.emissao as date), 2019-10-29) AS Data_Faturamento, "v"."id_centro_custo" as "CC", "f"."nome" as "funcionario", "v"."key_funcionarios" as "matricula", "po"."descricao" as "Produto", "vi"."key_partnumber" as "Partnumber", "po"."op_ca" as "CA", "vi"."quantidade", (vi.valor) as Vl_Unit, "pe"."data_emissao" as "Data_Emissao", "fu"."nome" as "Solicitante", "fu"."matricula" as "smatricula", "pl"."localentrega" as "Local_Entrega"
FROM "vendas" "v"
JOIN "vendas_item" "vi" ON "v"."rm" = "vi"."key_vendas" AND "v"."item" = "vi"."key_vendas_item"
JOIN "funcionarios" "f" ON "v"."key_funcionarios" = "f"."matricula"
JOIN "produtos" "po" ON "vi"."key_produtos" = "po"."codigo"
JOIN "setor" "s" ON "s"."id_centro_custo" = "v"."id_centro_custo"
JOIN "pedidos" "pe" ON (pe.numero, pe.key_clientes) = (v.rm, v.key_clientes)
JOIN "pedidos_local" "pl" ON "pe"."numero" = "pl"."key_pedidos"
JOIN "usuario" "u" ON "pe"."key_usuario" = "u"."codigo"
JOIN "funcionarios" "fu" ON "fu"."matricula" = "u"."key_funcionarios" AND "pe"."id_depto" = "s"."id_depto"
JOIN "nota_fiscal" "nf" ON "v"."key_nota_fiscal" = "nf"."codigo" and "nf"."status" = 'EM'
WHERE CAST(v.rm AS int) >=0
ORDER BY 2
 LIMIT 10
ERROR - 2019-10-29 15:15:09 --> 404 Page Not Found: Assets/js
ERROR - 2019-10-29 15:15:09 --> 404 Page Not Found: Assets/js
ERROR - 2019-10-29 15:15:20 --> 404 Page Not Found: Assets/js
ERROR - 2019-10-29 15:15:20 --> 404 Page Not Found: Assets/js
ERROR - 2019-10-29 15:16:07 --> 404 Page Not Found: Assets/js
ERROR - 2019-10-29 15:16:07 --> 404 Page Not Found: Assets/js
ERROR - 2019-10-29 15:16:08 --> 404 Page Not Found: Assets/js
ERROR - 2019-10-29 15:16:08 --> 404 Page Not Found: Assets/js
ERROR - 2019-10-29 15:16:15 --> 404 Page Not Found: Assets/js
ERROR - 2019-10-29 15:16:15 --> 404 Page Not Found: Assets/js
ERROR - 2019-10-29 15:29:15 --> 404 Page Not Found: Assets/js
ERROR - 2019-10-29 15:29:15 --> 404 Page Not Found: Assets/js
ERROR - 2019-10-29 15:29:19 --> 404 Page Not Found: Assets/js
ERROR - 2019-10-29 15:29:19 --> 404 Page Not Found: Assets/js
ERROR - 2019-10-29 15:29:20 --> 404 Page Not Found: Assets/js
ERROR - 2019-10-29 15:29:20 --> 404 Page Not Found: Assets/js
ERROR - 2019-10-29 15:29:22 --> 404 Page Not Found: Assets/js
ERROR - 2019-10-29 15:29:22 --> 404 Page Not Found: Assets/js
ERROR - 2019-10-29 15:30:25 --> 404 Page Not Found: Assets/js
ERROR - 2019-10-29 15:30:25 --> 404 Page Not Found: Assets/js
ERROR - 2019-10-29 15:30:25 --> Query error: ERRO:  relação "funcion2arios" não existe
LINE 3: JOIN "funcion2arios" "f" ON "f"."matricula" = "pe"."key_func...
             ^ - Invalid query: SELECT CAST(pe.numero AS INTEGER) as numero, "f"."nome", "pe"."data_emissao", "pe"."status", "pe"."obs", "pe"."aprovar", "pe"."entrega_turno" AS "turno", "pe"."entrega_local" AS "entrega", "fs"."nome" AS "solicitante", "fa"."nome" AS "aprovador", "pe"."id_centro_custo" AS "cc", "s"."nome" AS "setor"
FROM "pedidos" "pe"
JOIN "funcion2arios" "f" ON "f"."matricula" = "pe"."key_funcionarios"
JOIN "funcionarios" "fa" ON "fa"."matricula" = "pe"."key_funcionarios_aprovador"
JOIN "funcionarios" "fs" ON "fs"."matricula" = "pe"."key_funcionarios_solicitante"
JOIN "setor" "s" ON "s"."id_centro_custo" = "pe"."id_centro_custo" AND "s"."id_depto" = "pe"."id_depto"
WHERE "pe"."key_funcionarios_solicitante" = '33017702'
ORDER BY "numero" DESC
 LIMIT 10
ERROR - 2019-10-29 15:30:40 --> Query error: ERRO:  relação "funcion2arios" não existe
LINE 3: JOIN "funcion2arios" "f" ON "f"."matricula" = "pe"."key_func...
             ^ - Invalid query: SELECT CAST(pe.numero AS INTEGER) as numero, "f"."nome", "pe"."data_emissao", "pe"."status", "pe"."obs", "pe"."aprovar", "pe"."entrega_turno" AS "turno", "pe"."entrega_local" AS "entrega", "fs"."nome" AS "solicitante", "fa"."nome" AS "aprovador", "pe"."id_centro_custo" AS "cc", "s"."nome" AS "setor"
FROM "pedidos" "pe"
JOIN "funcion2arios" "f" ON "f"."matricula" = "pe"."key_funcionarios"
JOIN "funcionarios" "fa" ON "fa"."matricula" = "pe"."key_funcionarios_aprovador"
JOIN "funcionarios" "fs" ON "fs"."matricula" = "pe"."key_funcionarios_solicitante"
JOIN "setor" "s" ON "s"."id_centro_custo" = "pe"."id_centro_custo" AND "s"."id_depto" = "pe"."id_depto"
WHERE CAST(numero AS INTEGER) >= '0'
AND CAST(numero AS INTEGER) <= '69000'
AND "pe"."key_funcionarios_solicitante" = '33017702'
ORDER BY "numero" DESC
 LIMIT 10
ERROR - 2019-10-29 15:32:37 --> 404 Page Not Found: Assets/js
ERROR - 2019-10-29 15:32:37 --> 404 Page Not Found: Assets/js
ERROR - 2019-10-29 15:32:38 --> Query error: ERRO:  relação "funcion2arios" não existe
LINE 3: JOIN "funcion2arios" "f" ON "f"."matricula" = "pe"."key_func...
             ^ - Invalid query: SELECT CAST(pe.numero AS INTEGER) as numero, "f"."nome", "pe"."data_emissao", "pe"."status", "pe"."obs", "pe"."aprovar", "pe"."entrega_turno" AS "turno", "pe"."entrega_local" AS "entrega", "fs"."nome" AS "solicitante", "fa"."nome" AS "aprovador", "pe"."id_centro_custo" AS "cc", "s"."nome" AS "setor"
FROM "pedidos" "pe"
JOIN "funcion2arios" "f" ON "f"."matricula" = "pe"."key_funcionarios"
JOIN "funcionarios" "fa" ON "fa"."matricula" = "pe"."key_funcionarios_aprovador"
JOIN "funcionarios" "fs" ON "fs"."matricula" = "pe"."key_funcionarios_solicitante"
JOIN "setor" "s" ON "s"."id_centro_custo" = "pe"."id_centro_custo" AND "s"."id_depto" = "pe"."id_depto"
WHERE "pe"."key_funcionarios_solicitante" = '33017702'
ORDER BY "numero" DESC
 LIMIT 10
ERROR - 2019-10-29 16:00:35 --> 404 Page Not Found: Assets/js
ERROR - 2019-10-29 16:00:35 --> 404 Page Not Found: Assets/js
ERROR - 2019-10-29 16:24:21 --> 404 Page Not Found: Assets/js
ERROR - 2019-10-29 16:24:21 --> 404 Page Not Found: Assets/js
ERROR - 2019-10-29 16:24:51 --> 404 Page Not Found: Assets/js
ERROR - 2019-10-29 16:24:51 --> 404 Page Not Found: Assets/js
ERROR - 2019-10-29 16:25:02 --> Severity: Warning --> Unknown: Cannot call session save handler in a recursive manner Unknown 0
ERROR - 2019-10-29 16:25:15 --> 404 Page Not Found: Assets/js
ERROR - 2019-10-29 16:25:15 --> 404 Page Not Found: Assets/js
ERROR - 2019-10-29 16:25:37 --> 404 Page Not Found: Assets/js
ERROR - 2019-10-29 16:25:37 --> 404 Page Not Found: Assets/js
