ERROR - 2019-09-16 01:01:59 --> 404 Page Not Found: Assets/js
ERROR - 2019-09-16 01:01:59 --> 404 Page Not Found: Assets/js
ERROR - 2019-09-16 01:02:18 --> 404 Page Not Found: Assets/js
ERROR - 2019-09-16 01:02:18 --> 404 Page Not Found: Assets/js
ERROR - 2019-09-16 01:02:26 --> Severity: Notice --> Undefined variable: id C:\wamp64\www\webpedidos\application\models\usuario\Usuario_model.php 249
ERROR - 2019-09-16 01:02:26 --> Query error: ERRO:  relação "mytable" não existe
LINE 1: UPDATE "mytable" SET "grupoacessoid" = '2'
               ^ - Invalid query: UPDATE "mytable" SET "grupoacessoid" = '2'
WHERE "id" IS NULL
ERROR - 2019-09-16 01:04:54 --> 404 Page Not Found: Assets/js
ERROR - 2019-09-16 01:04:54 --> 404 Page Not Found: Assets/js
ERROR - 2019-09-16 01:05:03 --> Severity: Notice --> Undefined variable: id C:\wamp64\www\webpedidos\application\models\usuario\Usuario_model.php 249
ERROR - 2019-09-16 01:05:03 --> Query error: ERRO:  relação "mytable" não existe
LINE 1: UPDATE "mytable" SET "grupoacessoid" = '1'
               ^ - Invalid query: UPDATE "mytable" SET "grupoacessoid" = '1'
WHERE "id" IS NULL
ERROR - 2019-09-16 01:23:16 --> 404 Page Not Found: Assets/js
ERROR - 2019-09-16 01:23:16 --> 404 Page Not Found: Assets/js
ERROR - 2019-09-16 01:23:29 --> Severity: Notice --> Undefined variable: id C:\wamp64\www\webpedidos\application\models\usuario\Usuario_model.php 249
ERROR - 2019-09-16 01:23:29 --> Query error: ERRO:  relação "mytable" não existe
LINE 1: UPDATE "mytable" SET "grupoacessoid" = '3', "novoRel_aprovac...
               ^ - Invalid query: UPDATE "mytable" SET "grupoacessoid" = '3', "novoRel_aprovacao" = 'false', "novoRel_comparacao" = 'false', "novoRel_consumo" = 'false'
WHERE "id" IS NULL
ERROR - 2019-09-16 01:24:54 --> 404 Page Not Found: Assets/js
ERROR - 2019-09-16 01:24:54 --> 404 Page Not Found: Assets/js
ERROR - 2019-09-16 01:25:04 --> 404 Page Not Found: Assets/js
ERROR - 2019-09-16 01:25:04 --> 404 Page Not Found: Assets/js
ERROR - 2019-09-16 01:25:25 --> 404 Page Not Found: Assets/js
ERROR - 2019-09-16 01:25:25 --> 404 Page Not Found: Assets/js
ERROR - 2019-09-16 01:25:40 --> Severity: Notice --> Undefined variable: id C:\wamp64\www\webpedidos\application\models\usuario\Usuario_model.php 249
ERROR - 2019-09-16 01:25:40 --> Query error: ERRO:  relação "mytable" não existe
LINE 1: UPDATE "mytable" SET "grupoacessoid" = '2', "novoRel_aprovac...
               ^ - Invalid query: UPDATE "mytable" SET "grupoacessoid" = '2', "novoRel_aprovacao" = 'false', "novoRel_comparacao" = 'false', "novoRel_consumo" = 'false'
WHERE "id" IS NULL
ERROR - 2019-09-16 01:27:11 --> 404 Page Not Found: Assets/js
ERROR - 2019-09-16 01:27:12 --> 404 Page Not Found: Assets/js
ERROR - 2019-09-16 01:28:16 --> 404 Page Not Found: Assets/js
ERROR - 2019-09-16 01:28:16 --> 404 Page Not Found: Assets/js
ERROR - 2019-09-16 01:28:29 --> 404 Page Not Found: Assets/js
ERROR - 2019-09-16 01:28:29 --> 404 Page Not Found: Assets/js
ERROR - 2019-09-16 01:28:41 --> Severity: Notice --> Undefined variable: id C:\wamp64\www\webpedidos\application\models\usuario\Usuario_model.php 254
ERROR - 2019-09-16 01:28:41 --> Query error: ERRO:  relação "mytable" não existe
LINE 1: UPDATE "mytable" SET "grupoacessoid" = '1', "novoRel_aprovac...
               ^ - Invalid query: UPDATE "mytable" SET "grupoacessoid" = '1', "novoRel_aprovacao" = 'false', "novoRel_comparacao" = 'false', "novoRel_consumo" = 'false'
WHERE "id" IS NULL
ERROR - 2019-09-16 01:30:19 --> 404 Page Not Found: Assets/js
ERROR - 2019-09-16 01:30:19 --> 404 Page Not Found: Assets/js
ERROR - 2019-09-16 01:31:35 --> 404 Page Not Found: Assets/js
ERROR - 2019-09-16 01:31:35 --> 404 Page Not Found: Assets/js
ERROR - 2019-09-16 01:31:44 --> Severity: Notice --> Undefined variable: id C:\wamp64\www\webpedidos\application\models\usuario\Usuario_model.php 258
ERROR - 2019-09-16 01:31:44 --> Query error: ERRO:  relação "mytable" não existe
LINE 1: UPDATE "mytable" SET "grupoacessoid" = '2', "novoRel_aprovac...
               ^ - Invalid query: UPDATE "mytable" SET "grupoacessoid" = '2', "novoRel_aprovacao" = 'false', "novoRel_comparacao" = 'false', "novoRel_consumo" = 'false'
WHERE "id" IS NULL
ERROR - 2019-09-16 01:32:06 --> 404 Page Not Found: Assets/js
ERROR - 2019-09-16 01:32:06 --> 404 Page Not Found: Assets/js
ERROR - 2019-09-16 01:32:15 --> Severity: Notice --> Undefined variable: id C:\wamp64\www\webpedidos\application\models\usuario\Usuario_model.php 258
ERROR - 2019-09-16 01:32:15 --> Query error: ERRO:  relação "mytable" não existe
LINE 1: UPDATE "mytable" SET "grupoacessoid" = '2', "novoRel_aprovac...
               ^ - Invalid query: UPDATE "mytable" SET "grupoacessoid" = '2', "novoRel_aprovacao" = 'false', "novoRel_comparacao" = 'false', "novoRel_consumo" = 'false'
WHERE "id" IS NULL
ERROR - 2019-09-16 01:32:49 --> 404 Page Not Found: Assets/js
ERROR - 2019-09-16 01:32:49 --> 404 Page Not Found: Assets/js
ERROR - 2019-09-16 01:32:51 --> Severity: error --> Exception: syntax error, unexpected '=' C:\wamp64\www\webpedidos\application\models\usuario\Usuario_model.php 234
ERROR - 2019-09-16 01:33:16 --> 404 Page Not Found: Assets/js
ERROR - 2019-09-16 01:33:16 --> 404 Page Not Found: Assets/js
ERROR - 2019-09-16 01:33:20 --> 404 Page Not Found: Assets/js
ERROR - 2019-09-16 01:33:20 --> 404 Page Not Found: Assets/js
ERROR - 2019-09-16 01:33:22 --> 404 Page Not Found: Assets/js
ERROR - 2019-09-16 01:33:22 --> 404 Page Not Found: Assets/js
ERROR - 2019-09-16 01:33:23 --> Severity: error --> Exception: syntax error, unexpected '=' C:\wamp64\www\webpedidos\application\models\usuario\Usuario_model.php 234
ERROR - 2019-09-16 01:33:36 --> Severity: error --> Exception: syntax error, unexpected '=' C:\wamp64\www\webpedidos\application\models\usuario\Usuario_model.php 234
ERROR - 2019-09-16 01:33:38 --> Severity: error --> Exception: syntax error, unexpected '=' C:\wamp64\www\webpedidos\application\models\usuario\Usuario_model.php 234
ERROR - 2019-09-16 01:33:56 --> 404 Page Not Found: Assets/js
ERROR - 2019-09-16 01:33:56 --> 404 Page Not Found: Assets/js
ERROR - 2019-09-16 01:34:05 --> Severity: Notice --> Undefined variable: id C:\wamp64\www\webpedidos\application\models\usuario\Usuario_model.php 258
ERROR - 2019-09-16 01:34:05 --> Query error: ERRO:  relação "mytable" não existe
LINE 1: UPDATE "mytable" SET "grupoacessoid" = '3', "novoRel_aprovac...
               ^ - Invalid query: UPDATE "mytable" SET "grupoacessoid" = '3', "novoRel_aprovacao" = 'false', "novoRel_comparacao" = 'false', "novoRel_consumo" = 'false'
WHERE "id" IS NULL
ERROR - 2019-09-16 01:35:48 --> 404 Page Not Found: Assets/js
ERROR - 2019-09-16 01:35:48 --> 404 Page Not Found: Assets/js
ERROR - 2019-09-16 01:36:02 --> Severity: Notice --> Undefined variable: id C:\wamp64\www\webpedidos\application\models\usuario\Usuario_model.php 258
ERROR - 2019-09-16 01:36:02 --> Query error: ERRO:  relação "mytable" não existe
LINE 1: UPDATE "mytable" SET "grupoacessoid" = '2', "novoRel_aprovac...
               ^ - Invalid query: UPDATE "mytable" SET "grupoacessoid" = '2', "novoRel_aprovacao" = 'false', "novoRel_comparacao" = 'false', "novoRel_consumo" = 'false'
WHERE "id" IS NULL
ERROR - 2019-09-16 01:37:55 --> 404 Page Not Found: Assets/js
ERROR - 2019-09-16 01:37:55 --> 404 Page Not Found: Assets/js
ERROR - 2019-09-16 01:38:45 --> Severity: Notice --> Undefined variable: id C:\wamp64\www\webpedidos\application\models\usuario\Usuario_model.php 258
ERROR - 2019-09-16 01:38:45 --> Query error: ERRO:  relação "mytable" não existe
LINE 1: UPDATE "mytable" SET "grupoacessoid" = '1', "novoRel_aprovac...
               ^ - Invalid query: UPDATE "mytable" SET "grupoacessoid" = '1', "novoRel_aprovacao" = 'false', "novoRel_comparacao" = 'false', "novoRel_consumo" = 'false'
WHERE "id" IS NULL
ERROR - 2019-09-16 01:39:01 --> 404 Page Not Found: Assets/js
ERROR - 2019-09-16 01:39:01 --> 404 Page Not Found: Assets/js
ERROR - 2019-09-16 01:40:30 --> 404 Page Not Found: Assets/js
ERROR - 2019-09-16 01:40:30 --> 404 Page Not Found: Assets/js
ERROR - 2019-09-16 01:40:50 --> Severity: Notice --> Undefined variable: id C:\wamp64\www\webpedidos\application\models\usuario\Usuario_model.php 258
ERROR - 2019-09-16 01:40:50 --> Query error: ERRO:  relação "mytable" não existe
LINE 1: UPDATE "mytable" SET "grupoacessoid" = '2', "novoRel_aprovac...
               ^ - Invalid query: UPDATE "mytable" SET "grupoacessoid" = '2', "novoRel_aprovacao" = 'false'
WHERE "id" IS NULL
ERROR - 2019-09-16 01:50:02 --> Severity: Notice --> Undefined variable: id C:\wamp64\www\webpedidos\application\models\usuario\Usuario_model.php 258
ERROR - 2019-09-16 01:50:02 --> Query error: ERRO:  relação "mytable" não existe
LINE 1: UPDATE "mytable" SET "grupoacessoid" = '2'
               ^ - Invalid query: UPDATE "mytable" SET "grupoacessoid" = '2'
WHERE "id" IS NULL
ERROR - 2019-09-16 01:50:09 --> 404 Page Not Found: Assets/js
ERROR - 2019-09-16 01:50:09 --> 404 Page Not Found: Assets/js
ERROR - 2019-09-16 01:53:03 --> 404 Page Not Found: Assets/js
ERROR - 2019-09-16 01:53:03 --> 404 Page Not Found: Assets/js
ERROR - 2019-09-16 01:53:15 --> Severity: Notice --> Undefined variable: id C:\wamp64\www\webpedidos\application\models\usuario\Usuario_model.php 258
ERROR - 2019-09-16 01:53:15 --> Query error: ERRO:  relação "mytable" não existe
LINE 1: UPDATE "mytable" SET "grupoacessoid" = '1', "novoRel_aprovac...
               ^ - Invalid query: UPDATE "mytable" SET "grupoacessoid" = '1', "novoRel_aprovacao" = 'false'
WHERE "id" IS NULL
ERROR - 2019-09-16 01:53:41 --> 404 Page Not Found: Assets/js
ERROR - 2019-09-16 01:53:41 --> 404 Page Not Found: Assets/js
ERROR - 2019-09-16 01:53:53 --> Severity: Notice --> Undefined variable: id C:\wamp64\www\webpedidos\application\models\usuario\Usuario_model.php 258
ERROR - 2019-09-16 01:53:53 --> Query error: ERRO:  relação "mytable" não existe
LINE 1: UPDATE "mytable" SET "novoRel_aprovacao" = 'false'
               ^ - Invalid query: UPDATE "mytable" SET "novoRel_aprovacao" = 'false'
WHERE "id" IS NULL
ERROR - 2019-09-16 01:56:30 --> 404 Page Not Found: Assets/js
ERROR - 2019-09-16 01:56:30 --> 404 Page Not Found: Assets/js
ERROR - 2019-09-16 01:56:37 --> Query error: ERRO:  coluna "id" não existe
LINE 2: WHERE "id" = 'HAHAHA'
              ^ - Invalid query: UPDATE "web_login" SET "grupoacessoid" = '2', "novoRel_comparacao" = 'false'
WHERE "id" = 'HAHAHA'
ERROR - 2019-09-16 02:05:39 --> 404 Page Not Found: Assets/js
ERROR - 2019-09-16 02:05:39 --> 404 Page Not Found: Assets/js
ERROR - 2019-09-16 02:08:47 --> 404 Page Not Found: Assets/js
ERROR - 2019-09-16 02:08:47 --> 404 Page Not Found: Assets/js
ERROR - 2019-09-16 02:08:52 --> Severity: error --> Exception: syntax error, unexpected ''email'' (T_CONSTANT_ENCAPSED_STRING), expecting ')' C:\wamp64\www\webpedidos\application\controllers\funcionario\Funcionario.php 40
ERROR - 2019-09-16 02:09:28 --> 404 Page Not Found: Assets/js
ERROR - 2019-09-16 02:09:28 --> 404 Page Not Found: Assets/js
ERROR - 2019-09-16 02:09:33 --> Severity: Notice --> Undefined property: stdClass::$email C:\wamp64\www\webpedidos\application\controllers\funcionario\Funcionario.php 40
ERROR - 2019-09-16 02:09:33 --> Severity: Notice --> Undefined property: stdClass::$email C:\wamp64\www\webpedidos\application\controllers\funcionario\Funcionario.php 40
ERROR - 2019-09-16 02:09:33 --> Severity: Notice --> Undefined property: stdClass::$email C:\wamp64\www\webpedidos\application\controllers\funcionario\Funcionario.php 40
ERROR - 2019-09-16 02:09:33 --> Severity: Notice --> Undefined property: stdClass::$email C:\wamp64\www\webpedidos\application\controllers\funcionario\Funcionario.php 40
ERROR - 2019-09-16 02:09:33 --> Severity: Notice --> Undefined property: stdClass::$email C:\wamp64\www\webpedidos\application\controllers\funcionario\Funcionario.php 40
ERROR - 2019-09-16 02:09:33 --> Severity: Notice --> Undefined property: stdClass::$email C:\wamp64\www\webpedidos\application\controllers\funcionario\Funcionario.php 40
ERROR - 2019-09-16 02:09:33 --> Severity: Notice --> Undefined property: stdClass::$email C:\wamp64\www\webpedidos\application\controllers\funcionario\Funcionario.php 40
ERROR - 2019-09-16 02:09:33 --> Severity: Notice --> Undefined property: stdClass::$email C:\wamp64\www\webpedidos\application\controllers\funcionario\Funcionario.php 40
ERROR - 2019-09-16 02:09:33 --> Severity: Notice --> Undefined property: stdClass::$email C:\wamp64\www\webpedidos\application\controllers\funcionario\Funcionario.php 40
ERROR - 2019-09-16 02:09:33 --> Severity: Notice --> Undefined property: stdClass::$email C:\wamp64\www\webpedidos\application\controllers\funcionario\Funcionario.php 40
ERROR - 2019-09-16 02:27:12 --> 404 Page Not Found: Assets/js
ERROR - 2019-09-16 02:27:12 --> 404 Page Not Found: Assets/js
ERROR - 2019-09-16 02:27:34 --> Severity: Notice --> Undefined property: stdClass::$email C:\wamp64\www\webpedidos\application\controllers\funcionario\Funcionario.php 40
ERROR - 2019-09-16 02:27:34 --> Severity: Notice --> Undefined property: stdClass::$email C:\wamp64\www\webpedidos\application\controllers\funcionario\Funcionario.php 40
ERROR - 2019-09-16 02:27:34 --> Severity: Notice --> Undefined property: stdClass::$email C:\wamp64\www\webpedidos\application\controllers\funcionario\Funcionario.php 40
ERROR - 2019-09-16 02:27:34 --> Severity: Notice --> Undefined property: stdClass::$email C:\wamp64\www\webpedidos\application\controllers\funcionario\Funcionario.php 40
ERROR - 2019-09-16 02:27:34 --> Severity: Notice --> Undefined property: stdClass::$email C:\wamp64\www\webpedidos\application\controllers\funcionario\Funcionario.php 40
ERROR - 2019-09-16 02:27:34 --> Severity: Notice --> Undefined property: stdClass::$email C:\wamp64\www\webpedidos\application\controllers\funcionario\Funcionario.php 40
ERROR - 2019-09-16 02:27:35 --> Severity: Notice --> Undefined property: stdClass::$email C:\wamp64\www\webpedidos\application\controllers\funcionario\Funcionario.php 40
ERROR - 2019-09-16 02:27:35 --> Severity: Notice --> Undefined property: stdClass::$email C:\wamp64\www\webpedidos\application\controllers\funcionario\Funcionario.php 40
ERROR - 2019-09-16 02:27:35 --> Severity: Notice --> Undefined property: stdClass::$email C:\wamp64\www\webpedidos\application\controllers\funcionario\Funcionario.php 40
ERROR - 2019-09-16 02:27:35 --> Severity: Notice --> Undefined property: stdClass::$email C:\wamp64\www\webpedidos\application\controllers\funcionario\Funcionario.php 40
ERROR - 2019-09-16 02:29:43 --> 404 Page Not Found: Assets/js
ERROR - 2019-09-16 02:29:43 --> 404 Page Not Found: Assets/js
ERROR - 2019-09-16 02:29:48 --> Severity: Notice --> Undefined property: stdClass::$email C:\wamp64\www\webpedidos\application\controllers\funcionario\Funcionario.php 40
ERROR - 2019-09-16 02:29:48 --> Severity: Notice --> Undefined property: stdClass::$email C:\wamp64\www\webpedidos\application\controllers\funcionario\Funcionario.php 40
ERROR - 2019-09-16 02:29:48 --> Severity: Notice --> Undefined property: stdClass::$email C:\wamp64\www\webpedidos\application\controllers\funcionario\Funcionario.php 40
ERROR - 2019-09-16 02:29:48 --> Severity: Notice --> Undefined property: stdClass::$email C:\wamp64\www\webpedidos\application\controllers\funcionario\Funcionario.php 40
ERROR - 2019-09-16 02:29:48 --> Severity: Notice --> Undefined property: stdClass::$email C:\wamp64\www\webpedidos\application\controllers\funcionario\Funcionario.php 40
ERROR - 2019-09-16 02:29:48 --> Severity: Notice --> Undefined property: stdClass::$email C:\wamp64\www\webpedidos\application\controllers\funcionario\Funcionario.php 40
ERROR - 2019-09-16 02:29:48 --> Severity: Notice --> Undefined property: stdClass::$email C:\wamp64\www\webpedidos\application\controllers\funcionario\Funcionario.php 40
ERROR - 2019-09-16 02:29:48 --> Severity: Notice --> Undefined property: stdClass::$email C:\wamp64\www\webpedidos\application\controllers\funcionario\Funcionario.php 40
ERROR - 2019-09-16 02:29:48 --> Severity: Notice --> Undefined property: stdClass::$email C:\wamp64\www\webpedidos\application\controllers\funcionario\Funcionario.php 40
ERROR - 2019-09-16 02:29:48 --> Severity: Notice --> Undefined property: stdClass::$email C:\wamp64\www\webpedidos\application\controllers\funcionario\Funcionario.php 40
ERROR - 2019-09-16 02:31:18 --> 404 Page Not Found: Assets/js
ERROR - 2019-09-16 02:31:18 --> 404 Page Not Found: Assets/js
ERROR - 2019-09-16 02:31:56 --> 404 Page Not Found: Assets/js
ERROR - 2019-09-16 02:31:56 --> 404 Page Not Found: Assets/js
ERROR - 2019-09-16 02:32:22 --> 404 Page Not Found: Assets/js
ERROR - 2019-09-16 02:32:22 --> 404 Page Not Found: Assets/js
ERROR - 2019-09-16 02:34:46 --> 404 Page Not Found: Assets/js
ERROR - 2019-09-16 02:34:46 --> 404 Page Not Found: Assets/js
ERROR - 2019-09-16 02:35:14 --> 404 Page Not Found: Assets/js
ERROR - 2019-09-16 02:35:14 --> 404 Page Not Found: Assets/js
ERROR - 2019-09-16 02:35:56 --> 404 Page Not Found: Assets/js
ERROR - 2019-09-16 02:35:56 --> 404 Page Not Found: Assets/js
ERROR - 2019-09-16 02:36:49 --> 404 Page Not Found: Assets/js
ERROR - 2019-09-16 02:36:49 --> 404 Page Not Found: Assets/js
ERROR - 2019-09-16 02:37:06 --> 404 Page Not Found: Assets/js
ERROR - 2019-09-16 02:37:06 --> 404 Page Not Found: Assets/js
ERROR - 2019-09-16 02:37:53 --> 404 Page Not Found: Assets/js
ERROR - 2019-09-16 02:37:53 --> 404 Page Not Found: Assets/js
ERROR - 2019-09-16 02:39:19 --> 404 Page Not Found: Assets/js
ERROR - 2019-09-16 02:39:19 --> 404 Page Not Found: Assets/js
ERROR - 2019-09-16 02:42:59 --> 404 Page Not Found: Assets/js
ERROR - 2019-09-16 02:42:59 --> 404 Page Not Found: Assets/js
ERROR - 2019-09-16 02:43:24 --> 404 Page Not Found: Assets/js
ERROR - 2019-09-16 02:43:24 --> 404 Page Not Found: Assets/js
ERROR - 2019-09-16 02:43:51 --> 404 Page Not Found: Assets/js
ERROR - 2019-09-16 02:43:51 --> 404 Page Not Found: Assets/js
ERROR - 2019-09-16 02:46:02 --> 404 Page Not Found: Assets/js
ERROR - 2019-09-16 02:46:02 --> 404 Page Not Found: Assets/js
ERROR - 2019-09-16 02:46:16 --> 404 Page Not Found: Assets/js
ERROR - 2019-09-16 02:46:16 --> 404 Page Not Found: Assets/js
ERROR - 2019-09-16 02:47:07 --> 404 Page Not Found: Assets/js
ERROR - 2019-09-16 02:47:07 --> 404 Page Not Found: Assets/js
ERROR - 2019-09-16 02:50:18 --> 404 Page Not Found: Assets/js
ERROR - 2019-09-16 02:50:18 --> 404 Page Not Found: Assets/js
ERROR - 2019-09-16 02:51:55 --> 404 Page Not Found: Assets/js
ERROR - 2019-09-16 02:51:55 --> 404 Page Not Found: Assets/js
ERROR - 2019-09-16 02:52:33 --> 404 Page Not Found: Assets/js
ERROR - 2019-09-16 02:52:33 --> 404 Page Not Found: Assets/js
ERROR - 2019-09-16 02:55:32 --> 404 Page Not Found: Assets/js
ERROR - 2019-09-16 02:55:32 --> 404 Page Not Found: Assets/js
ERROR - 2019-09-16 02:56:40 --> 404 Page Not Found: Assets/js
ERROR - 2019-09-16 02:56:40 --> 404 Page Not Found: Assets/js
ERROR - 2019-09-16 02:57:27 --> 404 Page Not Found: Assets/js
ERROR - 2019-09-16 02:57:27 --> 404 Page Not Found: Assets/js
ERROR - 2019-09-16 02:57:49 --> 404 Page Not Found: Assets/js
ERROR - 2019-09-16 02:57:49 --> 404 Page Not Found: Assets/js
ERROR - 2019-09-16 03:06:30 --> 404 Page Not Found: Assets/js
ERROR - 2019-09-16 03:06:30 --> 404 Page Not Found: Assets/js
ERROR - 2019-09-16 03:06:44 --> 404 Page Not Found: Assets/js
ERROR - 2019-09-16 03:06:44 --> 404 Page Not Found: Assets/js
ERROR - 2019-09-16 03:07:16 --> 404 Page Not Found: Assets/js
ERROR - 2019-09-16 03:07:16 --> 404 Page Not Found: Assets/js
ERROR - 2019-09-16 03:13:15 --> 404 Page Not Found: Assets/js
ERROR - 2019-09-16 03:13:15 --> 404 Page Not Found: Assets/js
ERROR - 2019-09-16 03:16:55 --> 404 Page Not Found: Assets/js
ERROR - 2019-09-16 03:16:55 --> 404 Page Not Found: Assets/js
ERROR - 2019-09-16 03:19:17 --> 404 Page Not Found: Assets/js
ERROR - 2019-09-16 03:19:17 --> 404 Page Not Found: Assets/js
ERROR - 2019-09-16 03:20:40 --> 404 Page Not Found: Assets/js
ERROR - 2019-09-16 03:20:40 --> 404 Page Not Found: Assets/js
ERROR - 2019-09-16 03:26:36 --> 404 Page Not Found: Assets/js
ERROR - 2019-09-16 03:26:36 --> 404 Page Not Found: Assets/js
ERROR - 2019-09-16 03:26:54 --> Severity: error --> Exception: syntax error, unexpected ',' C:\wamp64\www\webpedidos\application\models\funcionario\Funcionario_model.php 20
ERROR - 2019-09-16 03:26:55 --> Severity: error --> Exception: syntax error, unexpected ',' C:\wamp64\www\webpedidos\application\models\funcionario\Funcionario_model.php 20
ERROR - 2019-09-16 03:26:55 --> Severity: error --> Exception: syntax error, unexpected ',' C:\wamp64\www\webpedidos\application\models\funcionario\Funcionario_model.php 20
ERROR - 2019-09-16 03:27:05 --> Severity: error --> Exception: syntax error, unexpected ',' C:\wamp64\www\webpedidos\application\models\funcionario\Funcionario_model.php 20
ERROR - 2019-09-16 03:27:05 --> Severity: error --> Exception: syntax error, unexpected ',' C:\wamp64\www\webpedidos\application\models\funcionario\Funcionario_model.php 20
ERROR - 2019-09-16 03:27:05 --> Severity: error --> Exception: syntax error, unexpected ',' C:\wamp64\www\webpedidos\application\models\funcionario\Funcionario_model.php 20
ERROR - 2019-09-16 03:27:37 --> 404 Page Not Found: Assets/js
ERROR - 2019-09-16 03:27:37 --> 404 Page Not Found: Assets/js
ERROR - 2019-09-16 03:31:47 --> 404 Page Not Found: Assets/js
ERROR - 2019-09-16 03:31:47 --> 404 Page Not Found: Assets/js
ERROR - 2019-09-16 03:31:49 --> 404 Page Not Found: Assets/js
ERROR - 2019-09-16 03:31:49 --> 404 Page Not Found: Assets/js
ERROR - 2019-09-16 03:32:16 --> 404 Page Not Found: Assets/js
ERROR - 2019-09-16 03:32:16 --> 404 Page Not Found: Assets/js
ERROR - 2019-09-16 03:32:31 --> 404 Page Not Found: Assets/js
ERROR - 2019-09-16 03:32:31 --> 404 Page Not Found: Assets/js
ERROR - 2019-09-16 03:35:02 --> 404 Page Not Found: Assets/js
ERROR - 2019-09-16 03:35:02 --> 404 Page Not Found: Assets/js
ERROR - 2019-09-16 03:36:52 --> Query error: ERRO:  duplicar valor da chave viola a restrição de unicidade "web_login_usuario_key"
DETAIL:  Chave (usuario)=(jackk) já existe. - Invalid query: INSERT INTO "web_login" ("empresasiteid", "funcionarioid", "funcionariofilialmatricula", "grupoacessoid", "usuario", "senha", "senhavalidade", "email", "ativo") VALUES (2, 'bc5f8a2e-78a8-4a71-abe4-d1ae8b444c8b', '33070134', '1', 'jackk', '2dd40c8120d8960d3b34ca1cd759e34b', '16/09/2020', 'minchettimarcello@gmail.com', 'true')
ERROR - 2019-09-16 03:46:19 --> 404 Page Not Found: Assets/js
ERROR - 2019-09-16 03:46:19 --> 404 Page Not Found: Assets/js
ERROR - 2019-09-16 03:46:37 --> Query error: ERRO:  duplicar valor da chave viola a restrição de unicidade "web_login_funcionarioid_ukey"
DETAIL:  Chave (funcionarioid)=(bc5f8a2e-78a8-4a71-abe4-d1ae8b444c8b) já existe. - Invalid query: INSERT INTO "web_login" ("empresasiteid", "funcionarioid", "funcionariofilialmatricula", "grupoacessoid", "usuario", "senha", "senhavalidade", "email", "ativo") VALUES (2, 'bc5f8a2e-78a8-4a71-abe4-d1ae8b444c8b', '33070134', '3', 'jkk', '2dd40c8120d8960d3b34ca1cd759e34b', '16/09/2020', 'jackson.junior@siemens.com', 'true')
ERROR - 2019-09-16 03:49:07 --> 404 Page Not Found: Assets/js
ERROR - 2019-09-16 03:49:07 --> 404 Page Not Found: Assets/js
ERROR - 2019-09-16 03:49:41 --> 404 Page Not Found: Assets/js
ERROR - 2019-09-16 03:49:41 --> 404 Page Not Found: Assets/js
ERROR - 2019-09-16 03:50:04 --> Query error: ERRO:  duplicar valor da chave viola a restrição de unicidade "web_login_funcionarioid_ukey"
DETAIL:  Chave (funcionarioid)=(bc5f8a2e-78a8-4a71-abe4-d1ae8b444c8b) já existe. - Invalid query: INSERT INTO "web_login" ("empresasiteid", "funcionarioid", "funcionariofilialmatricula", "grupoacessoid", "usuario", "senha", "senhavalidade", "email", "ativo") VALUES (2, 'bc5f8a2e-78a8-4a71-abe4-d1ae8b444c8b', '33070134', '3', 'jjjjj', '2dd40c8120d8960d3b34ca1cd759e34b', '16/09/2020', 'jackson.junior@siemens.com', 'true')
ERROR - 2019-09-16 03:54:50 --> 404 Page Not Found: Assets/js
ERROR - 2019-09-16 03:54:50 --> 404 Page Not Found: Assets/js
ERROR - 2019-09-16 03:55:17 --> Query error: ERRO:  duplicar valor da chave viola a restrição de unicidade "web_login_funcionarioid_ukey"
DETAIL:  Chave (funcionarioid)=(bc5f8a2e-78a8-4a71-abe4-d1ae8b444c8b) já existe. - Invalid query: INSERT INTO "web_login" ("empresasiteid", "funcionarioid", "funcionariofilialmatricula", "grupoacessoid", "usuario", "senha", "senhavalidade", "email", "ativo") VALUES (2, 'bc5f8a2e-78a8-4a71-abe4-d1ae8b444c8b', '33070134', '3', 'jijijiji', '2dd40c8120d8960d3b34ca1cd759e34b', '16/09/2020', 'jackson.junior@siemens.com', 'true')
ERROR - 2019-09-16 03:56:01 --> 404 Page Not Found: Assets/js
ERROR - 2019-09-16 03:56:01 --> 404 Page Not Found: Assets/js
ERROR - 2019-09-16 03:56:48 --> Query error: ERRO:  duplicar valor da chave viola a restrição de unicidade "web_login_funcionarioid_ukey"
DETAIL:  Chave (funcionarioid)=(bc5f8a2e-78a8-4a71-abe4-d1ae8b444c8b) já existe. - Invalid query: INSERT INTO "web_login" ("empresasiteid", "funcionarioid", "funcionariofilialmatricula", "grupoacessoid", "usuario", "senha", "senhavalidade", "email", "ativo") VALUES (2, 'bc5f8a2e-78a8-4a71-abe4-d1ae8b444c8b', '33070134', '3', 'jjjjjjjjjjjj', '2dd40c8120d8960d3b34ca1cd759e34b', '16/09/2020', 'jackson.junior@siemens.com', 'true')
ERROR - 2019-09-16 04:00:06 --> 404 Page Not Found: Assets/js
ERROR - 2019-09-16 04:00:06 --> 404 Page Not Found: Assets/js
ERROR - 2019-09-16 04:00:30 --> Query error: ERRO:  duplicar valor da chave viola a restrição de unicidade "web_login_funcionarioid_ukey"
DETAIL:  Chave (funcionarioid)=(bc5f8a2e-78a8-4a71-abe4-d1ae8b444c8b) já existe. - Invalid query: INSERT INTO "web_login" ("empresasiteid", "funcionarioid", "funcionariofilialmatricula", "grupoacessoid", "usuario", "senha", "senhavalidade", "email", "ativo") VALUES (2, 'bc5f8a2e-78a8-4a71-abe4-d1ae8b444c8b', '33070134', '3', 'iu', '2dd40c8120d8960d3b34ca1cd759e34b', '16/09/2020', 'jackson.junior@siemens.com', 'true')
ERROR - 2019-09-16 04:02:23 --> 404 Page Not Found: Assets/js
ERROR - 2019-09-16 04:02:23 --> 404 Page Not Found: Assets/js
ERROR - 2019-09-16 04:04:06 --> Query error: ERRO:  duplicar valor da chave viola a restrição de unicidade "web_login_funcionarioid_ukey"
DETAIL:  Chave (funcionarioid)=(bc5f8a2e-78a8-4a71-abe4-d1ae8b444c8b) já existe. - Invalid query: INSERT INTO "web_login" ("empresasiteid", "funcionarioid", "funcionariofilialmatricula", "grupoacessoid", "usuario", "senha", "senhavalidade", "email", "ativo") VALUES (2, 'bc5f8a2e-78a8-4a71-abe4-d1ae8b444c8b', '33070134', '3', 'hhhhhhhh', '2dd40c8120d8960d3b34ca1cd759e34b', '16/09/2020', 'jackson.junior@siemens.com', 'true')
ERROR - 2019-09-16 04:07:16 --> 404 Page Not Found: Assets/js
ERROR - 2019-09-16 04:07:16 --> 404 Page Not Found: Assets/js
ERROR - 2019-09-16 04:07:29 --> Query error: ERRO:  duplicar valor da chave viola a restrição de unicidade "web_login_funcionarioid_ukey"
DETAIL:  Chave (funcionarioid)=(bc5f8a2e-78a8-4a71-abe4-d1ae8b444c8b) já existe. - Invalid query: INSERT INTO "web_login" ("empresasiteid", "funcionarioid", "funcionariofilialmatricula", "grupoacessoid", "usuario", "senha", "senhavalidade", "email", "ativo") VALUES (2, 'bc5f8a2e-78a8-4a71-abe4-d1ae8b444c8b', '33070134', '3', 'sadsd', '2dd40c8120d8960d3b34ca1cd759e34b', '16/09/2020', 'jackson.junior@siemens.com', 'true')
ERROR - 2019-09-16 04:11:30 --> 404 Page Not Found: Assets/js
ERROR - 2019-09-16 04:11:30 --> 404 Page Not Found: Assets/js
ERROR - 2019-09-16 04:11:56 --> Query error: ERRO:  duplicar valor da chave viola a restrição de unicidade "web_login_funcionarioid_ukey"
DETAIL:  Chave (funcionarioid)=(bc5f8a2e-78a8-4a71-abe4-d1ae8b444c8b) já existe. - Invalid query: INSERT INTO "web_login" ("empresasiteid", "funcionarioid", "funcionariofilialmatricula", "grupoacessoid", "usuario", "senha", "senhavalidade", "email", "ativo") VALUES (2, 'bc5f8a2e-78a8-4a71-abe4-d1ae8b444c8b', '33070134', '3', 'kjljkl', '2dd40c8120d8960d3b34ca1cd759e34b', '16/09/2020', 'jackson.junior@siemens.com', 'true')
ERROR - 2019-09-16 04:26:04 --> 404 Page Not Found: Assets/js
ERROR - 2019-09-16 04:26:04 --> 404 Page Not Found: Assets/js
ERROR - 2019-09-16 04:26:18 --> Query error: ERRO:  duplicar valor da chave viola a restrição de unicidade "web_login_funcionarioid_ukey"
DETAIL:  Chave (funcionarioid)=(bc5f8a2e-78a8-4a71-abe4-d1ae8b444c8b) já existe. - Invalid query: INSERT INTO "web_login" ("empresasiteid", "funcionarioid", "funcionariofilialmatricula", "grupoacessoid", "usuario", "senha", "senhavalidade", "email", "ativo") VALUES (2, 'bc5f8a2e-78a8-4a71-abe4-d1ae8b444c8b', '33070134', '3', 'kkk', '2dd40c8120d8960d3b34ca1cd759e34b', '16/09/2020', 'jackson.junior@siemens.com', 'true')
ERROR - 2019-09-16 04:35:32 --> 404 Page Not Found: Assets/js
ERROR - 2019-09-16 04:35:32 --> 404 Page Not Found: Assets/js
ERROR - 2019-09-16 04:45:05 --> Severity: 8192 --> idn_to_ascii(): INTL_IDNA_VARIANT_2003 is deprecated C:\wamp64\www\system\libraries\Form_validation.php 1234
ERROR - 2019-09-16 13:46:09 --> 404 Page Not Found: Assets/js
ERROR - 2019-09-16 13:46:09 --> 404 Page Not Found: Assets/js
ERROR - 2019-09-16 13:47:50 --> Query error: ERRO:  duplicar valor da chave viola a restrição de unicidade "web_login_funcionarioid_ukey"
DETAIL:  Chave (funcionarioid)=(bc5f8a2e-78a8-4a71-abe4-d1ae8b444c8b) já existe. - Invalid query: INSERT INTO "web_login" ("empresasiteid", "funcionarioid", "funcionariofilialmatricula", "grupoacessoid", "usuario", "senha", "senhavalidade", "email", "ativo") VALUES (2, 'bc5f8a2e-78a8-4a71-abe4-d1ae8b444c8b', '33070134', '3', 'ffff', '2dd40c8120d8960d3b34ca1cd759e34b', '16/09/2020', 'jackson.junior@siemens.com', 'true')
ERROR - 2019-09-16 13:54:57 --> Severity: error --> Exception: syntax error, unexpected ';', expecting ',' or ')' C:\wamp64\www\webpedidos\application\controllers\usuario\Usuario.php 117
ERROR - 2019-09-16 13:55:20 --> 404 Page Not Found: Assets/js
ERROR - 2019-09-16 13:55:20 --> 404 Page Not Found: Assets/js
ERROR - 2019-09-16 13:57:28 --> 404 Page Not Found: Assets/js
ERROR - 2019-09-16 13:57:28 --> 404 Page Not Found: Assets/js
ERROR - 2019-09-16 13:57:42 --> 404 Page Not Found: Assets/js
ERROR - 2019-09-16 13:57:42 --> 404 Page Not Found: Assets/js
ERROR - 2019-09-16 13:58:01 --> 404 Page Not Found: Assets/js
ERROR - 2019-09-16 13:58:01 --> 404 Page Not Found: Assets/js
ERROR - 2019-09-16 13:58:27 --> 404 Page Not Found: Assets/js
ERROR - 2019-09-16 13:58:27 --> 404 Page Not Found: Assets/js
ERROR - 2019-09-16 13:58:49 --> 404 Page Not Found: Assets/js
ERROR - 2019-09-16 13:58:49 --> 404 Page Not Found: Assets/js
ERROR - 2019-09-16 13:59:18 --> Severity: error --> Exception: syntax error, unexpected '' (T_ENCAPSED_AND_WHITESPACE), expecting '-' or identifier (T_STRING) or variable (T_VARIABLE) or number (T_NUM_STRING) C:\wamp64\www\webpedidos\application\models\usuario\Usuario_model.php 247
ERROR - 2019-09-16 14:01:21 --> 404 Page Not Found: Assets/js
ERROR - 2019-09-16 14:01:21 --> 404 Page Not Found: Assets/js
ERROR - 2019-09-16 14:01:22 --> 404 Page Not Found: Assets/js
ERROR - 2019-09-16 14:01:22 --> 404 Page Not Found: Assets/js
ERROR - 2019-09-16 14:01:45 --> Query error: ERRO:  duplicar valor da chave viola a restrição de unicidade "web_login_funcionarioid_ukey"
DETAIL:  Chave (funcionarioid)=(bc5f8a2e-78a8-4a71-abe4-d1ae8b444c8b) já existe. - Invalid query: INSERT INTO "web_login" ("empresasiteid", "funcionarioid", "funcionariofilialmatricula", "grupoacessoid", "usuario", "senha", "senhavalidade", "email", "ativo") VALUES (2, 'bc5f8a2e-78a8-4a71-abe4-d1ae8b444c8b', '33070134', '3', 'jjjj', '2dd40c8120d8960d3b34ca1cd759e34b', '16/09/2020', 'jackson.junior@siemens.com', 'true')
ERROR - 2019-09-16 14:01:47 --> 404 Page Not Found: Assets/js
ERROR - 2019-09-16 14:01:47 --> 404 Page Not Found: Assets/js
ERROR - 2019-09-16 14:02:11 --> 404 Page Not Found: Assets/js
ERROR - 2019-09-16 14:02:11 --> 404 Page Not Found: Assets/js
ERROR - 2019-09-16 14:02:35 --> Query error: ERRO:  duplicar valor da chave viola a restrição de unicidade "web_login_funcionarioid_ukey"
DETAIL:  Chave (funcionarioid)=(bc5f8a2e-78a8-4a71-abe4-d1ae8b444c8b) já existe. - Invalid query: INSERT INTO "web_login" ("empresasiteid", "funcionarioid", "funcionariofilialmatricula", "grupoacessoid", "usuario", "senha", "senhavalidade", "email", "ativo") VALUES (2, 'bc5f8a2e-78a8-4a71-abe4-d1ae8b444c8b', '33070134', '3', 'retetr', '2dd40c8120d8960d3b34ca1cd759e34b', '16/09/2020', 'jackson.junior@siemens.com', 'true')
ERROR - 2019-09-16 14:05:16 --> 404 Page Not Found: Assets/js
ERROR - 2019-09-16 14:05:16 --> 404 Page Not Found: Assets/js
ERROR - 2019-09-16 14:05:55 --> 404 Page Not Found: Assets/js
ERROR - 2019-09-16 14:05:55 --> 404 Page Not Found: Assets/js
ERROR - 2019-09-16 14:06:26 --> Query error: ERRO:  duplicar valor da chave viola a restrição de unicidade "web_login_funcionarioid_ukey"
DETAIL:  Chave (funcionarioid)=(bc5f8a2e-78a8-4a71-abe4-d1ae8b444c8b) já existe. - Invalid query: INSERT INTO "web_login" ("empresasiteid", "funcionarioid", "funcionariofilialmatricula", "grupoacessoid", "usuario", "senha", "senhavalidade", "email", "ativo") VALUES (2, 'bc5f8a2e-78a8-4a71-abe4-d1ae8b444c8b', '33070134', '3', 'jhkj', '2dd40c8120d8960d3b34ca1cd759e34b', '16/09/2020', 'jackson.junior@siemens.com', 'true')
ERROR - 2019-09-16 14:07:58 --> 404 Page Not Found: Assets/js
ERROR - 2019-09-16 14:07:58 --> 404 Page Not Found: Assets/js
ERROR - 2019-09-16 14:08:20 --> 404 Page Not Found: Assets/js
ERROR - 2019-09-16 14:08:20 --> 404 Page Not Found: Assets/js
ERROR - 2019-09-16 14:08:52 --> Query error: ERRO:  duplicar valor da chave viola a restrição de unicidade "web_login_funcionarioid_ukey"
DETAIL:  Chave (funcionarioid)=(bc5f8a2e-78a8-4a71-abe4-d1ae8b444c8b) já existe. - Invalid query: INSERT INTO "web_login" ("empresasiteid", "funcionarioid", "funcionariofilialmatricula", "grupoacessoid", "usuario", "senha", "senhavalidade", "email", "ativo") VALUES (2, 'bc5f8a2e-78a8-4a71-abe4-d1ae8b444c8b', '33070134', '3', 'sdfsdf', '2dd40c8120d8960d3b34ca1cd759e34b', '16/09/2020', 'jackson.junior@siemens.com', 'true')
ERROR - 2019-09-16 14:11:21 --> 404 Page Not Found: Assets/js
ERROR - 2019-09-16 14:11:21 --> 404 Page Not Found: Assets/js
ERROR - 2019-09-16 14:12:43 --> Query error: ERRO:  duplicar valor da chave viola a restrição de unicidade "web_login_usuario_key"
DETAIL:  Chave (usuario)=(kjhnbkjh) já existe. - Invalid query: INSERT INTO "web_login" ("empresasiteid", "funcionarioid", "funcionariofilialmatricula", "grupoacessoid", "usuario", "senha", "senhavalidade", "email", "ativo") VALUES (2, '15204ef9-e424-479b-b6aa-21ad20479a96', '33090337', '3', 'kjhnbkjh', '4abcc1f98cecffa1405ce4839d8e3d5e', '16/09/2020', 'lohayne.meyer@siemens-healthineers.com', 'true')
ERROR - 2019-09-16 14:18:48 --> 404 Page Not Found: Assets/js
ERROR - 2019-09-16 14:18:48 --> 404 Page Not Found: Assets/js
ERROR - 2019-09-16 14:19:41 --> Query error: ERRO:  duplicar valor da chave viola a restrição de unicidade "web_login_funcionarioid_ukey"
DETAIL:  Chave (funcionarioid)=(bc5f8a2e-78a8-4a71-abe4-d1ae8b444c8b) já existe. - Invalid query: INSERT INTO "web_login" ("empresasiteid", "funcionarioid", "funcionariofilialmatricula", "grupoacessoid", "usuario", "senha", "senhavalidade", "email", "ativo") VALUES (2, 'bc5f8a2e-78a8-4a71-abe4-d1ae8b444c8b', '33070134', '3', 'jh', '2dd40c8120d8960d3b34ca1cd759e34b', '16/09/2020', 'jackson.junior@siemens.com', 'true')
ERROR - 2019-09-16 16:33:36 --> Query error: ERRO:  valor nulo na coluna "empresasiteid" viola a restrição não-nula
DETAIL:  Registro que falhou contém (2113, null, 33070134, 3, jh, 2dd40c8120d8960d3b34ca1cd759e34b, 2020-09-16, null, jackson.junior@siemens.com, t, 2017-09-29, 2017-09-29, bc5f8a2e-78a8-4a71-abe4-d1ae8b444c8b). - Invalid query: INSERT INTO "web_login" ("empresasiteid", "funcionarioid", "funcionariofilialmatricula", "grupoacessoid", "usuario", "senha", "senhavalidade", "email", "ativo") VALUES (NULL, 'bc5f8a2e-78a8-4a71-abe4-d1ae8b444c8b', '33070134', '3', 'jh', '2dd40c8120d8960d3b34ca1cd759e34b', '16/09/2020', 'jackson.junior@siemens.com', 'true')
ERROR - 2019-09-16 21:16:04 --> 404 Page Not Found: Assets/js
ERROR - 2019-09-16 21:16:04 --> 404 Page Not Found: Assets/js
ERROR - 2019-09-16 21:17:43 --> Query error: ERRO:  duplicar valor da chave viola a restrição de unicidade "web_login_funcionarioid_ukey"
DETAIL:  Chave (funcionarioid)=(bc5f8a2e-78a8-4a71-abe4-d1ae8b444c8b) já existe. - Invalid query: INSERT INTO "web_login" ("empresasiteid", "funcionarioid", "funcionariofilialmatricula", "grupoacessoid", "usuario", "senha", "senhavalidade", "email", "ativo") VALUES (2, 'bc5f8a2e-78a8-4a71-abe4-d1ae8b444c8b', '33070134', '3', 'asdasd', '2dd40c8120d8960d3b34ca1cd759e34b', '16/09/2020', 'jackson.junior@siemens.com', 'true')
ERROR - 2019-09-16 21:19:02 --> 404 Page Not Found: Assets/js
ERROR - 2019-09-16 21:19:02 --> 404 Page Not Found: Assets/js
ERROR - 2019-09-16 21:28:18 --> 404 Page Not Found: Assets/js
ERROR - 2019-09-16 21:28:18 --> 404 Page Not Found: Assets/js
ERROR - 2019-09-16 21:28:36 --> Severity: Warning --> Use of undefined constant funcionarioid - assumed 'funcionarioid' (this will throw an Error in a future version of PHP) C:\wamp64\www\webpedidos\application\models\usuario\Usuario_model.php 183
ERROR - 2019-09-16 21:28:37 --> Severity: 4096 --> Object of class stdClass could not be converted to string C:\wamp64\www\webpedidos\application\models\usuario\Usuario_model.php 183
ERROR - 2019-09-16 21:28:37 --> Query error: ERRO:  duplicar valor da chave viola a restrição de unicidade "web_login_funcionarioid_ukey"
DETAIL:  Chave (funcionarioid)=(bc5f8a2e-78a8-4a71-abe4-d1ae8b444c8b) já existe. - Invalid query: INSERT INTO "web_login" ("empresasiteid", "funcionarioid", "funcionariofilialmatricula", "grupoacessoid", "usuario", "senha", "senhavalidade", "email", "ativo") VALUES (2, 'bc5f8a2e-78a8-4a71-abe4-d1ae8b444c8b', '33070134', '3', 'dasdasd', '2dd40c8120d8960d3b34ca1cd759e34b', '16/09/2020', 'jackson.junior@siemens.com', 'true')
ERROR - 2019-09-16 21:30:43 --> 404 Page Not Found: Assets/js
ERROR - 2019-09-16 21:30:43 --> 404 Page Not Found: Assets/js
ERROR - 2019-09-16 21:31:00 --> Severity: error --> Exception: syntax error, unexpected '=>' (T_DOUBLE_ARROW), expecting ',' or ')' C:\wamp64\www\webpedidos\application\models\usuario\Usuario_model.php 183
ERROR - 2019-09-16 21:31:04 --> 404 Page Not Found: Assets/js
ERROR - 2019-09-16 21:31:04 --> 404 Page Not Found: Assets/js
ERROR - 2019-09-16 21:31:20 --> Severity: error --> Exception: syntax error, unexpected '=>' (T_DOUBLE_ARROW), expecting ',' or ')' C:\wamp64\www\webpedidos\application\models\usuario\Usuario_model.php 183
ERROR - 2019-09-16 21:32:34 --> 404 Page Not Found: Assets/js
ERROR - 2019-09-16 21:32:34 --> 404 Page Not Found: Assets/js
ERROR - 2019-09-16 21:32:47 --> Severity: Warning --> json_decode() expects parameter 1 to be string, array given C:\wamp64\www\webpedidos\application\models\usuario\Usuario_model.php 183
ERROR - 2019-09-16 21:32:47 --> Query error: ERRO:  duplicar valor da chave viola a restrição de unicidade "web_login_funcionarioid_ukey"
DETAIL:  Chave (funcionarioid)=(bc5f8a2e-78a8-4a71-abe4-d1ae8b444c8b) já existe. - Invalid query: INSERT INTO "web_login" ("empresasiteid", "funcionarioid", "funcionariofilialmatricula", "grupoacessoid", "usuario", "senha", "senhavalidade", "email", "ativo") VALUES (2, 'bc5f8a2e-78a8-4a71-abe4-d1ae8b444c8b', '33070134', '3', 'dddddd', '2dd40c8120d8960d3b34ca1cd759e34b', '16/09/2020', 'jackson.junior@siemens.com', 'true')
ERROR - 2019-09-16 21:33:49 --> 404 Page Not Found: Assets/js
ERROR - 2019-09-16 21:33:49 --> 404 Page Not Found: Assets/js
ERROR - 2019-09-16 21:33:59 --> Severity: Warning --> json_decode() expects parameter 1 to be string, object given C:\wamp64\www\webpedidos\application\models\usuario\Usuario_model.php 183
ERROR - 2019-09-16 21:33:59 --> Query error: ERRO:  duplicar valor da chave viola a restrição de unicidade "web_login_funcionarioid_ukey"
DETAIL:  Chave (funcionarioid)=(bc5f8a2e-78a8-4a71-abe4-d1ae8b444c8b) já existe. - Invalid query: INSERT INTO "web_login" ("empresasiteid", "funcionarioid", "funcionariofilialmatricula", "grupoacessoid", "usuario", "senha", "senhavalidade", "email", "ativo") VALUES (2, 'bc5f8a2e-78a8-4a71-abe4-d1ae8b444c8b', '33070134', '3', 'dddd', '2dd40c8120d8960d3b34ca1cd759e34b', '16/09/2020', 'jackson.junior@siemens.com', 'true')
ERROR - 2019-09-16 21:35:03 --> 404 Page Not Found: Assets/js
ERROR - 2019-09-16 21:35:03 --> 404 Page Not Found: Assets/js
ERROR - 2019-09-16 21:35:13 --> Query error: ERRO:  duplicar valor da chave viola a restrição de unicidade "web_login_funcionarioid_ukey"
DETAIL:  Chave (funcionarioid)=(bc5f8a2e-78a8-4a71-abe4-d1ae8b444c8b) já existe. - Invalid query: INSERT INTO "web_login" ("empresasiteid", "funcionarioid", "funcionariofilialmatricula", "grupoacessoid", "usuario", "senha", "senhavalidade", "email", "ativo") VALUES (2, 'bc5f8a2e-78a8-4a71-abe4-d1ae8b444c8b', '33070134', '3', 'dasdasd', '2dd40c8120d8960d3b34ca1cd759e34b', '16/09/2020', 'jackson.junior@siemens.com', 'true')
ERROR - 2019-09-16 21:35:54 --> 404 Page Not Found: Assets/js
ERROR - 2019-09-16 21:35:54 --> 404 Page Not Found: Assets/js
ERROR - 2019-09-16 21:36:06 --> Query error: ERRO:  duplicar valor da chave viola a restrição de unicidade "web_login_funcionarioid_ukey"
DETAIL:  Chave (funcionarioid)=(bc5f8a2e-78a8-4a71-abe4-d1ae8b444c8b) já existe. - Invalid query: INSERT INTO "web_login" ("empresasiteid", "funcionarioid", "funcionariofilialmatricula", "grupoacessoid", "usuario", "senha", "senhavalidade", "email", "ativo") VALUES (2, 'bc5f8a2e-78a8-4a71-abe4-d1ae8b444c8b', '33070134', '3', 'ddd', '2dd40c8120d8960d3b34ca1cd759e34b', '16/09/2020', 'jackson.junior@siemens.com', 'true')
ERROR - 2019-09-16 21:37:28 --> 404 Page Not Found: Assets/js
ERROR - 2019-09-16 21:37:28 --> 404 Page Not Found: Assets/js
ERROR - 2019-09-16 21:37:39 --> Severity: error --> Exception: syntax error, unexpected ';', expecting ',' or ')' C:\wamp64\www\webpedidos\application\models\usuario\Usuario_model.php 191
ERROR - 2019-09-16 21:37:55 --> 404 Page Not Found: Assets/js
ERROR - 2019-09-16 21:37:55 --> 404 Page Not Found: Assets/js
ERROR - 2019-09-16 21:38:06 --> Severity: Warning --> json_decode() expects parameter 1 to be string, array given C:\wamp64\www\webpedidos\application\models\usuario\Usuario_model.php 189
ERROR - 2019-09-16 21:38:06 --> Severity: Warning --> Use of undefined constant json - assumed 'json' (this will throw an Error in a future version of PHP) C:\wamp64\www\webpedidos\application\models\usuario\Usuario_model.php 191
ERROR - 2019-09-16 21:38:06 --> Severity: error --> Exception: Call to undefined function parse() C:\wamp64\www\webpedidos\application\models\usuario\Usuario_model.php 191
ERROR - 2019-09-16 21:42:09 --> 404 Page Not Found: Assets/js
ERROR - 2019-09-16 21:42:09 --> 404 Page Not Found: Assets/js
ERROR - 2019-09-16 21:42:23 --> Query error: ERRO:  coluna "funcionari2oid" não existe
LINE 1: SELECT "funcionari2oid"
               ^
HINT:  Perhaps you meant to reference the column "web_login.funcionarioid". - Invalid query: SELECT "funcionari2oid"
FROM "web_login"
WHERE "funcionarioid" = 'bc5f8a2e-78a8-4a71-abe4-d1ae8b444c8b'
ERROR - 2019-09-16 21:48:20 --> 404 Page Not Found: Assets/js
ERROR - 2019-09-16 21:48:20 --> 404 Page Not Found: Assets/js
ERROR - 2019-09-16 21:48:42 --> Severity: Warning --> json_decode() expects parameter 1 to be string, array given C:\wamp64\www\webpedidos\application\models\usuario\Usuario_model.php 189
ERROR - 2019-09-16 21:48:42 --> Severity: Warning --> Use of undefined constant json - assumed 'json' (this will throw an Error in a future version of PHP) C:\wamp64\www\webpedidos\application\models\usuario\Usuario_model.php 191
ERROR - 2019-09-16 21:48:42 --> Severity: error --> Exception: Call to undefined function parse() C:\wamp64\www\webpedidos\application\models\usuario\Usuario_model.php 191
ERROR - 2019-09-16 21:53:20 --> 404 Page Not Found: Assets/js
ERROR - 2019-09-16 21:53:20 --> 404 Page Not Found: Assets/js
ERROR - 2019-09-16 21:53:38 --> Severity: Warning --> json_decode() expects parameter 1 to be string, array given C:\wamp64\www\webpedidos\application\models\usuario\Usuario_model.php 189
ERROR - 2019-09-16 21:53:38 --> Severity: Warning --> Use of undefined constant json - assumed 'json' (this will throw an Error in a future version of PHP) C:\wamp64\www\webpedidos\application\models\usuario\Usuario_model.php 191
ERROR - 2019-09-16 21:53:38 --> Severity: error --> Exception: Call to undefined function parse() C:\wamp64\www\webpedidos\application\models\usuario\Usuario_model.php 191
ERROR - 2019-09-16 21:56:00 --> 404 Page Not Found: Assets/js
ERROR - 2019-09-16 21:56:00 --> 404 Page Not Found: Assets/js
ERROR - 2019-09-16 21:56:10 --> Severity: Warning --> json_decode() expects parameter 1 to be string, array given C:\wamp64\www\webpedidos\application\models\usuario\Usuario_model.php 189
ERROR - 2019-09-16 21:56:10 --> Severity: Warning --> Use of undefined constant json - assumed 'json' (this will throw an Error in a future version of PHP) C:\wamp64\www\webpedidos\application\models\usuario\Usuario_model.php 191
ERROR - 2019-09-16 21:56:10 --> Severity: error --> Exception: Call to undefined function parse() C:\wamp64\www\webpedidos\application\models\usuario\Usuario_model.php 191
ERROR - 2019-09-16 21:58:10 --> 404 Page Not Found: Assets/js
ERROR - 2019-09-16 21:58:10 --> 404 Page Not Found: Assets/js
ERROR - 2019-09-16 21:58:23 --> Severity: Warning --> json_decode() expects parameter 1 to be string, array given C:\wamp64\www\webpedidos\application\models\usuario\Usuario_model.php 189
ERROR - 2019-09-16 21:58:23 --> Severity: Warning --> Use of undefined constant json - assumed 'json' (this will throw an Error in a future version of PHP) C:\wamp64\www\webpedidos\application\models\usuario\Usuario_model.php 191
ERROR - 2019-09-16 21:58:23 --> Severity: error --> Exception: Call to undefined function parse() C:\wamp64\www\webpedidos\application\models\usuario\Usuario_model.php 191
ERROR - 2019-09-16 21:59:09 --> 404 Page Not Found: Assets/js
ERROR - 2019-09-16 21:59:09 --> 404 Page Not Found: Assets/js
ERROR - 2019-09-16 22:06:11 --> 404 Page Not Found: Assets/js
ERROR - 2019-09-16 22:06:11 --> 404 Page Not Found: Assets/js
ERROR - 2019-09-16 22:06:21 --> Severity: Notice --> Trying to get property 'funcionarioid' of non-object C:\wamp64\www\webpedidos\application\models\usuario\Usuario_model.php 187
ERROR - 2019-09-16 22:06:21 --> Severity: Warning --> json_decode() expects parameter 1 to be string, array given C:\wamp64\www\webpedidos\application\models\usuario\Usuario_model.php 189
ERROR - 2019-09-16 22:06:21 --> Severity: Warning --> Use of undefined constant json - assumed 'json' (this will throw an Error in a future version of PHP) C:\wamp64\www\webpedidos\application\models\usuario\Usuario_model.php 191
ERROR - 2019-09-16 22:06:21 --> Severity: error --> Exception: Call to undefined function parse() C:\wamp64\www\webpedidos\application\models\usuario\Usuario_model.php 191
ERROR - 2019-09-16 22:08:40 --> 404 Page Not Found: Assets/js
ERROR - 2019-09-16 22:08:40 --> 404 Page Not Found: Assets/js
ERROR - 2019-09-16 22:08:54 --> Severity: error --> Exception: syntax error, unexpected '===' (T_IS_IDENTICAL) C:\wamp64\www\webpedidos\application\models\usuario\Usuario_model.php 183
ERROR - 2019-09-16 22:10:56 --> 404 Page Not Found: Assets/js
ERROR - 2019-09-16 22:10:56 --> 404 Page Not Found: Assets/js
ERROR - 2019-09-16 22:11:12 --> Severity: error --> Exception: syntax error, unexpected '==' (T_IS_EQUAL) C:\wamp64\www\webpedidos\application\models\usuario\Usuario_model.php 183
ERROR - 2019-09-16 22:11:54 --> 404 Page Not Found: Assets/js
ERROR - 2019-09-16 22:11:54 --> 404 Page Not Found: Assets/js
ERROR - 2019-09-16 22:51:43 --> 404 Page Not Found: Assets/js
ERROR - 2019-09-16 22:51:43 --> 404 Page Not Found: Assets/js
ERROR - 2019-09-16 22:52:01 --> 404 Page Not Found: Assets/js
ERROR - 2019-09-16 22:52:01 --> 404 Page Not Found: Assets/js
ERROR - 2019-09-16 22:58:13 --> 404 Page Not Found: Assets/js
ERROR - 2019-09-16 22:58:13 --> 404 Page Not Found: Assets/js
ERROR - 2019-09-16 22:58:25 --> 404 Page Not Found: Assets/js
ERROR - 2019-09-16 22:58:25 --> 404 Page Not Found: Assets/js
ERROR - 2019-09-16 22:59:04 --> 404 Page Not Found: Assets/js
ERROR - 2019-09-16 22:59:04 --> 404 Page Not Found: Assets/js
ERROR - 2019-09-16 23:03:16 --> 404 Page Not Found: Assets/js
ERROR - 2019-09-16 23:03:16 --> 404 Page Not Found: Assets/js
ERROR - 2019-09-16 23:04:46 --> 404 Page Not Found: Assets/js
ERROR - 2019-09-16 23:04:46 --> 404 Page Not Found: Assets/js
ERROR - 2019-09-16 23:05:15 --> Severity: Notice --> Undefined offset: 0 C:\wamp64\www\webpedidos\application\models\usuario\Usuario_model.php 183
ERROR - 2019-09-16 23:05:15 --> Severity: Notice --> Trying to get property 'funcionarioid' of non-object C:\wamp64\www\webpedidos\application\models\usuario\Usuario_model.php 183
ERROR - 2019-09-16 23:08:36 --> Severity: Notice --> Undefined offset: 0 C:\wamp64\www\webpedidos\application\models\usuario\Usuario_model.php 183
ERROR - 2019-09-16 23:08:36 --> Severity: Notice --> Trying to get property 'funcionarioid' of non-object C:\wamp64\www\webpedidos\application\models\usuario\Usuario_model.php 183
ERROR - 2019-09-16 23:12:32 --> 404 Page Not Found: Assets/js
ERROR - 2019-09-16 23:12:32 --> 404 Page Not Found: Assets/js
ERROR - 2019-09-16 23:12:51 --> Query error: ERRO:  sintaxe de entrada é inválida para uuid: ""
LINE 3: WHERE "funcionarioid" = ''
                                ^ - Invalid query: SELECT "funcionarioid"
FROM "web_login"
WHERE "funcionarioid" = ''
ERROR - 2019-09-16 23:20:31 --> 404 Page Not Found: Assets/js
ERROR - 2019-09-16 23:20:31 --> 404 Page Not Found: Assets/js
ERROR - 2019-09-16 23:28:38 --> 404 Page Not Found: Assets/js
ERROR - 2019-09-16 23:28:38 --> 404 Page Not Found: Assets/js
ERROR - 2019-09-16 23:51:13 --> 404 Page Not Found: Assets/js
ERROR - 2019-09-16 23:51:13 --> 404 Page Not Found: Assets/js
ERROR - 2019-09-16 23:51:50 --> 404 Page Not Found: Assets/js
ERROR - 2019-09-16 23:51:50 --> 404 Page Not Found: Assets/js
ERROR - 2019-09-16 23:51:51 --> 404 Page Not Found: Assets/js
ERROR - 2019-09-16 23:51:51 --> 404 Page Not Found: Assets/js
ERROR - 2019-09-16 23:52:02 --> Severity: error --> Exception: syntax error, unexpected 'else' (T_ELSE), expecting function (T_FUNCTION) or const (T_CONST) C:\wamp64\www\webpedidos\application\models\usuario\Usuario_model.php 196
ERROR - 2019-09-16 23:53:23 --> 404 Page Not Found: Assets/js
ERROR - 2019-09-16 23:53:23 --> 404 Page Not Found: Assets/js
ERROR - 2019-09-16 23:53:24 --> 404 Page Not Found: Assets/js
ERROR - 2019-09-16 23:53:24 --> 404 Page Not Found: Assets/js
ERROR - 2019-09-16 23:58:56 --> 404 Page Not Found: Assets/js
ERROR - 2019-09-16 23:58:56 --> 404 Page Not Found: Assets/js
