ERROR - 2019-11-05 15:25:55 --> 404 Page Not Found: recebimento/EnviarToken/index
ERROR - 2019-11-05 15:27:50 --> 404 Page Not Found: recebimento/EnviarToken/index
ERROR - 2019-11-05 15:28:55 --> 404 Page Not Found: recebimento/EnviarToken/index
ERROR - 2019-11-05 15:36:47 --> 404 Page Not Found: recebimento/EnviarToken/index
ERROR - 2019-11-05 15:39:03 --> 404 Page Not Found: recebimento/EnviarToken/index
ERROR - 2019-11-05 15:39:58 --> 404 Page Not Found: recebimento/EnviarToken/index
ERROR - 2019-11-05 15:45:00 --> Severity: Notice --> Undefined variable: query C:\wamp64\www\webpedidos\application\models\recebimento\Recebimento_model.php 99
ERROR - 2019-11-05 15:45:00 --> Severity: error --> Exception: Call to a member function result() on null C:\wamp64\www\webpedidos\application\models\recebimento\Recebimento_model.php 99
ERROR - 2019-11-05 15:47:03 --> Severity: Notice --> Undefined variable: query C:\wamp64\www\webpedidos\application\models\recebimento\Recebimento_model.php 99
ERROR - 2019-11-05 15:47:03 --> Severity: error --> Exception: Call to a member function result() on null C:\wamp64\www\webpedidos\application\models\recebimento\Recebimento_model.php 99
ERROR - 2019-11-05 15:47:27 --> 404 Page Not Found: recebimento/Enviartoken/index
ERROR - 2019-11-05 15:49:06 --> Severity: Notice --> Undefined variable: query C:\wamp64\www\webpedidos\application\models\recebimento\Recebimento_model.php 99
ERROR - 2019-11-05 15:49:06 --> Severity: error --> Exception: Call to a member function result() on null C:\wamp64\www\webpedidos\application\models\recebimento\Recebimento_model.php 99
ERROR - 2019-11-05 15:49:37 --> Severity: Notice --> Undefined variable: query C:\wamp64\www\webpedidos\application\models\recebimento\Recebimento_model.php 99
ERROR - 2019-11-05 15:49:37 --> Severity: error --> Exception: Call to a member function result() on null C:\wamp64\www\webpedidos\application\models\recebimento\Recebimento_model.php 99
ERROR - 2019-11-05 15:50:15 --> Severity: Notice --> Undefined variable: query C:\wamp64\www\webpedidos\application\models\recebimento\Recebimento_model.php 99
ERROR - 2019-11-05 15:50:15 --> Severity: error --> Exception: Call to a member function result() on null C:\wamp64\www\webpedidos\application\models\recebimento\Recebimento_model.php 99
ERROR - 2019-11-05 16:26:28 --> 404 Page Not Found: Assets/js
ERROR - 2019-11-05 16:26:28 --> 404 Page Not Found: Assets/js
ERROR - 2019-11-05 17:33:31 --> Severity: error --> Exception: Class Recebimento already exists and doesn't extend CI_Model C:\wamp64\www\system\core\Loader.php 349
ERROR - 2019-11-05 17:33:35 --> Severity: error --> Exception: Class Recebimento already exists and doesn't extend CI_Model C:\wamp64\www\system\core\Loader.php 349
ERROR - 2019-11-05 17:33:36 --> Severity: error --> Exception: Class Recebimento already exists and doesn't extend CI_Model C:\wamp64\www\system\core\Loader.php 349
ERROR - 2019-11-05 17:34:38 --> Severity: error --> Exception: Class Recebimento already exists and doesn't extend CI_Model C:\wamp64\www\system\core\Loader.php 349
ERROR - 2019-11-05 17:34:42 --> Severity: error --> Exception: Class Recebimento already exists and doesn't extend CI_Model C:\wamp64\www\system\core\Loader.php 349
ERROR - 2019-11-05 17:35:09 --> Severity: error --> Exception: Class Recebimento already exists and doesn't extend CI_Model C:\wamp64\www\system\core\Loader.php 349
ERROR - 2019-11-05 17:36:04 --> Severity: error --> Exception: Class Recebimento already exists and doesn't extend CI_Model C:\wamp64\www\system\core\Loader.php 349
ERROR - 2019-11-05 17:36:05 --> Severity: error --> Exception: Class Recebimento already exists and doesn't extend CI_Model C:\wamp64\www\system\core\Loader.php 349
ERROR - 2019-11-05 17:36:22 --> Severity: error --> Exception: Class Recebimento already exists and doesn't extend CI_Model C:\wamp64\www\system\core\Loader.php 349
ERROR - 2019-11-05 17:37:54 --> Severity: error --> Exception: Class Recebimento already exists and doesn't extend CI_Model C:\wamp64\www\system\core\Loader.php 349
ERROR - 2019-11-05 17:38:05 --> Severity: error --> Exception: Class Recebimento already exists and doesn't extend CI_Model C:\wamp64\www\system\core\Loader.php 349
ERROR - 2019-11-05 17:39:40 --> Severity: error --> Exception: Class Recebimento already exists and doesn't extend CI_Model C:\wamp64\www\system\core\Loader.php 349
ERROR - 2019-11-05 17:41:29 --> Severity: Notice --> Undefined variable: query C:\wamp64\www\webpedidos\application\models\recebimento\Recebimento_model.php 105
ERROR - 2019-11-05 17:41:29 --> Severity: error --> Exception: Call to a member function result() on null C:\wamp64\www\webpedidos\application\models\recebimento\Recebimento_model.php 105
ERROR - 2019-11-05 17:43:57 --> Severity: Notice --> Undefined variable: query C:\wamp64\www\webpedidos\application\models\recebimento\Recebimento_model.php 105
ERROR - 2019-11-05 17:43:57 --> Severity: error --> Exception: Call to a member function result() on null C:\wamp64\www\webpedidos\application\models\recebimento\Recebimento_model.php 105
ERROR - 2019-11-05 17:45:26 --> Severity: Notice --> Undefined variable: query C:\wamp64\www\webpedidos\application\models\recebimento\Recebimento_model.php 105
ERROR - 2019-11-05 17:45:26 --> Severity: error --> Exception: Call to a member function result() on null C:\wamp64\www\webpedidos\application\models\recebimento\Recebimento_model.php 105
ERROR - 2019-11-05 17:45:56 --> Severity: Notice --> Undefined variable: query C:\wamp64\www\webpedidos\application\models\recebimento\Recebimento_model.php 105
ERROR - 2019-11-05 17:45:56 --> Severity: error --> Exception: Call to a member function result() on null C:\wamp64\www\webpedidos\application\models\recebimento\Recebimento_model.php 105
ERROR - 2019-11-05 18:00:35 --> 404 Page Not Found: Assets/images
ERROR - 2019-11-05 18:00:35 --> 404 Page Not Found: Assets/images
ERROR - 2019-11-05 18:00:35 --> 404 Page Not Found: Assets/images
ERROR - 2019-11-05 18:00:35 --> 404 Page Not Found: Assets/images
ERROR - 2019-11-05 18:00:35 --> 404 Page Not Found: Assets/images
ERROR - 2019-11-05 18:37:28 --> 404 Page Not Found: Assets/js
ERROR - 2019-11-05 18:37:28 --> 404 Page Not Found: Assets/js
ERROR - 2019-11-05 18:40:44 --> 404 Page Not Found: Assets/js
ERROR - 2019-11-05 18:40:44 --> 404 Page Not Found: Assets/js
ERROR - 2019-11-05 18:44:40 --> 404 Page Not Found: Assets/js
ERROR - 2019-11-05 18:44:40 --> 404 Page Not Found: Assets/js
ERROR - 2019-11-05 18:44:47 --> 404 Page Not Found: Assets/images
ERROR - 2019-11-05 18:44:47 --> 404 Page Not Found: Assets/images
ERROR - 2019-11-05 18:44:47 --> 404 Page Not Found: Assets/images
ERROR - 2019-11-05 18:44:48 --> 404 Page Not Found: Assets/images
ERROR - 2019-11-05 18:44:48 --> 404 Page Not Found: Assets/images
ERROR - 2019-11-05 18:44:48 --> 404 Page Not Found: Assets/images
ERROR - 2019-11-05 18:45:04 --> 404 Page Not Found: Assets/js
ERROR - 2019-11-05 18:45:04 --> 404 Page Not Found: Assets/js
ERROR - 2019-11-05 18:45:15 --> 404 Page Not Found: Assets/js
ERROR - 2019-11-05 18:45:15 --> 404 Page Not Found: Assets/js
ERROR - 2019-11-05 18:45:24 --> 404 Page Not Found: Assets/js
ERROR - 2019-11-05 18:45:24 --> 404 Page Not Found: Assets/js
ERROR - 2019-11-05 18:47:10 --> 404 Page Not Found: Assets/js
ERROR - 2019-11-05 18:47:10 --> 404 Page Not Found: Assets/js
ERROR - 2019-11-05 18:48:11 --> 404 Page Not Found: Assets/js
ERROR - 2019-11-05 18:48:11 --> 404 Page Not Found: Assets/js
ERROR - 2019-11-05 18:48:22 --> 404 Page Not Found: Assets/js
ERROR - 2019-11-05 18:48:22 --> 404 Page Not Found: Assets/js
ERROR - 2019-11-05 18:49:37 --> 404 Page Not Found: Assets/js
ERROR - 2019-11-05 18:49:37 --> 404 Page Not Found: Assets/js
ERROR - 2019-11-05 18:56:37 --> 404 Page Not Found: Assets/js
ERROR - 2019-11-05 18:56:37 --> 404 Page Not Found: Assets/js
ERROR - 2019-11-05 18:56:38 --> 404 Page Not Found: Assets/js
ERROR - 2019-11-05 18:56:38 --> 404 Page Not Found: Assets/js
ERROR - 2019-11-05 18:57:21 --> 404 Page Not Found: Assets/js
ERROR - 2019-11-05 18:57:21 --> 404 Page Not Found: Assets/js
ERROR - 2019-11-05 19:00:37 --> 404 Page Not Found: Assets/js
ERROR - 2019-11-05 19:00:37 --> 404 Page Not Found: Assets/js
ERROR - 2019-11-05 19:01:19 --> 404 Page Not Found: Assets/js
ERROR - 2019-11-05 19:01:19 --> 404 Page Not Found: Assets/js
ERROR - 2019-11-05 19:02:49 --> 404 Page Not Found: Assets/js
ERROR - 2019-11-05 19:02:49 --> 404 Page Not Found: Assets/js
ERROR - 2019-11-05 19:02:50 --> 404 Page Not Found: Assets/js
ERROR - 2019-11-05 19:02:50 --> 404 Page Not Found: Assets/js
ERROR - 2019-11-05 19:04:08 --> 404 Page Not Found: Assets/js
ERROR - 2019-11-05 19:04:08 --> 404 Page Not Found: Assets/js
ERROR - 2019-11-05 19:05:27 --> 404 Page Not Found: Assets/js
ERROR - 2019-11-05 19:05:27 --> 404 Page Not Found: Assets/js
ERROR - 2019-11-05 19:05:43 --> 404 Page Not Found: Assets/images
ERROR - 2019-11-05 19:05:43 --> 404 Page Not Found: Assets/images
ERROR - 2019-11-05 19:05:43 --> 404 Page Not Found: Assets/images
ERROR - 2019-11-05 19:05:43 --> 404 Page Not Found: Assets/images
ERROR - 2019-11-05 19:06:27 --> 404 Page Not Found: Assets/images
ERROR - 2019-11-05 19:06:27 --> 404 Page Not Found: Assets/images
ERROR - 2019-11-05 19:06:27 --> 404 Page Not Found: Assets/images
ERROR - 2019-11-05 19:06:27 --> 404 Page Not Found: Assets/images
ERROR - 2019-11-05 19:06:40 --> 404 Page Not Found: Assets/images
ERROR - 2019-11-05 19:06:40 --> 404 Page Not Found: Assets/images
ERROR - 2019-11-05 19:06:40 --> 404 Page Not Found: Assets/images
ERROR - 2019-11-05 19:06:40 --> 404 Page Not Found: Assets/images
ERROR - 2019-11-05 19:06:54 --> 404 Page Not Found: Assets/images
ERROR - 2019-11-05 19:06:54 --> 404 Page Not Found: Assets/images
ERROR - 2019-11-05 19:06:55 --> 404 Page Not Found: Assets/images
ERROR - 2019-11-05 19:06:55 --> 404 Page Not Found: Assets/images
ERROR - 2019-11-05 19:06:55 --> 404 Page Not Found: Assets/images
ERROR - 2019-11-05 19:06:56 --> 404 Page Not Found: Assets/images
ERROR - 2019-11-05 19:07:02 --> 404 Page Not Found: Assets/images
ERROR - 2019-11-05 19:07:02 --> 404 Page Not Found: Assets/images
ERROR - 2019-11-05 19:07:34 --> 404 Page Not Found: Assets/images
ERROR - 2019-11-05 19:07:34 --> 404 Page Not Found: Assets/images
ERROR - 2019-11-05 19:07:34 --> 404 Page Not Found: Assets/images
ERROR - 2019-11-05 19:07:34 --> 404 Page Not Found: Assets/images
ERROR - 2019-11-05 19:07:45 --> 404 Page Not Found: Assets/images
ERROR - 2019-11-05 19:07:45 --> 404 Page Not Found: Assets/images
ERROR - 2019-11-05 19:07:45 --> 404 Page Not Found: Assets/images
ERROR - 2019-11-05 19:07:45 --> 404 Page Not Found: Assets/images
ERROR - 2019-11-05 19:07:46 --> 404 Page Not Found: Assets/images
ERROR - 2019-11-05 19:07:46 --> 404 Page Not Found: Assets/images
ERROR - 2019-11-05 19:10:18 --> 404 Page Not Found: Assets/images
ERROR - 2019-11-05 19:10:18 --> 404 Page Not Found: Assets/images
ERROR - 2019-11-05 19:10:18 --> 404 Page Not Found: Assets/images
ERROR - 2019-11-05 19:10:18 --> 404 Page Not Found: Assets/images
ERROR - 2019-11-05 20:16:09 --> 404 Page Not Found: Assets/js
ERROR - 2019-11-05 20:16:09 --> 404 Page Not Found: Assets/js
ERROR - 2019-11-05 20:16:56 --> 404 Page Not Found: Assets/images
ERROR - 2019-11-05 20:16:56 --> 404 Page Not Found: Assets/images
ERROR - 2019-11-05 20:16:56 --> 404 Page Not Found: Assets/images
ERROR - 2019-11-05 20:16:56 --> 404 Page Not Found: Assets/images
ERROR - 2019-11-05 20:17:02 --> 404 Page Not Found: Assets/images
ERROR - 2019-11-05 20:17:02 --> 404 Page Not Found: Assets/images
ERROR - 2019-11-05 20:17:02 --> 404 Page Not Found: Assets/images
ERROR - 2019-11-05 20:17:02 --> 404 Page Not Found: Assets/images
ERROR - 2019-11-05 20:17:33 --> 404 Page Not Found: Assets/js
ERROR - 2019-11-05 20:17:33 --> 404 Page Not Found: Assets/js
ERROR - 2019-11-05 20:17:56 --> 404 Page Not Found: Assets/images
ERROR - 2019-11-05 20:17:56 --> 404 Page Not Found: Assets/images
ERROR - 2019-11-05 20:17:56 --> 404 Page Not Found: Assets/images
ERROR - 2019-11-05 20:17:56 --> 404 Page Not Found: Assets/images
ERROR - 2019-11-05 20:17:57 --> 404 Page Not Found: Assets/images
ERROR - 2019-11-05 20:17:57 --> 404 Page Not Found: Assets/images
ERROR - 2019-11-05 20:17:57 --> 404 Page Not Found: Assets/images
ERROR - 2019-11-05 20:17:57 --> 404 Page Not Found: Assets/images
ERROR - 2019-11-05 20:18:43 --> 404 Page Not Found: Assets/images
ERROR - 2019-11-05 20:18:43 --> 404 Page Not Found: Assets/images
ERROR - 2019-11-05 20:18:43 --> 404 Page Not Found: Assets/images
ERROR - 2019-11-05 20:18:43 --> 404 Page Not Found: Assets/images
ERROR - 2019-11-05 20:23:06 --> 404 Page Not Found: Assets/images
ERROR - 2019-11-05 20:23:06 --> 404 Page Not Found: Assets/images
ERROR - 2019-11-05 20:23:06 --> 404 Page Not Found: Assets/images
ERROR - 2019-11-05 20:23:06 --> 404 Page Not Found: Assets/images
ERROR - 2019-11-05 20:23:10 --> 404 Page Not Found: Assets/images
ERROR - 2019-11-05 20:23:10 --> 404 Page Not Found: Assets/images
ERROR - 2019-11-05 20:23:10 --> 404 Page Not Found: Assets/images
ERROR - 2019-11-05 20:23:10 --> 404 Page Not Found: Assets/images
