ERROR - 2018-09-20 11:10:37 --> 404 Page Not Found: Assets/js
ERROR - 2018-09-20 11:10:37 --> 404 Page Not Found: Assets/js
ERROR - 2018-09-20 11:22:07 --> 404 Page Not Found: Assets/js
ERROR - 2018-09-20 11:22:07 --> 404 Page Not Found: Assets/js
ERROR - 2018-09-20 11:27:40 --> 404 Page Not Found: Assets/js
ERROR - 2018-09-20 11:27:40 --> 404 Page Not Found: Assets/js
ERROR - 2018-09-20 11:35:30 --> 404 Page Not Found: Assets/js
ERROR - 2018-09-20 11:35:30 --> 404 Page Not Found: Assets/js
ERROR - 2018-09-20 11:40:26 --> 404 Page Not Found: Assets/js
ERROR - 2018-09-20 11:40:26 --> 404 Page Not Found: Assets/js
ERROR - 2018-09-20 12:05:50 --> 404 Page Not Found: Assets/js
ERROR - 2018-09-20 12:05:50 --> 404 Page Not Found: Assets/js
ERROR - 2018-09-20 12:07:20 --> 404 Page Not Found: Assets/js
ERROR - 2018-09-20 12:07:20 --> 404 Page Not Found: Assets/js
ERROR - 2018-09-20 12:09:17 --> 404 Page Not Found: Assets/js
ERROR - 2018-09-20 12:09:17 --> 404 Page Not Found: Assets/js
ERROR - 2018-09-20 12:09:30 --> 404 Page Not Found: Atualizar_template/funcionario
ERROR - 2018-09-20 12:10:32 --> 404 Page Not Found: Assets/js
ERROR - 2018-09-20 12:10:32 --> 404 Page Not Found: Assets/js
ERROR - 2018-09-20 12:10:39 --> 404 Page Not Found: Atualizar_template/funcionario
ERROR - 2018-09-20 12:11:33 --> 404 Page Not Found: Assets/js
ERROR - 2018-09-20 12:11:33 --> 404 Page Not Found: Assets/js
ERROR - 2018-09-20 12:12:01 --> 404 Page Not Found: Atualizar_template/funcionario
ERROR - 2018-09-20 12:12:56 --> 404 Page Not Found: Assets/js
ERROR - 2018-09-20 12:12:56 --> 404 Page Not Found: Assets/js
ERROR - 2018-09-20 12:13:05 --> 404 Page Not Found: Atualizar_template/funcionario
ERROR - 2018-09-20 12:14:12 --> 404 Page Not Found: Assets/js
ERROR - 2018-09-20 12:14:12 --> 404 Page Not Found: Assets/js
ERROR - 2018-09-20 12:14:15 --> 404 Page Not Found: Atualizar_template/funcionario
ERROR - 2018-09-20 12:14:35 --> 404 Page Not Found: Atualizar_template/funcionario
ERROR - 2018-09-20 12:14:55 --> 404 Page Not Found: Atualizar_template/funcionario
ERROR - 2018-09-20 12:15:54 --> 404 Page Not Found: Assets/js
ERROR - 2018-09-20 12:15:54 --> 404 Page Not Found: Assets/js
ERROR - 2018-09-20 12:16:00 --> 404 Page Not Found: Atualizar_template/funcionario
ERROR - 2018-09-20 12:28:53 --> Severity: Notice --> Undefined offset: 0 C:\laragon\www\webpedidos\application\controllers\pedido\Template.php 498
ERROR - 2018-09-20 12:28:54 --> Severity: Notice --> Trying to get property of non-object C:\laragon\www\webpedidos\application\controllers\pedido\Template.php 498
ERROR - 2018-09-20 12:28:54 --> Severity: Notice --> Undefined offset: 0 C:\laragon\www\webpedidos\application\controllers\pedido\Template.php 499
ERROR - 2018-09-20 12:28:54 --> Severity: Notice --> Trying to get property of non-object C:\laragon\www\webpedidos\application\controllers\pedido\Template.php 499
ERROR - 2018-09-20 12:28:54 --> Severity: Notice --> Undefined offset: 0 C:\laragon\www\webpedidos\application\controllers\pedido\Template.php 500
ERROR - 2018-09-20 12:28:54 --> Severity: Notice --> Trying to get property of non-object C:\laragon\www\webpedidos\application\controllers\pedido\Template.php 500
ERROR - 2018-09-20 12:28:54 --> 404 Page Not Found: Assets/js
ERROR - 2018-09-20 12:28:54 --> 404 Page Not Found: Assets/js
ERROR - 2018-09-20 12:28:59 --> Severity: Notice --> Undefined offset: 0 C:\laragon\www\webpedidos\application\controllers\pedido\Template.php 498
ERROR - 2018-09-20 12:28:59 --> Severity: Notice --> Trying to get property of non-object C:\laragon\www\webpedidos\application\controllers\pedido\Template.php 498
ERROR - 2018-09-20 12:28:59 --> Severity: Notice --> Undefined offset: 0 C:\laragon\www\webpedidos\application\controllers\pedido\Template.php 499
ERROR - 2018-09-20 12:28:59 --> Severity: Notice --> Trying to get property of non-object C:\laragon\www\webpedidos\application\controllers\pedido\Template.php 499
ERROR - 2018-09-20 12:28:59 --> Severity: Notice --> Undefined offset: 0 C:\laragon\www\webpedidos\application\controllers\pedido\Template.php 500
ERROR - 2018-09-20 12:28:59 --> Severity: Notice --> Trying to get property of non-object C:\laragon\www\webpedidos\application\controllers\pedido\Template.php 500
ERROR - 2018-09-20 12:31:18 --> 404 Page Not Found: Assets/js
ERROR - 2018-09-20 12:31:18 --> 404 Page Not Found: Assets/js
ERROR - 2018-09-20 12:31:21 --> 404 Page Not Found: Atualizar_templat2e/69
ERROR - 2018-09-20 12:32:14 --> 404 Page Not Found: Atualizar_templat2e/69
ERROR - 2018-09-20 12:32:21 --> 404 Page Not Found: Assets/js
ERROR - 2018-09-20 12:32:21 --> 404 Page Not Found: Assets/js
ERROR - 2018-09-20 12:33:04 --> 404 Page Not Found: Atualizar_template/funcionario
ERROR - 2018-09-20 12:45:22 --> 404 Page Not Found: Assets/js
ERROR - 2018-09-20 12:45:22 --> 404 Page Not Found: Assets/js
ERROR - 2018-09-20 12:49:00 --> 404 Page Not Found: Assets/js
ERROR - 2018-09-20 12:49:00 --> 404 Page Not Found: Assets/js
ERROR - 2018-09-20 12:49:15 --> 404 Page Not Found: Atualizar_template/funcionario
ERROR - 2018-09-20 12:50:47 --> 404 Page Not Found: Atualizar_template/funcionario
ERROR - 2018-09-20 12:56:40 --> 404 Page Not Found: Atualizar_template/funcionario
ERROR - 2018-09-20 12:57:29 --> 404 Page Not Found: Assets/js
ERROR - 2018-09-20 12:57:29 --> 404 Page Not Found: Assets/js
ERROR - 2018-09-20 12:57:37 --> 404 Page Not Found: Atualizar_template/funcionario
ERROR - 2018-09-20 12:58:28 --> 404 Page Not Found: Atualizar_template/funcionario
ERROR - 2018-09-20 12:58:35 --> 404 Page Not Found: Assets/js
ERROR - 2018-09-20 12:58:35 --> 404 Page Not Found: Assets/js
ERROR - 2018-09-20 12:58:38 --> 404 Page Not Found: Atualizar_template/funcionario
ERROR - 2018-09-20 13:01:24 --> 404 Page Not Found: Assets/js
ERROR - 2018-09-20 13:01:24 --> 404 Page Not Found: Assets/js
ERROR - 2018-09-20 13:02:09 --> 404 Page Not Found: Atualizar_template/funcionario
ERROR - 2018-09-20 13:02:21 --> 404 Page Not Found: Atualizar_template/funcionario
ERROR - 2018-09-20 13:09:10 --> 404 Page Not Found: Assets/js
ERROR - 2018-09-20 13:09:10 --> 404 Page Not Found: Assets/js
ERROR - 2018-09-20 13:16:38 --> 404 Page Not Found: Assets/js
ERROR - 2018-09-20 13:16:38 --> 404 Page Not Found: Assets/js
ERROR - 2018-09-20 13:16:43 --> 404 Page Not Found: Atualizar_template/funcionario
ERROR - 2018-09-20 13:17:50 --> 404 Page Not Found: Assets/js
ERROR - 2018-09-20 13:17:50 --> 404 Page Not Found: Assets/js
ERROR - 2018-09-20 13:21:51 --> 404 Page Not Found: Assets/js
ERROR - 2018-09-20 13:21:51 --> 404 Page Not Found: Assets/js
ERROR - 2018-09-20 13:22:06 --> 404 Page Not Found: Atualizar_template/funcionario
ERROR - 2018-09-20 13:22:50 --> 404 Page Not Found: Atualizar_template/funcionario
ERROR - 2018-09-20 13:23:16 --> 404 Page Not Found: Assets/js
ERROR - 2018-09-20 13:23:16 --> 404 Page Not Found: Assets/js
ERROR - 2018-09-20 13:23:29 --> 404 Page Not Found: Atualizar_template/funcionario
ERROR - 2018-09-20 13:24:08 --> 404 Page Not Found: Atualizar_template/funcionario
ERROR - 2018-09-20 13:28:22 --> 404 Page Not Found: Assets/js
ERROR - 2018-09-20 13:28:22 --> 404 Page Not Found: Assets/js
ERROR - 2018-09-20 13:28:31 --> 404 Page Not Found: Atualizar_template/funcionario
ERROR - 2018-09-20 13:29:05 --> 404 Page Not Found: Atualizar_template/funcionario
ERROR - 2018-09-20 13:29:36 --> 404 Page Not Found: Atualizar_template/funcionario
ERROR - 2018-09-20 15:22:20 --> 404 Page Not Found: Assets/js
ERROR - 2018-09-20 15:22:21 --> 404 Page Not Found: Assets/js
ERROR - 2018-09-20 15:22:34 --> 404 Page Not Found: Atualizar_template/funcionario
ERROR - 2018-09-20 15:29:13 --> 404 Page Not Found: Assets/js
ERROR - 2018-09-20 15:29:13 --> 404 Page Not Found: Assets/js
ERROR - 2018-09-20 15:30:37 --> 404 Page Not Found: Assets/js
ERROR - 2018-09-20 15:30:37 --> 404 Page Not Found: Assets/js
ERROR - 2018-09-20 15:30:56 --> 404 Page Not Found: Atualizar_template/funcionario
ERROR - 2018-09-20 15:33:23 --> 404 Page Not Found: Assets/js
ERROR - 2018-09-20 15:33:23 --> 404 Page Not Found: Assets/js
ERROR - 2018-09-20 15:44:05 --> 404 Page Not Found: Assets/js
ERROR - 2018-09-20 15:44:05 --> 404 Page Not Found: Assets/js
ERROR - 2018-09-20 15:44:19 --> 404 Page Not Found: Atualizar_template/funcionario
ERROR - 2018-09-20 15:50:28 --> 404 Page Not Found: Assets/js
ERROR - 2018-09-20 15:50:28 --> 404 Page Not Found: Assets/js
ERROR - 2018-09-20 15:50:41 --> 404 Page Not Found: Atualizar_template/funcionario
ERROR - 2018-09-20 15:50:59 --> 404 Page Not Found: Atualizar_template/funcionario
ERROR - 2018-09-20 15:51:32 --> 404 Page Not Found: Assets/js
ERROR - 2018-09-20 15:51:32 --> 404 Page Not Found: Assets/js
ERROR - 2018-09-20 15:56:53 --> 404 Page Not Found: Assets/js
ERROR - 2018-09-20 15:56:53 --> 404 Page Not Found: Assets/js
ERROR - 2018-09-20 15:57:46 --> 404 Page Not Found: Atualizar_template/funcionario
ERROR - 2018-09-20 16:03:38 --> 404 Page Not Found: Assets/js
ERROR - 2018-09-20 16:03:38 --> 404 Page Not Found: Assets/js
ERROR - 2018-09-20 16:07:39 --> 404 Page Not Found: Assets/js
ERROR - 2018-09-20 16:07:39 --> 404 Page Not Found: Assets/js
ERROR - 2018-09-20 16:09:11 --> 404 Page Not Found: Assets/js
ERROR - 2018-09-20 16:09:12 --> 404 Page Not Found: Assets/js
ERROR - 2018-09-20 16:11:17 --> 404 Page Not Found: Assets/js
ERROR - 2018-09-20 16:11:17 --> 404 Page Not Found: Assets/js
ERROR - 2018-09-20 16:11:28 --> 404 Page Not Found: Atualizar_template/funcionario
ERROR - 2018-09-20 16:18:38 --> 404 Page Not Found: Assets/js
ERROR - 2018-09-20 16:18:38 --> 404 Page Not Found: Assets/js
ERROR - 2018-09-20 16:25:21 --> 404 Page Not Found: Assets/js
ERROR - 2018-09-20 16:25:21 --> 404 Page Not Found: Assets/js
ERROR - 2018-09-20 16:25:37 --> 404 Page Not Found: Atualizar_template/setor
ERROR - 2018-09-20 16:28:17 --> 404 Page Not Found: Assets/js
ERROR - 2018-09-20 16:28:17 --> 404 Page Not Found: Assets/js
ERROR - 2018-09-20 16:40:18 --> 404 Page Not Found: Assets/js
ERROR - 2018-09-20 16:40:18 --> 404 Page Not Found: Assets/js
ERROR - 2018-09-20 16:40:35 --> Query error: ERRO:  operador não existe: character varying = integer
LINE 5: WHERE "tf"."key_templates" = 69
                                   ^
HINT:  Nenhum operador corresponde com o nome e o(s) tipo(s) de argumento(s) informados. Você precisa adicionar conversões de tipo explícitas. - Invalid query: SELECT "tf"."codigo", "tf"."key_clientes", "f"."nome", "tf"."key_funcionarios", "s"."nome" AS "setor"
FROM "templates_funcionarios" "tf"
JOIN "funcionarios" "f" ON ("f"."matricula" = "tf"."key_funcionarios" AND "f"."key_clientes" = tf.key_clientes)
JOIN "setor" "s" ON ("s"."id_centro_custo" = "f"."key_setor" AND "s"."id_depto" = f.key_clientes)
WHERE "tf"."key_templates" = 69
ORDER BY "f"."nome" ASC
ERROR - 2018-09-20 16:40:46 --> Severity: Notice --> Undefined index: cliente C:\laragon\www\webpedidos\application\controllers\pedido\Template.php 318
ERROR - 2018-09-20 16:40:46 --> Severity: Notice --> Undefined index: cliente C:\laragon\www\webpedidos\application\controllers\pedido\Template.php 320
ERROR - 2018-09-20 16:40:46 --> Severity: Notice --> Undefined index: matricula C:\laragon\www\webpedidos\application\controllers\pedido\Template.php 322
ERROR - 2018-09-20 16:40:46 --> Severity: Notice --> Undefined index: id C:\laragon\www\webpedidos\application\controllers\pedido\Template.php 340
ERROR - 2018-09-20 16:40:46 --> Query error: ERRO:  relação "templates_funcionarios_itens" não existe
LINE 2: FROM "templates_funcionarios_itens"
             ^ - Invalid query: SELECT "key_produtos" AS "codigo", "quantidade", "key_partnumber" AS "partnumber", (SELECT preco FROM produtos WHERE codigo = key_produtos LIMIT 1) AS preco
FROM "templates_funcionarios_itens"
WHERE "key_templates_funcionarios" IS NULL
ERROR - 2018-09-20 16:41:09 --> Query error: ERRO:  operador não existe: character varying = integer
LINE 5: WHERE "tf"."key_templates" = 69
                                   ^
HINT:  Nenhum operador corresponde com o nome e o(s) tipo(s) de argumento(s) informados. Você precisa adicionar conversões de tipo explícitas. - Invalid query: SELECT "tf"."codigo", "tf"."key_clientes", "f"."nome", "tf"."key_funcionarios", "s"."nome" AS "setor"
FROM "templates_funcionarios" "tf"
JOIN "funcionarios" "f" ON ("f"."matricula" = "tf"."key_funcionarios" AND "f"."key_clientes" = tf.key_clientes)
JOIN "setor" "s" ON ("s"."id_centro_custo" = "f"."key_setor" AND "s"."id_depto" = f.key_clientes)
WHERE "tf"."key_templates" = 69
ORDER BY "f"."nome" ASC
ERROR - 2018-09-20 16:58:08 --> Query error: ERRO:  operador não existe: character varying = integer
LINE 5: WHERE "tf"."key_templates" = 69
                                   ^
HINT:  Nenhum operador corresponde com o nome e o(s) tipo(s) de argumento(s) informados. Você precisa adicionar conversões de tipo explícitas. - Invalid query: SELECT "tf"."codigo", "tf"."key_clientes", "f"."nome", "tf"."key_funcionarios", "s"."nome" AS "setor"
FROM "templates_funcionarios" "tf"
JOIN "funcionarios" "f" ON ("f"."matricula" = "tf"."key_funcionarios" AND "f"."key_clientes" = tf.key_clientes)
JOIN "setor" "s" ON ("s"."id_centro_custo" = "f"."key_setor" AND "s"."id_depto" = f.key_clientes)
WHERE "tf"."key_templates" = 69
ORDER BY "f"."nome" ASC
ERROR - 2018-09-20 16:58:33 --> Query error: ERRO:  operador não existe: character varying = integer
LINE 5: WHERE "tf"."key_templates" = 69
                                   ^
HINT:  Nenhum operador corresponde com o nome e o(s) tipo(s) de argumento(s) informados. Você precisa adicionar conversões de tipo explícitas. - Invalid query: SELECT "tf"."codigo", "tf"."key_clientes", "f"."nome", "tf"."key_funcionarios", "s"."nome" AS "setor"
FROM "templates_funcionarios" "tf"
JOIN "funcionarios" "f" ON ("f"."matricula" = "tf"."key_funcionarios" AND "f"."key_clientes" = tf.key_clientes)
JOIN "setor" "s" ON ("s"."id_centro_custo" = "f"."key_setor" AND "s"."id_depto" = f.key_clientes)
WHERE "tf"."key_templates" = 69
ORDER BY "f"."nome" ASC
ERROR - 2018-09-20 17:04:57 --> 404 Page Not Found: Assets/js
ERROR - 2018-09-20 17:04:57 --> 404 Page Not Found: Assets/js
ERROR - 2018-09-20 17:36:14 --> 404 Page Not Found: Assets/js
ERROR - 2018-09-20 17:36:15 --> 404 Page Not Found: Assets/js
