ERROR - 2019-09-26 09:24:43 --> 404 Page Not Found: Assets/js
ERROR - 2019-09-26 09:24:44 --> 404 Page Not Found: Assets/js
ERROR - 2019-09-26 09:24:53 --> 404 Page Not Found: Assets/js
ERROR - 2019-09-26 09:24:53 --> 404 Page Not Found: Assets/js
ERROR - 2019-09-26 09:24:53 --> 404 Page Not Found: Assets/js
ERROR - 2019-09-26 09:24:53 --> 404 Page Not Found: Assets/js
ERROR - 2019-09-26 09:24:55 --> Severity: error --> Exception: syntax error, unexpected ';' C:\wamp64\www\webpedidos\application\controllers\relatorio\relatorio.php 54
ERROR - 2019-09-26 09:24:58 --> 404 Page Not Found: Assets/js
ERROR - 2019-09-26 09:24:58 --> 404 Page Not Found: Assets/js
ERROR - 2019-09-26 09:26:17 --> 404 Page Not Found: Assets/js
ERROR - 2019-09-26 09:26:17 --> 404 Page Not Found: Assets/js
ERROR - 2019-09-26 09:26:42 --> 404 Page Not Found: Assets/js
ERROR - 2019-09-26 09:26:42 --> 404 Page Not Found: Assets/js
ERROR - 2019-09-26 09:27:37 --> 404 Page Not Found: Assets/js
ERROR - 2019-09-26 09:27:37 --> 404 Page Not Found: Assets/js
ERROR - 2019-09-26 09:27:37 --> Severity: error --> Exception: syntax error, unexpected ';' C:\wamp64\www\webpedidos\application\controllers\relatorio\relatorio.php 54
ERROR - 2019-09-26 09:49:19 --> 404 Page Not Found: Assets/js
ERROR - 2019-09-26 09:49:19 --> 404 Page Not Found: Assets/js
ERROR - 2019-09-26 09:59:39 --> 404 Page Not Found: Assets/js
ERROR - 2019-09-26 09:59:39 --> 404 Page Not Found: Assets/js
ERROR - 2019-09-26 09:59:49 --> 404 Page Not Found: Assets/js
ERROR - 2019-09-26 09:59:49 --> 404 Page Not Found: Assets/js
ERROR - 2019-09-26 10:00:44 --> 404 Page Not Found: Assets/js
ERROR - 2019-09-26 10:00:44 --> 404 Page Not Found: Assets/js
ERROR - 2019-09-26 10:01:21 --> 404 Page Not Found: Assets/js
ERROR - 2019-09-26 10:01:21 --> 404 Page Not Found: Assets/js
ERROR - 2019-09-26 10:01:43 --> 404 Page Not Found: Assets/js
ERROR - 2019-09-26 10:01:43 --> 404 Page Not Found: Assets/js
ERROR - 2019-09-26 10:03:09 --> 404 Page Not Found: Assets/js
ERROR - 2019-09-26 10:03:09 --> 404 Page Not Found: Assets/js
ERROR - 2019-09-26 10:03:34 --> 404 Page Not Found: Assets/js
ERROR - 2019-09-26 10:03:34 --> 404 Page Not Found: Assets/js
ERROR - 2019-09-26 10:05:11 --> 404 Page Not Found: Assets/js
ERROR - 2019-09-26 10:05:11 --> 404 Page Not Found: Assets/js
ERROR - 2019-09-26 10:05:58 --> 404 Page Not Found: Assets/js
ERROR - 2019-09-26 10:05:58 --> 404 Page Not Found: Assets/js
ERROR - 2019-09-26 10:05:59 --> 404 Page Not Found: Assets/js
ERROR - 2019-09-26 10:05:59 --> 404 Page Not Found: Assets/js
ERROR - 2019-09-26 10:07:30 --> 404 Page Not Found: Assets/js
ERROR - 2019-09-26 10:07:30 --> 404 Page Not Found: Assets/js
ERROR - 2019-09-26 10:16:20 --> 404 Page Not Found: Assets/js
ERROR - 2019-09-26 10:16:20 --> 404 Page Not Found: Assets/js
ERROR - 2019-09-26 10:21:29 --> 404 Page Not Found: Assets/js
ERROR - 2019-09-26 10:21:29 --> 404 Page Not Found: Assets/js
ERROR - 2019-09-26 10:22:49 --> 404 Page Not Found: Assets/js
ERROR - 2019-09-26 10:22:49 --> 404 Page Not Found: Assets/js
ERROR - 2019-09-26 10:23:15 --> 404 Page Not Found: Assets/js
ERROR - 2019-09-26 10:23:15 --> 404 Page Not Found: Assets/js
ERROR - 2019-09-26 10:23:21 --> Severity: error --> Exception: syntax error, unexpected '$this' (T_VARIABLE), expecting function (T_FUNCTION) or const (T_CONST) C:\wamp64\www\webpedidos\application\models\relatorio\relatorio_model.php 224
ERROR - 2019-09-26 10:25:55 --> 404 Page Not Found: Assets/js
ERROR - 2019-09-26 10:25:55 --> 404 Page Not Found: Assets/js
ERROR - 2019-09-26 10:26:03 --> Severity: error --> Exception: C:\wamp64\www\webpedidos\application\models/relatorio/Relatorio_model.php exists, but doesn't declare class Relatorio_model C:\wamp64\www\system\core\Loader.php 336
ERROR - 2019-09-26 10:27:10 --> 404 Page Not Found: Assets/js
ERROR - 2019-09-26 10:27:10 --> 404 Page Not Found: Assets/js
ERROR - 2019-09-26 10:27:15 --> Severity: error --> Exception: C:\wamp64\www\webpedidos\application\models/relatorio/Relatorio_model.php exists, but doesn't declare class Relatorio_model C:\wamp64\www\system\core\Loader.php 336
ERROR - 2019-09-26 10:28:45 --> 404 Page Not Found: Assets/js
ERROR - 2019-09-26 10:28:45 --> 404 Page Not Found: Assets/js
ERROR - 2019-09-26 10:28:51 --> Severity: error --> Exception: C:\wamp64\www\webpedidos\application\models/relatorio/Relatorio_model.php exists, but doesn't declare class Relatorio_model C:\wamp64\www\system\core\Loader.php 336
ERROR - 2019-09-26 10:35:29 --> 404 Page Not Found: Assets/js
ERROR - 2019-09-26 10:35:29 --> 404 Page Not Found: Assets/js
ERROR - 2019-09-26 10:35:35 --> 404 Page Not Found: Assets/js
ERROR - 2019-09-26 10:35:35 --> 404 Page Not Found: Assets/js
ERROR - 2019-09-26 10:38:38 --> 404 Page Not Found: Assets/js
ERROR - 2019-09-26 10:38:38 --> 404 Page Not Found: Assets/js
ERROR - 2019-09-26 10:39:26 --> 404 Page Not Found: Assets/js
ERROR - 2019-09-26 10:39:26 --> 404 Page Not Found: Assets/js
ERROR - 2019-09-26 10:39:31 --> Severity: error --> Exception: C:\wamp64\www\webpedidos\application\models/relatorio/Relatorio_model.php exists, but doesn't declare class Relatorio_model C:\wamp64\www\system\core\Loader.php 336
ERROR - 2019-09-26 10:43:14 --> 404 Page Not Found: Assets/js
ERROR - 2019-09-26 10:43:14 --> 404 Page Not Found: Assets/js
ERROR - 2019-09-26 10:43:20 --> Severity: error --> Exception: Call to undefined function AbrirDB() C:\wamp64\www\webpedidos\application\models\relatorio\relatorio_model.php 173
ERROR - 2019-09-26 10:43:32 --> 404 Page Not Found: Assets/js
ERROR - 2019-09-26 10:43:33 --> 404 Page Not Found: Assets/js
ERROR - 2019-09-26 10:43:39 --> Severity: Warning --> pg_query(): No PostgreSQL link opened yet C:\wamp64\www\webpedidos\application\models\relatorio\relatorio_model.php 193
ERROR - 2019-09-26 10:43:39 --> Severity: Warning --> pg_num_rows() expects parameter 1 to be resource, boolean given C:\wamp64\www\webpedidos\application\models\relatorio\relatorio_model.php 198
ERROR - 2019-09-26 10:43:39 --> Severity: Warning --> pg_fetch_array() expects parameter 1 to be resource, boolean given C:\wamp64\www\webpedidos\application\models\relatorio\relatorio_model.php 200
ERROR - 2019-09-26 10:43:39 --> Severity: error --> Exception: Call to undefined function FecharDB() C:\wamp64\www\webpedidos\application\models\relatorio\relatorio_model.php 215
ERROR - 2019-09-26 10:57:28 --> 404 Page Not Found: Assets/js
ERROR - 2019-09-26 10:57:28 --> 404 Page Not Found: Assets/js
ERROR - 2019-09-26 10:57:34 --> Severity: error --> Exception: Call to undefined function AbrirDB() C:\wamp64\www\webpedidos\application\models\relatorio\relatorio_model.php 188
ERROR - 2019-09-26 11:00:21 --> 404 Page Not Found: Assets/js
ERROR - 2019-09-26 11:00:21 --> 404 Page Not Found: Assets/js
ERROR - 2019-09-26 11:02:43 --> 404 Page Not Found: Assets/js
ERROR - 2019-09-26 11:02:43 --> 404 Page Not Found: Assets/js
ERROR - 2019-09-26 11:02:49 --> Severity: Warning --> pg_query(): No PostgreSQL link opened yet C:\wamp64\www\webpedidos\application\models\relatorio\relatorio_model.php 209
ERROR - 2019-09-26 11:02:49 --> Severity: Warning --> pg_num_rows() expects parameter 1 to be resource, boolean given C:\wamp64\www\webpedidos\application\models\relatorio\relatorio_model.php 214
ERROR - 2019-09-26 11:02:49 --> Severity: Warning --> pg_fetch_array() expects parameter 1 to be resource, boolean given C:\wamp64\www\webpedidos\application\models\relatorio\relatorio_model.php 216
ERROR - 2019-09-26 11:02:49 --> Severity: error --> Exception: Call to undefined function FecharDB() C:\wamp64\www\webpedidos\application\models\relatorio\relatorio_model.php 231
ERROR - 2019-09-26 11:53:58 --> 404 Page Not Found: Assets/js
ERROR - 2019-09-26 11:53:58 --> 404 Page Not Found: Assets/js
ERROR - 2019-09-26 11:58:59 --> 404 Page Not Found: Assets/js
ERROR - 2019-09-26 11:58:59 --> 404 Page Not Found: Assets/js
ERROR - 2019-09-26 11:59:06 --> Severity: error --> Exception: syntax error, unexpected '"', expecting ',' or ')' C:\wamp64\www\webpedidos\application\models\relatorio\relatorio_model.php 78
ERROR - 2019-09-26 12:08:23 --> 404 Page Not Found: Assets/js
ERROR - 2019-09-26 12:08:23 --> 404 Page Not Found: Assets/js
ERROR - 2019-09-26 12:08:28 --> Severity: error --> Exception: syntax error, unexpected '"', expecting ',' or ')' C:\wamp64\www\webpedidos\application\models\relatorio\relatorio_model.php 84
ERROR - 2019-09-26 12:08:57 --> 404 Page Not Found: Assets/js
ERROR - 2019-09-26 12:08:57 --> 404 Page Not Found: Assets/js
ERROR - 2019-09-26 12:09:07 --> Severity: error --> Exception: syntax error, unexpected '"', expecting ',' or ')' C:\wamp64\www\webpedidos\application\models\relatorio\relatorio_model.php 90
ERROR - 2019-09-26 12:09:40 --> 404 Page Not Found: Assets/js
ERROR - 2019-09-26 12:09:40 --> 404 Page Not Found: Assets/js
ERROR - 2019-09-26 12:09:44 --> Severity: error --> Exception: syntax error, unexpected '"', expecting ',' or ')' C:\wamp64\www\webpedidos\application\models\relatorio\relatorio_model.php 99
ERROR - 2019-09-26 12:11:34 --> 404 Page Not Found: Assets/js
ERROR - 2019-09-26 12:11:34 --> 404 Page Not Found: Assets/js
ERROR - 2019-09-26 12:11:50 --> 404 Page Not Found: Assets/js
ERROR - 2019-09-26 12:11:50 --> 404 Page Not Found: Assets/js
ERROR - 2019-09-26 12:11:59 --> Severity: error --> Exception: syntax error, unexpected '$this' (T_VARIABLE) C:\wamp64\www\webpedidos\application\models\relatorio\relatorio_model.php 153
ERROR - 2019-09-26 13:29:27 --> 404 Page Not Found: Assets/js
ERROR - 2019-09-26 13:29:27 --> 404 Page Not Found: Assets/js
ERROR - 2019-09-26 13:29:28 --> 404 Page Not Found: Assets/js
ERROR - 2019-09-26 13:29:28 --> 404 Page Not Found: Assets/js
ERROR - 2019-09-26 13:29:30 --> 404 Page Not Found: Assets/js
ERROR - 2019-09-26 13:29:30 --> 404 Page Not Found: Assets/js
ERROR - 2019-09-26 13:29:31 --> 404 Page Not Found: Assets/js
ERROR - 2019-09-26 13:29:31 --> 404 Page Not Found: Assets/js
ERROR - 2019-09-26 13:35:56 --> 404 Page Not Found: Assets/js
ERROR - 2019-09-26 13:35:56 --> 404 Page Not Found: Assets/js
ERROR - 2019-09-26 13:36:03 --> 404 Page Not Found: Assets/js
ERROR - 2019-09-26 13:36:03 --> 404 Page Not Found: Assets/js
ERROR - 2019-09-26 13:36:06 --> 404 Page Not Found: Assets/js
ERROR - 2019-09-26 13:36:06 --> 404 Page Not Found: Assets/js
ERROR - 2019-09-26 13:36:07 --> 404 Page Not Found: Assets/js
ERROR - 2019-09-26 13:36:07 --> 404 Page Not Found: Assets/js
ERROR - 2019-09-26 13:36:08 --> 404 Page Not Found: Assets/js
ERROR - 2019-09-26 13:36:08 --> 404 Page Not Found: Assets/js
ERROR - 2019-09-26 13:36:09 --> 404 Page Not Found: Assets/js
ERROR - 2019-09-26 13:36:09 --> 404 Page Not Found: Assets/js
ERROR - 2019-09-26 13:36:10 --> 404 Page Not Found: Assets/js
ERROR - 2019-09-26 13:36:10 --> 404 Page Not Found: Assets/js
ERROR - 2019-09-26 16:00:24 --> 404 Page Not Found: Assets/js
ERROR - 2019-09-26 16:00:24 --> 404 Page Not Found: Assets/js
ERROR - 2019-09-26 16:00:31 --> Severity: error --> Exception: syntax error, unexpected '$this' (T_VARIABLE) C:\wamp64\www\webpedidos\application\models\relatorio\relatorio_model.php 153
ERROR - 2019-09-26 16:01:38 --> 404 Page Not Found: Assets/js
ERROR - 2019-09-26 16:01:38 --> 404 Page Not Found: Assets/js
ERROR - 2019-09-26 16:01:42 --> Severity: error --> Exception: syntax error, unexpected '$this' (T_VARIABLE) C:\wamp64\www\webpedidos\application\models\relatorio\relatorio_model.php 153
ERROR - 2019-09-26 16:01:56 --> 404 Page Not Found: Assets/js
ERROR - 2019-09-26 16:01:56 --> 404 Page Not Found: Assets/js
ERROR - 2019-09-26 16:01:57 --> 404 Page Not Found: Assets/js
ERROR - 2019-09-26 16:01:57 --> 404 Page Not Found: Assets/js
ERROR - 2019-09-26 16:01:58 --> 404 Page Not Found: Assets/js
ERROR - 2019-09-26 16:01:58 --> 404 Page Not Found: Assets/js
ERROR - 2019-09-26 16:02:49 --> 404 Page Not Found: Assets/js
ERROR - 2019-09-26 16:02:49 --> 404 Page Not Found: Assets/js
ERROR - 2019-09-26 16:03:04 --> Severity: error --> Exception: syntax error, unexpected '$this' (T_VARIABLE) C:\wamp64\www\webpedidos\application\models\relatorio\relatorio_model.php 153
ERROR - 2019-09-26 16:03:55 --> 404 Page Not Found: Assets/js
ERROR - 2019-09-26 16:03:55 --> 404 Page Not Found: Assets/js
ERROR - 2019-09-26 16:03:56 --> 404 Page Not Found: Assets/js
ERROR - 2019-09-26 16:03:56 --> 404 Page Not Found: Assets/js
ERROR - 2019-09-26 16:03:57 --> 404 Page Not Found: Assets/js
ERROR - 2019-09-26 16:03:57 --> 404 Page Not Found: Assets/js
ERROR - 2019-09-26 16:03:58 --> 404 Page Not Found: Assets/js
ERROR - 2019-09-26 16:03:58 --> 404 Page Not Found: Assets/js
ERROR - 2019-09-26 16:04:07 --> Severity: error --> Exception: syntax error, unexpected '$this' (T_VARIABLE) C:\wamp64\www\webpedidos\application\models\relatorio\relatorio_model.php 153
ERROR - 2019-09-26 16:04:32 --> 404 Page Not Found: Assets/js
ERROR - 2019-09-26 16:04:32 --> 404 Page Not Found: Assets/js
ERROR - 2019-09-26 16:05:50 --> 404 Page Not Found: Assets/js
ERROR - 2019-09-26 16:05:50 --> 404 Page Not Found: Assets/js
ERROR - 2019-09-26 16:05:51 --> 404 Page Not Found: Assets/js
ERROR - 2019-09-26 16:05:51 --> 404 Page Not Found: Assets/js
ERROR - 2019-09-26 16:05:57 --> Severity: error --> Exception: syntax error, unexpected '$this' (T_VARIABLE) C:\wamp64\www\webpedidos\application\models\relatorio\relatorio_model.php 153
ERROR - 2019-09-26 16:06:04 --> 404 Page Not Found: Assets/js
ERROR - 2019-09-26 16:06:04 --> 404 Page Not Found: Assets/js
ERROR - 2019-09-26 16:06:05 --> Severity: error --> Exception: syntax error, unexpected '$this' (T_VARIABLE) C:\wamp64\www\webpedidos\application\models\relatorio\relatorio_model.php 153
ERROR - 2019-09-26 16:06:16 --> Severity: error --> Exception: syntax error, unexpected '$this' (T_VARIABLE) C:\wamp64\www\webpedidos\application\models\relatorio\relatorio_model.php 153
ERROR - 2019-09-26 16:08:09 --> 404 Page Not Found: Assets/js
ERROR - 2019-09-26 16:08:09 --> 404 Page Not Found: Assets/js
ERROR - 2019-09-26 16:08:13 --> Severity: error --> Exception: syntax error, unexpected '$this' (T_VARIABLE) C:\wamp64\www\webpedidos\application\models\relatorio\relatorio_model.php 153
ERROR - 2019-09-26 16:08:35 --> 404 Page Not Found: Assets/js
ERROR - 2019-09-26 16:08:35 --> 404 Page Not Found: Assets/js
ERROR - 2019-09-26 16:08:37 --> 404 Page Not Found: Assets/js
ERROR - 2019-09-26 16:08:37 --> 404 Page Not Found: Assets/js
ERROR - 2019-09-26 16:08:41 --> Severity: error --> Exception: syntax error, unexpected '$this' (T_VARIABLE) C:\wamp64\www\webpedidos\application\models\relatorio\relatorio_model.php 153
ERROR - 2019-09-26 16:09:01 --> 404 Page Not Found: Assets/js
ERROR - 2019-09-26 16:09:01 --> 404 Page Not Found: Assets/js
ERROR - 2019-09-26 16:09:02 --> 404 Page Not Found: Assets/js
ERROR - 2019-09-26 16:09:02 --> 404 Page Not Found: Assets/js
ERROR - 2019-09-26 16:09:07 --> Severity: error --> Exception: syntax error, unexpected '$this' (T_VARIABLE) C:\wamp64\www\webpedidos\application\models\relatorio\relatorio_model.php 153
ERROR - 2019-09-26 16:10:19 --> 404 Page Not Found: Assets/js
ERROR - 2019-09-26 16:10:19 --> 404 Page Not Found: Assets/js
ERROR - 2019-09-26 16:10:22 --> Severity: error --> Exception: syntax error, unexpected 'R' (T_STRING), expecting ',' or ')' C:\wamp64\www\webpedidos\application\models\relatorio\relatorio_model.php 157
ERROR - 2019-09-26 16:11:44 --> 404 Page Not Found: Assets/js
ERROR - 2019-09-26 16:11:44 --> 404 Page Not Found: Assets/js
ERROR - 2019-09-26 16:11:51 --> Severity: error --> Exception: syntax error, unexpected 'EM' (T_STRING), expecting ',' or ')' C:\wamp64\www\webpedidos\application\models\relatorio\relatorio_model.php 171
ERROR - 2019-09-26 16:12:11 --> 404 Page Not Found: Assets/js
ERROR - 2019-09-26 16:12:11 --> 404 Page Not Found: Assets/js
ERROR - 2019-09-26 16:12:16 --> Severity: Notice --> Undefined property: Relatorio::$database C:\wamp64\www\system\core\Model.php 77
ERROR - 2019-09-26 16:12:16 --> Severity: error --> Exception: Call to a member function trans_start() on null C:\wamp64\www\webpedidos\application\models\relatorio\relatorio_model.php 152
ERROR - 2019-09-26 16:12:39 --> 404 Page Not Found: Assets/js
ERROR - 2019-09-26 16:12:39 --> 404 Page Not Found: Assets/js
ERROR - 2019-09-26 16:12:40 --> 404 Page Not Found: Assets/js
ERROR - 2019-09-26 16:12:40 --> 404 Page Not Found: Assets/js
ERROR - 2019-09-26 16:12:48 --> Severity: Notice --> Undefined property: Relatorio::$database C:\wamp64\www\system\core\Model.php 77
ERROR - 2019-09-26 16:12:48 --> Severity: error --> Exception: Call to a member function trans_start() on null C:\wamp64\www\webpedidos\application\models\relatorio\relatorio_model.php 152
ERROR - 2019-09-26 16:13:43 --> 404 Page Not Found: Assets/js
ERROR - 2019-09-26 16:13:43 --> 404 Page Not Found: Assets/js
ERROR - 2019-09-26 16:13:49 --> Severity: Notice --> Undefined property: Relatorio::$db C:\wamp64\www\system\core\Model.php 77
ERROR - 2019-09-26 16:13:49 --> Severity: error --> Exception: Call to a member function trans_start() on null C:\wamp64\www\webpedidos\application\models\relatorio\relatorio_model.php 152
ERROR - 2019-09-26 16:14:33 --> 404 Page Not Found: Assets/js
ERROR - 2019-09-26 16:14:33 --> 404 Page Not Found: Assets/js
ERROR - 2019-09-26 16:14:40 --> Severity: Notice --> Undefined property: Relatorio::$db C:\wamp64\www\system\core\Model.php 77
ERROR - 2019-09-26 16:14:40 --> Severity: error --> Exception: Call to a member function trans_start() on null C:\wamp64\www\webpedidos\application\models\relatorio\relatorio_model.php 73
ERROR - 2019-09-26 16:15:26 --> 404 Page Not Found: Assets/js
ERROR - 2019-09-26 16:15:26 --> 404 Page Not Found: Assets/js
ERROR - 2019-09-26 16:15:27 --> 404 Page Not Found: Assets/js
ERROR - 2019-09-26 16:15:27 --> 404 Page Not Found: Assets/js
ERROR - 2019-09-26 16:15:32 --> Severity: Notice --> Undefined property: Relatorio::$db C:\wamp64\www\system\core\Model.php 77
ERROR - 2019-09-26 16:15:32 --> Severity: error --> Exception: Call to a member function trans_start() on null C:\wamp64\www\webpedidos\application\models\relatorio\relatorio_model.php 73
ERROR - 2019-09-26 16:16:16 --> 404 Page Not Found: Assets/js
ERROR - 2019-09-26 16:16:16 --> 404 Page Not Found: Assets/js
ERROR - 2019-09-26 16:16:21 --> Severity: Notice --> Undefined property: Relatorio::$db C:\wamp64\www\system\core\Model.php 77
ERROR - 2019-09-26 16:16:21 --> Severity: error --> Exception: Call to a member function trans_start() on null C:\wamp64\www\webpedidos\application\models\relatorio\relatorio_model.php 73
ERROR - 2019-09-26 16:17:20 --> 404 Page Not Found: Assets/js
ERROR - 2019-09-26 16:17:20 --> 404 Page Not Found: Assets/js
ERROR - 2019-09-26 16:17:26 --> Severity: Notice --> Undefined property: Relatorio::$db C:\wamp64\www\system\core\Model.php 77
ERROR - 2019-09-26 16:17:26 --> Severity: error --> Exception: Call to a member function trans_start() on null C:\wamp64\www\webpedidos\application\models\relatorio\relatorio_model.php 152
ERROR - 2019-09-26 16:17:54 --> 404 Page Not Found: Assets/js
ERROR - 2019-09-26 16:17:54 --> 404 Page Not Found: Assets/js
ERROR - 2019-09-26 16:17:58 --> Severity: Notice --> Undefined property: Relatorio::$db C:\wamp64\www\system\core\Model.php 77
ERROR - 2019-09-26 16:17:58 --> Severity: error --> Exception: Call to a member function join() on null C:\wamp64\www\webpedidos\application\models\relatorio\relatorio_model.php 135
ERROR - 2019-09-26 16:18:31 --> 404 Page Not Found: Assets/js
ERROR - 2019-09-26 16:18:31 --> 404 Page Not Found: Assets/js
ERROR - 2019-09-26 16:18:42 --> Severity: Notice --> Undefined property: Relatorio::$db C:\wamp64\www\system\core\Model.php 77
ERROR - 2019-09-26 16:18:42 --> Severity: error --> Exception: Call to a member function join() on null C:\wamp64\www\webpedidos\application\models\relatorio\relatorio_model.php 135
ERROR - 2019-09-26 16:19:01 --> 404 Page Not Found: Assets/js
ERROR - 2019-09-26 16:19:01 --> 404 Page Not Found: Assets/js
ERROR - 2019-09-26 16:19:07 --> Severity: Notice --> Undefined property: Relatorio::$db C:\wamp64\www\system\core\Model.php 77
ERROR - 2019-09-26 16:19:07 --> Severity: error --> Exception: Call to a member function join() on null C:\wamp64\www\webpedidos\application\models\relatorio\relatorio_model.php 135
ERROR - 2019-09-26 17:15:17 --> 404 Page Not Found: Assets/js
ERROR - 2019-09-26 17:15:17 --> 404 Page Not Found: Assets/js
ERROR - 2019-09-26 17:15:29 --> 404 Page Not Found: Assets/js
ERROR - 2019-09-26 17:15:29 --> 404 Page Not Found: Assets/js
ERROR - 2019-09-26 17:15:40 --> Severity: Notice --> Undefined property: Relatorio::$db C:\wamp64\www\system\core\Model.php 77
ERROR - 2019-09-26 17:15:40 --> Severity: error --> Exception: Call to a member function join() on null C:\wamp64\www\webpedidos\application\models\relatorio\relatorio_model.php 135
