ERROR - 2019-08-13 14:21:02 --> 404 Page Not Found: Assets/js
ERROR - 2019-08-13 14:21:02 --> 404 Page Not Found: Assets/js
ERROR - 2019-08-13 14:21:27 --> 404 Page Not Found: Assets/js
ERROR - 2019-08-13 14:21:28 --> 404 Page Not Found: Assets/js
ERROR - 2019-08-13 14:21:31 --> 404 Page Not Found: Assets/js
ERROR - 2019-08-13 14:21:31 --> 404 Page Not Found: Assets/js
ERROR - 2019-08-13 14:22:37 --> 404 Page Not Found: Assets/js
ERROR - 2019-08-13 14:22:37 --> 404 Page Not Found: Assets/js
ERROR - 2019-08-13 14:22:44 --> 404 Page Not Found: Assets/js
ERROR - 2019-08-13 14:22:44 --> 404 Page Not Found: Assets/js
ERROR - 2019-08-13 14:22:47 --> 404 Page Not Found: Assets/js
ERROR - 2019-08-13 14:22:47 --> 404 Page Not Found: Assets/js
ERROR - 2019-08-13 14:23:08 --> 404 Page Not Found: Assets/js
ERROR - 2019-08-13 14:23:08 --> 404 Page Not Found: Assets/js
ERROR - 2019-08-13 14:52:24 --> 404 Page Not Found: Assets/js
ERROR - 2019-08-13 14:52:24 --> 404 Page Not Found: Assets/js
ERROR - 2019-08-13 14:52:42 --> 404 Page Not Found: Assets/images
ERROR - 2019-08-13 14:52:42 --> 404 Page Not Found: Assets/images
ERROR - 2019-08-13 15:05:39 --> 404 Page Not Found: Assets/js
ERROR - 2019-08-13 15:05:39 --> 404 Page Not Found: Assets/js
ERROR - 2019-08-13 15:07:46 --> 404 Page Not Found: Assets/images
ERROR - 2019-08-13 15:07:46 --> 404 Page Not Found: Assets/images
ERROR - 2019-08-13 15:19:48 --> 404 Page Not Found: Assets/js
ERROR - 2019-08-13 15:19:48 --> 404 Page Not Found: Assets/js
ERROR - 2019-08-13 15:39:25 --> 404 Page Not Found: Assets/js
ERROR - 2019-08-13 15:39:25 --> 404 Page Not Found: Assets/js
ERROR - 2019-08-13 15:39:28 --> 404 Page Not Found: Assets/js
ERROR - 2019-08-13 15:39:28 --> 404 Page Not Found: Assets/js
ERROR - 2019-08-13 15:47:27 --> 404 Page Not Found: Assets/js
ERROR - 2019-08-13 15:47:27 --> 404 Page Not Found: Assets/js
ERROR - 2019-08-13 15:48:09 --> 404 Page Not Found: Assets/js
ERROR - 2019-08-13 15:48:09 --> 404 Page Not Found: Assets/js
ERROR - 2019-08-13 15:48:51 --> 404 Page Not Found: Assets/images
ERROR - 2019-08-13 15:48:51 --> 404 Page Not Found: Assets/images
ERROR - 2019-08-13 15:52:52 --> 404 Page Not Found: Assets/js
ERROR - 2019-08-13 15:52:52 --> 404 Page Not Found: Assets/js
ERROR - 2019-08-13 16:26:39 --> 404 Page Not Found: Assets/js
ERROR - 2019-08-13 16:26:39 --> 404 Page Not Found: Assets/js
ERROR - 2019-08-13 16:26:50 --> Severity: Notice --> Undefined variable: funcionario C:\wamp64\www\webpedidos\application\controllers\pedido\Template.php 566
ERROR - 2019-08-13 16:26:50 --> Severity: Notice --> Undefined variable: funcionario C:\wamp64\www\webpedidos\application\controllers\pedido\Template.php 567
ERROR - 2019-08-13 16:26:50 --> Severity: Notice --> Undefined variable: resumo_produto C:\wamp64\www\webpedidos\application\controllers\pedido\Template.php 569
ERROR - 2019-08-13 16:26:50 --> Severity: Notice --> Undefined variable: funcionario C:\wamp64\www\webpedidos\application\controllers\pedido\Template.php 570
ERROR - 2019-08-13 16:26:50 --> Severity: Notice --> Undefined variable: funcionario C:\wamp64\www\webpedidos\application\controllers\pedido\Template.php 571
ERROR - 2019-08-13 16:26:50 --> Severity: Notice --> Undefined variable: funcionario C:\wamp64\www\webpedidos\application\controllers\pedido\Template.php 566
ERROR - 2019-08-13 16:26:50 --> Severity: Notice --> Undefined variable: funcionario C:\wamp64\www\webpedidos\application\controllers\pedido\Template.php 567
ERROR - 2019-08-13 16:26:50 --> Severity: Notice --> Undefined variable: resumo_produto C:\wamp64\www\webpedidos\application\controllers\pedido\Template.php 569
ERROR - 2019-08-13 16:26:50 --> Severity: Notice --> Undefined variable: funcionario C:\wamp64\www\webpedidos\application\controllers\pedido\Template.php 570
ERROR - 2019-08-13 16:26:50 --> Severity: Notice --> Undefined variable: funcionario C:\wamp64\www\webpedidos\application\controllers\pedido\Template.php 571
ERROR - 2019-08-13 16:33:20 --> 404 Page Not Found: Assets/js
ERROR - 2019-08-13 16:33:20 --> 404 Page Not Found: Assets/js
ERROR - 2019-08-13 16:33:21 --> 404 Page Not Found: Assets/js
ERROR - 2019-08-13 16:33:21 --> 404 Page Not Found: Assets/js
ERROR - 2019-08-13 16:33:33 --> Severity: Notice --> Undefined variable: funcionario C:\wamp64\www\webpedidos\application\controllers\pedido\Template.php 566
ERROR - 2019-08-13 16:33:33 --> Severity: Notice --> Undefined variable: funcionario C:\wamp64\www\webpedidos\application\controllers\pedido\Template.php 567
ERROR - 2019-08-13 16:33:33 --> Severity: Notice --> Undefined variable: resumo_produto C:\wamp64\www\webpedidos\application\controllers\pedido\Template.php 569
ERROR - 2019-08-13 16:33:33 --> Severity: Notice --> Undefined variable: funcionario C:\wamp64\www\webpedidos\application\controllers\pedido\Template.php 570
ERROR - 2019-08-13 16:33:33 --> Severity: Notice --> Undefined variable: funcionario C:\wamp64\www\webpedidos\application\controllers\pedido\Template.php 571
ERROR - 2019-08-13 16:33:33 --> Severity: Notice --> Undefined variable: funcionario C:\wamp64\www\webpedidos\application\controllers\pedido\Template.php 566
ERROR - 2019-08-13 16:33:33 --> Severity: Notice --> Undefined variable: funcionario C:\wamp64\www\webpedidos\application\controllers\pedido\Template.php 567
ERROR - 2019-08-13 16:33:33 --> Severity: Notice --> Undefined variable: resumo_produto C:\wamp64\www\webpedidos\application\controllers\pedido\Template.php 569
ERROR - 2019-08-13 16:33:33 --> Severity: Notice --> Undefined variable: funcionario C:\wamp64\www\webpedidos\application\controllers\pedido\Template.php 570
ERROR - 2019-08-13 16:33:33 --> Severity: Notice --> Undefined variable: funcionario C:\wamp64\www\webpedidos\application\controllers\pedido\Template.php 571
ERROR - 2019-08-13 17:08:22 --> 404 Page Not Found: Assets/js
ERROR - 2019-08-13 17:08:22 --> 404 Page Not Found: Assets/js
ERROR - 2019-08-13 17:09:03 --> 404 Page Not Found: Assets/js
ERROR - 2019-08-13 17:09:03 --> 404 Page Not Found: Assets/js
ERROR - 2019-08-13 17:09:15 --> Severity: Notice --> Undefined variable: funcionario C:\wamp64\www\webpedidos\application\controllers\pedido\Template.php 566
ERROR - 2019-08-13 17:09:15 --> Severity: Notice --> Undefined variable: funcionario C:\wamp64\www\webpedidos\application\controllers\pedido\Template.php 567
ERROR - 2019-08-13 17:09:15 --> Severity: Notice --> Undefined variable: resumo_produto C:\wamp64\www\webpedidos\application\controllers\pedido\Template.php 569
ERROR - 2019-08-13 17:09:15 --> Severity: Notice --> Undefined variable: funcionario C:\wamp64\www\webpedidos\application\controllers\pedido\Template.php 570
ERROR - 2019-08-13 17:09:15 --> Severity: Notice --> Undefined variable: funcionario C:\wamp64\www\webpedidos\application\controllers\pedido\Template.php 571
ERROR - 2019-08-13 17:09:15 --> Severity: Notice --> Undefined variable: funcionario C:\wamp64\www\webpedidos\application\controllers\pedido\Template.php 566
ERROR - 2019-08-13 17:09:15 --> Severity: Notice --> Undefined variable: funcionario C:\wamp64\www\webpedidos\application\controllers\pedido\Template.php 567
ERROR - 2019-08-13 17:09:15 --> Severity: Notice --> Undefined variable: resumo_produto C:\wamp64\www\webpedidos\application\controllers\pedido\Template.php 569
ERROR - 2019-08-13 17:09:15 --> Severity: Notice --> Undefined variable: funcionario C:\wamp64\www\webpedidos\application\controllers\pedido\Template.php 570
ERROR - 2019-08-13 17:09:15 --> Severity: Notice --> Undefined variable: funcionario C:\wamp64\www\webpedidos\application\controllers\pedido\Template.php 571
ERROR - 2019-08-13 17:10:12 --> 404 Page Not Found: Assets/js
ERROR - 2019-08-13 17:10:12 --> 404 Page Not Found: Assets/js
ERROR - 2019-08-13 17:10:40 --> 404 Page Not Found: Assets/images
ERROR - 2019-08-13 17:10:40 --> 404 Page Not Found: Assets/images
ERROR - 2019-08-13 17:10:40 --> 404 Page Not Found: Assets/images
ERROR - 2019-08-13 17:10:40 --> 404 Page Not Found: Assets/images
ERROR - 2019-08-13 17:15:35 --> Severity: Notice --> Undefined variable: funcionario C:\wamp64\www\webpedidos\application\controllers\pedido\Template.php 566
ERROR - 2019-08-13 17:15:35 --> Severity: Notice --> Undefined variable: funcionario C:\wamp64\www\webpedidos\application\controllers\pedido\Template.php 567
ERROR - 2019-08-13 17:15:35 --> Severity: Notice --> Undefined variable: resumo_produto C:\wamp64\www\webpedidos\application\controllers\pedido\Template.php 569
ERROR - 2019-08-13 17:15:35 --> Severity: Notice --> Undefined variable: funcionario C:\wamp64\www\webpedidos\application\controllers\pedido\Template.php 570
ERROR - 2019-08-13 17:15:35 --> Severity: Notice --> Undefined variable: funcionario C:\wamp64\www\webpedidos\application\controllers\pedido\Template.php 571
ERROR - 2019-08-13 17:15:36 --> Severity: Notice --> Undefined variable: funcionario C:\wamp64\www\webpedidos\application\controllers\pedido\Template.php 566
ERROR - 2019-08-13 17:15:36 --> Severity: Notice --> Undefined variable: funcionario C:\wamp64\www\webpedidos\application\controllers\pedido\Template.php 567
ERROR - 2019-08-13 17:15:36 --> Severity: Notice --> Undefined variable: resumo_produto C:\wamp64\www\webpedidos\application\controllers\pedido\Template.php 569
ERROR - 2019-08-13 17:15:36 --> Severity: Notice --> Undefined variable: funcionario C:\wamp64\www\webpedidos\application\controllers\pedido\Template.php 570
ERROR - 2019-08-13 17:15:36 --> Severity: Notice --> Undefined variable: funcionario C:\wamp64\www\webpedidos\application\controllers\pedido\Template.php 571
ERROR - 2019-08-13 17:18:15 --> 404 Page Not Found: Assets/js
ERROR - 2019-08-13 17:18:15 --> 404 Page Not Found: Assets/js
ERROR - 2019-08-13 17:18:33 --> Severity: Notice --> Undefined variable: resumo_produto C:\wamp64\www\webpedidos\application\controllers\pedido\Template.php 569
ERROR - 2019-08-13 17:18:33 --> Severity: Notice --> Undefined variable: resumo_produto C:\wamp64\www\webpedidos\application\controllers\pedido\Template.php 569
ERROR - 2019-08-13 17:21:19 --> 404 Page Not Found: Assets/js
ERROR - 2019-08-13 17:21:19 --> 404 Page Not Found: Assets/js
ERROR - 2019-08-13 17:21:39 --> Severity: Notice --> Undefined variable: produtos C:\wamp64\www\webpedidos\application\controllers\pedido\Template.php 564
ERROR - 2019-08-13 17:21:39 --> Severity: Warning --> Invalid argument supplied for foreach() C:\wamp64\www\webpedidos\application\controllers\pedido\Template.php 564
ERROR - 2019-08-13 17:21:39 --> Severity: Notice --> Undefined variable: resumo_produto C:\wamp64\www\webpedidos\application\controllers\pedido\Template.php 580
ERROR - 2019-08-13 17:21:39 --> Severity: Notice --> Undefined variable: produtos C:\wamp64\www\webpedidos\application\controllers\pedido\Template.php 564
ERROR - 2019-08-13 17:21:39 --> Severity: Warning --> Invalid argument supplied for foreach() C:\wamp64\www\webpedidos\application\controllers\pedido\Template.php 564
ERROR - 2019-08-13 17:21:39 --> Severity: Notice --> Undefined variable: resumo_produto C:\wamp64\www\webpedidos\application\controllers\pedido\Template.php 580
ERROR - 2019-08-13 17:26:44 --> 404 Page Not Found: Assets/js
ERROR - 2019-08-13 17:26:44 --> 404 Page Not Found: Assets/js
ERROR - 2019-08-13 17:30:18 --> 404 Page Not Found: Assets/js
ERROR - 2019-08-13 17:30:18 --> 404 Page Not Found: Assets/js
ERROR - 2019-08-13 17:30:19 --> 404 Page Not Found: Assets/js
ERROR - 2019-08-13 17:30:19 --> 404 Page Not Found: Assets/js
ERROR - 2019-08-13 17:30:37 --> Severity: Warning --> Invalid argument supplied for foreach() C:\wamp64\www\webpedidos\application\controllers\pedido\Template.php 566
ERROR - 2019-08-13 17:30:37 --> Severity: Notice --> Undefined variable: resumo_produto C:\wamp64\www\webpedidos\application\controllers\pedido\Template.php 582
ERROR - 2019-08-13 17:30:37 --> Severity: Warning --> Invalid argument supplied for foreach() C:\wamp64\www\webpedidos\application\controllers\pedido\Template.php 566
ERROR - 2019-08-13 17:30:37 --> Severity: Notice --> Undefined variable: resumo_produto C:\wamp64\www\webpedidos\application\controllers\pedido\Template.php 582
ERROR - 2019-08-13 17:31:46 --> 404 Page Not Found: Assets/js
ERROR - 2019-08-13 17:31:46 --> 404 Page Not Found: Assets/js
ERROR - 2019-08-13 17:32:01 --> Severity: Warning --> Invalid argument supplied for foreach() C:\wamp64\www\webpedidos\application\controllers\pedido\Template.php 566
ERROR - 2019-08-13 17:32:01 --> Severity: Notice --> Undefined variable: resumo_produto C:\wamp64\www\webpedidos\application\controllers\pedido\Template.php 582
ERROR - 2019-08-13 17:32:01 --> Severity: Warning --> Invalid argument supplied for foreach() C:\wamp64\www\webpedidos\application\controllers\pedido\Template.php 566
ERROR - 2019-08-13 17:32:01 --> Severity: Notice --> Undefined variable: resumo_produto C:\wamp64\www\webpedidos\application\controllers\pedido\Template.php 582
ERROR - 2019-08-13 17:33:10 --> 404 Page Not Found: Assets/js
ERROR - 2019-08-13 17:33:10 --> 404 Page Not Found: Assets/js
ERROR - 2019-08-13 17:33:32 --> Severity: Warning --> Invalid argument supplied for foreach() C:\wamp64\www\webpedidos\application\controllers\pedido\Template.php 570
ERROR - 2019-08-13 17:33:32 --> Severity: Notice --> Undefined variable: resumo_produto C:\wamp64\www\webpedidos\application\controllers\pedido\Template.php 586
ERROR - 2019-08-13 17:33:32 --> Severity: Warning --> Invalid argument supplied for foreach() C:\wamp64\www\webpedidos\application\controllers\pedido\Template.php 570
ERROR - 2019-08-13 17:33:32 --> Severity: Notice --> Undefined variable: resumo_produto C:\wamp64\www\webpedidos\application\controllers\pedido\Template.php 586
ERROR - 2019-08-13 17:35:43 --> 404 Page Not Found: Assets/js
ERROR - 2019-08-13 17:35:43 --> 404 Page Not Found: Assets/js
ERROR - 2019-08-13 17:35:53 --> Severity: Warning --> Invalid argument supplied for foreach() C:\wamp64\www\webpedidos\application\controllers\pedido\Template.php 571
ERROR - 2019-08-13 17:35:53 --> Severity: Notice --> Undefined variable: resumo_produto C:\wamp64\www\webpedidos\application\controllers\pedido\Template.php 587
ERROR - 2019-08-13 17:35:53 --> Severity: Warning --> Invalid argument supplied for foreach() C:\wamp64\www\webpedidos\application\controllers\pedido\Template.php 571
ERROR - 2019-08-13 17:35:53 --> Severity: Notice --> Undefined variable: resumo_produto C:\wamp64\www\webpedidos\application\controllers\pedido\Template.php 587
ERROR - 2019-08-13 19:56:20 --> 404 Page Not Found: Assets/js
ERROR - 2019-08-13 19:56:20 --> 404 Page Not Found: Assets/js
ERROR - 2019-08-13 19:56:30 --> Severity: Warning --> Invalid argument supplied for foreach() C:\wamp64\www\webpedidos\application\controllers\pedido\Template.php 571
ERROR - 2019-08-13 19:56:30 --> Severity: Notice --> Undefined variable: resumo_produto C:\wamp64\www\webpedidos\application\controllers\pedido\Template.php 587
ERROR - 2019-08-13 19:56:30 --> Severity: Warning --> Invalid argument supplied for foreach() C:\wamp64\www\webpedidos\application\controllers\pedido\Template.php 571
ERROR - 2019-08-13 19:56:30 --> Severity: Notice --> Undefined variable: resumo_produto C:\wamp64\www\webpedidos\application\controllers\pedido\Template.php 587
ERROR - 2019-08-13 19:56:57 --> 404 Page Not Found: Assets/js
ERROR - 2019-08-13 19:56:57 --> 404 Page Not Found: Assets/js
ERROR - 2019-08-13 19:57:07 --> Severity: Warning --> Invalid argument supplied for foreach() C:\wamp64\www\webpedidos\application\controllers\pedido\Template.php 571
ERROR - 2019-08-13 19:57:07 --> Severity: Notice --> Undefined variable: resumo_produto C:\wamp64\www\webpedidos\application\controllers\pedido\Template.php 587
ERROR - 2019-08-13 19:57:07 --> Severity: Warning --> Invalid argument supplied for foreach() C:\wamp64\www\webpedidos\application\controllers\pedido\Template.php 571
ERROR - 2019-08-13 19:57:07 --> Severity: Notice --> Undefined variable: resumo_produto C:\wamp64\www\webpedidos\application\controllers\pedido\Template.php 587
ERROR - 2019-08-13 20:00:16 --> 404 Page Not Found: Assets/js
ERROR - 2019-08-13 20:00:16 --> 404 Page Not Found: Assets/js
ERROR - 2019-08-13 20:00:17 --> 404 Page Not Found: Assets/js
ERROR - 2019-08-13 20:00:17 --> 404 Page Not Found: Assets/js
ERROR - 2019-08-13 20:00:27 --> Severity: Warning --> Invalid argument supplied for foreach() C:\wamp64\www\webpedidos\application\controllers\pedido\Template.php 571
ERROR - 2019-08-13 20:00:27 --> Severity: Notice --> Undefined variable: resumo_produto C:\wamp64\www\webpedidos\application\controllers\pedido\Template.php 587
ERROR - 2019-08-13 20:00:27 --> Severity: Warning --> Invalid argument supplied for foreach() C:\wamp64\www\webpedidos\application\controllers\pedido\Template.php 571
ERROR - 2019-08-13 20:00:27 --> Severity: Notice --> Undefined variable: resumo_produto C:\wamp64\www\webpedidos\application\controllers\pedido\Template.php 587
