ERROR - 2019-08-25 21:30:21 --> 404 Page Not Found: Assets/js
ERROR - 2019-08-25 21:30:21 --> 404 Page Not Found: Assets/js
ERROR - 2019-08-25 21:32:03 --> 404 Page Not Found: Assets/js
ERROR - 2019-08-25 21:32:03 --> 404 Page Not Found: Assets/js
ERROR - 2019-08-25 21:33:11 --> 404 Page Not Found: Assets/js
ERROR - 2019-08-25 21:33:11 --> 404 Page Not Found: Assets/js
ERROR - 2019-08-25 21:36:26 --> 404 Page Not Found: Assets/js
ERROR - 2019-08-25 21:36:26 --> 404 Page Not Found: Assets/js
ERROR - 2019-08-25 21:37:14 --> 404 Page Not Found: Assets/js
ERROR - 2019-08-25 21:37:14 --> 404 Page Not Found: Assets/js
ERROR - 2019-08-25 21:39:54 --> 404 Page Not Found: Assets/js
ERROR - 2019-08-25 21:39:54 --> 404 Page Not Found: Assets/js
ERROR - 2019-08-25 21:57:44 --> 404 Page Not Found: Assets/js
ERROR - 2019-08-25 21:57:44 --> 404 Page Not Found: Assets/js
ERROR - 2019-08-25 21:58:00 --> Severity: Notice --> Undefined variable: key C:\wamp64\www\webpedidos\application\models\usuario\Usuario_model.php 152
ERROR - 2019-08-25 22:09:21 --> 404 Page Not Found: Assets/js
ERROR - 2019-08-25 22:09:21 --> 404 Page Not Found: Assets/js
ERROR - 2019-08-25 22:09:30 --> Severity: Notice --> Undefined variable: key C:\wamp64\www\webpedidos\application\models\usuario\Usuario_model.php 152
ERROR - 2019-08-25 22:09:39 --> 404 Page Not Found: Assets/js
ERROR - 2019-08-25 22:09:39 --> 404 Page Not Found: Assets/js
ERROR - 2019-08-25 22:09:56 --> Severity: Notice --> Undefined variable: key C:\wamp64\www\webpedidos\application\models\usuario\Usuario_model.php 152
ERROR - 2019-08-25 22:10:09 --> Severity: Notice --> Undefined variable: key C:\wamp64\www\webpedidos\application\models\usuario\Usuario_model.php 152
ERROR - 2019-08-25 22:10:11 --> 404 Page Not Found: Assets/js
ERROR - 2019-08-25 22:10:11 --> 404 Page Not Found: Assets/js
ERROR - 2019-08-25 22:14:54 --> 404 Page Not Found: Assets/js
ERROR - 2019-08-25 22:14:54 --> 404 Page Not Found: Assets/js
ERROR - 2019-08-25 22:15:05 --> Severity: Notice --> Undefined variable: key C:\wamp64\www\webpedidos\application\models\usuario\Usuario_model.php 152
ERROR - 2019-08-25 22:24:03 --> 404 Page Not Found: Assets/js
ERROR - 2019-08-25 22:24:03 --> 404 Page Not Found: Assets/js
ERROR - 2019-08-25 22:24:27 --> Severity: Notice --> Undefined property: Usuario::$senha C:\wamp64\www\webpedidos\application\controllers\usuario\Usuario.php 105
ERROR - 2019-08-25 22:24:27 --> Severity: Notice --> Undefined variable: mensagem C:\wamp64\www\webpedidos\application\models\usuario\Usuario_model.php 147
ERROR - 2019-08-25 22:24:28 --> Query error: ERRO:  relação "usuario" não existe
LINE 1: INSERT INTO "usuario" ("primacesso", "grupo_acesso", "senha"...
                    ^ - Invalid query: INSERT INTO "usuario" ("primacesso", "grupo_acesso", "senha", "ativo") VALUES (NULL, '2', 'siemens123', TRUE)
ERROR - 2019-08-25 22:27:14 --> 404 Page Not Found: Assets/js
ERROR - 2019-08-25 22:27:14 --> 404 Page Not Found: Assets/js
ERROR - 2019-08-25 22:27:53 --> Severity: Notice --> Undefined variable: mensagem C:\wamp64\www\webpedidos\application\models\usuario\Usuario_model.php 149
ERROR - 2019-08-25 22:27:53 --> Query error: ERRO:  relação "usuario" não existe
LINE 1: INSERT INTO "usuario" ("primacesso", "grupo_acesso", "senha"...
                    ^ - Invalid query: INSERT INTO "usuario" ("primacesso", "grupo_acesso", "senha", "ativo") VALUES (NULL, '2', 'siemens123', TRUE)
ERROR - 2019-08-25 22:29:07 --> 404 Page Not Found: Assets/js
ERROR - 2019-08-25 22:29:07 --> 404 Page Not Found: Assets/js
ERROR - 2019-08-25 22:29:39 --> Severity: Notice --> Undefined variable: mensagem C:\wamp64\www\webpedidos\application\models\usuario\Usuario_model.php 149
ERROR - 2019-08-25 22:29:39 --> Query error: ERRO:  relação "usuario" não existe
LINE 1: INSERT INTO "usuario" ("primacesso", "grupo_acesso", "senha"...
                    ^ - Invalid query: INSERT INTO "usuario" ("primacesso", "grupo_acesso", "senha", "ativo") VALUES (NULL, '2', 'siemens123', TRUE)
ERROR - 2019-08-25 22:31:53 --> 404 Page Not Found: Assets/js
ERROR - 2019-08-25 22:31:53 --> 404 Page Not Found: Assets/js
ERROR - 2019-08-25 22:32:10 --> Severity: Notice --> Undefined variable: mensagem C:\wamp64\www\webpedidos\application\models\usuario\Usuario_model.php 149
ERROR - 2019-08-25 22:32:10 --> Query error: ERRO:  relação "usuario" não existe
LINE 1: INSERT INTO "usuario" ("primacesso", "grupo_acesso", "senha"...
                    ^ - Invalid query: INSERT INTO "usuario" ("primacesso", "grupo_acesso", "senha", "ativo") VALUES (NULL, '2', 'siemens123', TRUE)
