ERROR - 2018-09-04 00:25:36 --> Query error: ERRO:  OFFSET não deve ser negativo - Invalid query: SELECT "key_produtos" AS "codigo", "key_partnumber" AS "partnumber", "unidade", "descricao", "op_ca" AS "ca", "preco"
FROM fc_web_produtos_permitidos_ghe('29.884.476/0001-14', '')
WHERE "descricao" LIKE  '1%'
 LIMIT 10 OFFSET -10
ERROR - 2018-09-04 00:52:36 --> 404 Page Not Found: Assets/js
ERROR - 2018-09-04 00:52:36 --> 404 Page Not Found: Assets/js
ERROR - 2018-09-04 00:52:36 --> Query error: ERRO:  coluna tm.key_funcionarios não existe
LINE 3: JOIN "funcionarios" "f" ON "f"."matricula" = "tm"."key_funci...
                                                     ^ - Invalid query: SELECT "tm"."codigo", "f"."nome" AS "funcionario", "s"."nome" AS "setor", "s"."id_centro_custo" AS "cc", "tm"."codigo", "tm"."nome" AS "descricao", "tm"."obs", "tm"."data_cadastro"
FROM "templates" "tm"
JOIN "funcionarios" "f" ON "f"."matricula" = "tm"."key_funcionarios"
JOIN "setor" "s" ON ("s"."id_centro_custo" = "f"."key_setor" AND "s"."id_depto" = f.key_clientes)
WHERE "f"."matricula" = '33021887'
ORDER BY "tm"."codigo" DESC
ERROR - 2018-09-04 00:54:03 --> 404 Page Not Found: Assets/js
ERROR - 2018-09-04 00:54:03 --> 404 Page Not Found: Assets/js
ERROR - 2018-09-04 09:54:05 --> 404 Page Not Found: Assets/js
ERROR - 2018-09-04 09:54:05 --> 404 Page Not Found: Assets/js
ERROR - 2018-09-04 10:00:35 --> Query error: ERRO:  OFFSET não deve ser negativo - Invalid query: SELECT "key_produtos" AS "codigo", "key_partnumber" AS "partnumber", "unidade", "descricao", "op_ca" AS "ca", "preco"
FROM fc_web_produtos_permitidos_ghe('44.013.159/0008-92', '')
WHERE "descricao" LIKE  '1%'
 LIMIT 10 OFFSET -10
ERROR - 2018-09-04 10:02:37 --> 404 Page Not Found: Assets/js
ERROR - 2018-09-04 10:02:38 --> 404 Page Not Found: Assets/js
ERROR - 2018-09-04 10:06:23 --> Query error: ERRO:  OFFSET não deve ser negativo - Invalid query: SELECT "key_produtos" AS "codigo", "key_partnumber" AS "partnumber", "unidade", "descricao", "op_ca" AS "ca", "preco"
FROM fc_web_produtos_permitidos_ghe('30.127.872/0001-86', '')
WHERE "descricao" LIKE  '1%'
 LIMIT 10 OFFSET -10
ERROR - 2018-09-04 10:12:05 --> 404 Page Not Found: Assets/js
ERROR - 2018-09-04 10:12:05 --> 404 Page Not Found: Assets/js
ERROR - 2018-09-04 10:12:18 --> Query error: ERRO:  OFFSET não deve ser negativo - Invalid query: SELECT "key_produtos" AS "codigo", "key_partnumber" AS "partnumber", "unidade", "descricao", "op_ca" AS "ca", "preco"
FROM fc_web_produtos_permitidos_ghe('30.127.872/0001-86', '')
WHERE "descricao" LIKE  '1%'
 LIMIT 10 OFFSET -10
ERROR - 2018-09-04 10:16:36 --> 404 Page Not Found: Assets/js
ERROR - 2018-09-04 10:16:37 --> 404 Page Not Found: Assets/js
ERROR - 2018-09-04 11:15:32 --> 404 Page Not Found: Assets/js
ERROR - 2018-09-04 11:15:33 --> 404 Page Not Found: Assets/js
ERROR - 2018-09-04 11:26:50 --> 404 Page Not Found: Assets/js
ERROR - 2018-09-04 11:26:52 --> 404 Page Not Found: Assets/js
ERROR - 2018-09-04 11:28:09 --> Query error: ERRO:  OFFSET não deve ser negativo - Invalid query: SELECT "key_produtos" AS "codigo", "key_partnumber" AS "partnumber", "unidade", "descricao", "op_ca" AS "ca", "preco"
FROM fc_web_produtos_permitidos_ghe('04.324.226/0001-07', '')
WHERE "descricao" LIKE  '1%'
 LIMIT 10 OFFSET -10
ERROR - 2018-09-04 14:05:54 --> 404 Page Not Found: Assets/js
ERROR - 2018-09-04 14:05:55 --> 404 Page Not Found: Assets/js
ERROR - 2018-09-04 14:06:06 --> Query error: ERRO:  OFFSET não deve ser negativo - Invalid query: SELECT "key_produtos" AS "codigo", "key_partnumber" AS "partnumber", "unidade", "descricao", "op_ca" AS "ca", "preco"
FROM fc_web_produtos_permitidos_ghe('04.324.226/0001-07', '')
WHERE "descricao" LIKE  '1%'
 LIMIT 10 OFFSET -10
ERROR - 2018-09-04 14:08:22 --> 404 Page Not Found: Assets/js
ERROR - 2018-09-04 14:08:22 --> 404 Page Not Found: Assets/js
ERROR - 2018-09-04 14:08:31 --> Query error: ERRO:  OFFSET não deve ser negativo - Invalid query: SELECT "key_produtos" AS "codigo", "key_partnumber" AS "partnumber", "unidade", "descricao", "op_ca" AS "ca", "preco"
FROM fc_web_produtos_permitidos_ghe('04.324.226/0001-07', '')
WHERE "descricao" LIKE  '1%'
 LIMIT 10 OFFSET -10
ERROR - 2018-09-04 14:09:16 --> Query error: ERRO:  OFFSET não deve ser negativo - Invalid query: SELECT "key_produtos" AS "codigo", "key_partnumber" AS "partnumber", "unidade", "descricao", "op_ca" AS "ca", "preco"
FROM fc_web_produtos_permitidos_ghe('04.324.226/0001-07', '')
WHERE "descricao" LIKE  '1%'
 LIMIT 10 OFFSET -10
ERROR - 2018-09-04 14:09:41 --> 404 Page Not Found: Assets/js
ERROR - 2018-09-04 14:09:41 --> 404 Page Not Found: Assets/js
ERROR - 2018-09-04 14:12:55 --> Query error: ERRO:  OFFSET não deve ser negativo - Invalid query: SELECT "key_produtos" AS "codigo", "key_partnumber" AS "partnumber", "unidade", "descricao", "op_ca" AS "ca", "preco"
FROM fc_web_produtos_permitidos_ghe('04.324.226/0001-07', '')
WHERE "descricao" LIKE  '1%'
 LIMIT 10 OFFSET -10
ERROR - 2018-09-04 14:13:12 --> 404 Page Not Found: Assets/js
ERROR - 2018-09-04 14:13:12 --> 404 Page Not Found: Assets/js
ERROR - 2018-09-04 14:13:19 --> Query error: ERRO:  OFFSET não deve ser negativo - Invalid query: SELECT "key_produtos" AS "codigo", "key_partnumber" AS "partnumber", "unidade", "descricao", "op_ca" AS "ca", "preco"
FROM fc_web_produtos_permitidos_ghe('04.324.226/0001-07', '')
WHERE "descricao" LIKE  '1%'
 LIMIT 10 OFFSET -10
ERROR - 2018-09-04 14:15:34 --> 404 Page Not Found: Assets/js
ERROR - 2018-09-04 14:15:34 --> 404 Page Not Found: Assets/js
ERROR - 2018-09-04 14:15:49 --> Query error: ERRO:  OFFSET não deve ser negativo - Invalid query: SELECT "key_produtos" AS "codigo", "key_partnumber" AS "partnumber", "unidade", "descricao", "op_ca" AS "ca", "preco"
FROM fc_web_produtos_permitidos_ghe('04.324.226/0001-07', '')
WHERE "descricao" LIKE  '1%'
 LIMIT 10 OFFSET -10
ERROR - 2018-09-04 14:16:13 --> Query error: ERRO:  OFFSET não deve ser negativo - Invalid query: SELECT "key_produtos" AS "codigo", "key_partnumber" AS "partnumber", "unidade", "descricao", "op_ca" AS "ca", "preco"
FROM fc_web_produtos_permitidos_ghe('04.324.226/0001-07', '')
WHERE "descricao" LIKE  '1%'
 LIMIT 10 OFFSET -10
ERROR - 2018-09-04 14:50:09 --> 404 Page Not Found: Assets/js
ERROR - 2018-09-04 14:50:09 --> 404 Page Not Found: Assets/js
ERROR - 2018-09-04 14:50:57 --> Query error: ERRO:  OFFSET não deve ser negativo - Invalid query: SELECT "key_produtos" AS "codigo", "key_partnumber" AS "partnumber", "unidade", "descricao", "op_ca" AS "ca", "preco"
FROM fc_web_produtos_permitidos_ghe('04.324.226/0001-07', '')
WHERE "descricao" LIKE  '1%'
 LIMIT 10 OFFSET -10
ERROR - 2018-09-04 14:52:05 --> 404 Page Not Found: Assets/js
ERROR - 2018-09-04 14:52:05 --> 404 Page Not Found: Assets/js
ERROR - 2018-09-04 15:11:12 --> 404 Page Not Found: Assets/js
ERROR - 2018-09-04 15:11:12 --> 404 Page Not Found: Assets/js
ERROR - 2018-09-04 15:26:29 --> 404 Page Not Found: Assets/js
ERROR - 2018-09-04 15:26:29 --> 404 Page Not Found: Assets/js
ERROR - 2018-09-04 16:09:51 --> 404 Page Not Found: Assets/js
ERROR - 2018-09-04 16:09:51 --> 404 Page Not Found: Assets/js
ERROR - 2018-09-04 16:11:52 --> 404 Page Not Found: Assets/js
ERROR - 2018-09-04 16:11:53 --> 404 Page Not Found: Assets/js
ERROR - 2018-09-04 16:12:03 --> 404 Page Not Found: Assets/images
ERROR - 2018-09-04 16:12:03 --> 404 Page Not Found: Assets/images
ERROR - 2018-09-04 16:12:03 --> 404 Page Not Found: Assets/images
ERROR - 2018-09-04 16:12:03 --> 404 Page Not Found: Assets/images
ERROR - 2018-09-04 16:12:14 --> Severity: Notice --> Undefined offset: 0 C:\laragon\www\webpedidos\application\controllers\pedido\Requisicao.php 155
ERROR - 2018-09-04 16:12:15 --> Severity: Notice --> Trying to get property of non-object C:\laragon\www\webpedidos\application\controllers\pedido\Requisicao.php 155
